[2024-08-31T19:17:53.279+0700] {local_task_job_runner.py:120} INFO - ::group::Pre task execution logs
[2024-08-31T19:17:53.481+0700] {taskinstance.py:2076} INFO - Dependencies all met for dep_context=non-requeueable deps ti=<TaskInstance: scrap_to_dag.scrape_oto scheduled__2024-08-26T00:00:00+00:00 [queued]>
[2024-08-31T19:17:53.497+0700] {taskinstance.py:2076} INFO - Dependencies all met for dep_context=requeueable deps ti=<TaskInstance: scrap_to_dag.scrape_oto scheduled__2024-08-26T00:00:00+00:00 [queued]>
[2024-08-31T19:17:53.498+0700] {taskinstance.py:2306} INFO - Starting attempt 1 of 2
[2024-08-31T19:17:53.521+0700] {taskinstance.py:2330} INFO - Executing <Task(PythonOperator): scrape_oto> on 2024-08-26 00:00:00+00:00
[2024-08-31T19:17:53.528+0700] {standard_task_runner.py:64} INFO - Started process 8857 to run task
[2024-08-31T19:17:53.536+0700] {standard_task_runner.py:90} INFO - Running: ['***', 'tasks', 'run', 'scrap_to_dag', 'scrape_oto', 'scheduled__2024-08-26T00:00:00+00:00', '--job-id', '130', '--raw', '--subdir', 'DAGS_FOLDER/oto/scrap_oto.py', '--cfg-path', '/tmp/tmps8x57gqw']
[2024-08-31T19:17:53.541+0700] {standard_task_runner.py:91} INFO - Job 130: Subtask scrape_oto
[2024-08-31T19:17:53.632+0700] {task_command.py:426} INFO - Running <TaskInstance: scrap_to_dag.scrape_oto scheduled__2024-08-26T00:00:00+00:00 [running]> on host BrightHorizons.
[2024-08-31T19:17:53.817+0700] {taskinstance.py:2648} INFO - Exporting env vars: AIRFLOW_CTX_DAG_OWNER='***' AIRFLOW_CTX_DAG_ID='scrap_to_dag' AIRFLOW_CTX_TASK_ID='scrape_oto' AIRFLOW_CTX_EXECUTION_DATE='2024-08-26T00:00:00+00:00' AIRFLOW_CTX_TRY_NUMBER='1' AIRFLOW_CTX_DAG_RUN_ID='scheduled__2024-08-26T00:00:00+00:00'
[2024-08-31T19:17:53.818+0700] {taskinstance.py:430} INFO - ::endgroup::
[2024-08-31T19:17:54.380+0700] {logging_mixin.py:188} INFO - Fetching page 1 for price category: dibawah-60-juta
[2024-08-31T19:17:54.384+0700] {logging_mixin.py:188} INFO - Fetching page 2 for price category: dibawah-60-juta
[2024-08-31T19:17:54.393+0700] {logging_mixin.py:188} INFO - Fetching page 3 for price category: dibawah-60-juta
[2024-08-31T19:17:54.398+0700] {logging_mixin.py:188} INFO - Fetching page 4 for price category: dibawah-60-juta
[2024-08-31T19:17:54.416+0700] {logging_mixin.py:188} INFO - Fetching page 1 for price category: dibawah-30-juta
[2024-08-31T19:17:54.418+0700] {logging_mixin.py:188} INFO - Fetching page 2 for price category: dibawah-30-juta
[2024-08-31T19:17:54.423+0700] {logging_mixin.py:188} INFO - Fetching page 3 for price category: dibawah-30-juta
[2024-08-31T19:17:54.427+0700] {logging_mixin.py:188} INFO - Fetching page 4 for price category: dibawah-30-juta
[2024-08-31T19:17:54.445+0700] {logging_mixin.py:188} INFO - Fetching page 1 for price category: dibawah-50-juta
[2024-08-31T19:17:54.455+0700] {logging_mixin.py:188} INFO - Fetching page 2 for price category: dibawah-50-juta
[2024-08-31T19:17:54.461+0700] {logging_mixin.py:188} INFO - Fetching page 3 for price category: dibawah-50-juta
[2024-08-31T19:17:54.464+0700] {logging_mixin.py:188} INFO - Fetching page 4 for price category: dibawah-50-juta
[2024-08-31T19:17:55.026+0700] {logging_mixin.py:188} INFO - Fetching page 5 for price category: dibawah-30-juta
[2024-08-31T19:17:55.038+0700] {logging_mixin.py:188} INFO - Fetching page 5 for price category: dibawah-60-juta
[2024-08-31T19:17:55.039+0700] {logging_mixin.py:188} INFO - Fetching page 6 for price category: dibawah-60-juta
[2024-08-31T19:17:55.164+0700] {logging_mixin.py:188} INFO - Fetching page 5 for price category: dibawah-50-juta
[2024-08-31T19:17:55.196+0700] {logging_mixin.py:188} INFO - Fetching page 7 for price category: dibawah-60-juta
[2024-08-31T19:17:55.302+0700] {logging_mixin.py:188} INFO - Fetching page 6 for price category: dibawah-50-juta
[2024-08-31T19:17:55.416+0700] {logging_mixin.py:188} INFO - Fetching page 7 for price category: dibawah-50-juta
[2024-08-31T19:17:55.663+0700] {logging_mixin.py:188} INFO - Fetching page 8 for price category: dibawah-60-juta
[2024-08-31T19:17:55.693+0700] {logging_mixin.py:188} INFO - Data for price category dibawah-30-juta written to /home/miracle/mobil/scrape/output/oto/2024-08-31/oto_car_dibawah_30_juta_2024-08-31.csv
[2024-08-31T19:17:55.712+0700] {logging_mixin.py:188} INFO - Fetching page 9 for price category: dibawah-60-juta
[2024-08-31T19:17:55.755+0700] {logging_mixin.py:188} INFO - Fetching page 8 for price category: dibawah-50-juta
[2024-08-31T19:17:55.863+0700] {logging_mixin.py:188} INFO - Fetching page 9 for price category: dibawah-50-juta
[2024-08-31T19:17:55.868+0700] {logging_mixin.py:188} INFO - Fetching page 10 for price category: dibawah-60-juta
[2024-08-31T19:17:56.138+0700] {logging_mixin.py:188} INFO - Fetching page 10 for price category: dibawah-50-juta
[2024-08-31T19:17:56.242+0700] {logging_mixin.py:188} INFO - Fetching page 1 for price category: dibawah-70-juta
[2024-08-31T19:17:56.243+0700] {logging_mixin.py:188} INFO - Fetching page 2 for price category: dibawah-70-juta
[2024-08-31T19:17:56.244+0700] {logging_mixin.py:188} INFO - Fetching page 3 for price category: dibawah-70-juta
[2024-08-31T19:17:56.246+0700] {logging_mixin.py:188} INFO - Fetching page 4 for price category: dibawah-70-juta
[2024-08-31T19:17:56.320+0700] {logging_mixin.py:188} INFO - Fetching page 11 for price category: dibawah-50-juta
[2024-08-31T19:17:56.376+0700] {logging_mixin.py:188} INFO - Fetching page 12 for price category: dibawah-50-juta
[2024-08-31T19:17:56.568+0700] {logging_mixin.py:188} INFO - Fetching page 13 for price category: dibawah-50-juta
[2024-08-31T19:17:56.607+0700] {logging_mixin.py:188} INFO - Fetching page 11 for price category: dibawah-60-juta
[2024-08-31T19:17:56.627+0700] {logging_mixin.py:188} INFO - Fetching page 12 for price category: dibawah-60-juta
[2024-08-31T19:17:56.724+0700] {logging_mixin.py:188} INFO - Fetching page 5 for price category: dibawah-70-juta
[2024-08-31T19:17:56.819+0700] {logging_mixin.py:188} INFO - Fetching page 6 for price category: dibawah-70-juta
[2024-08-31T19:17:57.033+0700] {logging_mixin.py:188} INFO - Fetching page 14 for price category: dibawah-50-juta
[2024-08-31T19:17:57.034+0700] {logging_mixin.py:188} INFO - Fetching page 15 for price category: dibawah-50-juta
[2024-08-31T19:17:57.041+0700] {logging_mixin.py:188} INFO - Fetching page 7 for price category: dibawah-70-juta
[2024-08-31T19:17:57.043+0700] {logging_mixin.py:188} INFO - Fetching page 8 for price category: dibawah-70-juta
[2024-08-31T19:17:57.128+0700] {logging_mixin.py:188} INFO - Fetching page 16 for price category: dibawah-50-juta
[2024-08-31T19:17:57.208+0700] {logging_mixin.py:188} INFO - Fetching page 13 for price category: dibawah-60-juta
[2024-08-31T19:17:57.217+0700] {logging_mixin.py:188} INFO - Fetching page 14 for price category: dibawah-60-juta
[2024-08-31T19:17:57.327+0700] {logging_mixin.py:188} INFO - Fetching page 9 for price category: dibawah-70-juta
[2024-08-31T19:17:57.451+0700] {logging_mixin.py:188} INFO - Fetching page 17 for price category: dibawah-50-juta
[2024-08-31T19:17:57.496+0700] {logging_mixin.py:188} INFO - Fetching page 18 for price category: dibawah-50-juta
[2024-08-31T19:17:57.544+0700] {logging_mixin.py:188} INFO - Fetching page 15 for price category: dibawah-60-juta
[2024-08-31T19:17:57.759+0700] {logging_mixin.py:188} INFO - Fetching page 16 for price category: dibawah-60-juta
[2024-08-31T19:17:57.791+0700] {logging_mixin.py:188} INFO - Fetching page 19 for price category: dibawah-50-juta
[2024-08-31T19:17:57.831+0700] {logging_mixin.py:188} INFO - Fetching page 10 for price category: dibawah-70-juta
[2024-08-31T19:17:57.948+0700] {logging_mixin.py:188} INFO - Fetching page 12 for price category: dibawah-70-juta
[2024-08-31T19:17:57.949+0700] {logging_mixin.py:188} INFO - Fetching page 11 for price category: dibawah-70-juta
[2024-08-31T19:17:58.048+0700] {logging_mixin.py:188} INFO - Fetching page 20 for price category: dibawah-50-juta
[2024-08-31T19:17:58.070+0700] {logging_mixin.py:188} INFO - Fetching page 17 for price category: dibawah-60-juta
[2024-08-31T19:17:58.218+0700] {logging_mixin.py:188} INFO - Fetching page 21 for price category: dibawah-50-juta
[2024-08-31T19:17:58.362+0700] {logging_mixin.py:188} INFO - Fetching page 18 for price category: dibawah-60-juta
[2024-08-31T19:17:58.413+0700] {logging_mixin.py:188} INFO - Fetching page 13 for price category: dibawah-70-juta
[2024-08-31T19:17:58.516+0700] {logging_mixin.py:188} INFO - Fetching page 14 for price category: dibawah-70-juta
[2024-08-31T19:17:58.555+0700] {logging_mixin.py:188} INFO - Fetching page 15 for price category: dibawah-70-juta
[2024-08-31T19:17:58.560+0700] {logging_mixin.py:188} INFO - Fetching page 22 for price category: dibawah-50-juta
[2024-08-31T19:17:58.630+0700] {logging_mixin.py:188} INFO - Fetching page 23 for price category: dibawah-50-juta
[2024-08-31T19:17:58.822+0700] {logging_mixin.py:188} INFO - Fetching page 24 for price category: dibawah-50-juta
[2024-08-31T19:17:58.881+0700] {logging_mixin.py:188} INFO - Fetching page 16 for price category: dibawah-70-juta
[2024-08-31T19:17:58.915+0700] {logging_mixin.py:188} INFO - Fetching page 25 for price category: dibawah-50-juta
[2024-08-31T19:17:58.955+0700] {logging_mixin.py:188} INFO - Fetching page 17 for price category: dibawah-70-juta
[2024-08-31T19:17:59.020+0700] {logging_mixin.py:188} INFO - Fetching page 18 for price category: dibawah-70-juta
[2024-08-31T19:17:59.064+0700] {logging_mixin.py:188} INFO - Fetching page 26 for price category: dibawah-50-juta
[2024-08-31T19:17:59.496+0700] {logging_mixin.py:188} INFO - Fetching page 19 for price category: dibawah-70-juta
[2024-08-31T19:17:59.543+0700] {logging_mixin.py:188} INFO - Fetching page 27 for price category: dibawah-50-juta
[2024-08-31T19:17:59.586+0700] {logging_mixin.py:188} INFO - Fetching page 28 for price category: dibawah-50-juta
[2024-08-31T19:17:59.731+0700] {logging_mixin.py:188} INFO - Fetching page 20 for price category: dibawah-70-juta
[2024-08-31T19:17:59.908+0700] {logging_mixin.py:188} INFO - Fetching page 29 for price category: dibawah-50-juta
[2024-08-31T19:18:00.001+0700] {logging_mixin.py:188} INFO - Fetching page 30 for price category: dibawah-50-juta
[2024-08-31T19:18:00.072+0700] {logging_mixin.py:188} INFO - Fetching page 21 for price category: dibawah-70-juta
[2024-08-31T19:18:00.265+0700] {logging_mixin.py:188} INFO - Fetching page 31 for price category: dibawah-50-juta
[2024-08-31T19:18:00.373+0700] {logging_mixin.py:188} INFO - Fetching page 32 for price category: dibawah-50-juta
[2024-08-31T19:18:00.422+0700] {logging_mixin.py:188} INFO - Fetching page 22 for price category: dibawah-70-juta
[2024-08-31T19:18:00.594+0700] {logging_mixin.py:188} INFO - Fetching page 33 for price category: dibawah-50-juta
[2024-08-31T19:18:00.748+0700] {logging_mixin.py:188} INFO - Fetching page 34 for price category: dibawah-50-juta
[2024-08-31T19:18:00.797+0700] {logging_mixin.py:188} INFO - Fetching page 23 for price category: dibawah-70-juta
[2024-08-31T19:18:00.880+0700] {logging_mixin.py:188} INFO - Fetching page 35 for price category: dibawah-50-juta
[2024-08-31T19:18:01.099+0700] {logging_mixin.py:188} INFO - Fetching page 36 for price category: dibawah-50-juta
[2024-08-31T19:18:01.201+0700] {logging_mixin.py:188} INFO - Fetching page 37 for price category: dibawah-50-juta
[2024-08-31T19:18:01.534+0700] {logging_mixin.py:188} INFO - Fetching page 38 for price category: dibawah-50-juta
[2024-08-31T19:18:01.618+0700] {logging_mixin.py:188} INFO - Fetching page 39 for price category: dibawah-50-juta
[2024-08-31T19:18:01.775+0700] {logging_mixin.py:188} INFO - Fetching page 24 for price category: dibawah-70-juta
[2024-08-31T19:18:02.008+0700] {logging_mixin.py:188} INFO - Fetching page 25 for price category: dibawah-70-juta
[2024-08-31T19:18:02.046+0700] {logging_mixin.py:188} INFO - Fetching page 40 for price category: dibawah-50-juta
[2024-08-31T19:18:02.091+0700] {logging_mixin.py:188} INFO - Fetching page 41 for price category: dibawah-50-juta
[2024-08-31T19:18:02.288+0700] {logging_mixin.py:188} INFO - Fetching page 26 for price category: dibawah-70-juta
[2024-08-31T19:18:02.438+0700] {logging_mixin.py:188} INFO - Fetching page 42 for price category: dibawah-50-juta
[2024-08-31T19:18:02.587+0700] {logging_mixin.py:188} INFO - Fetching page 43 for price category: dibawah-50-juta
[2024-08-31T19:18:02.627+0700] {logging_mixin.py:188} INFO - Fetching page 27 for price category: dibawah-70-juta
[2024-08-31T19:18:02.671+0700] {logging_mixin.py:188} INFO - Fetching page 19 for price category: dibawah-60-juta
[2024-08-31T19:18:02.871+0700] {logging_mixin.py:188} INFO - Fetching page 28 for price category: dibawah-70-juta
[2024-08-31T19:18:02.929+0700] {logging_mixin.py:188} INFO - Fetching page 20 for price category: dibawah-60-juta
[2024-08-31T19:18:03.008+0700] {logging_mixin.py:188} INFO - Fetching page 44 for price category: dibawah-50-juta
[2024-08-31T19:18:03.011+0700] {logging_mixin.py:188} INFO - Fetching page 45 for price category: dibawah-50-juta
[2024-08-31T19:18:03.174+0700] {logging_mixin.py:188} INFO - Fetching page 29 for price category: dibawah-70-juta
[2024-08-31T19:18:03.208+0700] {logging_mixin.py:188} INFO - Fetching page 21 for price category: dibawah-60-juta
[2024-08-31T19:18:03.336+0700] {logging_mixin.py:188} INFO - Fetching page 46 for price category: dibawah-50-juta
[2024-08-31T19:18:03.406+0700] {logging_mixin.py:188} INFO - Fetching page 30 for price category: dibawah-70-juta
[2024-08-31T19:18:03.453+0700] {logging_mixin.py:188} INFO - Fetching page 22 for price category: dibawah-60-juta
[2024-08-31T19:18:03.669+0700] {logging_mixin.py:188} INFO - Fetching page 47 for price category: dibawah-50-juta
[2024-08-31T19:18:03.706+0700] {logging_mixin.py:188} INFO - Fetching page 31 for price category: dibawah-70-juta
[2024-08-31T19:18:03.788+0700] {logging_mixin.py:188} INFO - Attempt 1 failed with error: 502 Server Error: Bad Gateway for url: https://www.oto.com/used/get-inventory?filter=dibawah-60-juta&order=score&orderBy=desc&business_unit=mobil&lang_code=id&langCode=id&country_code=id&countryCode=id&isServer=0&range=%7B%7D&page=2
[2024-08-31T19:18:03.788+0700] {logging_mixin.py:188} INFO - Retrying in 0.3 seconds...
[2024-08-31T19:18:03.824+0700] {logging_mixin.py:188} INFO - Fetching page 23 for price category: dibawah-60-juta
[2024-08-31T19:18:04.087+0700] {logging_mixin.py:188} INFO - Fetching page 32 for price category: dibawah-70-juta
[2024-08-31T19:18:04.135+0700] {logging_mixin.py:188} INFO - Fetching page 24 for price category: dibawah-60-juta
[2024-08-31T19:18:04.194+0700] {logging_mixin.py:188} INFO - Fetching page 48 for price category: dibawah-50-juta
[2024-08-31T19:18:04.315+0700] {logging_mixin.py:188} INFO - Fetching page 33 for price category: dibawah-70-juta
[2024-08-31T19:18:04.429+0700] {logging_mixin.py:188} INFO - Fetching page 25 for price category: dibawah-60-juta
[2024-08-31T19:18:04.604+0700] {logging_mixin.py:188} INFO - Fetching page 34 for price category: dibawah-70-juta
[2024-08-31T19:18:04.620+0700] {logging_mixin.py:188} INFO - Fetching page 26 for price category: dibawah-60-juta
[2024-08-31T19:18:04.655+0700] {logging_mixin.py:188} INFO - Fetching page 49 for price category: dibawah-50-juta
[2024-08-31T19:18:05.084+0700] {logging_mixin.py:188} INFO - Fetching page 27 for price category: dibawah-60-juta
[2024-08-31T19:18:05.102+0700] {logging_mixin.py:188} INFO - Fetching page 28 for price category: dibawah-60-juta
[2024-08-31T19:18:05.103+0700] {logging_mixin.py:188} INFO - Fetching page 35 for price category: dibawah-70-juta
[2024-08-31T19:18:05.350+0700] {logging_mixin.py:188} INFO - Fetching page 29 for price category: dibawah-60-juta
[2024-08-31T19:18:05.388+0700] {logging_mixin.py:188} INFO - Fetching page 30 for price category: dibawah-60-juta
[2024-08-31T19:18:05.425+0700] {logging_mixin.py:188} INFO - Fetching page 36 for price category: dibawah-70-juta
[2024-08-31T19:18:05.604+0700] {logging_mixin.py:188} INFO - Fetching page 31 for price category: dibawah-60-juta
[2024-08-31T19:18:05.648+0700] {logging_mixin.py:188} INFO - Fetching page 32 for price category: dibawah-60-juta
[2024-08-31T19:18:05.777+0700] {logging_mixin.py:188} INFO - Fetching page 37 for price category: dibawah-70-juta
[2024-08-31T19:18:05.868+0700] {logging_mixin.py:188} INFO - Fetching page 33 for price category: dibawah-60-juta
[2024-08-31T19:18:05.900+0700] {logging_mixin.py:188} INFO - Fetching page 34 for price category: dibawah-60-juta
[2024-08-31T19:18:06.066+0700] {logging_mixin.py:188} INFO - Fetching page 38 for price category: dibawah-70-juta
[2024-08-31T19:18:06.157+0700] {logging_mixin.py:188} INFO - Fetching page 35 for price category: dibawah-60-juta
[2024-08-31T19:18:06.170+0700] {logging_mixin.py:188} INFO - Fetching page 36 for price category: dibawah-60-juta
[2024-08-31T19:18:06.366+0700] {logging_mixin.py:188} INFO - Fetching page 39 for price category: dibawah-70-juta
[2024-08-31T19:18:06.404+0700] {logging_mixin.py:188} INFO - Fetching page 37 for price category: dibawah-60-juta
[2024-08-31T19:18:06.442+0700] {logging_mixin.py:188} INFO - Fetching page 38 for price category: dibawah-60-juta
[2024-08-31T19:18:06.712+0700] {logging_mixin.py:188} INFO - Fetching page 40 for price category: dibawah-70-juta
[2024-08-31T19:18:06.747+0700] {logging_mixin.py:188} INFO - Fetching page 39 for price category: dibawah-60-juta
[2024-08-31T19:18:06.978+0700] {logging_mixin.py:188} INFO - Fetching page 41 for price category: dibawah-70-juta
[2024-08-31T19:18:07.219+0700] {logging_mixin.py:188} INFO - Fetching page 42 for price category: dibawah-70-juta
[2024-08-31T19:18:07.489+0700] {logging_mixin.py:188} INFO - Fetching page 43 for price category: dibawah-70-juta
[2024-08-31T19:18:07.816+0700] {logging_mixin.py:188} INFO - Fetching page 40 for price category: dibawah-60-juta
[2024-08-31T19:18:08.123+0700] {logging_mixin.py:188} INFO - Fetching page 41 for price category: dibawah-60-juta
[2024-08-31T19:18:08.393+0700] {logging_mixin.py:188} INFO - Fetching page 42 for price category: dibawah-60-juta
[2024-08-31T19:18:08.653+0700] {logging_mixin.py:188} INFO - Fetching page 43 for price category: dibawah-60-juta
[2024-08-31T19:18:08.879+0700] {logging_mixin.py:188} INFO - Fetching page 44 for price category: dibawah-60-juta
[2024-08-31T19:18:09.233+0700] {logging_mixin.py:188} INFO - Fetching page 45 for price category: dibawah-60-juta
[2024-08-31T19:18:23.844+0700] {logging_mixin.py:188} INFO - Fetching page 1 for price category: dibawah-40-juta
[2024-08-31T19:18:23.845+0700] {logging_mixin.py:188} INFO - Fetching page 2 for price category: dibawah-40-juta
[2024-08-31T19:18:23.848+0700] {logging_mixin.py:188} INFO - Fetching page 3 for price category: dibawah-40-juta
[2024-08-31T19:18:23.849+0700] {logging_mixin.py:188} INFO - Fetching page 4 for price category: dibawah-40-juta
[2024-08-31T19:18:24.091+0700] {logging_mixin.py:188} INFO - Fetching page 5 for price category: dibawah-40-juta
[2024-08-31T19:18:24.168+0700] {logging_mixin.py:188} INFO - Fetching page 6 for price category: dibawah-40-juta
[2024-08-31T19:18:24.169+0700] {logging_mixin.py:188} INFO - Fetching page 7 for price category: dibawah-40-juta
[2024-08-31T19:18:24.343+0700] {logging_mixin.py:188} INFO - Fetching page 8 for price category: dibawah-40-juta
[2024-08-31T19:18:24.424+0700] {logging_mixin.py:188} INFO - Fetching page 9 for price category: dibawah-40-juta
[2024-08-31T19:18:24.638+0700] {logging_mixin.py:188} INFO - Fetching page 10 for price category: dibawah-40-juta
[2024-08-31T19:18:24.870+0700] {logging_mixin.py:188} INFO - Fetching page 11 for price category: dibawah-40-juta
[2024-08-31T19:18:25.121+0700] {logging_mixin.py:188} INFO - Fetching page 12 for price category: dibawah-40-juta
[2024-08-31T19:18:25.351+0700] {logging_mixin.py:188} INFO - Fetching page 13 for price category: dibawah-40-juta
[2024-08-31T19:18:25.588+0700] {logging_mixin.py:188} INFO - Fetching page 14 for price category: dibawah-40-juta
[2024-08-31T19:18:25.806+0700] {logging_mixin.py:188} INFO - Fetching page 15 for price category: dibawah-40-juta
[2024-08-31T19:18:26.116+0700] {logging_mixin.py:188} INFO - Fetching page 16 for price category: dibawah-40-juta
[2024-08-31T19:18:26.339+0700] {logging_mixin.py:188} INFO - Fetching page 17 for price category: dibawah-40-juta
[2024-08-31T19:18:32.541+0700] {logging_mixin.py:188} INFO - Fetching page 46 for price category: dibawah-60-juta
[2024-08-31T19:18:33.031+0700] {logging_mixin.py:188} INFO - Fetching page 47 for price category: dibawah-60-juta
[2024-08-31T19:18:33.351+0700] {logging_mixin.py:188} INFO - Fetching page 48 for price category: dibawah-60-juta
[2024-08-31T19:18:33.602+0700] {logging_mixin.py:188} INFO - Fetching page 49 for price category: dibawah-60-juta
[2024-08-31T19:18:33.819+0700] {logging_mixin.py:188} INFO - Fetching page 50 for price category: dibawah-60-juta
[2024-08-31T19:18:34.024+0700] {logging_mixin.py:188} INFO - Fetching page 51 for price category: dibawah-60-juta
[2024-08-31T19:18:38.733+0700] {logging_mixin.py:188} INFO - Fetching page 52 for price category: dibawah-60-juta
[2024-08-31T19:18:38.971+0700] {logging_mixin.py:188} INFO - Fetching page 53 for price category: dibawah-60-juta
[2024-08-31T19:18:39.203+0700] {logging_mixin.py:188} INFO - Fetching page 54 for price category: dibawah-60-juta
[2024-08-31T19:18:39.435+0700] {logging_mixin.py:188} INFO - Fetching page 55 for price category: dibawah-60-juta
[2024-08-31T19:18:39.671+0700] {logging_mixin.py:188} INFO - Fetching page 56 for price category: dibawah-60-juta
[2024-08-31T19:18:46.047+0700] {logging_mixin.py:188} INFO - Fetching page 44 for price category: dibawah-70-juta
[2024-08-31T19:18:46.253+0700] {logging_mixin.py:188} INFO - Fetching page 45 for price category: dibawah-70-juta
[2024-08-31T19:18:46.503+0700] {logging_mixin.py:188} INFO - Fetching page 46 for price category: dibawah-70-juta
[2024-08-31T19:18:46.704+0700] {logging_mixin.py:188} INFO - Fetching page 47 for price category: dibawah-70-juta
[2024-08-31T19:18:46.935+0700] {logging_mixin.py:188} INFO - Fetching page 48 for price category: dibawah-70-juta
[2024-08-31T19:18:53.554+0700] {logging_mixin.py:188} INFO - Fetching page 57 for price category: dibawah-60-juta
[2024-08-31T19:18:53.839+0700] {logging_mixin.py:188} INFO - Fetching page 58 for price category: dibawah-60-juta
[2024-08-31T19:18:54.329+0700] {logging_mixin.py:188} INFO - Fetching page 59 for price category: dibawah-60-juta
[2024-08-31T19:18:55.002+0700] {logging_mixin.py:188} INFO - Fetching page 60 for price category: dibawah-60-juta
[2024-08-31T19:18:55.691+0700] {logging_mixin.py:188} INFO - Fetching page 61 for price category: dibawah-60-juta
[2024-08-31T19:18:56.111+0700] {logging_mixin.py:188} INFO - Fetching page 62 for price category: dibawah-60-juta
[2024-08-31T19:18:56.347+0700] {logging_mixin.py:188} INFO - Fetching page 63 for price category: dibawah-60-juta
[2024-08-31T19:18:56.694+0700] {logging_mixin.py:188} INFO - Fetching page 64 for price category: dibawah-60-juta
[2024-08-31T19:18:57.326+0700] {logging_mixin.py:188} INFO - Fetching page 65 for price category: dibawah-60-juta
[2024-08-31T19:18:57.618+0700] {logging_mixin.py:188} INFO - Fetching page 66 for price category: dibawah-60-juta
[2024-08-31T19:18:57.938+0700] {logging_mixin.py:188} INFO - Fetching page 67 for price category: dibawah-60-juta
[2024-08-31T19:18:58.287+0700] {logging_mixin.py:188} INFO - Fetching page 68 for price category: dibawah-60-juta
[2024-08-31T19:18:58.863+0700] {logging_mixin.py:188} INFO - Fetching page 69 for price category: dibawah-60-juta
[2024-08-31T19:18:59.514+0700] {logging_mixin.py:188} INFO - Fetching page 70 for price category: dibawah-60-juta
[2024-08-31T19:18:59.950+0700] {logging_mixin.py:188} INFO - Fetching page 71 for price category: dibawah-60-juta
[2024-08-31T19:19:00.262+0700] {logging_mixin.py:188} INFO - Fetching page 72 for price category: dibawah-60-juta
[2024-08-31T19:19:00.364+0700] {logging_mixin.py:188} INFO - Fetching page 73 for price category: dibawah-60-juta
[2024-08-31T19:19:00.750+0700] {logging_mixin.py:188} INFO - Fetching page 74 for price category: dibawah-60-juta
[2024-08-31T19:19:00.863+0700] {logging_mixin.py:188} INFO - Fetching page 75 for price category: dibawah-60-juta
[2024-08-31T19:19:01.115+0700] {logging_mixin.py:188} INFO - Fetching page 76 for price category: dibawah-60-juta
[2024-08-31T19:19:01.260+0700] {logging_mixin.py:188} INFO - Fetching page 77 for price category: dibawah-60-juta
[2024-08-31T19:19:01.361+0700] {logging_mixin.py:188} INFO - Fetching page 78 for price category: dibawah-60-juta
[2024-08-31T19:19:01.786+0700] {logging_mixin.py:188} INFO - Fetching page 79 for price category: dibawah-60-juta
[2024-08-31T19:19:01.955+0700] {logging_mixin.py:188} INFO - Fetching page 80 for price category: dibawah-60-juta
[2024-08-31T19:19:02.171+0700] {logging_mixin.py:188} INFO - Data for price category dibawah-50-juta written to /home/miracle/mobil/scrape/output/oto/2024-08-31/oto_car_dibawah_50_juta_2024-08-31.csv
[2024-08-31T19:19:02.521+0700] {logging_mixin.py:188} INFO - Fetching page 81 for price category: dibawah-60-juta
[2024-08-31T19:19:02.560+0700] {logging_mixin.py:188} INFO - Fetching page 82 for price category: dibawah-60-juta
[2024-08-31T19:19:02.636+0700] {logging_mixin.py:188} INFO - Fetching page 1 for price category: dibawah-80-juta
[2024-08-31T19:19:02.637+0700] {logging_mixin.py:188} INFO - Fetching page 2 for price category: dibawah-80-juta
[2024-08-31T19:19:02.638+0700] {logging_mixin.py:188} INFO - Fetching page 3 for price category: dibawah-80-juta
[2024-08-31T19:19:02.639+0700] {logging_mixin.py:188} INFO - Fetching page 4 for price category: dibawah-80-juta
[2024-08-31T19:19:02.985+0700] {logging_mixin.py:188} INFO - Fetching page 83 for price category: dibawah-60-juta
[2024-08-31T19:19:03.187+0700] {logging_mixin.py:188} INFO - Fetching page 84 for price category: dibawah-60-juta
[2024-08-31T19:19:03.234+0700] {logging_mixin.py:188} INFO - Fetching page 5 for price category: dibawah-80-juta
[2024-08-31T19:19:03.374+0700] {logging_mixin.py:188} INFO - Fetching page 6 for price category: dibawah-80-juta
[2024-08-31T19:19:03.428+0700] {logging_mixin.py:188} INFO - Fetching page 7 for price category: dibawah-80-juta
[2024-08-31T19:19:03.468+0700] {logging_mixin.py:188} INFO - Fetching page 8 for price category: dibawah-80-juta
[2024-08-31T19:19:03.618+0700] {logging_mixin.py:188} INFO - Fetching page 85 for price category: dibawah-60-juta
[2024-08-31T19:19:03.715+0700] {logging_mixin.py:188} INFO - Fetching page 9 for price category: dibawah-80-juta
[2024-08-31T19:19:03.925+0700] {logging_mixin.py:188} INFO - Fetching page 10 for price category: dibawah-80-juta
[2024-08-31T19:19:03.966+0700] {logging_mixin.py:188} INFO - Fetching page 11 for price category: dibawah-80-juta
[2024-08-31T19:19:04.001+0700] {logging_mixin.py:188} INFO - Fetching page 12 for price category: dibawah-80-juta
[2024-08-31T19:19:04.051+0700] {logging_mixin.py:188} INFO - Fetching page 13 for price category: dibawah-80-juta
[2024-08-31T19:19:04.097+0700] {logging_mixin.py:188} INFO - Fetching page 86 for price category: dibawah-60-juta
[2024-08-31T19:19:04.379+0700] {logging_mixin.py:188} INFO - Fetching page 14 for price category: dibawah-80-juta
[2024-08-31T19:19:04.485+0700] {logging_mixin.py:188} INFO - Fetching page 15 for price category: dibawah-80-juta
[2024-08-31T19:19:04.533+0700] {logging_mixin.py:188} INFO - Fetching page 16 for price category: dibawah-80-juta
[2024-08-31T19:19:04.586+0700] {logging_mixin.py:188} INFO - Fetching page 17 for price category: dibawah-80-juta
[2024-08-31T19:19:04.638+0700] {logging_mixin.py:188} INFO - Fetching page 87 for price category: dibawah-60-juta
[2024-08-31T19:19:04.693+0700] {logging_mixin.py:188} INFO - Fetching page 18 for price category: dibawah-80-juta
[2024-08-31T19:19:04.944+0700] {logging_mixin.py:188} INFO - Fetching page 19 for price category: dibawah-80-juta
[2024-08-31T19:19:04.945+0700] {logging_mixin.py:188} INFO - Fetching page 20 for price category: dibawah-80-juta
[2024-08-31T19:19:04.985+0700] {logging_mixin.py:188} INFO - Fetching page 21 for price category: dibawah-80-juta
[2024-08-31T19:19:05.201+0700] {logging_mixin.py:188} INFO - Fetching page 22 for price category: dibawah-80-juta
[2024-08-31T19:19:05.234+0700] {logging_mixin.py:188} INFO - Fetching page 88 for price category: dibawah-60-juta
[2024-08-31T19:19:05.394+0700] {logging_mixin.py:188} INFO - Fetching page 23 for price category: dibawah-80-juta
[2024-08-31T19:19:05.506+0700] {logging_mixin.py:188} INFO - Fetching page 24 for price category: dibawah-80-juta
[2024-08-31T19:19:05.531+0700] {logging_mixin.py:188} INFO - Fetching page 25 for price category: dibawah-80-juta
[2024-08-31T19:19:05.578+0700] {logging_mixin.py:188} INFO - Fetching page 26 for price category: dibawah-80-juta
[2024-08-31T19:19:05.736+0700] {logging_mixin.py:188} INFO - Fetching page 27 for price category: dibawah-80-juta
[2024-08-31T19:19:05.799+0700] {logging_mixin.py:188} INFO - Fetching page 89 for price category: dibawah-60-juta
[2024-08-31T19:19:06.056+0700] {logging_mixin.py:188} INFO - Fetching page 28 for price category: dibawah-80-juta
[2024-08-31T19:19:06.086+0700] {logging_mixin.py:188} INFO - Fetching page 49 for price category: dibawah-70-juta
[2024-08-31T19:19:06.121+0700] {logging_mixin.py:188} INFO - Fetching page 29 for price category: dibawah-80-juta
[2024-08-31T19:19:06.214+0700] {logging_mixin.py:188} INFO - Fetching page 30 for price category: dibawah-80-juta
[2024-08-31T19:19:06.486+0700] {logging_mixin.py:188} INFO - Fetching page 31 for price category: dibawah-80-juta
[2024-08-31T19:19:06.570+0700] {logging_mixin.py:188} INFO - Fetching page 32 for price category: dibawah-80-juta
[2024-08-31T19:19:06.575+0700] {logging_mixin.py:188} INFO - Fetching page 50 for price category: dibawah-70-juta
[2024-08-31T19:19:06.703+0700] {logging_mixin.py:188} INFO - Fetching page 33 for price category: dibawah-80-juta
[2024-08-31T19:19:06.739+0700] {logging_mixin.py:188} INFO - Fetching page 90 for price category: dibawah-60-juta
[2024-08-31T19:19:06.891+0700] {logging_mixin.py:188} INFO - Fetching page 34 for price category: dibawah-80-juta
[2024-08-31T19:19:06.988+0700] {logging_mixin.py:188} INFO - Fetching page 35 for price category: dibawah-80-juta
[2024-08-31T19:19:07.023+0700] {logging_mixin.py:188} INFO - Fetching page 51 for price category: dibawah-70-juta
[2024-08-31T19:19:07.228+0700] {logging_mixin.py:188} INFO - Fetching page 36 for price category: dibawah-80-juta
[2024-08-31T19:19:07.271+0700] {logging_mixin.py:188} INFO - Fetching page 37 for price category: dibawah-80-juta
[2024-08-31T19:19:07.412+0700] {logging_mixin.py:188} INFO - Fetching page 38 for price category: dibawah-80-juta
[2024-08-31T19:19:07.477+0700] {logging_mixin.py:188} INFO - Fetching page 52 for price category: dibawah-70-juta
[2024-08-31T19:19:07.499+0700] {logging_mixin.py:188} INFO - Fetching page 91 for price category: dibawah-60-juta
[2024-08-31T19:19:07.701+0700] {logging_mixin.py:188} INFO - Fetching page 39 for price category: dibawah-80-juta
[2024-08-31T19:19:08.049+0700] {logging_mixin.py:188} INFO - Fetching page 40 for price category: dibawah-80-juta
[2024-08-31T19:19:08.123+0700] {logging_mixin.py:188} INFO - Fetching page 41 for price category: dibawah-80-juta
[2024-08-31T19:19:08.288+0700] {logging_mixin.py:188} INFO - Fetching page 42 for price category: dibawah-80-juta
[2024-08-31T19:19:08.297+0700] {logging_mixin.py:188} INFO - Fetching page 53 for price category: dibawah-70-juta
[2024-08-31T19:19:08.366+0700] {logging_mixin.py:188} INFO - Fetching page 92 for price category: dibawah-60-juta
[2024-08-31T19:19:08.598+0700] {logging_mixin.py:188} INFO - Fetching page 43 for price category: dibawah-80-juta
[2024-08-31T19:19:08.675+0700] {logging_mixin.py:188} INFO - Fetching page 44 for price category: dibawah-80-juta
[2024-08-31T19:19:08.685+0700] {logging_mixin.py:188} INFO - Fetching page 54 for price category: dibawah-70-juta
[2024-08-31T19:19:08.769+0700] {logging_mixin.py:188} INFO - Fetching page 45 for price category: dibawah-80-juta
[2024-08-31T19:19:09.019+0700] {logging_mixin.py:188} INFO - Fetching page 46 for price category: dibawah-80-juta
[2024-08-31T19:19:09.055+0700] {logging_mixin.py:188} INFO - Fetching page 47 for price category: dibawah-80-juta
[2024-08-31T19:19:09.134+0700] {logging_mixin.py:188} INFO - Fetching page 48 for price category: dibawah-80-juta
[2024-08-31T19:19:09.351+0700] {logging_mixin.py:188} INFO - Fetching page 49 for price category: dibawah-80-juta
[2024-08-31T19:19:09.515+0700] {logging_mixin.py:188} INFO - Fetching page 50 for price category: dibawah-80-juta
[2024-08-31T19:19:09.568+0700] {logging_mixin.py:188} INFO - Fetching page 51 for price category: dibawah-80-juta
[2024-08-31T19:19:09.601+0700] {logging_mixin.py:188} INFO - Fetching page 52 for price category: dibawah-80-juta
[2024-08-31T19:19:09.842+0700] {logging_mixin.py:188} INFO - Fetching page 53 for price category: dibawah-80-juta
[2024-08-31T19:19:09.875+0700] {logging_mixin.py:188} INFO - Fetching page 54 for price category: dibawah-80-juta
[2024-08-31T19:19:09.943+0700] {logging_mixin.py:188} INFO - Fetching page 55 for price category: dibawah-80-juta
[2024-08-31T19:19:10.148+0700] {logging_mixin.py:188} INFO - Fetching page 56 for price category: dibawah-80-juta
[2024-08-31T19:19:10.216+0700] {logging_mixin.py:188} INFO - Fetching page 57 for price category: dibawah-80-juta
[2024-08-31T19:19:10.260+0700] {logging_mixin.py:188} INFO - Fetching page 58 for price category: dibawah-80-juta
[2024-08-31T19:19:10.575+0700] {logging_mixin.py:188} INFO - Fetching page 59 for price category: dibawah-80-juta
[2024-08-31T19:19:10.625+0700] {logging_mixin.py:188} INFO - Fetching page 60 for price category: dibawah-80-juta
[2024-08-31T19:19:10.908+0700] {logging_mixin.py:188} INFO - Fetching page 61 for price category: dibawah-80-juta
[2024-08-31T19:19:10.985+0700] {logging_mixin.py:188} INFO - Fetching page 62 for price category: dibawah-80-juta
[2024-08-31T19:19:11.243+0700] {logging_mixin.py:188} INFO - Fetching page 63 for price category: dibawah-80-juta
[2024-08-31T19:19:11.330+0700] {logging_mixin.py:188} INFO - Fetching page 64 for price category: dibawah-80-juta
[2024-08-31T19:19:11.650+0700] {logging_mixin.py:188} INFO - Fetching page 65 for price category: dibawah-80-juta
[2024-08-31T19:19:12.046+0700] {logging_mixin.py:188} INFO - Fetching page 66 for price category: dibawah-80-juta
[2024-08-31T19:19:12.332+0700] {logging_mixin.py:188} INFO - Fetching page 67 for price category: dibawah-80-juta
[2024-08-31T19:19:12.643+0700] {logging_mixin.py:188} INFO - Fetching page 68 for price category: dibawah-80-juta
[2024-08-31T19:19:12.959+0700] {logging_mixin.py:188} INFO - Fetching page 69 for price category: dibawah-80-juta
[2024-08-31T19:19:13.441+0700] {logging_mixin.py:188} INFO - Fetching page 55 for price category: dibawah-70-juta
[2024-08-31T19:19:13.650+0700] {logging_mixin.py:188} INFO - Fetching page 56 for price category: dibawah-70-juta
[2024-08-31T19:19:13.874+0700] {logging_mixin.py:188} INFO - Fetching page 57 for price category: dibawah-70-juta
[2024-08-31T19:19:14.192+0700] {logging_mixin.py:188} INFO - Fetching page 70 for price category: dibawah-80-juta
[2024-08-31T19:19:15.671+0700] {logging_mixin.py:188} INFO - Fetching page 71 for price category: dibawah-80-juta
[2024-08-31T19:19:15.740+0700] {logging_mixin.py:188} INFO - Fetching page 58 for price category: dibawah-70-juta
[2024-08-31T19:19:15.976+0700] {logging_mixin.py:188} INFO - Fetching page 59 for price category: dibawah-70-juta
[2024-08-31T19:19:16.032+0700] {logging_mixin.py:188} INFO - Fetching page 72 for price category: dibawah-80-juta
[2024-08-31T19:19:16.200+0700] {logging_mixin.py:188} INFO - Fetching page 60 for price category: dibawah-70-juta
[2024-08-31T19:19:16.370+0700] {logging_mixin.py:188} INFO - Fetching page 73 for price category: dibawah-80-juta
[2024-08-31T19:19:16.402+0700] {logging_mixin.py:188} INFO - Fetching page 61 for price category: dibawah-70-juta
[2024-08-31T19:19:16.664+0700] {logging_mixin.py:188} INFO - Fetching page 62 for price category: dibawah-70-juta
[2024-08-31T19:19:16.766+0700] {logging_mixin.py:188} INFO - Fetching page 74 for price category: dibawah-80-juta
[2024-08-31T19:19:17.059+0700] {logging_mixin.py:188} INFO - Fetching page 63 for price category: dibawah-70-juta
[2024-08-31T19:19:17.279+0700] {logging_mixin.py:188} INFO - Fetching page 75 for price category: dibawah-80-juta
[2024-08-31T19:19:17.357+0700] {logging_mixin.py:188} INFO - Fetching page 64 for price category: dibawah-70-juta
[2024-08-31T19:19:17.700+0700] {logging_mixin.py:188} INFO - Fetching page 76 for price category: dibawah-80-juta
[2024-08-31T19:19:18.641+0700] {logging_mixin.py:188} INFO - Fetching page 77 for price category: dibawah-80-juta
[2024-08-31T19:19:18.668+0700] {logging_mixin.py:188} INFO - Fetching page 65 for price category: dibawah-70-juta
[2024-08-31T19:19:18.701+0700] {logging_mixin.py:188} INFO - Fetching page 93 for price category: dibawah-60-juta
[2024-08-31T19:19:18.830+0700] {logging_mixin.py:188} INFO - Fetching page 94 for price category: dibawah-60-juta
[2024-08-31T19:19:19.336+0700] {logging_mixin.py:188} INFO - Fetching page 95 for price category: dibawah-60-juta
[2024-08-31T19:19:19.338+0700] {logging_mixin.py:188} INFO - Fetching page 96 for price category: dibawah-60-juta
[2024-08-31T19:19:19.373+0700] {logging_mixin.py:188} INFO - Fetching page 66 for price category: dibawah-70-juta
[2024-08-31T19:19:19.704+0700] {logging_mixin.py:188} INFO - Fetching page 97 for price category: dibawah-60-juta
[2024-08-31T19:19:19.716+0700] {logging_mixin.py:188} INFO - Fetching page 98 for price category: dibawah-60-juta
[2024-08-31T19:19:20.048+0700] {logging_mixin.py:188} INFO - Fetching page 99 for price category: dibawah-60-juta
[2024-08-31T19:19:20.168+0700] {logging_mixin.py:188} INFO - Fetching page 100 for price category: dibawah-60-juta
[2024-08-31T19:19:20.546+0700] {logging_mixin.py:188} INFO - Fetching page 101 for price category: dibawah-60-juta
[2024-08-31T19:19:20.655+0700] {logging_mixin.py:188} INFO - Fetching page 102 for price category: dibawah-60-juta
[2024-08-31T19:19:20.799+0700] {logging_mixin.py:188} INFO - Fetching page 103 for price category: dibawah-60-juta
[2024-08-31T19:19:20.930+0700] {logging_mixin.py:188} INFO - Fetching page 104 for price category: dibawah-60-juta
[2024-08-31T19:19:21.033+0700] {logging_mixin.py:188} INFO - Fetching page 105 for price category: dibawah-60-juta
[2024-08-31T19:19:21.202+0700] {logging_mixin.py:188} INFO - Fetching page 106 for price category: dibawah-60-juta
[2024-08-31T19:19:21.387+0700] {logging_mixin.py:188} INFO - Fetching page 107 for price category: dibawah-60-juta
[2024-08-31T19:19:21.504+0700] {logging_mixin.py:188} INFO - Fetching page 108 for price category: dibawah-60-juta
[2024-08-31T19:19:21.674+0700] {logging_mixin.py:188} INFO - Fetching page 109 for price category: dibawah-60-juta
[2024-08-31T19:19:21.758+0700] {logging_mixin.py:188} INFO - Fetching page 110 for price category: dibawah-60-juta
[2024-08-31T19:19:21.981+0700] {logging_mixin.py:188} INFO - Fetching page 111 for price category: dibawah-60-juta
[2024-08-31T19:19:22.032+0700] {logging_mixin.py:188} INFO - Fetching page 112 for price category: dibawah-60-juta
[2024-08-31T19:19:22.320+0700] {logging_mixin.py:188} INFO - Fetching page 113 for price category: dibawah-60-juta
[2024-08-31T19:19:22.383+0700] {logging_mixin.py:188} INFO - Fetching page 114 for price category: dibawah-60-juta
[2024-08-31T19:19:22.713+0700] {logging_mixin.py:188} INFO - Fetching page 115 for price category: dibawah-60-juta
[2024-08-31T19:19:22.795+0700] {logging_mixin.py:188} INFO - Fetching page 116 for price category: dibawah-60-juta
[2024-08-31T19:19:22.798+0700] {logging_mixin.py:188} INFO - Data for price category dibawah-40-juta written to /home/miracle/mobil/scrape/output/oto/2024-08-31/oto_car_dibawah_40_juta_2024-08-31.csv
[2024-08-31T19:19:22.995+0700] {logging_mixin.py:188} INFO - Fetching page 117 for price category: dibawah-60-juta
[2024-08-31T19:19:24.171+0700] {logging_mixin.py:188} INFO - Fetching page 118 for price category: dibawah-60-juta
[2024-08-31T19:19:24.441+0700] {logging_mixin.py:188} INFO - Fetching page 119 for price category: dibawah-60-juta
[2024-08-31T19:19:24.654+0700] {logging_mixin.py:188} INFO - Fetching page 120 for price category: dibawah-60-juta
[2024-08-31T19:19:24.987+0700] {logging_mixin.py:188} INFO - Fetching page 121 for price category: dibawah-60-juta
[2024-08-31T19:19:25.335+0700] {logging_mixin.py:188} INFO - Fetching page 122 for price category: dibawah-60-juta
[2024-08-31T19:19:25.517+0700] {logging_mixin.py:188} INFO - Fetching page 123 for price category: dibawah-60-juta
[2024-08-31T19:19:25.851+0700] {logging_mixin.py:188} INFO - Fetching page 124 for price category: dibawah-60-juta
[2024-08-31T19:19:26.025+0700] {logging_mixin.py:188} INFO - Fetching page 125 for price category: dibawah-60-juta
[2024-08-31T19:19:26.228+0700] {logging_mixin.py:188} INFO - Fetching page 126 for price category: dibawah-60-juta
[2024-08-31T19:19:26.436+0700] {logging_mixin.py:188} INFO - Fetching page 127 for price category: dibawah-60-juta
[2024-08-31T19:19:26.786+0700] {logging_mixin.py:188} INFO - Fetching page 128 for price category: dibawah-60-juta
[2024-08-31T19:19:27.635+0700] {logging_mixin.py:188} INFO - Fetching page 78 for price category: dibawah-80-juta
[2024-08-31T19:19:27.968+0700] {logging_mixin.py:188} INFO - Fetching page 79 for price category: dibawah-80-juta
[2024-08-31T19:19:28.272+0700] {logging_mixin.py:188} INFO - Fetching page 80 for price category: dibawah-80-juta
[2024-08-31T19:19:28.614+0700] {logging_mixin.py:188} INFO - Fetching page 81 for price category: dibawah-80-juta
[2024-08-31T19:19:28.978+0700] {logging_mixin.py:188} INFO - Fetching page 82 for price category: dibawah-80-juta
[2024-08-31T19:19:29.357+0700] {logging_mixin.py:188} INFO - Fetching page 83 for price category: dibawah-80-juta
[2024-08-31T19:19:29.808+0700] {logging_mixin.py:188} INFO - Fetching page 84 for price category: dibawah-80-juta
[2024-08-31T19:19:30.462+0700] {logging_mixin.py:188} INFO - Fetching page 85 for price category: dibawah-80-juta
[2024-08-31T19:19:30.923+0700] {logging_mixin.py:188} INFO - Fetching page 86 for price category: dibawah-80-juta
[2024-08-31T19:19:31.289+0700] {logging_mixin.py:188} INFO - Fetching page 87 for price category: dibawah-80-juta
[2024-08-31T19:19:31.598+0700] {logging_mixin.py:188} INFO - Fetching page 88 for price category: dibawah-80-juta
[2024-08-31T19:19:32.110+0700] {logging_mixin.py:188} INFO - Fetching page 89 for price category: dibawah-80-juta
[2024-08-31T19:19:32.471+0700] {logging_mixin.py:188} INFO - Fetching page 90 for price category: dibawah-80-juta
[2024-08-31T19:19:32.859+0700] {logging_mixin.py:188} INFO - Fetching page 91 for price category: dibawah-80-juta
[2024-08-31T19:19:33.038+0700] {logging_mixin.py:188} INFO - Fetching page 92 for price category: dibawah-80-juta
[2024-08-31T19:19:33.203+0700] {logging_mixin.py:188} INFO - Fetching page 93 for price category: dibawah-80-juta
[2024-08-31T19:19:33.367+0700] {logging_mixin.py:188} INFO - Fetching page 94 for price category: dibawah-80-juta
[2024-08-31T19:19:33.811+0700] {logging_mixin.py:188} INFO - Fetching page 95 for price category: dibawah-80-juta
[2024-08-31T19:19:34.124+0700] {logging_mixin.py:188} INFO - Fetching page 96 for price category: dibawah-80-juta
[2024-08-31T19:19:34.484+0700] {logging_mixin.py:188} INFO - Fetching page 97 for price category: dibawah-80-juta
[2024-08-31T19:19:34.873+0700] {logging_mixin.py:188} INFO - Fetching page 98 for price category: dibawah-80-juta
[2024-08-31T19:19:35.190+0700] {logging_mixin.py:188} INFO - Fetching page 99 for price category: dibawah-80-juta
[2024-08-31T19:19:35.514+0700] {logging_mixin.py:188} INFO - Fetching page 100 for price category: dibawah-80-juta
[2024-08-31T19:19:35.818+0700] {logging_mixin.py:188} INFO - Fetching page 101 for price category: dibawah-80-juta
[2024-08-31T19:19:36.109+0700] {logging_mixin.py:188} INFO - Fetching page 102 for price category: dibawah-80-juta
[2024-08-31T19:19:36.234+0700] {logging_mixin.py:188} INFO - Attempt 1 failed with error: 502 Server Error: Bad Gateway for url: https://www.oto.com/used/get-inventory?filter=dibawah-70-juta&order=score&orderBy=desc&business_unit=mobil&lang_code=id&langCode=id&country_code=id&countryCode=id&isServer=0&range=%7B%7D&page=33
[2024-08-31T19:19:36.234+0700] {logging_mixin.py:188} INFO - Retrying in 0.3 seconds...
[2024-08-31T19:19:36.749+0700] {logging_mixin.py:188} INFO - Fetching page 67 for price category: dibawah-70-juta
[2024-08-31T19:19:36.972+0700] {logging_mixin.py:188} INFO - Fetching page 68 for price category: dibawah-70-juta
[2024-08-31T19:19:37.188+0700] {logging_mixin.py:188} INFO - Fetching page 69 for price category: dibawah-70-juta
[2024-08-31T19:19:38.849+0700] {logging_mixin.py:188} INFO - Fetching page 70 for price category: dibawah-70-juta
[2024-08-31T19:19:39.155+0700] {logging_mixin.py:188} INFO - Fetching page 71 for price category: dibawah-70-juta
[2024-08-31T19:19:39.447+0700] {logging_mixin.py:188} INFO - Fetching page 72 for price category: dibawah-70-juta
[2024-08-31T19:19:39.807+0700] {logging_mixin.py:188} INFO - Fetching page 73 for price category: dibawah-70-juta
[2024-08-31T19:19:40.130+0700] {logging_mixin.py:188} INFO - Fetching page 74 for price category: dibawah-70-juta
[2024-08-31T19:19:40.565+0700] {logging_mixin.py:188} INFO - Fetching page 75 for price category: dibawah-70-juta
[2024-08-31T19:19:41.013+0700] {logging_mixin.py:188} INFO - Fetching page 103 for price category: dibawah-80-juta
[2024-08-31T19:19:41.513+0700] {logging_mixin.py:188} INFO - Fetching page 76 for price category: dibawah-70-juta
[2024-08-31T19:19:41.814+0700] {logging_mixin.py:188} INFO - Fetching page 77 for price category: dibawah-70-juta
[2024-08-31T19:19:41.815+0700] {logging_mixin.py:188} INFO - Fetching page 104 for price category: dibawah-80-juta
[2024-08-31T19:19:42.101+0700] {logging_mixin.py:188} INFO - Fetching page 78 for price category: dibawah-70-juta
[2024-08-31T19:19:42.310+0700] {logging_mixin.py:188} INFO - Fetching page 105 for price category: dibawah-80-juta
[2024-08-31T19:19:42.628+0700] {logging_mixin.py:188} INFO - Fetching page 106 for price category: dibawah-80-juta
[2024-08-31T19:19:42.998+0700] {logging_mixin.py:188} INFO - Fetching page 107 for price category: dibawah-80-juta
[2024-08-31T19:19:43.297+0700] {logging_mixin.py:188} INFO - Fetching page 108 for price category: dibawah-80-juta
[2024-08-31T19:19:43.615+0700] {logging_mixin.py:188} INFO - Fetching page 109 for price category: dibawah-80-juta
[2024-08-31T19:19:43.975+0700] {logging_mixin.py:188} INFO - Fetching page 110 for price category: dibawah-80-juta
[2024-08-31T19:19:44.309+0700] {logging_mixin.py:188} INFO - Fetching page 111 for price category: dibawah-80-juta
[2024-08-31T19:19:49.878+0700] {local_task_job_runner.py:313} WARNING - State of this instance has been externally set to failed. Terminating instance.
[2024-08-31T19:19:49.879+0700] {local_task_job_runner.py:222} INFO - ::endgroup::
[2024-08-31T19:19:49.882+0700] {process_utils.py:132} INFO - Sending 15 to group 8857. PIDs of all processes in the group: [8857]
[2024-08-31T19:19:49.882+0700] {process_utils.py:87} INFO - Sending the signal 15 to group 8857
[2024-08-31T19:19:49.882+0700] {taskinstance.py:2611} ERROR - Received SIGTERM. Terminating subprocesses.
[2024-08-31T19:19:49.883+0700] {taskinstance.py:441} INFO - ::group::Post task execution logs
[2024-08-31T19:19:49.935+0700] {process_utils.py:80} INFO - Process psutil.Process(pid=8857, status='terminated', exitcode=0, started='19:17:52') (8857) terminated with exit code 0
