[2024-08-31T20:25:38.558+0700] {local_task_job_runner.py:120} INFO - ::group::Pre task execution logs
[2024-08-31T20:25:38.726+0700] {taskinstance.py:2076} INFO - Dependencies all met for dep_context=non-requeueable deps ti=<TaskInstance: scrap_carmudi.scrape_carmudi manual__2024-08-31T13:25:37.570144+00:00 [queued]>
[2024-08-31T20:25:38.738+0700] {taskinstance.py:2076} INFO - Dependencies all met for dep_context=requeueable deps ti=<TaskInstance: scrap_carmudi.scrape_carmudi manual__2024-08-31T13:25:37.570144+00:00 [queued]>
[2024-08-31T20:25:38.739+0700] {taskinstance.py:2306} INFO - Starting attempt 1 of 2
[2024-08-31T20:25:38.754+0700] {taskinstance.py:2330} INFO - Executing <Task(PythonOperator): scrape_carmudi> on 2024-08-31 13:25:37.570144+00:00
[2024-08-31T20:25:38.760+0700] {standard_task_runner.py:64} INFO - Started process 31341 to run task
[2024-08-31T20:25:38.765+0700] {standard_task_runner.py:90} INFO - Running: ['***', 'tasks', 'run', 'scrap_carmudi', 'scrape_carmudi', 'manual__2024-08-31T13:25:37.570144+00:00', '--job-id', '152', '--raw', '--subdir', 'DAGS_FOLDER/carmudi/scrape_carmudi.py', '--cfg-path', '/tmp/tmpxwsva6d8']
[2024-08-31T20:25:38.768+0700] {standard_task_runner.py:91} INFO - Job 152: Subtask scrape_carmudi
[2024-08-31T20:25:38.843+0700] {task_command.py:426} INFO - Running <TaskInstance: scrap_carmudi.scrape_carmudi manual__2024-08-31T13:25:37.570144+00:00 [running]> on host BrightHorizons.
[2024-08-31T20:25:39.002+0700] {taskinstance.py:2648} INFO - Exporting env vars: AIRFLOW_CTX_DAG_OWNER='***' AIRFLOW_CTX_DAG_ID='scrap_carmudi' AIRFLOW_CTX_TASK_ID='scrape_carmudi' AIRFLOW_CTX_EXECUTION_DATE='2024-08-31T13:25:37.570144+00:00' AIRFLOW_CTX_TRY_NUMBER='1' AIRFLOW_CTX_DAG_RUN_ID='manual__2024-08-31T13:25:37.570144+00:00'
[2024-08-31T20:25:39.004+0700] {taskinstance.py:430} INFO - ::endgroup::
[2024-08-31T20:25:41.293+0700] {logging_mixin.py:188} INFO - Fetching page 1 of 2 for price category: dibawah 50 Juta
[2024-08-31T20:25:42.332+0700] {logging_mixin.py:188} INFO - Fetching page 1 of 3 for price category: dibawah 60 Juta
[2024-08-31T20:25:42.403+0700] {logging_mixin.py:188} INFO - Fetching page 1 of 1 for price category: dibawah 30 Juta
[2024-08-31T20:25:42.926+0700] {logging_mixin.py:188} INFO - Fetching page 1 of 2 for price category: dibawah 40 Juta
[2024-08-31T20:25:43.183+0700] {logging_mixin.py:188} INFO - Sleeping for 2.86 seconds...
[2024-08-31T20:25:43.965+0700] {logging_mixin.py:188} INFO - Sleeping for 2.96 seconds...
[2024-08-31T20:25:44.311+0700] {logging_mixin.py:188} INFO - Sleeping for 1.54 seconds...
[2024-08-31T20:25:44.667+0700] {logging_mixin.py:188} INFO - Sleeping for 1.64 seconds...
[2024-08-31T20:25:45.855+0700] {logging_mixin.py:188} INFO - Data for price category dibawah 30 Juta written to /home/miracle/mobil/scrape/output/carmudi/2024-08-31/carmudi_dibawah 30 Juta_2024-08-31.csv
[2024-08-31T20:25:46.051+0700] {logging_mixin.py:188} INFO - Fetching page 2 of 2 for price category: dibawah 50 Juta
[2024-08-31T20:25:46.312+0700] {logging_mixin.py:188} INFO - Fetching page 2 of 2 for price category: dibawah 40 Juta
[2024-08-31T20:25:46.935+0700] {logging_mixin.py:188} INFO - Fetching page 2 of 3 for price category: dibawah 60 Juta
[2024-08-31T20:25:47.146+0700] {logging_mixin.py:188} INFO - Fetching page 1 of 4 for price category: dibawah 70 Juta
[2024-08-31T20:25:47.363+0700] {logging_mixin.py:188} INFO - Sleeping for 2.21 seconds...
[2024-08-31T20:25:47.492+0700] {logging_mixin.py:188} INFO - Sleeping for 2.22 seconds...
[2024-08-31T20:25:48.231+0700] {logging_mixin.py:188} INFO - Sleeping for 2.30 seconds...
[2024-08-31T20:25:49.578+0700] {logging_mixin.py:188} INFO - Data for price category dibawah 40 Juta written to /home/miracle/mobil/scrape/output/carmudi/2024-08-31/carmudi_dibawah 40 Juta_2024-08-31.csv
[2024-08-31T20:25:49.719+0700] {logging_mixin.py:188} INFO - Data for price category dibawah 50 Juta written to /home/miracle/mobil/scrape/output/carmudi/2024-08-31/carmudi_dibawah 50 Juta_2024-08-31.csv
[2024-08-31T20:25:50.537+0700] {logging_mixin.py:188} INFO - Fetching page 3 of 3 for price category: dibawah 60 Juta
[2024-08-31T20:25:51.084+0700] {logging_mixin.py:188} INFO - Sleeping for 2.58 seconds...
[2024-08-31T20:25:52.840+0700] {logging_mixin.py:188} INFO - Fetching page 1 of 9 for price category: dibawah 90 Juta
[2024-08-31T20:25:53.527+0700] {logging_mixin.py:188} INFO - Fetching page 1 of 5 for price category: dibawah 80 Juta
[2024-08-31T20:25:53.666+0700] {logging_mixin.py:188} INFO - Fetching page 2 of 4 for price category: dibawah 70 Juta
[2024-08-31T20:25:56.501+0700] {logging_mixin.py:188} INFO - Sleeping for 2.58 seconds...
[2024-08-31T20:25:56.593+0700] {logging_mixin.py:188} INFO - Sleeping for 1.93 seconds...
[2024-08-31T20:25:57.532+0700] {logging_mixin.py:188} INFO - Sleeping for 2.87 seconds...
[2024-08-31T20:25:57.592+0700] {logging_mixin.py:188} INFO - Sleeping for 2.71 seconds...
[2024-08-31T20:25:58.530+0700] {logging_mixin.py:188} INFO - Data for price category dibawah 60 Juta written to /home/miracle/mobil/scrape/output/carmudi/2024-08-31/carmudi_dibawah 60 Juta_2024-08-31.csv
[2024-08-31T20:25:59.094+0700] {logging_mixin.py:188} INFO - Fetching page 2 of 5 for price category: dibawah 80 Juta
[2024-08-31T20:26:00.305+0700] {logging_mixin.py:188} INFO - Fetching page 2 of 9 for price category: dibawah 90 Juta
[2024-08-31T20:26:00.426+0700] {logging_mixin.py:188} INFO - Fetching page 3 of 4 for price category: dibawah 70 Juta
[2024-08-31T20:26:00.605+0700] {logging_mixin.py:188} INFO - Sleeping for 1.87 seconds...
[2024-08-31T20:26:02.283+0700] {logging_mixin.py:188} INFO - Sleeping for 2.16 seconds...
[2024-08-31T20:26:02.476+0700] {logging_mixin.py:188} INFO - Sleeping for 2.80 seconds...
[2024-08-31T20:26:02.477+0700] {logging_mixin.py:188} INFO - Fetching page 3 of 5 for price category: dibawah 80 Juta
[2024-08-31T20:26:03.983+0700] {logging_mixin.py:188} INFO - Sleeping for 2.62 seconds...
[2024-08-31T20:26:04.450+0700] {logging_mixin.py:188} INFO - Fetching page 4 of 4 for price category: dibawah 70 Juta
[2024-08-31T20:26:05.284+0700] {logging_mixin.py:188} INFO - Fetching page 3 of 9 for price category: dibawah 90 Juta
[2024-08-31T20:26:06.602+0700] {logging_mixin.py:188} INFO - Fetching page 4 of 5 for price category: dibawah 80 Juta
[2024-08-31T20:26:07.824+0700] {logging_mixin.py:188} INFO - Sleeping for 2.04 seconds...
[2024-08-31T20:26:09.458+0700] {logging_mixin.py:188} INFO - Sleeping for 2.15 seconds...
[2024-08-31T20:26:09.534+0700] {logging_mixin.py:188} INFO - Sleeping for 2.60 seconds...
[2024-08-31T20:26:09.868+0700] {logging_mixin.py:188} INFO - Data for price category dibawah 70 Juta written to /home/miracle/mobil/scrape/output/carmudi/2024-08-31/carmudi_dibawah 70 Juta_2024-08-31.csv
[2024-08-31T20:26:11.625+0700] {logging_mixin.py:188} INFO - Fetching page 5 of 5 for price category: dibawah 80 Juta
[2024-08-31T20:26:12.132+0700] {logging_mixin.py:188} INFO - Fetching page 4 of 9 for price category: dibawah 90 Juta
[2024-08-31T20:26:13.004+0700] {logging_mixin.py:188} INFO - Sleeping for 2.45 seconds...
[2024-08-31T20:26:13.706+0700] {logging_mixin.py:188} INFO - Sleeping for 2.08 seconds...
[2024-08-31T20:26:15.457+0700] {logging_mixin.py:188} INFO - Data for price category dibawah 80 Juta written to /home/miracle/mobil/scrape/output/carmudi/2024-08-31/carmudi_dibawah 80 Juta_2024-08-31.csv
[2024-08-31T20:26:15.790+0700] {logging_mixin.py:188} INFO - Fetching page 5 of 9 for price category: dibawah 90 Juta
[2024-08-31T20:26:17.150+0700] {logging_mixin.py:188} INFO - Sleeping for 1.95 seconds...
[2024-08-31T20:26:19.103+0700] {logging_mixin.py:188} INFO - Fetching page 6 of 9 for price category: dibawah 90 Juta
[2024-08-31T20:26:20.783+0700] {logging_mixin.py:188} INFO - Sleeping for 1.88 seconds...
[2024-08-31T20:26:22.661+0700] {logging_mixin.py:188} INFO - Fetching page 7 of 9 for price category: dibawah 90 Juta
[2024-08-31T20:26:24.611+0700] {logging_mixin.py:188} INFO - Sleeping for 2.05 seconds...
[2024-08-31T20:26:26.661+0700] {logging_mixin.py:188} INFO - Fetching page 8 of 9 for price category: dibawah 90 Juta
[2024-08-31T20:26:27.644+0700] {logging_mixin.py:188} INFO - Sleeping for 2.27 seconds...
[2024-08-31T20:26:29.387+0700] {local_task_job_runner.py:313} WARNING - State of this instance has been externally set to success. Terminating instance.
[2024-08-31T20:26:29.388+0700] {local_task_job_runner.py:222} INFO - ::endgroup::
[2024-08-31T20:26:29.391+0700] {process_utils.py:132} INFO - Sending 15 to group 31341. PIDs of all processes in the group: [31341]
[2024-08-31T20:26:29.391+0700] {process_utils.py:87} INFO - Sending the signal 15 to group 31341
[2024-08-31T20:26:29.392+0700] {taskinstance.py:2611} ERROR - Received SIGTERM. Terminating subprocesses.
[2024-08-31T20:26:29.921+0700] {logging_mixin.py:188} INFO - Fetching page 9 of 9 for price category: dibawah 90 Juta
[2024-08-31T20:26:30.967+0700] {logging_mixin.py:188} INFO - Sleeping for 2.49 seconds...
[2024-08-31T20:26:33.458+0700] {logging_mixin.py:188} INFO - Data for price category dibawah 90 Juta written to /home/miracle/mobil/scrape/output/carmudi/2024-08-31/carmudi_dibawah 90 Juta_2024-08-31.csv
[2024-08-31T20:26:33.460+0700] {taskinstance.py:441} INFO - ::group::Post task execution logs
[2024-08-31T20:26:33.471+0700] {taskinstance.py:2905} ERROR - Task failed with exception
Traceback (most recent call last):
  File "/usr/local/lib/python3.10/dist-packages/airflow/models/taskinstance.py", line 465, in _execute_task
    result = _execute_callable(context=context, **execute_callable_kwargs)
  File "/usr/local/lib/python3.10/dist-packages/airflow/models/taskinstance.py", line 432, in _execute_callable
    return execute_callable(context=context, **execute_callable_kwargs)
  File "/usr/local/lib/python3.10/dist-packages/airflow/models/baseoperator.py", line 401, in wrapper
    return func(self, *args, **kwargs)
  File "/usr/local/lib/python3.10/dist-packages/airflow/operators/python.py", line 235, in execute
    return_value = self.execute_callable()
  File "/usr/local/lib/python3.10/dist-packages/airflow/operators/python.py", line 252, in execute_callable
    return self.python_callable(*self.op_args, **self.op_kwargs)
  File "/home/miracle/mobil/scrape/script/carmudi/carmudi.py", line 208, in carmudi_scrape
    future.result()
  File "/usr/lib/python3.10/concurrent/futures/_base.py", line 453, in result
    self._condition.wait(timeout)
  File "/usr/lib/python3.10/threading.py", line 320, in wait
    waiter.acquire()
  File "/usr/local/lib/python3.10/dist-packages/airflow/models/taskinstance.py", line 2613, in signal_handler
    raise AirflowTaskTerminated("Task received SIGTERM signal")
airflow.exceptions.AirflowTaskTerminated: Task received SIGTERM signal
[2024-08-31T20:26:33.474+0700] {taskinstance.py:1206} INFO - Marking task as FAILED. dag_id=scrap_carmudi, task_id=scrape_carmudi, run_id=manual__2024-08-31T13:25:37.570144+00:00, execution_date=20240831T132537, start_date=20240831T132538, end_date=20240831T132633
[2024-08-31T20:26:33.486+0700] {standard_task_runner.py:110} ERROR - Failed to execute job 152 for task scrape_carmudi ((psycopg2.errors.ForeignKeyViolation) insert or update on table "task_fail" violates foreign key constraint "task_fail_ti_fkey"
DETAIL:  Key (dag_id, task_id, run_id, map_index)=(scrap_carmudi, scrape_carmudi, manual__2024-08-31T13:25:37.570144+00:00, -1) is not present in table "task_instance".

[SQL: INSERT INTO task_fail (task_id, dag_id, run_id, map_index, start_date, end_date, duration) VALUES (%(task_id)s, %(dag_id)s, %(run_id)s, %(map_index)s, %(start_date)s, %(end_date)s, %(duration)s) RETURNING task_fail.id]
[parameters: {'task_id': 'scrape_carmudi', 'dag_id': 'scrap_carmudi', 'run_id': 'manual__2024-08-31T13:25:37.570144+00:00', 'map_index': -1, 'start_date': datetime.datetime(2024, 8, 31, 13, 25, 38, 726885, tzinfo=Timezone('UTC')), 'end_date': datetime.datetime(2024, 8, 31, 13, 26, 33, 474464, tzinfo=Timezone('UTC')), 'duration': 54}]
(Background on this error at: https://sqlalche.me/e/14/gkpj); 31341)
[2024-08-31T20:26:33.510+0700] {process_utils.py:80} INFO - Process psutil.Process(pid=31341, status='terminated', exitcode=1, started='20:25:38') (31341) terminated with exit code 1
