[2024-08-26T00:17:51.986+0700] {local_task_job_runner.py:120} INFO - ::group::Pre task execution logs
[2024-08-26T00:17:52.263+0700] {taskinstance.py:2076} INFO - Dependencies all met for dep_context=non-requeueable deps ti=<TaskInstance: scrap_mobil123.scrape_mobil123 scheduled__2024-08-04T00:00:00+00:00 [queued]>
[2024-08-26T00:17:52.286+0700] {taskinstance.py:2076} INFO - Dependencies all met for dep_context=requeueable deps ti=<TaskInstance: scrap_mobil123.scrape_mobil123 scheduled__2024-08-04T00:00:00+00:00 [queued]>
[2024-08-26T00:17:52.287+0700] {taskinstance.py:2306} INFO - Starting attempt 1 of 2
[2024-08-26T00:17:52.353+0700] {taskinstance.py:2330} INFO - Executing <Task(PythonOperator): scrape_mobil123> on 2024-08-04 00:00:00+00:00
[2024-08-26T00:17:52.359+0700] {standard_task_runner.py:64} INFO - Started process 15371 to run task
[2024-08-26T00:17:52.364+0700] {standard_task_runner.py:90} INFO - Running: ['***', 'tasks', 'run', 'scrap_mobil123', 'scrape_mobil123', 'scheduled__2024-08-04T00:00:00+00:00', '--job-id', '101', '--raw', '--subdir', 'DAGS_FOLDER/mobil123/scrap_mobil123.py', '--cfg-path', '/tmp/tmp2sy0zypn']
[2024-08-26T00:17:52.368+0700] {standard_task_runner.py:91} INFO - Job 101: Subtask scrape_mobil123
[2024-08-26T00:17:52.459+0700] {task_command.py:426} INFO - Running <TaskInstance: scrap_mobil123.scrape_mobil123 scheduled__2024-08-04T00:00:00+00:00 [running]> on host BrightHorizons.
[2024-08-26T00:17:52.580+0700] {taskinstance.py:2648} INFO - Exporting env vars: AIRFLOW_CTX_DAG_OWNER='***' AIRFLOW_CTX_DAG_ID='scrap_mobil123' AIRFLOW_CTX_TASK_ID='scrape_mobil123' AIRFLOW_CTX_EXECUTION_DATE='2024-08-04T00:00:00+00:00' AIRFLOW_CTX_TRY_NUMBER='1' AIRFLOW_CTX_DAG_RUN_ID='scheduled__2024-08-04T00:00:00+00:00'
[2024-08-26T00:17:52.582+0700] {taskinstance.py:430} INFO - ::endgroup::
[2024-08-26T00:17:54.196+0700] {logging_mixin.py:188} INFO - Fetching page 1 of 2 for price category: dibawah 30 Juta
[2024-08-26T00:17:55.891+0700] {logging_mixin.py:188} INFO - Sleeping for 2.70 seconds...
[2024-08-26T00:17:58.598+0700] {logging_mixin.py:188} INFO - Fetching page 2 of 2 for price category: dibawah 30 Juta
[2024-08-26T00:17:59.647+0700] {logging_mixin.py:188} INFO - Sleeping for 2.44 seconds...
[2024-08-26T00:18:02.095+0700] {logging_mixin.py:188} INFO - Data for price category dibawah 30 Juta written to /home/miracle/mobil/scrape/output/mobil123/2024-08-26/mobil123_dibawah 30 Juta_2024-08-26.csv
[2024-08-26T00:18:03.284+0700] {logging_mixin.py:188} INFO - Fetching page 1 of 3 for price category: dibawah 40 Juta
[2024-08-26T00:18:04.484+0700] {logging_mixin.py:188} INFO - Sleeping for 2.21 seconds...
[2024-08-26T00:18:06.696+0700] {logging_mixin.py:188} INFO - Fetching page 2 of 3 for price category: dibawah 40 Juta
[2024-08-26T00:18:08.335+0700] {logging_mixin.py:188} INFO - Sleeping for 1.77 seconds...
[2024-08-26T00:18:10.108+0700] {logging_mixin.py:188} INFO - Fetching page 3 of 3 for price category: dibawah 40 Juta
[2024-08-26T00:18:11.225+0700] {logging_mixin.py:188} INFO - Sleeping for 2.29 seconds...
[2024-08-26T00:18:13.520+0700] {logging_mixin.py:188} INFO - Data for price category dibawah 40 Juta written to /home/miracle/mobil/scrape/output/mobil123/2024-08-26/mobil123_dibawah 40 Juta_2024-08-26.csv
[2024-08-26T00:18:14.544+0700] {logging_mixin.py:188} INFO - Fetching page 1 of 5 for price category: dibawah 50 Juta
[2024-08-26T00:18:15.811+0700] {logging_mixin.py:188} INFO - Sleeping for 2.88 seconds...
[2024-08-26T00:18:18.696+0700] {logging_mixin.py:188} INFO - Fetching page 2 of 5 for price category: dibawah 50 Juta
[2024-08-26T00:18:23.582+0700] {logging_mixin.py:188} INFO - Sleeping for 1.64 seconds...
[2024-08-26T00:18:25.223+0700] {logging_mixin.py:188} INFO - Fetching page 3 of 5 for price category: dibawah 50 Juta
[2024-08-26T00:18:27.020+0700] {logging_mixin.py:188} INFO - Sleeping for 2.09 seconds...
[2024-08-26T00:18:29.108+0700] {logging_mixin.py:188} INFO - Fetching page 4 of 5 for price category: dibawah 50 Juta
[2024-08-26T00:18:30.678+0700] {logging_mixin.py:188} INFO - Sleeping for 2.86 seconds...
[2024-08-26T00:18:33.544+0700] {logging_mixin.py:188} INFO - Fetching page 5 of 5 for price category: dibawah 50 Juta
[2024-08-26T00:18:36.030+0700] {logging_mixin.py:188} INFO - Sleeping for 1.71 seconds...
[2024-08-26T00:18:37.740+0700] {logging_mixin.py:188} INFO - Data for price category dibawah 50 Juta written to /home/miracle/mobil/scrape/output/mobil123/2024-08-26/mobil123_dibawah 50 Juta_2024-08-26.csv
[2024-08-26T00:18:39.568+0700] {logging_mixin.py:188} INFO - Fetching page 1 of 5 for price category: dibawah 60 Juta
[2024-08-26T00:18:40.788+0700] {logging_mixin.py:188} INFO - Sleeping for 2.91 seconds...
[2024-08-26T00:18:43.699+0700] {logging_mixin.py:188} INFO - Fetching page 2 of 5 for price category: dibawah 60 Juta
[2024-08-26T00:18:44.743+0700] {logging_mixin.py:188} INFO - Sleeping for 2.19 seconds...
[2024-08-26T00:18:46.939+0700] {logging_mixin.py:188} INFO - Fetching page 3 of 5 for price category: dibawah 60 Juta
[2024-08-26T00:18:48.053+0700] {logging_mixin.py:188} INFO - Sleeping for 2.29 seconds...
[2024-08-26T00:18:50.341+0700] {logging_mixin.py:188} INFO - Fetching page 4 of 5 for price category: dibawah 60 Juta
[2024-08-26T00:18:51.166+0700] {logging_mixin.py:188} INFO - Sleeping for 2.31 seconds...
[2024-08-26T00:18:53.477+0700] {logging_mixin.py:188} INFO - Fetching page 5 of 5 for price category: dibawah 60 Juta
[2024-08-26T00:18:54.503+0700] {logging_mixin.py:188} INFO - Sleeping for 2.53 seconds...
[2024-08-26T00:18:57.035+0700] {logging_mixin.py:188} INFO - Data for price category dibawah 60 Juta written to /home/miracle/mobil/scrape/output/mobil123/2024-08-26/mobil123_dibawah 60 Juta_2024-08-26.csv
[2024-08-26T00:18:57.859+0700] {logging_mixin.py:188} INFO - Fetching page 1 of 9 for price category: dibawah 70 Juta
[2024-08-26T00:18:58.040+0700] {local_task_job_runner.py:313} WARNING - State of this instance has been externally set to success. Terminating instance.
[2024-08-26T00:18:58.040+0700] {local_task_job_runner.py:222} INFO - ::endgroup::
[2024-08-26T00:18:58.043+0700] {process_utils.py:132} INFO - Sending 15 to group 15371. PIDs of all processes in the group: [15371]
[2024-08-26T00:18:58.044+0700] {process_utils.py:87} INFO - Sending the signal 15 to group 15371
[2024-08-26T00:18:58.044+0700] {taskinstance.py:2611} ERROR - Received SIGTERM. Terminating subprocesses.
[2024-08-26T00:18:58.045+0700] {taskinstance.py:441} INFO - ::group::Post task execution logs
[2024-08-26T00:18:58.096+0700] {process_utils.py:80} INFO - Process psutil.Process(pid=15371, status='terminated', exitcode=0, started='00:17:52') (15371) terminated with exit code 0
