[2024-09-04T22:04:21.725+0700] {local_task_job_runner.py:120} INFO - ::group::Pre task execution logs
[2024-09-04T22:04:22.012+0700] {taskinstance.py:2076} INFO - Dependencies all met for dep_context=non-requeueable deps ti=<TaskInstance: scrap_carmudi.scrape_carmudi scheduled__2024-09-03T00:00:00+00:00 [queued]>
[2024-09-04T22:04:22.032+0700] {taskinstance.py:2076} INFO - Dependencies all met for dep_context=requeueable deps ti=<TaskInstance: scrap_carmudi.scrape_carmudi scheduled__2024-09-03T00:00:00+00:00 [queued]>
[2024-09-04T22:04:22.033+0700] {taskinstance.py:2306} INFO - Starting attempt 1 of 2
[2024-09-04T22:04:22.070+0700] {taskinstance.py:2330} INFO - Executing <Task(PythonOperator): scrape_carmudi> on 2024-09-03 00:00:00+00:00
[2024-09-04T22:04:22.081+0700] {standard_task_runner.py:64} INFO - Started process 3966 to run task
[2024-09-04T22:04:22.086+0700] {standard_task_runner.py:90} INFO - Running: ['***', 'tasks', 'run', 'scrap_carmudi', 'scrape_carmudi', 'scheduled__2024-09-03T00:00:00+00:00', '--job-id', '222', '--raw', '--subdir', 'DAGS_FOLDER/carmudi/scrape_carmudi.py', '--cfg-path', '/tmp/tmpzsmhue1n']
[2024-09-04T22:04:22.089+0700] {standard_task_runner.py:91} INFO - Job 222: Subtask scrape_carmudi
[2024-09-04T22:04:22.230+0700] {task_command.py:426} INFO - Running <TaskInstance: scrap_carmudi.scrape_carmudi scheduled__2024-09-03T00:00:00+00:00 [running]> on host BrightHorizons.
[2024-09-04T22:04:22.413+0700] {taskinstance.py:2648} INFO - Exporting env vars: AIRFLOW_CTX_DAG_OWNER='***' AIRFLOW_CTX_DAG_ID='scrap_carmudi' AIRFLOW_CTX_TASK_ID='scrape_carmudi' AIRFLOW_CTX_EXECUTION_DATE='2024-09-03T00:00:00+00:00' AIRFLOW_CTX_TRY_NUMBER='1' AIRFLOW_CTX_DAG_RUN_ID='scheduled__2024-09-03T00:00:00+00:00'
[2024-09-04T22:04:22.416+0700] {taskinstance.py:430} INFO - ::endgroup::
[2024-09-04T22:04:23.969+0700] {logging_mixin.py:188} INFO - Fetching page 1 of 1 for price category: dibawah 30 Juta
[2024-09-04T22:04:25.535+0700] {logging_mixin.py:188} INFO - Fetching page 1 of 3 for price category: dibawah 60 Juta
[2024-09-04T22:04:25.557+0700] {logging_mixin.py:188} INFO - Fetching page 1 of 2 for price category: dibawah 50 Juta
[2024-09-04T22:04:26.410+0700] {logging_mixin.py:188} INFO - Fetching page 1 of 2 for price category: dibawah 40 Juta
[2024-09-04T22:04:28.843+0700] {logging_mixin.py:188} INFO - Sleeping for 2.92 seconds...
[2024-09-04T22:04:29.312+0700] {logging_mixin.py:188} INFO - Sleeping for 1.63 seconds...
[2024-09-04T22:04:29.636+0700] {logging_mixin.py:188} INFO - Sleeping for 1.80 seconds...
[2024-09-04T22:04:29.961+0700] {logging_mixin.py:188} INFO - Sleeping for 2.36 seconds...
[2024-09-04T22:04:30.948+0700] {logging_mixin.py:188} INFO - Fetching page 2 of 3 for price category: dibawah 60 Juta
[2024-09-04T22:04:31.440+0700] {logging_mixin.py:188} INFO - Fetching page 2 of 2 for price category: dibawah 50 Juta
[2024-09-04T22:04:31.780+0700] {logging_mixin.py:188} INFO - Fetching page 2 of 2 for price category: dibawah 40 Juta
[2024-09-04T22:04:32.327+0700] {logging_mixin.py:188} INFO - Data for price category dibawah 30 Juta written to /home/miracle/mobil/scrape/output/carmudi/2024-09-04/carmudi_dibawah 30 Juta_2024-09-04.csv
[2024-09-04T22:04:33.802+0700] {logging_mixin.py:188} INFO - Sleeping for 1.87 seconds...
[2024-09-04T22:04:34.112+0700] {logging_mixin.py:188} INFO - Sleeping for 2.83 seconds...
[2024-09-04T22:04:35.509+0700] {logging_mixin.py:188} INFO - Sleeping for 2.01 seconds...
[2024-09-04T22:04:36.438+0700] {logging_mixin.py:188} INFO - Data for price category dibawah 50 Juta written to /home/miracle/mobil/scrape/output/carmudi/2024-09-04/carmudi_dibawah 50 Juta_2024-09-04.csv
[2024-09-04T22:04:36.959+0700] {logging_mixin.py:188} INFO - Fetching page 3 of 3 for price category: dibawah 60 Juta
[2024-09-04T22:04:37.545+0700] {logging_mixin.py:188} INFO - Data for price category dibawah 40 Juta written to /home/miracle/mobil/scrape/output/carmudi/2024-09-04/carmudi_dibawah 40 Juta_2024-09-04.csv
[2024-09-04T22:04:37.809+0700] {logging_mixin.py:188} INFO - Fetching page 1 of 4 for price category: dibawah 70 Juta
[2024-09-04T22:05:22.539+0700] {logging_mixin.py:188} INFO - Sleeping for 2.97 seconds...
[2024-09-04T22:05:24.197+0700] {logging_mixin.py:188} INFO - Sleeping for 2.96 seconds...
[2024-09-04T22:05:24.890+0700] {logging_mixin.py:188} INFO - Fetching page 1 of 6 for price category: dibawah 80 Juta
[2024-09-04T22:05:24.942+0700] {logging_mixin.py:188} INFO - Fetching page 1 of 9 for price category: dibawah 90 Juta
[2024-09-04T22:05:25.511+0700] {logging_mixin.py:188} INFO - Data for price category dibawah 60 Juta written to /home/miracle/mobil/scrape/output/carmudi/2024-09-04/carmudi_dibawah 60 Juta_2024-09-04.csv
[2024-09-04T22:05:27.340+0700] {logging_mixin.py:188} INFO - Fetching page 2 of 4 for price category: dibawah 70 Juta
[2024-09-04T22:05:27.699+0700] {logging_mixin.py:188} INFO - Sleeping for 2.32 seconds...
[2024-09-04T22:05:27.754+0700] {logging_mixin.py:188} INFO - Sleeping for 2.51 seconds...
[2024-09-04T22:05:30.036+0700] {logging_mixin.py:188} INFO - Fetching page 2 of 9 for price category: dibawah 90 Juta
[2024-09-04T22:05:30.271+0700] {logging_mixin.py:188} INFO - Fetching page 2 of 6 for price category: dibawah 80 Juta
[2024-09-04T22:05:30.339+0700] {logging_mixin.py:188} INFO - Sleeping for 2.26 seconds...
[2024-09-04T22:05:32.503+0700] {logging_mixin.py:188} INFO - Sleeping for 2.23 seconds...
[2024-09-04T22:05:32.598+0700] {logging_mixin.py:188} INFO - Fetching page 3 of 4 for price category: dibawah 70 Juta
[2024-09-04T22:05:33.325+0700] {logging_mixin.py:188} INFO - Sleeping for 2.23 seconds...
[2024-09-04T22:05:34.369+0700] {logging_mixin.py:188} INFO - Sleeping for 2.62 seconds...
[2024-09-04T22:05:34.733+0700] {logging_mixin.py:188} INFO - Fetching page 3 of 6 for price category: dibawah 80 Juta
[2024-09-04T22:05:35.558+0700] {logging_mixin.py:188} INFO - Fetching page 3 of 9 for price category: dibawah 90 Juta
[2024-09-04T22:05:36.313+0700] {logging_mixin.py:188} INFO - Sleeping for 2.71 seconds...
[2024-09-04T22:05:36.996+0700] {logging_mixin.py:188} INFO - Fetching page 4 of 4 for price category: dibawah 70 Juta
[2024-09-04T22:05:37.306+0700] {logging_mixin.py:188} INFO - Sleeping for 1.63 seconds...
[2024-09-04T22:05:38.945+0700] {logging_mixin.py:188} INFO - Fetching page 4 of 9 for price category: dibawah 90 Juta
[2024-09-04T22:05:39.033+0700] {logging_mixin.py:188} INFO - Fetching page 4 of 6 for price category: dibawah 80 Juta
[2024-09-04T22:05:39.078+0700] {logging_mixin.py:188} INFO - Sleeping for 2.19 seconds...
[2024-09-04T22:05:40.656+0700] {logging_mixin.py:188} INFO - Sleeping for 2.92 seconds...
[2024-09-04T22:05:40.935+0700] {logging_mixin.py:188} INFO - Sleeping for 1.95 seconds...
[2024-09-04T22:05:41.272+0700] {logging_mixin.py:188} INFO - Data for price category dibawah 70 Juta written to /home/miracle/mobil/scrape/output/carmudi/2024-09-04/carmudi_dibawah 70 Juta_2024-09-04.csv
[2024-09-04T22:05:42.887+0700] {logging_mixin.py:188} INFO - Fetching page 5 of 9 for price category: dibawah 90 Juta
[2024-09-04T22:05:43.575+0700] {logging_mixin.py:188} INFO - Fetching page 5 of 6 for price category: dibawah 80 Juta
[2024-09-04T22:05:45.671+0700] {logging_mixin.py:188} INFO - Sleeping for 1.96 seconds...
[2024-09-04T22:05:47.630+0700] {logging_mixin.py:188} INFO - Fetching page 6 of 9 for price category: dibawah 90 Juta
[2024-09-04T22:05:48.781+0700] {logging_mixin.py:188} INFO - Sleeping for 2.11 seconds...
[2024-09-04T22:05:49.705+0700] {logging_mixin.py:188} INFO - Sleeping for 2.62 seconds...
[2024-09-04T22:05:50.896+0700] {logging_mixin.py:188} INFO - Fetching page 7 of 9 for price category: dibawah 90 Juta
[2024-09-04T22:05:52.326+0700] {logging_mixin.py:188} INFO - Fetching page 6 of 6 for price category: dibawah 80 Juta
[2024-09-04T22:05:53.628+0700] {logging_mixin.py:188} INFO - Sleeping for 2.75 seconds...
[2024-09-04T22:05:53.914+0700] {logging_mixin.py:188} INFO - Sleeping for 2.36 seconds...
[2024-09-04T22:05:56.275+0700] {logging_mixin.py:188} INFO - Fetching page 8 of 9 for price category: dibawah 90 Juta
[2024-09-04T22:05:56.396+0700] {logging_mixin.py:188} INFO - Data for price category dibawah 80 Juta written to /home/miracle/mobil/scrape/output/carmudi/2024-09-04/carmudi_dibawah 80 Juta_2024-09-04.csv
[2024-09-04T22:05:57.876+0700] {logging_mixin.py:188} INFO - Sleeping for 2.43 seconds...
[2024-09-04T22:06:00.308+0700] {logging_mixin.py:188} INFO - Fetching page 9 of 9 for price category: dibawah 90 Juta
[2024-09-04T22:06:01.993+0700] {logging_mixin.py:188} INFO - Sleeping for 2.18 seconds...
[2024-09-04T22:06:04.183+0700] {logging_mixin.py:188} INFO - Data for price category dibawah 90 Juta written to /home/miracle/mobil/scrape/output/carmudi/2024-09-04/carmudi_dibawah 90 Juta_2024-09-04.csv
[2024-09-04T22:06:04.188+0700] {python.py:237} INFO - Done. Returned value was: None
[2024-09-04T22:06:04.189+0700] {taskinstance.py:441} INFO - ::group::Post task execution logs
[2024-09-04T22:06:04.210+0700] {taskinstance.py:1206} INFO - Marking task as SUCCESS. dag_id=scrap_carmudi, task_id=scrape_carmudi, run_id=scheduled__2024-09-03T00:00:00+00:00, execution_date=20240903T000000, start_date=20240904T150422, end_date=20240904T150604
[2024-09-04T22:06:04.275+0700] {local_task_job_runner.py:243} INFO - Task exited with return code 0
[2024-09-04T22:06:04.313+0700] {taskinstance.py:3503} INFO - 1 downstream tasks scheduled from follow-on schedule check
[2024-09-04T22:06:04.318+0700] {local_task_job_runner.py:222} INFO - ::endgroup::
