[2024-08-24T12:14:23.704+0700] {local_task_job_runner.py:120} INFO - ::group::Pre task execution logs
[2024-08-24T12:14:23.873+0700] {taskinstance.py:2076} INFO - Dependencies all met for dep_context=non-requeueable deps ti=<TaskInstance: scrap_to_dag.scrape_oto scheduled__2024-08-22T00:00:00+00:00 [queued]>
[2024-08-24T12:14:23.884+0700] {taskinstance.py:2076} INFO - Dependencies all met for dep_context=requeueable deps ti=<TaskInstance: scrap_to_dag.scrape_oto scheduled__2024-08-22T00:00:00+00:00 [queued]>
[2024-08-24T12:14:23.885+0700] {taskinstance.py:2306} INFO - Starting attempt 1 of 2
[2024-08-24T12:14:23.902+0700] {taskinstance.py:2330} INFO - Executing <Task(PythonOperator): scrape_oto> on 2024-08-22 00:00:00+00:00
[2024-08-24T12:14:23.907+0700] {standard_task_runner.py:64} INFO - Started process 20067 to run task
[2024-08-24T12:14:23.911+0700] {standard_task_runner.py:90} INFO - Running: ['***', 'tasks', 'run', 'scrap_to_dag', 'scrape_oto', 'scheduled__2024-08-22T00:00:00+00:00', '--job-id', '86', '--raw', '--subdir', 'DAGS_FOLDER/oto/scrap_oto.py', '--cfg-path', '/tmp/tmpes3i3svw']
[2024-08-24T12:14:23.914+0700] {standard_task_runner.py:91} INFO - Job 86: Subtask scrape_oto
[2024-08-24T12:14:23.979+0700] {task_command.py:426} INFO - Running <TaskInstance: scrap_to_dag.scrape_oto scheduled__2024-08-22T00:00:00+00:00 [running]> on host BrightHorizons.
[2024-08-24T12:14:24.083+0700] {taskinstance.py:2648} INFO - Exporting env vars: AIRFLOW_CTX_DAG_OWNER='***' AIRFLOW_CTX_DAG_ID='scrap_to_dag' AIRFLOW_CTX_TASK_ID='scrape_oto' AIRFLOW_CTX_EXECUTION_DATE='2024-08-22T00:00:00+00:00' AIRFLOW_CTX_TRY_NUMBER='1' AIRFLOW_CTX_DAG_RUN_ID='scheduled__2024-08-22T00:00:00+00:00'
[2024-08-24T12:14:24.084+0700] {taskinstance.py:430} INFO - ::endgroup::
[2024-08-24T12:14:24.095+0700] {logging_mixin.py:188} INFO - Fetching data for price category: dibawah-30-juta on date: 2024-08-24
[2024-08-24T12:14:24.347+0700] {logging_mixin.py:188} INFO - Fetching page 1 of 5 for price category: dibawah-30-juta
[2024-08-24T12:14:26.438+0700] {logging_mixin.py:188} INFO - Fetching page 2 of 5 for price category: dibawah-30-juta
[2024-08-24T12:14:29.864+0700] {logging_mixin.py:188} INFO - Fetching page 3 of 5 for price category: dibawah-30-juta
[2024-08-24T12:14:33.352+0700] {logging_mixin.py:188} INFO - Fetching page 4 of 5 for price category: dibawah-30-juta
[2024-08-24T12:14:36.576+0700] {logging_mixin.py:188} INFO - Fetching page 5 of 5 for price category: dibawah-30-juta
[2024-08-24T12:14:41.444+0700] {logging_mixin.py:188} INFO - Data for price category dibawah-30-juta written to /home/miracle/mobil/scrape/output/oto/2024-08-24/oto_car_dibawah_30_juta_2024-08-24.csv
[2024-08-24T12:14:41.449+0700] {python.py:237} INFO - Done. Returned value was: None
[2024-08-24T12:14:41.450+0700] {taskinstance.py:441} INFO - ::group::Post task execution logs
[2024-08-24T12:14:41.468+0700] {taskinstance.py:1206} INFO - Marking task as SUCCESS. dag_id=scrap_to_dag, task_id=scrape_oto, run_id=scheduled__2024-08-22T00:00:00+00:00, execution_date=20240822T000000, start_date=20240824T051423, end_date=20240824T051441
[2024-08-24T12:14:41.517+0700] {local_task_job_runner.py:243} INFO - Task exited with return code 0
[2024-08-24T12:14:41.555+0700] {taskinstance.py:3503} INFO - 1 downstream tasks scheduled from follow-on schedule check
[2024-08-24T12:14:41.559+0700] {local_task_job_runner.py:222} INFO - ::endgroup::
