[2024-09-04T22:04:21.242+0700] {local_task_job_runner.py:120} INFO - ::group::Pre task execution logs
[2024-09-04T22:04:21.544+0700] {taskinstance.py:2076} INFO - Dependencies all met for dep_context=non-requeueable deps ti=<TaskInstance: scrap_carmudi.scrape_carmudi scheduled__2024-09-02T00:00:00+00:00 [queued]>
[2024-09-04T22:04:21.562+0700] {taskinstance.py:2076} INFO - Dependencies all met for dep_context=requeueable deps ti=<TaskInstance: scrap_carmudi.scrape_carmudi scheduled__2024-09-02T00:00:00+00:00 [queued]>
[2024-09-04T22:04:21.562+0700] {taskinstance.py:2306} INFO - Starting attempt 1 of 2
[2024-09-04T22:04:21.686+0700] {taskinstance.py:2330} INFO - Executing <Task(PythonOperator): scrape_carmudi> on 2024-09-02 00:00:00+00:00
[2024-09-04T22:04:21.694+0700] {standard_task_runner.py:64} INFO - Started process 3913 to run task
[2024-09-04T22:04:21.708+0700] {standard_task_runner.py:90} INFO - Running: ['***', 'tasks', 'run', 'scrap_carmudi', 'scrape_carmudi', 'scheduled__2024-09-02T00:00:00+00:00', '--job-id', '219', '--raw', '--subdir', 'DAGS_FOLDER/carmudi/scrape_carmudi.py', '--cfg-path', '/tmp/tmp9h4n03e8']
[2024-09-04T22:04:21.712+0700] {standard_task_runner.py:91} INFO - Job 219: Subtask scrape_carmudi
[2024-09-04T22:04:21.833+0700] {task_command.py:426} INFO - Running <TaskInstance: scrap_carmudi.scrape_carmudi scheduled__2024-09-02T00:00:00+00:00 [running]> on host BrightHorizons.
[2024-09-04T22:04:22.046+0700] {taskinstance.py:2648} INFO - Exporting env vars: AIRFLOW_CTX_DAG_OWNER='***' AIRFLOW_CTX_DAG_ID='scrap_carmudi' AIRFLOW_CTX_TASK_ID='scrape_carmudi' AIRFLOW_CTX_EXECUTION_DATE='2024-09-02T00:00:00+00:00' AIRFLOW_CTX_TRY_NUMBER='1' AIRFLOW_CTX_DAG_RUN_ID='scheduled__2024-09-02T00:00:00+00:00'
[2024-09-04T22:04:22.047+0700] {taskinstance.py:430} INFO - ::endgroup::
[2024-09-04T22:04:27.346+0700] {logging_mixin.py:188} INFO - Fetching page 1 of 1 for price category: dibawah 30 Juta
[2024-09-04T22:04:27.382+0700] {logging_mixin.py:188} INFO - Fetching page 1 of 2 for price category: dibawah 40 Juta
[2024-09-04T22:04:27.572+0700] {logging_mixin.py:188} INFO - Fetching page 1 of 2 for price category: dibawah 50 Juta
[2024-09-04T22:04:29.612+0700] {logging_mixin.py:188} INFO - Sleeping for 2.18 seconds...
[2024-09-04T22:04:30.311+0700] {logging_mixin.py:188} INFO - Sleeping for 1.74 seconds...
[2024-09-04T22:04:30.834+0700] {logging_mixin.py:188} INFO - Sleeping for 2.76 seconds...
[2024-09-04T22:04:31.803+0700] {logging_mixin.py:188} INFO - Fetching page 2 of 2 for price category: dibawah 50 Juta
[2024-09-04T22:04:31.974+0700] {logging_mixin.py:188} INFO - Fetching page 1 of 3 for price category: dibawah 60 Juta
[2024-09-04T22:04:32.058+0700] {logging_mixin.py:188} INFO - Data for price category dibawah 30 Juta written to /home/miracle/mobil/scrape/output/carmudi/2024-09-04/carmudi_dibawah 30 Juta_2024-09-04.csv
[2024-09-04T22:04:33.596+0700] {logging_mixin.py:188} INFO - Fetching page 2 of 2 for price category: dibawah 40 Juta
[2024-09-04T22:04:37.039+0700] {logging_mixin.py:188} INFO - Sleeping for 2.44 seconds...
[2024-09-04T22:04:38.940+0700] {logging_mixin.py:188} INFO - Sleeping for 2.06 seconds...
[2024-09-04T22:04:39.516+0700] {logging_mixin.py:188} INFO - Data for price category dibawah 40 Juta written to /home/miracle/mobil/scrape/output/carmudi/2024-09-04/carmudi_dibawah 40 Juta_2024-09-04.csv
[2024-09-04T22:04:41.105+0700] {logging_mixin.py:188} INFO - Fetching page 2 of 3 for price category: dibawah 60 Juta
[2024-09-04T22:05:22.252+0700] {logging_mixin.py:188} INFO - Sleeping for 2.80 seconds...
[2024-09-04T22:05:22.383+0700] {logging_mixin.py:188} INFO - Fetching page 1 of 4 for price category: dibawah 70 Juta
[2024-09-04T22:05:22.672+0700] {logging_mixin.py:188} INFO - Attempt 1 failed with error: ('Connection aborted.', ConnectionResetError(104, 'Connection reset by peer'))
[2024-09-04T22:05:22.673+0700] {logging_mixin.py:188} INFO - Retrying in 0.3 seconds...
[2024-09-04T22:05:25.319+0700] {logging_mixin.py:188} INFO - Data for price category dibawah 50 Juta written to /home/miracle/mobil/scrape/output/carmudi/2024-09-04/carmudi_dibawah 50 Juta_2024-09-04.csv
[2024-09-04T22:05:25.385+0700] {logging_mixin.py:188} INFO - Sleeping for 2.04 seconds...
[2024-09-04T22:05:27.187+0700] {logging_mixin.py:188} INFO - Sleeping for 2.14 seconds...
[2024-09-04T22:05:27.431+0700] {logging_mixin.py:188} INFO - Fetching page 2 of 4 for price category: dibawah 70 Juta
[2024-09-04T22:05:29.336+0700] {logging_mixin.py:188} INFO - Fetching page 3 of 3 for price category: dibawah 60 Juta
[2024-09-04T22:05:29.567+0700] {logging_mixin.py:188} INFO - Fetching page 1 of 9 for price category: dibawah 90 Juta
[2024-09-04T22:05:31.208+0700] {logging_mixin.py:188} INFO - Sleeping for 1.57 seconds...
[2024-09-04T22:05:32.627+0700] {logging_mixin.py:188} INFO - Sleeping for 2.64 seconds...
[2024-09-04T22:05:32.780+0700] {logging_mixin.py:188} INFO - Fetching page 3 of 4 for price category: dibawah 70 Juta
[2024-09-04T22:05:32.871+0700] {logging_mixin.py:188} INFO - Sleeping for 2.06 seconds...
[2024-09-04T22:05:34.938+0700] {logging_mixin.py:188} INFO - Data for price category dibawah 60 Juta written to /home/miracle/mobil/scrape/output/carmudi/2024-09-04/carmudi_dibawah 60 Juta_2024-09-04.csv
[2024-09-04T22:05:35.269+0700] {logging_mixin.py:188} INFO - Fetching page 2 of 9 for price category: dibawah 90 Juta
[2024-09-04T22:05:38.155+0700] {logging_mixin.py:188} INFO - Sleeping for 2.49 seconds...
[2024-09-04T22:05:40.644+0700] {logging_mixin.py:188} INFO - Fetching page 3 of 9 for price category: dibawah 90 Juta
[2024-09-04T22:05:44.190+0700] {logging_mixin.py:188} INFO - Sleeping for 1.87 seconds...
[2024-09-04T22:05:45.483+0700] {logging_mixin.py:188} INFO - Sleeping for 2.76 seconds...
[2024-09-04T22:05:46.063+0700] {logging_mixin.py:188} INFO - Fetching page 4 of 4 for price category: dibawah 70 Juta
[2024-09-04T22:05:47.119+0700] {logging_mixin.py:188} INFO - Sleeping for 2.68 seconds...
[2024-09-04T22:05:48.241+0700] {logging_mixin.py:188} INFO - Fetching page 4 of 9 for price category: dibawah 90 Juta
[2024-09-04T22:05:49.800+0700] {logging_mixin.py:188} INFO - Data for price category dibawah 70 Juta written to /home/miracle/mobil/scrape/output/carmudi/2024-09-04/carmudi_dibawah 70 Juta_2024-09-04.csv
[2024-09-04T22:05:51.637+0700] {logging_mixin.py:188} INFO - Sleeping for 1.76 seconds...
[2024-09-04T22:05:53.403+0700] {logging_mixin.py:188} INFO - Fetching page 5 of 9 for price category: dibawah 90 Juta
[2024-09-04T22:05:57.614+0700] {logging_mixin.py:188} INFO - Sleeping for 2.91 seconds...
[2024-09-04T22:06:00.531+0700] {logging_mixin.py:188} INFO - Fetching page 6 of 9 for price category: dibawah 90 Juta
[2024-09-04T22:06:02.901+0700] {logging_mixin.py:188} INFO - Sleeping for 2.17 seconds...
[2024-09-04T22:06:03.853+0700] {logging_mixin.py:188} INFO - Fetching page 1 of 6 for price category: dibawah 80 Juta
[2024-09-04T22:06:05.073+0700] {logging_mixin.py:188} INFO - Fetching page 7 of 9 for price category: dibawah 90 Juta
[2024-09-04T22:06:06.963+0700] {logging_mixin.py:188} INFO - Sleeping for 1.77 seconds...
[2024-09-04T22:06:07.703+0700] {logging_mixin.py:188} INFO - Sleeping for 1.69 seconds...
[2024-09-04T22:06:08.731+0700] {logging_mixin.py:188} INFO - Fetching page 2 of 6 for price category: dibawah 80 Juta
[2024-09-04T22:06:09.398+0700] {logging_mixin.py:188} INFO - Fetching page 8 of 9 for price category: dibawah 90 Juta
[2024-09-04T22:06:10.609+0700] {logging_mixin.py:188} INFO - Sleeping for 2.68 seconds...
[2024-09-04T22:06:11.626+0700] {logging_mixin.py:188} INFO - Sleeping for 1.98 seconds...
[2024-09-04T22:06:13.295+0700] {logging_mixin.py:188} INFO - Fetching page 9 of 9 for price category: dibawah 90 Juta
[2024-09-04T22:06:13.610+0700] {logging_mixin.py:188} INFO - Fetching page 3 of 6 for price category: dibawah 80 Juta
[2024-09-04T22:06:15.969+0700] {logging_mixin.py:188} INFO - Sleeping for 2.59 seconds...
[2024-09-04T22:06:16.552+0700] {logging_mixin.py:188} INFO - Sleeping for 2.87 seconds...
[2024-09-04T22:06:18.563+0700] {logging_mixin.py:188} INFO - Fetching page 4 of 6 for price category: dibawah 80 Juta
[2024-09-04T22:06:19.431+0700] {logging_mixin.py:188} INFO - Data for price category dibawah 90 Juta written to /home/miracle/mobil/scrape/output/carmudi/2024-09-04/carmudi_dibawah 90 Juta_2024-09-04.csv
[2024-09-04T22:06:22.713+0700] {logging_mixin.py:188} INFO - Sleeping for 2.66 seconds...
[2024-09-04T22:06:25.374+0700] {logging_mixin.py:188} INFO - Fetching page 5 of 6 for price category: dibawah 80 Juta
[2024-09-04T22:06:27.160+0700] {logging_mixin.py:188} INFO - Sleeping for 2.71 seconds...
[2024-09-04T22:06:29.878+0700] {logging_mixin.py:188} INFO - Fetching page 6 of 6 for price category: dibawah 80 Juta
[2024-09-04T22:06:32.783+0700] {logging_mixin.py:188} INFO - Sleeping for 2.21 seconds...
[2024-09-04T22:06:35.000+0700] {logging_mixin.py:188} INFO - Data for price category dibawah 80 Juta written to /home/miracle/mobil/scrape/output/carmudi/2024-09-04/carmudi_dibawah 80 Juta_2024-09-04.csv
[2024-09-04T22:06:35.005+0700] {python.py:237} INFO - Done. Returned value was: None
[2024-09-04T22:06:35.005+0700] {taskinstance.py:441} INFO - ::group::Post task execution logs
[2024-09-04T22:06:35.020+0700] {taskinstance.py:1206} INFO - Marking task as SUCCESS. dag_id=scrap_carmudi, task_id=scrape_carmudi, run_id=scheduled__2024-09-02T00:00:00+00:00, execution_date=20240902T000000, start_date=20240904T150421, end_date=20240904T150635
[2024-09-04T22:06:35.081+0700] {local_task_job_runner.py:243} INFO - Task exited with return code 0
[2024-09-04T22:06:35.115+0700] {taskinstance.py:3503} INFO - 1 downstream tasks scheduled from follow-on schedule check
[2024-09-04T22:06:35.118+0700] {local_task_job_runner.py:222} INFO - ::endgroup::
