[2024-08-31T20:25:38.751+0700] {local_task_job_runner.py:120} INFO - ::group::Pre task execution logs
[2024-08-31T20:25:38.970+0700] {taskinstance.py:2076} INFO - Dependencies all met for dep_context=non-requeueable deps ti=<TaskInstance: scrap_carmudi.scrape_carmudi scheduled__2024-08-27T00:00:00+00:00 [queued]>
[2024-08-31T20:25:38.987+0700] {taskinstance.py:2076} INFO - Dependencies all met for dep_context=requeueable deps ti=<TaskInstance: scrap_carmudi.scrape_carmudi scheduled__2024-08-27T00:00:00+00:00 [queued]>
[2024-08-31T20:25:38.988+0700] {taskinstance.py:2306} INFO - Starting attempt 1 of 2
[2024-08-31T20:25:39.048+0700] {taskinstance.py:2330} INFO - Executing <Task(PythonOperator): scrape_carmudi> on 2024-08-27 00:00:00+00:00
[2024-08-31T20:25:39.053+0700] {standard_task_runner.py:64} INFO - Started process 31383 to run task
[2024-08-31T20:25:39.058+0700] {standard_task_runner.py:90} INFO - Running: ['***', 'tasks', 'run', 'scrap_carmudi', 'scrape_carmudi', 'scheduled__2024-08-27T00:00:00+00:00', '--job-id', '155', '--raw', '--subdir', 'DAGS_FOLDER/carmudi/scrape_carmudi.py', '--cfg-path', '/tmp/tmprzmigz7k']
[2024-08-31T20:25:39.060+0700] {standard_task_runner.py:91} INFO - Job 155: Subtask scrape_carmudi
[2024-08-31T20:25:39.145+0700] {task_command.py:426} INFO - Running <TaskInstance: scrap_carmudi.scrape_carmudi scheduled__2024-08-27T00:00:00+00:00 [running]> on host BrightHorizons.
[2024-08-31T20:25:39.273+0700] {taskinstance.py:2648} INFO - Exporting env vars: AIRFLOW_CTX_DAG_OWNER='***' AIRFLOW_CTX_DAG_ID='scrap_carmudi' AIRFLOW_CTX_TASK_ID='scrape_carmudi' AIRFLOW_CTX_EXECUTION_DATE='2024-08-27T00:00:00+00:00' AIRFLOW_CTX_TRY_NUMBER='1' AIRFLOW_CTX_DAG_RUN_ID='scheduled__2024-08-27T00:00:00+00:00'
[2024-08-31T20:25:39.274+0700] {taskinstance.py:430} INFO - ::endgroup::
[2024-08-31T20:25:42.342+0700] {logging_mixin.py:188} INFO - Fetching page 1 of 2 for price category: dibawah 40 Juta
[2024-08-31T20:25:42.373+0700] {logging_mixin.py:188} INFO - Fetching page 1 of 1 for price category: dibawah 30 Juta
[2024-08-31T20:25:43.229+0700] {logging_mixin.py:188} INFO - Fetching page 1 of 2 for price category: dibawah 50 Juta
[2024-08-31T20:25:43.294+0700] {logging_mixin.py:188} INFO - Fetching page 1 of 3 for price category: dibawah 60 Juta
[2024-08-31T20:25:43.508+0700] {logging_mixin.py:188} INFO - Sleeping for 2.66 seconds...
[2024-08-31T20:25:44.111+0700] {logging_mixin.py:188} INFO - Sleeping for 1.53 seconds...
[2024-08-31T20:25:45.544+0700] {logging_mixin.py:188} INFO - Sleeping for 2.76 seconds...
[2024-08-31T20:25:45.544+0700] {logging_mixin.py:188} INFO - Sleeping for 1.53 seconds...
[2024-08-31T20:25:45.642+0700] {logging_mixin.py:188} INFO - Fetching page 2 of 2 for price category: dibawah 40 Juta
[2024-08-31T20:25:46.174+0700] {logging_mixin.py:188} INFO - Data for price category dibawah 30 Juta written to /home/miracle/mobil/scrape/output/carmudi/2024-08-31/carmudi_dibawah 30 Juta_2024-08-31.csv
[2024-08-31T20:25:46.887+0700] {logging_mixin.py:188} INFO - Sleeping for 1.95 seconds...
[2024-08-31T20:25:47.075+0700] {logging_mixin.py:188} INFO - Fetching page 2 of 2 for price category: dibawah 50 Juta
[2024-08-31T20:25:47.992+0700] {logging_mixin.py:188} INFO - Fetching page 1 of 4 for price category: dibawah 70 Juta
[2024-08-31T20:25:48.304+0700] {logging_mixin.py:188} INFO - Fetching page 2 of 3 for price category: dibawah 60 Juta
[2024-08-31T20:25:48.837+0700] {logging_mixin.py:188} INFO - Data for price category dibawah 40 Juta written to /home/miracle/mobil/scrape/output/carmudi/2024-08-31/carmudi_dibawah 40 Juta_2024-08-31.csv
[2024-08-31T20:25:50.139+0700] {logging_mixin.py:188} INFO - Sleeping for 2.23 seconds...
[2024-08-31T20:25:52.205+0700] {logging_mixin.py:188} INFO - Sleeping for 1.72 seconds...
[2024-08-31T20:25:52.401+0700] {logging_mixin.py:188} INFO - Data for price category dibawah 50 Juta written to /home/miracle/mobil/scrape/output/carmudi/2024-08-31/carmudi_dibawah 50 Juta_2024-08-31.csv
[2024-08-31T20:25:52.558+0700] {logging_mixin.py:188} INFO - Fetching page 1 of 5 for price category: dibawah 80 Juta
[2024-08-31T20:25:53.858+0700] {logging_mixin.py:188} INFO - Sleeping for 1.63 seconds...
[2024-08-31T20:25:53.933+0700] {logging_mixin.py:188} INFO - Fetching page 3 of 3 for price category: dibawah 60 Juta
[2024-08-31T20:25:55.495+0700] {logging_mixin.py:188} INFO - Fetching page 2 of 4 for price category: dibawah 70 Juta
[2024-08-31T20:25:57.193+0700] {logging_mixin.py:188} INFO - Sleeping for 2.77 seconds...
[2024-08-31T20:25:57.311+0700] {logging_mixin.py:188} INFO - Sleeping for 1.79 seconds...
[2024-08-31T20:25:57.379+0700] {logging_mixin.py:188} INFO - Fetching page 1 of 9 for price category: dibawah 90 Juta
[2024-08-31T20:25:58.775+0700] {logging_mixin.py:188} INFO - Sleeping for 2.45 seconds...
[2024-08-31T20:25:59.117+0700] {logging_mixin.py:188} INFO - Fetching page 2 of 5 for price category: dibawah 80 Juta
[2024-08-31T20:25:59.497+0700] {logging_mixin.py:188} INFO - Sleeping for 2.24 seconds...
[2024-08-31T20:25:59.981+0700] {logging_mixin.py:188} INFO - Data for price category dibawah 60 Juta written to /home/miracle/mobil/scrape/output/carmudi/2024-08-31/carmudi_dibawah 60 Juta_2024-08-31.csv
[2024-08-31T20:26:00.548+0700] {logging_mixin.py:188} INFO - Sleeping for 2.25 seconds...
[2024-08-31T20:26:01.229+0700] {logging_mixin.py:188} INFO - Fetching page 3 of 4 for price category: dibawah 70 Juta
[2024-08-31T20:26:01.741+0700] {logging_mixin.py:188} INFO - Fetching page 2 of 9 for price category: dibawah 90 Juta
[2024-08-31T20:26:02.802+0700] {logging_mixin.py:188} INFO - Fetching page 3 of 5 for price category: dibawah 80 Juta
[2024-08-31T20:26:02.953+0700] {logging_mixin.py:188} INFO - Sleeping for 1.98 seconds...
[2024-08-31T20:26:03.477+0700] {logging_mixin.py:188} INFO - Sleeping for 2.05 seconds...
[2024-08-31T20:26:04.705+0700] {logging_mixin.py:188} INFO - Sleeping for 2.53 seconds...
[2024-08-31T20:26:04.935+0700] {logging_mixin.py:188} INFO - Fetching page 4 of 4 for price category: dibawah 70 Juta
[2024-08-31T20:26:05.526+0700] {logging_mixin.py:188} INFO - Fetching page 3 of 9 for price category: dibawah 90 Juta
[2024-08-31T20:26:07.234+0700] {logging_mixin.py:188} INFO - Fetching page 4 of 5 for price category: dibawah 80 Juta
[2024-08-31T20:26:09.058+0700] {logging_mixin.py:188} INFO - Sleeping for 1.64 seconds...
[2024-08-31T20:26:09.067+0700] {logging_mixin.py:188} INFO - Sleeping for 2.69 seconds...
[2024-08-31T20:26:09.293+0700] {logging_mixin.py:188} INFO - Sleeping for 1.54 seconds...
[2024-08-31T20:26:09.429+0700] {local_task_job_runner.py:313} WARNING - State of this instance has been externally set to success. Terminating instance.
[2024-08-31T20:26:09.430+0700] {local_task_job_runner.py:222} INFO - ::endgroup::
[2024-08-31T20:26:09.436+0700] {process_utils.py:132} INFO - Sending 15 to group 31383. PIDs of all processes in the group: [31383]
[2024-08-31T20:26:09.436+0700] {process_utils.py:87} INFO - Sending the signal 15 to group 31383
[2024-08-31T20:26:09.437+0700] {taskinstance.py:2611} ERROR - Received SIGTERM. Terminating subprocesses.
[2024-08-31T20:26:10.702+0700] {logging_mixin.py:188} INFO - Fetching page 5 of 5 for price category: dibawah 80 Juta
[2024-08-31T20:26:10.837+0700] {logging_mixin.py:188} INFO - Fetching page 4 of 9 for price category: dibawah 90 Juta
[2024-08-31T20:26:11.909+0700] {logging_mixin.py:188} INFO - Data for price category dibawah 70 Juta written to /home/miracle/mobil/scrape/output/carmudi/2024-08-31/carmudi_dibawah 70 Juta_2024-08-31.csv
[2024-08-31T20:26:12.075+0700] {logging_mixin.py:188} INFO - Sleeping for 2.45 seconds...
[2024-08-31T20:26:12.312+0700] {logging_mixin.py:188} INFO - Sleeping for 1.66 seconds...
[2024-08-31T20:26:13.970+0700] {logging_mixin.py:188} INFO - Fetching page 5 of 9 for price category: dibawah 90 Juta
[2024-08-31T20:26:14.525+0700] {logging_mixin.py:188} INFO - Data for price category dibawah 80 Juta written to /home/miracle/mobil/scrape/output/carmudi/2024-08-31/carmudi_dibawah 80 Juta_2024-08-31.csv
[2024-08-31T20:26:15.173+0700] {logging_mixin.py:188} INFO - Sleeping for 1.69 seconds...
[2024-08-31T20:26:16.862+0700] {logging_mixin.py:188} INFO - Fetching page 6 of 9 for price category: dibawah 90 Juta
[2024-08-31T20:26:17.946+0700] {logging_mixin.py:188} INFO - Sleeping for 1.71 seconds...
[2024-08-31T20:26:19.662+0700] {logging_mixin.py:188} INFO - Fetching page 7 of 9 for price category: dibawah 90 Juta
[2024-08-31T20:26:21.651+0700] {logging_mixin.py:188} INFO - Sleeping for 1.92 seconds...
[2024-08-31T20:26:23.576+0700] {logging_mixin.py:188} INFO - Fetching page 8 of 9 for price category: dibawah 90 Juta
[2024-08-31T20:26:25.158+0700] {logging_mixin.py:188} INFO - Sleeping for 2.60 seconds...
[2024-08-31T20:26:27.766+0700] {logging_mixin.py:188} INFO - Fetching page 9 of 9 for price category: dibawah 90 Juta
[2024-08-31T20:26:29.706+0700] {logging_mixin.py:188} INFO - Sleeping for 2.28 seconds...
[2024-08-31T20:26:31.986+0700] {logging_mixin.py:188} INFO - Data for price category dibawah 90 Juta written to /home/miracle/mobil/scrape/output/carmudi/2024-08-31/carmudi_dibawah 90 Juta_2024-08-31.csv
[2024-08-31T20:26:31.989+0700] {taskinstance.py:441} INFO - ::group::Post task execution logs
[2024-08-31T20:26:32.003+0700] {taskinstance.py:2905} ERROR - Task failed with exception
Traceback (most recent call last):
  File "/usr/local/lib/python3.10/dist-packages/airflow/models/taskinstance.py", line 465, in _execute_task
    result = _execute_callable(context=context, **execute_callable_kwargs)
  File "/usr/local/lib/python3.10/dist-packages/airflow/models/taskinstance.py", line 432, in _execute_callable
    return execute_callable(context=context, **execute_callable_kwargs)
  File "/usr/local/lib/python3.10/dist-packages/airflow/models/baseoperator.py", line 401, in wrapper
    return func(self, *args, **kwargs)
  File "/usr/local/lib/python3.10/dist-packages/airflow/operators/python.py", line 235, in execute
    return_value = self.execute_callable()
  File "/usr/local/lib/python3.10/dist-packages/airflow/operators/python.py", line 252, in execute_callable
    return self.python_callable(*self.op_args, **self.op_kwargs)
  File "/home/miracle/mobil/scrape/script/carmudi/carmudi.py", line 208, in carmudi_scrape
    future.result()
  File "/usr/lib/python3.10/concurrent/futures/_base.py", line 453, in result
    self._condition.wait(timeout)
  File "/usr/lib/python3.10/threading.py", line 320, in wait
    waiter.acquire()
  File "/usr/local/lib/python3.10/dist-packages/airflow/models/taskinstance.py", line 2613, in signal_handler
    raise AirflowTaskTerminated("Task received SIGTERM signal")
airflow.exceptions.AirflowTaskTerminated: Task received SIGTERM signal
[2024-08-31T20:26:32.008+0700] {taskinstance.py:1206} INFO - Marking task as FAILED. dag_id=scrap_carmudi, task_id=scrape_carmudi, run_id=scheduled__2024-08-27T00:00:00+00:00, execution_date=20240827T000000, start_date=20240831T132538, end_date=20240831T132632
[2024-08-31T20:26:32.024+0700] {standard_task_runner.py:110} ERROR - Failed to execute job 155 for task scrape_carmudi ((psycopg2.errors.ForeignKeyViolation) insert or update on table "task_fail" violates foreign key constraint "task_fail_ti_fkey"
DETAIL:  Key (dag_id, task_id, run_id, map_index)=(scrap_carmudi, scrape_carmudi, scheduled__2024-08-27T00:00:00+00:00, -1) is not present in table "task_instance".

[SQL: INSERT INTO task_fail (task_id, dag_id, run_id, map_index, start_date, end_date, duration) VALUES (%(task_id)s, %(dag_id)s, %(run_id)s, %(map_index)s, %(start_date)s, %(end_date)s, %(duration)s) RETURNING task_fail.id]
[parameters: {'task_id': 'scrape_carmudi', 'dag_id': 'scrap_carmudi', 'run_id': 'scheduled__2024-08-27T00:00:00+00:00', 'map_index': -1, 'start_date': datetime.datetime(2024, 8, 31, 13, 25, 38, 970848, tzinfo=Timezone('UTC')), 'end_date': datetime.datetime(2024, 8, 31, 13, 26, 32, 7916, tzinfo=Timezone('UTC')), 'duration': 53}]
(Background on this error at: https://sqlalche.me/e/14/gkpj); 31383)
[2024-08-31T20:26:32.049+0700] {process_utils.py:80} INFO - Process psutil.Process(pid=31383, status='terminated', exitcode=1, started='20:25:38') (31383) terminated with exit code 1
