[2024-08-26T00:17:53.809+0700] {local_task_job_runner.py:120} INFO - ::group::Pre task execution logs
[2024-08-26T00:17:54.127+0700] {taskinstance.py:2076} INFO - Dependencies all met for dep_context=non-requeueable deps ti=<TaskInstance: scrap_mobil123.scrape_mobil123 scheduled__2024-08-14T00:00:00+00:00 [queued]>
[2024-08-26T00:17:54.144+0700] {taskinstance.py:2076} INFO - Dependencies all met for dep_context=requeueable deps ti=<TaskInstance: scrap_mobil123.scrape_mobil123 scheduled__2024-08-14T00:00:00+00:00 [queued]>
[2024-08-26T00:17:54.145+0700] {taskinstance.py:2306} INFO - Starting attempt 1 of 2
[2024-08-26T00:17:54.171+0700] {taskinstance.py:2330} INFO - Executing <Task(PythonOperator): scrape_mobil123> on 2024-08-14 00:00:00+00:00
[2024-08-26T00:17:54.178+0700] {standard_task_runner.py:64} INFO - Started process 15513 to run task
[2024-08-26T00:17:54.184+0700] {standard_task_runner.py:90} INFO - Running: ['***', 'tasks', 'run', 'scrap_mobil123', 'scrape_mobil123', 'scheduled__2024-08-14T00:00:00+00:00', '--job-id', '111', '--raw', '--subdir', 'DAGS_FOLDER/mobil123/scrap_mobil123.py', '--cfg-path', '/tmp/tmpixmhfv80']
[2024-08-26T00:17:54.187+0700] {standard_task_runner.py:91} INFO - Job 111: Subtask scrape_mobil123
[2024-08-26T00:17:54.285+0700] {task_command.py:426} INFO - Running <TaskInstance: scrap_mobil123.scrape_mobil123 scheduled__2024-08-14T00:00:00+00:00 [running]> on host BrightHorizons.
[2024-08-26T00:17:54.424+0700] {taskinstance.py:2648} INFO - Exporting env vars: AIRFLOW_CTX_DAG_OWNER='***' AIRFLOW_CTX_DAG_ID='scrap_mobil123' AIRFLOW_CTX_TASK_ID='scrape_mobil123' AIRFLOW_CTX_EXECUTION_DATE='2024-08-14T00:00:00+00:00' AIRFLOW_CTX_TRY_NUMBER='1' AIRFLOW_CTX_DAG_RUN_ID='scheduled__2024-08-14T00:00:00+00:00'
[2024-08-26T00:17:54.425+0700] {taskinstance.py:430} INFO - ::endgroup::
[2024-08-26T00:17:55.694+0700] {logging_mixin.py:188} INFO - Fetching page 1 of 2 for price category: dibawah 30 Juta
[2024-08-26T00:17:56.693+0700] {logging_mixin.py:188} INFO - Sleeping for 2.19 seconds...
[2024-08-26T00:17:58.881+0700] {logging_mixin.py:188} INFO - Fetching page 2 of 2 for price category: dibawah 30 Juta
[2024-08-26T00:17:59.763+0700] {logging_mixin.py:188} INFO - Sleeping for 1.73 seconds...
[2024-08-26T00:18:01.499+0700] {logging_mixin.py:188} INFO - Data for price category dibawah 30 Juta written to /home/miracle/mobil/scrape/output/mobil123/2024-08-26/mobil123_dibawah 30 Juta_2024-08-26.csv
[2024-08-26T00:18:02.686+0700] {logging_mixin.py:188} INFO - Fetching page 1 of 3 for price category: dibawah 40 Juta
[2024-08-26T00:18:04.186+0700] {logging_mixin.py:188} INFO - Sleeping for 2.66 seconds...
[2024-08-26T00:18:06.847+0700] {logging_mixin.py:188} INFO - Fetching page 2 of 3 for price category: dibawah 40 Juta
[2024-08-26T00:18:08.995+0700] {logging_mixin.py:188} INFO - Sleeping for 1.89 seconds...
[2024-08-26T00:18:10.884+0700] {logging_mixin.py:188} INFO - Fetching page 3 of 3 for price category: dibawah 40 Juta
[2024-08-26T00:18:11.694+0700] {logging_mixin.py:188} INFO - Sleeping for 2.12 seconds...
[2024-08-26T00:18:13.822+0700] {logging_mixin.py:188} INFO - Data for price category dibawah 40 Juta written to /home/miracle/mobil/scrape/output/mobil123/2024-08-26/mobil123_dibawah 40 Juta_2024-08-26.csv
[2024-08-26T00:18:15.032+0700] {logging_mixin.py:188} INFO - Fetching page 1 of 5 for price category: dibawah 50 Juta
[2024-08-26T00:18:16.415+0700] {logging_mixin.py:188} INFO - Sleeping for 2.42 seconds...
[2024-08-26T00:18:18.836+0700] {logging_mixin.py:188} INFO - Fetching page 2 of 5 for price category: dibawah 50 Juta
[2024-08-26T00:18:23.588+0700] {logging_mixin.py:188} INFO - Sleeping for 2.04 seconds...
[2024-08-26T00:18:25.633+0700] {logging_mixin.py:188} INFO - Fetching page 3 of 5 for price category: dibawah 50 Juta
[2024-08-26T00:18:27.214+0700] {logging_mixin.py:188} INFO - Sleeping for 1.61 seconds...
[2024-08-26T00:18:28.827+0700] {logging_mixin.py:188} INFO - Fetching page 4 of 5 for price category: dibawah 50 Juta
[2024-08-26T00:18:30.695+0700] {logging_mixin.py:188} INFO - Sleeping for 2.28 seconds...
[2024-08-26T00:18:32.973+0700] {logging_mixin.py:188} INFO - Fetching page 5 of 5 for price category: dibawah 50 Juta
[2024-08-26T00:18:33.571+0700] {logging_mixin.py:188} INFO - Sleeping for 2.86 seconds...
[2024-08-26T00:18:36.430+0700] {logging_mixin.py:188} INFO - Data for price category dibawah 50 Juta written to /home/miracle/mobil/scrape/output/mobil123/2024-08-26/mobil123_dibawah 50 Juta_2024-08-26.csv
[2024-08-26T00:18:37.793+0700] {logging_mixin.py:188} INFO - Fetching page 1 of 5 for price category: dibawah 60 Juta
[2024-08-26T00:18:39.126+0700] {logging_mixin.py:188} INFO - Sleeping for 1.57 seconds...
[2024-08-26T00:18:40.698+0700] {logging_mixin.py:188} INFO - Fetching page 2 of 5 for price category: dibawah 60 Juta
[2024-08-26T00:18:41.623+0700] {logging_mixin.py:188} INFO - Sleeping for 2.74 seconds...
[2024-08-26T00:18:44.364+0700] {logging_mixin.py:188} INFO - Fetching page 3 of 5 for price category: dibawah 60 Juta
[2024-08-26T00:18:45.355+0700] {logging_mixin.py:188} INFO - Sleeping for 1.82 seconds...
[2024-08-26T00:18:47.176+0700] {logging_mixin.py:188} INFO - Fetching page 4 of 5 for price category: dibawah 60 Juta
[2024-08-26T00:18:48.277+0700] {logging_mixin.py:188} INFO - Sleeping for 2.45 seconds...
[2024-08-26T00:18:50.726+0700] {logging_mixin.py:188} INFO - Fetching page 5 of 5 for price category: dibawah 60 Juta
[2024-08-26T00:18:52.791+0700] {logging_mixin.py:188} INFO - Sleeping for 2.41 seconds...
[2024-08-26T00:18:55.209+0700] {logging_mixin.py:188} INFO - Data for price category dibawah 60 Juta written to /home/miracle/mobil/scrape/output/mobil123/2024-08-26/mobil123_dibawah 60 Juta_2024-08-26.csv
[2024-08-26T00:18:56.077+0700] {logging_mixin.py:188} INFO - Fetching page 1 of 9 for price category: dibawah 70 Juta
[2024-08-26T00:18:57.094+0700] {logging_mixin.py:188} INFO - Sleeping for 2.21 seconds...
[2024-08-26T00:18:59.303+0700] {logging_mixin.py:188} INFO - Fetching page 2 of 9 for price category: dibawah 70 Juta
[2024-08-26T00:19:00.299+0700] {logging_mixin.py:188} INFO - Sleeping for 2.81 seconds...
[2024-08-26T00:19:03.114+0700] {logging_mixin.py:188} INFO - Fetching page 3 of 9 for price category: dibawah 70 Juta
[2024-08-26T00:19:04.107+0700] {logging_mixin.py:188} INFO - Sleeping for 2.04 seconds...
[2024-08-26T00:19:06.146+0700] {logging_mixin.py:188} INFO - Fetching page 4 of 9 for price category: dibawah 70 Juta
[2024-08-26T00:19:07.314+0700] {logging_mixin.py:188} INFO - Sleeping for 1.61 seconds...
[2024-08-26T00:19:08.929+0700] {logging_mixin.py:188} INFO - Fetching page 5 of 9 for price category: dibawah 70 Juta
[2024-08-26T00:19:09.919+0700] {logging_mixin.py:188} INFO - Sleeping for 2.64 seconds...
[2024-08-26T00:19:12.562+0700] {logging_mixin.py:188} INFO - Fetching page 6 of 9 for price category: dibawah 70 Juta
[2024-08-26T00:19:13.554+0700] {logging_mixin.py:188} INFO - Sleeping for 1.81 seconds...
[2024-08-26T00:19:15.370+0700] {logging_mixin.py:188} INFO - Fetching page 7 of 9 for price category: dibawah 70 Juta
[2024-08-26T00:19:16.498+0700] {logging_mixin.py:188} INFO - Sleeping for 1.64 seconds...
[2024-08-26T00:19:18.140+0700] {logging_mixin.py:188} INFO - Fetching page 8 of 9 for price category: dibawah 70 Juta
[2024-08-26T00:19:19.386+0700] {logging_mixin.py:188} INFO - Sleeping for 2.99 seconds...
[2024-08-26T00:19:22.381+0700] {logging_mixin.py:188} INFO - Fetching page 9 of 9 for price category: dibawah 70 Juta
[2024-08-26T00:19:23.211+0700] {logging_mixin.py:188} INFO - Sleeping for 2.50 seconds...
[2024-08-26T00:19:25.719+0700] {logging_mixin.py:188} INFO - Data for price category dibawah 70 Juta written to /home/miracle/mobil/scrape/output/mobil123/2024-08-26/mobil123_dibawah 70 Juta_2024-08-26.csv
[2024-08-26T00:19:26.796+0700] {logging_mixin.py:188} INFO - Fetching page 1 of 18 for price category: dibawah 80 Juta
[2024-08-26T00:19:27.724+0700] {logging_mixin.py:188} INFO - Sleeping for 2.64 seconds...
[2024-08-26T00:19:30.240+0700] {local_task_job_runner.py:313} WARNING - State of this instance has been externally set to success. Terminating instance.
[2024-08-26T00:19:30.240+0700] {local_task_job_runner.py:222} INFO - ::endgroup::
[2024-08-26T00:19:30.243+0700] {process_utils.py:132} INFO - Sending 15 to group 15513. PIDs of all processes in the group: [15513]
[2024-08-26T00:19:30.243+0700] {process_utils.py:87} INFO - Sending the signal 15 to group 15513
[2024-08-26T00:19:30.243+0700] {taskinstance.py:2611} ERROR - Received SIGTERM. Terminating subprocesses.
[2024-08-26T00:19:30.244+0700] {taskinstance.py:441} INFO - ::group::Post task execution logs
[2024-08-26T00:19:30.296+0700] {process_utils.py:80} INFO - Process psutil.Process(pid=15513, status='terminated', exitcode=0, started='00:17:54') (15513) terminated with exit code 0
