[2024-09-04T22:04:21.023+0700] {local_task_job_runner.py:120} INFO - ::group::Pre task execution logs
[2024-09-04T22:04:21.376+0700] {taskinstance.py:2076} INFO - Dependencies all met for dep_context=non-requeueable deps ti=<TaskInstance: scrap_mobil123.scrape_mobil123 scheduled__2024-09-01T00:00:00+00:00 [queued]>
[2024-09-04T22:04:21.399+0700] {taskinstance.py:2076} INFO - Dependencies all met for dep_context=requeueable deps ti=<TaskInstance: scrap_mobil123.scrape_mobil123 scheduled__2024-09-01T00:00:00+00:00 [queued]>
[2024-09-04T22:04:21.400+0700] {taskinstance.py:2306} INFO - Starting attempt 1 of 2
[2024-09-04T22:04:21.688+0700] {taskinstance.py:2330} INFO - Executing <Task(PythonOperator): scrape_mobil123> on 2024-09-01 00:00:00+00:00
[2024-09-04T22:04:21.695+0700] {standard_task_runner.py:64} INFO - Started process 3915 to run task
[2024-09-04T22:04:21.707+0700] {standard_task_runner.py:90} INFO - Running: ['***', 'tasks', 'run', 'scrap_mobil123', 'scrape_mobil123', 'scheduled__2024-09-01T00:00:00+00:00', '--job-id', '218', '--raw', '--subdir', 'DAGS_FOLDER/mobil123/scrap_mobil123.py', '--cfg-path', '/tmp/tmp_dir2nc7']
[2024-09-04T22:04:21.713+0700] {standard_task_runner.py:91} INFO - Job 218: Subtask scrape_mobil123
[2024-09-04T22:04:21.836+0700] {task_command.py:426} INFO - Running <TaskInstance: scrap_mobil123.scrape_mobil123 scheduled__2024-09-01T00:00:00+00:00 [running]> on host BrightHorizons.
[2024-09-04T22:04:22.058+0700] {taskinstance.py:2648} INFO - Exporting env vars: AIRFLOW_CTX_DAG_OWNER='***' AIRFLOW_CTX_DAG_ID='scrap_mobil123' AIRFLOW_CTX_TASK_ID='scrape_mobil123' AIRFLOW_CTX_EXECUTION_DATE='2024-09-01T00:00:00+00:00' AIRFLOW_CTX_TRY_NUMBER='1' AIRFLOW_CTX_DAG_RUN_ID='scheduled__2024-09-01T00:00:00+00:00'
[2024-09-04T22:04:22.060+0700] {taskinstance.py:430} INFO - ::endgroup::
[2024-09-04T22:04:26.948+0700] {logging_mixin.py:188} INFO - Fetching page 1 of 2 for price category: dibawah 30 Juta
[2024-09-04T22:04:27.467+0700] {logging_mixin.py:188} INFO - Fetching page 1 of 5 for price category: dibawah 60 Juta
[2024-09-04T22:04:27.508+0700] {logging_mixin.py:188} INFO - Fetching page 1 of 3 for price category: dibawah 40 Juta
[2024-09-04T22:04:27.998+0700] {logging_mixin.py:188} INFO - Fetching page 1 of 5 for price category: dibawah 50 Juta
[2024-09-04T22:04:28.665+0700] {logging_mixin.py:188} INFO - Sleeping for 1.87 seconds...
[2024-09-04T22:04:30.313+0700] {logging_mixin.py:188} INFO - Sleeping for 2.81 seconds...
[2024-09-04T22:04:30.721+0700] {logging_mixin.py:188} INFO - Fetching page 2 of 2 for price category: dibawah 30 Juta
[2024-09-04T22:04:30.723+0700] {logging_mixin.py:188} INFO - Sleeping for 2.67 seconds...
[2024-09-04T22:04:30.903+0700] {logging_mixin.py:188} INFO - Sleeping for 2.90 seconds...
[2024-09-04T22:04:32.963+0700] {logging_mixin.py:188} INFO - Sleeping for 2.40 seconds...
[2024-09-04T22:04:33.136+0700] {logging_mixin.py:188} INFO - Fetching page 2 of 5 for price category: dibawah 60 Juta
[2024-09-04T22:04:33.402+0700] {logging_mixin.py:188} INFO - Fetching page 2 of 3 for price category: dibawah 40 Juta
[2024-09-04T22:04:33.803+0700] {logging_mixin.py:188} INFO - Fetching page 2 of 5 for price category: dibawah 50 Juta
[2024-09-04T22:04:35.420+0700] {logging_mixin.py:188} INFO - Data for price category dibawah 30 Juta written to /home/miracle/mobil/scrape/output/mobil123/2024-09-04/mobil123_dibawah 30 Juta_2024-09-04.csv
[2024-09-04T22:04:40.028+0700] {logging_mixin.py:188} INFO - Sleeping for 1.67 seconds...
[2024-09-04T22:04:40.529+0700] {logging_mixin.py:188} INFO - Sleeping for 2.76 seconds...
[2024-09-04T22:05:21.904+0700] {logging_mixin.py:188} INFO - Fetching page 3 of 5 for price category: dibawah 60 Juta
[2024-09-04T22:05:22.474+0700] {logging_mixin.py:188} INFO - Sleeping for 1.86 seconds...
[2024-09-04T22:05:22.616+0700] {logging_mixin.py:188} INFO - Fetching page 1 of 9 for price category: dibawah 70 Juta
[2024-09-04T22:05:23.423+0700] {logging_mixin.py:188} INFO - Fetching page 3 of 3 for price category: dibawah 40 Juta
[2024-09-04T22:05:24.348+0700] {logging_mixin.py:188} INFO - Fetching page 3 of 5 for price category: dibawah 50 Juta
[2024-09-04T22:05:25.521+0700] {logging_mixin.py:188} INFO - Sleeping for 1.73 seconds...
[2024-09-04T22:05:25.690+0700] {logging_mixin.py:188} INFO - Sleeping for 2.23 seconds...
[2024-09-04T22:05:26.425+0700] {logging_mixin.py:188} INFO - Sleeping for 2.47 seconds...
[2024-09-04T22:05:27.137+0700] {logging_mixin.py:188} INFO - Sleeping for 1.66 seconds...
[2024-09-04T22:05:27.258+0700] {logging_mixin.py:188} INFO - Fetching page 4 of 5 for price category: dibawah 60 Juta
[2024-09-04T22:05:27.935+0700] {logging_mixin.py:188} INFO - Fetching page 2 of 9 for price category: dibawah 70 Juta
[2024-09-04T22:05:28.810+0700] {logging_mixin.py:188} INFO - Fetching page 4 of 5 for price category: dibawah 50 Juta
[2024-09-04T22:05:28.904+0700] {logging_mixin.py:188} INFO - Data for price category dibawah 40 Juta written to /home/miracle/mobil/scrape/output/mobil123/2024-09-04/mobil123_dibawah 40 Juta_2024-09-04.csv
[2024-09-04T22:05:30.403+0700] {logging_mixin.py:188} INFO - Sleeping for 2.80 seconds...
[2024-09-04T22:05:30.829+0700] {logging_mixin.py:188} INFO - Sleeping for 2.25 seconds...
[2024-09-04T22:05:31.597+0700] {logging_mixin.py:188} INFO - Sleeping for 2.39 seconds...
[2024-09-04T22:05:32.435+0700] {logging_mixin.py:188} INFO - Fetching page 1 of 18 for price category: dibawah 80 Juta
[2024-09-04T22:05:33.080+0700] {logging_mixin.py:188} INFO - Fetching page 3 of 9 for price category: dibawah 70 Juta
[2024-09-04T22:05:33.211+0700] {logging_mixin.py:188} INFO - Fetching page 5 of 5 for price category: dibawah 60 Juta
[2024-09-04T22:05:33.990+0700] {logging_mixin.py:188} INFO - Fetching page 5 of 5 for price category: dibawah 50 Juta
[2024-09-04T22:05:34.432+0700] {logging_mixin.py:188} INFO - Sleeping for 1.95 seconds...
[2024-09-04T22:05:35.062+0700] {logging_mixin.py:188} INFO - Sleeping for 2.32 seconds...
[2024-09-04T22:05:35.345+0700] {logging_mixin.py:188} INFO - Sleeping for 2.73 seconds...
[2024-09-04T22:05:35.518+0700] {logging_mixin.py:188} INFO - Sleeping for 2.86 seconds...
[2024-09-04T22:05:36.389+0700] {logging_mixin.py:188} INFO - Fetching page 2 of 18 for price category: dibawah 80 Juta
[2024-09-04T22:05:37.398+0700] {logging_mixin.py:188} INFO - Data for price category dibawah 60 Juta written to /home/miracle/mobil/scrape/output/mobil123/2024-09-04/mobil123_dibawah 60 Juta_2024-09-04.csv
[2024-09-04T22:05:37.941+0700] {logging_mixin.py:188} INFO - Sleeping for 2.48 seconds...
[2024-09-04T22:05:38.077+0700] {logging_mixin.py:188} INFO - Fetching page 4 of 9 for price category: dibawah 70 Juta
[2024-09-04T22:05:38.384+0700] {logging_mixin.py:188} INFO - Data for price category dibawah 50 Juta written to /home/miracle/mobil/scrape/output/mobil123/2024-09-04/mobil123_dibawah 50 Juta_2024-09-04.csv
[2024-09-04T22:05:39.695+0700] {logging_mixin.py:188} INFO - Fetching page 1 of 32 for price category: dibawah 90 Juta
[2024-09-04T22:05:39.975+0700] {logging_mixin.py:188} INFO - Sleeping for 1.84 seconds...
[2024-09-04T22:05:40.424+0700] {logging_mixin.py:188} INFO - Fetching page 3 of 18 for price category: dibawah 80 Juta
[2024-09-04T22:05:41.496+0700] {logging_mixin.py:188} INFO - Sleeping for 2.83 seconds...
[2024-09-04T22:05:41.824+0700] {logging_mixin.py:188} INFO - Fetching page 5 of 9 for price category: dibawah 70 Juta
[2024-09-04T22:05:41.956+0700] {logging_mixin.py:188} INFO - Sleeping for 1.89 seconds...
[2024-09-04T22:05:43.387+0700] {logging_mixin.py:188} INFO - Sleeping for 2.53 seconds...
[2024-09-04T22:05:43.844+0700] {logging_mixin.py:188} INFO - Fetching page 4 of 18 for price category: dibawah 80 Juta
[2024-09-04T22:05:44.325+0700] {logging_mixin.py:188} INFO - Fetching page 2 of 32 for price category: dibawah 90 Juta
[2024-09-04T22:05:45.863+0700] {logging_mixin.py:188} INFO - Sleeping for 2.83 seconds...
[2024-09-04T22:05:45.915+0700] {logging_mixin.py:188} INFO - Fetching page 6 of 9 for price category: dibawah 70 Juta
[2024-09-04T22:05:46.375+0700] {logging_mixin.py:188} INFO - Sleeping for 2.26 seconds...
[2024-09-04T22:05:47.571+0700] {logging_mixin.py:188} INFO - Sleeping for 2.20 seconds...
[2024-09-04T22:05:48.634+0700] {logging_mixin.py:188} INFO - Fetching page 3 of 32 for price category: dibawah 90 Juta
[2024-09-04T22:05:48.699+0700] {logging_mixin.py:188} INFO - Fetching page 5 of 18 for price category: dibawah 80 Juta
[2024-09-04T22:05:49.922+0700] {logging_mixin.py:188} INFO - Fetching page 7 of 9 for price category: dibawah 70 Juta
[2024-09-04T22:05:50.450+0700] {logging_mixin.py:188} INFO - Sleeping for 2.86 seconds...
[2024-09-04T22:05:50.462+0700] {logging_mixin.py:188} INFO - Sleeping for 2.39 seconds...
[2024-09-04T22:05:51.768+0700] {logging_mixin.py:188} INFO - Sleeping for 2.46 seconds...
[2024-09-04T22:05:52.851+0700] {logging_mixin.py:188} INFO - Fetching page 4 of 32 for price category: dibawah 90 Juta
[2024-09-04T22:05:53.326+0700] {logging_mixin.py:188} INFO - Fetching page 6 of 18 for price category: dibawah 80 Juta
[2024-09-04T22:05:54.236+0700] {logging_mixin.py:188} INFO - Fetching page 8 of 9 for price category: dibawah 70 Juta
[2024-09-04T22:05:54.913+0700] {logging_mixin.py:188} INFO - Sleeping for 2.38 seconds...
[2024-09-04T22:05:55.326+0700] {logging_mixin.py:188} INFO - Sleeping for 2.27 seconds...
[2024-09-04T22:05:56.059+0700] {logging_mixin.py:188} INFO - Sleeping for 2.68 seconds...
[2024-09-04T22:05:57.294+0700] {logging_mixin.py:188} INFO - Fetching page 7 of 18 for price category: dibawah 80 Juta
[2024-09-04T22:05:57.600+0700] {logging_mixin.py:188} INFO - Fetching page 5 of 32 for price category: dibawah 90 Juta
[2024-09-04T22:05:58.756+0700] {logging_mixin.py:188} INFO - Fetching page 9 of 9 for price category: dibawah 70 Juta
[2024-09-04T22:05:58.793+0700] {logging_mixin.py:188} INFO - Sleeping for 2.40 seconds...
[2024-09-04T22:05:59.885+0700] {logging_mixin.py:188} INFO - Sleeping for 2.71 seconds...
[2024-09-04T22:06:00.081+0700] {logging_mixin.py:188} INFO - Sleeping for 2.47 seconds...
[2024-09-04T22:06:01.194+0700] {logging_mixin.py:188} INFO - Fetching page 6 of 32 for price category: dibawah 90 Juta
[2024-09-04T22:06:02.560+0700] {logging_mixin.py:188} INFO - Data for price category dibawah 70 Juta written to /home/miracle/mobil/scrape/output/mobil123/2024-09-04/mobil123_dibawah 70 Juta_2024-09-04.csv
[2024-09-04T22:06:02.601+0700] {logging_mixin.py:188} INFO - Fetching page 8 of 18 for price category: dibawah 80 Juta
[2024-09-04T22:06:04.225+0700] {logging_mixin.py:188} INFO - Sleeping for 2.99 seconds...
[2024-09-04T22:06:04.637+0700] {logging_mixin.py:188} INFO - Sleeping for 1.85 seconds...
[2024-09-04T22:06:06.488+0700] {logging_mixin.py:188} INFO - Fetching page 9 of 18 for price category: dibawah 80 Juta
[2024-09-04T22:06:07.215+0700] {logging_mixin.py:188} INFO - Fetching page 7 of 32 for price category: dibawah 90 Juta
[2024-09-04T22:06:09.200+0700] {logging_mixin.py:188} INFO - Sleeping for 2.81 seconds...
[2024-09-04T22:06:09.415+0700] {logging_mixin.py:188} INFO - Sleeping for 2.98 seconds...
[2024-09-04T22:06:12.016+0700] {logging_mixin.py:188} INFO - Fetching page 10 of 18 for price category: dibawah 80 Juta
[2024-09-04T22:06:12.399+0700] {logging_mixin.py:188} INFO - Fetching page 8 of 32 for price category: dibawah 90 Juta
[2024-09-04T22:06:13.644+0700] {logging_mixin.py:188} INFO - Sleeping for 1.81 seconds...
[2024-09-04T22:06:14.206+0700] {logging_mixin.py:188} INFO - Sleeping for 2.45 seconds...
[2024-09-04T22:06:15.452+0700] {logging_mixin.py:188} INFO - Fetching page 11 of 18 for price category: dibawah 80 Juta
[2024-09-04T22:06:16.656+0700] {logging_mixin.py:188} INFO - Fetching page 9 of 32 for price category: dibawah 90 Juta
[2024-09-04T22:06:17.497+0700] {logging_mixin.py:188} INFO - Sleeping for 1.98 seconds...
[2024-09-04T22:06:18.412+0700] {logging_mixin.py:188} INFO - Sleeping for 2.36 seconds...
[2024-09-04T22:06:19.477+0700] {logging_mixin.py:188} INFO - Fetching page 12 of 18 for price category: dibawah 80 Juta
[2024-09-04T22:06:20.774+0700] {logging_mixin.py:188} INFO - Fetching page 10 of 32 for price category: dibawah 90 Juta
[2024-09-04T22:06:21.882+0700] {logging_mixin.py:188} INFO - Sleeping for 1.55 seconds...
[2024-09-04T22:06:22.389+0700] {logging_mixin.py:188} INFO - Sleeping for 1.74 seconds...
[2024-09-04T22:06:23.439+0700] {logging_mixin.py:188} INFO - Fetching page 13 of 18 for price category: dibawah 80 Juta
[2024-09-04T22:06:24.132+0700] {logging_mixin.py:188} INFO - Fetching page 11 of 32 for price category: dibawah 90 Juta
[2024-09-04T22:06:25.503+0700] {logging_mixin.py:188} INFO - Sleeping for 2.43 seconds...
[2024-09-04T22:06:26.215+0700] {logging_mixin.py:188} INFO - Sleeping for 2.51 seconds...
[2024-09-04T22:06:27.935+0700] {logging_mixin.py:188} INFO - Fetching page 12 of 32 for price category: dibawah 90 Juta
[2024-09-04T22:06:28.729+0700] {logging_mixin.py:188} INFO - Fetching page 14 of 18 for price category: dibawah 80 Juta
[2024-09-04T22:06:30.755+0700] {logging_mixin.py:188} INFO - Sleeping for 2.76 seconds...
[2024-09-04T22:06:31.747+0700] {logging_mixin.py:188} INFO - Sleeping for 2.68 seconds...
[2024-09-04T22:06:33.517+0700] {logging_mixin.py:188} INFO - Fetching page 13 of 32 for price category: dibawah 90 Juta
[2024-09-04T22:06:34.433+0700] {logging_mixin.py:188} INFO - Fetching page 15 of 18 for price category: dibawah 80 Juta
[2024-09-04T22:06:35.665+0700] {logging_mixin.py:188} INFO - Sleeping for 1.86 seconds...
[2024-09-04T22:06:36.219+0700] {logging_mixin.py:188} INFO - Sleeping for 2.20 seconds...
[2024-09-04T22:06:37.526+0700] {logging_mixin.py:188} INFO - Fetching page 14 of 32 for price category: dibawah 90 Juta
[2024-09-04T22:06:38.423+0700] {logging_mixin.py:188} INFO - Fetching page 16 of 18 for price category: dibawah 80 Juta
[2024-09-04T22:06:38.506+0700] {local_task_job_runner.py:313} WARNING - State of this instance has been externally set to success. Terminating instance.
[2024-09-04T22:06:38.508+0700] {local_task_job_runner.py:222} INFO - ::endgroup::
[2024-09-04T22:06:38.511+0700] {process_utils.py:132} INFO - Sending 15 to group 3915. PIDs of all processes in the group: [3915]
[2024-09-04T22:06:38.512+0700] {process_utils.py:87} INFO - Sending the signal 15 to group 3915
[2024-09-04T22:06:38.512+0700] {taskinstance.py:2611} ERROR - Received SIGTERM. Terminating subprocesses.
[2024-09-04T22:06:38.995+0700] {logging_mixin.py:188} INFO - Sleeping for 2.49 seconds...
[2024-09-04T22:06:40.222+0700] {logging_mixin.py:188} INFO - Sleeping for 1.72 seconds...
[2024-09-04T22:06:41.489+0700] {logging_mixin.py:188} INFO - Fetching page 15 of 32 for price category: dibawah 90 Juta
[2024-09-04T22:06:41.946+0700] {logging_mixin.py:188} INFO - Fetching page 17 of 18 for price category: dibawah 80 Juta
[2024-09-04T22:06:43.051+0700] {logging_mixin.py:188} INFO - Sleeping for 1.94 seconds...
[2024-09-04T22:06:43.423+0700] {logging_mixin.py:188} INFO - Sleeping for 1.80 seconds...
[2024-09-04T22:06:44.994+0700] {logging_mixin.py:188} INFO - Fetching page 16 of 32 for price category: dibawah 90 Juta
[2024-09-04T22:06:45.220+0700] {logging_mixin.py:188} INFO - Fetching page 18 of 18 for price category: dibawah 80 Juta
[2024-09-04T22:06:46.776+0700] {logging_mixin.py:188} INFO - Sleeping for 2.88 seconds...
[2024-09-04T22:06:46.870+0700] {logging_mixin.py:188} INFO - Sleeping for 2.53 seconds...
[2024-09-04T22:06:49.399+0700] {logging_mixin.py:188} INFO - Fetching page 17 of 32 for price category: dibawah 90 Juta
[2024-09-04T22:06:49.669+0700] {logging_mixin.py:188} INFO - Data for price category dibawah 80 Juta written to /home/miracle/mobil/scrape/output/mobil123/2024-09-04/mobil123_dibawah 80 Juta_2024-09-04.csv
[2024-09-04T22:06:50.691+0700] {logging_mixin.py:188} INFO - Sleeping for 2.17 seconds...
[2024-09-04T22:06:52.864+0700] {logging_mixin.py:188} INFO - Fetching page 18 of 32 for price category: dibawah 90 Juta
[2024-09-04T22:06:54.287+0700] {logging_mixin.py:188} INFO - Sleeping for 1.50 seconds...
[2024-09-04T22:06:55.790+0700] {logging_mixin.py:188} INFO - Fetching page 19 of 32 for price category: dibawah 90 Juta
[2024-09-04T22:06:58.027+0700] {logging_mixin.py:188} INFO - Sleeping for 2.23 seconds...
[2024-09-04T22:07:00.255+0700] {logging_mixin.py:188} INFO - Fetching page 20 of 32 for price category: dibawah 90 Juta
[2024-09-04T22:07:02.028+0700] {logging_mixin.py:188} INFO - Sleeping for 2.93 seconds...
[2024-09-04T22:07:04.965+0700] {logging_mixin.py:188} INFO - Fetching page 21 of 32 for price category: dibawah 90 Juta
[2024-09-04T22:07:06.138+0700] {logging_mixin.py:188} INFO - Sleeping for 2.83 seconds...
[2024-09-04T22:07:08.975+0700] {logging_mixin.py:188} INFO - Fetching page 22 of 32 for price category: dibawah 90 Juta
[2024-09-04T22:07:10.442+0700] {logging_mixin.py:188} INFO - Sleeping for 2.29 seconds...
[2024-09-04T22:07:12.739+0700] {logging_mixin.py:188} INFO - Fetching page 23 of 32 for price category: dibawah 90 Juta
[2024-09-04T22:07:14.006+0700] {logging_mixin.py:188} INFO - Sleeping for 2.53 seconds...
[2024-09-04T22:07:16.539+0700] {logging_mixin.py:188} INFO - Fetching page 24 of 32 for price category: dibawah 90 Juta
[2024-09-04T22:07:17.842+0700] {logging_mixin.py:188} INFO - Sleeping for 2.01 seconds...
[2024-09-04T22:07:19.860+0700] {logging_mixin.py:188} INFO - Fetching page 25 of 32 for price category: dibawah 90 Juta
[2024-09-04T22:07:21.047+0700] {logging_mixin.py:188} INFO - Sleeping for 1.77 seconds...
[2024-09-04T22:07:22.820+0700] {logging_mixin.py:188} INFO - Fetching page 26 of 32 for price category: dibawah 90 Juta
[2024-09-04T22:07:24.381+0700] {logging_mixin.py:188} INFO - Sleeping for 2.39 seconds...
[2024-09-04T22:07:26.773+0700] {logging_mixin.py:188} INFO - Fetching page 27 of 32 for price category: dibawah 90 Juta
[2024-09-04T22:07:28.010+0700] {logging_mixin.py:188} INFO - Sleeping for 1.90 seconds...
[2024-09-04T22:07:29.913+0700] {logging_mixin.py:188} INFO - Fetching page 28 of 32 for price category: dibawah 90 Juta
[2024-09-04T22:07:31.272+0700] {logging_mixin.py:188} INFO - Sleeping for 1.65 seconds...
[2024-09-04T22:07:32.920+0700] {logging_mixin.py:188} INFO - Fetching page 29 of 32 for price category: dibawah 90 Juta
[2024-09-04T22:07:34.192+0700] {logging_mixin.py:188} INFO - Sleeping for 2.09 seconds...
[2024-09-04T22:07:36.280+0700] {logging_mixin.py:188} INFO - Fetching page 30 of 32 for price category: dibawah 90 Juta
[2024-09-04T22:07:37.505+0700] {logging_mixin.py:188} INFO - Sleeping for 1.64 seconds...
[2024-09-04T22:07:38.537+0700] {process_utils.py:150} WARNING - process psutil.Process(pid=3915, name='airflow task ru', status='sleeping', started='22:04:20') did not respond to SIGTERM. Trying SIGKILL
[2024-09-04T22:07:38.538+0700] {process_utils.py:87} INFO - Sending the signal 9 to group 3915
[2024-09-04T22:07:38.565+0700] {process_utils.py:80} INFO - Process psutil.Process(pid=3915, name='airflow task ru', status='terminated', exitcode=<Negsignal.SIGKILL: -9>, started='22:04:20') (3915) terminated with exit code -9
[2024-09-04T22:07:38.566+0700] {standard_task_runner.py:176} ERROR - ('Job 218 was killed before it finished (likely due to running out of memory)', 'For more information, see https://***.apache.org/docs/apache-***/stable/troubleshooting.html#LocalTaskJob-killed')
