[2024-09-01T01:24:54.437+0700] {local_task_job_runner.py:120} INFO - ::group::Pre task execution logs
[2024-09-01T01:24:54.510+0700] {taskinstance.py:2076} INFO - Dependencies all met for dep_context=non-requeueable deps ti=<TaskInstance: scrap_oto_dag.scrape_oto manual__2024-08-31T18:24:53.160308+00:00 [queued]>
[2024-09-01T01:24:54.524+0700] {taskinstance.py:2076} INFO - Dependencies all met for dep_context=requeueable deps ti=<TaskInstance: scrap_oto_dag.scrape_oto manual__2024-08-31T18:24:53.160308+00:00 [queued]>
[2024-09-01T01:24:54.524+0700] {taskinstance.py:2306} INFO - Starting attempt 1 of 2
[2024-09-01T01:24:54.986+0700] {taskinstance.py:2330} INFO - Executing <Task(PythonOperator): scrape_oto> on 2024-08-31 18:24:53.160308+00:00
[2024-09-01T01:24:54.991+0700] {standard_task_runner.py:64} INFO - Started process 114454 to run task
[2024-09-01T01:24:54.995+0700] {standard_task_runner.py:90} INFO - Running: ['***', 'tasks', 'run', 'scrap_oto_dag', 'scrape_oto', 'manual__2024-08-31T18:24:53.160308+00:00', '--job-id', '166', '--raw', '--subdir', 'DAGS_FOLDER/oto/scrap_oto.py', '--cfg-path', '/tmp/tmpowo1iodc']
[2024-09-01T01:24:54.997+0700] {standard_task_runner.py:91} INFO - Job 166: Subtask scrape_oto
[2024-09-01T01:24:55.066+0700] {task_command.py:426} INFO - Running <TaskInstance: scrap_oto_dag.scrape_oto manual__2024-08-31T18:24:53.160308+00:00 [running]> on host BrightHorizons.
[2024-09-01T01:24:55.162+0700] {taskinstance.py:2648} INFO - Exporting env vars: AIRFLOW_CTX_DAG_OWNER='***' AIRFLOW_CTX_DAG_ID='scrap_oto_dag' AIRFLOW_CTX_TASK_ID='scrape_oto' AIRFLOW_CTX_EXECUTION_DATE='2024-08-31T18:24:53.160308+00:00' AIRFLOW_CTX_TRY_NUMBER='1' AIRFLOW_CTX_DAG_RUN_ID='manual__2024-08-31T18:24:53.160308+00:00'
[2024-09-01T01:24:55.162+0700] {taskinstance.py:430} INFO - ::endgroup::
[2024-09-01T01:24:55.632+0700] {logging_mixin.py:188} INFO - Fetching page 1 for price category: dibawah-40-juta
[2024-09-01T01:24:55.633+0700] {logging_mixin.py:188} INFO - Fetching page 2 for price category: dibawah-40-juta
[2024-09-01T01:24:55.635+0700] {logging_mixin.py:188} INFO - Fetching page 3 for price category: dibawah-40-juta
[2024-09-01T01:24:55.637+0700] {logging_mixin.py:188} INFO - Fetching page 4 for price category: dibawah-40-juta
[2024-09-01T01:24:55.667+0700] {logging_mixin.py:188} INFO - Fetching page 1 for price category: dibawah-30-juta
[2024-09-01T01:24:55.668+0700] {logging_mixin.py:188} INFO - Fetching page 2 for price category: dibawah-30-juta
[2024-09-01T01:24:55.669+0700] {logging_mixin.py:188} INFO - Fetching page 3 for price category: dibawah-30-juta
[2024-09-01T01:24:55.671+0700] {logging_mixin.py:188} INFO - Fetching page 4 for price category: dibawah-30-juta
[2024-09-01T01:24:55.678+0700] {logging_mixin.py:188} INFO - Fetching page 1 for price category: dibawah-50-juta
[2024-09-01T01:24:55.680+0700] {logging_mixin.py:188} INFO - Fetching page 2 for price category: dibawah-50-juta
[2024-09-01T01:24:55.681+0700] {logging_mixin.py:188} INFO - Fetching page 3 for price category: dibawah-50-juta
[2024-09-01T01:24:55.683+0700] {logging_mixin.py:188} INFO - Fetching page 4 for price category: dibawah-50-juta
[2024-09-01T01:24:55.842+0700] {logging_mixin.py:188} INFO - Fetching page 1 for price category: dibawah-60-juta
[2024-09-01T01:24:55.850+0700] {logging_mixin.py:188} INFO - Fetching page 2 for price category: dibawah-60-juta
[2024-09-01T01:24:55.864+0700] {logging_mixin.py:188} INFO - Fetching page 3 for price category: dibawah-60-juta
[2024-09-01T01:24:55.871+0700] {logging_mixin.py:188} INFO - Fetching page 4 for price category: dibawah-60-juta
[2024-09-01T01:24:56.229+0700] {logging_mixin.py:188} INFO - Fetching page 5 for price category: dibawah-50-juta
[2024-09-01T01:24:56.273+0700] {logging_mixin.py:188} INFO - Fetching page 5 for price category: dibawah-40-juta
[2024-09-01T01:24:56.323+0700] {logging_mixin.py:188} INFO - Fetching page 6 for price category: dibawah-40-juta
[2024-09-01T01:24:56.509+0700] {logging_mixin.py:188} INFO - Fetching page 5 for price category: dibawah-60-juta
[2024-09-01T01:24:56.624+0700] {logging_mixin.py:188} INFO - Fetching page 7 for price category: dibawah-40-juta
[2024-09-01T01:24:56.731+0700] {logging_mixin.py:188} INFO - Fetching page 5 for price category: dibawah-30-juta
[2024-09-01T01:24:56.936+0700] {logging_mixin.py:188} INFO - Fetching page 8 for price category: dibawah-40-juta
[2024-09-01T01:24:56.986+0700] {logging_mixin.py:188} INFO - Fetching page 6 for price category: dibawah-50-juta
[2024-09-01T01:24:57.255+0700] {logging_mixin.py:188} INFO - Fetching page 7 for price category: dibawah-50-juta
[2024-09-01T01:24:57.286+0700] {logging_mixin.py:188} INFO - Fetching page 6 for price category: dibawah-60-juta
[2024-09-01T01:24:57.287+0700] {logging_mixin.py:188} INFO - Fetching page 7 for price category: dibawah-60-juta
[2024-09-01T01:24:57.314+0700] {logging_mixin.py:188} INFO - Fetching page 9 for price category: dibawah-40-juta
[2024-09-01T01:24:57.358+0700] {logging_mixin.py:188} INFO - Fetching page 8 for price category: dibawah-50-juta
[2024-09-01T01:24:57.359+0700] {logging_mixin.py:188} INFO - Fetching page 9 for price category: dibawah-50-juta
[2024-09-01T01:24:57.544+0700] {logging_mixin.py:188} INFO - Fetching page 10 for price category: dibawah-40-juta
[2024-09-01T01:24:57.637+0700] {logging_mixin.py:188} INFO - Fetching page 11 for price category: dibawah-40-juta
[2024-09-01T01:24:57.662+0700] {logging_mixin.py:188} INFO - Data for price category dibawah-30-juta written to /home/miracle/mobil/scrape/output/oto/2024-09-01/oto_car_dibawah_30_juta_2024-09-01.csv
[2024-09-01T01:24:57.695+0700] {logging_mixin.py:188} INFO - Fetching page 12 for price category: dibawah-40-juta
[2024-09-01T01:24:57.850+0700] {logging_mixin.py:188} INFO - Fetching page 10 for price category: dibawah-50-juta
[2024-09-01T01:24:57.955+0700] {logging_mixin.py:188} INFO - Fetching page 11 for price category: dibawah-50-juta
[2024-09-01T01:24:57.999+0700] {logging_mixin.py:188} INFO - Fetching page 8 for price category: dibawah-60-juta
[2024-09-01T01:24:58.040+0700] {logging_mixin.py:188} INFO - Fetching page 13 for price category: dibawah-40-juta
[2024-09-01T01:24:58.070+0700] {logging_mixin.py:188} INFO - Fetching page 14 for price category: dibawah-40-juta
[2024-09-01T01:24:58.134+0700] {logging_mixin.py:188} INFO - Fetching page 12 for price category: dibawah-50-juta
[2024-09-01T01:24:58.237+0700] {logging_mixin.py:188} INFO - Fetching page 1 for price category: dibawah-70-juta
[2024-09-01T01:24:58.306+0700] {logging_mixin.py:188} INFO - Fetching page 15 for price category: dibawah-40-juta
[2024-09-01T01:24:58.318+0700] {logging_mixin.py:188} INFO - Fetching page 2 for price category: dibawah-70-juta
[2024-09-01T01:24:58.327+0700] {logging_mixin.py:188} INFO - Fetching page 3 for price category: dibawah-70-juta
[2024-09-01T01:24:58.334+0700] {logging_mixin.py:188} INFO - Fetching page 4 for price category: dibawah-70-juta
[2024-09-01T01:24:58.336+0700] {logging_mixin.py:188} INFO - Fetching page 16 for price category: dibawah-40-juta
[2024-09-01T01:24:58.378+0700] {logging_mixin.py:188} INFO - Fetching page 13 for price category: dibawah-50-juta
[2024-09-01T01:24:58.471+0700] {logging_mixin.py:188} INFO - Fetching page 14 for price category: dibawah-50-juta
[2024-09-01T01:24:58.558+0700] {logging_mixin.py:188} INFO - Fetching page 9 for price category: dibawah-60-juta
[2024-09-01T01:24:58.692+0700] {logging_mixin.py:188} INFO - Fetching page 17 for price category: dibawah-40-juta
[2024-09-01T01:24:58.725+0700] {logging_mixin.py:188} INFO - Fetching page 15 for price category: dibawah-50-juta
[2024-09-01T01:24:58.828+0700] {logging_mixin.py:188} INFO - Fetching page 5 for price category: dibawah-70-juta
[2024-09-01T01:24:59.098+0700] {logging_mixin.py:188} INFO - Fetching page 6 for price category: dibawah-70-juta
[2024-09-01T01:24:59.160+0700] {logging_mixin.py:188} INFO - Fetching page 16 for price category: dibawah-50-juta
[2024-09-01T01:24:59.223+0700] {logging_mixin.py:188} INFO - Fetching page 7 for price category: dibawah-70-juta
[2024-09-01T01:24:59.279+0700] {logging_mixin.py:188} INFO - Fetching page 8 for price category: dibawah-70-juta
[2024-09-01T01:24:59.359+0700] {logging_mixin.py:188} INFO - Fetching page 17 for price category: dibawah-50-juta
[2024-09-01T01:24:59.363+0700] {logging_mixin.py:188} INFO - Fetching page 10 for price category: dibawah-60-juta
[2024-09-01T01:24:59.417+0700] {logging_mixin.py:188} INFO - Fetching page 18 for price category: dibawah-50-juta
[2024-09-01T01:24:59.426+0700] {logging_mixin.py:188} INFO - Data for price category dibawah-40-juta written to /home/miracle/mobil/scrape/output/oto/2024-09-01/oto_car_dibawah_40_juta_2024-09-01.csv
[2024-09-01T01:24:59.524+0700] {logging_mixin.py:188} INFO - Fetching page 9 for price category: dibawah-70-juta
[2024-09-01T01:24:59.688+0700] {logging_mixin.py:188} INFO - Fetching page 10 for price category: dibawah-70-juta
[2024-09-01T01:24:59.910+0700] {logging_mixin.py:188} INFO - Fetching page 11 for price category: dibawah-70-juta
[2024-09-01T01:24:59.934+0700] {logging_mixin.py:188} INFO - Fetching page 1 for price category: dibawah-80-juta
[2024-09-01T01:24:59.951+0700] {logging_mixin.py:188} INFO - Fetching page 2 for price category: dibawah-80-juta
[2024-09-01T01:24:59.978+0700] {logging_mixin.py:188} INFO - Fetching page 19 for price category: dibawah-50-juta
[2024-09-01T01:24:59.999+0700] {logging_mixin.py:188} INFO - Fetching page 20 for price category: dibawah-50-juta
[2024-09-01T01:25:00.038+0700] {logging_mixin.py:188} INFO - Fetching page 3 for price category: dibawah-80-juta
[2024-09-01T01:25:00.047+0700] {logging_mixin.py:188} INFO - Fetching page 4 for price category: dibawah-80-juta
[2024-09-01T01:25:00.133+0700] {logging_mixin.py:188} INFO - Fetching page 12 for price category: dibawah-70-juta
[2024-09-01T01:25:00.167+0700] {logging_mixin.py:188} INFO - Fetching page 21 for price category: dibawah-50-juta
[2024-09-01T01:25:00.306+0700] {logging_mixin.py:188} INFO - Fetching page 13 for price category: dibawah-70-juta
[2024-09-01T01:25:00.343+0700] {logging_mixin.py:188} INFO - Fetching page 14 for price category: dibawah-70-juta
[2024-09-01T01:25:00.564+0700] {logging_mixin.py:188} INFO - Fetching page 5 for price category: dibawah-80-juta
[2024-09-01T01:25:00.717+0700] {logging_mixin.py:188} INFO - Fetching page 6 for price category: dibawah-80-juta
[2024-09-01T01:25:00.747+0700] {logging_mixin.py:188} INFO - Fetching page 22 for price category: dibawah-50-juta
[2024-09-01T01:25:00.818+0700] {logging_mixin.py:188} INFO - Fetching page 23 for price category: dibawah-50-juta
[2024-09-01T01:25:00.961+0700] {logging_mixin.py:188} INFO - Fetching page 7 for price category: dibawah-80-juta
[2024-09-01T01:25:01.021+0700] {logging_mixin.py:188} INFO - Fetching page 24 for price category: dibawah-50-juta
[2024-09-01T01:25:01.067+0700] {logging_mixin.py:188} INFO - Fetching page 15 for price category: dibawah-70-juta
[2024-09-01T01:25:01.068+0700] {logging_mixin.py:188} INFO - Fetching page 8 for price category: dibawah-80-juta
[2024-09-01T01:25:01.087+0700] {logging_mixin.py:188} INFO - Fetching page 16 for price category: dibawah-70-juta
[2024-09-01T01:25:01.157+0700] {logging_mixin.py:188} INFO - Fetching page 17 for price category: dibawah-70-juta
[2024-09-01T01:25:01.181+0700] {logging_mixin.py:188} INFO - Fetching page 11 for price category: dibawah-60-juta
[2024-09-01T01:25:01.467+0700] {logging_mixin.py:188} INFO - Fetching page 18 for price category: dibawah-70-juta
[2024-09-01T01:25:01.467+0700] {logging_mixin.py:188} INFO - Fetching page 12 for price category: dibawah-60-juta
[2024-09-01T01:25:01.511+0700] {logging_mixin.py:188} INFO - Fetching page 13 for price category: dibawah-60-juta
[2024-09-01T01:25:01.513+0700] {logging_mixin.py:188} INFO - Fetching page 25 for price category: dibawah-50-juta
[2024-09-01T01:25:01.619+0700] {logging_mixin.py:188} INFO - Fetching page 26 for price category: dibawah-50-juta
[2024-09-01T01:25:01.810+0700] {logging_mixin.py:188} INFO - Fetching page 27 for price category: dibawah-50-juta
[2024-09-01T01:25:01.827+0700] {logging_mixin.py:188} INFO - Fetching page 14 for price category: dibawah-60-juta
[2024-09-01T01:25:01.841+0700] {logging_mixin.py:188} INFO - Fetching page 9 for price category: dibawah-80-juta
[2024-09-01T01:25:01.853+0700] {logging_mixin.py:188} INFO - Fetching page 10 for price category: dibawah-80-juta
[2024-09-01T01:25:01.855+0700] {logging_mixin.py:188} INFO - Fetching page 28 for price category: dibawah-50-juta
[2024-09-01T01:25:02.089+0700] {logging_mixin.py:188} INFO - Fetching page 11 for price category: dibawah-80-juta
[2024-09-01T01:25:02.188+0700] {logging_mixin.py:188} INFO - Fetching page 19 for price category: dibawah-70-juta
[2024-09-01T01:25:02.213+0700] {logging_mixin.py:188} INFO - Fetching page 15 for price category: dibawah-60-juta
[2024-09-01T01:25:02.252+0700] {logging_mixin.py:188} INFO - Fetching page 12 for price category: dibawah-80-juta
[2024-09-01T01:25:02.307+0700] {logging_mixin.py:188} INFO - Fetching page 20 for price category: dibawah-70-juta
[2024-09-01T01:25:02.392+0700] {logging_mixin.py:188} INFO - Fetching page 21 for price category: dibawah-70-juta
[2024-09-01T01:25:02.445+0700] {logging_mixin.py:188} INFO - Fetching page 16 for price category: dibawah-60-juta
[2024-09-01T01:25:02.548+0700] {logging_mixin.py:188} INFO - Fetching page 22 for price category: dibawah-70-juta
[2024-09-01T01:25:02.557+0700] {logging_mixin.py:188} INFO - Fetching page 29 for price category: dibawah-50-juta
[2024-09-01T01:25:02.583+0700] {logging_mixin.py:188} INFO - Fetching page 13 for price category: dibawah-80-juta
[2024-09-01T01:25:02.642+0700] {logging_mixin.py:188} INFO - Fetching page 17 for price category: dibawah-60-juta
[2024-09-01T01:25:02.708+0700] {logging_mixin.py:188} INFO - Fetching page 30 for price category: dibawah-50-juta
[2024-09-01T01:25:02.793+0700] {logging_mixin.py:188} INFO - Fetching page 18 for price category: dibawah-60-juta
[2024-09-01T01:25:03.049+0700] {logging_mixin.py:188} INFO - Fetching page 31 for price category: dibawah-50-juta
[2024-09-01T01:25:03.080+0700] {logging_mixin.py:188} INFO - Fetching page 23 for price category: dibawah-70-juta
[2024-09-01T01:25:03.090+0700] {logging_mixin.py:188} INFO - Fetching page 32 for price category: dibawah-50-juta
[2024-09-01T01:25:03.134+0700] {logging_mixin.py:188} INFO - Fetching page 19 for price category: dibawah-60-juta
[2024-09-01T01:25:03.139+0700] {logging_mixin.py:188} INFO - Fetching page 14 for price category: dibawah-80-juta
[2024-09-01T01:25:03.464+0700] {logging_mixin.py:188} INFO - Fetching page 15 for price category: dibawah-80-juta
[2024-09-01T01:25:03.524+0700] {logging_mixin.py:188} INFO - Fetching page 24 for price category: dibawah-70-juta
[2024-09-01T01:25:03.567+0700] {logging_mixin.py:188} INFO - Fetching page 25 for price category: dibawah-70-juta
[2024-09-01T01:25:03.666+0700] {logging_mixin.py:188} INFO - Fetching page 33 for price category: dibawah-50-juta
[2024-09-01T01:25:03.745+0700] {logging_mixin.py:188} INFO - Fetching page 26 for price category: dibawah-70-juta
[2024-09-01T01:25:03.746+0700] {logging_mixin.py:188} INFO - Fetching page 20 for price category: dibawah-60-juta
[2024-09-01T01:25:03.758+0700] {logging_mixin.py:188} INFO - Fetching page 16 for price category: dibawah-80-juta
[2024-09-01T01:25:03.792+0700] {logging_mixin.py:188} INFO - Fetching page 21 for price category: dibawah-60-juta
[2024-09-01T01:25:03.812+0700] {logging_mixin.py:188} INFO - Fetching page 22 for price category: dibawah-60-juta
[2024-09-01T01:25:04.003+0700] {logging_mixin.py:188} INFO - Fetching page 17 for price category: dibawah-80-juta
[2024-09-01T01:25:04.055+0700] {logging_mixin.py:188} INFO - Fetching page 18 for price category: dibawah-80-juta
[2024-09-01T01:25:04.072+0700] {logging_mixin.py:188} INFO - Fetching page 34 for price category: dibawah-50-juta
[2024-09-01T01:25:04.079+0700] {logging_mixin.py:188} INFO - Fetching page 35 for price category: dibawah-50-juta
[2024-09-01T01:25:04.099+0700] {logging_mixin.py:188} INFO - Fetching page 36 for price category: dibawah-50-juta
[2024-09-01T01:25:04.338+0700] {logging_mixin.py:188} INFO - Fetching page 27 for price category: dibawah-70-juta
[2024-09-01T01:25:04.345+0700] {logging_mixin.py:188} INFO - Fetching page 19 for price category: dibawah-80-juta
[2024-09-01T01:25:04.391+0700] {logging_mixin.py:188} INFO - Fetching page 23 for price category: dibawah-60-juta
[2024-09-01T01:25:04.403+0700] {logging_mixin.py:188} INFO - Fetching page 28 for price category: dibawah-70-juta
[2024-09-01T01:25:04.936+0700] {logging_mixin.py:188} INFO - Fetching page 37 for price category: dibawah-50-juta
[2024-09-01T01:25:04.943+0700] {logging_mixin.py:188} INFO - Fetching page 20 for price category: dibawah-80-juta
[2024-09-01T01:25:04.990+0700] {logging_mixin.py:188} INFO - Fetching page 21 for price category: dibawah-80-juta
[2024-09-01T01:25:04.993+0700] {logging_mixin.py:188} INFO - Fetching page 24 for price category: dibawah-60-juta
[2024-09-01T01:25:04.998+0700] {logging_mixin.py:188} INFO - Fetching page 29 for price category: dibawah-70-juta
[2024-09-01T01:25:05.036+0700] {logging_mixin.py:188} INFO - Fetching page 25 for price category: dibawah-60-juta
[2024-09-01T01:25:05.058+0700] {logging_mixin.py:188} INFO - Fetching page 22 for price category: dibawah-80-juta
[2024-09-01T01:25:05.059+0700] {logging_mixin.py:188} INFO - Fetching page 30 for price category: dibawah-70-juta
[2024-09-01T01:25:05.110+0700] {logging_mixin.py:188} INFO - Fetching page 38 for price category: dibawah-50-juta
[2024-09-01T01:25:05.161+0700] {logging_mixin.py:188} INFO - Fetching page 26 for price category: dibawah-60-juta
[2024-09-01T01:25:05.311+0700] {logging_mixin.py:188} INFO - Fetching page 31 for price category: dibawah-70-juta
[2024-09-01T01:25:05.319+0700] {logging_mixin.py:188} INFO - Fetching page 39 for price category: dibawah-50-juta
[2024-09-01T01:25:05.410+0700] {logging_mixin.py:188} INFO - Fetching page 40 for price category: dibawah-50-juta
[2024-09-01T01:25:05.434+0700] {logging_mixin.py:188} INFO - Fetching page 32 for price category: dibawah-70-juta
[2024-09-01T01:25:05.501+0700] {logging_mixin.py:188} INFO - Fetching page 23 for price category: dibawah-80-juta
[2024-09-01T01:25:05.585+0700] {logging_mixin.py:188} INFO - Fetching page 27 for price category: dibawah-60-juta
[2024-09-01T01:25:05.782+0700] {logging_mixin.py:188} INFO - Fetching page 33 for price category: dibawah-70-juta
[2024-09-01T01:25:05.789+0700] {logging_mixin.py:188} INFO - Fetching page 41 for price category: dibawah-50-juta
[2024-09-01T01:25:05.790+0700] {logging_mixin.py:188} INFO - Fetching page 24 for price category: dibawah-80-juta
[2024-09-01T01:25:06.210+0700] {logging_mixin.py:188} INFO - Fetching page 34 for price category: dibawah-70-juta
[2024-09-01T01:25:06.299+0700] {logging_mixin.py:188} INFO - Fetching page 28 for price category: dibawah-60-juta
[2024-09-01T01:25:06.303+0700] {logging_mixin.py:188} INFO - Fetching page 29 for price category: dibawah-60-juta
[2024-09-01T01:25:06.305+0700] {logging_mixin.py:188} INFO - Fetching page 25 for price category: dibawah-80-juta
[2024-09-01T01:25:06.596+0700] {logging_mixin.py:188} INFO - Fetching page 42 for price category: dibawah-50-juta
[2024-09-01T01:25:06.612+0700] {logging_mixin.py:188} INFO - Fetching page 26 for price category: dibawah-80-juta
[2024-09-01T01:25:06.624+0700] {logging_mixin.py:188} INFO - Fetching page 30 for price category: dibawah-60-juta
[2024-09-01T01:25:06.657+0700] {logging_mixin.py:188} INFO - Fetching page 43 for price category: dibawah-50-juta
[2024-09-01T01:25:06.673+0700] {logging_mixin.py:188} INFO - Fetching page 31 for price category: dibawah-60-juta
[2024-09-01T01:25:06.686+0700] {logging_mixin.py:188} INFO - Fetching page 44 for price category: dibawah-50-juta
[2024-09-01T01:25:06.811+0700] {logging_mixin.py:188} INFO - Fetching page 35 for price category: dibawah-70-juta
[2024-09-01T01:25:06.865+0700] {logging_mixin.py:188} INFO - Fetching page 27 for price category: dibawah-80-juta
[2024-09-01T01:25:06.954+0700] {logging_mixin.py:188} INFO - Fetching page 36 for price category: dibawah-70-juta
[2024-09-01T01:25:07.015+0700] {logging_mixin.py:188} INFO - Fetching page 45 for price category: dibawah-50-juta
[2024-09-01T01:25:07.109+0700] {logging_mixin.py:188} INFO - Fetching page 37 for price category: dibawah-70-juta
[2024-09-01T01:25:07.144+0700] {logging_mixin.py:188} INFO - Fetching page 38 for price category: dibawah-70-juta
[2024-09-01T01:25:07.271+0700] {logging_mixin.py:188} INFO - Fetching page 32 for price category: dibawah-60-juta
[2024-09-01T01:25:07.308+0700] {logging_mixin.py:188} INFO - Fetching page 28 for price category: dibawah-80-juta
[2024-09-01T01:25:07.346+0700] {logging_mixin.py:188} INFO - Fetching page 33 for price category: dibawah-60-juta
[2024-09-01T01:25:07.399+0700] {logging_mixin.py:188} INFO - Fetching page 29 for price category: dibawah-80-juta
[2024-09-01T01:25:07.408+0700] {logging_mixin.py:188} INFO - Fetching page 30 for price category: dibawah-80-juta
[2024-09-01T01:25:07.658+0700] {logging_mixin.py:188} INFO - Fetching page 46 for price category: dibawah-50-juta
[2024-09-01T01:25:07.715+0700] {logging_mixin.py:188} INFO - Fetching page 34 for price category: dibawah-60-juta
[2024-09-01T01:25:07.848+0700] {logging_mixin.py:188} INFO - Fetching page 47 for price category: dibawah-50-juta
[2024-09-01T01:25:07.919+0700] {logging_mixin.py:188} INFO - Fetching page 48 for price category: dibawah-50-juta
[2024-09-01T01:25:08.038+0700] {logging_mixin.py:188} INFO - Fetching page 39 for price category: dibawah-70-juta
[2024-09-01T01:25:08.075+0700] {logging_mixin.py:188} INFO - Fetching page 40 for price category: dibawah-70-juta
[2024-09-01T01:25:08.088+0700] {logging_mixin.py:188} INFO - Fetching page 35 for price category: dibawah-60-juta
[2024-09-01T01:25:08.124+0700] {logging_mixin.py:188} INFO - Fetching page 31 for price category: dibawah-80-juta
[2024-09-01T01:25:08.157+0700] {logging_mixin.py:188} INFO - Fetching page 41 for price category: dibawah-70-juta
[2024-09-01T01:25:08.158+0700] {logging_mixin.py:188} INFO - Fetching page 49 for price category: dibawah-50-juta
[2024-09-01T01:25:08.417+0700] {logging_mixin.py:188} INFO - Fetching page 42 for price category: dibawah-70-juta
[2024-09-01T01:25:08.445+0700] {logging_mixin.py:188} INFO - Fetching page 32 for price category: dibawah-80-juta
[2024-09-01T01:25:08.454+0700] {logging_mixin.py:188} INFO - Fetching page 36 for price category: dibawah-60-juta
[2024-09-01T01:25:08.465+0700] {logging_mixin.py:188} INFO - Fetching page 37 for price category: dibawah-60-juta
[2024-09-01T01:25:08.468+0700] {logging_mixin.py:188} INFO - Fetching page 33 for price category: dibawah-80-juta
[2024-09-01T01:25:08.728+0700] {logging_mixin.py:188} INFO - Fetching page 38 for price category: dibawah-60-juta
[2024-09-01T01:25:08.748+0700] {logging_mixin.py:188} INFO - Fetching page 34 for price category: dibawah-80-juta
[2024-09-01T01:25:08.962+0700] {logging_mixin.py:188} INFO - Fetching page 43 for price category: dibawah-70-juta
[2024-09-01T01:25:09.198+0700] {logging_mixin.py:188} INFO - Fetching page 39 for price category: dibawah-60-juta
[2024-09-01T01:25:09.387+0700] {logging_mixin.py:188} INFO - Fetching page 44 for price category: dibawah-70-juta
[2024-09-01T01:25:09.600+0700] {logging_mixin.py:188} INFO - Fetching page 40 for price category: dibawah-60-juta
[2024-09-01T01:25:09.711+0700] {logging_mixin.py:188} INFO - Fetching page 45 for price category: dibawah-70-juta
[2024-09-01T01:25:09.763+0700] {logging_mixin.py:188} INFO - Fetching page 41 for price category: dibawah-60-juta
[2024-09-01T01:25:09.785+0700] {logging_mixin.py:188} INFO - Fetching page 35 for price category: dibawah-80-juta
[2024-09-01T01:25:09.795+0700] {logging_mixin.py:188} INFO - Fetching page 42 for price category: dibawah-60-juta
[2024-09-01T01:25:09.797+0700] {logging_mixin.py:188} INFO - Fetching page 36 for price category: dibawah-80-juta
[2024-09-01T01:25:09.803+0700] {logging_mixin.py:188} INFO - Fetching page 37 for price category: dibawah-80-juta
[2024-09-01T01:25:09.818+0700] {logging_mixin.py:188} INFO - Fetching page 46 for price category: dibawah-70-juta
[2024-09-01T01:25:09.860+0700] {logging_mixin.py:188} INFO - Fetching page 47 for price category: dibawah-70-juta
[2024-09-01T01:25:09.912+0700] {logging_mixin.py:188} INFO - Fetching page 38 for price category: dibawah-80-juta
[2024-09-01T01:25:09.922+0700] {logging_mixin.py:188} INFO - Data for price category dibawah-50-juta written to /home/miracle/mobil/scrape/output/oto/2024-09-01/oto_car_dibawah_50_juta_2024-09-01.csv
[2024-09-01T01:25:10.138+0700] {logging_mixin.py:188} INFO - Fetching page 43 for price category: dibawah-60-juta
[2024-09-01T01:25:10.222+0700] {logging_mixin.py:188} INFO - Fetching page 48 for price category: dibawah-70-juta
[2024-09-01T01:25:10.287+0700] {logging_mixin.py:188} INFO - Fetching page 44 for price category: dibawah-60-juta
[2024-09-01T01:25:10.336+0700] {logging_mixin.py:188} INFO - Fetching page 45 for price category: dibawah-60-juta
[2024-09-01T01:25:10.471+0700] {logging_mixin.py:188} INFO - Fetching page 39 for price category: dibawah-80-juta
[2024-09-01T01:25:10.483+0700] {logging_mixin.py:188} INFO - Fetching page 49 for price category: dibawah-70-juta
[2024-09-01T01:25:10.581+0700] {logging_mixin.py:188} INFO - Fetching page 50 for price category: dibawah-70-juta
[2024-09-01T01:25:10.772+0700] {logging_mixin.py:188} INFO - Fetching page 1 for price category: dibawah-90-juta
[2024-09-01T01:25:10.796+0700] {logging_mixin.py:188} INFO - Fetching page 2 for price category: dibawah-90-juta
[2024-09-01T01:25:10.808+0700] {logging_mixin.py:188} INFO - Fetching page 40 for price category: dibawah-80-juta
[2024-09-01T01:25:10.817+0700] {logging_mixin.py:188} INFO - Fetching page 3 for price category: dibawah-90-juta
[2024-09-01T01:25:10.849+0700] {logging_mixin.py:188} INFO - Fetching page 4 for price category: dibawah-90-juta
[2024-09-01T01:25:10.908+0700] {logging_mixin.py:188} INFO - Fetching page 51 for price category: dibawah-70-juta
[2024-09-01T01:25:10.965+0700] {logging_mixin.py:188} INFO - Fetching page 46 for price category: dibawah-60-juta
[2024-09-01T01:25:10.996+0700] {logging_mixin.py:188} INFO - Fetching page 47 for price category: dibawah-60-juta
[2024-09-01T01:25:11.070+0700] {logging_mixin.py:188} INFO - Fetching page 52 for price category: dibawah-70-juta
[2024-09-01T01:25:11.178+0700] {logging_mixin.py:188} INFO - Fetching page 48 for price category: dibawah-60-juta
[2024-09-01T01:25:11.199+0700] {logging_mixin.py:188} INFO - Fetching page 41 for price category: dibawah-80-juta
[2024-09-01T01:25:11.289+0700] {logging_mixin.py:188} INFO - Fetching page 49 for price category: dibawah-60-juta
[2024-09-01T01:25:11.462+0700] {logging_mixin.py:188} INFO - Fetching page 42 for price category: dibawah-80-juta
[2024-09-01T01:25:11.526+0700] {logging_mixin.py:188} INFO - Fetching page 53 for price category: dibawah-70-juta
[2024-09-01T01:25:11.566+0700] {logging_mixin.py:188} INFO - Fetching page 5 for price category: dibawah-90-juta
[2024-09-01T01:25:11.725+0700] {logging_mixin.py:188} INFO - Fetching page 43 for price category: dibawah-80-juta
[2024-09-01T01:25:11.741+0700] {logging_mixin.py:188} INFO - Fetching page 44 for price category: dibawah-80-juta
[2024-09-01T01:25:11.817+0700] {logging_mixin.py:188} INFO - Fetching page 54 for price category: dibawah-70-juta
[2024-09-01T01:25:11.864+0700] {logging_mixin.py:188} INFO - Fetching page 6 for price category: dibawah-90-juta
[2024-09-01T01:25:12.369+0700] {logging_mixin.py:188} INFO - Fetching page 50 for price category: dibawah-60-juta
[2024-09-01T01:25:12.389+0700] {logging_mixin.py:188} INFO - Fetching page 7 for price category: dibawah-90-juta
[2024-09-01T01:25:12.507+0700] {logging_mixin.py:188} INFO - Fetching page 51 for price category: dibawah-60-juta
[2024-09-01T01:25:12.578+0700] {logging_mixin.py:188} INFO - Fetching page 52 for price category: dibawah-60-juta
[2024-09-01T01:25:12.632+0700] {logging_mixin.py:188} INFO - Fetching page 53 for price category: dibawah-60-juta
[2024-09-01T01:25:12.689+0700] {logging_mixin.py:188} INFO - Fetching page 45 for price category: dibawah-80-juta
[2024-09-01T01:25:12.733+0700] {logging_mixin.py:188} INFO - Fetching page 55 for price category: dibawah-70-juta
[2024-09-01T01:25:12.947+0700] {logging_mixin.py:188} INFO - Fetching page 8 for price category: dibawah-90-juta
[2024-09-01T01:25:13.112+0700] {logging_mixin.py:188} INFO - Fetching page 56 for price category: dibawah-70-juta
[2024-09-01T01:25:13.229+0700] {logging_mixin.py:188} INFO - Fetching page 46 for price category: dibawah-80-juta
[2024-09-01T01:25:13.259+0700] {logging_mixin.py:188} INFO - Fetching page 47 for price category: dibawah-80-juta
[2024-09-01T01:25:13.279+0700] {logging_mixin.py:188} INFO - Fetching page 57 for price category: dibawah-70-juta
[2024-09-01T01:25:13.371+0700] {logging_mixin.py:188} INFO - Fetching page 9 for price category: dibawah-90-juta
[2024-09-01T01:25:13.508+0700] {logging_mixin.py:188} INFO - Fetching page 58 for price category: dibawah-70-juta
[2024-09-01T01:25:13.594+0700] {logging_mixin.py:188} INFO - Fetching page 10 for price category: dibawah-90-juta
[2024-09-01T01:25:13.638+0700] {logging_mixin.py:188} INFO - Fetching page 48 for price category: dibawah-80-juta
[2024-09-01T01:25:13.855+0700] {logging_mixin.py:188} INFO - Fetching page 11 for price category: dibawah-90-juta
[2024-09-01T01:25:13.897+0700] {logging_mixin.py:188} INFO - Fetching page 54 for price category: dibawah-60-juta
[2024-09-01T01:25:13.990+0700] {logging_mixin.py:188} INFO - Fetching page 49 for price category: dibawah-80-juta
[2024-09-01T01:25:14.009+0700] {logging_mixin.py:188} INFO - Fetching page 55 for price category: dibawah-60-juta
[2024-09-01T01:25:14.363+0700] {logging_mixin.py:188} INFO - Fetching page 59 for price category: dibawah-70-juta
[2024-09-01T01:25:14.366+0700] {logging_mixin.py:188} INFO - Fetching page 60 for price category: dibawah-70-juta
[2024-09-01T01:25:14.371+0700] {logging_mixin.py:188} INFO - Fetching page 56 for price category: dibawah-60-juta
[2024-09-01T01:25:14.490+0700] {logging_mixin.py:188} INFO - Fetching page 50 for price category: dibawah-80-juta
[2024-09-01T01:25:14.556+0700] {logging_mixin.py:188} INFO - Fetching page 61 for price category: dibawah-70-juta
[2024-09-01T01:25:14.596+0700] {logging_mixin.py:188} INFO - Fetching page 57 for price category: dibawah-60-juta
[2024-09-01T01:25:14.643+0700] {logging_mixin.py:188} INFO - Fetching page 12 for price category: dibawah-90-juta
[2024-09-01T01:25:14.696+0700] {logging_mixin.py:188} INFO - Fetching page 13 for price category: dibawah-90-juta
[2024-09-01T01:25:14.717+0700] {logging_mixin.py:188} INFO - Fetching page 14 for price category: dibawah-90-juta
[2024-09-01T01:25:14.860+0700] {logging_mixin.py:188} INFO - Fetching page 51 for price category: dibawah-80-juta
[2024-09-01T01:25:14.911+0700] {logging_mixin.py:188} INFO - Fetching page 62 for price category: dibawah-70-juta
[2024-09-01T01:25:14.918+0700] {logging_mixin.py:188} INFO - Fetching page 15 for price category: dibawah-90-juta
[2024-09-01T01:25:15.062+0700] {logging_mixin.py:188} INFO - Fetching page 52 for price category: dibawah-80-juta
[2024-09-01T01:25:15.129+0700] {logging_mixin.py:188} INFO - Fetching page 58 for price category: dibawah-60-juta
[2024-09-01T01:25:15.249+0700] {logging_mixin.py:188} INFO - Fetching page 59 for price category: dibawah-60-juta
[2024-09-01T01:25:15.297+0700] {logging_mixin.py:188} INFO - Fetching page 63 for price category: dibawah-70-juta
[2024-09-01T01:25:15.337+0700] {logging_mixin.py:188} INFO - Fetching page 60 for price category: dibawah-60-juta
[2024-09-01T01:25:15.374+0700] {logging_mixin.py:188} INFO - Fetching page 64 for price category: dibawah-70-juta
[2024-09-01T01:25:15.564+0700] {logging_mixin.py:188} INFO - Fetching page 16 for price category: dibawah-90-juta
[2024-09-01T01:25:15.575+0700] {logging_mixin.py:188} INFO - Fetching page 53 for price category: dibawah-80-juta
[2024-09-01T01:25:15.838+0700] {logging_mixin.py:188} INFO - Fetching page 54 for price category: dibawah-80-juta
[2024-09-01T01:25:15.878+0700] {logging_mixin.py:188} INFO - Fetching page 65 for price category: dibawah-70-juta
[2024-09-01T01:25:15.941+0700] {logging_mixin.py:188} INFO - Fetching page 17 for price category: dibawah-90-juta
[2024-09-01T01:25:16.032+0700] {logging_mixin.py:188} INFO - Fetching page 61 for price category: dibawah-60-juta
[2024-09-01T01:25:16.116+0700] {logging_mixin.py:188} INFO - Fetching page 18 for price category: dibawah-90-juta
[2024-09-01T01:25:16.171+0700] {logging_mixin.py:188} INFO - Fetching page 66 for price category: dibawah-70-juta
[2024-09-01T01:25:16.184+0700] {logging_mixin.py:188} INFO - Fetching page 55 for price category: dibawah-80-juta
[2024-09-01T01:25:16.238+0700] {logging_mixin.py:188} INFO - Fetching page 67 for price category: dibawah-70-juta
[2024-09-01T01:25:16.247+0700] {logging_mixin.py:188} INFO - Fetching page 19 for price category: dibawah-90-juta
[2024-09-01T01:25:16.443+0700] {logging_mixin.py:188} INFO - Fetching page 62 for price category: dibawah-60-juta
[2024-09-01T01:25:16.492+0700] {logging_mixin.py:188} INFO - Fetching page 68 for price category: dibawah-70-juta
[2024-09-01T01:25:16.497+0700] {logging_mixin.py:188} INFO - Fetching page 63 for price category: dibawah-60-juta
[2024-09-01T01:25:16.502+0700] {logging_mixin.py:188} INFO - Fetching page 64 for price category: dibawah-60-juta
[2024-09-01T01:25:16.781+0700] {logging_mixin.py:188} INFO - Fetching page 69 for price category: dibawah-70-juta
[2024-09-01T01:25:16.783+0700] {logging_mixin.py:188} INFO - Fetching page 56 for price category: dibawah-80-juta
[2024-09-01T01:25:16.794+0700] {logging_mixin.py:188} INFO - Fetching page 20 for price category: dibawah-90-juta
[2024-09-01T01:25:17.014+0700] {logging_mixin.py:188} INFO - Fetching page 21 for price category: dibawah-90-juta
[2024-09-01T01:25:17.063+0700] {logging_mixin.py:188} INFO - Fetching page 22 for price category: dibawah-90-juta
[2024-09-01T01:25:17.081+0700] {logging_mixin.py:188} INFO - Fetching page 57 for price category: dibawah-80-juta
[2024-09-01T01:25:17.153+0700] {logging_mixin.py:188} INFO - Fetching page 58 for price category: dibawah-80-juta
[2024-09-01T01:25:17.345+0700] {logging_mixin.py:188} INFO - Fetching page 65 for price category: dibawah-60-juta
[2024-09-01T01:25:17.354+0700] {logging_mixin.py:188} INFO - Fetching page 66 for price category: dibawah-60-juta
[2024-09-01T01:25:17.444+0700] {logging_mixin.py:188} INFO - Fetching page 70 for price category: dibawah-70-juta
[2024-09-01T01:25:17.488+0700] {logging_mixin.py:188} INFO - Fetching page 23 for price category: dibawah-90-juta
[2024-09-01T01:25:17.636+0700] {logging_mixin.py:188} INFO - Fetching page 71 for price category: dibawah-70-juta
[2024-09-01T01:25:17.643+0700] {logging_mixin.py:188} INFO - Fetching page 67 for price category: dibawah-60-juta
[2024-09-01T01:25:17.717+0700] {logging_mixin.py:188} INFO - Fetching page 24 for price category: dibawah-90-juta
[2024-09-01T01:25:17.722+0700] {logging_mixin.py:188} INFO - Fetching page 72 for price category: dibawah-70-juta
[2024-09-01T01:25:17.788+0700] {logging_mixin.py:188} INFO - Fetching page 68 for price category: dibawah-60-juta
[2024-09-01T01:25:17.912+0700] {logging_mixin.py:188} INFO - Fetching page 25 for price category: dibawah-90-juta
[2024-09-01T01:25:18.022+0700] {logging_mixin.py:188} INFO - Fetching page 59 for price category: dibawah-80-juta
[2024-09-01T01:25:18.094+0700] {logging_mixin.py:188} INFO - Fetching page 60 for price category: dibawah-80-juta
[2024-09-01T01:25:18.108+0700] {logging_mixin.py:188} INFO - Fetching page 61 for price category: dibawah-80-juta
[2024-09-01T01:25:18.207+0700] {logging_mixin.py:188} INFO - Fetching page 73 for price category: dibawah-70-juta
[2024-09-01T01:25:18.248+0700] {logging_mixin.py:188} INFO - Fetching page 26 for price category: dibawah-90-juta
[2024-09-01T01:25:18.352+0700] {logging_mixin.py:188} INFO - Fetching page 62 for price category: dibawah-80-juta
[2024-09-01T01:25:18.379+0700] {logging_mixin.py:188} INFO - Fetching page 69 for price category: dibawah-60-juta
[2024-09-01T01:25:18.429+0700] {logging_mixin.py:188} INFO - Fetching page 70 for price category: dibawah-60-juta
[2024-09-01T01:25:18.477+0700] {logging_mixin.py:188} INFO - Fetching page 27 for price category: dibawah-90-juta
[2024-09-01T01:25:18.569+0700] {logging_mixin.py:188} INFO - Fetching page 71 for price category: dibawah-60-juta
[2024-09-01T01:25:18.581+0700] {logging_mixin.py:188} INFO - Fetching page 74 for price category: dibawah-70-juta
[2024-09-01T01:25:18.640+0700] {logging_mixin.py:188} INFO - Fetching page 75 for price category: dibawah-70-juta
[2024-09-01T01:25:19.005+0700] {logging_mixin.py:188} INFO - Fetching page 72 for price category: dibawah-60-juta
[2024-09-01T01:25:19.098+0700] {logging_mixin.py:188} INFO - Fetching page 28 for price category: dibawah-90-juta
[2024-09-01T01:25:19.111+0700] {logging_mixin.py:188} INFO - Fetching page 63 for price category: dibawah-80-juta
[2024-09-01T01:25:19.119+0700] {logging_mixin.py:188} INFO - Fetching page 64 for price category: dibawah-80-juta
[2024-09-01T01:25:19.192+0700] {logging_mixin.py:188} INFO - Fetching page 76 for price category: dibawah-70-juta
[2024-09-01T01:25:19.235+0700] {logging_mixin.py:188} INFO - Fetching page 65 for price category: dibawah-80-juta
[2024-09-01T01:25:19.387+0700] {logging_mixin.py:188} INFO - Fetching page 66 for price category: dibawah-80-juta
[2024-09-01T01:25:19.469+0700] {logging_mixin.py:188} INFO - Fetching page 73 for price category: dibawah-60-juta
[2024-09-01T01:25:19.472+0700] {logging_mixin.py:188} INFO - Fetching page 77 for price category: dibawah-70-juta
[2024-09-01T01:25:19.607+0700] {logging_mixin.py:188} INFO - Fetching page 74 for price category: dibawah-60-juta
[2024-09-01T01:25:19.712+0700] {logging_mixin.py:188} INFO - Fetching page 29 for price category: dibawah-90-juta
[2024-09-01T01:25:19.714+0700] {logging_mixin.py:188} INFO - Fetching page 75 for price category: dibawah-60-juta
[2024-09-01T01:25:19.779+0700] {logging_mixin.py:188} INFO - Fetching page 30 for price category: dibawah-90-juta
[2024-09-01T01:25:19.922+0700] {logging_mixin.py:188} INFO - Fetching page 76 for price category: dibawah-60-juta
[2024-09-01T01:25:19.944+0700] {logging_mixin.py:188} INFO - Fetching page 78 for price category: dibawah-70-juta
[2024-09-01T01:25:19.966+0700] {logging_mixin.py:188} INFO - Fetching page 31 for price category: dibawah-90-juta
[2024-09-01T01:25:20.090+0700] {logging_mixin.py:188} INFO - Fetching page 67 for price category: dibawah-80-juta
[2024-09-01T01:25:20.115+0700] {logging_mixin.py:188} INFO - Fetching page 68 for price category: dibawah-80-juta
[2024-09-01T01:25:20.446+0700] {logging_mixin.py:188} INFO - Fetching page 32 for price category: dibawah-90-juta
[2024-09-01T01:25:20.524+0700] {logging_mixin.py:188} INFO - Fetching page 69 for price category: dibawah-80-juta
[2024-09-01T01:25:20.532+0700] {logging_mixin.py:188} INFO - Fetching page 70 for price category: dibawah-80-juta
[2024-09-01T01:25:20.543+0700] {logging_mixin.py:188} INFO - Fetching page 79 for price category: dibawah-70-juta
[2024-09-01T01:25:20.598+0700] {logging_mixin.py:188} INFO - Fetching page 80 for price category: dibawah-70-juta
[2024-09-01T01:25:20.607+0700] {logging_mixin.py:188} INFO - Fetching page 77 for price category: dibawah-60-juta
[2024-09-01T01:25:20.668+0700] {logging_mixin.py:188} INFO - Fetching page 78 for price category: dibawah-60-juta
[2024-09-01T01:25:20.873+0700] {logging_mixin.py:188} INFO - Fetching page 33 for price category: dibawah-90-juta
[2024-09-01T01:25:20.954+0700] {logging_mixin.py:188} INFO - Fetching page 81 for price category: dibawah-70-juta
[2024-09-01T01:25:21.108+0700] {logging_mixin.py:188} INFO - Fetching page 71 for price category: dibawah-80-juta
[2024-09-01T01:25:21.272+0700] {logging_mixin.py:188} INFO - Fetching page 34 for price category: dibawah-90-juta
[2024-09-01T01:25:21.342+0700] {logging_mixin.py:188} INFO - Fetching page 35 for price category: dibawah-90-juta
[2024-09-01T01:25:21.345+0700] {logging_mixin.py:188} INFO - Fetching page 79 for price category: dibawah-60-juta
[2024-09-01T01:25:21.390+0700] {logging_mixin.py:188} INFO - Fetching page 72 for price category: dibawah-80-juta
[2024-09-01T01:25:21.497+0700] {logging_mixin.py:188} INFO - Fetching page 82 for price category: dibawah-70-juta
[2024-09-01T01:25:21.569+0700] {logging_mixin.py:188} INFO - Fetching page 73 for price category: dibawah-80-juta
[2024-09-01T01:25:21.597+0700] {logging_mixin.py:188} INFO - Fetching page 80 for price category: dibawah-60-juta
[2024-09-01T01:25:22.089+0700] {logging_mixin.py:188} INFO - Fetching page 74 for price category: dibawah-80-juta
[2024-09-01T01:25:22.114+0700] {logging_mixin.py:188} INFO - Fetching page 83 for price category: dibawah-70-juta
[2024-09-01T01:25:22.117+0700] {logging_mixin.py:188} INFO - Fetching page 36 for price category: dibawah-90-juta
[2024-09-01T01:25:22.208+0700] {logging_mixin.py:188} INFO - Fetching page 81 for price category: dibawah-60-juta
[2024-09-01T01:25:22.298+0700] {logging_mixin.py:188} INFO - Fetching page 37 for price category: dibawah-90-juta
[2024-09-01T01:25:22.311+0700] {logging_mixin.py:188} INFO - Fetching page 82 for price category: dibawah-60-juta
[2024-09-01T01:25:22.397+0700] {logging_mixin.py:188} INFO - Fetching page 75 for price category: dibawah-80-juta
[2024-09-01T01:25:22.423+0700] {logging_mixin.py:188} INFO - Fetching page 38 for price category: dibawah-90-juta
[2024-09-01T01:25:22.470+0700] {logging_mixin.py:188} INFO - Fetching page 39 for price category: dibawah-90-juta
[2024-09-01T01:25:22.521+0700] {logging_mixin.py:188} INFO - Fetching page 76 for price category: dibawah-80-juta
[2024-09-01T01:25:22.843+0700] {logging_mixin.py:188} INFO - Fetching page 77 for price category: dibawah-80-juta
[2024-09-01T01:25:22.844+0700] {logging_mixin.py:188} INFO - Fetching page 83 for price category: dibawah-60-juta
[2024-09-01T01:25:22.846+0700] {logging_mixin.py:188} INFO - Fetching page 84 for price category: dibawah-70-juta
[2024-09-01T01:25:22.861+0700] {logging_mixin.py:188} INFO - Fetching page 85 for price category: dibawah-70-juta
[2024-09-01T01:25:22.914+0700] {logging_mixin.py:188} INFO - Fetching page 84 for price category: dibawah-60-juta
[2024-09-01T01:25:23.022+0700] {logging_mixin.py:188} INFO - Fetching page 86 for price category: dibawah-70-juta
[2024-09-01T01:25:23.024+0700] {logging_mixin.py:188} INFO - Fetching page 78 for price category: dibawah-80-juta
[2024-09-01T01:25:23.212+0700] {logging_mixin.py:188} INFO - Fetching page 40 for price category: dibawah-90-juta
[2024-09-01T01:25:23.269+0700] {logging_mixin.py:188} INFO - Fetching page 85 for price category: dibawah-60-juta
[2024-09-01T01:25:23.280+0700] {logging_mixin.py:188} INFO - Fetching page 41 for price category: dibawah-90-juta
[2024-09-01T01:25:23.328+0700] {logging_mixin.py:188} INFO - Fetching page 79 for price category: dibawah-80-juta
[2024-09-01T01:25:23.365+0700] {logging_mixin.py:188} INFO - Fetching page 42 for price category: dibawah-90-juta
[2024-09-01T01:25:23.598+0700] {logging_mixin.py:188} INFO - Fetching page 80 for price category: dibawah-80-juta
[2024-09-01T01:25:23.648+0700] {logging_mixin.py:188} INFO - Fetching page 86 for price category: dibawah-60-juta
[2024-09-01T01:25:23.682+0700] {logging_mixin.py:188} INFO - Fetching page 43 for price category: dibawah-90-juta
[2024-09-01T01:25:23.864+0700] {logging_mixin.py:188} INFO - Fetching page 87 for price category: dibawah-70-juta
[2024-09-01T01:25:23.986+0700] {logging_mixin.py:188} INFO - Fetching page 88 for price category: dibawah-70-juta
[2024-09-01T01:25:23.989+0700] {logging_mixin.py:188} INFO - Fetching page 87 for price category: dibawah-60-juta
[2024-09-01T01:25:23.935+0700] {logging_mixin.py:188} INFO - Fetching page 81 for price category: dibawah-80-juta
[2024-09-01T01:25:24.091+0700] {logging_mixin.py:188} INFO - Fetching page 82 for price category: dibawah-80-juta
[2024-09-01T01:25:24.197+0700] {logging_mixin.py:188} INFO - Fetching page 88 for price category: dibawah-60-juta
[2024-09-01T01:25:24.220+0700] {logging_mixin.py:188} INFO - Fetching page 89 for price category: dibawah-70-juta
[2024-09-01T01:25:24.252+0700] {logging_mixin.py:188} INFO - Fetching page 89 for price category: dibawah-60-juta
[2024-09-01T01:25:24.641+0700] {logging_mixin.py:188} INFO - Fetching page 83 for price category: dibawah-80-juta
[2024-09-01T01:25:24.725+0700] {logging_mixin.py:188} INFO - Fetching page 44 for price category: dibawah-90-juta
[2024-09-01T01:25:24.740+0700] {logging_mixin.py:188} INFO - Fetching page 45 for price category: dibawah-90-juta
[2024-09-01T01:25:24.742+0700] {logging_mixin.py:188} INFO - Fetching page 46 for price category: dibawah-90-juta
[2024-09-01T01:25:24.752+0700] {logging_mixin.py:188} INFO - Fetching page 84 for price category: dibawah-80-juta
[2024-09-01T01:25:24.898+0700] {logging_mixin.py:188} INFO - Fetching page 90 for price category: dibawah-60-juta
[2024-09-01T01:25:24.896+0700] {logging_mixin.py:188} INFO - Fetching page 90 for price category: dibawah-70-juta
[2024-09-01T01:25:25.097+0700] {logging_mixin.py:188} INFO - Fetching page 91 for price category: dibawah-60-juta
[2024-09-01T01:25:25.115+0700] {logging_mixin.py:188} INFO - Fetching page 47 for price category: dibawah-90-juta
[2024-09-01T01:25:25.122+0700] {logging_mixin.py:188} INFO - Fetching page 85 for price category: dibawah-80-juta
[2024-09-01T01:25:25.183+0700] {logging_mixin.py:188} INFO - Fetching page 91 for price category: dibawah-70-juta
[2024-09-01T01:25:25.241+0700] {logging_mixin.py:188} INFO - Fetching page 86 for price category: dibawah-80-juta
[2024-09-01T01:25:25.245+0700] {logging_mixin.py:188} INFO - Fetching page 92 for price category: dibawah-70-juta
[2024-09-01T01:25:25.290+0700] {logging_mixin.py:188} INFO - Fetching page 92 for price category: dibawah-60-juta
[2024-09-01T01:25:25.610+0700] {logging_mixin.py:188} INFO - Fetching page 49 for price category: dibawah-90-juta
[2024-09-01T01:25:25.536+0700] {logging_mixin.py:188} INFO - Fetching page 48 for price category: dibawah-90-juta
[2024-09-01T01:25:25.690+0700] {logging_mixin.py:188} INFO - Fetching page 87 for price category: dibawah-80-juta
[2024-09-01T01:25:25.745+0700] {logging_mixin.py:188} INFO - Fetching page 93 for price category: dibawah-60-juta
[2024-09-01T01:25:25.777+0700] {logging_mixin.py:188} INFO - Fetching page 88 for price category: dibawah-80-juta
[2024-09-01T01:25:25.851+0700] {logging_mixin.py:188} INFO - Fetching page 50 for price category: dibawah-90-juta
[2024-09-01T01:25:26.039+0700] {logging_mixin.py:188} INFO - Fetching page 94 for price category: dibawah-60-juta
[2024-09-01T01:25:26.129+0700] {logging_mixin.py:188} INFO - Fetching page 89 for price category: dibawah-80-juta
[2024-09-01T01:25:26.149+0700] {logging_mixin.py:188} INFO - Fetching page 90 for price category: dibawah-80-juta
[2024-09-01T01:25:26.182+0700] {logging_mixin.py:188} INFO - Fetching page 51 for price category: dibawah-90-juta
[2024-09-01T01:25:26.235+0700] {logging_mixin.py:188} INFO - Fetching page 93 for price category: dibawah-70-juta
[2024-09-01T01:25:26.387+0700] {logging_mixin.py:188} INFO - Fetching page 94 for price category: dibawah-70-juta
[2024-09-01T01:25:26.662+0700] {logging_mixin.py:188} INFO - Fetching page 52 for price category: dibawah-90-juta
[2024-09-01T01:25:26.698+0700] {logging_mixin.py:188} INFO - Fetching page 91 for price category: dibawah-80-juta
[2024-09-01T01:25:26.704+0700] {logging_mixin.py:188} INFO - Fetching page 53 for price category: dibawah-90-juta
[2024-09-01T01:25:26.725+0700] {logging_mixin.py:188} INFO - Fetching page 95 for price category: dibawah-70-juta
[2024-09-01T01:25:26.767+0700] {logging_mixin.py:188} INFO - Fetching page 92 for price category: dibawah-80-juta
[2024-09-01T01:25:26.770+0700] {logging_mixin.py:188} INFO - Fetching page 95 for price category: dibawah-60-juta
[2024-09-01T01:25:26.921+0700] {logging_mixin.py:188} INFO - Fetching page 93 for price category: dibawah-80-juta
[2024-09-01T01:25:26.978+0700] {logging_mixin.py:188} INFO - Fetching page 96 for price category: dibawah-60-juta
[2024-09-01T01:25:27.033+0700] {logging_mixin.py:188} INFO - Fetching page 94 for price category: dibawah-80-juta
[2024-09-01T01:25:27.132+0700] {logging_mixin.py:188} INFO - Fetching page 54 for price category: dibawah-90-juta
[2024-09-01T01:25:27.316+0700] {logging_mixin.py:188} INFO - Fetching page 97 for price category: dibawah-60-juta
[2024-09-01T01:25:27.356+0700] {logging_mixin.py:188} INFO - Fetching page 96 for price category: dibawah-70-juta
[2024-09-01T01:25:27.496+0700] {logging_mixin.py:188} INFO - Fetching page 98 for price category: dibawah-60-juta
[2024-09-01T01:25:27.549+0700] {logging_mixin.py:188} INFO - Fetching page 55 for price category: dibawah-90-juta
[2024-09-01T01:25:27.563+0700] {logging_mixin.py:188} INFO - Fetching page 95 for price category: dibawah-80-juta
[2024-09-01T01:25:27.769+0700] {logging_mixin.py:188} INFO - Fetching page 56 for price category: dibawah-90-juta
[2024-09-01T01:25:27.906+0700] {logging_mixin.py:188} INFO - Fetching page 99 for price category: dibawah-60-juta
[2024-09-01T01:25:27.921+0700] {logging_mixin.py:188} INFO - Fetching page 96 for price category: dibawah-80-juta
[2024-09-01T01:25:27.928+0700] {logging_mixin.py:188} INFO - Fetching page 97 for price category: dibawah-80-juta
[2024-09-01T01:25:27.935+0700] {logging_mixin.py:188} INFO - Fetching page 98 for price category: dibawah-80-juta
[2024-09-01T01:25:27.977+0700] {logging_mixin.py:188} INFO - Fetching page 57 for price category: dibawah-90-juta
[2024-09-01T01:25:28.096+0700] {logging_mixin.py:188} INFO - Fetching page 97 for price category: dibawah-70-juta
[2024-09-01T01:25:28.120+0700] {logging_mixin.py:188} INFO - Fetching page 100 for price category: dibawah-60-juta
[2024-09-01T01:25:28.347+0700] {logging_mixin.py:188} INFO - Fetching page 101 for price category: dibawah-60-juta
[2024-09-01T01:25:28.449+0700] {logging_mixin.py:188} INFO - Fetching page 99 for price category: dibawah-80-juta
[2024-09-01T01:25:28.595+0700] {logging_mixin.py:188} INFO - Fetching page 102 for price category: dibawah-60-juta
[2024-09-01T01:25:28.664+0700] {logging_mixin.py:188} INFO - Fetching page 58 for price category: dibawah-90-juta
[2024-09-01T01:25:28.674+0700] {logging_mixin.py:188} INFO - Fetching page 59 for price category: dibawah-90-juta
[2024-09-01T01:25:28.704+0700] {logging_mixin.py:188} INFO - Fetching page 100 for price category: dibawah-80-juta
[2024-09-01T01:25:28.772+0700] {logging_mixin.py:188} INFO - Fetching page 101 for price category: dibawah-80-juta
[2024-09-01T01:25:28.961+0700] {logging_mixin.py:188} INFO - Fetching page 102 for price category: dibawah-80-juta
[2024-09-01T01:25:28.965+0700] {logging_mixin.py:188} INFO - Fetching page 103 for price category: dibawah-60-juta
[2024-09-01T01:25:29.035+0700] {logging_mixin.py:188} INFO - Fetching page 105 for price category: dibawah-60-juta
[2024-09-01T01:25:29.042+0700] {logging_mixin.py:188} INFO - Fetching page 104 for price category: dibawah-60-juta
[2024-09-01T01:25:29.062+0700] {logging_mixin.py:188} INFO - Fetching page 98 for price category: dibawah-70-juta
[2024-09-01T01:25:29.128+0700] {logging_mixin.py:188} INFO - Fetching page 103 for price category: dibawah-80-juta
[2024-09-01T01:25:29.197+0700] {logging_mixin.py:188} INFO - Fetching page 60 for price category: dibawah-90-juta
[2024-09-01T01:25:29.292+0700] {logging_mixin.py:188} INFO - Fetching page 106 for price category: dibawah-60-juta
[2024-09-01T01:25:29.409+0700] {logging_mixin.py:188} INFO - Fetching page 61 for price category: dibawah-90-juta
[2024-09-01T01:25:29.437+0700] {logging_mixin.py:188} INFO - Fetching page 104 for price category: dibawah-80-juta
[2024-09-01T01:25:29.529+0700] {logging_mixin.py:188} INFO - Fetching page 105 for price category: dibawah-80-juta
[2024-09-01T01:25:29.606+0700] {logging_mixin.py:188} INFO - Fetching page 106 for price category: dibawah-80-juta
[2024-09-01T01:25:29.824+0700] {logging_mixin.py:188} INFO - Fetching page 107 for price category: dibawah-60-juta
[2024-09-01T01:25:29.891+0700] {logging_mixin.py:188} INFO - Fetching page 107 for price category: dibawah-80-juta
[2024-09-01T01:25:29.937+0700] {logging_mixin.py:188} INFO - Fetching page 108 for price category: dibawah-60-juta
[2024-09-01T01:25:29.985+0700] {logging_mixin.py:188} INFO - Fetching page 62 for price category: dibawah-90-juta
[2024-09-01T01:25:30.015+0700] {logging_mixin.py:188} INFO - Fetching page 99 for price category: dibawah-70-juta
[2024-09-01T01:25:30.255+0700] {logging_mixin.py:188} INFO - Fetching page 108 for price category: dibawah-80-juta
[2024-09-01T01:25:30.274+0700] {logging_mixin.py:188} INFO - Fetching page 109 for price category: dibawah-80-juta
[2024-09-01T01:25:30.315+0700] {logging_mixin.py:188} INFO - Fetching page 63 for price category: dibawah-90-juta
[2024-09-01T01:25:30.356+0700] {logging_mixin.py:188} INFO - Fetching page 110 for price category: dibawah-80-juta
[2024-09-01T01:25:30.622+0700] {logging_mixin.py:188} INFO - Fetching page 111 for price category: dibawah-80-juta
[2024-09-01T01:25:30.634+0700] {logging_mixin.py:188} INFO - Fetching page 109 for price category: dibawah-60-juta
[2024-09-01T01:25:30.651+0700] {logging_mixin.py:188} INFO - Fetching page 110 for price category: dibawah-60-juta
[2024-09-01T01:25:30.756+0700] {logging_mixin.py:188} INFO - Fetching page 100 for price category: dibawah-70-juta
[2024-09-01T01:25:30.897+0700] {logging_mixin.py:188} INFO - Fetching page 64 for price category: dibawah-90-juta
[2024-09-01T01:25:30.962+0700] {logging_mixin.py:188} INFO - Fetching page 112 for price category: dibawah-80-juta
[2024-09-01T01:25:31.016+0700] {logging_mixin.py:188} INFO - Fetching page 113 for price category: dibawah-80-juta
[2024-09-01T01:25:31.018+0700] {logging_mixin.py:188} INFO - Fetching page 114 for price category: dibawah-80-juta
[2024-09-01T01:25:31.123+0700] {logging_mixin.py:188} INFO - Fetching page 115 for price category: dibawah-80-juta
[2024-09-01T01:25:31.198+0700] {logging_mixin.py:188} INFO - Fetching page 111 for price category: dibawah-60-juta
[2024-09-01T01:25:31.249+0700] {logging_mixin.py:188} INFO - Fetching page 112 for price category: dibawah-60-juta
[2024-09-01T01:25:31.488+0700] {logging_mixin.py:188} INFO - Fetching page 65 for price category: dibawah-90-juta
[2024-09-01T01:25:31.519+0700] {logging_mixin.py:188} INFO - Fetching page 116 for price category: dibawah-80-juta
[2024-09-01T01:25:31.546+0700] {logging_mixin.py:188} INFO - Fetching page 101 for price category: dibawah-70-juta
[2024-09-01T01:25:31.639+0700] {logging_mixin.py:188} INFO - Fetching page 117 for price category: dibawah-80-juta
[2024-09-01T01:25:31.648+0700] {logging_mixin.py:188} INFO - Fetching page 118 for price category: dibawah-80-juta
[2024-09-01T01:25:31.784+0700] {logging_mixin.py:188} INFO - Fetching page 102 for price category: dibawah-70-juta
[2024-09-01T01:25:31.786+0700] {logging_mixin.py:188} INFO - Fetching page 119 for price category: dibawah-80-juta
[2024-09-01T01:25:31.838+0700] {logging_mixin.py:188} INFO - Fetching page 113 for price category: dibawah-60-juta
[2024-09-01T01:25:31.905+0700] {logging_mixin.py:188} INFO - Fetching page 114 for price category: dibawah-60-juta
[2024-09-01T01:25:32.024+0700] {logging_mixin.py:188} INFO - Fetching page 103 for price category: dibawah-70-juta
[2024-09-01T01:25:32.108+0700] {logging_mixin.py:188} INFO - Fetching page 120 for price category: dibawah-80-juta
[2024-09-01T01:25:32.128+0700] {logging_mixin.py:188} INFO - Fetching page 66 for price category: dibawah-90-juta
[2024-09-01T01:25:32.236+0700] {logging_mixin.py:188} INFO - Fetching page 121 for price category: dibawah-80-juta
[2024-09-01T01:25:32.246+0700] {logging_mixin.py:188} INFO - Fetching page 104 for price category: dibawah-70-juta
[2024-09-01T01:25:32.335+0700] {logging_mixin.py:188} INFO - Fetching page 115 for price category: dibawah-60-juta
[2024-09-01T01:25:32.420+0700] {logging_mixin.py:188} INFO - Fetching page 116 for price category: dibawah-60-juta
[2024-09-01T01:25:32.422+0700] {logging_mixin.py:188} INFO - Fetching page 122 for price category: dibawah-80-juta
[2024-09-01T01:25:32.573+0700] {logging_mixin.py:188} INFO - Fetching page 105 for price category: dibawah-70-juta
[2024-09-01T01:25:32.797+0700] {logging_mixin.py:188} INFO - Fetching page 67 for price category: dibawah-90-juta
[2024-09-01T01:25:32.811+0700] {logging_mixin.py:188} INFO - Fetching page 123 for price category: dibawah-80-juta
[2024-09-01T01:25:32.969+0700] {logging_mixin.py:188} INFO - Fetching page 117 for price category: dibawah-60-juta
[2024-09-01T01:25:32.995+0700] {logging_mixin.py:188} INFO - Fetching page 124 for price category: dibawah-80-juta
[2024-09-01T01:25:33.060+0700] {logging_mixin.py:188} INFO - Fetching page 125 for price category: dibawah-80-juta
[2024-09-01T01:25:33.096+0700] {logging_mixin.py:188} INFO - Fetching page 106 for price category: dibawah-70-juta
[2024-09-01T01:25:33.101+0700] {logging_mixin.py:188} INFO - Fetching page 118 for price category: dibawah-60-juta
[2024-09-01T01:25:33.197+0700] {logging_mixin.py:188} INFO - Fetching page 107 for price category: dibawah-70-juta
[2024-09-01T01:25:33.290+0700] {logging_mixin.py:188} INFO - Fetching page 68 for price category: dibawah-90-juta
[2024-09-01T01:25:33.365+0700] {logging_mixin.py:188} INFO - Fetching page 126 for price category: dibawah-80-juta
[2024-09-01T01:25:33.421+0700] {logging_mixin.py:188} INFO - Fetching page 119 for price category: dibawah-60-juta
[2024-09-01T01:25:33.482+0700] {logging_mixin.py:188} INFO - Fetching page 127 for price category: dibawah-80-juta
[2024-09-01T01:25:33.605+0700] {logging_mixin.py:188} INFO - Fetching page 108 for price category: dibawah-70-juta
[2024-09-01T01:25:33.627+0700] {logging_mixin.py:188} INFO - Fetching page 128 for price category: dibawah-80-juta
[2024-09-01T01:25:33.668+0700] {logging_mixin.py:188} INFO - Fetching page 120 for price category: dibawah-60-juta
[2024-09-01T01:25:33.719+0700] {logging_mixin.py:188} INFO - Fetching page 109 for price category: dibawah-70-juta
[2024-09-01T01:25:33.801+0700] {logging_mixin.py:188} INFO - Fetching page 69 for price category: dibawah-90-juta
[2024-09-01T01:25:33.936+0700] {logging_mixin.py:188} INFO - Fetching page 121 for price category: dibawah-60-juta
[2024-09-01T01:25:33.986+0700] {logging_mixin.py:188} INFO - Fetching page 129 for price category: dibawah-80-juta
[2024-09-01T01:25:34.041+0700] {logging_mixin.py:188} INFO - Fetching page 130 for price category: dibawah-80-juta
[2024-09-01T01:25:34.094+0700] {logging_mixin.py:188} INFO - Fetching page 122 for price category: dibawah-60-juta
[2024-09-01T01:25:34.307+0700] {logging_mixin.py:188} INFO - Fetching page 110 for price category: dibawah-70-juta
[2024-09-01T01:25:34.353+0700] {logging_mixin.py:188} INFO - Fetching page 70 for price category: dibawah-90-juta
[2024-09-01T01:25:34.517+0700] {logging_mixin.py:188} INFO - Fetching page 131 for price category: dibawah-80-juta
[2024-09-01T01:25:34.612+0700] {logging_mixin.py:188} INFO - Fetching page 123 for price category: dibawah-60-juta
[2024-09-01T01:25:34.630+0700] {logging_mixin.py:188} INFO - Fetching page 132 for price category: dibawah-80-juta
[2024-09-01T01:25:34.760+0700] {logging_mixin.py:188} INFO - Fetching page 124 for price category: dibawah-60-juta
[2024-09-01T01:25:34.762+0700] {logging_mixin.py:188} INFO - Fetching page 111 for price category: dibawah-70-juta
[2024-09-01T01:25:34.860+0700] {logging_mixin.py:188} INFO - Fetching page 71 for price category: dibawah-90-juta
[2024-09-01T01:25:35.006+0700] {logging_mixin.py:188} INFO - Fetching page 133 for price category: dibawah-80-juta
[2024-09-01T01:25:35.088+0700] {logging_mixin.py:188} INFO - Fetching page 125 for price category: dibawah-60-juta
[2024-09-01T01:25:35.135+0700] {logging_mixin.py:188} INFO - Fetching page 134 for price category: dibawah-80-juta
[2024-09-01T01:25:35.204+0700] {logging_mixin.py:188} INFO - Fetching page 135 for price category: dibawah-80-juta
[2024-09-01T01:25:35.273+0700] {logging_mixin.py:188} INFO - Fetching page 126 for price category: dibawah-60-juta
[2024-09-01T01:25:35.401+0700] {logging_mixin.py:188} INFO - Fetching page 112 for price category: dibawah-70-juta
[2024-09-01T01:25:35.414+0700] {logging_mixin.py:188} INFO - Fetching page 72 for price category: dibawah-90-juta
[2024-09-01T01:25:35.484+0700] {logging_mixin.py:188} INFO - Fetching page 136 for price category: dibawah-80-juta
[2024-09-01T01:25:35.556+0700] {local_task_job_runner.py:313} WARNING - State of this instance has been externally set to success. Terminating instance.
[2024-09-01T01:25:35.557+0700] {local_task_job_runner.py:222} INFO - ::endgroup::
[2024-09-01T01:25:35.563+0700] {process_utils.py:132} INFO - Sending 15 to group 114454. PIDs of all processes in the group: [114454]
[2024-09-01T01:25:35.563+0700] {process_utils.py:87} INFO - Sending the signal 15 to group 114454
[2024-09-01T01:25:35.591+0700] {taskinstance.py:2611} ERROR - Received SIGTERM. Terminating subprocesses.
[2024-09-01T01:25:35.616+0700] {taskinstance.py:441} INFO - ::group::Post task execution logs
[2024-09-01T01:25:35.717+0700] {logging_mixin.py:188} INFO - Fetching page 137 for price category: dibawah-80-juta
[2024-09-01T01:25:35.729+0700] {logging_mixin.py:188} INFO - Fetching page 127 for price category: dibawah-60-juta
[2024-09-01T01:25:35.777+0700] {process_utils.py:80} INFO - Process psutil.Process(pid=114454, status='terminated', exitcode=0, started='01:24:54') (114454) terminated with exit code 0
