[2024-08-31T20:25:39.232+0700] {local_task_job_runner.py:120} INFO - ::group::Pre task execution logs
[2024-08-31T20:25:39.424+0700] {taskinstance.py:2076} INFO - Dependencies all met for dep_context=non-requeueable deps ti=<TaskInstance: scrap_carmudi.scrape_carmudi scheduled__2024-08-30T00:00:00+00:00 [queued]>
[2024-08-31T20:25:39.436+0700] {taskinstance.py:2076} INFO - Dependencies all met for dep_context=requeueable deps ti=<TaskInstance: scrap_carmudi.scrape_carmudi scheduled__2024-08-30T00:00:00+00:00 [queued]>
[2024-08-31T20:25:39.437+0700] {taskinstance.py:2306} INFO - Starting attempt 1 of 2
[2024-08-31T20:25:39.452+0700] {taskinstance.py:2330} INFO - Executing <Task(PythonOperator): scrape_carmudi> on 2024-08-30 00:00:00+00:00
[2024-08-31T20:25:39.457+0700] {standard_task_runner.py:64} INFO - Started process 31425 to run task
[2024-08-31T20:25:39.461+0700] {standard_task_runner.py:90} INFO - Running: ['***', 'tasks', 'run', 'scrap_carmudi', 'scrape_carmudi', 'scheduled__2024-08-30T00:00:00+00:00', '--job-id', '158', '--raw', '--subdir', 'DAGS_FOLDER/carmudi/scrape_carmudi.py', '--cfg-path', '/tmp/tmpxppmr6av']
[2024-08-31T20:25:39.464+0700] {standard_task_runner.py:91} INFO - Job 158: Subtask scrape_carmudi
[2024-08-31T20:25:39.525+0700] {task_command.py:426} INFO - Running <TaskInstance: scrap_carmudi.scrape_carmudi scheduled__2024-08-30T00:00:00+00:00 [running]> on host BrightHorizons.
[2024-08-31T20:25:39.627+0700] {taskinstance.py:2648} INFO - Exporting env vars: AIRFLOW_CTX_DAG_OWNER='***' AIRFLOW_CTX_DAG_ID='scrap_carmudi' AIRFLOW_CTX_TASK_ID='scrape_carmudi' AIRFLOW_CTX_EXECUTION_DATE='2024-08-30T00:00:00+00:00' AIRFLOW_CTX_TRY_NUMBER='1' AIRFLOW_CTX_DAG_RUN_ID='scheduled__2024-08-30T00:00:00+00:00'
[2024-08-31T20:25:39.629+0700] {taskinstance.py:430} INFO - ::endgroup::
[2024-08-31T20:25:42.654+0700] {logging_mixin.py:188} INFO - Fetching page 1 of 3 for price category: dibawah 60 Juta
[2024-08-31T20:25:42.735+0700] {logging_mixin.py:188} INFO - Fetching page 1 of 2 for price category: dibawah 50 Juta
[2024-08-31T20:25:43.343+0700] {logging_mixin.py:188} INFO - Fetching page 1 of 2 for price category: dibawah 40 Juta
[2024-08-31T20:25:43.374+0700] {logging_mixin.py:188} INFO - Fetching page 1 of 1 for price category: dibawah 30 Juta
[2024-08-31T20:25:44.740+0700] {logging_mixin.py:188} INFO - Sleeping for 1.93 seconds...
[2024-08-31T20:25:45.010+0700] {logging_mixin.py:188} INFO - Sleeping for 2.46 seconds...
[2024-08-31T20:25:45.424+0700] {logging_mixin.py:188} INFO - Sleeping for 1.55 seconds...
[2024-08-31T20:25:45.492+0700] {logging_mixin.py:188} INFO - Sleeping for 1.67 seconds...
[2024-08-31T20:25:46.677+0700] {logging_mixin.py:188} INFO - Fetching page 2 of 2 for price category: dibawah 50 Juta
[2024-08-31T20:25:46.984+0700] {logging_mixin.py:188} INFO - Data for price category dibawah 30 Juta written to /home/miracle/mobil/scrape/output/carmudi/2024-08-31/carmudi_dibawah 30 Juta_2024-08-31.csv
[2024-08-31T20:25:47.163+0700] {logging_mixin.py:188} INFO - Fetching page 2 of 2 for price category: dibawah 40 Juta
[2024-08-31T20:25:47.473+0700] {logging_mixin.py:188} INFO - Fetching page 2 of 3 for price category: dibawah 60 Juta
[2024-08-31T20:25:48.054+0700] {logging_mixin.py:188} INFO - Sleeping for 2.88 seconds...
[2024-08-31T20:25:50.141+0700] {logging_mixin.py:188} INFO - Sleeping for 2.57 seconds...
[2024-08-31T20:25:51.034+0700] {logging_mixin.py:188} INFO - Data for price category dibawah 50 Juta written to /home/miracle/mobil/scrape/output/carmudi/2024-08-31/carmudi_dibawah 50 Juta_2024-08-31.csv
[2024-08-31T20:25:51.486+0700] {logging_mixin.py:188} INFO - Sleeping for 2.88 seconds...
[2024-08-31T20:25:51.569+0700] {logging_mixin.py:188} INFO - Fetching page 1 of 4 for price category: dibawah 70 Juta
[2024-08-31T20:25:52.717+0700] {logging_mixin.py:188} INFO - Data for price category dibawah 40 Juta written to /home/miracle/mobil/scrape/output/carmudi/2024-08-31/carmudi_dibawah 40 Juta_2024-08-31.csv
[2024-08-31T20:25:54.151+0700] {logging_mixin.py:188} INFO - Fetching page 1 of 5 for price category: dibawah 80 Juta
[2024-08-31T20:25:54.377+0700] {logging_mixin.py:188} INFO - Fetching page 3 of 3 for price category: dibawah 60 Juta
[2024-08-31T20:25:56.676+0700] {logging_mixin.py:188} INFO - Sleeping for 1.88 seconds...
[2024-08-31T20:25:57.535+0700] {logging_mixin.py:188} INFO - Fetching page 1 of 9 for price category: dibawah 90 Juta
[2024-08-31T20:25:57.820+0700] {logging_mixin.py:188} INFO - Sleeping for 2.76 seconds...
[2024-08-31T20:25:57.928+0700] {logging_mixin.py:188} INFO - Sleeping for 1.68 seconds...
[2024-08-31T20:25:58.559+0700] {logging_mixin.py:188} INFO - Fetching page 2 of 4 for price category: dibawah 70 Juta
[2024-08-31T20:25:59.607+0700] {logging_mixin.py:188} INFO - Sleeping for 2.10 seconds...
[2024-08-31T20:25:59.609+0700] {logging_mixin.py:188} INFO - Fetching page 2 of 5 for price category: dibawah 80 Juta
[2024-08-31T20:25:59.942+0700] {logging_mixin.py:188} INFO - Sleeping for 2.57 seconds...
[2024-08-31T20:26:00.588+0700] {logging_mixin.py:188} INFO - Data for price category dibawah 60 Juta written to /home/miracle/mobil/scrape/output/carmudi/2024-08-31/carmudi_dibawah 60 Juta_2024-08-31.csv
[2024-08-31T20:26:01.256+0700] {logging_mixin.py:188} INFO - Sleeping for 2.32 seconds...
[2024-08-31T20:26:01.712+0700] {logging_mixin.py:188} INFO - Fetching page 2 of 9 for price category: dibawah 90 Juta
[2024-08-31T20:26:02.511+0700] {logging_mixin.py:188} INFO - Fetching page 3 of 4 for price category: dibawah 70 Juta
[2024-08-31T20:26:03.576+0700] {logging_mixin.py:188} INFO - Fetching page 3 of 5 for price category: dibawah 80 Juta
[2024-08-31T20:26:04.272+0700] {logging_mixin.py:188} INFO - Sleeping for 1.60 seconds...
[2024-08-31T20:26:04.377+0700] {logging_mixin.py:188} INFO - Sleeping for 1.90 seconds...
[2024-08-31T20:26:05.882+0700] {logging_mixin.py:188} INFO - Fetching page 3 of 9 for price category: dibawah 90 Juta
[2024-08-31T20:26:06.282+0700] {logging_mixin.py:188} INFO - Fetching page 4 of 4 for price category: dibawah 70 Juta
[2024-08-31T20:26:07.421+0700] {logging_mixin.py:188} INFO - Sleeping for 1.63 seconds...
[2024-08-31T20:26:08.935+0700] {logging_mixin.py:188} INFO - Sleeping for 1.56 seconds...
[2024-08-31T20:26:09.053+0700] {logging_mixin.py:188} INFO - Fetching page 4 of 5 for price category: dibawah 80 Juta
[2024-08-31T20:26:09.304+0700] {logging_mixin.py:188} INFO - Sleeping for 2.14 seconds...
[2024-08-31T20:26:10.325+0700] {logging_mixin.py:188} INFO - Sleeping for 2.37 seconds...
[2024-08-31T20:26:10.498+0700] {logging_mixin.py:188} INFO - Data for price category dibawah 70 Juta written to /home/miracle/mobil/scrape/output/carmudi/2024-08-31/carmudi_dibawah 70 Juta_2024-08-31.csv
[2024-08-31T20:26:11.445+0700] {logging_mixin.py:188} INFO - Fetching page 4 of 9 for price category: dibawah 90 Juta
[2024-08-31T20:26:12.834+0700] {logging_mixin.py:188} INFO - Fetching page 5 of 5 for price category: dibawah 80 Juta
[2024-08-31T20:26:13.023+0700] {logging_mixin.py:188} INFO - Sleeping for 2.22 seconds...
[2024-08-31T20:26:14.000+0700] {logging_mixin.py:188} INFO - Sleeping for 2.71 seconds...
[2024-08-31T20:26:15.247+0700] {logging_mixin.py:188} INFO - Fetching page 5 of 9 for price category: dibawah 90 Juta
[2024-08-31T20:26:16.558+0700] {logging_mixin.py:188} INFO - Sleeping for 2.42 seconds...
[2024-08-31T20:26:16.711+0700] {logging_mixin.py:188} INFO - Data for price category dibawah 80 Juta written to /home/miracle/mobil/scrape/output/carmudi/2024-08-31/carmudi_dibawah 80 Juta_2024-08-31.csv
[2024-08-31T20:26:18.980+0700] {logging_mixin.py:188} INFO - Fetching page 6 of 9 for price category: dibawah 90 Juta
[2024-08-31T20:26:20.661+0700] {logging_mixin.py:188} INFO - Sleeping for 1.77 seconds...
[2024-08-31T20:26:22.428+0700] {logging_mixin.py:188} INFO - Fetching page 7 of 9 for price category: dibawah 90 Juta
[2024-08-31T20:26:24.275+0700] {logging_mixin.py:188} INFO - Sleeping for 2.23 seconds...
[2024-08-31T20:26:25.000+0700] {local_task_job_runner.py:313} WARNING - State of this instance has been externally set to success. Terminating instance.
[2024-08-31T20:26:25.001+0700] {local_task_job_runner.py:222} INFO - ::endgroup::
[2024-08-31T20:26:25.005+0700] {process_utils.py:132} INFO - Sending 15 to group 31425. PIDs of all processes in the group: [31425]
[2024-08-31T20:26:25.005+0700] {process_utils.py:87} INFO - Sending the signal 15 to group 31425
[2024-08-31T20:26:25.006+0700] {taskinstance.py:2611} ERROR - Received SIGTERM. Terminating subprocesses.
[2024-08-31T20:26:26.509+0700] {logging_mixin.py:188} INFO - Fetching page 8 of 9 for price category: dibawah 90 Juta
[2024-08-31T20:26:27.735+0700] {logging_mixin.py:188} INFO - Sleeping for 2.21 seconds...
[2024-08-31T20:26:29.947+0700] {logging_mixin.py:188} INFO - Fetching page 9 of 9 for price category: dibawah 90 Juta
[2024-08-31T20:26:30.931+0700] {logging_mixin.py:188} INFO - Sleeping for 1.79 seconds...
[2024-08-31T20:26:32.728+0700] {logging_mixin.py:188} INFO - Data for price category dibawah 90 Juta written to /home/miracle/mobil/scrape/output/carmudi/2024-08-31/carmudi_dibawah 90 Juta_2024-08-31.csv
[2024-08-31T20:26:32.730+0700] {taskinstance.py:441} INFO - ::group::Post task execution logs
[2024-08-31T20:26:32.743+0700] {taskinstance.py:2905} ERROR - Task failed with exception
Traceback (most recent call last):
  File "/usr/local/lib/python3.10/dist-packages/airflow/models/taskinstance.py", line 465, in _execute_task
    result = _execute_callable(context=context, **execute_callable_kwargs)
  File "/usr/local/lib/python3.10/dist-packages/airflow/models/taskinstance.py", line 432, in _execute_callable
    return execute_callable(context=context, **execute_callable_kwargs)
  File "/usr/local/lib/python3.10/dist-packages/airflow/models/baseoperator.py", line 401, in wrapper
    return func(self, *args, **kwargs)
  File "/usr/local/lib/python3.10/dist-packages/airflow/operators/python.py", line 235, in execute
    return_value = self.execute_callable()
  File "/usr/local/lib/python3.10/dist-packages/airflow/operators/python.py", line 252, in execute_callable
    return self.python_callable(*self.op_args, **self.op_kwargs)
  File "/home/miracle/mobil/scrape/script/carmudi/carmudi.py", line 208, in carmudi_scrape
    future.result()
  File "/usr/lib/python3.10/concurrent/futures/_base.py", line 453, in result
    self._condition.wait(timeout)
  File "/usr/lib/python3.10/threading.py", line 320, in wait
    waiter.acquire()
  File "/usr/local/lib/python3.10/dist-packages/airflow/models/taskinstance.py", line 2613, in signal_handler
    raise AirflowTaskTerminated("Task received SIGTERM signal")
airflow.exceptions.AirflowTaskTerminated: Task received SIGTERM signal
[2024-08-31T20:26:32.746+0700] {taskinstance.py:1206} INFO - Marking task as FAILED. dag_id=scrap_carmudi, task_id=scrape_carmudi, run_id=scheduled__2024-08-30T00:00:00+00:00, execution_date=20240830T000000, start_date=20240831T132539, end_date=20240831T132632
[2024-08-31T20:26:32.759+0700] {standard_task_runner.py:110} ERROR - Failed to execute job 158 for task scrape_carmudi ((psycopg2.errors.ForeignKeyViolation) insert or update on table "task_fail" violates foreign key constraint "task_fail_ti_fkey"
DETAIL:  Key (dag_id, task_id, run_id, map_index)=(scrap_carmudi, scrape_carmudi, scheduled__2024-08-30T00:00:00+00:00, -1) is not present in table "task_instance".

[SQL: INSERT INTO task_fail (task_id, dag_id, run_id, map_index, start_date, end_date, duration) VALUES (%(task_id)s, %(dag_id)s, %(run_id)s, %(map_index)s, %(start_date)s, %(end_date)s, %(duration)s) RETURNING task_fail.id]
[parameters: {'task_id': 'scrape_carmudi', 'dag_id': 'scrap_carmudi', 'run_id': 'scheduled__2024-08-30T00:00:00+00:00', 'map_index': -1, 'start_date': datetime.datetime(2024, 8, 31, 13, 25, 39, 425138, tzinfo=Timezone('UTC')), 'end_date': datetime.datetime(2024, 8, 31, 13, 26, 32, 746418, tzinfo=Timezone('UTC')), 'duration': 53}]
(Background on this error at: https://sqlalche.me/e/14/gkpj); 31425)
[2024-08-31T20:26:32.815+0700] {process_utils.py:80} INFO - Process psutil.Process(pid=31425, status='terminated', exitcode=1, started='20:25:38') (31425) terminated with exit code 1
