[2024-08-26T00:17:54.454+0700] {local_task_job_runner.py:120} INFO - ::group::Pre task execution logs
[2024-08-26T00:17:54.702+0700] {taskinstance.py:2076} INFO - Dependencies all met for dep_context=non-requeueable deps ti=<TaskInstance: scrap_mobil123.scrape_mobil123 scheduled__2024-08-16T00:00:00+00:00 [queued]>
[2024-08-26T00:17:54.717+0700] {taskinstance.py:2076} INFO - Dependencies all met for dep_context=requeueable deps ti=<TaskInstance: scrap_mobil123.scrape_mobil123 scheduled__2024-08-16T00:00:00+00:00 [queued]>
[2024-08-26T00:17:54.717+0700] {taskinstance.py:2306} INFO - Starting attempt 1 of 2
[2024-08-26T00:17:54.739+0700] {taskinstance.py:2330} INFO - Executing <Task(PythonOperator): scrape_mobil123> on 2024-08-16 00:00:00+00:00
[2024-08-26T00:17:54.744+0700] {standard_task_runner.py:64} INFO - Started process 15537 to run task
[2024-08-26T00:17:54.747+0700] {standard_task_runner.py:90} INFO - Running: ['***', 'tasks', 'run', 'scrap_mobil123', 'scrape_mobil123', 'scheduled__2024-08-16T00:00:00+00:00', '--job-id', '113', '--raw', '--subdir', 'DAGS_FOLDER/mobil123/scrap_mobil123.py', '--cfg-path', '/tmp/tmp5h3yc9m0']
[2024-08-26T00:17:54.749+0700] {standard_task_runner.py:91} INFO - Job 113: Subtask scrape_mobil123
[2024-08-26T00:17:54.826+0700] {task_command.py:426} INFO - Running <TaskInstance: scrap_mobil123.scrape_mobil123 scheduled__2024-08-16T00:00:00+00:00 [running]> on host BrightHorizons.
[2024-08-26T00:17:54.944+0700] {taskinstance.py:2648} INFO - Exporting env vars: AIRFLOW_CTX_DAG_OWNER='***' AIRFLOW_CTX_DAG_ID='scrap_mobil123' AIRFLOW_CTX_TASK_ID='scrape_mobil123' AIRFLOW_CTX_EXECUTION_DATE='2024-08-16T00:00:00+00:00' AIRFLOW_CTX_TRY_NUMBER='1' AIRFLOW_CTX_DAG_RUN_ID='scheduled__2024-08-16T00:00:00+00:00'
[2024-08-26T00:17:54.944+0700] {taskinstance.py:430} INFO - ::endgroup::
[2024-08-26T00:17:56.138+0700] {logging_mixin.py:188} INFO - Fetching page 1 of 2 for price category: dibawah 30 Juta
[2024-08-26T00:17:57.041+0700] {logging_mixin.py:188} INFO - Sleeping for 1.93 seconds...
[2024-08-26T00:17:58.969+0700] {logging_mixin.py:188} INFO - Fetching page 2 of 2 for price category: dibawah 30 Juta
[2024-08-26T00:17:59.912+0700] {logging_mixin.py:188} INFO - Sleeping for 1.60 seconds...
[2024-08-26T00:18:01.510+0700] {logging_mixin.py:188} INFO - Data for price category dibawah 30 Juta written to /home/miracle/mobil/scrape/output/mobil123/2024-08-26/mobil123_dibawah 30 Juta_2024-08-26.csv
[2024-08-26T00:18:02.655+0700] {logging_mixin.py:188} INFO - Fetching page 1 of 3 for price category: dibawah 40 Juta
[2024-08-26T00:18:04.167+0700] {logging_mixin.py:188} INFO - Sleeping for 2.73 seconds...
[2024-08-26T00:18:06.898+0700] {logging_mixin.py:188} INFO - Fetching page 2 of 3 for price category: dibawah 40 Juta
[2024-08-26T00:18:08.362+0700] {logging_mixin.py:188} INFO - Sleeping for 2.46 seconds...
[2024-08-26T00:18:10.819+0700] {logging_mixin.py:188} INFO - Fetching page 3 of 3 for price category: dibawah 40 Juta
[2024-08-26T00:18:11.857+0700] {logging_mixin.py:188} INFO - Sleeping for 2.14 seconds...
[2024-08-26T00:18:14.003+0700] {logging_mixin.py:188} INFO - Data for price category dibawah 40 Juta written to /home/miracle/mobil/scrape/output/mobil123/2024-08-26/mobil123_dibawah 40 Juta_2024-08-26.csv
[2024-08-26T00:18:15.330+0700] {logging_mixin.py:188} INFO - Fetching page 1 of 5 for price category: dibawah 50 Juta
[2024-08-26T00:18:16.635+0700] {logging_mixin.py:188} INFO - Sleeping for 2.96 seconds...
[2024-08-26T00:18:19.602+0700] {logging_mixin.py:188} INFO - Fetching page 2 of 5 for price category: dibawah 50 Juta
[2024-08-26T00:18:23.944+0700] {logging_mixin.py:188} INFO - Sleeping for 2.63 seconds...
[2024-08-26T00:18:26.580+0700] {logging_mixin.py:188} INFO - Fetching page 3 of 5 for price category: dibawah 50 Juta
[2024-08-26T00:18:28.819+0700] {logging_mixin.py:188} INFO - Sleeping for 1.84 seconds...
[2024-08-26T00:18:30.663+0700] {logging_mixin.py:188} INFO - Fetching page 4 of 5 for price category: dibawah 50 Juta
[2024-08-26T00:18:31.556+0700] {logging_mixin.py:188} INFO - Sleeping for 2.23 seconds...
[2024-08-26T00:18:33.783+0700] {logging_mixin.py:188} INFO - Fetching page 5 of 5 for price category: dibawah 50 Juta
[2024-08-26T00:18:36.302+0700] {logging_mixin.py:188} INFO - Sleeping for 1.91 seconds...
[2024-08-26T00:18:38.216+0700] {logging_mixin.py:188} INFO - Data for price category dibawah 50 Juta written to /home/miracle/mobil/scrape/output/mobil123/2024-08-26/mobil123_dibawah 50 Juta_2024-08-26.csv
[2024-08-26T00:18:39.638+0700] {logging_mixin.py:188} INFO - Fetching page 1 of 5 for price category: dibawah 60 Juta
[2024-08-26T00:18:40.784+0700] {logging_mixin.py:188} INFO - Sleeping for 2.05 seconds...
[2024-08-26T00:18:42.835+0700] {logging_mixin.py:188} INFO - Fetching page 2 of 5 for price category: dibawah 60 Juta
[2024-08-26T00:18:43.781+0700] {logging_mixin.py:188} INFO - Sleeping for 2.65 seconds...
[2024-08-26T00:18:46.432+0700] {logging_mixin.py:188} INFO - Fetching page 3 of 5 for price category: dibawah 60 Juta
[2024-08-26T00:18:47.420+0700] {logging_mixin.py:188} INFO - Sleeping for 2.84 seconds...
[2024-08-26T00:18:50.265+0700] {logging_mixin.py:188} INFO - Fetching page 4 of 5 for price category: dibawah 60 Juta
[2024-08-26T00:18:51.215+0700] {logging_mixin.py:188} INFO - Sleeping for 1.74 seconds...
[2024-08-26T00:18:52.957+0700] {logging_mixin.py:188} INFO - Fetching page 5 of 5 for price category: dibawah 60 Juta
[2024-08-26T00:18:53.910+0700] {logging_mixin.py:188} INFO - Sleeping for 2.08 seconds...
[2024-08-26T00:18:55.993+0700] {logging_mixin.py:188} INFO - Data for price category dibawah 60 Juta written to /home/miracle/mobil/scrape/output/mobil123/2024-08-26/mobil123_dibawah 60 Juta_2024-08-26.csv
[2024-08-26T00:18:56.850+0700] {logging_mixin.py:188} INFO - Fetching page 1 of 9 for price category: dibawah 70 Juta
[2024-08-26T00:18:57.847+0700] {logging_mixin.py:188} INFO - Sleeping for 2.08 seconds...
[2024-08-26T00:18:59.928+0700] {logging_mixin.py:188} INFO - Fetching page 2 of 9 for price category: dibawah 70 Juta
[2024-08-26T00:19:00.929+0700] {logging_mixin.py:188} INFO - Sleeping for 2.58 seconds...
[2024-08-26T00:19:03.515+0700] {logging_mixin.py:188} INFO - Fetching page 3 of 9 for price category: dibawah 70 Juta
[2024-08-26T00:19:04.627+0700] {logging_mixin.py:188} INFO - Sleeping for 1.74 seconds...
[2024-08-26T00:19:06.371+0700] {logging_mixin.py:188} INFO - Fetching page 4 of 9 for price category: dibawah 70 Juta
[2024-08-26T00:19:07.427+0700] {logging_mixin.py:188} INFO - Sleeping for 2.81 seconds...
[2024-08-26T00:19:10.237+0700] {logging_mixin.py:188} INFO - Fetching page 5 of 9 for price category: dibawah 70 Juta
[2024-08-26T00:19:11.207+0700] {logging_mixin.py:188} INFO - Sleeping for 2.05 seconds...
[2024-08-26T00:19:13.256+0700] {logging_mixin.py:188} INFO - Fetching page 6 of 9 for price category: dibawah 70 Juta
[2024-08-26T00:19:14.446+0700] {logging_mixin.py:188} INFO - Sleeping for 1.83 seconds...
[2024-08-26T00:19:16.280+0700] {logging_mixin.py:188} INFO - Fetching page 7 of 9 for price category: dibawah 70 Juta
[2024-08-26T00:19:17.173+0700] {logging_mixin.py:188} INFO - Sleeping for 2.32 seconds...
[2024-08-26T00:19:19.496+0700] {logging_mixin.py:188} INFO - Fetching page 8 of 9 for price category: dibawah 70 Juta
[2024-08-26T00:19:20.431+0700] {logging_mixin.py:188} INFO - Sleeping for 2.92 seconds...
[2024-08-26T00:19:23.355+0700] {logging_mixin.py:188} INFO - Fetching page 9 of 9 for price category: dibawah 70 Juta
[2024-08-26T00:19:24.141+0700] {logging_mixin.py:188} INFO - Sleeping for 2.05 seconds...
[2024-08-26T00:19:26.196+0700] {logging_mixin.py:188} INFO - Data for price category dibawah 70 Juta written to /home/miracle/mobil/scrape/output/mobil123/2024-08-26/mobil123_dibawah 70 Juta_2024-08-26.csv
[2024-08-26T00:19:27.258+0700] {logging_mixin.py:188} INFO - Fetching page 1 of 18 for price category: dibawah 80 Juta
[2024-08-26T00:19:28.416+0700] {logging_mixin.py:188} INFO - Sleeping for 2.59 seconds...
[2024-08-26T00:19:31.005+0700] {logging_mixin.py:188} INFO - Fetching page 2 of 18 for price category: dibawah 80 Juta
[2024-08-26T00:19:33.065+0700] {logging_mixin.py:188} INFO - Sleeping for 1.72 seconds...
[2024-08-26T00:19:34.788+0700] {logging_mixin.py:188} INFO - Fetching page 3 of 18 for price category: dibawah 80 Juta
[2024-08-26T00:19:35.858+0700] {local_task_job_runner.py:313} WARNING - State of this instance has been externally set to success. Terminating instance.
[2024-08-26T00:19:35.859+0700] {local_task_job_runner.py:222} INFO - ::endgroup::
[2024-08-26T00:19:35.861+0700] {process_utils.py:132} INFO - Sending 15 to group 15537. PIDs of all processes in the group: [15537]
[2024-08-26T00:19:35.862+0700] {process_utils.py:87} INFO - Sending the signal 15 to group 15537
[2024-08-26T00:19:35.862+0700] {taskinstance.py:2611} ERROR - Received SIGTERM. Terminating subprocesses.
[2024-08-26T00:19:35.863+0700] {taskinstance.py:441} INFO - ::group::Post task execution logs
[2024-08-26T00:19:35.914+0700] {process_utils.py:80} INFO - Process psutil.Process(pid=15537, status='terminated', exitcode=0, started='00:17:54') (15537) terminated with exit code 0
