[2024-09-01T02:07:23.081+0700] {local_task_job_runner.py:120} INFO - ::group::Pre task execution logs
[2024-09-01T02:07:23.120+0700] {taskinstance.py:2076} INFO - Dependencies all met for dep_context=non-requeueable deps ti=<TaskInstance: scrap_oto_dag.modify_data manual__2024-08-31T18:24:53.160308+00:00 [queued]>
[2024-09-01T02:07:23.132+0700] {taskinstance.py:2076} INFO - Dependencies all met for dep_context=requeueable deps ti=<TaskInstance: scrap_oto_dag.modify_data manual__2024-08-31T18:24:53.160308+00:00 [queued]>
[2024-09-01T02:07:23.133+0700] {taskinstance.py:2306} INFO - Starting attempt 2 of 3
[2024-09-01T02:07:23.241+0700] {taskinstance.py:2330} INFO - Executing <Task(SparkSubmitOperator): modify_data> on 2024-08-31 18:24:53.160308+00:00
[2024-09-01T02:07:23.249+0700] {standard_task_runner.py:64} INFO - Started process 127987 to run task
[2024-09-01T02:07:23.252+0700] {standard_task_runner.py:90} INFO - Running: ['***', 'tasks', 'run', 'scrap_oto_dag', 'modify_data', 'manual__2024-08-31T18:24:53.160308+00:00', '--job-id', '171', '--raw', '--subdir', 'DAGS_FOLDER/oto/scrap_oto.py', '--cfg-path', '/tmp/tmpd547hmd_']
[2024-09-01T02:07:23.255+0700] {standard_task_runner.py:91} INFO - Job 171: Subtask modify_data
[2024-09-01T02:07:23.334+0700] {task_command.py:426} INFO - Running <TaskInstance: scrap_oto_dag.modify_data manual__2024-08-31T18:24:53.160308+00:00 [running]> on host BrightHorizons.
[2024-09-01T02:07:23.469+0700] {taskinstance.py:2648} INFO - Exporting env vars: AIRFLOW_CTX_DAG_OWNER='***' AIRFLOW_CTX_DAG_ID='scrap_oto_dag' AIRFLOW_CTX_TASK_ID='modify_data' AIRFLOW_CTX_EXECUTION_DATE='2024-08-31T18:24:53.160308+00:00' AIRFLOW_CTX_TRY_NUMBER='2' AIRFLOW_CTX_DAG_RUN_ID='manual__2024-08-31T18:24:53.160308+00:00'
[2024-09-01T02:07:23.470+0700] {taskinstance.py:430} INFO - ::endgroup::
[2024-09-01T02:07:23.500+0700] {base.py:84} INFO - Using connection ID 'spark_local' for task execution.
[2024-09-01T02:07:23.501+0700] {taskinstance.py:441} INFO - ::group::Post task execution logs
[2024-09-01T02:07:23.501+0700] {taskinstance.py:2905} ERROR - Task failed with exception
Traceback (most recent call last):
  File "/usr/local/lib/python3.10/dist-packages/airflow/models/taskinstance.py", line 465, in _execute_task
    result = _execute_callable(context=context, **execute_callable_kwargs)
  File "/usr/local/lib/python3.10/dist-packages/airflow/models/taskinstance.py", line 432, in _execute_callable
    return execute_callable(context=context, **execute_callable_kwargs)
  File "/usr/local/lib/python3.10/dist-packages/airflow/models/baseoperator.py", line 401, in wrapper
    return func(self, *args, **kwargs)
  File "/usr/local/lib/python3.10/dist-packages/airflow/providers/apache/spark/operators/spark_submit.py", line 174, in execute
    self._hook.submit(self.application)
  File "/usr/local/lib/python3.10/dist-packages/airflow/providers/apache/spark/hooks/spark_submit.py", line 477, in submit
    spark_submit_cmd = self._build_spark_submit_command(application)
  File "/usr/local/lib/python3.10/dist-packages/airflow/providers/apache/spark/hooks/spark_submit.py", line 403, in _build_spark_submit_command
    self.log.info("Spark-Submit cmd: %s", self._mask_cmd(connection_cmd))
  File "/usr/local/lib/python3.10/dist-packages/airflow/providers/apache/spark/hooks/spark_submit.py", line 307, in _mask_cmd
    " ".join(connection_cmd),
TypeError: sequence item 7: expected str instance, function found
[2024-09-01T02:07:23.519+0700] {taskinstance.py:1206} INFO - Marking task as UP_FOR_RETRY. dag_id=scrap_oto_dag, task_id=modify_data, run_id=manual__2024-08-31T18:24:53.160308+00:00, execution_date=20240831T182453, start_date=20240831T190723, end_date=20240831T190723
[2024-09-01T02:07:23.535+0700] {standard_task_runner.py:110} ERROR - Failed to execute job 171 for task modify_data (sequence item 7: expected str instance, function found; 127987)
[2024-09-01T02:07:23.548+0700] {local_task_job_runner.py:243} INFO - Task exited with return code 1
[2024-09-01T02:07:23.583+0700] {taskinstance.py:3503} INFO - 0 downstream tasks scheduled from follow-on schedule check
[2024-09-01T02:07:23.586+0700] {local_task_job_runner.py:222} INFO - ::endgroup::
