[2024-09-22T15:23:28.802+0700] {local_task_job_runner.py:120} INFO - ::group::Pre task execution logs
[2024-09-22T15:23:28.830+0700] {taskinstance.py:2076} INFO - Dependencies all met for dep_context=non-requeueable deps ti=<TaskInstance: scrap_oto_dag.scrape_oto scheduled__2024-09-06T00:00:00+00:00 [queued]>
[2024-09-22T15:23:28.839+0700] {taskinstance.py:2076} INFO - Dependencies all met for dep_context=requeueable deps ti=<TaskInstance: scrap_oto_dag.scrape_oto scheduled__2024-09-06T00:00:00+00:00 [queued]>
[2024-09-22T15:23:28.840+0700] {taskinstance.py:2306} INFO - Starting attempt 5 of 6
[2024-09-22T15:23:28.851+0700] {taskinstance.py:2330} INFO - Executing <Task(PythonOperator): scrape_oto> on 2024-09-06 00:00:00+00:00
[2024-09-22T15:23:28.856+0700] {standard_task_runner.py:64} INFO - Started process 245879 to run task
[2024-09-22T15:23:28.860+0700] {standard_task_runner.py:90} INFO - Running: ['***', 'tasks', 'run', 'scrap_oto_dag', 'scrape_oto', 'scheduled__2024-09-06T00:00:00+00:00', '--job-id', '262', '--raw', '--subdir', 'DAGS_FOLDER/oto/scrap_oto.py', '--cfg-path', '/tmp/tmp8by0ab32']
[2024-09-22T15:23:28.862+0700] {standard_task_runner.py:91} INFO - Job 262: Subtask scrape_oto
[2024-09-22T15:23:28.912+0700] {task_command.py:426} INFO - Running <TaskInstance: scrap_oto_dag.scrape_oto scheduled__2024-09-06T00:00:00+00:00 [running]> on host BrightHorizons.
[2024-09-22T15:23:29.100+0700] {taskinstance.py:2648} INFO - Exporting env vars: AIRFLOW_CTX_DAG_OWNER='***' AIRFLOW_CTX_DAG_ID='scrap_oto_dag' AIRFLOW_CTX_TASK_ID='scrape_oto' AIRFLOW_CTX_EXECUTION_DATE='2024-09-06T00:00:00+00:00' AIRFLOW_CTX_TRY_NUMBER='5' AIRFLOW_CTX_DAG_RUN_ID='scheduled__2024-09-06T00:00:00+00:00'
[2024-09-22T15:23:29.101+0700] {taskinstance.py:430} INFO - ::endgroup::
[2024-09-22T15:23:29.572+0700] {logging_mixin.py:188} INFO - Fetching page 1 for price category: dibawah-40-juta
[2024-09-22T15:23:29.574+0700] {logging_mixin.py:188} INFO - Fetching page 2 for price category: dibawah-40-juta
[2024-09-22T15:23:29.576+0700] {logging_mixin.py:188} INFO - Fetching page 3 for price category: dibawah-40-juta
[2024-09-22T15:23:29.576+0700] {logging_mixin.py:188} INFO - Fetching page 4 for price category: dibawah-40-juta
[2024-09-22T15:23:29.581+0700] {logging_mixin.py:188} INFO - Fetching page 1 for price category: dibawah-30-juta
[2024-09-22T15:23:29.583+0700] {logging_mixin.py:188} INFO - Fetching page 2 for price category: dibawah-30-juta
[2024-09-22T15:23:29.584+0700] {logging_mixin.py:188} INFO - Fetching page 3 for price category: dibawah-30-juta
[2024-09-22T15:23:29.585+0700] {logging_mixin.py:188} INFO - Fetching page 4 for price category: dibawah-30-juta
[2024-09-22T15:23:29.591+0700] {logging_mixin.py:188} INFO - Fetching page 1 for price category: dibawah-50-juta
[2024-09-22T15:23:29.592+0700] {logging_mixin.py:188} INFO - Fetching page 2 for price category: dibawah-50-juta
[2024-09-22T15:23:29.594+0700] {logging_mixin.py:188} INFO - Fetching page 3 for price category: dibawah-50-juta
[2024-09-22T15:23:29.595+0700] {logging_mixin.py:188} INFO - Fetching page 4 for price category: dibawah-50-juta
[2024-09-22T15:23:29.616+0700] {logging_mixin.py:188} INFO - Fetching page 1 for price category: dibawah-60-juta
[2024-09-22T15:23:29.619+0700] {logging_mixin.py:188} INFO - Fetching page 2 for price category: dibawah-60-juta
[2024-09-22T15:23:29.621+0700] {logging_mixin.py:188} INFO - Fetching page 3 for price category: dibawah-60-juta
[2024-09-22T15:23:29.623+0700] {logging_mixin.py:188} INFO - Fetching page 4 for price category: dibawah-60-juta
[2024-09-22T15:23:30.067+0700] {logging_mixin.py:188} INFO - Fetching page 5 for price category: dibawah-40-juta
[2024-09-22T15:23:30.171+0700] {logging_mixin.py:188} INFO - Fetching page 6 for price category: dibawah-40-juta
[2024-09-22T15:23:30.339+0700] {logging_mixin.py:188} INFO - Fetching page 5 for price category: dibawah-50-juta
[2024-09-22T15:23:30.341+0700] {logging_mixin.py:188} INFO - Fetching page 5 for price category: dibawah-60-juta
[2024-09-22T15:23:30.403+0700] {logging_mixin.py:188} INFO - Fetching page 6 for price category: dibawah-50-juta
[2024-09-22T15:23:30.422+0700] {logging_mixin.py:188} INFO - Fetching page 7 for price category: dibawah-40-juta
[2024-09-22T15:23:30.456+0700] {logging_mixin.py:188} INFO - Fetching page 7 for price category: dibawah-50-juta
[2024-09-22T15:23:30.562+0700] {logging_mixin.py:188} INFO - Fetching page 8 for price category: dibawah-50-juta
[2024-09-22T15:23:30.564+0700] {logging_mixin.py:188} INFO - Fetching page 6 for price category: dibawah-60-juta
[2024-09-22T15:23:30.566+0700] {logging_mixin.py:188} INFO - Fetching page 8 for price category: dibawah-40-juta
[2024-09-22T15:23:30.595+0700] {logging_mixin.py:188} INFO - Fetching page 7 for price category: dibawah-60-juta
[2024-09-22T15:23:30.608+0700] {logging_mixin.py:188} INFO - Fetching page 8 for price category: dibawah-60-juta
[2024-09-22T15:23:30.614+0700] {logging_mixin.py:188} INFO - Data for price category dibawah-30-juta written to /home/miracle/mobil/scrape/output/oto/2024-09-22/oto_car_dibawah_30_juta_2024-09-22.csv
[2024-09-22T15:23:30.778+0700] {logging_mixin.py:188} INFO - Fetching page 9 for price category: dibawah-40-juta
[2024-09-22T15:23:30.964+0700] {logging_mixin.py:188} INFO - Fetching page 10 for price category: dibawah-40-juta
[2024-09-22T15:23:31.036+0700] {logging_mixin.py:188} INFO - Fetching page 9 for price category: dibawah-60-juta
[2024-09-22T15:23:31.050+0700] {logging_mixin.py:188} INFO - Fetching page 9 for price category: dibawah-50-juta
[2024-09-22T15:23:31.109+0700] {logging_mixin.py:188} INFO - Fetching page 10 for price category: dibawah-50-juta
[2024-09-22T15:23:31.172+0700] {logging_mixin.py:188} INFO - Fetching page 11 for price category: dibawah-50-juta
[2024-09-22T15:23:31.307+0700] {logging_mixin.py:188} INFO - Fetching page 1 for price category: dibawah-70-juta
[2024-09-22T15:23:31.314+0700] {logging_mixin.py:188} INFO - Fetching page 10 for price category: dibawah-60-juta
[2024-09-22T15:23:31.335+0700] {logging_mixin.py:188} INFO - Fetching page 11 for price category: dibawah-40-juta
[2024-09-22T15:23:31.413+0700] {logging_mixin.py:188} INFO - Fetching page 12 for price category: dibawah-40-juta
[2024-09-22T15:23:31.423+0700] {logging_mixin.py:188} INFO - Fetching page 13 for price category: dibawah-40-juta
[2024-09-22T15:23:31.423+0700] {logging_mixin.py:188} INFO - Fetching page 2 for price category: dibawah-70-juta
[2024-09-22T15:23:31.427+0700] {logging_mixin.py:188} INFO - Fetching page 11 for price category: dibawah-60-juta
[2024-09-22T15:23:31.440+0700] {logging_mixin.py:188} INFO - Fetching page 3 for price category: dibawah-70-juta
[2024-09-22T15:23:31.457+0700] {logging_mixin.py:188} INFO - Fetching page 4 for price category: dibawah-70-juta
[2024-09-22T15:23:31.464+0700] {logging_mixin.py:188} INFO - Fetching page 12 for price category: dibawah-50-juta
[2024-09-22T15:23:31.476+0700] {logging_mixin.py:188} INFO - Fetching page 12 for price category: dibawah-60-juta
[2024-09-22T15:23:31.574+0700] {logging_mixin.py:188} INFO - Fetching page 14 for price category: dibawah-40-juta
[2024-09-22T15:23:31.582+0700] {logging_mixin.py:188} INFO - Fetching page 13 for price category: dibawah-60-juta
[2024-09-22T15:23:31.619+0700] {logging_mixin.py:188} INFO - Fetching page 13 for price category: dibawah-50-juta
[2024-09-22T15:23:31.695+0700] {logging_mixin.py:188} INFO - Fetching page 14 for price category: dibawah-50-juta
[2024-09-22T15:23:31.749+0700] {logging_mixin.py:188} INFO - Fetching page 15 for price category: dibawah-50-juta
[2024-09-22T15:23:31.851+0700] {logging_mixin.py:188} INFO - Fetching page 5 for price category: dibawah-70-juta
[2024-09-22T15:23:32.073+0700] {logging_mixin.py:188} INFO - Fetching page 15 for price category: dibawah-40-juta
[2024-09-22T15:23:32.117+0700] {logging_mixin.py:188} INFO - Fetching page 14 for price category: dibawah-60-juta
[2024-09-22T15:23:32.208+0700] {logging_mixin.py:188} INFO - Fetching page 16 for price category: dibawah-40-juta
[2024-09-22T15:23:32.291+0700] {logging_mixin.py:188} INFO - Fetching page 16 for price category: dibawah-50-juta
[2024-09-22T15:23:32.292+0700] {logging_mixin.py:188} INFO - Fetching page 6 for price category: dibawah-70-juta
[2024-09-22T15:23:32.420+0700] {logging_mixin.py:188} INFO - Fetching page 15 for price category: dibawah-60-juta
[2024-09-22T15:23:32.448+0700] {logging_mixin.py:188} INFO - Fetching page 17 for price category: dibawah-50-juta
[2024-09-22T15:23:32.450+0700] {logging_mixin.py:188} INFO - Fetching page 18 for price category: dibawah-50-juta
[2024-09-22T15:23:32.502+0700] {logging_mixin.py:188} INFO - Fetching page 16 for price category: dibawah-60-juta
[2024-09-22T15:23:32.510+0700] {logging_mixin.py:188} INFO - Fetching page 7 for price category: dibawah-70-juta
[2024-09-22T15:23:32.553+0700] {logging_mixin.py:188} INFO - Fetching page 8 for price category: dibawah-70-juta
[2024-09-22T15:23:32.602+0700] {logging_mixin.py:188} INFO - Fetching page 19 for price category: dibawah-50-juta
[2024-09-22T15:23:32.694+0700] {logging_mixin.py:188} INFO - Fetching page 17 for price category: dibawah-60-juta
[2024-09-22T15:23:32.717+0700] {logging_mixin.py:188} INFO - Fetching page 9 for price category: dibawah-70-juta
[2024-09-22T15:23:32.764+0700] {logging_mixin.py:188} INFO - Data for price category dibawah-40-juta written to /home/miracle/mobil/scrape/output/oto/2024-09-22/oto_car_dibawah_40_juta_2024-09-22.csv
[2024-09-22T15:23:32.883+0700] {logging_mixin.py:188} INFO - Fetching page 20 for price category: dibawah-50-juta
[2024-09-22T15:23:32.930+0700] {logging_mixin.py:188} INFO - Fetching page 10 for price category: dibawah-70-juta
[2024-09-22T15:23:33.178+0700] {logging_mixin.py:188} INFO - Fetching page 18 for price category: dibawah-60-juta
[2024-09-22T15:23:33.198+0700] {logging_mixin.py:188} INFO - Fetching page 21 for price category: dibawah-50-juta
[2024-09-22T15:23:33.250+0700] {logging_mixin.py:188} INFO - Fetching page 22 for price category: dibawah-50-juta
[2024-09-22T15:23:33.283+0700] {logging_mixin.py:188} INFO - Fetching page 23 for price category: dibawah-50-juta
[2024-09-22T15:23:33.284+0700] {logging_mixin.py:188} INFO - Fetching page 19 for price category: dibawah-60-juta
[2024-09-22T15:23:33.289+0700] {logging_mixin.py:188} INFO - Fetching page 11 for price category: dibawah-70-juta
[2024-09-22T15:23:33.343+0700] {logging_mixin.py:188} INFO - Fetching page 20 for price category: dibawah-60-juta
[2024-09-22T15:23:33.425+0700] {logging_mixin.py:188} INFO - Fetching page 12 for price category: dibawah-70-juta
[2024-09-22T15:23:33.430+0700] {logging_mixin.py:188} INFO - Fetching page 13 for price category: dibawah-70-juta
[2024-09-22T15:23:33.434+0700] {logging_mixin.py:188} INFO - Fetching page 1 for price category: dibawah-80-juta
[2024-09-22T15:23:33.436+0700] {logging_mixin.py:188} INFO - Fetching page 2 for price category: dibawah-80-juta
[2024-09-22T15:23:33.444+0700] {logging_mixin.py:188} INFO - Fetching page 3 for price category: dibawah-80-juta
[2024-09-22T15:23:33.471+0700] {logging_mixin.py:188} INFO - Fetching page 4 for price category: dibawah-80-juta
[2024-09-22T15:23:33.503+0700] {logging_mixin.py:188} INFO - Fetching page 24 for price category: dibawah-50-juta
[2024-09-22T15:23:33.606+0700] {logging_mixin.py:188} INFO - Fetching page 14 for price category: dibawah-70-juta
[2024-09-22T15:23:33.744+0700] {logging_mixin.py:188} INFO - Fetching page 21 for price category: dibawah-60-juta
[2024-09-22T15:23:33.786+0700] {logging_mixin.py:188} INFO - Fetching page 22 for price category: dibawah-60-juta
[2024-09-22T15:23:33.832+0700] {logging_mixin.py:188} INFO - Fetching page 15 for price category: dibawah-70-juta
[2024-09-22T15:23:33.950+0700] {logging_mixin.py:188} INFO - Fetching page 25 for price category: dibawah-50-juta
[2024-09-22T15:23:34.076+0700] {logging_mixin.py:188} INFO - Fetching page 26 for price category: dibawah-50-juta
[2024-09-22T15:23:34.111+0700] {logging_mixin.py:188} INFO - Fetching page 27 for price category: dibawah-50-juta
[2024-09-22T15:23:34.124+0700] {logging_mixin.py:188} INFO - Fetching page 28 for price category: dibawah-50-juta
[2024-09-22T15:23:34.125+0700] {logging_mixin.py:188} INFO - Fetching page 5 for price category: dibawah-80-juta
[2024-09-22T15:23:34.309+0700] {logging_mixin.py:188} INFO - Fetching page 6 for price category: dibawah-80-juta
[2024-09-22T15:23:34.395+0700] {logging_mixin.py:188} INFO - Fetching page 23 for price category: dibawah-60-juta
[2024-09-22T15:23:34.429+0700] {logging_mixin.py:188} INFO - Fetching page 16 for price category: dibawah-70-juta
[2024-09-22T15:23:34.435+0700] {logging_mixin.py:188} INFO - Fetching page 17 for price category: dibawah-70-juta
[2024-09-22T15:23:34.488+0700] {logging_mixin.py:188} INFO - Fetching page 7 for price category: dibawah-80-juta
[2024-09-22T15:23:34.490+0700] {logging_mixin.py:188} INFO - Fetching page 8 for price category: dibawah-80-juta
[2024-09-22T15:23:34.541+0700] {logging_mixin.py:188} INFO - Fetching page 24 for price category: dibawah-60-juta
[2024-09-22T15:23:34.579+0700] {logging_mixin.py:188} INFO - Fetching page 25 for price category: dibawah-60-juta
[2024-09-22T15:23:34.595+0700] {logging_mixin.py:188} INFO - Fetching page 18 for price category: dibawah-70-juta
[2024-09-22T15:23:34.636+0700] {logging_mixin.py:188} INFO - Fetching page 26 for price category: dibawah-60-juta
[2024-09-22T15:23:34.800+0700] {logging_mixin.py:188} INFO - Fetching page 29 for price category: dibawah-50-juta
[2024-09-22T15:23:34.802+0700] {logging_mixin.py:188} INFO - Fetching page 19 for price category: dibawah-70-juta
[2024-09-22T15:23:34.852+0700] {logging_mixin.py:188} INFO - Fetching page 30 for price category: dibawah-50-juta
[2024-09-22T15:23:34.897+0700] {logging_mixin.py:188} INFO - Fetching page 31 for price category: dibawah-50-juta
[2024-09-22T15:23:34.977+0700] {logging_mixin.py:188} INFO - Fetching page 20 for price category: dibawah-70-juta
[2024-09-22T15:23:35.052+0700] {logging_mixin.py:188} INFO - Fetching page 9 for price category: dibawah-80-juta
[2024-09-22T15:23:35.143+0700] {logging_mixin.py:188} INFO - Fetching page 10 for price category: dibawah-80-juta
[2024-09-22T15:23:35.437+0700] {logging_mixin.py:188} INFO - Fetching page 27 for price category: dibawah-60-juta
[2024-09-22T15:23:35.444+0700] {logging_mixin.py:188} INFO - Fetching page 21 for price category: dibawah-70-juta
[2024-09-22T15:23:35.512+0700] {logging_mixin.py:188} INFO - Fetching page 32 for price category: dibawah-50-juta
[2024-09-22T15:23:35.613+0700] {logging_mixin.py:188} INFO - Fetching page 28 for price category: dibawah-60-juta
[2024-09-22T15:23:35.615+0700] {logging_mixin.py:188} INFO - Fetching page 22 for price category: dibawah-70-juta
[2024-09-22T15:23:35.623+0700] {logging_mixin.py:188} INFO - Fetching page 29 for price category: dibawah-60-juta
[2024-09-22T15:23:35.656+0700] {logging_mixin.py:188} INFO - Fetching page 30 for price category: dibawah-60-juta
[2024-09-22T15:23:35.697+0700] {logging_mixin.py:188} INFO - Fetching page 11 for price category: dibawah-80-juta
[2024-09-22T15:23:35.706+0700] {logging_mixin.py:188} INFO - Fetching page 33 for price category: dibawah-50-juta
[2024-09-22T15:23:35.712+0700] {logging_mixin.py:188} INFO - Fetching page 23 for price category: dibawah-70-juta
[2024-09-22T15:23:35.721+0700] {logging_mixin.py:188} INFO - Fetching page 24 for price category: dibawah-70-juta
[2024-09-22T15:23:35.722+0700] {logging_mixin.py:188} INFO - Fetching page 34 for price category: dibawah-50-juta
[2024-09-22T15:23:35.753+0700] {logging_mixin.py:188} INFO - Fetching page 12 for price category: dibawah-80-juta
[2024-09-22T15:23:35.781+0700] {logging_mixin.py:188} INFO - Fetching page 35 for price category: dibawah-50-juta
[2024-09-22T15:23:35.822+0700] {logging_mixin.py:188} INFO - Fetching page 13 for price category: dibawah-80-juta
[2024-09-22T15:23:35.897+0700] {logging_mixin.py:188} INFO - Fetching page 14 for price category: dibawah-80-juta
[2024-09-22T15:23:35.963+0700] {logging_mixin.py:188} INFO - Fetching page 36 for price category: dibawah-50-juta
[2024-09-22T15:23:36.044+0700] {logging_mixin.py:188} INFO - Fetching page 31 for price category: dibawah-60-juta
[2024-09-22T15:23:36.120+0700] {logging_mixin.py:188} INFO - Fetching page 25 for price category: dibawah-70-juta
[2024-09-22T15:23:36.158+0700] {logging_mixin.py:188} INFO - Fetching page 26 for price category: dibawah-70-juta
[2024-09-22T15:23:36.217+0700] {logging_mixin.py:188} INFO - Fetching page 32 for price category: dibawah-60-juta
[2024-09-22T15:23:36.256+0700] {logging_mixin.py:188} INFO - Fetching page 33 for price category: dibawah-60-juta
[2024-09-22T15:23:36.339+0700] {logging_mixin.py:188} INFO - Fetching page 34 for price category: dibawah-60-juta
[2024-09-22T15:23:36.361+0700] {logging_mixin.py:188} INFO - Fetching page 37 for price category: dibawah-50-juta
[2024-09-22T15:23:36.546+0700] {logging_mixin.py:188} INFO - Fetching page 38 for price category: dibawah-50-juta
[2024-09-22T15:23:36.658+0700] {logging_mixin.py:188} INFO - Fetching page 39 for price category: dibawah-50-juta
[2024-09-22T15:23:36.697+0700] {logging_mixin.py:188} INFO - Fetching page 27 for price category: dibawah-70-juta
[2024-09-22T15:23:36.750+0700] {logging_mixin.py:188} INFO - Fetching page 15 for price category: dibawah-80-juta
[2024-09-22T15:23:36.763+0700] {logging_mixin.py:188} INFO - Fetching page 40 for price category: dibawah-50-juta
[2024-09-22T15:23:36.774+0700] {logging_mixin.py:188} INFO - Fetching page 28 for price category: dibawah-70-juta
[2024-09-22T15:23:36.796+0700] {logging_mixin.py:188} INFO - Fetching page 16 for price category: dibawah-80-juta
[2024-09-22T15:23:36.815+0700] {logging_mixin.py:188} INFO - Fetching page 17 for price category: dibawah-80-juta
[2024-09-22T15:23:36.899+0700] {logging_mixin.py:188} INFO - Fetching page 18 for price category: dibawah-80-juta
[2024-09-22T15:23:36.979+0700] {logging_mixin.py:188} INFO - Fetching page 29 for price category: dibawah-70-juta
[2024-09-22T15:23:36.993+0700] {logging_mixin.py:188} INFO - Fetching page 35 for price category: dibawah-60-juta
[2024-09-22T15:23:37.031+0700] {logging_mixin.py:188} INFO - Fetching page 36 for price category: dibawah-60-juta
[2024-09-22T15:23:37.087+0700] {logging_mixin.py:188} INFO - Fetching page 30 for price category: dibawah-70-juta
[2024-09-22T15:23:37.110+0700] {logging_mixin.py:188} INFO - Fetching page 41 for price category: dibawah-50-juta
[2024-09-22T15:23:37.167+0700] {logging_mixin.py:188} INFO - Fetching page 37 for price category: dibawah-60-juta
[2024-09-22T15:23:37.229+0700] {logging_mixin.py:188} INFO - Fetching page 38 for price category: dibawah-60-juta
[2024-09-22T15:23:37.245+0700] {logging_mixin.py:188} INFO - Fetching page 42 for price category: dibawah-50-juta
[2024-09-22T15:23:37.334+0700] {logging_mixin.py:188} INFO - Fetching page 43 for price category: dibawah-50-juta
[2024-09-22T15:23:37.359+0700] {logging_mixin.py:188} INFO - Fetching page 31 for price category: dibawah-70-juta
[2024-09-22T15:23:37.456+0700] {logging_mixin.py:188} INFO - Fetching page 44 for price category: dibawah-50-juta
[2024-09-22T15:23:37.638+0700] {logging_mixin.py:188} INFO - Fetching page 19 for price category: dibawah-80-juta
[2024-09-22T15:23:37.695+0700] {logging_mixin.py:188} INFO - Fetching page 20 for price category: dibawah-80-juta
[2024-09-22T15:23:37.728+0700] {logging_mixin.py:188} INFO - Fetching page 32 for price category: dibawah-70-juta
[2024-09-22T15:23:37.734+0700] {logging_mixin.py:188} INFO - Fetching page 33 for price category: dibawah-70-juta
[2024-09-22T15:23:37.837+0700] {logging_mixin.py:188} INFO - Fetching page 39 for price category: dibawah-60-juta
[2024-09-22T15:23:37.902+0700] {logging_mixin.py:188} INFO - Fetching page 21 for price category: dibawah-80-juta
[2024-09-22T15:23:37.959+0700] {logging_mixin.py:188} INFO - Fetching page 22 for price category: dibawah-80-juta
[2024-09-22T15:23:37.965+0700] {logging_mixin.py:188} INFO - Fetching page 34 for price category: dibawah-70-juta
[2024-09-22T15:23:37.999+0700] {logging_mixin.py:188} INFO - Fetching page 45 for price category: dibawah-50-juta
[2024-09-22T15:23:38.002+0700] {logging_mixin.py:188} INFO - Fetching page 40 for price category: dibawah-60-juta
[2024-09-22T15:23:38.032+0700] {logging_mixin.py:188} INFO - Fetching page 41 for price category: dibawah-60-juta
[2024-09-22T15:23:38.087+0700] {logging_mixin.py:188} INFO - Fetching page 42 for price category: dibawah-60-juta
[2024-09-22T15:23:38.139+0700] {logging_mixin.py:188} INFO - Fetching page 35 for price category: dibawah-70-juta
[2024-09-22T15:23:38.195+0700] {logging_mixin.py:188} INFO - Fetching page 46 for price category: dibawah-50-juta
[2024-09-22T15:23:38.313+0700] {logging_mixin.py:188} INFO - Fetching page 36 for price category: dibawah-70-juta
[2024-09-22T15:23:38.429+0700] {logging_mixin.py:188} INFO - Fetching page 43 for price category: dibawah-60-juta
[2024-09-22T15:23:38.445+0700] {logging_mixin.py:188} INFO - Fetching page 37 for price category: dibawah-70-juta
[2024-09-22T15:23:38.506+0700] {logging_mixin.py:188} INFO - Fetching page 23 for price category: dibawah-80-juta
[2024-09-22T15:23:38.630+0700] {logging_mixin.py:188} INFO - Fetching page 24 for price category: dibawah-80-juta
[2024-09-22T15:23:38.726+0700] {logging_mixin.py:188} INFO - Fetching page 44 for price category: dibawah-60-juta
[2024-09-22T15:23:38.789+0700] {logging_mixin.py:188} INFO - Fetching page 38 for price category: dibawah-70-juta
[2024-09-22T15:23:38.808+0700] {logging_mixin.py:188} INFO - Fetching page 25 for price category: dibawah-80-juta
[2024-09-22T15:23:38.892+0700] {logging_mixin.py:188} INFO - Fetching page 39 for price category: dibawah-70-juta
[2024-09-22T15:23:38.909+0700] {logging_mixin.py:188} INFO - Fetching page 45 for price category: dibawah-60-juta
[2024-09-22T15:23:38.922+0700] {logging_mixin.py:188} INFO - Fetching page 46 for price category: dibawah-60-juta
[2024-09-22T15:23:39.069+0700] {logging_mixin.py:188} INFO - Fetching page 40 for price category: dibawah-70-juta
[2024-09-22T15:23:39.110+0700] {logging_mixin.py:188} INFO - Fetching page 41 for price category: dibawah-70-juta
[2024-09-22T15:23:39.185+0700] {logging_mixin.py:188} INFO - Fetching page 26 for price category: dibawah-80-juta
[2024-09-22T15:23:39.213+0700] {logging_mixin.py:188} INFO - Data for price category dibawah-50-juta written to /home/miracle/mobil/scrape/output/oto/2024-09-22/oto_car_dibawah_50_juta_2024-09-22.csv
[2024-09-22T15:23:39.271+0700] {logging_mixin.py:188} INFO - Fetching page 27 for price category: dibawah-80-juta
[2024-09-22T15:23:39.286+0700] {logging_mixin.py:188} INFO - Fetching page 47 for price category: dibawah-60-juta
[2024-09-22T15:23:39.327+0700] {logging_mixin.py:188} INFO - Fetching page 48 for price category: dibawah-60-juta
[2024-09-22T15:23:39.376+0700] {logging_mixin.py:188} INFO - Fetching page 42 for price category: dibawah-70-juta
[2024-09-22T15:23:39.493+0700] {logging_mixin.py:188} INFO - Fetching page 43 for price category: dibawah-70-juta
[2024-09-22T15:23:39.522+0700] {logging_mixin.py:188} INFO - Fetching page 28 for price category: dibawah-80-juta
[2024-09-22T15:23:39.526+0700] {logging_mixin.py:188} INFO - Fetching page 29 for price category: dibawah-80-juta
[2024-09-22T15:23:39.736+0700] {logging_mixin.py:188} INFO - Fetching page 49 for price category: dibawah-60-juta
[2024-09-22T15:23:39.869+0700] {logging_mixin.py:188} INFO - Fetching page 44 for price category: dibawah-70-juta
[2024-09-22T15:23:39.894+0700] {logging_mixin.py:188} INFO - Fetching page 45 for price category: dibawah-70-juta
[2024-09-22T15:23:39.896+0700] {logging_mixin.py:188} INFO - Fetching page 50 for price category: dibawah-60-juta
[2024-09-22T15:23:39.926+0700] {logging_mixin.py:188} INFO - Fetching page 51 for price category: dibawah-60-juta
[2024-09-22T15:23:39.930+0700] {logging_mixin.py:188} INFO - Fetching page 1 for price category: dibawah-90-juta
[2024-09-22T15:23:39.932+0700] {logging_mixin.py:188} INFO - Fetching page 30 for price category: dibawah-80-juta
[2024-09-22T15:23:39.944+0700] {logging_mixin.py:188} INFO - Fetching page 2 for price category: dibawah-90-juta
[2024-09-22T15:23:39.948+0700] {logging_mixin.py:188} INFO - Fetching page 3 for price category: dibawah-90-juta
[2024-09-22T15:23:39.958+0700] {logging_mixin.py:188} INFO - Fetching page 4 for price category: dibawah-90-juta
[2024-09-22T15:23:39.958+0700] {logging_mixin.py:188} INFO - Fetching page 31 for price category: dibawah-80-juta
[2024-09-22T15:23:40.004+0700] {logging_mixin.py:188} INFO - Fetching page 52 for price category: dibawah-60-juta
[2024-09-22T15:23:40.072+0700] {logging_mixin.py:188} INFO - Fetching page 46 for price category: dibawah-70-juta
[2024-09-22T15:23:40.130+0700] {logging_mixin.py:188} INFO - Fetching page 32 for price category: dibawah-80-juta
[2024-09-22T15:23:40.154+0700] {logging_mixin.py:188} INFO - Fetching page 47 for price category: dibawah-70-juta
[2024-09-22T15:23:40.248+0700] {logging_mixin.py:188} INFO - Fetching page 33 for price category: dibawah-80-juta
[2024-09-22T15:23:40.391+0700] {logging_mixin.py:188} INFO - Fetching page 53 for price category: dibawah-60-juta
[2024-09-22T15:23:40.432+0700] {logging_mixin.py:188} INFO - Fetching page 54 for price category: dibawah-60-juta
[2024-09-22T15:23:40.437+0700] {logging_mixin.py:188} INFO - Fetching page 48 for price category: dibawah-70-juta
[2024-09-22T15:23:40.470+0700] {logging_mixin.py:188} INFO - Fetching page 49 for price category: dibawah-70-juta
[2024-09-22T15:23:40.560+0700] {logging_mixin.py:188} INFO - Fetching page 55 for price category: dibawah-60-juta
[2024-09-22T15:23:40.739+0700] {logging_mixin.py:188} INFO - Fetching page 34 for price category: dibawah-80-juta
[2024-09-22T15:23:40.751+0700] {logging_mixin.py:188} INFO - Fetching page 35 for price category: dibawah-80-juta
[2024-09-22T15:23:40.853+0700] {logging_mixin.py:188} INFO - Fetching page 50 for price category: dibawah-70-juta
[2024-09-22T15:23:40.876+0700] {logging_mixin.py:188} INFO - Fetching page 56 for price category: dibawah-60-juta
[2024-09-22T15:23:40.890+0700] {logging_mixin.py:188} INFO - Fetching page 5 for price category: dibawah-90-juta
[2024-09-22T15:23:40.904+0700] {logging_mixin.py:188} INFO - Fetching page 6 for price category: dibawah-90-juta
[2024-09-22T15:23:41.007+0700] {logging_mixin.py:188} INFO - Fetching page 36 for price category: dibawah-80-juta
[2024-09-22T15:23:41.045+0700] {logging_mixin.py:188} INFO - Fetching page 7 for price category: dibawah-90-juta
[2024-09-22T15:23:41.058+0700] {logging_mixin.py:188} INFO - Fetching page 8 for price category: dibawah-90-juta
[2024-09-22T15:23:41.146+0700] {logging_mixin.py:188} INFO - Fetching page 51 for price category: dibawah-70-juta
[2024-09-22T15:23:41.235+0700] {logging_mixin.py:188} INFO - Fetching page 52 for price category: dibawah-70-juta
[2024-09-22T15:23:41.255+0700] {logging_mixin.py:188} INFO - Fetching page 53 for price category: dibawah-70-juta
[2024-09-22T15:23:41.267+0700] {logging_mixin.py:188} INFO - Fetching page 57 for price category: dibawah-60-juta
[2024-09-22T15:23:41.283+0700] {logging_mixin.py:188} INFO - Fetching page 37 for price category: dibawah-80-juta
[2024-09-22T15:23:41.287+0700] {logging_mixin.py:188} INFO - Fetching page 58 for price category: dibawah-60-juta
[2024-09-22T15:23:41.386+0700] {logging_mixin.py:188} INFO - Fetching page 59 for price category: dibawah-60-juta
[2024-09-22T15:23:41.388+0700] {logging_mixin.py:188} INFO - Fetching page 38 for price category: dibawah-80-juta
[2024-09-22T15:23:41.530+0700] {logging_mixin.py:188} INFO - Fetching page 39 for price category: dibawah-80-juta
[2024-09-22T15:23:41.543+0700] {logging_mixin.py:188} INFO - Fetching page 54 for price category: dibawah-70-juta
[2024-09-22T15:23:41.563+0700] {logging_mixin.py:188} INFO - Fetching page 60 for price category: dibawah-60-juta
[2024-09-22T15:23:41.784+0700] {logging_mixin.py:188} INFO - Fetching page 9 for price category: dibawah-90-juta
[2024-09-22T15:23:41.826+0700] {logging_mixin.py:188} INFO - Fetching page 10 for price category: dibawah-90-juta
[2024-09-22T15:23:41.834+0700] {logging_mixin.py:188} INFO - Fetching page 11 for price category: dibawah-90-juta
[2024-09-22T15:23:41.901+0700] {logging_mixin.py:188} INFO - Fetching page 12 for price category: dibawah-90-juta
[2024-09-22T15:23:41.967+0700] {logging_mixin.py:188} INFO - Fetching page 55 for price category: dibawah-70-juta
[2024-09-22T15:23:42.010+0700] {logging_mixin.py:188} INFO - Fetching page 40 for price category: dibawah-80-juta
[2024-09-22T15:23:42.163+0700] {logging_mixin.py:188} INFO - Fetching page 61 for price category: dibawah-60-juta
[2024-09-22T15:23:42.173+0700] {logging_mixin.py:188} INFO - Fetching page 56 for price category: dibawah-70-juta
[2024-09-22T15:23:42.178+0700] {logging_mixin.py:188} INFO - Fetching page 62 for price category: dibawah-60-juta
[2024-09-22T15:23:42.217+0700] {logging_mixin.py:188} INFO - Fetching page 57 for price category: dibawah-70-juta
[2024-09-22T15:23:42.222+0700] {logging_mixin.py:188} INFO - Fetching page 41 for price category: dibawah-80-juta
[2024-09-22T15:23:42.241+0700] {logging_mixin.py:188} INFO - Fetching page 63 for price category: dibawah-60-juta
[2024-09-22T15:23:42.354+0700] {logging_mixin.py:188} INFO - Fetching page 58 for price category: dibawah-70-juta
[2024-09-22T15:23:42.463+0700] {logging_mixin.py:188} INFO - Fetching page 64 for price category: dibawah-60-juta
[2024-09-22T15:23:42.470+0700] {logging_mixin.py:188} INFO - Fetching page 42 for price category: dibawah-80-juta
[2024-09-22T15:23:42.485+0700] {logging_mixin.py:188} INFO - Fetching page 43 for price category: dibawah-80-juta
[2024-09-22T15:23:42.510+0700] {logging_mixin.py:188} INFO - Fetching page 13 for price category: dibawah-90-juta
[2024-09-22T15:23:42.546+0700] {logging_mixin.py:188} INFO - Fetching page 14 for price category: dibawah-90-juta
[2024-09-22T15:23:42.585+0700] {logging_mixin.py:188} INFO - Fetching page 15 for price category: dibawah-90-juta
[2024-09-22T15:23:42.655+0700] {logging_mixin.py:188} INFO - Fetching page 16 for price category: dibawah-90-juta
[2024-09-22T15:23:42.986+0700] {logging_mixin.py:188} INFO - Fetching page 59 for price category: dibawah-70-juta
[2024-09-22T15:23:42.994+0700] {logging_mixin.py:188} INFO - Fetching page 60 for price category: dibawah-70-juta
[2024-09-22T15:23:43.020+0700] {logging_mixin.py:188} INFO - Fetching page 61 for price category: dibawah-70-juta
[2024-09-22T15:23:43.035+0700] {logging_mixin.py:188} INFO - Fetching page 65 for price category: dibawah-60-juta
[2024-09-22T15:23:43.062+0700] {logging_mixin.py:188} INFO - Fetching page 66 for price category: dibawah-60-juta
[2024-09-22T15:23:43.103+0700] {logging_mixin.py:188} INFO - Fetching page 62 for price category: dibawah-70-juta
[2024-09-22T15:23:43.131+0700] {logging_mixin.py:188} INFO - Fetching page 44 for price category: dibawah-80-juta
[2024-09-22T15:23:43.223+0700] {logging_mixin.py:188} INFO - Fetching page 67 for price category: dibawah-60-juta
[2024-09-22T15:23:43.238+0700] {logging_mixin.py:188} INFO - Fetching page 45 for price category: dibawah-80-juta
[2024-09-22T15:23:43.276+0700] {logging_mixin.py:188} INFO - Fetching page 17 for price category: dibawah-90-juta
[2024-09-22T15:23:43.408+0700] {logging_mixin.py:188} INFO - Fetching page 46 for price category: dibawah-80-juta
[2024-09-22T15:23:43.415+0700] {logging_mixin.py:188} INFO - Fetching page 68 for price category: dibawah-60-juta
[2024-09-22T15:23:43.439+0700] {logging_mixin.py:188} INFO - Fetching page 47 for price category: dibawah-80-juta
[2024-09-22T15:23:43.462+0700] {logging_mixin.py:188} INFO - Fetching page 18 for price category: dibawah-90-juta
[2024-09-22T15:23:43.494+0700] {logging_mixin.py:188} INFO - Fetching page 19 for price category: dibawah-90-juta
[2024-09-22T15:23:43.526+0700] {logging_mixin.py:188} INFO - Fetching page 20 for price category: dibawah-90-juta
[2024-09-22T15:23:43.615+0700] {logging_mixin.py:188} INFO - Fetching page 63 for price category: dibawah-70-juta
[2024-09-22T15:23:43.651+0700] {logging_mixin.py:188} INFO - Fetching page 64 for price category: dibawah-70-juta
[2024-09-22T15:23:43.652+0700] {logging_mixin.py:188} INFO - Fetching page 65 for price category: dibawah-70-juta
[2024-09-22T15:23:43.761+0700] {logging_mixin.py:188} INFO - Fetching page 69 for price category: dibawah-60-juta
[2024-09-22T15:23:43.930+0700] {logging_mixin.py:188} INFO - Fetching page 66 for price category: dibawah-70-juta
[2024-09-22T15:23:44.012+0700] {logging_mixin.py:188} INFO - Fetching page 70 for price category: dibawah-60-juta
[2024-09-22T15:23:44.030+0700] {logging_mixin.py:188} INFO - Fetching page 71 for price category: dibawah-60-juta
[2024-09-22T15:23:44.166+0700] {logging_mixin.py:188} INFO - Fetching page 21 for price category: dibawah-90-juta
[2024-09-22T15:23:44.179+0700] {logging_mixin.py:188} INFO - Fetching page 48 for price category: dibawah-80-juta
[2024-09-22T15:23:44.196+0700] {logging_mixin.py:188} INFO - Fetching page 72 for price category: dibawah-60-juta
[2024-09-22T15:23:44.212+0700] {logging_mixin.py:188} INFO - Fetching page 49 for price category: dibawah-80-juta
[2024-09-22T15:23:44.249+0700] {logging_mixin.py:188} INFO - Fetching page 22 for price category: dibawah-90-juta
[2024-09-22T15:23:44.349+0700] {logging_mixin.py:188} INFO - Fetching page 23 for price category: dibawah-90-juta
[2024-09-22T15:23:44.470+0700] {logging_mixin.py:188} INFO - Fetching page 67 for price category: dibawah-70-juta
[2024-09-22T15:23:44.472+0700] {logging_mixin.py:188} INFO - Fetching page 24 for price category: dibawah-90-juta
[2024-09-22T15:23:44.481+0700] {logging_mixin.py:188} INFO - Fetching page 68 for price category: dibawah-70-juta
[2024-09-22T15:23:44.488+0700] {logging_mixin.py:188} INFO - Fetching page 69 for price category: dibawah-70-juta
[2024-09-22T15:23:44.506+0700] {logging_mixin.py:188} INFO - Fetching page 50 for price category: dibawah-80-juta
[2024-09-22T15:23:44.564+0700] {logging_mixin.py:188} INFO - Fetching page 73 for price category: dibawah-60-juta
[2024-09-22T15:23:44.614+0700] {logging_mixin.py:188} INFO - Fetching page 74 for price category: dibawah-60-juta
[2024-09-22T15:23:44.751+0700] {logging_mixin.py:188} INFO - Fetching page 70 for price category: dibawah-70-juta
[2024-09-22T15:23:44.769+0700] {logging_mixin.py:188} INFO - Fetching page 25 for price category: dibawah-90-juta
[2024-09-22T15:23:44.771+0700] {logging_mixin.py:188} INFO - Fetching page 75 for price category: dibawah-60-juta
[2024-09-22T15:23:44.842+0700] {logging_mixin.py:188} INFO - Fetching page 76 for price category: dibawah-60-juta
[2024-09-22T15:23:45.102+0700] {logging_mixin.py:188} INFO - Fetching page 51 for price category: dibawah-80-juta
[2024-09-22T15:23:45.192+0700] {logging_mixin.py:188} INFO - Fetching page 52 for price category: dibawah-80-juta
[2024-09-22T15:23:45.262+0700] {logging_mixin.py:188} INFO - Fetching page 53 for price category: dibawah-80-juta
[2024-09-22T15:23:45.279+0700] {logging_mixin.py:188} INFO - Fetching page 26 for price category: dibawah-90-juta
[2024-09-22T15:23:45.286+0700] {logging_mixin.py:188} INFO - Fetching page 71 for price category: dibawah-70-juta
[2024-09-22T15:23:45.350+0700] {logging_mixin.py:188} INFO - Fetching page 77 for price category: dibawah-60-juta
[2024-09-22T15:23:45.378+0700] {logging_mixin.py:188} INFO - Fetching page 72 for price category: dibawah-70-juta
[2024-09-22T15:23:45.471+0700] {logging_mixin.py:188} INFO - Fetching page 27 for price category: dibawah-90-juta
[2024-09-22T15:23:45.512+0700] {logging_mixin.py:188} INFO - Fetching page 28 for price category: dibawah-90-juta
[2024-09-22T15:23:45.517+0700] {logging_mixin.py:188} INFO - Fetching page 73 for price category: dibawah-70-juta
[2024-09-22T15:23:45.612+0700] {logging_mixin.py:188} INFO - Fetching page 78 for price category: dibawah-60-juta
[2024-09-22T15:23:45.620+0700] {logging_mixin.py:188} INFO - Fetching page 74 for price category: dibawah-70-juta
[2024-09-22T15:23:45.631+0700] {logging_mixin.py:188} INFO - Fetching page 54 for price category: dibawah-80-juta
[2024-09-22T15:23:45.670+0700] {logging_mixin.py:188} INFO - Fetching page 79 for price category: dibawah-60-juta
[2024-09-22T15:23:45.683+0700] {logging_mixin.py:188} INFO - Fetching page 80 for price category: dibawah-60-juta
[2024-09-22T15:23:45.709+0700] {logging_mixin.py:188} INFO - Fetching page 29 for price category: dibawah-90-juta
[2024-09-22T15:23:45.819+0700] {logging_mixin.py:188} INFO - Fetching page 55 for price category: dibawah-80-juta
[2024-09-22T15:23:45.979+0700] {logging_mixin.py:188} INFO - Fetching page 30 for price category: dibawah-90-juta
[2024-09-22T15:23:45.997+0700] {logging_mixin.py:188} INFO - Fetching page 56 for price category: dibawah-80-juta
[2024-09-22T15:23:46.020+0700] {logging_mixin.py:188} INFO - Fetching page 57 for price category: dibawah-80-juta
[2024-09-22T15:23:46.232+0700] {logging_mixin.py:188} INFO - Fetching page 75 for price category: dibawah-70-juta
[2024-09-22T15:23:46.263+0700] {logging_mixin.py:188} INFO - Fetching page 76 for price category: dibawah-70-juta
[2024-09-22T15:23:46.512+0700] {logging_mixin.py:188} INFO - Fetching page 31 for price category: dibawah-90-juta
[2024-09-22T15:23:46.544+0700] {logging_mixin.py:188} INFO - Fetching page 32 for price category: dibawah-90-juta
[2024-09-22T15:23:46.547+0700] {logging_mixin.py:188} INFO - Fetching page 81 for price category: dibawah-60-juta
[2024-09-22T15:23:46.635+0700] {logging_mixin.py:188} INFO - Fetching page 77 for price category: dibawah-70-juta
[2024-09-22T15:23:46.649+0700] {logging_mixin.py:188} INFO - Fetching page 78 for price category: dibawah-70-juta
[2024-09-22T15:23:46.662+0700] {logging_mixin.py:188} INFO - Fetching page 58 for price category: dibawah-80-juta
[2024-09-22T15:23:46.671+0700] {logging_mixin.py:188} INFO - Fetching page 82 for price category: dibawah-60-juta
[2024-09-22T15:23:46.672+0700] {logging_mixin.py:188} INFO - Fetching page 83 for price category: dibawah-60-juta
[2024-09-22T15:23:46.677+0700] {logging_mixin.py:188} INFO - Fetching page 84 for price category: dibawah-60-juta
[2024-09-22T15:23:46.693+0700] {logging_mixin.py:188} INFO - Fetching page 33 for price category: dibawah-90-juta
[2024-09-22T15:23:46.756+0700] {logging_mixin.py:188} INFO - Fetching page 59 for price category: dibawah-80-juta
[2024-09-22T15:23:46.781+0700] {logging_mixin.py:188} INFO - Fetching page 60 for price category: dibawah-80-juta
[2024-09-22T15:23:46.884+0700] {logging_mixin.py:188} INFO - Fetching page 61 for price category: dibawah-80-juta
[2024-09-22T15:23:46.961+0700] {logging_mixin.py:188} INFO - Fetching page 34 for price category: dibawah-90-juta
[2024-09-22T15:23:46.963+0700] {logging_mixin.py:188} INFO - Fetching page 79 for price category: dibawah-70-juta
[2024-09-22T15:23:47.040+0700] {logging_mixin.py:188} INFO - Fetching page 80 for price category: dibawah-70-juta
[2024-09-22T15:23:47.129+0700] {logging_mixin.py:188} INFO - Fetching page 35 for price category: dibawah-90-juta
[2024-09-22T15:23:47.321+0700] {logging_mixin.py:188} INFO - Fetching page 36 for price category: dibawah-90-juta
[2024-09-22T15:23:47.414+0700] {logging_mixin.py:188} INFO - Fetching page 85 for price category: dibawah-60-juta
[2024-09-22T15:23:47.538+0700] {logging_mixin.py:188} INFO - Fetching page 62 for price category: dibawah-80-juta
[2024-09-22T15:23:47.542+0700] {logging_mixin.py:188} INFO - Fetching page 63 for price category: dibawah-80-juta
[2024-09-22T15:23:47.544+0700] {logging_mixin.py:188} INFO - Fetching page 64 for price category: dibawah-80-juta
[2024-09-22T15:23:47.656+0700] {logging_mixin.py:188} INFO - Fetching page 86 for price category: dibawah-60-juta
[2024-09-22T15:23:47.744+0700] {logging_mixin.py:188} INFO - Fetching page 81 for price category: dibawah-70-juta
[2024-09-22T15:23:47.750+0700] {logging_mixin.py:188} INFO - Fetching page 37 for price category: dibawah-90-juta
[2024-09-22T15:23:47.763+0700] {logging_mixin.py:188} INFO - Fetching page 82 for price category: dibawah-70-juta
[2024-09-22T15:23:47.789+0700] {logging_mixin.py:188} INFO - Fetching page 65 for price category: dibawah-80-juta
[2024-09-22T15:23:47.813+0700] {logging_mixin.py:188} INFO - Fetching page 38 for price category: dibawah-90-juta
[2024-09-22T15:23:47.830+0700] {logging_mixin.py:188} INFO - Fetching page 87 for price category: dibawah-60-juta
[2024-09-22T15:23:47.861+0700] {logging_mixin.py:188} INFO - Fetching page 83 for price category: dibawah-70-juta
[2024-09-22T15:23:47.885+0700] {logging_mixin.py:188} INFO - Fetching page 88 for price category: dibawah-60-juta
[2024-09-22T15:23:47.945+0700] {logging_mixin.py:188} INFO - Fetching page 84 for price category: dibawah-70-juta
[2024-09-22T15:23:47.956+0700] {logging_mixin.py:188} INFO - Fetching page 39 for price category: dibawah-90-juta
[2024-09-22T15:23:48.034+0700] {logging_mixin.py:188} INFO - Fetching page 89 for price category: dibawah-60-juta
[2024-09-22T15:23:48.100+0700] {logging_mixin.py:188} INFO - Fetching page 40 for price category: dibawah-90-juta
[2024-09-22T15:23:48.215+0700] {logging_mixin.py:188} INFO - Fetching page 66 for price category: dibawah-80-juta
[2024-09-22T15:23:48.462+0700] {logging_mixin.py:188} INFO - Fetching page 67 for price category: dibawah-80-juta
[2024-09-22T15:23:48.582+0700] {logging_mixin.py:188} INFO - Fetching page 90 for price category: dibawah-60-juta
[2024-09-22T15:23:48.616+0700] {logging_mixin.py:188} INFO - Fetching page 41 for price category: dibawah-90-juta
[2024-09-22T15:23:48.656+0700] {logging_mixin.py:188} INFO - Fetching page 85 for price category: dibawah-70-juta
[2024-09-22T15:23:48.774+0700] {logging_mixin.py:188} INFO - Fetching page 68 for price category: dibawah-80-juta
[2024-09-22T15:23:48.802+0700] {logging_mixin.py:188} INFO - Fetching page 69 for price category: dibawah-80-juta
[2024-09-22T15:23:48.845+0700] {logging_mixin.py:188} INFO - Fetching page 91 for price category: dibawah-60-juta
[2024-09-22T15:23:48.849+0700] {logging_mixin.py:188} INFO - Fetching page 86 for price category: dibawah-70-juta
[2024-09-22T15:23:48.853+0700] {logging_mixin.py:188} INFO - Fetching page 42 for price category: dibawah-90-juta
[2024-09-22T15:23:48.906+0700] {logging_mixin.py:188} INFO - Fetching page 87 for price category: dibawah-70-juta
[2024-09-22T15:23:48.909+0700] {logging_mixin.py:188} INFO - Fetching page 92 for price category: dibawah-60-juta
[2024-09-22T15:23:48.911+0700] {logging_mixin.py:188} INFO - Fetching page 43 for price category: dibawah-90-juta
[2024-09-22T15:23:48.945+0700] {logging_mixin.py:188} INFO - Fetching page 44 for price category: dibawah-90-juta
[2024-09-22T15:23:49.018+0700] {logging_mixin.py:188} INFO - Fetching page 93 for price category: dibawah-60-juta
[2024-09-22T15:23:49.033+0700] {logging_mixin.py:188} INFO - Fetching page 88 for price category: dibawah-70-juta
[2024-09-22T15:23:49.054+0700] {logging_mixin.py:188} INFO - Fetching page 70 for price category: dibawah-80-juta
[2024-09-22T15:23:49.097+0700] {logging_mixin.py:188} INFO - Fetching page 94 for price category: dibawah-60-juta
[2024-09-22T15:23:49.256+0700] {logging_mixin.py:188} INFO - Fetching page 71 for price category: dibawah-80-juta
[2024-09-22T15:23:49.351+0700] {logging_mixin.py:188} INFO - Fetching page 89 for price category: dibawah-70-juta
[2024-09-22T15:23:49.417+0700] {logging_mixin.py:188} INFO - Fetching page 45 for price category: dibawah-90-juta
[2024-09-22T15:23:49.598+0700] {logging_mixin.py:188} INFO - Fetching page 72 for price category: dibawah-80-juta
[2024-09-22T15:23:49.648+0700] {logging_mixin.py:188} INFO - Fetching page 73 for price category: dibawah-80-juta
[2024-09-22T15:23:49.781+0700] {logging_mixin.py:188} INFO - Fetching page 90 for price category: dibawah-70-juta
[2024-09-22T15:23:49.864+0700] {logging_mixin.py:188} INFO - Fetching page 95 for price category: dibawah-60-juta
[2024-09-22T15:23:49.893+0700] {logging_mixin.py:188} INFO - Fetching page 96 for price category: dibawah-60-juta
[2024-09-22T15:23:49.895+0700] {logging_mixin.py:188} INFO - Fetching page 91 for price category: dibawah-70-juta
[2024-09-22T15:23:49.911+0700] {logging_mixin.py:188} INFO - Fetching page 97 for price category: dibawah-60-juta
[2024-09-22T15:23:49.952+0700] {logging_mixin.py:188} INFO - Fetching page 46 for price category: dibawah-90-juta
[2024-09-22T15:23:49.982+0700] {logging_mixin.py:188} INFO - Fetching page 92 for price category: dibawah-70-juta
[2024-09-22T15:23:49.991+0700] {logging_mixin.py:188} INFO - Fetching page 47 for price category: dibawah-90-juta
[2024-09-22T15:23:50.132+0700] {logging_mixin.py:188} INFO - Fetching page 74 for price category: dibawah-80-juta
[2024-09-22T15:23:50.133+0700] {logging_mixin.py:188} INFO - Fetching page 75 for price category: dibawah-80-juta
[2024-09-22T15:23:50.147+0700] {logging_mixin.py:188} INFO - Fetching page 98 for price category: dibawah-60-juta
[2024-09-22T15:23:50.245+0700] {logging_mixin.py:188} INFO - Fetching page 93 for price category: dibawah-70-juta
[2024-09-22T15:23:50.290+0700] {logging_mixin.py:188} INFO - Fetching page 76 for price category: dibawah-80-juta
[2024-09-22T15:23:50.316+0700] {logging_mixin.py:188} INFO - Fetching page 48 for price category: dibawah-90-juta
[2024-09-22T15:23:50.473+0700] {logging_mixin.py:188} INFO - Fetching page 99 for price category: dibawah-60-juta
[2024-09-22T15:23:50.488+0700] {logging_mixin.py:188} INFO - Fetching page 77 for price category: dibawah-80-juta
[2024-09-22T15:23:50.526+0700] {logging_mixin.py:188} INFO - Fetching page 94 for price category: dibawah-70-juta
[2024-09-22T15:23:50.566+0700] {logging_mixin.py:188} INFO - Fetching page 100 for price category: dibawah-60-juta
[2024-09-22T15:23:50.923+0700] {logging_mixin.py:188} INFO - Fetching page 101 for price category: dibawah-60-juta
[2024-09-22T15:23:50.951+0700] {logging_mixin.py:188} INFO - Fetching page 49 for price category: dibawah-90-juta
[2024-09-22T15:23:51.005+0700] {logging_mixin.py:188} INFO - Fetching page 50 for price category: dibawah-90-juta
[2024-09-22T15:23:51.022+0700] {logging_mixin.py:188} INFO - Fetching page 102 for price category: dibawah-60-juta
[2024-09-22T15:23:51.115+0700] {logging_mixin.py:188} INFO - Fetching page 51 for price category: dibawah-90-juta
[2024-09-22T15:23:51.128+0700] {logging_mixin.py:188} INFO - Fetching page 78 for price category: dibawah-80-juta
[2024-09-22T15:23:51.133+0700] {logging_mixin.py:188} INFO - Fetching page 95 for price category: dibawah-70-juta
[2024-09-22T15:23:51.156+0700] {logging_mixin.py:188} INFO - Fetching page 79 for price category: dibawah-80-juta
[2024-09-22T15:23:51.174+0700] {logging_mixin.py:188} INFO - Fetching page 80 for price category: dibawah-80-juta
[2024-09-22T15:23:51.194+0700] {logging_mixin.py:188} INFO - Fetching page 96 for price category: dibawah-70-juta
[2024-09-22T15:23:51.204+0700] {logging_mixin.py:188} INFO - Fetching page 97 for price category: dibawah-70-juta
[2024-09-22T15:23:51.205+0700] {logging_mixin.py:188} INFO - Fetching page 52 for price category: dibawah-90-juta
[2024-09-22T15:23:51.259+0700] {logging_mixin.py:188} INFO - Fetching page 103 for price category: dibawah-60-juta
[2024-09-22T15:23:51.335+0700] {logging_mixin.py:188} INFO - Fetching page 104 for price category: dibawah-60-juta
[2024-09-22T15:23:51.425+0700] {logging_mixin.py:188} INFO - Fetching page 98 for price category: dibawah-70-juta
[2024-09-22T15:23:51.467+0700] {logging_mixin.py:188} INFO - Fetching page 81 for price category: dibawah-80-juta
[2024-09-22T15:23:51.595+0700] {logging_mixin.py:188} INFO - Fetching page 53 for price category: dibawah-90-juta
[2024-09-22T15:23:51.603+0700] {logging_mixin.py:188} INFO - Fetching page 105 for price category: dibawah-60-juta
[2024-09-22T15:23:51.883+0700] {logging_mixin.py:188} INFO - Fetching page 82 for price category: dibawah-80-juta
[2024-09-22T15:23:51.892+0700] {logging_mixin.py:188} INFO - Fetching page 54 for price category: dibawah-90-juta
[2024-09-22T15:23:51.897+0700] {logging_mixin.py:188} INFO - Fetching page 55 for price category: dibawah-90-juta
[2024-09-22T15:23:52.133+0700] {logging_mixin.py:188} INFO - Fetching page 106 for price category: dibawah-60-juta
[2024-09-22T15:23:52.145+0700] {logging_mixin.py:188} INFO - Fetching page 99 for price category: dibawah-70-juta
[2024-09-22T15:23:52.235+0700] {logging_mixin.py:188} INFO - Fetching page 83 for price category: dibawah-80-juta
[2024-09-22T15:23:52.269+0700] {logging_mixin.py:188} INFO - Fetching page 56 for price category: dibawah-90-juta
[2024-09-22T15:23:52.272+0700] {logging_mixin.py:188} INFO - Fetching page 84 for price category: dibawah-80-juta
[2024-09-22T15:23:52.325+0700] {logging_mixin.py:188} INFO - Fetching page 100 for price category: dibawah-70-juta
[2024-09-22T15:23:52.338+0700] {logging_mixin.py:188} INFO - Fetching page 107 for price category: dibawah-60-juta
[2024-09-22T15:23:52.339+0700] {logging_mixin.py:188} INFO - Fetching page 85 for price category: dibawah-80-juta
[2024-09-22T15:23:52.362+0700] {logging_mixin.py:188} INFO - Fetching page 101 for price category: dibawah-70-juta
[2024-09-22T15:23:52.391+0700] {logging_mixin.py:188} INFO - Fetching page 102 for price category: dibawah-70-juta
[2024-09-22T15:23:52.396+0700] {logging_mixin.py:188} INFO - Fetching page 108 for price category: dibawah-60-juta
[2024-09-22T15:23:52.430+0700] {logging_mixin.py:188} INFO - Fetching page 57 for price category: dibawah-90-juta
[2024-09-22T15:23:52.495+0700] {logging_mixin.py:188} INFO - Fetching page 58 for price category: dibawah-90-juta
[2024-09-22T15:23:52.577+0700] {logging_mixin.py:188} INFO - Fetching page 109 for price category: dibawah-60-juta
[2024-09-22T15:23:52.663+0700] {logging_mixin.py:188} INFO - Fetching page 86 for price category: dibawah-80-juta
[2024-09-22T15:23:52.679+0700] {logging_mixin.py:188} INFO - Fetching page 59 for price category: dibawah-90-juta
[2024-09-22T15:23:52.773+0700] {logging_mixin.py:188} INFO - Fetching page 110 for price category: dibawah-60-juta
[2024-09-22T15:23:52.992+0700] {logging_mixin.py:188} INFO - Fetching page 60 for price category: dibawah-90-juta
[2024-09-22T15:23:53.065+0700] {logging_mixin.py:188} INFO - Fetching page 103 for price category: dibawah-70-juta
[2024-09-22T15:23:53.147+0700] {logging_mixin.py:188} INFO - Fetching page 87 for price category: dibawah-80-juta
[2024-09-22T15:23:53.246+0700] {logging_mixin.py:188} INFO - Fetching page 88 for price category: dibawah-80-juta
[2024-09-22T15:23:53.248+0700] {logging_mixin.py:188} INFO - Fetching page 104 for price category: dibawah-70-juta
[2024-09-22T15:23:53.249+0700] {logging_mixin.py:188} INFO - Fetching page 111 for price category: dibawah-60-juta
[2024-09-22T15:23:53.312+0700] {logging_mixin.py:188} INFO - Fetching page 112 for price category: dibawah-60-juta
[2024-09-22T15:23:53.319+0700] {logging_mixin.py:188} INFO - Fetching page 89 for price category: dibawah-80-juta
[2024-09-22T15:23:53.392+0700] {logging_mixin.py:188} INFO - Fetching page 105 for price category: dibawah-70-juta
[2024-09-22T15:23:53.444+0700] {logging_mixin.py:188} INFO - Fetching page 61 for price category: dibawah-90-juta
[2024-09-22T15:23:53.505+0700] {logging_mixin.py:188} INFO - Fetching page 90 for price category: dibawah-80-juta
[2024-09-22T15:23:53.508+0700] {logging_mixin.py:188} INFO - Fetching page 106 for price category: dibawah-70-juta
[2024-09-22T15:23:53.531+0700] {logging_mixin.py:188} INFO - Fetching page 62 for price category: dibawah-90-juta
[2024-09-22T15:23:53.554+0700] {logging_mixin.py:188} INFO - Fetching page 113 for price category: dibawah-60-juta
[2024-09-22T15:23:53.642+0700] {logging_mixin.py:188} INFO - Fetching page 63 for price category: dibawah-90-juta
[2024-09-22T15:23:53.696+0700] {logging_mixin.py:188} INFO - Fetching page 91 for price category: dibawah-80-juta
[2024-09-22T15:23:53.764+0700] {logging_mixin.py:188} INFO - Fetching page 64 for price category: dibawah-90-juta
[2024-09-22T15:23:53.803+0700] {logging_mixin.py:188} INFO - Fetching page 92 for price category: dibawah-80-juta
[2024-09-22T15:23:54.063+0700] {logging_mixin.py:188} INFO - Fetching page 107 for price category: dibawah-70-juta
[2024-09-22T15:23:54.088+0700] {logging_mixin.py:188} INFO - Fetching page 93 for price category: dibawah-80-juta
[2024-09-22T15:23:54.207+0700] {local_task_job_runner.py:313} WARNING - State of this instance has been externally set to success. Terminating instance.
[2024-09-22T15:23:54.208+0700] {local_task_job_runner.py:222} INFO - ::endgroup::
[2024-09-22T15:23:54.211+0700] {process_utils.py:132} INFO - Sending 15 to group 245879. PIDs of all processes in the group: [245879]
[2024-09-22T15:23:54.212+0700] {process_utils.py:87} INFO - Sending the signal 15 to group 245879
[2024-09-22T15:23:54.236+0700] {taskinstance.py:2611} ERROR - Received SIGTERM. Terminating subprocesses.
[2024-09-22T15:23:54.257+0700] {taskinstance.py:441} INFO - ::group::Post task execution logs
[2024-09-22T15:23:54.267+0700] {logging_mixin.py:188} INFO - Fetching page 114 for price category: dibawah-60-juta
[2024-09-22T15:23:54.276+0700] {logging_mixin.py:188} INFO - Fetching page 108 for price category: dibawah-70-juta
[2024-09-22T15:23:54.278+0700] {logging_mixin.py:188} INFO - Fetching page 115 for price category: dibawah-60-juta
[2024-09-22T15:23:54.288+0700] {logging_mixin.py:188} INFO - Fetching page 116 for price category: dibawah-60-juta
[2024-09-22T15:23:54.418+0700] {logging_mixin.py:188} INFO - Fetching page 65 for price category: dibawah-90-juta
[2024-09-22T15:23:54.444+0700] {logging_mixin.py:188} INFO - Fetching page 109 for price category: dibawah-70-juta
[2024-09-22T15:23:54.585+0700] {process_utils.py:80} INFO - Process psutil.Process(pid=245879, status='terminated', exitcode=0, started='15:23:28') (245879) terminated with exit code 0
