[2024-08-31T19:17:53.282+0700] {local_task_job_runner.py:120} INFO - ::group::Pre task execution logs
[2024-08-31T19:17:53.481+0700] {taskinstance.py:2076} INFO - Dependencies all met for dep_context=non-requeueable deps ti=<TaskInstance: scrap_mobil123.scrape_mobil123 scheduled__2024-08-26T00:00:00+00:00 [queued]>
[2024-08-31T19:17:53.497+0700] {taskinstance.py:2076} INFO - Dependencies all met for dep_context=requeueable deps ti=<TaskInstance: scrap_mobil123.scrape_mobil123 scheduled__2024-08-26T00:00:00+00:00 [queued]>
[2024-08-31T19:17:53.498+0700] {taskinstance.py:2306} INFO - Starting attempt 1 of 2
[2024-08-31T19:17:53.523+0700] {taskinstance.py:2330} INFO - Executing <Task(PythonOperator): scrape_mobil123> on 2024-08-26 00:00:00+00:00
[2024-08-31T19:17:53.531+0700] {standard_task_runner.py:64} INFO - Started process 8858 to run task
[2024-08-31T19:17:53.539+0700] {standard_task_runner.py:90} INFO - Running: ['***', 'tasks', 'run', 'scrap_mobil123', 'scrape_mobil123', 'scheduled__2024-08-26T00:00:00+00:00', '--job-id', '131', '--raw', '--subdir', 'DAGS_FOLDER/mobil123/scrap_mobil123.py', '--cfg-path', '/tmp/tmpgn0wo3xx']
[2024-08-31T19:17:53.543+0700] {standard_task_runner.py:91} INFO - Job 131: Subtask scrape_mobil123
[2024-08-31T19:17:53.633+0700] {task_command.py:426} INFO - Running <TaskInstance: scrap_mobil123.scrape_mobil123 scheduled__2024-08-26T00:00:00+00:00 [running]> on host BrightHorizons.
[2024-08-31T19:17:53.815+0700] {taskinstance.py:2648} INFO - Exporting env vars: AIRFLOW_CTX_DAG_OWNER='***' AIRFLOW_CTX_DAG_ID='scrap_mobil123' AIRFLOW_CTX_TASK_ID='scrape_mobil123' AIRFLOW_CTX_EXECUTION_DATE='2024-08-26T00:00:00+00:00' AIRFLOW_CTX_TRY_NUMBER='1' AIRFLOW_CTX_DAG_RUN_ID='scheduled__2024-08-26T00:00:00+00:00'
[2024-08-31T19:17:53.816+0700] {taskinstance.py:430} INFO - ::endgroup::
[2024-08-31T19:17:55.113+0700] {logging_mixin.py:188} INFO - Fetching page 1 of 2 for price category: dibawah 30 Juta
[2024-08-31T19:17:56.561+0700] {logging_mixin.py:188} INFO - Sleeping for 1.78 seconds...
[2024-08-31T19:17:58.340+0700] {logging_mixin.py:188} INFO - Fetching page 2 of 2 for price category: dibawah 30 Juta
[2024-08-31T19:17:59.703+0700] {logging_mixin.py:188} INFO - Sleeping for 1.68 seconds...
[2024-08-31T19:18:01.382+0700] {logging_mixin.py:188} INFO - Data for price category dibawah 30 Juta written to /home/miracle/mobil/scrape/output/mobil123/2024-08-31/mobil123_dibawah 30 Juta_2024-08-31.csv
[2024-08-31T19:18:02.880+0700] {logging_mixin.py:188} INFO - Fetching page 1 of 4 for price category: dibawah 40 Juta
[2024-08-31T19:18:04.267+0700] {logging_mixin.py:188} INFO - Sleeping for 2.65 seconds...
[2024-08-31T19:18:06.917+0700] {logging_mixin.py:188} INFO - Fetching page 2 of 4 for price category: dibawah 40 Juta
[2024-08-31T19:18:08.518+0700] {logging_mixin.py:188} INFO - Sleeping for 2.22 seconds...
[2024-08-31T19:18:10.740+0700] {logging_mixin.py:188} INFO - Fetching page 3 of 4 for price category: dibawah 40 Juta
[2024-08-31T19:18:11.802+0700] {logging_mixin.py:188} INFO - Sleeping for 3.00 seconds...
[2024-08-31T19:18:14.804+0700] {logging_mixin.py:188} INFO - Fetching page 4 of 4 for price category: dibawah 40 Juta
[2024-08-31T19:18:15.644+0700] {logging_mixin.py:188} INFO - Sleeping for 2.87 seconds...
[2024-08-31T19:18:18.520+0700] {logging_mixin.py:188} INFO - Data for price category dibawah 40 Juta written to /home/miracle/mobil/scrape/output/mobil123/2024-08-31/mobil123_dibawah 40 Juta_2024-08-31.csv
[2024-08-31T19:18:19.726+0700] {logging_mixin.py:188} INFO - Fetching page 1 of 5 for price category: dibawah 50 Juta
[2024-08-31T19:18:21.044+0700] {logging_mixin.py:188} INFO - Sleeping for 2.37 seconds...
[2024-08-31T19:18:23.417+0700] {logging_mixin.py:188} INFO - Fetching page 2 of 5 for price category: dibawah 50 Juta
[2024-08-31T19:18:24.600+0700] {logging_mixin.py:188} INFO - Sleeping for 1.60 seconds...
[2024-08-31T19:18:26.199+0700] {logging_mixin.py:188} INFO - Fetching page 3 of 5 for price category: dibawah 50 Juta
[2024-08-31T19:18:27.109+0700] {logging_mixin.py:188} INFO - Sleeping for 2.98 seconds...
[2024-08-31T19:18:30.095+0700] {logging_mixin.py:188} INFO - Fetching page 4 of 5 for price category: dibawah 50 Juta
[2024-08-31T19:18:31.248+0700] {logging_mixin.py:188} INFO - Sleeping for 2.64 seconds...
[2024-08-31T19:18:33.893+0700] {logging_mixin.py:188} INFO - Fetching page 5 of 5 for price category: dibawah 50 Juta
[2024-08-31T19:18:34.662+0700] {logging_mixin.py:188} INFO - Sleeping for 1.71 seconds...
[2024-08-31T19:18:36.373+0700] {logging_mixin.py:188} INFO - Data for price category dibawah 50 Juta written to /home/miracle/mobil/scrape/output/mobil123/2024-08-31/mobil123_dibawah 50 Juta_2024-08-31.csv
[2024-08-31T19:18:37.662+0700] {logging_mixin.py:188} INFO - Fetching page 1 of 5 for price category: dibawah 60 Juta
[2024-08-31T19:18:38.889+0700] {logging_mixin.py:188} INFO - Sleeping for 2.38 seconds...
[2024-08-31T19:18:41.271+0700] {logging_mixin.py:188} INFO - Fetching page 2 of 5 for price category: dibawah 60 Juta
[2024-08-31T19:18:42.265+0700] {logging_mixin.py:188} INFO - Sleeping for 2.93 seconds...
[2024-08-31T19:18:45.196+0700] {logging_mixin.py:188} INFO - Fetching page 3 of 5 for price category: dibawah 60 Juta
[2024-08-31T19:18:46.336+0700] {logging_mixin.py:188} INFO - Sleeping for 1.77 seconds...
[2024-08-31T19:18:48.106+0700] {logging_mixin.py:188} INFO - Fetching page 4 of 5 for price category: dibawah 60 Juta
[2024-08-31T19:18:49.212+0700] {logging_mixin.py:188} INFO - Sleeping for 1.80 seconds...
[2024-08-31T19:18:51.017+0700] {logging_mixin.py:188} INFO - Fetching page 5 of 5 for price category: dibawah 60 Juta
[2024-08-31T19:18:52.177+0700] {logging_mixin.py:188} INFO - Sleeping for 2.48 seconds...
[2024-08-31T19:18:54.661+0700] {logging_mixin.py:188} INFO - Data for price category dibawah 60 Juta written to /home/miracle/mobil/scrape/output/mobil123/2024-08-31/mobil123_dibawah 60 Juta_2024-08-31.csv
[2024-08-31T19:18:56.282+0700] {logging_mixin.py:188} INFO - Fetching page 1 of 9 for price category: dibawah 70 Juta
[2024-08-31T19:18:57.881+0700] {logging_mixin.py:188} INFO - Sleeping for 2.44 seconds...
[2024-08-31T19:19:00.317+0700] {logging_mixin.py:188} INFO - Fetching page 2 of 9 for price category: dibawah 70 Juta
[2024-08-31T19:19:01.711+0700] {logging_mixin.py:188} INFO - Sleeping for 2.46 seconds...
[2024-08-31T19:19:04.170+0700] {logging_mixin.py:188} INFO - Fetching page 3 of 9 for price category: dibawah 70 Juta
[2024-08-31T19:19:05.689+0700] {logging_mixin.py:188} INFO - Sleeping for 2.39 seconds...
[2024-08-31T19:19:08.081+0700] {logging_mixin.py:188} INFO - Fetching page 4 of 9 for price category: dibawah 70 Juta
[2024-08-31T19:19:09.185+0700] {logging_mixin.py:188} INFO - Sleeping for 2.04 seconds...
[2024-08-31T19:19:11.231+0700] {logging_mixin.py:188} INFO - Fetching page 5 of 9 for price category: dibawah 70 Juta
[2024-08-31T19:19:12.302+0700] {logging_mixin.py:188} INFO - Sleeping for 1.79 seconds...
[2024-08-31T19:19:14.095+0700] {logging_mixin.py:188} INFO - Fetching page 6 of 9 for price category: dibawah 70 Juta
[2024-08-31T19:19:15.196+0700] {logging_mixin.py:188} INFO - Sleeping for 2.33 seconds...
[2024-08-31T19:19:17.527+0700] {logging_mixin.py:188} INFO - Fetching page 7 of 9 for price category: dibawah 70 Juta
[2024-08-31T19:19:19.010+0700] {logging_mixin.py:188} INFO - Sleeping for 2.26 seconds...
[2024-08-31T19:19:21.270+0700] {logging_mixin.py:188} INFO - Fetching page 8 of 9 for price category: dibawah 70 Juta
[2024-08-31T19:19:22.493+0700] {logging_mixin.py:188} INFO - Sleeping for 1.92 seconds...
[2024-08-31T19:19:24.412+0700] {logging_mixin.py:188} INFO - Fetching page 9 of 9 for price category: dibawah 70 Juta
[2024-08-31T19:19:25.547+0700] {logging_mixin.py:188} INFO - Sleeping for 2.51 seconds...
[2024-08-31T19:19:28.062+0700] {logging_mixin.py:188} INFO - Data for price category dibawah 70 Juta written to /home/miracle/mobil/scrape/output/mobil123/2024-08-31/mobil123_dibawah 70 Juta_2024-08-31.csv
[2024-08-31T19:19:29.278+0700] {logging_mixin.py:188} INFO - Fetching page 1 of 18 for price category: dibawah 80 Juta
[2024-08-31T19:19:30.989+0700] {logging_mixin.py:188} INFO - Sleeping for 2.86 seconds...
[2024-08-31T19:19:33.855+0700] {logging_mixin.py:188} INFO - Fetching page 2 of 18 for price category: dibawah 80 Juta
[2024-08-31T19:19:35.091+0700] {logging_mixin.py:188} INFO - Sleeping for 1.55 seconds...
[2024-08-31T19:19:36.646+0700] {logging_mixin.py:188} INFO - Fetching page 3 of 18 for price category: dibawah 80 Juta
[2024-08-31T19:19:37.931+0700] {logging_mixin.py:188} INFO - Sleeping for 2.00 seconds...
[2024-08-31T19:19:39.931+0700] {logging_mixin.py:188} INFO - Fetching page 4 of 18 for price category: dibawah 80 Juta
[2024-08-31T19:19:41.726+0700] {logging_mixin.py:188} INFO - Sleeping for 2.87 seconds...
[2024-08-31T19:19:44.597+0700] {logging_mixin.py:188} INFO - Fetching page 5 of 18 for price category: dibawah 80 Juta
[2024-08-31T19:19:45.775+0700] {logging_mixin.py:188} INFO - Sleeping for 1.86 seconds...
[2024-08-31T19:19:47.642+0700] {logging_mixin.py:188} INFO - Fetching page 6 of 18 for price category: dibawah 80 Juta
[2024-08-31T19:19:49.043+0700] {logging_mixin.py:188} INFO - Sleeping for 2.34 seconds...
[2024-08-31T19:19:51.388+0700] {logging_mixin.py:188} INFO - Fetching page 7 of 18 for price category: dibawah 80 Juta
[2024-08-31T19:19:52.317+0700] {logging_mixin.py:188} INFO - Sleeping for 2.34 seconds...
[2024-08-31T19:19:54.661+0700] {logging_mixin.py:188} INFO - Fetching page 8 of 18 for price category: dibawah 80 Juta
[2024-08-31T19:19:56.057+0700] {logging_mixin.py:188} INFO - Sleeping for 2.10 seconds...
[2024-08-31T19:19:58.159+0700] {logging_mixin.py:188} INFO - Fetching page 9 of 18 for price category: dibawah 80 Juta
[2024-08-31T19:19:59.270+0700] {logging_mixin.py:188} INFO - Sleeping for 2.63 seconds...
[2024-08-31T19:20:01.902+0700] {logging_mixin.py:188} INFO - Fetching page 10 of 18 for price category: dibawah 80 Juta
[2024-08-31T19:20:03.113+0700] {logging_mixin.py:188} INFO - Sleeping for 2.71 seconds...
[2024-08-31T19:20:05.823+0700] {logging_mixin.py:188} INFO - Fetching page 11 of 18 for price category: dibawah 80 Juta
[2024-08-31T19:20:07.054+0700] {logging_mixin.py:188} INFO - Sleeping for 1.77 seconds...
[2024-08-31T19:20:08.830+0700] {logging_mixin.py:188} INFO - Fetching page 12 of 18 for price category: dibawah 80 Juta
[2024-08-31T19:20:10.118+0700] {logging_mixin.py:188} INFO - Sleeping for 1.56 seconds...
[2024-08-31T19:20:11.679+0700] {logging_mixin.py:188} INFO - Fetching page 13 of 18 for price category: dibawah 80 Juta
[2024-08-31T19:20:13.101+0700] {logging_mixin.py:188} INFO - Sleeping for 2.31 seconds...
[2024-08-31T19:20:15.414+0700] {logging_mixin.py:188} INFO - Fetching page 14 of 18 for price category: dibawah 80 Juta
[2024-08-31T19:20:16.702+0700] {logging_mixin.py:188} INFO - Sleeping for 2.63 seconds...
[2024-08-31T19:20:19.332+0700] {logging_mixin.py:188} INFO - Fetching page 15 of 18 for price category: dibawah 80 Juta
[2024-08-31T19:20:20.564+0700] {logging_mixin.py:188} INFO - Sleeping for 1.61 seconds...
[2024-08-31T19:20:22.178+0700] {logging_mixin.py:188} INFO - Fetching page 16 of 18 for price category: dibawah 80 Juta
[2024-08-31T19:20:23.586+0700] {logging_mixin.py:188} INFO - Sleeping for 2.32 seconds...
[2024-08-31T19:20:25.907+0700] {logging_mixin.py:188} INFO - Fetching page 17 of 18 for price category: dibawah 80 Juta
[2024-08-31T19:20:27.106+0700] {logging_mixin.py:188} INFO - Sleeping for 1.53 seconds...
[2024-08-31T19:20:28.639+0700] {logging_mixin.py:188} INFO - Fetching page 18 of 18 for price category: dibawah 80 Juta
[2024-08-31T19:20:29.940+0700] {logging_mixin.py:188} INFO - Sleeping for 1.93 seconds...
[2024-08-31T19:20:31.875+0700] {logging_mixin.py:188} INFO - Data for price category dibawah 80 Juta written to /home/miracle/mobil/scrape/output/mobil123/2024-08-31/mobil123_dibawah 80 Juta_2024-08-31.csv
[2024-08-31T19:20:33.021+0700] {logging_mixin.py:188} INFO - Fetching page 1 of 32 for price category: dibawah 90 Juta
[2024-08-31T19:20:34.337+0700] {logging_mixin.py:188} INFO - Sleeping for 1.72 seconds...
[2024-08-31T19:20:36.061+0700] {logging_mixin.py:188} INFO - Fetching page 2 of 32 for price category: dibawah 90 Juta
[2024-08-31T19:20:37.234+0700] {logging_mixin.py:188} INFO - Sleeping for 1.61 seconds...
[2024-08-31T19:20:38.845+0700] {logging_mixin.py:188} INFO - Fetching page 3 of 32 for price category: dibawah 90 Juta
[2024-08-31T19:20:40.138+0700] {logging_mixin.py:188} INFO - Sleeping for 2.50 seconds...
[2024-08-31T19:20:42.637+0700] {logging_mixin.py:188} INFO - Fetching page 4 of 32 for price category: dibawah 90 Juta
[2024-08-31T19:20:43.867+0700] {logging_mixin.py:188} INFO - Sleeping for 2.18 seconds...
[2024-08-31T19:20:46.047+0700] {logging_mixin.py:188} INFO - Fetching page 5 of 32 for price category: dibawah 90 Juta
[2024-08-31T19:20:47.738+0700] {logging_mixin.py:188} INFO - Sleeping for 2.83 seconds...
[2024-08-31T19:20:50.575+0700] {logging_mixin.py:188} INFO - Fetching page 6 of 32 for price category: dibawah 90 Juta
[2024-08-31T19:20:51.992+0700] {logging_mixin.py:188} INFO - Sleeping for 1.80 seconds...
[2024-08-31T19:20:53.790+0700] {logging_mixin.py:188} INFO - Fetching page 7 of 32 for price category: dibawah 90 Juta
[2024-08-31T19:20:54.947+0700] {logging_mixin.py:188} INFO - Sleeping for 2.06 seconds...
[2024-08-31T19:20:57.006+0700] {logging_mixin.py:188} INFO - Fetching page 8 of 32 for price category: dibawah 90 Juta
[2024-08-31T19:20:58.248+0700] {logging_mixin.py:188} INFO - Sleeping for 1.76 seconds...
[2024-08-31T19:21:00.006+0700] {logging_mixin.py:188} INFO - Fetching page 9 of 32 for price category: dibawah 90 Juta
[2024-08-31T19:21:01.316+0700] {logging_mixin.py:188} INFO - Sleeping for 2.67 seconds...
[2024-08-31T19:21:03.991+0700] {logging_mixin.py:188} INFO - Fetching page 10 of 32 for price category: dibawah 90 Juta
[2024-08-31T19:21:05.441+0700] {logging_mixin.py:188} INFO - Sleeping for 2.25 seconds...
[2024-08-31T19:21:07.695+0700] {logging_mixin.py:188} INFO - Fetching page 11 of 32 for price category: dibawah 90 Juta
[2024-08-31T19:21:08.942+0700] {logging_mixin.py:188} INFO - Sleeping for 2.90 seconds...
[2024-08-31T19:21:11.842+0700] {logging_mixin.py:188} INFO - Fetching page 12 of 32 for price category: dibawah 90 Juta
[2024-08-31T19:21:13.035+0700] {logging_mixin.py:188} INFO - Sleeping for 1.75 seconds...
[2024-08-31T19:21:14.787+0700] {logging_mixin.py:188} INFO - Fetching page 13 of 32 for price category: dibawah 90 Juta
[2024-08-31T19:21:15.918+0700] {logging_mixin.py:188} INFO - Sleeping for 2.00 seconds...
[2024-08-31T19:21:17.919+0700] {logging_mixin.py:188} INFO - Fetching page 14 of 32 for price category: dibawah 90 Juta
[2024-08-31T19:21:18.953+0700] {logging_mixin.py:188} INFO - Sleeping for 2.98 seconds...
[2024-08-31T19:21:21.933+0700] {logging_mixin.py:188} INFO - Fetching page 15 of 32 for price category: dibawah 90 Juta
[2024-08-31T19:21:22.908+0700] {logging_mixin.py:188} INFO - Sleeping for 2.11 seconds...
[2024-08-31T19:21:25.020+0700] {logging_mixin.py:188} INFO - Fetching page 16 of 32 for price category: dibawah 90 Juta
[2024-08-31T19:21:26.260+0700] {logging_mixin.py:188} INFO - Sleeping for 2.68 seconds...
[2024-08-31T19:21:28.941+0700] {logging_mixin.py:188} INFO - Fetching page 17 of 32 for price category: dibawah 90 Juta
[2024-08-31T19:21:29.830+0700] {logging_mixin.py:188} INFO - Sleeping for 2.60 seconds...
[2024-08-31T19:21:32.434+0700] {logging_mixin.py:188} INFO - Fetching page 18 of 32 for price category: dibawah 90 Juta
[2024-08-31T19:21:33.581+0700] {logging_mixin.py:188} INFO - Sleeping for 2.16 seconds...
[2024-08-31T19:21:35.745+0700] {logging_mixin.py:188} INFO - Fetching page 19 of 32 for price category: dibawah 90 Juta
[2024-08-31T19:21:37.111+0700] {logging_mixin.py:188} INFO - Sleeping for 1.98 seconds...
[2024-08-31T19:21:39.094+0700] {logging_mixin.py:188} INFO - Fetching page 20 of 32 for price category: dibawah 90 Juta
[2024-08-31T19:21:40.214+0700] {logging_mixin.py:188} INFO - Sleeping for 1.84 seconds...
[2024-08-31T19:21:42.054+0700] {logging_mixin.py:188} INFO - Fetching page 21 of 32 for price category: dibawah 90 Juta
[2024-08-31T19:21:43.790+0700] {logging_mixin.py:188} INFO - Sleeping for 1.61 seconds...
[2024-08-31T19:21:45.398+0700] {logging_mixin.py:188} INFO - Fetching page 22 of 32 for price category: dibawah 90 Juta
[2024-08-31T19:21:47.023+0700] {logging_mixin.py:188} INFO - Sleeping for 1.74 seconds...
[2024-08-31T19:21:48.761+0700] {logging_mixin.py:188} INFO - Fetching page 23 of 32 for price category: dibawah 90 Juta
[2024-08-31T19:21:50.093+0700] {logging_mixin.py:188} INFO - Sleeping for 2.16 seconds...
[2024-08-31T19:21:52.257+0700] {logging_mixin.py:188} INFO - Fetching page 24 of 32 for price category: dibawah 90 Juta
[2024-08-31T19:21:53.446+0700] {logging_mixin.py:188} INFO - Sleeping for 2.14 seconds...
[2024-08-31T19:21:55.588+0700] {logging_mixin.py:188} INFO - Fetching page 25 of 32 for price category: dibawah 90 Juta
[2024-08-31T19:21:56.720+0700] {logging_mixin.py:188} INFO - Sleeping for 2.91 seconds...
[2024-08-31T19:21:59.635+0700] {logging_mixin.py:188} INFO - Fetching page 26 of 32 for price category: dibawah 90 Juta
[2024-08-31T19:22:00.980+0700] {logging_mixin.py:188} INFO - Sleeping for 2.14 seconds...
[2024-08-31T19:22:03.127+0700] {logging_mixin.py:188} INFO - Fetching page 27 of 32 for price category: dibawah 90 Juta
[2024-08-31T19:22:04.463+0700] {logging_mixin.py:188} INFO - Sleeping for 1.50 seconds...
[2024-08-31T19:22:05.966+0700] {logging_mixin.py:188} INFO - Fetching page 28 of 32 for price category: dibawah 90 Juta
[2024-08-31T19:22:07.378+0700] {logging_mixin.py:188} INFO - Sleeping for 1.50 seconds...
[2024-08-31T19:22:08.884+0700] {logging_mixin.py:188} INFO - Fetching page 29 of 32 for price category: dibawah 90 Juta
[2024-08-31T19:22:10.128+0700] {logging_mixin.py:188} INFO - Sleeping for 1.75 seconds...
[2024-08-31T19:22:11.881+0700] {logging_mixin.py:188} INFO - Fetching page 30 of 32 for price category: dibawah 90 Juta
[2024-08-31T19:22:13.503+0700] {logging_mixin.py:188} INFO - Sleeping for 2.02 seconds...
[2024-08-31T19:22:15.525+0700] {logging_mixin.py:188} INFO - Fetching page 31 of 32 for price category: dibawah 90 Juta
[2024-08-31T19:22:16.708+0700] {logging_mixin.py:188} INFO - Sleeping for 2.32 seconds...
[2024-08-31T19:22:19.034+0700] {logging_mixin.py:188} INFO - Fetching page 32 of 32 for price category: dibawah 90 Juta
[2024-08-31T19:22:20.348+0700] {logging_mixin.py:188} INFO - Sleeping for 1.63 seconds...
[2024-08-31T19:22:21.989+0700] {logging_mixin.py:188} INFO - Data for price category dibawah 90 Juta written to /home/miracle/mobil/scrape/output/mobil123/2024-08-31/mobil123_dibawah 90 Juta_2024-08-31.csv
[2024-08-31T19:22:21.992+0700] {python.py:237} INFO - Done. Returned value was: None
[2024-08-31T19:22:21.993+0700] {taskinstance.py:441} INFO - ::group::Post task execution logs
[2024-08-31T19:22:22.007+0700] {taskinstance.py:1206} INFO - Marking task as SUCCESS. dag_id=scrap_mobil123, task_id=scrape_mobil123, run_id=scheduled__2024-08-26T00:00:00+00:00, execution_date=20240826T000000, start_date=20240831T121753, end_date=20240831T122222
[2024-08-31T19:22:22.049+0700] {local_task_job_runner.py:243} INFO - Task exited with return code 0
[2024-08-31T19:22:22.076+0700] {taskinstance.py:3503} INFO - 1 downstream tasks scheduled from follow-on schedule check
[2024-08-31T19:22:22.079+0700] {local_task_job_runner.py:222} INFO - ::endgroup::
