[2024-08-26T00:17:51.745+0700] {local_task_job_runner.py:120} INFO - ::group::Pre task execution logs
[2024-08-26T00:17:51.941+0700] {taskinstance.py:2076} INFO - Dependencies all met for dep_context=non-requeueable deps ti=<TaskInstance: scrap_mobil123.scrape_mobil123 scheduled__2024-08-02T00:00:00+00:00 [queued]>
[2024-08-26T00:17:51.952+0700] {taskinstance.py:2076} INFO - Dependencies all met for dep_context=requeueable deps ti=<TaskInstance: scrap_mobil123.scrape_mobil123 scheduled__2024-08-02T00:00:00+00:00 [queued]>
[2024-08-26T00:17:51.953+0700] {taskinstance.py:2306} INFO - Starting attempt 1 of 2
[2024-08-26T00:17:51.976+0700] {taskinstance.py:2330} INFO - Executing <Task(PythonOperator): scrape_mobil123> on 2024-08-02 00:00:00+00:00
[2024-08-26T00:17:51.984+0700] {standard_task_runner.py:64} INFO - Started process 15340 to run task
[2024-08-26T00:17:51.989+0700] {standard_task_runner.py:90} INFO - Running: ['***', 'tasks', 'run', 'scrap_mobil123', 'scrape_mobil123', 'scheduled__2024-08-02T00:00:00+00:00', '--job-id', '99', '--raw', '--subdir', 'DAGS_FOLDER/mobil123/scrap_mobil123.py', '--cfg-path', '/tmp/tmpp7imcfng']
[2024-08-26T00:17:51.993+0700] {standard_task_runner.py:91} INFO - Job 99: Subtask scrape_mobil123
[2024-08-26T00:17:52.082+0700] {task_command.py:426} INFO - Running <TaskInstance: scrap_mobil123.scrape_mobil123 scheduled__2024-08-02T00:00:00+00:00 [running]> on host BrightHorizons.
[2024-08-26T00:17:52.270+0700] {taskinstance.py:2648} INFO - Exporting env vars: AIRFLOW_CTX_DAG_OWNER='***' AIRFLOW_CTX_DAG_ID='scrap_mobil123' AIRFLOW_CTX_TASK_ID='scrape_mobil123' AIRFLOW_CTX_EXECUTION_DATE='2024-08-02T00:00:00+00:00' AIRFLOW_CTX_TRY_NUMBER='1' AIRFLOW_CTX_DAG_RUN_ID='scheduled__2024-08-02T00:00:00+00:00'
[2024-08-26T00:17:52.272+0700] {taskinstance.py:430} INFO - ::endgroup::
[2024-08-26T00:17:54.208+0700] {logging_mixin.py:188} INFO - Fetching page 1 of 2 for price category: dibawah 30 Juta
[2024-08-26T00:17:55.449+0700] {logging_mixin.py:188} INFO - Sleeping for 2.47 seconds...
[2024-08-26T00:17:57.923+0700] {logging_mixin.py:188} INFO - Fetching page 2 of 2 for price category: dibawah 30 Juta
[2024-08-26T00:17:59.555+0700] {logging_mixin.py:188} INFO - Sleeping for 1.84 seconds...
[2024-08-26T00:18:01.400+0700] {logging_mixin.py:188} INFO - Data for price category dibawah 30 Juta written to /home/miracle/mobil/scrape/output/mobil123/2024-08-26/mobil123_dibawah 30 Juta_2024-08-26.csv
[2024-08-26T00:18:02.653+0700] {logging_mixin.py:188} INFO - Fetching page 1 of 3 for price category: dibawah 40 Juta
[2024-08-26T00:18:04.163+0700] {logging_mixin.py:188} INFO - Sleeping for 1.69 seconds...
[2024-08-26T00:18:05.853+0700] {logging_mixin.py:188} INFO - Fetching page 2 of 3 for price category: dibawah 40 Juta
[2024-08-26T00:18:08.351+0700] {logging_mixin.py:188} INFO - Sleeping for 2.45 seconds...
[2024-08-26T00:18:10.804+0700] {logging_mixin.py:188} INFO - Fetching page 3 of 3 for price category: dibawah 40 Juta
[2024-08-26T00:18:11.781+0700] {logging_mixin.py:188} INFO - Sleeping for 2.51 seconds...
[2024-08-26T00:18:14.296+0700] {logging_mixin.py:188} INFO - Data for price category dibawah 40 Juta written to /home/miracle/mobil/scrape/output/mobil123/2024-08-26/mobil123_dibawah 40 Juta_2024-08-26.csv
[2024-08-26T00:18:15.613+0700] {logging_mixin.py:188} INFO - Fetching page 1 of 5 for price category: dibawah 50 Juta
[2024-08-26T00:18:16.852+0700] {logging_mixin.py:188} INFO - Sleeping for 2.23 seconds...
[2024-08-26T00:18:19.084+0700] {logging_mixin.py:188} INFO - Fetching page 2 of 5 for price category: dibawah 50 Juta
[2024-08-26T00:18:23.692+0700] {logging_mixin.py:188} INFO - Sleeping for 1.86 seconds...
[2024-08-26T00:18:25.558+0700] {logging_mixin.py:188} INFO - Fetching page 3 of 5 for price category: dibawah 50 Juta
[2024-08-26T00:18:27.195+0700] {logging_mixin.py:188} INFO - Sleeping for 2.24 seconds...
[2024-08-26T00:18:29.438+0700] {logging_mixin.py:188} INFO - Fetching page 4 of 5 for price category: dibawah 50 Juta
[2024-08-26T00:18:30.794+0700] {logging_mixin.py:188} INFO - Sleeping for 2.65 seconds...
[2024-08-26T00:18:33.449+0700] {logging_mixin.py:188} INFO - Fetching page 5 of 5 for price category: dibawah 50 Juta
[2024-08-26T00:18:35.573+0700] {logging_mixin.py:188} INFO - Sleeping for 2.00 seconds...
[2024-08-26T00:18:37.579+0700] {logging_mixin.py:188} INFO - Data for price category dibawah 50 Juta written to /home/miracle/mobil/scrape/output/mobil123/2024-08-26/mobil123_dibawah 50 Juta_2024-08-26.csv
[2024-08-26T00:18:38.977+0700] {logging_mixin.py:188} INFO - Fetching page 1 of 5 for price category: dibawah 60 Juta
[2024-08-26T00:18:40.060+0700] {logging_mixin.py:188} INFO - Sleeping for 2.51 seconds...
[2024-08-26T00:18:42.570+0700] {logging_mixin.py:188} INFO - Fetching page 2 of 5 for price category: dibawah 60 Juta
[2024-08-26T00:18:43.570+0700] {logging_mixin.py:188} INFO - Sleeping for 1.95 seconds...
[2024-08-26T00:18:45.518+0700] {logging_mixin.py:188} INFO - Fetching page 3 of 5 for price category: dibawah 60 Juta
[2024-08-26T00:18:46.574+0700] {logging_mixin.py:188} INFO - Sleeping for 1.81 seconds...
[2024-08-26T00:18:48.382+0700] {logging_mixin.py:188} INFO - Fetching page 4 of 5 for price category: dibawah 60 Juta
[2024-08-26T00:18:49.361+0700] {logging_mixin.py:188} INFO - Sleeping for 2.68 seconds...
[2024-08-26T00:18:52.047+0700] {logging_mixin.py:188} INFO - Fetching page 5 of 5 for price category: dibawah 60 Juta
[2024-08-26T00:18:52.674+0700] {local_task_job_runner.py:313} WARNING - State of this instance has been externally set to success. Terminating instance.
[2024-08-26T00:18:52.675+0700] {local_task_job_runner.py:222} INFO - ::endgroup::
[2024-08-26T00:18:52.678+0700] {process_utils.py:132} INFO - Sending 15 to group 15340. PIDs of all processes in the group: [15340]
[2024-08-26T00:18:52.678+0700] {process_utils.py:87} INFO - Sending the signal 15 to group 15340
[2024-08-26T00:18:52.679+0700] {taskinstance.py:2611} ERROR - Received SIGTERM. Terminating subprocesses.
[2024-08-26T00:18:52.679+0700] {taskinstance.py:441} INFO - ::group::Post task execution logs
[2024-08-26T00:18:52.731+0700] {process_utils.py:80} INFO - Process psutil.Process(pid=15340, status='terminated', exitcode=0, started='00:17:51') (15340) terminated with exit code 0
