[2024-08-26T00:17:52.487+0700] {local_task_job_runner.py:120} INFO - ::group::Pre task execution logs
[2024-08-26T00:17:52.681+0700] {taskinstance.py:2076} INFO - Dependencies all met for dep_context=non-requeueable deps ti=<TaskInstance: scrap_mobil123.scrape_mobil123 scheduled__2024-08-07T00:00:00+00:00 [queued]>
[2024-08-26T00:17:52.694+0700] {taskinstance.py:2076} INFO - Dependencies all met for dep_context=requeueable deps ti=<TaskInstance: scrap_mobil123.scrape_mobil123 scheduled__2024-08-07T00:00:00+00:00 [queued]>
[2024-08-26T00:17:52.695+0700] {taskinstance.py:2306} INFO - Starting attempt 1 of 2
[2024-08-26T00:17:52.713+0700] {taskinstance.py:2330} INFO - Executing <Task(PythonOperator): scrape_mobil123> on 2024-08-07 00:00:00+00:00
[2024-08-26T00:17:52.718+0700] {standard_task_runner.py:64} INFO - Started process 15408 to run task
[2024-08-26T00:17:52.724+0700] {standard_task_runner.py:90} INFO - Running: ['***', 'tasks', 'run', 'scrap_mobil123', 'scrape_mobil123', 'scheduled__2024-08-07T00:00:00+00:00', '--job-id', '104', '--raw', '--subdir', 'DAGS_FOLDER/mobil123/scrap_mobil123.py', '--cfg-path', '/tmp/tmphi46ngro']
[2024-08-26T00:17:52.726+0700] {standard_task_runner.py:91} INFO - Job 104: Subtask scrape_mobil123
[2024-08-26T00:17:52.801+0700] {task_command.py:426} INFO - Running <TaskInstance: scrap_mobil123.scrape_mobil123 scheduled__2024-08-07T00:00:00+00:00 [running]> on host BrightHorizons.
[2024-08-26T00:17:52.918+0700] {taskinstance.py:2648} INFO - Exporting env vars: AIRFLOW_CTX_DAG_OWNER='***' AIRFLOW_CTX_DAG_ID='scrap_mobil123' AIRFLOW_CTX_TASK_ID='scrape_mobil123' AIRFLOW_CTX_EXECUTION_DATE='2024-08-07T00:00:00+00:00' AIRFLOW_CTX_TRY_NUMBER='1' AIRFLOW_CTX_DAG_RUN_ID='scheduled__2024-08-07T00:00:00+00:00'
[2024-08-26T00:17:52.918+0700] {taskinstance.py:430} INFO - ::endgroup::
[2024-08-26T00:17:54.284+0700] {logging_mixin.py:188} INFO - Fetching page 1 of 2 for price category: dibawah 30 Juta
[2024-08-26T00:17:55.840+0700] {logging_mixin.py:188} INFO - Sleeping for 2.88 seconds...
[2024-08-26T00:17:58.719+0700] {logging_mixin.py:188} INFO - Fetching page 2 of 2 for price category: dibawah 30 Juta
[2024-08-26T00:17:59.767+0700] {logging_mixin.py:188} INFO - Sleeping for 2.15 seconds...
[2024-08-26T00:18:01.923+0700] {logging_mixin.py:188} INFO - Data for price category dibawah 30 Juta written to /home/miracle/mobil/scrape/output/mobil123/2024-08-26/mobil123_dibawah 30 Juta_2024-08-26.csv
[2024-08-26T00:18:03.200+0700] {logging_mixin.py:188} INFO - Fetching page 1 of 3 for price category: dibawah 40 Juta
[2024-08-26T00:18:04.450+0700] {logging_mixin.py:188} INFO - Sleeping for 1.74 seconds...
[2024-08-26T00:18:06.196+0700] {logging_mixin.py:188} INFO - Fetching page 2 of 3 for price category: dibawah 40 Juta
[2024-08-26T00:18:07.912+0700] {logging_mixin.py:188} INFO - Sleeping for 1.55 seconds...
[2024-08-26T00:18:09.468+0700] {logging_mixin.py:188} INFO - Fetching page 3 of 3 for price category: dibawah 40 Juta
[2024-08-26T00:18:11.244+0700] {logging_mixin.py:188} INFO - Sleeping for 2.85 seconds...
[2024-08-26T00:18:14.100+0700] {logging_mixin.py:188} INFO - Data for price category dibawah 40 Juta written to /home/miracle/mobil/scrape/output/mobil123/2024-08-26/mobil123_dibawah 40 Juta_2024-08-26.csv
[2024-08-26T00:18:15.512+0700] {logging_mixin.py:188} INFO - Fetching page 1 of 5 for price category: dibawah 50 Juta
[2024-08-26T00:18:16.741+0700] {logging_mixin.py:188} INFO - Sleeping for 2.20 seconds...
[2024-08-26T00:18:18.939+0700] {logging_mixin.py:188} INFO - Fetching page 2 of 5 for price category: dibawah 50 Juta
[2024-08-26T00:18:23.745+0700] {logging_mixin.py:188} INFO - Sleeping for 2.59 seconds...
[2024-08-26T00:18:26.342+0700] {logging_mixin.py:188} INFO - Fetching page 3 of 5 for price category: dibawah 50 Juta
[2024-08-26T00:18:28.505+0700] {logging_mixin.py:188} INFO - Sleeping for 1.78 seconds...
[2024-08-26T00:18:30.283+0700] {logging_mixin.py:188} INFO - Fetching page 4 of 5 for price category: dibawah 50 Juta
[2024-08-26T00:18:31.189+0700] {logging_mixin.py:188} INFO - Sleeping for 2.79 seconds...
[2024-08-26T00:18:33.985+0700] {logging_mixin.py:188} INFO - Fetching page 5 of 5 for price category: dibawah 50 Juta
[2024-08-26T00:18:36.456+0700] {logging_mixin.py:188} INFO - Sleeping for 2.09 seconds...
[2024-08-26T00:18:38.546+0700] {logging_mixin.py:188} INFO - Data for price category dibawah 50 Juta written to /home/miracle/mobil/scrape/output/mobil123/2024-08-26/mobil123_dibawah 50 Juta_2024-08-26.csv
[2024-08-26T00:18:39.768+0700] {logging_mixin.py:188} INFO - Fetching page 1 of 5 for price category: dibawah 60 Juta
[2024-08-26T00:18:40.836+0700] {logging_mixin.py:188} INFO - Sleeping for 2.10 seconds...
[2024-08-26T00:18:42.941+0700] {logging_mixin.py:188} INFO - Fetching page 2 of 5 for price category: dibawah 60 Juta
[2024-08-26T00:18:43.830+0700] {logging_mixin.py:188} INFO - Sleeping for 1.95 seconds...
[2024-08-26T00:18:45.781+0700] {logging_mixin.py:188} INFO - Fetching page 3 of 5 for price category: dibawah 60 Juta
[2024-08-26T00:18:46.815+0700] {logging_mixin.py:188} INFO - Sleeping for 1.78 seconds...
[2024-08-26T00:18:48.598+0700] {logging_mixin.py:188} INFO - Fetching page 4 of 5 for price category: dibawah 60 Juta
[2024-08-26T00:18:49.521+0700] {logging_mixin.py:188} INFO - Sleeping for 1.99 seconds...
[2024-08-26T00:18:51.510+0700] {logging_mixin.py:188} INFO - Fetching page 5 of 5 for price category: dibawah 60 Juta
[2024-08-26T00:18:52.589+0700] {logging_mixin.py:188} INFO - Sleeping for 2.38 seconds...
[2024-08-26T00:18:54.970+0700] {logging_mixin.py:188} INFO - Data for price category dibawah 60 Juta written to /home/miracle/mobil/scrape/output/mobil123/2024-08-26/mobil123_dibawah 60 Juta_2024-08-26.csv
[2024-08-26T00:18:55.969+0700] {logging_mixin.py:188} INFO - Fetching page 1 of 9 for price category: dibawah 70 Juta
[2024-08-26T00:18:57.077+0700] {logging_mixin.py:188} INFO - Sleeping for 1.66 seconds...
[2024-08-26T00:18:58.740+0700] {logging_mixin.py:188} INFO - Fetching page 2 of 9 for price category: dibawah 70 Juta
[2024-08-26T00:18:59.838+0700] {logging_mixin.py:188} INFO - Sleeping for 2.13 seconds...
[2024-08-26T00:19:01.969+0700] {logging_mixin.py:188} INFO - Fetching page 3 of 9 for price category: dibawah 70 Juta
[2024-08-26T00:19:03.236+0700] {logging_mixin.py:188} INFO - Sleeping for 2.76 seconds...
[2024-08-26T00:19:03.540+0700] {local_task_job_runner.py:313} WARNING - State of this instance has been externally set to success. Terminating instance.
[2024-08-26T00:19:03.541+0700] {local_task_job_runner.py:222} INFO - ::endgroup::
[2024-08-26T00:19:03.544+0700] {process_utils.py:132} INFO - Sending 15 to group 15408. PIDs of all processes in the group: [15408]
[2024-08-26T00:19:03.545+0700] {process_utils.py:87} INFO - Sending the signal 15 to group 15408
[2024-08-26T00:19:03.545+0700] {taskinstance.py:2611} ERROR - Received SIGTERM. Terminating subprocesses.
[2024-08-26T00:19:03.546+0700] {taskinstance.py:441} INFO - ::group::Post task execution logs
[2024-08-26T00:19:03.598+0700] {process_utils.py:80} INFO - Process psutil.Process(pid=15408, status='terminated', exitcode=0, started='00:17:52') (15408) terminated with exit code 0
