[2024-09-22T15:11:32.066+0700] {local_task_job_runner.py:120} INFO - ::group::Pre task execution logs
[2024-09-22T15:11:32.169+0700] {taskinstance.py:2076} INFO - Dependencies all met for dep_context=non-requeueable deps ti=<TaskInstance: scrap_carmudi.modify_data scheduled__2024-09-07T00:00:00+00:00 [queued]>
[2024-09-22T15:11:32.178+0700] {taskinstance.py:2076} INFO - Dependencies all met for dep_context=requeueable deps ti=<TaskInstance: scrap_carmudi.modify_data scheduled__2024-09-07T00:00:00+00:00 [queued]>
[2024-09-22T15:11:32.178+0700] {taskinstance.py:2306} INFO - Starting attempt 1 of 2
[2024-09-22T15:11:32.192+0700] {taskinstance.py:2330} INFO - Executing <Task(SparkSubmitOperator): modify_data> on 2024-09-07 00:00:00+00:00
[2024-09-22T15:11:32.195+0700] {standard_task_runner.py:64} INFO - Started process 242397 to run task
[2024-09-22T15:11:32.198+0700] {standard_task_runner.py:90} INFO - Running: ['***', 'tasks', 'run', 'scrap_carmudi', 'modify_data', 'scheduled__2024-09-07T00:00:00+00:00', '--job-id', '248', '--raw', '--subdir', 'DAGS_FOLDER/carmudi/scrape_carmudi.py', '--cfg-path', '/tmp/tmparo2h9j9']
[2024-09-22T15:11:32.199+0700] {standard_task_runner.py:91} INFO - Job 248: Subtask modify_data
[2024-09-22T15:11:32.260+0700] {task_command.py:426} INFO - Running <TaskInstance: scrap_carmudi.modify_data scheduled__2024-09-07T00:00:00+00:00 [running]> on host BrightHorizons.
[2024-09-22T15:11:32.372+0700] {taskinstance.py:2648} INFO - Exporting env vars: AIRFLOW_CTX_DAG_OWNER='***' AIRFLOW_CTX_DAG_ID='scrap_carmudi' AIRFLOW_CTX_TASK_ID='modify_data' AIRFLOW_CTX_EXECUTION_DATE='2024-09-07T00:00:00+00:00' AIRFLOW_CTX_TRY_NUMBER='1' AIRFLOW_CTX_DAG_RUN_ID='scheduled__2024-09-07T00:00:00+00:00'
[2024-09-22T15:11:32.373+0700] {taskinstance.py:430} INFO - ::endgroup::
[2024-09-22T15:11:32.397+0700] {base.py:84} INFO - Using connection ID 'spark_local' for task execution.
[2024-09-22T15:11:32.398+0700] {spark_submit.py:403} INFO - Spark-Submit cmd: spark-submit --master local[*] --name arrow-spark --deploy-mode client /home/miracle/mobil/spark/carmudi.py
[2024-09-22T15:11:34.945+0700] {spark_submit.py:579} INFO - 24/09/22 15:11:34 WARN Utils: Your hostname, BrightHorizons resolves to a loopback address: 127.0.1.1; using 10.255.255.254 instead (on interface lo)
[2024-09-22T15:11:34.950+0700] {spark_submit.py:579} INFO - 24/09/22 15:11:34 WARN Utils: Set SPARK_LOCAL_IP if you need to bind to another address
[2024-09-22T15:11:35.762+0700] {spark_submit.py:579} INFO - python3: can't open file '/home/miracle/mobil/spark/carmudi.py': [Errno 2] No such file or directory
[2024-09-22T15:11:35.779+0700] {spark_submit.py:579} INFO - 24/09/22 15:11:35 INFO ShutdownHookManager: Shutdown hook called
[2024-09-22T15:11:35.780+0700] {spark_submit.py:579} INFO - 24/09/22 15:11:35 INFO ShutdownHookManager: Deleting directory /tmp/spark-c5b93c27-c772-4be1-9ff2-a62b7b3de710
[2024-09-22T15:11:35.821+0700] {taskinstance.py:441} INFO - ::group::Post task execution logs
[2024-09-22T15:11:35.833+0700] {taskinstance.py:2905} ERROR - Task failed with exception
Traceback (most recent call last):
  File "/usr/local/lib/python3.10/dist-packages/airflow/models/taskinstance.py", line 465, in _execute_task
    result = _execute_callable(context=context, **execute_callable_kwargs)
  File "/usr/local/lib/python3.10/dist-packages/airflow/models/taskinstance.py", line 432, in _execute_callable
    return execute_callable(context=context, **execute_callable_kwargs)
  File "/usr/local/lib/python3.10/dist-packages/airflow/models/baseoperator.py", line 401, in wrapper
    return func(self, *args, **kwargs)
  File "/usr/local/lib/python3.10/dist-packages/airflow/providers/apache/spark/operators/spark_submit.py", line 174, in execute
    self._hook.submit(self.application)
  File "/usr/local/lib/python3.10/dist-packages/airflow/providers/apache/spark/hooks/spark_submit.py", line 505, in submit
    raise AirflowException(
airflow.exceptions.AirflowException: Cannot execute: spark-submit --master local[*] --name arrow-spark --deploy-mode client /home/miracle/mobil/spark/carmudi.py. Error code is: 2.
[2024-09-22T15:11:35.838+0700] {taskinstance.py:1206} INFO - Marking task as UP_FOR_RETRY. dag_id=scrap_carmudi, task_id=modify_data, run_id=scheduled__2024-09-07T00:00:00+00:00, execution_date=20240907T000000, start_date=20240922T081132, end_date=20240922T081135
[2024-09-22T15:11:35.851+0700] {standard_task_runner.py:110} ERROR - Failed to execute job 248 for task modify_data (Cannot execute: spark-submit --master local[*] --name arrow-spark --deploy-mode client /home/miracle/mobil/spark/carmudi.py. Error code is: 2.; 242397)
[2024-09-22T15:11:35.865+0700] {local_task_job_runner.py:243} INFO - Task exited with return code 1
[2024-09-22T15:11:35.885+0700] {taskinstance.py:3503} INFO - 0 downstream tasks scheduled from follow-on schedule check
[2024-09-22T15:11:35.887+0700] {local_task_job_runner.py:222} INFO - ::endgroup::
