[2024-08-31T19:17:54.006+0700] {local_task_job_runner.py:120} INFO - ::group::Pre task execution logs
[2024-08-31T19:17:54.206+0700] {taskinstance.py:2076} INFO - Dependencies all met for dep_context=non-requeueable deps ti=<TaskInstance: scrap_mobil123.scrape_mobil123 scheduled__2024-08-30T00:00:00+00:00 [queued]>
[2024-08-31T19:17:54.217+0700] {taskinstance.py:2076} INFO - Dependencies all met for dep_context=requeueable deps ti=<TaskInstance: scrap_mobil123.scrape_mobil123 scheduled__2024-08-30T00:00:00+00:00 [queued]>
[2024-08-31T19:17:54.217+0700] {taskinstance.py:2306} INFO - Starting attempt 1 of 2
[2024-08-31T19:17:54.232+0700] {taskinstance.py:2330} INFO - Executing <Task(PythonOperator): scrape_mobil123> on 2024-08-30 00:00:00+00:00
[2024-08-31T19:17:54.238+0700] {standard_task_runner.py:64} INFO - Started process 8949 to run task
[2024-08-31T19:17:54.241+0700] {standard_task_runner.py:90} INFO - Running: ['***', 'tasks', 'run', 'scrap_mobil123', 'scrape_mobil123', 'scheduled__2024-08-30T00:00:00+00:00', '--job-id', '138', '--raw', '--subdir', 'DAGS_FOLDER/mobil123/scrap_mobil123.py', '--cfg-path', '/tmp/tmpsy8anlba']
[2024-08-31T19:17:54.243+0700] {standard_task_runner.py:91} INFO - Job 138: Subtask scrape_mobil123
[2024-08-31T19:17:54.303+0700] {task_command.py:426} INFO - Running <TaskInstance: scrap_mobil123.scrape_mobil123 scheduled__2024-08-30T00:00:00+00:00 [running]> on host BrightHorizons.
[2024-08-31T19:17:54.443+0700] {taskinstance.py:2648} INFO - Exporting env vars: AIRFLOW_CTX_DAG_OWNER='***' AIRFLOW_CTX_DAG_ID='scrap_mobil123' AIRFLOW_CTX_TASK_ID='scrape_mobil123' AIRFLOW_CTX_EXECUTION_DATE='2024-08-30T00:00:00+00:00' AIRFLOW_CTX_TRY_NUMBER='1' AIRFLOW_CTX_DAG_RUN_ID='scheduled__2024-08-30T00:00:00+00:00'
[2024-08-31T19:17:54.445+0700] {taskinstance.py:430} INFO - ::endgroup::
[2024-08-31T19:17:55.656+0700] {logging_mixin.py:188} INFO - Fetching page 1 of 2 for price category: dibawah 30 Juta
[2024-08-31T19:17:56.975+0700] {logging_mixin.py:188} INFO - Sleeping for 2.35 seconds...
[2024-08-31T19:17:59.327+0700] {logging_mixin.py:188} INFO - Fetching page 2 of 2 for price category: dibawah 30 Juta
[2024-08-31T19:18:00.368+0700] {logging_mixin.py:188} INFO - Sleeping for 1.77 seconds...
[2024-08-31T19:18:02.138+0700] {logging_mixin.py:188} INFO - Data for price category dibawah 30 Juta written to /home/miracle/mobil/scrape/output/mobil123/2024-08-31/mobil123_dibawah 30 Juta_2024-08-31.csv
[2024-08-31T19:18:03.340+0700] {logging_mixin.py:188} INFO - Fetching page 1 of 4 for price category: dibawah 40 Juta
[2024-08-31T19:18:04.569+0700] {logging_mixin.py:188} INFO - Sleeping for 2.59 seconds...
[2024-08-31T19:18:07.158+0700] {logging_mixin.py:188} INFO - Fetching page 2 of 4 for price category: dibawah 40 Juta
[2024-08-31T19:18:08.420+0700] {logging_mixin.py:188} INFO - Sleeping for 1.83 seconds...
[2024-08-31T19:18:10.254+0700] {logging_mixin.py:188} INFO - Fetching page 3 of 4 for price category: dibawah 40 Juta
[2024-08-31T19:18:11.331+0700] {logging_mixin.py:188} INFO - Sleeping for 1.59 seconds...
[2024-08-31T19:18:12.921+0700] {logging_mixin.py:188} INFO - Fetching page 4 of 4 for price category: dibawah 40 Juta
[2024-08-31T19:18:13.783+0700] {logging_mixin.py:188} INFO - Sleeping for 1.67 seconds...
[2024-08-31T19:18:15.459+0700] {logging_mixin.py:188} INFO - Data for price category dibawah 40 Juta written to /home/miracle/mobil/scrape/output/mobil123/2024-08-31/mobil123_dibawah 40 Juta_2024-08-31.csv
[2024-08-31T19:18:16.883+0700] {logging_mixin.py:188} INFO - Fetching page 1 of 5 for price category: dibawah 50 Juta
[2024-08-31T19:18:18.126+0700] {logging_mixin.py:188} INFO - Sleeping for 1.84 seconds...
[2024-08-31T19:18:19.964+0700] {logging_mixin.py:188} INFO - Fetching page 2 of 5 for price category: dibawah 50 Juta
[2024-08-31T19:18:21.435+0700] {logging_mixin.py:188} INFO - Sleeping for 2.40 seconds...
[2024-08-31T19:18:23.835+0700] {logging_mixin.py:188} INFO - Fetching page 3 of 5 for price category: dibawah 50 Juta
[2024-08-31T19:18:25.042+0700] {logging_mixin.py:188} INFO - Sleeping for 2.12 seconds...
[2024-08-31T19:18:27.160+0700] {logging_mixin.py:188} INFO - Fetching page 4 of 5 for price category: dibawah 50 Juta
[2024-08-31T19:18:28.818+0700] {logging_mixin.py:188} INFO - Sleeping for 2.14 seconds...
[2024-08-31T19:18:30.959+0700] {logging_mixin.py:188} INFO - Fetching page 5 of 5 for price category: dibawah 50 Juta
[2024-08-31T19:18:32.063+0700] {logging_mixin.py:188} INFO - Sleeping for 2.93 seconds...
[2024-08-31T19:18:34.997+0700] {logging_mixin.py:188} INFO - Data for price category dibawah 50 Juta written to /home/miracle/mobil/scrape/output/mobil123/2024-08-31/mobil123_dibawah 50 Juta_2024-08-31.csv
[2024-08-31T19:18:36.174+0700] {logging_mixin.py:188} INFO - Fetching page 1 of 5 for price category: dibawah 60 Juta
[2024-08-31T19:18:37.346+0700] {logging_mixin.py:188} INFO - Sleeping for 2.15 seconds...
[2024-08-31T19:18:39.500+0700] {logging_mixin.py:188} INFO - Fetching page 2 of 5 for price category: dibawah 60 Juta
[2024-08-31T19:18:41.216+0700] {logging_mixin.py:188} INFO - Sleeping for 2.02 seconds...
[2024-08-31T19:18:43.243+0700] {logging_mixin.py:188} INFO - Fetching page 3 of 5 for price category: dibawah 60 Juta
[2024-08-31T19:18:44.424+0700] {logging_mixin.py:188} INFO - Sleeping for 2.36 seconds...
[2024-08-31T19:18:46.786+0700] {logging_mixin.py:188} INFO - Fetching page 4 of 5 for price category: dibawah 60 Juta
[2024-08-31T19:18:48.158+0700] {logging_mixin.py:188} INFO - Sleeping for 2.53 seconds...
[2024-08-31T19:18:50.694+0700] {logging_mixin.py:188} INFO - Fetching page 5 of 5 for price category: dibawah 60 Juta
[2024-08-31T19:18:52.089+0700] {logging_mixin.py:188} INFO - Sleeping for 1.90 seconds...
[2024-08-31T19:18:53.995+0700] {logging_mixin.py:188} INFO - Data for price category dibawah 60 Juta written to /home/miracle/mobil/scrape/output/mobil123/2024-08-31/mobil123_dibawah 60 Juta_2024-08-31.csv
[2024-08-31T19:18:55.928+0700] {logging_mixin.py:188} INFO - Fetching page 1 of 9 for price category: dibawah 70 Juta
[2024-08-31T19:18:57.654+0700] {logging_mixin.py:188} INFO - Sleeping for 1.70 seconds...
[2024-08-31T19:18:59.353+0700] {logging_mixin.py:188} INFO - Fetching page 2 of 9 for price category: dibawah 70 Juta
[2024-08-31T19:19:00.963+0700] {logging_mixin.py:188} INFO - Sleeping for 1.61 seconds...
[2024-08-31T19:19:02.571+0700] {logging_mixin.py:188} INFO - Fetching page 3 of 9 for price category: dibawah 70 Juta
[2024-08-31T19:19:04.008+0700] {logging_mixin.py:188} INFO - Sleeping for 1.71 seconds...
[2024-08-31T19:19:05.722+0700] {logging_mixin.py:188} INFO - Fetching page 4 of 9 for price category: dibawah 70 Juta
[2024-08-31T19:19:07.315+0700] {logging_mixin.py:188} INFO - Sleeping for 2.06 seconds...
[2024-08-31T19:19:09.374+0700] {logging_mixin.py:188} INFO - Fetching page 5 of 9 for price category: dibawah 70 Juta
[2024-08-31T19:19:10.664+0700] {logging_mixin.py:188} INFO - Sleeping for 2.80 seconds...
[2024-08-31T19:19:13.472+0700] {logging_mixin.py:188} INFO - Fetching page 6 of 9 for price category: dibawah 70 Juta
[2024-08-31T19:19:14.743+0700] {logging_mixin.py:188} INFO - Sleeping for 2.69 seconds...
[2024-08-31T19:19:17.437+0700] {logging_mixin.py:188} INFO - Fetching page 7 of 9 for price category: dibawah 70 Juta
[2024-08-31T19:19:19.161+0700] {logging_mixin.py:188} INFO - Sleeping for 2.06 seconds...
[2024-08-31T19:19:21.227+0700] {logging_mixin.py:188} INFO - Fetching page 8 of 9 for price category: dibawah 70 Juta
[2024-08-31T19:19:22.442+0700] {logging_mixin.py:188} INFO - Sleeping for 2.97 seconds...
[2024-08-31T19:19:25.416+0700] {logging_mixin.py:188} INFO - Fetching page 9 of 9 for price category: dibawah 70 Juta
[2024-08-31T19:19:26.436+0700] {logging_mixin.py:188} INFO - Sleeping for 2.00 seconds...
[2024-08-31T19:19:28.444+0700] {logging_mixin.py:188} INFO - Data for price category dibawah 70 Juta written to /home/miracle/mobil/scrape/output/mobil123/2024-08-31/mobil123_dibawah 70 Juta_2024-08-31.csv
[2024-08-31T19:19:29.770+0700] {logging_mixin.py:188} INFO - Fetching page 1 of 18 for price category: dibawah 80 Juta
[2024-08-31T19:19:31.044+0700] {logging_mixin.py:188} INFO - Sleeping for 1.54 seconds...
[2024-08-31T19:19:32.591+0700] {logging_mixin.py:188} INFO - Fetching page 2 of 18 for price category: dibawah 80 Juta
[2024-08-31T19:19:33.759+0700] {logging_mixin.py:188} INFO - Sleeping for 1.92 seconds...
[2024-08-31T19:19:35.681+0700] {logging_mixin.py:188} INFO - Fetching page 3 of 18 for price category: dibawah 80 Juta
[2024-08-31T19:19:36.901+0700] {logging_mixin.py:188} INFO - Sleeping for 2.53 seconds...
[2024-08-31T19:19:39.435+0700] {logging_mixin.py:188} INFO - Fetching page 4 of 18 for price category: dibawah 80 Juta
[2024-08-31T19:19:41.363+0700] {logging_mixin.py:188} INFO - Sleeping for 2.86 seconds...
[2024-08-31T19:19:44.230+0700] {logging_mixin.py:188} INFO - Fetching page 5 of 18 for price category: dibawah 80 Juta
[2024-08-31T19:19:45.591+0700] {logging_mixin.py:188} INFO - Sleeping for 1.78 seconds...
[2024-08-31T19:19:47.375+0700] {logging_mixin.py:188} INFO - Fetching page 6 of 18 for price category: dibawah 80 Juta
[2024-08-31T19:19:48.644+0700] {logging_mixin.py:188} INFO - Sleeping for 1.84 seconds...
[2024-08-31T19:19:50.482+0700] {logging_mixin.py:188} INFO - Fetching page 7 of 18 for price category: dibawah 80 Juta
[2024-08-31T19:19:51.647+0700] {logging_mixin.py:188} INFO - Sleeping for 2.96 seconds...
[2024-08-31T19:19:54.606+0700] {logging_mixin.py:188} INFO - Fetching page 8 of 18 for price category: dibawah 80 Juta
[2024-08-31T19:19:56.181+0700] {logging_mixin.py:188} INFO - Sleeping for 2.33 seconds...
[2024-08-31T19:19:58.516+0700] {logging_mixin.py:188} INFO - Fetching page 9 of 18 for price category: dibawah 80 Juta
[2024-08-31T19:19:59.529+0700] {logging_mixin.py:188} INFO - Sleeping for 1.84 seconds...
[2024-08-31T19:20:01.375+0700] {logging_mixin.py:188} INFO - Fetching page 10 of 18 for price category: dibawah 80 Juta
[2024-08-31T19:20:02.685+0700] {logging_mixin.py:188} INFO - Sleeping for 2.66 seconds...
[2024-08-31T19:20:05.351+0700] {logging_mixin.py:188} INFO - Fetching page 11 of 18 for price category: dibawah 80 Juta
[2024-08-31T19:20:07.298+0700] {logging_mixin.py:188} INFO - Sleeping for 2.11 seconds...
[2024-08-31T19:20:09.406+0700] {logging_mixin.py:188} INFO - Fetching page 12 of 18 for price category: dibawah 80 Juta
[2024-08-31T19:20:10.614+0700] {logging_mixin.py:188} INFO - Sleeping for 2.81 seconds...
[2024-08-31T19:20:13.423+0700] {logging_mixin.py:188} INFO - Fetching page 13 of 18 for price category: dibawah 80 Juta
[2024-08-31T19:20:14.573+0700] {logging_mixin.py:188} INFO - Sleeping for 2.95 seconds...
[2024-08-31T19:20:17.531+0700] {logging_mixin.py:188} INFO - Fetching page 14 of 18 for price category: dibawah 80 Juta
[2024-08-31T19:20:18.612+0700] {logging_mixin.py:188} INFO - Sleeping for 2.43 seconds...
[2024-08-31T19:20:21.043+0700] {logging_mixin.py:188} INFO - Fetching page 15 of 18 for price category: dibawah 80 Juta
[2024-08-31T19:20:22.163+0700] {logging_mixin.py:188} INFO - Sleeping for 1.98 seconds...
[2024-08-31T19:20:24.149+0700] {logging_mixin.py:188} INFO - Fetching page 16 of 18 for price category: dibawah 80 Juta
[2024-08-31T19:20:25.272+0700] {logging_mixin.py:188} INFO - Sleeping for 2.81 seconds...
[2024-08-31T19:20:28.086+0700] {logging_mixin.py:188} INFO - Fetching page 17 of 18 for price category: dibawah 80 Juta
[2024-08-31T19:20:29.281+0700] {logging_mixin.py:188} INFO - Sleeping for 2.31 seconds...
[2024-08-31T19:20:31.591+0700] {logging_mixin.py:188} INFO - Fetching page 18 of 18 for price category: dibawah 80 Juta
[2024-08-31T19:20:32.717+0700] {logging_mixin.py:188} INFO - Sleeping for 2.48 seconds...
[2024-08-31T19:20:35.202+0700] {logging_mixin.py:188} INFO - Data for price category dibawah 80 Juta written to /home/miracle/mobil/scrape/output/mobil123/2024-08-31/mobil123_dibawah 80 Juta_2024-08-31.csv
[2024-08-31T19:20:36.242+0700] {logging_mixin.py:188} INFO - Fetching page 1 of 32 for price category: dibawah 90 Juta
[2024-08-31T19:20:37.496+0700] {logging_mixin.py:188} INFO - Sleeping for 1.71 seconds...
[2024-08-31T19:20:39.209+0700] {logging_mixin.py:188} INFO - Fetching page 2 of 32 for price category: dibawah 90 Juta
[2024-08-31T19:20:40.227+0700] {logging_mixin.py:188} INFO - Sleeping for 2.01 seconds...
[2024-08-31T19:20:42.242+0700] {logging_mixin.py:188} INFO - Fetching page 3 of 32 for price category: dibawah 90 Juta
[2024-08-31T19:20:43.649+0700] {logging_mixin.py:188} INFO - Sleeping for 1.58 seconds...
[2024-08-31T19:20:45.232+0700] {logging_mixin.py:188} INFO - Fetching page 4 of 32 for price category: dibawah 90 Juta
[2024-08-31T19:20:46.872+0700] {logging_mixin.py:188} INFO - Sleeping for 2.31 seconds...
[2024-08-31T19:20:49.185+0700] {logging_mixin.py:188} INFO - Fetching page 5 of 32 for price category: dibawah 90 Juta
[2024-08-31T19:20:50.444+0700] {logging_mixin.py:188} INFO - Sleeping for 2.85 seconds...
[2024-08-31T19:20:53.297+0700] {logging_mixin.py:188} INFO - Fetching page 6 of 32 for price category: dibawah 90 Juta
[2024-08-31T19:20:54.412+0700] {logging_mixin.py:188} INFO - Sleeping for 2.63 seconds...
[2024-08-31T19:20:57.041+0700] {logging_mixin.py:188} INFO - Fetching page 7 of 32 for price category: dibawah 90 Juta
[2024-08-31T19:20:58.105+0700] {logging_mixin.py:188} INFO - Sleeping for 2.25 seconds...
[2024-08-31T19:21:00.354+0700] {logging_mixin.py:188} INFO - Fetching page 8 of 32 for price category: dibawah 90 Juta
[2024-08-31T19:21:06.092+0700] {logging_mixin.py:188} INFO - Sleeping for 2.16 seconds...
[2024-08-31T19:21:08.255+0700] {logging_mixin.py:188} INFO - Fetching page 9 of 32 for price category: dibawah 90 Juta
[2024-08-31T19:21:09.342+0700] {logging_mixin.py:188} INFO - Sleeping for 2.84 seconds...
[2024-08-31T19:21:12.184+0700] {logging_mixin.py:188} INFO - Fetching page 10 of 32 for price category: dibawah 90 Juta
[2024-08-31T19:21:13.444+0700] {logging_mixin.py:188} INFO - Sleeping for 1.68 seconds...
[2024-08-31T19:21:15.131+0700] {logging_mixin.py:188} INFO - Fetching page 11 of 32 for price category: dibawah 90 Juta
[2024-08-31T19:21:16.258+0700] {logging_mixin.py:188} INFO - Sleeping for 2.26 seconds...
[2024-08-31T19:21:18.524+0700] {logging_mixin.py:188} INFO - Fetching page 12 of 32 for price category: dibawah 90 Juta
[2024-08-31T19:21:19.593+0700] {logging_mixin.py:188} INFO - Sleeping for 1.73 seconds...
[2024-08-31T19:21:21.330+0700] {logging_mixin.py:188} INFO - Fetching page 13 of 32 for price category: dibawah 90 Juta
[2024-08-31T19:21:22.424+0700] {logging_mixin.py:188} INFO - Sleeping for 1.54 seconds...
[2024-08-31T19:21:23.966+0700] {logging_mixin.py:188} INFO - Fetching page 14 of 32 for price category: dibawah 90 Juta
[2024-08-31T19:21:25.053+0700] {logging_mixin.py:188} INFO - Sleeping for 2.01 seconds...
[2024-08-31T19:21:27.067+0700] {logging_mixin.py:188} INFO - Fetching page 15 of 32 for price category: dibawah 90 Juta
[2024-08-31T19:21:28.241+0700] {logging_mixin.py:188} INFO - Sleeping for 2.65 seconds...
[2024-08-31T19:21:30.898+0700] {logging_mixin.py:188} INFO - Fetching page 16 of 32 for price category: dibawah 90 Juta
[2024-08-31T19:22:02.146+0700] {logging_mixin.py:188} INFO - Sleeping for 1.97 seconds...
[2024-08-31T19:22:04.114+0700] {logging_mixin.py:188} INFO - Fetching page 17 of 32 for price category: dibawah 90 Juta
[2024-08-31T19:22:05.439+0700] {logging_mixin.py:188} INFO - Sleeping for 2.92 seconds...
[2024-08-31T19:22:08.363+0700] {logging_mixin.py:188} INFO - Fetching page 18 of 32 for price category: dibawah 90 Juta
[2024-08-31T19:22:09.833+0700] {logging_mixin.py:188} INFO - Sleeping for 2.50 seconds...
[2024-08-31T19:22:12.337+0700] {logging_mixin.py:188} INFO - Fetching page 19 of 32 for price category: dibawah 90 Juta
[2024-08-31T19:22:14.257+0700] {logging_mixin.py:188} INFO - Sleeping for 2.55 seconds...
[2024-08-31T19:22:16.809+0700] {logging_mixin.py:188} INFO - Fetching page 20 of 32 for price category: dibawah 90 Juta
[2024-08-31T19:22:17.938+0700] {logging_mixin.py:188} INFO - Sleeping for 2.69 seconds...
[2024-08-31T19:22:20.634+0700] {logging_mixin.py:188} INFO - Fetching page 21 of 32 for price category: dibawah 90 Juta
[2024-08-31T19:22:22.440+0700] {logging_mixin.py:188} INFO - Sleeping for 1.65 seconds...
[2024-08-31T19:22:24.092+0700] {logging_mixin.py:188} INFO - Fetching page 22 of 32 for price category: dibawah 90 Juta
[2024-08-31T19:22:25.198+0700] {logging_mixin.py:188} INFO - Sleeping for 1.86 seconds...
[2024-08-31T19:22:27.060+0700] {logging_mixin.py:188} INFO - Fetching page 23 of 32 for price category: dibawah 90 Juta
[2024-08-31T19:22:28.477+0700] {logging_mixin.py:188} INFO - Sleeping for 2.19 seconds...
[2024-08-31T19:22:30.665+0700] {logging_mixin.py:188} INFO - Fetching page 24 of 32 for price category: dibawah 90 Juta
[2024-08-31T19:22:32.388+0700] {logging_mixin.py:188} INFO - Sleeping for 1.98 seconds...
[2024-08-31T19:22:34.370+0700] {logging_mixin.py:188} INFO - Fetching page 25 of 32 for price category: dibawah 90 Juta
[2024-08-31T19:22:36.559+0700] {logging_mixin.py:188} INFO - Sleeping for 2.27 seconds...
[2024-08-31T19:22:38.830+0700] {logging_mixin.py:188} INFO - Fetching page 26 of 32 for price category: dibawah 90 Juta
[2024-08-31T19:22:42.963+0700] {logging_mixin.py:188} INFO - Sleeping for 1.98 seconds...
[2024-08-31T19:22:44.949+0700] {logging_mixin.py:188} INFO - Fetching page 27 of 32 for price category: dibawah 90 Juta
[2024-08-31T19:22:51.864+0700] {logging_mixin.py:188} INFO - Sleeping for 2.93 seconds...
[2024-08-31T19:22:54.795+0700] {logging_mixin.py:188} INFO - Fetching page 28 of 32 for price category: dibawah 90 Juta
[2024-08-31T19:22:56.184+0700] {logging_mixin.py:188} INFO - Sleeping for 2.22 seconds...
[2024-08-31T19:22:58.410+0700] {logging_mixin.py:188} INFO - Fetching page 29 of 32 for price category: dibawah 90 Juta
[2024-08-31T19:23:01.877+0700] {logging_mixin.py:188} INFO - Sleeping for 2.52 seconds...
[2024-08-31T19:23:04.397+0700] {logging_mixin.py:188} INFO - Fetching page 30 of 32 for price category: dibawah 90 Juta
[2024-08-31T19:23:05.717+0700] {logging_mixin.py:188} INFO - Sleeping for 1.87 seconds...
[2024-08-31T19:23:07.585+0700] {logging_mixin.py:188} INFO - Fetching page 31 of 32 for price category: dibawah 90 Juta
[2024-08-31T19:23:09.282+0700] {logging_mixin.py:188} INFO - Sleeping for 1.63 seconds...
[2024-08-31T19:23:10.914+0700] {logging_mixin.py:188} INFO - Fetching page 32 of 32 for price category: dibawah 90 Juta
[2024-08-31T19:23:12.261+0700] {logging_mixin.py:188} INFO - Sleeping for 2.24 seconds...
[2024-08-31T19:23:14.511+0700] {logging_mixin.py:188} INFO - Data for price category dibawah 90 Juta written to /home/miracle/mobil/scrape/output/mobil123/2024-08-31/mobil123_dibawah 90 Juta_2024-08-31.csv
[2024-08-31T19:23:14.513+0700] {python.py:237} INFO - Done. Returned value was: None
[2024-08-31T19:23:14.514+0700] {taskinstance.py:441} INFO - ::group::Post task execution logs
[2024-08-31T19:23:14.526+0700] {taskinstance.py:1206} INFO - Marking task as SUCCESS. dag_id=scrap_mobil123, task_id=scrape_mobil123, run_id=scheduled__2024-08-30T00:00:00+00:00, execution_date=20240830T000000, start_date=20240831T121754, end_date=20240831T122314
[2024-08-31T19:23:14.587+0700] {local_task_job_runner.py:243} INFO - Task exited with return code 0
[2024-08-31T19:23:14.608+0700] {taskinstance.py:3503} INFO - 1 downstream tasks scheduled from follow-on schedule check
[2024-08-31T19:23:14.610+0700] {local_task_job_runner.py:222} INFO - ::endgroup::
