[2024-08-26T00:17:54.186+0700] {local_task_job_runner.py:120} INFO - ::group::Pre task execution logs
[2024-08-26T00:17:54.409+0700] {taskinstance.py:2076} INFO - Dependencies all met for dep_context=non-requeueable deps ti=<TaskInstance: scrap_mobil123.scrape_mobil123 scheduled__2024-08-15T00:00:00+00:00 [queued]>
[2024-08-26T00:17:54.426+0700] {taskinstance.py:2076} INFO - Dependencies all met for dep_context=requeueable deps ti=<TaskInstance: scrap_mobil123.scrape_mobil123 scheduled__2024-08-15T00:00:00+00:00 [queued]>
[2024-08-26T00:17:54.427+0700] {taskinstance.py:2306} INFO - Starting attempt 1 of 2
[2024-08-26T00:17:54.444+0700] {taskinstance.py:2330} INFO - Executing <Task(PythonOperator): scrape_mobil123> on 2024-08-15 00:00:00+00:00
[2024-08-26T00:17:54.447+0700] {standard_task_runner.py:64} INFO - Started process 15526 to run task
[2024-08-26T00:17:54.450+0700] {standard_task_runner.py:90} INFO - Running: ['***', 'tasks', 'run', 'scrap_mobil123', 'scrape_mobil123', 'scheduled__2024-08-15T00:00:00+00:00', '--job-id', '112', '--raw', '--subdir', 'DAGS_FOLDER/mobil123/scrap_mobil123.py', '--cfg-path', '/tmp/tmp6tp7sy8t']
[2024-08-26T00:17:54.453+0700] {standard_task_runner.py:91} INFO - Job 112: Subtask scrape_mobil123
[2024-08-26T00:17:54.517+0700] {task_command.py:426} INFO - Running <TaskInstance: scrap_mobil123.scrape_mobil123 scheduled__2024-08-15T00:00:00+00:00 [running]> on host BrightHorizons.
[2024-08-26T00:17:54.708+0700] {taskinstance.py:2648} INFO - Exporting env vars: AIRFLOW_CTX_DAG_OWNER='***' AIRFLOW_CTX_DAG_ID='scrap_mobil123' AIRFLOW_CTX_TASK_ID='scrape_mobil123' AIRFLOW_CTX_EXECUTION_DATE='2024-08-15T00:00:00+00:00' AIRFLOW_CTX_TRY_NUMBER='1' AIRFLOW_CTX_DAG_RUN_ID='scheduled__2024-08-15T00:00:00+00:00'
[2024-08-26T00:17:54.710+0700] {taskinstance.py:430} INFO - ::endgroup::
[2024-08-26T00:17:55.925+0700] {logging_mixin.py:188} INFO - Fetching page 1 of 2 for price category: dibawah 30 Juta
[2024-08-26T00:17:56.957+0700] {logging_mixin.py:188} INFO - Sleeping for 1.81 seconds...
[2024-08-26T00:17:58.770+0700] {logging_mixin.py:188} INFO - Fetching page 2 of 2 for price category: dibawah 30 Juta
[2024-08-26T00:17:59.842+0700] {logging_mixin.py:188} INFO - Sleeping for 2.72 seconds...
[2024-08-26T00:18:02.569+0700] {logging_mixin.py:188} INFO - Data for price category dibawah 30 Juta written to /home/miracle/mobil/scrape/output/mobil123/2024-08-26/mobil123_dibawah 30 Juta_2024-08-26.csv
[2024-08-26T00:18:04.363+0700] {logging_mixin.py:188} INFO - Fetching page 1 of 3 for price category: dibawah 40 Juta
[2024-08-26T00:18:05.632+0700] {logging_mixin.py:188} INFO - Sleeping for 1.58 seconds...
[2024-08-26T00:18:07.216+0700] {logging_mixin.py:188} INFO - Fetching page 2 of 3 for price category: dibawah 40 Juta
[2024-08-26T00:18:08.732+0700] {logging_mixin.py:188} INFO - Sleeping for 2.22 seconds...
[2024-08-26T00:18:10.957+0700] {logging_mixin.py:188} INFO - Fetching page 3 of 3 for price category: dibawah 40 Juta
[2024-08-26T00:18:11.880+0700] {logging_mixin.py:188} INFO - Sleeping for 1.98 seconds...
[2024-08-26T00:18:13.865+0700] {logging_mixin.py:188} INFO - Data for price category dibawah 40 Juta written to /home/miracle/mobil/scrape/output/mobil123/2024-08-26/mobil123_dibawah 40 Juta_2024-08-26.csv
[2024-08-26T00:18:15.020+0700] {logging_mixin.py:188} INFO - Fetching page 1 of 5 for price category: dibawah 50 Juta
[2024-08-26T00:18:16.456+0700] {logging_mixin.py:188} INFO - Sleeping for 1.74 seconds...
[2024-08-26T00:18:18.201+0700] {logging_mixin.py:188} INFO - Fetching page 2 of 5 for price category: dibawah 50 Juta
[2024-08-26T00:18:19.290+0700] {logging_mixin.py:188} INFO - Sleeping for 2.91 seconds...
[2024-08-26T00:18:22.200+0700] {logging_mixin.py:188} INFO - Fetching page 3 of 5 for price category: dibawah 50 Juta
[2024-08-26T00:18:24.986+0700] {logging_mixin.py:188} INFO - Sleeping for 1.92 seconds...
[2024-08-26T00:18:26.913+0700] {logging_mixin.py:188} INFO - Fetching page 4 of 5 for price category: dibawah 50 Juta
[2024-08-26T00:18:28.898+0700] {logging_mixin.py:188} INFO - Sleeping for 1.68 seconds...
[2024-08-26T00:18:30.578+0700] {logging_mixin.py:188} INFO - Fetching page 5 of 5 for price category: dibawah 50 Juta
[2024-08-26T00:18:31.213+0700] {logging_mixin.py:188} INFO - Sleeping for 1.69 seconds...
[2024-08-26T00:18:32.902+0700] {logging_mixin.py:188} INFO - Data for price category dibawah 50 Juta written to /home/miracle/mobil/scrape/output/mobil123/2024-08-26/mobil123_dibawah 50 Juta_2024-08-26.csv
[2024-08-26T00:18:34.272+0700] {logging_mixin.py:188} INFO - Fetching page 1 of 5 for price category: dibawah 60 Juta
[2024-08-26T00:18:37.655+0700] {logging_mixin.py:188} INFO - Sleeping for 2.53 seconds...
[2024-08-26T00:18:40.183+0700] {logging_mixin.py:188} INFO - Fetching page 2 of 5 for price category: dibawah 60 Juta
[2024-08-26T00:18:41.488+0700] {logging_mixin.py:188} INFO - Sleeping for 2.99 seconds...
[2024-08-26T00:18:44.478+0700] {logging_mixin.py:188} INFO - Fetching page 3 of 5 for price category: dibawah 60 Juta
[2024-08-26T00:18:45.538+0700] {logging_mixin.py:188} INFO - Sleeping for 1.59 seconds...
[2024-08-26T00:18:47.134+0700] {logging_mixin.py:188} INFO - Fetching page 4 of 5 for price category: dibawah 60 Juta
[2024-08-26T00:18:48.246+0700] {logging_mixin.py:188} INFO - Sleeping for 2.79 seconds...
[2024-08-26T00:18:51.034+0700] {logging_mixin.py:188} INFO - Fetching page 5 of 5 for price category: dibawah 60 Juta
[2024-08-26T00:18:52.083+0700] {logging_mixin.py:188} INFO - Sleeping for 2.97 seconds...
[2024-08-26T00:18:55.059+0700] {logging_mixin.py:188} INFO - Data for price category dibawah 60 Juta written to /home/miracle/mobil/scrape/output/mobil123/2024-08-26/mobil123_dibawah 60 Juta_2024-08-26.csv
[2024-08-26T00:18:55.999+0700] {logging_mixin.py:188} INFO - Fetching page 1 of 9 for price category: dibawah 70 Juta
[2024-08-26T00:18:57.161+0700] {logging_mixin.py:188} INFO - Sleeping for 1.54 seconds...
[2024-08-26T00:18:58.699+0700] {logging_mixin.py:188} INFO - Fetching page 2 of 9 for price category: dibawah 70 Juta
[2024-08-26T00:18:59.730+0700] {logging_mixin.py:188} INFO - Sleeping for 1.56 seconds...
[2024-08-26T00:19:01.290+0700] {logging_mixin.py:188} INFO - Fetching page 3 of 9 for price category: dibawah 70 Juta
[2024-08-26T00:19:03.153+0700] {logging_mixin.py:188} INFO - Sleeping for 2.44 seconds...
[2024-08-26T00:19:05.598+0700] {logging_mixin.py:188} INFO - Fetching page 4 of 9 for price category: dibawah 70 Juta
[2024-08-26T00:19:06.498+0700] {logging_mixin.py:188} INFO - Sleeping for 2.36 seconds...
[2024-08-26T00:19:08.856+0700] {logging_mixin.py:188} INFO - Fetching page 5 of 9 for price category: dibawah 70 Juta
[2024-08-26T00:19:10.182+0700] {logging_mixin.py:188} INFO - Sleeping for 2.76 seconds...
[2024-08-26T00:19:12.944+0700] {logging_mixin.py:188} INFO - Fetching page 6 of 9 for price category: dibawah 70 Juta
[2024-08-26T00:19:14.029+0700] {logging_mixin.py:188} INFO - Sleeping for 2.49 seconds...
[2024-08-26T00:19:16.525+0700] {logging_mixin.py:188} INFO - Fetching page 7 of 9 for price category: dibawah 70 Juta
[2024-08-26T00:19:17.432+0700] {logging_mixin.py:188} INFO - Sleeping for 2.77 seconds...
[2024-08-26T00:19:20.204+0700] {logging_mixin.py:188} INFO - Fetching page 8 of 9 for price category: dibawah 70 Juta
[2024-08-26T00:19:21.256+0700] {logging_mixin.py:188} INFO - Sleeping for 2.60 seconds...
[2024-08-26T00:19:23.864+0700] {logging_mixin.py:188} INFO - Fetching page 9 of 9 for price category: dibawah 70 Juta
[2024-08-26T00:19:24.745+0700] {logging_mixin.py:188} INFO - Sleeping for 2.47 seconds...
[2024-08-26T00:19:27.218+0700] {logging_mixin.py:188} INFO - Data for price category dibawah 70 Juta written to /home/miracle/mobil/scrape/output/mobil123/2024-08-26/mobil123_dibawah 70 Juta_2024-08-26.csv
[2024-08-26T00:19:28.478+0700] {logging_mixin.py:188} INFO - Fetching page 1 of 18 for price category: dibawah 80 Juta
[2024-08-26T00:19:29.644+0700] {logging_mixin.py:188} INFO - Sleeping for 1.81 seconds...
[2024-08-26T00:19:30.526+0700] {local_task_job_runner.py:313} WARNING - State of this instance has been externally set to success. Terminating instance.
[2024-08-26T00:19:30.526+0700] {local_task_job_runner.py:222} INFO - ::endgroup::
[2024-08-26T00:19:30.529+0700] {process_utils.py:132} INFO - Sending 15 to group 15526. PIDs of all processes in the group: [15526]
[2024-08-26T00:19:30.529+0700] {process_utils.py:87} INFO - Sending the signal 15 to group 15526
[2024-08-26T00:19:30.530+0700] {taskinstance.py:2611} ERROR - Received SIGTERM. Terminating subprocesses.
[2024-08-26T00:19:30.530+0700] {taskinstance.py:441} INFO - ::group::Post task execution logs
[2024-08-26T00:19:30.582+0700] {process_utils.py:80} INFO - Process psutil.Process(pid=15526, status='terminated', exitcode=0, started='00:17:54') (15526) terminated with exit code 0
