[2024-08-26T00:17:52.319+0700] {local_task_job_runner.py:120} INFO - ::group::Pre task execution logs
[2024-08-26T00:17:52.529+0700] {taskinstance.py:2076} INFO - Dependencies all met for dep_context=non-requeueable deps ti=<TaskInstance: scrap_mobil123.scrape_mobil123 scheduled__2024-08-06T00:00:00+00:00 [queued]>
[2024-08-26T00:17:52.543+0700] {taskinstance.py:2076} INFO - Dependencies all met for dep_context=requeueable deps ti=<TaskInstance: scrap_mobil123.scrape_mobil123 scheduled__2024-08-06T00:00:00+00:00 [queued]>
[2024-08-26T00:17:52.544+0700] {taskinstance.py:2306} INFO - Starting attempt 1 of 2
[2024-08-26T00:17:52.565+0700] {taskinstance.py:2330} INFO - Executing <Task(PythonOperator): scrape_mobil123> on 2024-08-06 00:00:00+00:00
[2024-08-26T00:17:52.571+0700] {standard_task_runner.py:64} INFO - Started process 15393 to run task
[2024-08-26T00:17:52.576+0700] {standard_task_runner.py:90} INFO - Running: ['***', 'tasks', 'run', 'scrap_mobil123', 'scrape_mobil123', 'scheduled__2024-08-06T00:00:00+00:00', '--job-id', '103', '--raw', '--subdir', 'DAGS_FOLDER/mobil123/scrap_mobil123.py', '--cfg-path', '/tmp/tmp8l2o41js']
[2024-08-26T00:17:52.579+0700] {standard_task_runner.py:91} INFO - Job 103: Subtask scrape_mobil123
[2024-08-26T00:17:52.650+0700] {task_command.py:426} INFO - Running <TaskInstance: scrap_mobil123.scrape_mobil123 scheduled__2024-08-06T00:00:00+00:00 [running]> on host BrightHorizons.
[2024-08-26T00:17:52.779+0700] {taskinstance.py:2648} INFO - Exporting env vars: AIRFLOW_CTX_DAG_OWNER='***' AIRFLOW_CTX_DAG_ID='scrap_mobil123' AIRFLOW_CTX_TASK_ID='scrape_mobil123' AIRFLOW_CTX_EXECUTION_DATE='2024-08-06T00:00:00+00:00' AIRFLOW_CTX_TRY_NUMBER='1' AIRFLOW_CTX_DAG_RUN_ID='scheduled__2024-08-06T00:00:00+00:00'
[2024-08-26T00:17:52.780+0700] {taskinstance.py:430} INFO - ::endgroup::
[2024-08-26T00:17:54.266+0700] {logging_mixin.py:188} INFO - Fetching page 1 of 2 for price category: dibawah 30 Juta
[2024-08-26T00:17:55.634+0700] {logging_mixin.py:188} INFO - Sleeping for 2.41 seconds...
[2024-08-26T00:17:58.043+0700] {logging_mixin.py:188} INFO - Fetching page 2 of 2 for price category: dibawah 30 Juta
[2024-08-26T00:17:59.632+0700] {logging_mixin.py:188} INFO - Sleeping for 2.19 seconds...
[2024-08-26T00:18:01.822+0700] {logging_mixin.py:188} INFO - Data for price category dibawah 30 Juta written to /home/miracle/mobil/scrape/output/mobil123/2024-08-26/mobil123_dibawah 30 Juta_2024-08-26.csv
[2024-08-26T00:18:03.305+0700] {logging_mixin.py:188} INFO - Fetching page 1 of 3 for price category: dibawah 40 Juta
[2024-08-26T00:18:04.432+0700] {logging_mixin.py:188} INFO - Sleeping for 2.19 seconds...
[2024-08-26T00:18:06.622+0700] {logging_mixin.py:188} INFO - Fetching page 2 of 3 for price category: dibawah 40 Juta
[2024-08-26T00:18:07.770+0700] {logging_mixin.py:188} INFO - Sleeping for 1.56 seconds...
[2024-08-26T00:18:09.336+0700] {logging_mixin.py:188} INFO - Fetching page 3 of 3 for price category: dibawah 40 Juta
[2024-08-26T00:18:11.215+0700] {logging_mixin.py:188} INFO - Sleeping for 2.84 seconds...
[2024-08-26T00:18:14.059+0700] {logging_mixin.py:188} INFO - Data for price category dibawah 40 Juta written to /home/miracle/mobil/scrape/output/mobil123/2024-08-26/mobil123_dibawah 40 Juta_2024-08-26.csv
[2024-08-26T00:18:15.349+0700] {logging_mixin.py:188} INFO - Fetching page 1 of 5 for price category: dibawah 50 Juta
[2024-08-26T00:18:16.568+0700] {logging_mixin.py:188} INFO - Sleeping for 2.85 seconds...
[2024-08-26T00:18:19.417+0700] {logging_mixin.py:188} INFO - Fetching page 2 of 5 for price category: dibawah 50 Juta
[2024-08-26T00:18:23.910+0700] {logging_mixin.py:188} INFO - Sleeping for 2.56 seconds...
[2024-08-26T00:18:26.477+0700] {logging_mixin.py:188} INFO - Fetching page 3 of 5 for price category: dibawah 50 Juta
[2024-08-26T00:18:27.782+0700] {logging_mixin.py:188} INFO - Sleeping for 2.99 seconds...
[2024-08-26T00:18:30.773+0700] {logging_mixin.py:188} INFO - Fetching page 4 of 5 for price category: dibawah 50 Juta
[2024-08-26T00:18:31.791+0700] {logging_mixin.py:188} INFO - Sleeping for 2.16 seconds...
[2024-08-26T00:18:33.955+0700] {logging_mixin.py:188} INFO - Fetching page 5 of 5 for price category: dibawah 50 Juta
[2024-08-26T00:18:36.446+0700] {logging_mixin.py:188} INFO - Sleeping for 2.43 seconds...
[2024-08-26T00:18:38.879+0700] {logging_mixin.py:188} INFO - Data for price category dibawah 50 Juta written to /home/miracle/mobil/scrape/output/mobil123/2024-08-26/mobil123_dibawah 50 Juta_2024-08-26.csv
[2024-08-26T00:18:40.035+0700] {logging_mixin.py:188} INFO - Fetching page 1 of 5 for price category: dibawah 60 Juta
[2024-08-26T00:18:41.104+0700] {logging_mixin.py:188} INFO - Sleeping for 2.38 seconds...
[2024-08-26T00:18:43.483+0700] {logging_mixin.py:188} INFO - Fetching page 2 of 5 for price category: dibawah 60 Juta
[2024-08-26T00:18:44.383+0700] {logging_mixin.py:188} INFO - Sleeping for 1.75 seconds...
[2024-08-26T00:18:46.135+0700] {logging_mixin.py:188} INFO - Fetching page 3 of 5 for price category: dibawah 60 Juta
[2024-08-26T00:18:47.193+0700] {logging_mixin.py:188} INFO - Sleeping for 2.50 seconds...
[2024-08-26T00:18:49.700+0700] {logging_mixin.py:188} INFO - Fetching page 4 of 5 for price category: dibawah 60 Juta
[2024-08-26T00:18:50.529+0700] {logging_mixin.py:188} INFO - Sleeping for 2.97 seconds...
[2024-08-26T00:18:53.504+0700] {logging_mixin.py:188} INFO - Fetching page 5 of 5 for price category: dibawah 60 Juta
[2024-08-26T00:18:54.685+0700] {logging_mixin.py:188} INFO - Sleeping for 2.74 seconds...
[2024-08-26T00:18:57.425+0700] {logging_mixin.py:188} INFO - Data for price category dibawah 60 Juta written to /home/miracle/mobil/scrape/output/mobil123/2024-08-26/mobil123_dibawah 60 Juta_2024-08-26.csv
[2024-08-26T00:18:58.388+0700] {logging_mixin.py:188} INFO - Fetching page 1 of 9 for price category: dibawah 70 Juta
[2024-08-26T00:18:59.613+0700] {logging_mixin.py:188} INFO - Sleeping for 1.74 seconds...
[2024-08-26T00:19:01.354+0700] {logging_mixin.py:188} INFO - Fetching page 2 of 9 for price category: dibawah 70 Juta
[2024-08-26T00:19:02.286+0700] {logging_mixin.py:188} INFO - Sleeping for 1.51 seconds...
[2024-08-26T00:19:03.367+0700] {local_task_job_runner.py:313} WARNING - State of this instance has been externally set to success. Terminating instance.
[2024-08-26T00:19:03.368+0700] {local_task_job_runner.py:222} INFO - ::endgroup::
[2024-08-26T00:19:03.371+0700] {process_utils.py:132} INFO - Sending 15 to group 15393. PIDs of all processes in the group: [15393]
[2024-08-26T00:19:03.371+0700] {process_utils.py:87} INFO - Sending the signal 15 to group 15393
[2024-08-26T00:19:03.372+0700] {taskinstance.py:2611} ERROR - Received SIGTERM. Terminating subprocesses.
[2024-08-26T00:19:03.372+0700] {taskinstance.py:441} INFO - ::group::Post task execution logs
[2024-08-26T00:19:03.424+0700] {process_utils.py:80} INFO - Process psutil.Process(pid=15393, status='terminated', exitcode=0, started='00:17:52') (15393) terminated with exit code 0
