[2024-08-26T00:17:52.812+0700] {local_task_job_runner.py:120} INFO - ::group::Pre task execution logs
[2024-08-26T00:17:52.999+0700] {taskinstance.py:2076} INFO - Dependencies all met for dep_context=non-requeueable deps ti=<TaskInstance: scrap_mobil123.scrape_mobil123 scheduled__2024-08-09T00:00:00+00:00 [queued]>
[2024-08-26T00:17:53.011+0700] {taskinstance.py:2076} INFO - Dependencies all met for dep_context=requeueable deps ti=<TaskInstance: scrap_mobil123.scrape_mobil123 scheduled__2024-08-09T00:00:00+00:00 [queued]>
[2024-08-26T00:17:53.011+0700] {taskinstance.py:2306} INFO - Starting attempt 1 of 2
[2024-08-26T00:17:53.088+0700] {taskinstance.py:2330} INFO - Executing <Task(PythonOperator): scrape_mobil123> on 2024-08-09 00:00:00+00:00
[2024-08-26T00:17:53.094+0700] {standard_task_runner.py:64} INFO - Started process 15439 to run task
[2024-08-26T00:17:53.099+0700] {standard_task_runner.py:90} INFO - Running: ['***', 'tasks', 'run', 'scrap_mobil123', 'scrape_mobil123', 'scheduled__2024-08-09T00:00:00+00:00', '--job-id', '106', '--raw', '--subdir', 'DAGS_FOLDER/mobil123/scrap_mobil123.py', '--cfg-path', '/tmp/tmpverfbjog']
[2024-08-26T00:17:53.102+0700] {standard_task_runner.py:91} INFO - Job 106: Subtask scrape_mobil123
[2024-08-26T00:17:53.189+0700] {task_command.py:426} INFO - Running <TaskInstance: scrap_mobil123.scrape_mobil123 scheduled__2024-08-09T00:00:00+00:00 [running]> on host BrightHorizons.
[2024-08-26T00:17:53.300+0700] {taskinstance.py:2648} INFO - Exporting env vars: AIRFLOW_CTX_DAG_OWNER='***' AIRFLOW_CTX_DAG_ID='scrap_mobil123' AIRFLOW_CTX_TASK_ID='scrape_mobil123' AIRFLOW_CTX_EXECUTION_DATE='2024-08-09T00:00:00+00:00' AIRFLOW_CTX_TRY_NUMBER='1' AIRFLOW_CTX_DAG_RUN_ID='scheduled__2024-08-09T00:00:00+00:00'
[2024-08-26T00:17:53.301+0700] {taskinstance.py:430} INFO - ::endgroup::
[2024-08-26T00:17:54.537+0700] {logging_mixin.py:188} INFO - Fetching page 1 of 2 for price category: dibawah 30 Juta
[2024-08-26T00:17:55.893+0700] {logging_mixin.py:188} INFO - Sleeping for 2.89 seconds...
[2024-08-26T00:17:58.791+0700] {logging_mixin.py:188} INFO - Fetching page 2 of 2 for price category: dibawah 30 Juta
[2024-08-26T00:17:59.879+0700] {logging_mixin.py:188} INFO - Sleeping for 2.73 seconds...
[2024-08-26T00:18:02.612+0700] {logging_mixin.py:188} INFO - Data for price category dibawah 30 Juta written to /home/miracle/mobil/scrape/output/mobil123/2024-08-26/mobil123_dibawah 30 Juta_2024-08-26.csv
[2024-08-26T00:18:04.354+0700] {logging_mixin.py:188} INFO - Fetching page 1 of 3 for price category: dibawah 40 Juta
[2024-08-26T00:18:05.273+0700] {logging_mixin.py:188} INFO - Sleeping for 2.75 seconds...
[2024-08-26T00:18:08.026+0700] {logging_mixin.py:188} INFO - Fetching page 2 of 3 for price category: dibawah 40 Juta
[2024-08-26T00:18:09.068+0700] {logging_mixin.py:188} INFO - Sleeping for 2.63 seconds...
[2024-08-26T00:18:11.705+0700] {logging_mixin.py:188} INFO - Fetching page 3 of 3 for price category: dibawah 40 Juta
[2024-08-26T00:18:12.813+0700] {logging_mixin.py:188} INFO - Sleeping for 1.70 seconds...
[2024-08-26T00:18:14.517+0700] {logging_mixin.py:188} INFO - Data for price category dibawah 40 Juta written to /home/miracle/mobil/scrape/output/mobil123/2024-08-26/mobil123_dibawah 40 Juta_2024-08-26.csv
[2024-08-26T00:18:15.813+0700] {logging_mixin.py:188} INFO - Fetching page 1 of 5 for price category: dibawah 50 Juta
[2024-08-26T00:18:17.156+0700] {logging_mixin.py:188} INFO - Sleeping for 1.91 seconds...
[2024-08-26T00:18:19.069+0700] {logging_mixin.py:188} INFO - Fetching page 2 of 5 for price category: dibawah 50 Juta
[2024-08-26T00:18:23.852+0700] {logging_mixin.py:188} INFO - Sleeping for 2.83 seconds...
[2024-08-26T00:18:26.690+0700] {logging_mixin.py:188} INFO - Fetching page 3 of 5 for price category: dibawah 50 Juta
[2024-08-26T00:18:29.027+0700] {logging_mixin.py:188} INFO - Sleeping for 1.58 seconds...
[2024-08-26T00:18:30.614+0700] {logging_mixin.py:188} INFO - Fetching page 4 of 5 for price category: dibawah 50 Juta
[2024-08-26T00:18:32.643+0700] {logging_mixin.py:188} INFO - Sleeping for 1.68 seconds...
[2024-08-26T00:18:34.324+0700] {logging_mixin.py:188} INFO - Fetching page 5 of 5 for price category: dibawah 50 Juta
[2024-08-26T00:18:36.066+0700] {logging_mixin.py:188} INFO - Sleeping for 1.81 seconds...
[2024-08-26T00:18:37.876+0700] {logging_mixin.py:188} INFO - Data for price category dibawah 50 Juta written to /home/miracle/mobil/scrape/output/mobil123/2024-08-26/mobil123_dibawah 50 Juta_2024-08-26.csv
[2024-08-26T00:18:39.245+0700] {logging_mixin.py:188} INFO - Fetching page 1 of 5 for price category: dibawah 60 Juta
[2024-08-26T00:18:40.547+0700] {logging_mixin.py:188} INFO - Sleeping for 2.00 seconds...
[2024-08-26T00:18:42.546+0700] {logging_mixin.py:188} INFO - Fetching page 2 of 5 for price category: dibawah 60 Juta
[2024-08-26T00:18:43.551+0700] {logging_mixin.py:188} INFO - Sleeping for 2.51 seconds...
[2024-08-26T00:18:46.066+0700] {logging_mixin.py:188} INFO - Fetching page 3 of 5 for price category: dibawah 60 Juta
[2024-08-26T00:18:47.042+0700] {logging_mixin.py:188} INFO - Sleeping for 1.80 seconds...
[2024-08-26T00:18:48.842+0700] {logging_mixin.py:188} INFO - Fetching page 4 of 5 for price category: dibawah 60 Juta
[2024-08-26T00:18:49.742+0700] {logging_mixin.py:188} INFO - Sleeping for 1.97 seconds...
[2024-08-26T00:18:51.712+0700] {logging_mixin.py:188} INFO - Fetching page 5 of 5 for price category: dibawah 60 Juta
[2024-08-26T00:18:52.746+0700] {logging_mixin.py:188} INFO - Sleeping for 1.72 seconds...
[2024-08-26T00:18:54.470+0700] {logging_mixin.py:188} INFO - Data for price category dibawah 60 Juta written to /home/miracle/mobil/scrape/output/mobil123/2024-08-26/mobil123_dibawah 60 Juta_2024-08-26.csv
[2024-08-26T00:18:55.475+0700] {logging_mixin.py:188} INFO - Fetching page 1 of 9 for price category: dibawah 70 Juta
[2024-08-26T00:18:56.552+0700] {logging_mixin.py:188} INFO - Sleeping for 1.60 seconds...
[2024-08-26T00:18:58.153+0700] {logging_mixin.py:188} INFO - Fetching page 2 of 9 for price category: dibawah 70 Juta
[2024-08-26T00:18:59.180+0700] {logging_mixin.py:188} INFO - Sleeping for 2.36 seconds...
[2024-08-26T00:19:01.538+0700] {logging_mixin.py:188} INFO - Fetching page 3 of 9 for price category: dibawah 70 Juta
[2024-08-26T00:19:03.142+0700] {logging_mixin.py:188} INFO - Sleeping for 2.86 seconds...
[2024-08-26T00:19:06.003+0700] {logging_mixin.py:188} INFO - Fetching page 4 of 9 for price category: dibawah 70 Juta
[2024-08-26T00:19:06.974+0700] {logging_mixin.py:188} INFO - Sleeping for 2.45 seconds...
[2024-08-26T00:19:08.937+0700] {local_task_job_runner.py:313} WARNING - State of this instance has been externally set to success. Terminating instance.
[2024-08-26T00:19:08.938+0700] {local_task_job_runner.py:222} INFO - ::endgroup::
[2024-08-26T00:19:08.941+0700] {process_utils.py:132} INFO - Sending 15 to group 15439. PIDs of all processes in the group: [15439]
[2024-08-26T00:19:08.941+0700] {process_utils.py:87} INFO - Sending the signal 15 to group 15439
[2024-08-26T00:19:08.941+0700] {taskinstance.py:2611} ERROR - Received SIGTERM. Terminating subprocesses.
[2024-08-26T00:19:08.942+0700] {taskinstance.py:441} INFO - ::group::Post task execution logs
[2024-08-26T00:19:08.994+0700] {process_utils.py:80} INFO - Process psutil.Process(pid=15439, status='terminated', exitcode=0, started='00:17:53') (15439) terminated with exit code 0
