[2024-08-19T22:28:23.780+0700] {local_task_job_runner.py:120} INFO - ::group::Pre task execution logs
[2024-08-19T22:28:23.926+0700] {taskinstance.py:2076} INFO - Dependencies all met for dep_context=non-requeueable deps ti=<TaskInstance: scrap_to_dag.scrape_oto scheduled__2024-08-14T00:00:00+00:00 [queued]>
[2024-08-19T22:28:23.938+0700] {taskinstance.py:2076} INFO - Dependencies all met for dep_context=requeueable deps ti=<TaskInstance: scrap_to_dag.scrape_oto scheduled__2024-08-14T00:00:00+00:00 [queued]>
[2024-08-19T22:28:23.939+0700] {taskinstance.py:2306} INFO - Starting attempt 2 of 2
[2024-08-19T22:28:23.955+0700] {taskinstance.py:2330} INFO - Executing <Task(PythonOperator): scrape_oto> on 2024-08-14 00:00:00+00:00
[2024-08-19T22:28:23.960+0700] {standard_task_runner.py:64} INFO - Started process 22245 to run task
[2024-08-19T22:28:23.965+0700] {standard_task_runner.py:90} INFO - Running: ['***', 'tasks', 'run', 'scrap_to_dag', 'scrape_oto', 'scheduled__2024-08-14T00:00:00+00:00', '--job-id', '36', '--raw', '--subdir', 'DAGS_FOLDER/oto/scrap_oto.py', '--cfg-path', '/tmp/tmpy2_y_55b']
[2024-08-19T22:28:23.967+0700] {standard_task_runner.py:91} INFO - Job 36: Subtask scrape_oto
[2024-08-19T22:28:24.044+0700] {task_command.py:426} INFO - Running <TaskInstance: scrap_to_dag.scrape_oto scheduled__2024-08-14T00:00:00+00:00 [running]> on host BrightHorizons.
[2024-08-19T22:28:24.186+0700] {taskinstance.py:2648} INFO - Exporting env vars: AIRFLOW_CTX_DAG_OWNER='***' AIRFLOW_CTX_DAG_ID='scrap_to_dag' AIRFLOW_CTX_TASK_ID='scrape_oto' AIRFLOW_CTX_EXECUTION_DATE='2024-08-14T00:00:00+00:00' AIRFLOW_CTX_TRY_NUMBER='2' AIRFLOW_CTX_DAG_RUN_ID='scheduled__2024-08-14T00:00:00+00:00'
[2024-08-19T22:28:24.187+0700] {taskinstance.py:430} INFO - ::endgroup::
[2024-08-19T22:28:24.205+0700] {logging_mixin.py:188} INFO - Fetching data for price category: dibawah-30-juta on date: 2024-08-19
[2024-08-19T22:28:24.649+0700] {logging_mixin.py:188} INFO - Fetching page 1 of 5 for price category: dibawah-30-juta
[2024-08-19T22:28:27.776+0700] {logging_mixin.py:188} INFO - Fetching page 2 of 5 for price category: dibawah-30-juta
[2024-08-19T22:28:29.908+0700] {logging_mixin.py:188} INFO - Fetching page 3 of 5 for price category: dibawah-30-juta
[2024-08-19T22:28:32.927+0700] {logging_mixin.py:188} INFO - Fetching page 4 of 5 for price category: dibawah-30-juta
[2024-08-19T22:28:34.590+0700] {logging_mixin.py:188} INFO - Fetching page 5 of 5 for price category: dibawah-30-juta
[2024-08-19T22:28:37.418+0700] {logging_mixin.py:188} INFO - Data for price category dibawah-30-juta written to /home/miracle/mobil/scrape/output/oto/2024-08-19/oto_car_dibawah_30_juta_2024-08-19.csv
[2024-08-19T22:28:37.418+0700] {logging_mixin.py:188} INFO - Fetching data for price category: dibawah-40-juta on date: 2024-08-19
[2024-08-19T22:28:37.804+0700] {logging_mixin.py:188} INFO - Fetching page 1 of 17 for price category: dibawah-40-juta
[2024-08-19T22:28:39.653+0700] {logging_mixin.py:188} INFO - Fetching page 2 of 17 for price category: dibawah-40-juta
[2024-08-19T22:28:41.272+0700] {logging_mixin.py:188} INFO - Fetching page 3 of 17 for price category: dibawah-40-juta
[2024-08-19T22:28:45.051+0700] {logging_mixin.py:188} INFO - Fetching page 4 of 17 for price category: dibawah-40-juta
[2024-08-19T22:28:49.454+0700] {logging_mixin.py:188} INFO - Fetching page 5 of 17 for price category: dibawah-40-juta
[2024-08-19T22:28:51.520+0700] {logging_mixin.py:188} INFO - Fetching page 6 of 17 for price category: dibawah-40-juta
[2024-08-19T22:28:57.057+0700] {logging_mixin.py:188} INFO - Fetching page 7 of 17 for price category: dibawah-40-juta
[2024-08-19T22:28:59.819+0700] {logging_mixin.py:188} INFO - Fetching page 8 of 17 for price category: dibawah-40-juta
[2024-08-19T22:29:03.274+0700] {logging_mixin.py:188} INFO - Fetching page 9 of 17 for price category: dibawah-40-juta
[2024-08-19T22:29:08.216+0700] {logging_mixin.py:188} INFO - Fetching page 10 of 17 for price category: dibawah-40-juta
[2024-08-19T22:29:11.133+0700] {logging_mixin.py:188} INFO - Fetching page 11 of 17 for price category: dibawah-40-juta
[2024-08-19T22:29:12.927+0700] {logging_mixin.py:188} INFO - Fetching page 12 of 17 for price category: dibawah-40-juta
[2024-08-19T22:29:14.478+0700] {local_task_job_runner.py:313} WARNING - State of this instance has been externally set to success. Terminating instance.
[2024-08-19T22:29:14.479+0700] {local_task_job_runner.py:222} INFO - ::endgroup::
[2024-08-19T22:29:14.484+0700] {process_utils.py:132} INFO - Sending 15 to group 22245. PIDs of all processes in the group: [22245]
[2024-08-19T22:29:14.485+0700] {process_utils.py:87} INFO - Sending the signal 15 to group 22245
[2024-08-19T22:29:14.485+0700] {taskinstance.py:2611} ERROR - Received SIGTERM. Terminating subprocesses.
[2024-08-19T22:29:14.486+0700] {taskinstance.py:441} INFO - ::group::Post task execution logs
[2024-08-19T22:29:14.537+0700] {process_utils.py:80} INFO - Process psutil.Process(pid=22245, status='terminated', exitcode=0, started='22:28:22') (22245) terminated with exit code 0
