[2024-08-15T07:00:01.511+0700] {local_task_job_runner.py:120} INFO - ::group::Pre task execution logs
[2024-08-15T07:00:02.283+0700] {taskinstance.py:2076} INFO - Dependencies all met for dep_context=non-requeueable deps ti=<TaskInstance: scrap_to_dag.scrape_oto scheduled__2024-08-14T00:00:00+00:00 [queued]>
[2024-08-15T07:00:02.292+0700] {taskinstance.py:2076} INFO - Dependencies all met for dep_context=requeueable deps ti=<TaskInstance: scrap_to_dag.scrape_oto scheduled__2024-08-14T00:00:00+00:00 [queued]>
[2024-08-15T07:00:02.293+0700] {taskinstance.py:2306} INFO - Starting attempt 1 of 2
[2024-08-15T07:00:02.312+0700] {taskinstance.py:2330} INFO - Executing <Task(PythonOperator): scrape_oto> on 2024-08-14 00:00:00+00:00
[2024-08-15T07:00:02.316+0700] {standard_task_runner.py:64} INFO - Started process 169518 to run task
[2024-08-15T07:00:02.319+0700] {standard_task_runner.py:90} INFO - Running: ['***', 'tasks', 'run', 'scrap_to_dag', 'scrape_oto', 'scheduled__2024-08-14T00:00:00+00:00', '--job-id', '33', '--raw', '--subdir', 'DAGS_FOLDER/oto/scrap_oto.py', '--cfg-path', '/tmp/tmp3402amuu']
[2024-08-15T07:00:02.321+0700] {standard_task_runner.py:91} INFO - Job 33: Subtask scrape_oto
[2024-08-15T07:00:02.397+0700] {task_command.py:426} INFO - Running <TaskInstance: scrap_to_dag.scrape_oto scheduled__2024-08-14T00:00:00+00:00 [running]> on host BrightHorizons.
[2024-08-15T07:00:02.527+0700] {taskinstance.py:2648} INFO - Exporting env vars: AIRFLOW_CTX_DAG_OWNER='***' AIRFLOW_CTX_DAG_ID='scrap_to_dag' AIRFLOW_CTX_TASK_ID='scrape_oto' AIRFLOW_CTX_EXECUTION_DATE='2024-08-14T00:00:00+00:00' AIRFLOW_CTX_TRY_NUMBER='1' AIRFLOW_CTX_DAG_RUN_ID='scheduled__2024-08-14T00:00:00+00:00'
[2024-08-15T07:00:02.528+0700] {taskinstance.py:430} INFO - ::endgroup::
[2024-08-15T07:00:02.556+0700] {logging_mixin.py:188} INFO - Fetching data for price category: dibawah-30-juta on date: 2024-08-15
[2024-08-15T07:00:03.089+0700] {logging_mixin.py:188} INFO - Fetching page 1 of 5 for price category: dibawah-30-juta
[2024-08-15T07:00:06.846+0700] {logging_mixin.py:188} INFO - Fetching page 2 of 5 for price category: dibawah-30-juta
[2024-08-15T07:00:10.666+0700] {logging_mixin.py:188} INFO - Fetching page 3 of 5 for price category: dibawah-30-juta
[2024-08-15T07:00:13.197+0700] {logging_mixin.py:188} INFO - Fetching page 4 of 5 for price category: dibawah-30-juta
[2024-08-15T07:00:16.413+0700] {logging_mixin.py:188} INFO - Fetching page 5 of 5 for price category: dibawah-30-juta
[2024-08-15T07:00:21.266+0700] {logging_mixin.py:188} INFO - Data for price category dibawah-30-juta written to /home/miracle/mobil/scrape/output/oto/2024-08-15/oto_car_dibawah_30_juta_2024-08-15.csv
[2024-08-15T07:00:21.266+0700] {logging_mixin.py:188} INFO - Fetching data for price category: dibawah-40-juta on date: 2024-08-15
[2024-08-15T07:00:22.197+0700] {logging_mixin.py:188} INFO - Fetching page 1 of 17 for price category: dibawah-40-juta
[2024-08-15T07:00:25.874+0700] {logging_mixin.py:188} INFO - Fetching page 2 of 17 for price category: dibawah-40-juta
[2024-08-15T07:00:30.339+0700] {logging_mixin.py:188} INFO - Fetching page 3 of 17 for price category: dibawah-40-juta
[2024-08-15T07:00:34.559+0700] {logging_mixin.py:188} INFO - Fetching page 4 of 17 for price category: dibawah-40-juta
[2024-08-15T07:00:40.125+0700] {logging_mixin.py:188} INFO - Fetching page 5 of 17 for price category: dibawah-40-juta
[2024-08-15T07:00:43.495+0700] {logging_mixin.py:188} INFO - Fetching page 6 of 17 for price category: dibawah-40-juta
[2024-08-15T07:00:45.174+0700] {logging_mixin.py:188} INFO - Fetching page 7 of 17 for price category: dibawah-40-juta
[2024-08-15T07:00:48.635+0700] {logging_mixin.py:188} INFO - Fetching page 8 of 17 for price category: dibawah-40-juta
[2024-08-15T07:00:53.227+0700] {logging_mixin.py:188} INFO - Fetching page 9 of 17 for price category: dibawah-40-juta
[2024-08-15T07:00:55.602+0700] {logging_mixin.py:188} INFO - Fetching page 10 of 17 for price category: dibawah-40-juta
[2024-08-15T07:00:58.213+0700] {logging_mixin.py:188} INFO - Fetching page 11 of 17 for price category: dibawah-40-juta
[2024-08-15T07:01:00.472+0700] {logging_mixin.py:188} INFO - Fetching page 12 of 17 for price category: dibawah-40-juta
[2024-08-15T07:01:03.058+0700] {logging_mixin.py:188} INFO - Fetching page 13 of 17 for price category: dibawah-40-juta
[2024-08-15T07:01:05.755+0700] {logging_mixin.py:188} INFO - Fetching page 14 of 17 for price category: dibawah-40-juta
[2024-08-15T07:01:11.915+0700] {logging_mixin.py:188} INFO - Fetching page 15 of 17 for price category: dibawah-40-juta
[2024-08-15T07:01:14.053+0700] {logging_mixin.py:188} INFO - Fetching page 16 of 17 for price category: dibawah-40-juta
[2024-08-15T07:01:15.810+0700] {logging_mixin.py:188} INFO - Fetching page 17 of 17 for price category: dibawah-40-juta
[2024-08-15T07:01:21.098+0700] {logging_mixin.py:188} INFO - Data for price category dibawah-40-juta written to /home/miracle/mobil/scrape/output/oto/2024-08-15/oto_car_dibawah_40_juta_2024-08-15.csv
[2024-08-15T07:01:21.098+0700] {logging_mixin.py:188} INFO - Fetching data for price category: dibawah-50-juta on date: 2024-08-15
[2024-08-15T07:01:21.481+0700] {logging_mixin.py:188} INFO - Fetching page 1 of 49 for price category: dibawah-50-juta
[2024-08-15T07:01:23.066+0700] {logging_mixin.py:188} INFO - Fetching page 2 of 49 for price category: dibawah-50-juta
[2024-08-15T07:01:24.949+0700] {logging_mixin.py:188} INFO - Fetching page 3 of 49 for price category: dibawah-50-juta
[2024-08-15T07:01:27.140+0700] {logging_mixin.py:188} INFO - Fetching page 4 of 49 for price category: dibawah-50-juta
[2024-08-15T07:01:28.619+0700] {logging_mixin.py:188} INFO - Fetching page 5 of 49 for price category: dibawah-50-juta
[2024-08-15T07:01:32.499+0700] {logging_mixin.py:188} INFO - Fetching page 6 of 49 for price category: dibawah-50-juta
[2024-08-15T07:01:35.285+0700] {logging_mixin.py:188} INFO - Fetching page 7 of 49 for price category: dibawah-50-juta
[2024-08-15T07:01:39.494+0700] {logging_mixin.py:188} INFO - Fetching page 8 of 49 for price category: dibawah-50-juta
[2024-08-15T07:01:42.609+0700] {logging_mixin.py:188} INFO - Fetching page 9 of 49 for price category: dibawah-50-juta
[2024-08-15T07:01:45.945+0700] {logging_mixin.py:188} INFO - Fetching page 10 of 49 for price category: dibawah-50-juta
[2024-08-15T07:01:49.279+0700] {logging_mixin.py:188} INFO - Fetching page 11 of 49 for price category: dibawah-50-juta
[2024-08-15T07:01:50.878+0700] {logging_mixin.py:188} INFO - Fetching page 12 of 49 for price category: dibawah-50-juta
[2024-08-15T07:01:56.195+0700] {logging_mixin.py:188} INFO - Fetching page 13 of 49 for price category: dibawah-50-juta
[2024-08-15T07:02:01.592+0700] {logging_mixin.py:188} INFO - Fetching page 14 of 49 for price category: dibawah-50-juta
[2024-08-15T07:02:06.734+0700] {logging_mixin.py:188} INFO - Fetching page 15 of 49 for price category: dibawah-50-juta
[2024-08-15T07:02:11.349+0700] {logging_mixin.py:188} INFO - Fetching page 16 of 49 for price category: dibawah-50-juta
[2024-08-15T07:02:13.818+0700] {logging_mixin.py:188} INFO - Fetching page 17 of 49 for price category: dibawah-50-juta
[2024-08-15T07:02:16.801+0700] {logging_mixin.py:188} INFO - Fetching page 18 of 49 for price category: dibawah-50-juta
[2024-08-15T07:02:18.436+0700] {logging_mixin.py:188} INFO - Fetching page 19 of 49 for price category: dibawah-50-juta
[2024-08-15T07:02:22.995+0700] {logging_mixin.py:188} INFO - Fetching page 20 of 49 for price category: dibawah-50-juta
[2024-08-15T07:02:26.986+0700] {logging_mixin.py:188} INFO - Fetching page 21 of 49 for price category: dibawah-50-juta
[2024-08-15T07:02:30.744+0700] {logging_mixin.py:188} INFO - Fetching page 22 of 49 for price category: dibawah-50-juta
[2024-08-15T07:02:32.706+0700] {logging_mixin.py:188} INFO - Fetching page 23 of 49 for price category: dibawah-50-juta
[2024-08-15T07:02:37.552+0700] {logging_mixin.py:188} INFO - Fetching page 24 of 49 for price category: dibawah-50-juta
[2024-08-15T07:02:40.070+0700] {logging_mixin.py:188} INFO - Fetching page 25 of 49 for price category: dibawah-50-juta
[2024-08-15T07:02:42.732+0700] {logging_mixin.py:188} INFO - Fetching page 26 of 49 for price category: dibawah-50-juta
[2024-08-15T07:02:46.599+0700] {logging_mixin.py:188} INFO - Fetching page 27 of 49 for price category: dibawah-50-juta
[2024-08-15T07:02:49.621+0700] {logging_mixin.py:188} INFO - Fetching page 28 of 49 for price category: dibawah-50-juta
[2024-08-15T07:02:51.997+0700] {logging_mixin.py:188} INFO - Fetching page 29 of 49 for price category: dibawah-50-juta
[2024-08-15T07:02:55.765+0700] {logging_mixin.py:188} INFO - Fetching page 30 of 49 for price category: dibawah-50-juta
[2024-08-15T07:02:59.272+0700] {logging_mixin.py:188} INFO - Fetching page 31 of 49 for price category: dibawah-50-juta
[2024-08-15T07:03:02.620+0700] {logging_mixin.py:188} INFO - Fetching page 32 of 49 for price category: dibawah-50-juta
[2024-08-15T07:03:06.002+0700] {logging_mixin.py:188} INFO - Fetching page 33 of 49 for price category: dibawah-50-juta
[2024-08-15T07:03:10.100+0700] {logging_mixin.py:188} INFO - Fetching page 34 of 49 for price category: dibawah-50-juta
[2024-08-15T07:03:15.081+0700] {logging_mixin.py:188} INFO - Fetching page 35 of 49 for price category: dibawah-50-juta
[2024-08-15T07:03:17.325+0700] {logging_mixin.py:188} INFO - Fetching page 36 of 49 for price category: dibawah-50-juta
[2024-08-15T07:03:20.983+0700] {logging_mixin.py:188} INFO - Fetching page 37 of 49 for price category: dibawah-50-juta
[2024-08-15T07:03:23.628+0700] {logging_mixin.py:188} INFO - Fetching page 38 of 49 for price category: dibawah-50-juta
[2024-08-15T07:03:27.869+0700] {logging_mixin.py:188} INFO - Fetching page 39 of 49 for price category: dibawah-50-juta
[2024-08-15T07:03:29.798+0700] {logging_mixin.py:188} INFO - Fetching page 40 of 49 for price category: dibawah-50-juta
[2024-08-15T07:03:34.236+0700] {logging_mixin.py:188} INFO - Fetching page 41 of 49 for price category: dibawah-50-juta
[2024-08-15T07:03:39.351+0700] {logging_mixin.py:188} INFO - Fetching page 42 of 49 for price category: dibawah-50-juta
[2024-08-15T07:03:41.167+0700] {logging_mixin.py:188} INFO - Fetching page 43 of 49 for price category: dibawah-50-juta
[2024-08-15T07:03:44.645+0700] {logging_mixin.py:188} INFO - Fetching page 44 of 49 for price category: dibawah-50-juta
[2024-08-15T07:03:49.327+0700] {logging_mixin.py:188} INFO - Fetching page 45 of 49 for price category: dibawah-50-juta
[2024-08-15T07:03:53.186+0700] {logging_mixin.py:188} INFO - Fetching page 46 of 49 for price category: dibawah-50-juta
[2024-08-15T07:03:54.869+0700] {logging_mixin.py:188} INFO - Fetching page 47 of 49 for price category: dibawah-50-juta
[2024-08-15T07:03:59.066+0700] {logging_mixin.py:188} INFO - Fetching page 48 of 49 for price category: dibawah-50-juta
[2024-08-15T07:04:02.774+0700] {logging_mixin.py:188} INFO - Fetching page 49 of 49 for price category: dibawah-50-juta
[2024-08-15T07:04:06.403+0700] {logging_mixin.py:188} INFO - Data for price category dibawah-50-juta written to /home/miracle/mobil/scrape/output/oto/2024-08-15/oto_car_dibawah_50_juta_2024-08-15.csv
[2024-08-15T07:04:06.404+0700] {logging_mixin.py:188} INFO - Fetching data for price category: dibawah-60-juta on date: 2024-08-15
[2024-08-15T07:04:06.788+0700] {logging_mixin.py:188} INFO - Fetching page 1 of 131 for price category: dibawah-60-juta
[2024-08-15T07:04:10.487+0700] {logging_mixin.py:188} INFO - Fetching page 2 of 131 for price category: dibawah-60-juta
[2024-08-15T07:04:14.343+0700] {logging_mixin.py:188} INFO - Fetching page 3 of 131 for price category: dibawah-60-juta
[2024-08-15T07:04:17.387+0700] {logging_mixin.py:188} INFO - Fetching page 4 of 131 for price category: dibawah-60-juta
[2024-08-15T07:04:20.475+0700] {logging_mixin.py:188} INFO - Fetching page 5 of 131 for price category: dibawah-60-juta
[2024-08-15T07:04:24.964+0700] {logging_mixin.py:188} INFO - Fetching page 6 of 131 for price category: dibawah-60-juta
[2024-08-15T07:04:29.100+0700] {logging_mixin.py:188} INFO - Fetching page 7 of 131 for price category: dibawah-60-juta
[2024-08-15T07:04:34.447+0700] {logging_mixin.py:188} INFO - Fetching page 8 of 131 for price category: dibawah-60-juta
[2024-08-15T07:04:38.571+0700] {logging_mixin.py:188} INFO - Fetching page 9 of 131 for price category: dibawah-60-juta
[2024-08-15T07:04:43.984+0700] {logging_mixin.py:188} INFO - Fetching page 10 of 131 for price category: dibawah-60-juta
[2024-08-15T07:04:45.913+0700] {logging_mixin.py:188} INFO - Fetching page 11 of 131 for price category: dibawah-60-juta
[2024-08-15T07:04:50.738+0700] {logging_mixin.py:188} INFO - Fetching page 12 of 131 for price category: dibawah-60-juta
[2024-08-15T07:04:55.437+0700] {logging_mixin.py:188} INFO - Fetching page 13 of 131 for price category: dibawah-60-juta
[2024-08-15T07:04:58.878+0700] {logging_mixin.py:188} INFO - Fetching page 14 of 131 for price category: dibawah-60-juta
[2024-08-15T07:05:04.422+0700] {logging_mixin.py:188} INFO - Fetching page 15 of 131 for price category: dibawah-60-juta
[2024-08-15T07:05:08.514+0700] {logging_mixin.py:188} INFO - Fetching page 16 of 131 for price category: dibawah-60-juta
[2024-08-15T07:05:12.976+0700] {logging_mixin.py:188} INFO - Fetching page 17 of 131 for price category: dibawah-60-juta
[2024-08-15T07:05:16.466+0700] {logging_mixin.py:188} INFO - Fetching page 18 of 131 for price category: dibawah-60-juta
[2024-08-15T07:05:20.781+0700] {logging_mixin.py:188} INFO - Fetching page 19 of 131 for price category: dibawah-60-juta
[2024-08-15T07:05:24.139+0700] {logging_mixin.py:188} INFO - Fetching page 20 of 131 for price category: dibawah-60-juta
[2024-08-15T07:05:26.554+0700] {logging_mixin.py:188} INFO - Fetching page 21 of 131 for price category: dibawah-60-juta
[2024-08-15T07:05:28.819+0700] {logging_mixin.py:188} INFO - Fetching page 22 of 131 for price category: dibawah-60-juta
[2024-08-15T07:05:31.977+0700] {logging_mixin.py:188} INFO - Fetching page 23 of 131 for price category: dibawah-60-juta
[2024-08-15T07:05:34.285+0700] {logging_mixin.py:188} INFO - Fetching page 24 of 131 for price category: dibawah-60-juta
[2024-08-15T07:05:39.420+0700] {logging_mixin.py:188} INFO - Fetching page 25 of 131 for price category: dibawah-60-juta
[2024-08-15T07:05:44.087+0700] {logging_mixin.py:188} INFO - Fetching page 26 of 131 for price category: dibawah-60-juta
[2024-08-15T07:05:49.626+0700] {logging_mixin.py:188} INFO - Fetching page 27 of 131 for price category: dibawah-60-juta
[2024-08-15T07:05:53.568+0700] {logging_mixin.py:188} INFO - Fetching page 28 of 131 for price category: dibawah-60-juta
[2024-08-15T07:05:58.764+0700] {logging_mixin.py:188} INFO - Fetching page 29 of 131 for price category: dibawah-60-juta
[2024-08-15T07:06:03.614+0700] {logging_mixin.py:188} INFO - Fetching page 30 of 131 for price category: dibawah-60-juta
[2024-08-15T07:06:06.327+0700] {logging_mixin.py:188} INFO - Fetching page 31 of 131 for price category: dibawah-60-juta
[2024-08-15T07:06:09.334+0700] {logging_mixin.py:188} INFO - Fetching page 32 of 131 for price category: dibawah-60-juta
[2024-08-15T07:06:14.666+0700] {logging_mixin.py:188} INFO - Fetching page 33 of 131 for price category: dibawah-60-juta
[2024-08-15T07:06:17.914+0700] {logging_mixin.py:188} INFO - Fetching page 34 of 131 for price category: dibawah-60-juta
[2024-08-15T07:06:20.091+0700] {logging_mixin.py:188} INFO - Fetching page 35 of 131 for price category: dibawah-60-juta
[2024-08-15T07:06:22.351+0700] {logging_mixin.py:188} INFO - Fetching page 36 of 131 for price category: dibawah-60-juta
[2024-08-15T07:06:24.182+0700] {logging_mixin.py:188} INFO - Fetching page 37 of 131 for price category: dibawah-60-juta
[2024-08-15T07:06:26.341+0700] {logging_mixin.py:188} INFO - Fetching page 38 of 131 for price category: dibawah-60-juta
[2024-08-15T07:06:31.317+0700] {logging_mixin.py:188} INFO - Fetching page 39 of 131 for price category: dibawah-60-juta
[2024-08-15T07:06:36.020+0700] {logging_mixin.py:188} INFO - Fetching page 40 of 131 for price category: dibawah-60-juta
[2024-08-15T07:06:38.796+0700] {logging_mixin.py:188} INFO - Fetching page 41 of 131 for price category: dibawah-60-juta
[2024-08-15T07:06:40.681+0700] {logging_mixin.py:188} INFO - Fetching page 42 of 131 for price category: dibawah-60-juta
[2024-08-15T07:06:42.576+0700] {logging_mixin.py:188} INFO - Fetching page 43 of 131 for price category: dibawah-60-juta
[2024-08-15T07:06:47.381+0700] {logging_mixin.py:188} INFO - Fetching page 44 of 131 for price category: dibawah-60-juta
[2024-08-15T07:06:50.635+0700] {logging_mixin.py:188} INFO - Fetching page 45 of 131 for price category: dibawah-60-juta
[2024-08-15T07:06:54.237+0700] {logging_mixin.py:188} INFO - Fetching page 46 of 131 for price category: dibawah-60-juta
[2024-08-15T07:06:56.741+0700] {logging_mixin.py:188} INFO - Fetching page 47 of 131 for price category: dibawah-60-juta
[2024-08-15T07:07:01.378+0700] {logging_mixin.py:188} INFO - Fetching page 48 of 131 for price category: dibawah-60-juta
[2024-08-15T07:07:05.500+0700] {logging_mixin.py:188} INFO - Fetching page 49 of 131 for price category: dibawah-60-juta
[2024-08-15T07:07:09.534+0700] {logging_mixin.py:188} INFO - Fetching page 50 of 131 for price category: dibawah-60-juta
[2024-08-15T07:07:11.776+0700] {logging_mixin.py:188} INFO - Fetching page 51 of 131 for price category: dibawah-60-juta
[2024-08-15T07:07:15.688+0700] {logging_mixin.py:188} INFO - Fetching page 52 of 131 for price category: dibawah-60-juta
[2024-08-15T07:07:19.308+0700] {logging_mixin.py:188} INFO - Fetching page 53 of 131 for price category: dibawah-60-juta
[2024-08-15T07:07:21.237+0700] {logging_mixin.py:188} INFO - Fetching page 54 of 131 for price category: dibawah-60-juta
[2024-08-15T07:07:24.001+0700] {logging_mixin.py:188} INFO - Fetching page 55 of 131 for price category: dibawah-60-juta
[2024-08-15T07:07:26.228+0700] {logging_mixin.py:188} INFO - Fetching page 56 of 131 for price category: dibawah-60-juta
[2024-08-15T07:07:30.492+0700] {logging_mixin.py:188} INFO - Fetching page 57 of 131 for price category: dibawah-60-juta
[2024-08-15T07:07:34.079+0700] {logging_mixin.py:188} INFO - Fetching page 58 of 131 for price category: dibawah-60-juta
[2024-08-15T07:07:38.893+0700] {logging_mixin.py:188} INFO - Fetching page 59 of 131 for price category: dibawah-60-juta
[2024-08-15T07:07:41.611+0700] {logging_mixin.py:188} INFO - Fetching page 60 of 131 for price category: dibawah-60-juta
[2024-08-15T07:07:46.761+0700] {logging_mixin.py:188} INFO - Fetching page 61 of 131 for price category: dibawah-60-juta
[2024-08-15T07:07:48.710+0700] {logging_mixin.py:188} INFO - Fetching page 62 of 131 for price category: dibawah-60-juta
[2024-08-15T07:07:50.511+0700] {logging_mixin.py:188} INFO - Fetching page 63 of 131 for price category: dibawah-60-juta
[2024-08-15T07:07:54.588+0700] {logging_mixin.py:188} INFO - Fetching page 64 of 131 for price category: dibawah-60-juta
[2024-08-15T07:07:59.774+0700] {logging_mixin.py:188} INFO - Fetching page 65 of 131 for price category: dibawah-60-juta
[2024-08-15T07:08:03.975+0700] {logging_mixin.py:188} INFO - Fetching page 66 of 131 for price category: dibawah-60-juta
[2024-08-15T07:08:06.480+0700] {logging_mixin.py:188} INFO - Fetching page 67 of 131 for price category: dibawah-60-juta
[2024-08-15T07:08:10.277+0700] {logging_mixin.py:188} INFO - Fetching page 68 of 131 for price category: dibawah-60-juta
[2024-08-15T07:08:13.273+0700] {logging_mixin.py:188} INFO - Fetching page 69 of 131 for price category: dibawah-60-juta
[2024-08-15T07:08:16.525+0700] {logging_mixin.py:188} INFO - Fetching page 70 of 131 for price category: dibawah-60-juta
[2024-08-15T07:08:21.206+0700] {logging_mixin.py:188} INFO - Fetching page 71 of 131 for price category: dibawah-60-juta
[2024-08-15T07:08:26.269+0700] {logging_mixin.py:188} INFO - Fetching page 72 of 131 for price category: dibawah-60-juta
[2024-08-15T07:08:28.442+0700] {logging_mixin.py:188} INFO - Fetching page 73 of 131 for price category: dibawah-60-juta
[2024-08-15T07:08:31.313+0700] {logging_mixin.py:188} INFO - Fetching page 74 of 131 for price category: dibawah-60-juta
[2024-08-15T07:08:36.225+0700] {logging_mixin.py:188} INFO - Fetching page 75 of 131 for price category: dibawah-60-juta
[2024-08-15T07:08:41.219+0700] {logging_mixin.py:188} INFO - Fetching page 76 of 131 for price category: dibawah-60-juta
[2024-08-15T07:08:43.754+0700] {logging_mixin.py:188} INFO - Fetching page 77 of 131 for price category: dibawah-60-juta
[2024-08-15T07:08:48.181+0700] {logging_mixin.py:188} INFO - Fetching page 78 of 131 for price category: dibawah-60-juta
[2024-08-15T07:08:51.311+0700] {logging_mixin.py:188} INFO - Fetching page 79 of 131 for price category: dibawah-60-juta
[2024-08-15T07:08:55.269+0700] {logging_mixin.py:188} INFO - Fetching page 80 of 131 for price category: dibawah-60-juta
[2024-08-15T07:08:58.704+0700] {logging_mixin.py:188} INFO - Fetching page 81 of 131 for price category: dibawah-60-juta
[2024-08-15T07:09:00.825+0700] {logging_mixin.py:188} INFO - Fetching page 82 of 131 for price category: dibawah-60-juta
[2024-08-15T07:09:04.094+0700] {logging_mixin.py:188} INFO - Fetching page 83 of 131 for price category: dibawah-60-juta
[2024-08-15T07:09:08.273+0700] {logging_mixin.py:188} INFO - Fetching page 84 of 131 for price category: dibawah-60-juta
[2024-08-15T07:09:11.189+0700] {logging_mixin.py:188} INFO - Fetching page 85 of 131 for price category: dibawah-60-juta
[2024-08-15T07:09:13.683+0700] {logging_mixin.py:188} INFO - Fetching page 86 of 131 for price category: dibawah-60-juta
[2024-08-15T07:09:15.837+0700] {logging_mixin.py:188} INFO - Fetching page 87 of 131 for price category: dibawah-60-juta
[2024-08-15T07:09:18.796+0700] {logging_mixin.py:188} INFO - Fetching page 88 of 131 for price category: dibawah-60-juta
[2024-08-15T07:09:23.803+0700] {logging_mixin.py:188} INFO - Fetching page 89 of 131 for price category: dibawah-60-juta
[2024-08-15T07:09:28.310+0700] {logging_mixin.py:188} INFO - Fetching page 90 of 131 for price category: dibawah-60-juta
[2024-08-15T07:09:33.243+0700] {logging_mixin.py:188} INFO - Fetching page 91 of 131 for price category: dibawah-60-juta
[2024-08-15T07:09:35.730+0700] {logging_mixin.py:188} INFO - Fetching page 92 of 131 for price category: dibawah-60-juta
[2024-08-15T07:09:38.401+0700] {logging_mixin.py:188} INFO - Fetching page 93 of 131 for price category: dibawah-60-juta
[2024-08-15T07:09:42.035+0700] {logging_mixin.py:188} INFO - Fetching page 94 of 131 for price category: dibawah-60-juta
[2024-08-15T07:09:43.616+0700] {logging_mixin.py:188} INFO - Fetching page 95 of 131 for price category: dibawah-60-juta
[2024-08-15T07:09:46.168+0700] {logging_mixin.py:188} INFO - Fetching page 96 of 131 for price category: dibawah-60-juta
[2024-08-15T07:09:50.211+0700] {logging_mixin.py:188} INFO - Fetching page 97 of 131 for price category: dibawah-60-juta
[2024-08-15T07:09:55.604+0700] {logging_mixin.py:188} INFO - Fetching page 98 of 131 for price category: dibawah-60-juta
[2024-08-15T07:09:59.453+0700] {logging_mixin.py:188} INFO - Fetching page 99 of 131 for price category: dibawah-60-juta
[2024-08-15T07:10:03.940+0700] {logging_mixin.py:188} INFO - Fetching page 100 of 131 for price category: dibawah-60-juta
[2024-08-15T07:10:07.525+0700] {logging_mixin.py:188} INFO - Fetching page 101 of 131 for price category: dibawah-60-juta
[2024-08-15T07:10:10.002+0700] {logging_mixin.py:188} INFO - Fetching page 102 of 131 for price category: dibawah-60-juta
[2024-08-15T07:10:14.431+0700] {logging_mixin.py:188} INFO - Fetching page 103 of 131 for price category: dibawah-60-juta
[2024-08-15T07:10:18.174+0700] {logging_mixin.py:188} INFO - Fetching page 104 of 131 for price category: dibawah-60-juta
[2024-08-15T07:10:21.624+0700] {logging_mixin.py:188} INFO - Fetching page 105 of 131 for price category: dibawah-60-juta
[2024-08-15T07:10:23.748+0700] {logging_mixin.py:188} INFO - Fetching page 106 of 131 for price category: dibawah-60-juta
[2024-08-15T07:10:25.892+0700] {logging_mixin.py:188} INFO - Fetching page 107 of 131 for price category: dibawah-60-juta
[2024-08-15T07:10:27.463+0700] {logging_mixin.py:188} INFO - Fetching page 108 of 131 for price category: dibawah-60-juta
[2024-08-15T07:10:31.086+0700] {logging_mixin.py:188} INFO - Fetching page 109 of 131 for price category: dibawah-60-juta
[2024-08-15T07:10:35.321+0700] {logging_mixin.py:188} INFO - Fetching page 110 of 131 for price category: dibawah-60-juta
[2024-08-15T07:10:40.771+0700] {logging_mixin.py:188} INFO - Fetching page 111 of 131 for price category: dibawah-60-juta
[2024-08-15T07:10:43.707+0700] {logging_mixin.py:188} INFO - Fetching page 112 of 131 for price category: dibawah-60-juta
[2024-08-15T07:10:45.624+0700] {logging_mixin.py:188} INFO - Fetching page 113 of 131 for price category: dibawah-60-juta
[2024-08-15T07:10:50.534+0700] {logging_mixin.py:188} INFO - Fetching page 114 of 131 for price category: dibawah-60-juta
[2024-08-15T07:10:54.307+0700] {logging_mixin.py:188} INFO - Fetching page 115 of 131 for price category: dibawah-60-juta
[2024-08-15T07:10:58.764+0700] {logging_mixin.py:188} INFO - Fetching page 116 of 131 for price category: dibawah-60-juta
[2024-08-15T07:11:00.767+0700] {logging_mixin.py:188} INFO - Fetching page 117 of 131 for price category: dibawah-60-juta
[2024-08-15T07:11:04.119+0700] {logging_mixin.py:188} INFO - Fetching page 118 of 131 for price category: dibawah-60-juta
[2024-08-15T07:11:09.416+0700] {logging_mixin.py:188} INFO - Fetching page 119 of 131 for price category: dibawah-60-juta
[2024-08-15T07:11:14.216+0700] {logging_mixin.py:188} INFO - Fetching page 120 of 131 for price category: dibawah-60-juta
[2024-08-15T07:11:16.142+0700] {logging_mixin.py:188} INFO - Fetching page 121 of 131 for price category: dibawah-60-juta
[2024-08-15T07:11:21.225+0700] {logging_mixin.py:188} INFO - Fetching page 122 of 131 for price category: dibawah-60-juta
[2024-08-15T07:11:26.460+0700] {logging_mixin.py:188} INFO - Fetching page 123 of 131 for price category: dibawah-60-juta
[2024-08-15T07:11:31.136+0700] {logging_mixin.py:188} INFO - Fetching page 124 of 131 for price category: dibawah-60-juta
[2024-08-15T07:11:34.006+0700] {logging_mixin.py:188} INFO - Fetching page 125 of 131 for price category: dibawah-60-juta
[2024-08-15T07:11:38.536+0700] {logging_mixin.py:188} INFO - Fetching page 126 of 131 for price category: dibawah-60-juta
[2024-08-15T07:11:42.188+0700] {logging_mixin.py:188} INFO - Fetching page 127 of 131 for price category: dibawah-60-juta
[2024-08-15T07:11:47.607+0700] {logging_mixin.py:188} INFO - Fetching page 128 of 131 for price category: dibawah-60-juta
[2024-08-15T07:11:50.090+0700] {logging_mixin.py:188} INFO - Fetching page 129 of 131 for price category: dibawah-60-juta
[2024-08-15T07:11:52.689+0700] {logging_mixin.py:188} INFO - Fetching page 130 of 131 for price category: dibawah-60-juta
[2024-08-15T07:11:56.969+0700] {logging_mixin.py:188} INFO - Fetching page 131 of 131 for price category: dibawah-60-juta
[2024-08-15T07:12:02.285+0700] {logging_mixin.py:188} INFO - Data for price category dibawah-60-juta written to /home/miracle/mobil/scrape/output/oto/2024-08-15/oto_car_dibawah_60_juta_2024-08-15.csv
[2024-08-15T07:12:02.285+0700] {logging_mixin.py:188} INFO - Fetching data for price category: dibawah-70-juta on date: 2024-08-15
[2024-08-15T07:12:02.691+0700] {logging_mixin.py:188} INFO - Fetching page 1 of 230 for price category: dibawah-70-juta
[2024-08-15T07:12:06.289+0700] {logging_mixin.py:188} INFO - Fetching page 2 of 230 for price category: dibawah-70-juta
[2024-08-15T07:12:10.490+0700] {logging_mixin.py:188} INFO - Fetching page 3 of 230 for price category: dibawah-70-juta
[2024-08-15T07:12:14.389+0700] {logging_mixin.py:188} INFO - Fetching page 4 of 230 for price category: dibawah-70-juta
[2024-08-15T07:12:18.453+0700] {logging_mixin.py:188} INFO - Fetching page 5 of 230 for price category: dibawah-70-juta
[2024-08-15T07:12:21.461+0700] {logging_mixin.py:188} INFO - Fetching page 6 of 230 for price category: dibawah-70-juta
[2024-08-15T07:12:26.562+0700] {logging_mixin.py:188} INFO - Fetching page 7 of 230 for price category: dibawah-70-juta
[2024-08-15T07:12:33.144+0700] {logging_mixin.py:188} INFO - Fetching page 8 of 230 for price category: dibawah-70-juta
[2024-08-15T07:12:38.179+0700] {logging_mixin.py:188} INFO - Fetching page 9 of 230 for price category: dibawah-70-juta
[2024-08-15T07:12:43.232+0700] {logging_mixin.py:188} INFO - Fetching page 10 of 230 for price category: dibawah-70-juta
[2024-08-15T07:12:47.238+0700] {logging_mixin.py:188} INFO - Fetching page 11 of 230 for price category: dibawah-70-juta
[2024-08-15T07:12:51.575+0700] {logging_mixin.py:188} INFO - Fetching page 12 of 230 for price category: dibawah-70-juta
[2024-08-15T07:12:55.457+0700] {logging_mixin.py:188} INFO - Fetching page 13 of 230 for price category: dibawah-70-juta
[2024-08-15T07:13:00.404+0700] {logging_mixin.py:188} INFO - Fetching page 14 of 230 for price category: dibawah-70-juta
[2024-08-15T07:13:05.637+0700] {logging_mixin.py:188} INFO - Fetching page 15 of 230 for price category: dibawah-70-juta
[2024-08-15T07:13:07.436+0700] {logging_mixin.py:188} INFO - Fetching page 16 of 230 for price category: dibawah-70-juta
[2024-08-15T07:13:09.862+0700] {logging_mixin.py:188} INFO - Fetching page 17 of 230 for price category: dibawah-70-juta
[2024-08-15T07:13:12.681+0700] {logging_mixin.py:188} INFO - Fetching page 18 of 230 for price category: dibawah-70-juta
[2024-08-15T07:13:15.588+0700] {logging_mixin.py:188} INFO - Fetching page 19 of 230 for price category: dibawah-70-juta
[2024-08-15T07:13:20.042+0700] {logging_mixin.py:188} INFO - Fetching page 20 of 230 for price category: dibawah-70-juta
[2024-08-15T07:13:22.349+0700] {logging_mixin.py:188} INFO - Fetching page 21 of 230 for price category: dibawah-70-juta
[2024-08-15T07:13:26.554+0700] {logging_mixin.py:188} INFO - Fetching page 22 of 230 for price category: dibawah-70-juta
[2024-08-15T07:13:30.652+0700] {logging_mixin.py:188} INFO - Fetching page 23 of 230 for price category: dibawah-70-juta
[2024-08-15T07:13:35.246+0700] {logging_mixin.py:188} INFO - Fetching page 24 of 230 for price category: dibawah-70-juta
[2024-08-15T07:13:36.675+0700] {logging_mixin.py:188} INFO - Fetching page 25 of 230 for price category: dibawah-70-juta
[2024-08-15T07:13:40.552+0700] {logging_mixin.py:188} INFO - Fetching page 26 of 230 for price category: dibawah-70-juta
[2024-08-15T07:13:44.842+0700] {logging_mixin.py:188} INFO - Fetching page 27 of 230 for price category: dibawah-70-juta
[2024-08-15T07:13:48.618+0700] {logging_mixin.py:188} INFO - Fetching page 28 of 230 for price category: dibawah-70-juta
[2024-08-15T07:13:54.018+0700] {logging_mixin.py:188} INFO - Fetching page 29 of 230 for price category: dibawah-70-juta
[2024-08-15T07:13:57.501+0700] {logging_mixin.py:188} INFO - Fetching page 30 of 230 for price category: dibawah-70-juta
[2024-08-15T07:14:00.232+0700] {logging_mixin.py:188} INFO - Fetching page 31 of 230 for price category: dibawah-70-juta
[2024-08-15T07:14:05.583+0700] {logging_mixin.py:188} INFO - Fetching page 32 of 230 for price category: dibawah-70-juta
[2024-08-15T07:14:07.367+0700] {logging_mixin.py:188} INFO - Fetching page 33 of 230 for price category: dibawah-70-juta
[2024-08-15T07:14:12.199+0700] {logging_mixin.py:188} INFO - Fetching page 34 of 230 for price category: dibawah-70-juta
[2024-08-15T07:14:14.639+0700] {logging_mixin.py:188} INFO - Fetching page 35 of 230 for price category: dibawah-70-juta
[2024-08-15T07:14:18.861+0700] {logging_mixin.py:188} INFO - Fetching page 36 of 230 for price category: dibawah-70-juta
[2024-08-15T07:14:23.808+0700] {logging_mixin.py:188} INFO - Fetching page 37 of 230 for price category: dibawah-70-juta
[2024-08-15T07:14:28.064+0700] {logging_mixin.py:188} INFO - Fetching page 38 of 230 for price category: dibawah-70-juta
[2024-08-15T07:14:33.656+0700] {logging_mixin.py:188} INFO - Fetching page 39 of 230 for price category: dibawah-70-juta
[2024-08-15T07:14:39.098+0700] {logging_mixin.py:188} INFO - Fetching page 40 of 230 for price category: dibawah-70-juta
[2024-08-15T07:14:43.644+0700] {logging_mixin.py:188} INFO - Fetching page 41 of 230 for price category: dibawah-70-juta
[2024-08-15T07:14:45.447+0700] {logging_mixin.py:188} INFO - Fetching page 42 of 230 for price category: dibawah-70-juta
[2024-08-15T07:14:49.927+0700] {logging_mixin.py:188} INFO - Fetching page 43 of 230 for price category: dibawah-70-juta
[2024-08-15T07:14:52.241+0700] {logging_mixin.py:188} INFO - Fetching page 44 of 230 for price category: dibawah-70-juta
[2024-08-15T07:14:53.758+0700] {logging_mixin.py:188} INFO - Fetching page 45 of 230 for price category: dibawah-70-juta
[2024-08-15T07:14:56.910+0700] {logging_mixin.py:188} INFO - Fetching page 46 of 230 for price category: dibawah-70-juta
[2024-08-15T07:14:58.892+0700] {logging_mixin.py:188} INFO - Fetching page 47 of 230 for price category: dibawah-70-juta
[2024-08-15T07:15:01.853+0700] {logging_mixin.py:188} INFO - Fetching page 48 of 230 for price category: dibawah-70-juta
[2024-08-15T07:15:08.061+0700] {logging_mixin.py:188} INFO - Fetching page 49 of 230 for price category: dibawah-70-juta
[2024-08-15T07:15:13.207+0700] {logging_mixin.py:188} INFO - Fetching page 50 of 230 for price category: dibawah-70-juta
[2024-08-15T07:15:15.606+0700] {logging_mixin.py:188} INFO - Fetching page 51 of 230 for price category: dibawah-70-juta
[2024-08-15T07:15:17.113+0700] {logging_mixin.py:188} INFO - Fetching page 52 of 230 for price category: dibawah-70-juta
[2024-08-15T07:15:20.017+0700] {logging_mixin.py:188} INFO - Fetching page 53 of 230 for price category: dibawah-70-juta
[2024-08-15T07:15:24.375+0700] {logging_mixin.py:188} INFO - Fetching page 54 of 230 for price category: dibawah-70-juta
[2024-08-15T07:15:27.844+0700] {logging_mixin.py:188} INFO - Fetching page 55 of 230 for price category: dibawah-70-juta
[2024-08-15T07:15:31.265+0700] {logging_mixin.py:188} INFO - Fetching page 56 of 230 for price category: dibawah-70-juta
[2024-08-15T07:15:34.439+0700] {logging_mixin.py:188} INFO - Fetching page 57 of 230 for price category: dibawah-70-juta
[2024-08-15T07:15:38.856+0700] {logging_mixin.py:188} INFO - Fetching page 58 of 230 for price category: dibawah-70-juta
[2024-08-15T07:15:43.772+0700] {logging_mixin.py:188} INFO - Fetching page 59 of 230 for price category: dibawah-70-juta
[2024-08-15T07:15:47.036+0700] {logging_mixin.py:188} INFO - Fetching page 60 of 230 for price category: dibawah-70-juta
[2024-08-15T07:15:51.509+0700] {logging_mixin.py:188} INFO - Fetching page 61 of 230 for price category: dibawah-70-juta
[2024-08-15T07:15:54.650+0700] {logging_mixin.py:188} INFO - Fetching page 62 of 230 for price category: dibawah-70-juta
[2024-08-15T07:15:57.102+0700] {logging_mixin.py:188} INFO - Fetching page 63 of 230 for price category: dibawah-70-juta
[2024-08-15T07:16:01.207+0700] {logging_mixin.py:188} INFO - Fetching page 64 of 230 for price category: dibawah-70-juta
[2024-08-15T07:16:03.955+0700] {logging_mixin.py:188} INFO - Fetching page 65 of 230 for price category: dibawah-70-juta
[2024-08-15T07:16:07.968+0700] {logging_mixin.py:188} INFO - Fetching page 66 of 230 for price category: dibawah-70-juta
[2024-08-15T07:16:13.012+0700] {logging_mixin.py:188} INFO - Fetching page 67 of 230 for price category: dibawah-70-juta
[2024-08-15T07:16:15.464+0700] {logging_mixin.py:188} INFO - Fetching page 68 of 230 for price category: dibawah-70-juta
[2024-08-15T07:16:18.974+0700] {logging_mixin.py:188} INFO - Fetching page 69 of 230 for price category: dibawah-70-juta
[2024-08-15T07:16:21.194+0700] {logging_mixin.py:188} INFO - Fetching page 70 of 230 for price category: dibawah-70-juta
[2024-08-15T07:16:25.796+0700] {logging_mixin.py:188} INFO - Fetching page 71 of 230 for price category: dibawah-70-juta
[2024-08-15T07:16:28.489+0700] {logging_mixin.py:188} INFO - Fetching page 72 of 230 for price category: dibawah-70-juta
[2024-08-15T07:16:33.618+0700] {logging_mixin.py:188} INFO - Fetching page 73 of 230 for price category: dibawah-70-juta
[2024-08-15T07:16:37.728+0700] {logging_mixin.py:188} INFO - Fetching page 74 of 230 for price category: dibawah-70-juta
[2024-08-15T07:16:39.713+0700] {logging_mixin.py:188} INFO - Fetching page 75 of 230 for price category: dibawah-70-juta
[2024-08-15T07:16:42.821+0700] {logging_mixin.py:188} INFO - Fetching page 76 of 230 for price category: dibawah-70-juta
[2024-08-15T07:16:48.592+0700] {logging_mixin.py:188} INFO - Fetching page 77 of 230 for price category: dibawah-70-juta
[2024-08-15T07:16:53.712+0700] {logging_mixin.py:188} INFO - Fetching page 78 of 230 for price category: dibawah-70-juta
[2024-08-15T07:16:57.240+0700] {logging_mixin.py:188} INFO - Fetching page 79 of 230 for price category: dibawah-70-juta
[2024-08-15T07:17:01.398+0700] {logging_mixin.py:188} INFO - Fetching page 80 of 230 for price category: dibawah-70-juta
[2024-08-15T07:17:03.696+0700] {logging_mixin.py:188} INFO - Fetching page 81 of 230 for price category: dibawah-70-juta
[2024-08-15T07:17:09.114+0700] {logging_mixin.py:188} INFO - Fetching page 82 of 230 for price category: dibawah-70-juta
[2024-08-15T07:17:14.296+0700] {logging_mixin.py:188} INFO - Fetching page 83 of 230 for price category: dibawah-70-juta
[2024-08-15T07:17:17.171+0700] {logging_mixin.py:188} INFO - Fetching page 84 of 230 for price category: dibawah-70-juta
[2024-08-15T07:17:21.773+0700] {logging_mixin.py:188} INFO - Fetching page 85 of 230 for price category: dibawah-70-juta
[2024-08-15T07:17:24.122+0700] {logging_mixin.py:188} INFO - Fetching page 86 of 230 for price category: dibawah-70-juta
[2024-08-15T07:17:28.506+0700] {logging_mixin.py:188} INFO - Fetching page 87 of 230 for price category: dibawah-70-juta
[2024-08-15T07:17:30.490+0700] {logging_mixin.py:188} INFO - Fetching page 88 of 230 for price category: dibawah-70-juta
[2024-08-15T07:17:33.543+0700] {logging_mixin.py:188} INFO - Fetching page 89 of 230 for price category: dibawah-70-juta
[2024-08-15T07:17:38.369+0700] {logging_mixin.py:188} INFO - Fetching page 90 of 230 for price category: dibawah-70-juta
[2024-08-15T07:17:42.802+0700] {logging_mixin.py:188} INFO - Fetching page 91 of 230 for price category: dibawah-70-juta
[2024-08-15T07:17:48.215+0700] {logging_mixin.py:188} INFO - Fetching page 92 of 230 for price category: dibawah-70-juta
[2024-08-15T07:17:49.846+0700] {logging_mixin.py:188} INFO - Fetching page 93 of 230 for price category: dibawah-70-juta
[2024-08-15T07:17:51.893+0700] {logging_mixin.py:188} INFO - Fetching page 94 of 230 for price category: dibawah-70-juta
[2024-08-15T07:17:53.668+0700] {logging_mixin.py:188} INFO - Fetching page 95 of 230 for price category: dibawah-70-juta
[2024-08-15T07:17:56.217+0700] {logging_mixin.py:188} INFO - Fetching page 96 of 230 for price category: dibawah-70-juta
[2024-08-15T07:17:59.796+0700] {logging_mixin.py:188} INFO - Fetching page 97 of 230 for price category: dibawah-70-juta
[2024-08-15T07:18:04.485+0700] {logging_mixin.py:188} INFO - Fetching page 98 of 230 for price category: dibawah-70-juta
[2024-08-15T07:18:09.680+0700] {logging_mixin.py:188} INFO - Fetching page 99 of 230 for price category: dibawah-70-juta
[2024-08-15T07:18:13.599+0700] {logging_mixin.py:188} INFO - Fetching page 100 of 230 for price category: dibawah-70-juta
[2024-08-15T07:18:18.294+0700] {logging_mixin.py:188} INFO - Fetching page 101 of 230 for price category: dibawah-70-juta
[2024-08-15T07:18:22.771+0700] {logging_mixin.py:188} INFO - Fetching page 102 of 230 for price category: dibawah-70-juta
[2024-08-15T07:18:27.011+0700] {logging_mixin.py:188} INFO - Fetching page 103 of 230 for price category: dibawah-70-juta
[2024-08-15T07:18:30.281+0700] {logging_mixin.py:188} INFO - Fetching page 104 of 230 for price category: dibawah-70-juta
[2024-08-15T07:18:35.278+0700] {logging_mixin.py:188} INFO - Fetching page 105 of 230 for price category: dibawah-70-juta
[2024-08-15T07:18:37.401+0700] {logging_mixin.py:188} INFO - Fetching page 106 of 230 for price category: dibawah-70-juta
[2024-08-15T07:18:42.242+0700] {logging_mixin.py:188} INFO - Fetching page 107 of 230 for price category: dibawah-70-juta
[2024-08-15T07:18:47.585+0700] {logging_mixin.py:188} INFO - Fetching page 108 of 230 for price category: dibawah-70-juta
[2024-08-15T07:18:53.160+0700] {logging_mixin.py:188} INFO - Fetching page 109 of 230 for price category: dibawah-70-juta
[2024-08-15T07:18:58.437+0700] {logging_mixin.py:188} INFO - Fetching page 110 of 230 for price category: dibawah-70-juta
[2024-08-15T07:19:01.116+0700] {logging_mixin.py:188} INFO - Fetching page 111 of 230 for price category: dibawah-70-juta
[2024-08-15T07:19:03.935+0700] {logging_mixin.py:188} INFO - Fetching page 112 of 230 for price category: dibawah-70-juta
[2024-08-15T07:19:07.407+0700] {logging_mixin.py:188} INFO - Fetching page 113 of 230 for price category: dibawah-70-juta
[2024-08-15T07:19:10.414+0700] {logging_mixin.py:188} INFO - Fetching page 114 of 230 for price category: dibawah-70-juta
[2024-08-15T07:19:15.093+0700] {logging_mixin.py:188} INFO - Fetching page 115 of 230 for price category: dibawah-70-juta
[2024-08-15T07:19:19.244+0700] {logging_mixin.py:188} INFO - Fetching page 116 of 230 for price category: dibawah-70-juta
[2024-08-15T07:19:24.146+0700] {logging_mixin.py:188} INFO - Fetching page 117 of 230 for price category: dibawah-70-juta
[2024-08-15T07:19:25.742+0700] {logging_mixin.py:188} INFO - Fetching page 118 of 230 for price category: dibawah-70-juta
[2024-08-15T07:19:30.809+0700] {logging_mixin.py:188} INFO - Fetching page 119 of 230 for price category: dibawah-70-juta
[2024-08-15T07:19:34.386+0700] {logging_mixin.py:188} INFO - Fetching page 120 of 230 for price category: dibawah-70-juta
[2024-08-15T07:19:36.424+0700] {logging_mixin.py:188} INFO - Fetching page 121 of 230 for price category: dibawah-70-juta
[2024-08-15T07:19:39.113+0700] {logging_mixin.py:188} INFO - Fetching page 122 of 230 for price category: dibawah-70-juta
[2024-08-15T07:19:40.739+0700] {logging_mixin.py:188} INFO - Fetching page 123 of 230 for price category: dibawah-70-juta
[2024-08-15T07:19:45.750+0700] {logging_mixin.py:188} INFO - Fetching page 124 of 230 for price category: dibawah-70-juta
[2024-08-15T07:19:48.398+0700] {logging_mixin.py:188} INFO - Fetching page 125 of 230 for price category: dibawah-70-juta
[2024-08-15T07:19:53.375+0700] {logging_mixin.py:188} INFO - Fetching page 126 of 230 for price category: dibawah-70-juta
[2024-08-15T07:19:54.967+0700] {logging_mixin.py:188} INFO - Fetching page 127 of 230 for price category: dibawah-70-juta
[2024-08-15T07:19:58.455+0700] {logging_mixin.py:188} INFO - Fetching page 128 of 230 for price category: dibawah-70-juta
[2024-08-15T07:20:01.233+0700] {logging_mixin.py:188} INFO - Fetching page 129 of 230 for price category: dibawah-70-juta
[2024-08-15T07:20:05.743+0700] {logging_mixin.py:188} INFO - Fetching page 130 of 230 for price category: dibawah-70-juta
[2024-08-15T07:20:10.415+0700] {logging_mixin.py:188} INFO - Fetching page 131 of 230 for price category: dibawah-70-juta
[2024-08-15T07:20:14.909+0700] {logging_mixin.py:188} INFO - Fetching page 132 of 230 for price category: dibawah-70-juta
[2024-08-15T07:20:18.153+0700] {logging_mixin.py:188} INFO - Fetching page 133 of 230 for price category: dibawah-70-juta
[2024-08-15T07:20:22.477+0700] {logging_mixin.py:188} INFO - Fetching page 134 of 230 for price category: dibawah-70-juta
[2024-08-15T07:20:25.259+0700] {logging_mixin.py:188} INFO - Fetching page 135 of 230 for price category: dibawah-70-juta
[2024-08-15T07:20:27.569+0700] {logging_mixin.py:188} INFO - Fetching page 136 of 230 for price category: dibawah-70-juta
[2024-08-15T07:20:29.676+0700] {logging_mixin.py:188} INFO - Fetching page 137 of 230 for price category: dibawah-70-juta
[2024-08-15T07:20:33.086+0700] {logging_mixin.py:188} INFO - Fetching page 138 of 230 for price category: dibawah-70-juta
[2024-08-15T07:20:36.395+0700] {logging_mixin.py:188} INFO - Fetching page 139 of 230 for price category: dibawah-70-juta
[2024-08-15T07:20:40.189+0700] {logging_mixin.py:188} INFO - Fetching page 140 of 230 for price category: dibawah-70-juta
[2024-08-15T07:20:43.950+0700] {logging_mixin.py:188} INFO - Fetching page 141 of 230 for price category: dibawah-70-juta
[2024-08-15T07:20:48.255+0700] {logging_mixin.py:188} INFO - Fetching page 142 of 230 for price category: dibawah-70-juta
[2024-08-15T07:20:51.929+0700] {logging_mixin.py:188} INFO - Fetching page 143 of 230 for price category: dibawah-70-juta
[2024-08-15T07:20:54.169+0700] {logging_mixin.py:188} INFO - Fetching page 144 of 230 for price category: dibawah-70-juta
[2024-08-15T07:20:57.966+0700] {logging_mixin.py:188} INFO - Fetching page 145 of 230 for price category: dibawah-70-juta
[2024-08-15T07:21:00.691+0700] {logging_mixin.py:188} INFO - Fetching page 146 of 230 for price category: dibawah-70-juta
[2024-08-15T07:21:04.433+0700] {logging_mixin.py:188} INFO - Fetching page 147 of 230 for price category: dibawah-70-juta
[2024-08-15T07:21:06.947+0700] {logging_mixin.py:188} INFO - Fetching page 148 of 230 for price category: dibawah-70-juta
[2024-08-15T07:21:10.489+0700] {logging_mixin.py:188} INFO - Fetching page 149 of 230 for price category: dibawah-70-juta
[2024-08-15T07:21:13.599+0700] {logging_mixin.py:188} INFO - Fetching page 150 of 230 for price category: dibawah-70-juta
[2024-08-15T07:21:18.489+0700] {logging_mixin.py:188} INFO - Fetching page 151 of 230 for price category: dibawah-70-juta
[2024-08-15T07:21:22.572+0700] {logging_mixin.py:188} INFO - Fetching page 152 of 230 for price category: dibawah-70-juta
[2024-08-15T07:21:26.088+0700] {logging_mixin.py:188} INFO - Fetching page 153 of 230 for price category: dibawah-70-juta
[2024-08-15T07:21:30.316+0700] {logging_mixin.py:188} INFO - Fetching page 154 of 230 for price category: dibawah-70-juta
[2024-08-15T07:21:33.649+0700] {logging_mixin.py:188} INFO - Fetching page 155 of 230 for price category: dibawah-70-juta
[2024-08-15T07:21:39.401+0700] {logging_mixin.py:188} INFO - Fetching page 156 of 230 for price category: dibawah-70-juta
[2024-08-15T07:21:41.029+0700] {logging_mixin.py:188} INFO - Fetching page 157 of 230 for price category: dibawah-70-juta
[2024-08-15T07:21:42.739+0700] {logging_mixin.py:188} INFO - Fetching page 158 of 230 for price category: dibawah-70-juta
[2024-08-15T07:21:44.707+0700] {logging_mixin.py:188} INFO - Fetching page 159 of 230 for price category: dibawah-70-juta
[2024-08-15T07:21:48.406+0700] {logging_mixin.py:188} INFO - Fetching page 160 of 230 for price category: dibawah-70-juta
[2024-08-15T07:21:52.463+0700] {logging_mixin.py:188} INFO - Fetching page 161 of 230 for price category: dibawah-70-juta
[2024-08-15T07:21:55.865+0700] {logging_mixin.py:188} INFO - Fetching page 162 of 230 for price category: dibawah-70-juta
[2024-08-15T07:22:00.256+0700] {logging_mixin.py:188} INFO - Fetching page 163 of 230 for price category: dibawah-70-juta
[2024-08-15T07:22:03.139+0700] {logging_mixin.py:188} INFO - Fetching page 164 of 230 for price category: dibawah-70-juta
[2024-08-15T07:22:07.586+0700] {logging_mixin.py:188} INFO - Fetching page 165 of 230 for price category: dibawah-70-juta
[2024-08-15T07:22:11.780+0700] {logging_mixin.py:188} INFO - Fetching page 166 of 230 for price category: dibawah-70-juta
[2024-08-15T07:22:16.260+0700] {logging_mixin.py:188} INFO - Fetching page 167 of 230 for price category: dibawah-70-juta
[2024-08-15T07:22:21.638+0700] {logging_mixin.py:188} INFO - Fetching page 168 of 230 for price category: dibawah-70-juta
[2024-08-15T07:22:24.229+0700] {logging_mixin.py:188} INFO - Fetching page 169 of 230 for price category: dibawah-70-juta
[2024-08-15T07:22:26.258+0700] {logging_mixin.py:188} INFO - Fetching page 170 of 230 for price category: dibawah-70-juta
[2024-08-15T07:22:27.948+0700] {logging_mixin.py:188} INFO - Fetching page 171 of 230 for price category: dibawah-70-juta
[2024-08-15T07:22:30.911+0700] {logging_mixin.py:188} INFO - Fetching page 172 of 230 for price category: dibawah-70-juta
[2024-08-15T07:22:33.731+0700] {logging_mixin.py:188} INFO - Fetching page 173 of 230 for price category: dibawah-70-juta
[2024-08-15T07:22:37.884+0700] {logging_mixin.py:188} INFO - Fetching page 174 of 230 for price category: dibawah-70-juta
[2024-08-15T07:22:39.334+0700] {logging_mixin.py:188} INFO - Fetching page 175 of 230 for price category: dibawah-70-juta
[2024-08-15T07:22:44.127+0700] {logging_mixin.py:188} INFO - Fetching page 176 of 230 for price category: dibawah-70-juta
[2024-08-15T07:22:46.167+0700] {logging_mixin.py:188} INFO - Fetching page 177 of 230 for price category: dibawah-70-juta
[2024-08-15T07:22:50.563+0700] {logging_mixin.py:188} INFO - Fetching page 178 of 230 for price category: dibawah-70-juta
[2024-08-15T07:22:56.148+0700] {logging_mixin.py:188} INFO - Fetching page 179 of 230 for price category: dibawah-70-juta
[2024-08-15T07:23:00.149+0700] {logging_mixin.py:188} INFO - Fetching page 180 of 230 for price category: dibawah-70-juta
[2024-08-15T07:23:05.055+0700] {logging_mixin.py:188} INFO - Fetching page 181 of 230 for price category: dibawah-70-juta
[2024-08-15T07:23:06.720+0700] {logging_mixin.py:188} INFO - Fetching page 182 of 230 for price category: dibawah-70-juta
[2024-08-15T07:23:11.735+0700] {logging_mixin.py:188} INFO - Fetching page 183 of 230 for price category: dibawah-70-juta
[2024-08-15T07:23:15.687+0700] {logging_mixin.py:188} INFO - Fetching page 184 of 230 for price category: dibawah-70-juta
[2024-08-15T07:23:18.843+0700] {logging_mixin.py:188} INFO - Fetching page 185 of 230 for price category: dibawah-70-juta
[2024-08-15T07:23:22.190+0700] {logging_mixin.py:188} INFO - Fetching page 186 of 230 for price category: dibawah-70-juta
[2024-08-15T07:23:26.846+0700] {logging_mixin.py:188} INFO - Fetching page 187 of 230 for price category: dibawah-70-juta
[2024-08-15T07:23:31.359+0700] {logging_mixin.py:188} INFO - Fetching page 188 of 230 for price category: dibawah-70-juta
[2024-08-15T07:23:32.889+0700] {logging_mixin.py:188} INFO - Fetching page 189 of 230 for price category: dibawah-70-juta
[2024-08-15T07:23:36.908+0700] {logging_mixin.py:188} INFO - Fetching page 190 of 230 for price category: dibawah-70-juta
[2024-08-15T07:23:41.561+0700] {logging_mixin.py:188} INFO - Fetching page 191 of 230 for price category: dibawah-70-juta
[2024-08-15T07:23:43.723+0700] {logging_mixin.py:188} INFO - Fetching page 192 of 230 for price category: dibawah-70-juta
[2024-08-15T07:23:47.187+0700] {logging_mixin.py:188} INFO - Fetching page 193 of 230 for price category: dibawah-70-juta
[2024-08-15T07:23:51.699+0700] {logging_mixin.py:188} INFO - Fetching page 194 of 230 for price category: dibawah-70-juta
[2024-08-15T07:23:56.008+0700] {logging_mixin.py:188} INFO - Fetching page 195 of 230 for price category: dibawah-70-juta
[2024-08-15T07:24:00.949+0700] {logging_mixin.py:188} INFO - Fetching page 196 of 230 for price category: dibawah-70-juta
[2024-08-15T07:24:04.505+0700] {logging_mixin.py:188} INFO - Fetching page 197 of 230 for price category: dibawah-70-juta
[2024-08-15T07:24:08.030+0700] {logging_mixin.py:188} INFO - Fetching page 198 of 230 for price category: dibawah-70-juta
[2024-08-15T07:24:10.816+0700] {logging_mixin.py:188} INFO - Fetching page 199 of 230 for price category: dibawah-70-juta
[2024-08-15T07:24:12.585+0700] {logging_mixin.py:188} INFO - Fetching page 200 of 230 for price category: dibawah-70-juta
[2024-08-15T07:24:17.359+0700] {logging_mixin.py:188} INFO - Fetching page 201 of 230 for price category: dibawah-70-juta
[2024-08-15T07:24:21.874+0700] {logging_mixin.py:188} INFO - Fetching page 202 of 230 for price category: dibawah-70-juta
[2024-08-15T07:24:26.479+0700] {logging_mixin.py:188} INFO - Fetching page 203 of 230 for price category: dibawah-70-juta
[2024-08-15T07:24:29.357+0700] {logging_mixin.py:188} INFO - Fetching page 204 of 230 for price category: dibawah-70-juta
[2024-08-15T07:24:32.017+0700] {logging_mixin.py:188} INFO - Fetching page 205 of 230 for price category: dibawah-70-juta
[2024-08-15T07:24:33.706+0700] {logging_mixin.py:188} INFO - Fetching page 206 of 230 for price category: dibawah-70-juta
[2024-08-15T07:24:36.469+0700] {logging_mixin.py:188} INFO - Fetching page 207 of 230 for price category: dibawah-70-juta
[2024-08-15T07:24:38.872+0700] {logging_mixin.py:188} INFO - Fetching page 208 of 230 for price category: dibawah-70-juta
[2024-08-15T07:24:41.742+0700] {logging_mixin.py:188} INFO - Fetching page 209 of 230 for price category: dibawah-70-juta
[2024-08-15T07:24:44.798+0700] {logging_mixin.py:188} INFO - Fetching page 210 of 230 for price category: dibawah-70-juta
[2024-08-15T07:24:50.059+0700] {logging_mixin.py:188} INFO - Fetching page 211 of 230 for price category: dibawah-70-juta
[2024-08-15T07:24:52.431+0700] {logging_mixin.py:188} INFO - Fetching page 212 of 230 for price category: dibawah-70-juta
[2024-08-15T07:24:55.333+0700] {logging_mixin.py:188} INFO - Fetching page 213 of 230 for price category: dibawah-70-juta
[2024-08-15T07:24:57.980+0700] {logging_mixin.py:188} INFO - Fetching page 214 of 230 for price category: dibawah-70-juta
[2024-08-15T07:25:00.999+0700] {logging_mixin.py:188} INFO - Fetching page 215 of 230 for price category: dibawah-70-juta
[2024-08-15T07:25:05.459+0700] {logging_mixin.py:188} INFO - Fetching page 216 of 230 for price category: dibawah-70-juta
[2024-08-15T07:25:09.469+0700] {logging_mixin.py:188} INFO - Fetching page 217 of 230 for price category: dibawah-70-juta
[2024-08-15T07:25:11.360+0700] {logging_mixin.py:188} INFO - Fetching page 218 of 230 for price category: dibawah-70-juta
[2024-08-15T07:25:12.960+0700] {logging_mixin.py:188} INFO - Fetching page 219 of 230 for price category: dibawah-70-juta
[2024-08-15T07:25:14.452+0700] {logging_mixin.py:188} INFO - Fetching page 220 of 230 for price category: dibawah-70-juta
[2024-08-15T07:25:19.563+0700] {logging_mixin.py:188} INFO - Fetching page 221 of 230 for price category: dibawah-70-juta
[2024-08-15T07:25:22.058+0700] {logging_mixin.py:188} INFO - Fetching page 222 of 230 for price category: dibawah-70-juta
[2024-08-15T07:25:26.801+0700] {logging_mixin.py:188} INFO - Fetching page 223 of 230 for price category: dibawah-70-juta
[2024-08-15T07:25:29.130+0700] {logging_mixin.py:188} INFO - Fetching page 224 of 230 for price category: dibawah-70-juta
[2024-08-15T07:25:33.281+0700] {logging_mixin.py:188} INFO - Fetching page 225 of 230 for price category: dibawah-70-juta
[2024-08-15T07:25:38.609+0700] {logging_mixin.py:188} INFO - Fetching page 226 of 230 for price category: dibawah-70-juta
[2024-08-15T07:25:40.223+0700] {logging_mixin.py:188} INFO - Fetching page 227 of 230 for price category: dibawah-70-juta
[2024-08-15T07:25:45.618+0700] {logging_mixin.py:188} INFO - Fetching page 228 of 230 for price category: dibawah-70-juta
[2024-08-15T07:25:48.743+0700] {logging_mixin.py:188} INFO - Fetching page 229 of 230 for price category: dibawah-70-juta
[2024-08-15T07:25:52.746+0700] {logging_mixin.py:188} INFO - Fetching page 230 of 230 for price category: dibawah-70-juta
[2024-08-15T07:25:56.969+0700] {logging_mixin.py:188} INFO - Data for price category dibawah-70-juta written to /home/miracle/mobil/scrape/output/oto/2024-08-15/oto_car_dibawah_70_juta_2024-08-15.csv
[2024-08-15T07:25:56.969+0700] {logging_mixin.py:188} INFO - Fetching data for price category: dibawah-80-juta on date: 2024-08-15
[2024-08-15T07:25:57.403+0700] {logging_mixin.py:188} INFO - Fetching page 1 of 327 for price category: dibawah-80-juta
[2024-08-15T07:25:59.999+0700] {logging_mixin.py:188} INFO - Fetching page 2 of 327 for price category: dibawah-80-juta
[2024-08-15T07:26:03.623+0700] {logging_mixin.py:188} INFO - Fetching page 3 of 327 for price category: dibawah-80-juta
[2024-08-15T07:26:08.523+0700] {logging_mixin.py:188} INFO - Fetching page 4 of 327 for price category: dibawah-80-juta
[2024-08-15T07:26:12.781+0700] {logging_mixin.py:188} INFO - Fetching page 5 of 327 for price category: dibawah-80-juta
[2024-08-15T07:26:16.436+0700] {logging_mixin.py:188} INFO - Fetching page 6 of 327 for price category: dibawah-80-juta
[2024-08-15T07:26:18.025+0700] {logging_mixin.py:188} INFO - Fetching page 7 of 327 for price category: dibawah-80-juta
[2024-08-15T07:26:20.697+0700] {logging_mixin.py:188} INFO - Fetching page 8 of 327 for price category: dibawah-80-juta
[2024-08-15T07:26:23.367+0700] {logging_mixin.py:188} INFO - Fetching page 9 of 327 for price category: dibawah-80-juta
[2024-08-15T07:26:25.158+0700] {logging_mixin.py:188} INFO - Fetching page 10 of 327 for price category: dibawah-80-juta
[2024-08-15T07:26:26.761+0700] {logging_mixin.py:188} INFO - Fetching page 11 of 327 for price category: dibawah-80-juta
[2024-08-15T07:26:28.504+0700] {logging_mixin.py:188} INFO - Fetching page 12 of 327 for price category: dibawah-80-juta
[2024-08-15T07:26:30.513+0700] {logging_mixin.py:188} INFO - Fetching page 13 of 327 for price category: dibawah-80-juta
[2024-08-15T07:26:33.403+0700] {logging_mixin.py:188} INFO - Fetching page 14 of 327 for price category: dibawah-80-juta
[2024-08-15T07:26:35.434+0700] {logging_mixin.py:188} INFO - Fetching page 15 of 327 for price category: dibawah-80-juta
[2024-08-15T07:26:38.485+0700] {logging_mixin.py:188} INFO - Fetching page 16 of 327 for price category: dibawah-80-juta
[2024-08-15T07:26:41.282+0700] {logging_mixin.py:188} INFO - Fetching page 17 of 327 for price category: dibawah-80-juta
[2024-08-15T07:26:43.078+0700] {logging_mixin.py:188} INFO - Fetching page 18 of 327 for price category: dibawah-80-juta
[2024-08-15T07:26:46.377+0700] {logging_mixin.py:188} INFO - Fetching page 19 of 327 for price category: dibawah-80-juta
[2024-08-15T07:26:50.907+0700] {logging_mixin.py:188} INFO - Fetching page 20 of 327 for price category: dibawah-80-juta
[2024-08-15T07:26:55.666+0700] {logging_mixin.py:188} INFO - Fetching page 21 of 327 for price category: dibawah-80-juta
[2024-08-15T07:26:58.413+0700] {logging_mixin.py:188} INFO - Fetching page 22 of 327 for price category: dibawah-80-juta
[2024-08-15T07:27:00.177+0700] {logging_mixin.py:188} INFO - Fetching page 23 of 327 for price category: dibawah-80-juta
[2024-08-15T07:27:04.946+0700] {logging_mixin.py:188} INFO - Fetching page 24 of 327 for price category: dibawah-80-juta
[2024-08-15T07:27:07.819+0700] {logging_mixin.py:188} INFO - Fetching page 25 of 327 for price category: dibawah-80-juta
[2024-08-15T07:27:10.427+0700] {logging_mixin.py:188} INFO - Fetching page 26 of 327 for price category: dibawah-80-juta
[2024-08-15T07:27:15.806+0700] {logging_mixin.py:188} INFO - Fetching page 27 of 327 for price category: dibawah-80-juta
[2024-08-15T07:27:18.492+0700] {logging_mixin.py:188} INFO - Fetching page 28 of 327 for price category: dibawah-80-juta
[2024-08-15T07:27:22.329+0700] {logging_mixin.py:188} INFO - Fetching page 29 of 327 for price category: dibawah-80-juta
[2024-08-15T07:27:24.852+0700] {logging_mixin.py:188} INFO - Fetching page 30 of 327 for price category: dibawah-80-juta
[2024-08-15T07:27:28.252+0700] {logging_mixin.py:188} INFO - Fetching page 31 of 327 for price category: dibawah-80-juta
[2024-08-15T07:27:32.990+0700] {logging_mixin.py:188} INFO - Fetching page 32 of 327 for price category: dibawah-80-juta
[2024-08-15T07:27:36.115+0700] {logging_mixin.py:188} INFO - Fetching page 33 of 327 for price category: dibawah-80-juta
[2024-08-15T07:27:40.749+0700] {logging_mixin.py:188} INFO - Fetching page 34 of 327 for price category: dibawah-80-juta
[2024-08-15T07:27:42.391+0700] {logging_mixin.py:188} INFO - Fetching page 35 of 327 for price category: dibawah-80-juta
[2024-08-15T07:27:45.853+0700] {logging_mixin.py:188} INFO - Fetching page 36 of 327 for price category: dibawah-80-juta
[2024-08-15T07:27:48.012+0700] {logging_mixin.py:188} INFO - Fetching page 37 of 327 for price category: dibawah-80-juta
[2024-08-15T07:27:53.223+0700] {logging_mixin.py:188} INFO - Fetching page 38 of 327 for price category: dibawah-80-juta
[2024-08-15T07:27:59.688+0700] {logging_mixin.py:188} INFO - Fetching page 39 of 327 for price category: dibawah-80-juta
[2024-08-15T07:28:02.131+0700] {logging_mixin.py:188} INFO - Fetching page 40 of 327 for price category: dibawah-80-juta
[2024-08-15T07:28:06.083+0700] {logging_mixin.py:188} INFO - Fetching page 41 of 327 for price category: dibawah-80-juta
[2024-08-15T07:28:11.158+0700] {logging_mixin.py:188} INFO - Fetching page 42 of 327 for price category: dibawah-80-juta
[2024-08-15T07:28:15.743+0700] {logging_mixin.py:188} INFO - Fetching page 43 of 327 for price category: dibawah-80-juta
[2024-08-15T07:28:19.030+0700] {logging_mixin.py:188} INFO - Fetching page 44 of 327 for price category: dibawah-80-juta
[2024-08-15T07:28:21.376+0700] {logging_mixin.py:188} INFO - Fetching page 45 of 327 for price category: dibawah-80-juta
[2024-08-15T07:28:25.738+0700] {logging_mixin.py:188} INFO - Fetching page 46 of 327 for price category: dibawah-80-juta
[2024-08-15T07:28:29.670+0700] {logging_mixin.py:188} INFO - Fetching page 47 of 327 for price category: dibawah-80-juta
[2024-08-15T07:28:32.996+0700] {logging_mixin.py:188} INFO - Fetching page 48 of 327 for price category: dibawah-80-juta
[2024-08-15T07:28:34.464+0700] {logging_mixin.py:188} INFO - Fetching page 49 of 327 for price category: dibawah-80-juta
[2024-08-15T07:28:38.083+0700] {logging_mixin.py:188} INFO - Fetching page 50 of 327 for price category: dibawah-80-juta
[2024-08-15T07:28:42.508+0700] {logging_mixin.py:188} INFO - Fetching page 51 of 327 for price category: dibawah-80-juta
[2024-08-15T07:28:47.267+0700] {logging_mixin.py:188} INFO - Fetching page 52 of 327 for price category: dibawah-80-juta
[2024-08-15T07:28:48.769+0700] {logging_mixin.py:188} INFO - Fetching page 53 of 327 for price category: dibawah-80-juta
[2024-08-15T07:28:52.637+0700] {logging_mixin.py:188} INFO - Fetching page 54 of 327 for price category: dibawah-80-juta
[2024-08-15T07:28:54.387+0700] {logging_mixin.py:188} INFO - Fetching page 55 of 327 for price category: dibawah-80-juta
[2024-08-15T07:28:58.725+0700] {logging_mixin.py:188} INFO - Fetching page 56 of 327 for price category: dibawah-80-juta
[2024-08-15T07:29:01.697+0700] {logging_mixin.py:188} INFO - Fetching page 57 of 327 for price category: dibawah-80-juta
[2024-08-15T07:29:04.987+0700] {logging_mixin.py:188} INFO - Fetching page 58 of 327 for price category: dibawah-80-juta
[2024-08-15T07:29:07.744+0700] {logging_mixin.py:188} INFO - Fetching page 59 of 327 for price category: dibawah-80-juta
[2024-08-15T07:29:10.944+0700] {logging_mixin.py:188} INFO - Fetching page 60 of 327 for price category: dibawah-80-juta
[2024-08-15T07:29:15.950+0700] {logging_mixin.py:188} INFO - Fetching page 61 of 327 for price category: dibawah-80-juta
[2024-08-15T07:29:19.366+0700] {logging_mixin.py:188} INFO - Fetching page 62 of 327 for price category: dibawah-80-juta
[2024-08-15T07:29:23.954+0700] {logging_mixin.py:188} INFO - Fetching page 63 of 327 for price category: dibawah-80-juta
[2024-08-15T07:29:27.691+0700] {logging_mixin.py:188} INFO - Fetching page 64 of 327 for price category: dibawah-80-juta
[2024-08-15T07:29:30.538+0700] {logging_mixin.py:188} INFO - Fetching page 65 of 327 for price category: dibawah-80-juta
[2024-08-15T07:29:32.326+0700] {logging_mixin.py:188} INFO - Fetching page 66 of 327 for price category: dibawah-80-juta
[2024-08-15T07:29:36.051+0700] {logging_mixin.py:188} INFO - Fetching page 67 of 327 for price category: dibawah-80-juta
[2024-08-15T07:29:39.159+0700] {logging_mixin.py:188} INFO - Fetching page 68 of 327 for price category: dibawah-80-juta
[2024-08-15T07:29:41.335+0700] {logging_mixin.py:188} INFO - Fetching page 69 of 327 for price category: dibawah-80-juta
[2024-08-15T07:29:43.988+0700] {logging_mixin.py:188} INFO - Fetching page 70 of 327 for price category: dibawah-80-juta
[2024-08-15T07:29:47.129+0700] {logging_mixin.py:188} INFO - Fetching page 71 of 327 for price category: dibawah-80-juta
[2024-08-15T07:29:49.243+0700] {logging_mixin.py:188} INFO - Fetching page 72 of 327 for price category: dibawah-80-juta
[2024-08-15T07:29:53.031+0700] {logging_mixin.py:188} INFO - Fetching page 73 of 327 for price category: dibawah-80-juta
[2024-08-15T07:29:56.460+0700] {logging_mixin.py:188} INFO - Fetching page 74 of 327 for price category: dibawah-80-juta
[2024-08-15T07:29:59.273+0700] {logging_mixin.py:188} INFO - Fetching page 75 of 327 for price category: dibawah-80-juta
[2024-08-15T07:30:02.858+0700] {logging_mixin.py:188} INFO - Fetching page 76 of 327 for price category: dibawah-80-juta
[2024-08-15T07:30:06.853+0700] {logging_mixin.py:188} INFO - Fetching page 77 of 327 for price category: dibawah-80-juta
[2024-08-15T07:30:12.184+0700] {logging_mixin.py:188} INFO - Fetching page 78 of 327 for price category: dibawah-80-juta
[2024-08-15T07:30:16.320+0700] {logging_mixin.py:188} INFO - Fetching page 79 of 327 for price category: dibawah-80-juta
[2024-08-15T07:30:20.182+0700] {logging_mixin.py:188} INFO - Fetching page 80 of 327 for price category: dibawah-80-juta
[2024-08-15T07:30:24.057+0700] {logging_mixin.py:188} INFO - Fetching page 81 of 327 for price category: dibawah-80-juta
[2024-08-15T07:30:28.710+0700] {logging_mixin.py:188} INFO - Fetching page 82 of 327 for price category: dibawah-80-juta
[2024-08-15T07:30:30.775+0700] {logging_mixin.py:188} INFO - Fetching page 83 of 327 for price category: dibawah-80-juta
[2024-08-15T07:30:34.378+0700] {logging_mixin.py:188} INFO - Fetching page 84 of 327 for price category: dibawah-80-juta
[2024-08-15T07:30:37.315+0700] {logging_mixin.py:188} INFO - Fetching page 85 of 327 for price category: dibawah-80-juta
[2024-08-15T07:30:40.411+0700] {logging_mixin.py:188} INFO - Fetching page 86 of 327 for price category: dibawah-80-juta
[2024-08-15T07:30:42.356+0700] {logging_mixin.py:188} INFO - Fetching page 87 of 327 for price category: dibawah-80-juta
[2024-08-15T07:30:45.195+0700] {logging_mixin.py:188} INFO - Fetching page 88 of 327 for price category: dibawah-80-juta
[2024-08-15T07:30:48.058+0700] {logging_mixin.py:188} INFO - Fetching page 89 of 327 for price category: dibawah-80-juta
[2024-08-15T07:30:52.348+0700] {logging_mixin.py:188} INFO - Fetching page 90 of 327 for price category: dibawah-80-juta
[2024-08-15T07:30:55.057+0700] {logging_mixin.py:188} INFO - Fetching page 91 of 327 for price category: dibawah-80-juta
[2024-08-15T07:30:56.795+0700] {logging_mixin.py:188} INFO - Fetching page 92 of 327 for price category: dibawah-80-juta
[2024-08-15T07:30:58.264+0700] {logging_mixin.py:188} INFO - Fetching page 93 of 327 for price category: dibawah-80-juta
[2024-08-15T07:30:59.662+0700] {logging_mixin.py:188} INFO - Fetching page 94 of 327 for price category: dibawah-80-juta
[2024-08-15T07:31:04.045+0700] {logging_mixin.py:188} INFO - Fetching page 95 of 327 for price category: dibawah-80-juta
[2024-08-15T07:31:08.476+0700] {logging_mixin.py:188} INFO - Fetching page 96 of 327 for price category: dibawah-80-juta
[2024-08-15T07:31:12.993+0700] {logging_mixin.py:188} INFO - Fetching page 97 of 327 for price category: dibawah-80-juta
[2024-08-15T07:31:14.989+0700] {logging_mixin.py:188} INFO - Fetching page 98 of 327 for price category: dibawah-80-juta
[2024-08-15T07:31:18.825+0700] {logging_mixin.py:188} INFO - Fetching page 99 of 327 for price category: dibawah-80-juta
[2024-08-15T07:31:22.307+0700] {logging_mixin.py:188} INFO - Fetching page 100 of 327 for price category: dibawah-80-juta
[2024-08-15T07:31:25.128+0700] {logging_mixin.py:188} INFO - Fetching page 101 of 327 for price category: dibawah-80-juta
[2024-08-15T07:31:28.471+0700] {logging_mixin.py:188} INFO - Fetching page 102 of 327 for price category: dibawah-80-juta
[2024-08-15T07:31:31.304+0700] {logging_mixin.py:188} INFO - Fetching page 103 of 327 for price category: dibawah-80-juta
[2024-08-15T07:31:34.222+0700] {logging_mixin.py:188} INFO - Fetching page 104 of 327 for price category: dibawah-80-juta
[2024-08-15T07:31:39.588+0700] {logging_mixin.py:188} INFO - Fetching page 105 of 327 for price category: dibawah-80-juta
[2024-08-15T07:31:42.864+0700] {logging_mixin.py:188} INFO - Fetching page 106 of 327 for price category: dibawah-80-juta
[2024-08-15T07:31:47.494+0700] {logging_mixin.py:188} INFO - Fetching page 107 of 327 for price category: dibawah-80-juta
[2024-08-15T07:31:50.282+0700] {logging_mixin.py:188} INFO - Fetching page 108 of 327 for price category: dibawah-80-juta
[2024-08-15T07:31:51.970+0700] {logging_mixin.py:188} INFO - Fetching page 109 of 327 for price category: dibawah-80-juta
[2024-08-15T07:31:56.341+0700] {logging_mixin.py:188} INFO - Fetching page 110 of 327 for price category: dibawah-80-juta
[2024-08-15T07:32:01.266+0700] {logging_mixin.py:188} INFO - Fetching page 111 of 327 for price category: dibawah-80-juta
[2024-08-15T07:32:03.129+0700] {logging_mixin.py:188} INFO - Fetching page 112 of 327 for price category: dibawah-80-juta
[2024-08-15T07:32:06.744+0700] {logging_mixin.py:188} INFO - Fetching page 113 of 327 for price category: dibawah-80-juta
[2024-08-15T07:32:08.305+0700] {logging_mixin.py:188} INFO - Fetching page 114 of 327 for price category: dibawah-80-juta
[2024-08-15T07:32:12.357+0700] {logging_mixin.py:188} INFO - Fetching page 115 of 327 for price category: dibawah-80-juta
[2024-08-15T07:32:17.164+0700] {logging_mixin.py:188} INFO - Fetching page 116 of 327 for price category: dibawah-80-juta
[2024-08-15T07:32:20.048+0700] {logging_mixin.py:188} INFO - Fetching page 117 of 327 for price category: dibawah-80-juta
[2024-08-15T07:32:23.126+0700] {logging_mixin.py:188} INFO - Fetching page 118 of 327 for price category: dibawah-80-juta
[2024-08-15T07:32:24.621+0700] {logging_mixin.py:188} INFO - Fetching page 119 of 327 for price category: dibawah-80-juta
[2024-08-15T07:32:28.328+0700] {logging_mixin.py:188} INFO - Fetching page 120 of 327 for price category: dibawah-80-juta
[2024-08-15T07:32:30.536+0700] {logging_mixin.py:188} INFO - Fetching page 121 of 327 for price category: dibawah-80-juta
[2024-08-15T07:32:33.449+0700] {logging_mixin.py:188} INFO - Fetching page 122 of 327 for price category: dibawah-80-juta
[2024-08-15T07:32:36.530+0700] {logging_mixin.py:188} INFO - Fetching page 123 of 327 for price category: dibawah-80-juta
[2024-08-15T07:32:39.221+0700] {logging_mixin.py:188} INFO - Fetching page 124 of 327 for price category: dibawah-80-juta
[2024-08-15T07:32:43.078+0700] {logging_mixin.py:188} INFO - Fetching page 125 of 327 for price category: dibawah-80-juta
[2024-08-15T07:32:46.669+0700] {logging_mixin.py:188} INFO - Fetching page 126 of 327 for price category: dibawah-80-juta
[2024-08-15T07:32:48.424+0700] {logging_mixin.py:188} INFO - Fetching page 127 of 327 for price category: dibawah-80-juta
[2024-08-15T07:32:50.345+0700] {logging_mixin.py:188} INFO - Fetching page 128 of 327 for price category: dibawah-80-juta
[2024-08-15T07:32:53.380+0700] {logging_mixin.py:188} INFO - Fetching page 129 of 327 for price category: dibawah-80-juta
[2024-08-15T07:32:56.304+0700] {logging_mixin.py:188} INFO - Fetching page 130 of 327 for price category: dibawah-80-juta
[2024-08-15T07:33:00.332+0700] {logging_mixin.py:188} INFO - Fetching page 131 of 327 for price category: dibawah-80-juta
[2024-08-15T07:33:05.680+0700] {logging_mixin.py:188} INFO - Fetching page 132 of 327 for price category: dibawah-80-juta
