[2024-08-19T22:28:25.016+0700] {local_task_job_runner.py:120} INFO - ::group::Pre task execution logs
[2024-08-19T22:28:25.160+0700] {taskinstance.py:2076} INFO - Dependencies all met for dep_context=non-requeueable deps ti=<TaskInstance: scrap_to_dag.scrape_oto scheduled__2024-08-17T00:00:00+00:00 [queued]>
[2024-08-19T22:28:25.173+0700] {taskinstance.py:2076} INFO - Dependencies all met for dep_context=requeueable deps ti=<TaskInstance: scrap_to_dag.scrape_oto scheduled__2024-08-17T00:00:00+00:00 [queued]>
[2024-08-19T22:28:25.174+0700] {taskinstance.py:2306} INFO - Starting attempt 1 of 2
[2024-08-19T22:28:25.195+0700] {taskinstance.py:2330} INFO - Executing <Task(PythonOperator): scrape_oto> on 2024-08-17 00:00:00+00:00
[2024-08-19T22:28:25.200+0700] {standard_task_runner.py:64} INFO - Started process 22308 to run task
[2024-08-19T22:28:25.205+0700] {standard_task_runner.py:90} INFO - Running: ['***', 'tasks', 'run', 'scrap_to_dag', 'scrape_oto', 'scheduled__2024-08-17T00:00:00+00:00', '--job-id', '38', '--raw', '--subdir', 'DAGS_FOLDER/oto/scrap_oto.py', '--cfg-path', '/tmp/tmp1gx5s14y']
[2024-08-19T22:28:25.209+0700] {standard_task_runner.py:91} INFO - Job 38: Subtask scrape_oto
[2024-08-19T22:28:25.288+0700] {task_command.py:426} INFO - Running <TaskInstance: scrap_to_dag.scrape_oto scheduled__2024-08-17T00:00:00+00:00 [running]> on host BrightHorizons.
[2024-08-19T22:28:25.419+0700] {taskinstance.py:2648} INFO - Exporting env vars: AIRFLOW_CTX_DAG_OWNER='***' AIRFLOW_CTX_DAG_ID='scrap_to_dag' AIRFLOW_CTX_TASK_ID='scrape_oto' AIRFLOW_CTX_EXECUTION_DATE='2024-08-17T00:00:00+00:00' AIRFLOW_CTX_TRY_NUMBER='1' AIRFLOW_CTX_DAG_RUN_ID='scheduled__2024-08-17T00:00:00+00:00'
[2024-08-19T22:28:25.420+0700] {taskinstance.py:430} INFO - ::endgroup::
[2024-08-19T22:28:25.432+0700] {logging_mixin.py:188} INFO - Fetching data for price category: dibawah-30-juta on date: 2024-08-19
[2024-08-19T22:28:25.722+0700] {logging_mixin.py:188} INFO - Fetching page 1 of 5 for price category: dibawah-30-juta
[2024-08-19T22:28:27.827+0700] {logging_mixin.py:188} INFO - Fetching page 2 of 5 for price category: dibawah-30-juta
[2024-08-19T22:28:30.336+0700] {logging_mixin.py:188} INFO - Fetching page 3 of 5 for price category: dibawah-30-juta
[2024-08-19T22:28:35.070+0700] {logging_mixin.py:188} INFO - Fetching page 4 of 5 for price category: dibawah-30-juta
[2024-08-19T22:28:38.766+0700] {logging_mixin.py:188} INFO - Fetching page 5 of 5 for price category: dibawah-30-juta
[2024-08-19T22:28:42.047+0700] {logging_mixin.py:188} INFO - Data for price category dibawah-30-juta written to /home/miracle/mobil/scrape/output/oto/2024-08-19/oto_car_dibawah_30_juta_2024-08-19.csv
[2024-08-19T22:28:42.047+0700] {logging_mixin.py:188} INFO - Fetching data for price category: dibawah-40-juta on date: 2024-08-19
[2024-08-19T22:28:42.332+0700] {logging_mixin.py:188} INFO - Fetching page 1 of 17 for price category: dibawah-40-juta
[2024-08-19T22:28:45.343+0700] {logging_mixin.py:188} INFO - Fetching page 2 of 17 for price category: dibawah-40-juta
[2024-08-19T22:28:50.204+0700] {logging_mixin.py:188} INFO - Fetching page 3 of 17 for price category: dibawah-40-juta
[2024-08-19T22:28:51.942+0700] {logging_mixin.py:188} INFO - Fetching page 4 of 17 for price category: dibawah-40-juta
[2024-08-19T22:28:55.397+0700] {logging_mixin.py:188} INFO - Fetching page 5 of 17 for price category: dibawah-40-juta
[2024-08-19T22:28:59.610+0700] {logging_mixin.py:188} INFO - Fetching page 6 of 17 for price category: dibawah-40-juta
[2024-08-19T22:29:03.306+0700] {logging_mixin.py:188} INFO - Fetching page 7 of 17 for price category: dibawah-40-juta
[2024-08-19T22:29:06.295+0700] {logging_mixin.py:188} INFO - Fetching page 8 of 17 for price category: dibawah-40-juta
[2024-08-19T22:29:10.216+0700] {logging_mixin.py:188} INFO - Fetching page 9 of 17 for price category: dibawah-40-juta
[2024-08-19T22:29:13.550+0700] {logging_mixin.py:188} INFO - Fetching page 10 of 17 for price category: dibawah-40-juta
[2024-08-19T22:29:17.014+0700] {logging_mixin.py:188} INFO - Fetching page 11 of 17 for price category: dibawah-40-juta
[2024-08-19T22:29:20.825+0700] {logging_mixin.py:188} INFO - Fetching page 12 of 17 for price category: dibawah-40-juta
[2024-08-19T22:29:22.340+0700] {logging_mixin.py:188} INFO - Fetching page 13 of 17 for price category: dibawah-40-juta
[2024-08-19T22:29:25.624+0700] {logging_mixin.py:188} INFO - Fetching page 14 of 17 for price category: dibawah-40-juta
[2024-08-19T22:29:25.767+0700] {local_task_job_runner.py:313} WARNING - State of this instance has been externally set to success. Terminating instance.
[2024-08-19T22:29:25.768+0700] {local_task_job_runner.py:222} INFO - ::endgroup::
[2024-08-19T22:29:25.773+0700] {process_utils.py:132} INFO - Sending 15 to group 22308. PIDs of all processes in the group: [22308]
[2024-08-19T22:29:25.774+0700] {process_utils.py:87} INFO - Sending the signal 15 to group 22308
[2024-08-19T22:29:25.789+0700] {taskinstance.py:2611} ERROR - Received SIGTERM. Terminating subprocesses.
[2024-08-19T22:29:25.790+0700] {taskinstance.py:441} INFO - ::group::Post task execution logs
[2024-08-19T22:29:25.909+0700] {process_utils.py:80} INFO - Process psutil.Process(pid=22308, status='terminated', exitcode=0, started='22:28:24') (22308) terminated with exit code 0
