[2024-08-31T20:26:54.546+0700] {local_task_job_runner.py:120} INFO - ::group::Pre task execution logs
[2024-08-31T20:26:54.691+0700] {taskinstance.py:2076} INFO - Dependencies all met for dep_context=non-requeueable deps ti=<TaskInstance: scrap_carmudi.scrape_carmudi manual__2024-08-31T13:26:53.367983+00:00 [queued]>
[2024-08-31T20:26:54.699+0700] {taskinstance.py:2076} INFO - Dependencies all met for dep_context=requeueable deps ti=<TaskInstance: scrap_carmudi.scrape_carmudi manual__2024-08-31T13:26:53.367983+00:00 [queued]>
[2024-08-31T20:26:54.700+0700] {taskinstance.py:2306} INFO - Starting attempt 1 of 2
[2024-08-31T20:26:54.713+0700] {taskinstance.py:2330} INFO - Executing <Task(PythonOperator): scrape_carmudi> on 2024-08-31 13:26:53.367983+00:00
[2024-08-31T20:26:54.717+0700] {standard_task_runner.py:64} INFO - Started process 32264 to run task
[2024-08-31T20:26:54.720+0700] {standard_task_runner.py:90} INFO - Running: ['***', 'tasks', 'run', 'scrap_carmudi', 'scrape_carmudi', 'manual__2024-08-31T13:26:53.367983+00:00', '--job-id', '163', '--raw', '--subdir', 'DAGS_FOLDER/carmudi/scrape_carmudi.py', '--cfg-path', '/tmp/tmpo1nq_p44']
[2024-08-31T20:26:54.723+0700] {standard_task_runner.py:91} INFO - Job 163: Subtask scrape_carmudi
[2024-08-31T20:26:54.785+0700] {task_command.py:426} INFO - Running <TaskInstance: scrap_carmudi.scrape_carmudi manual__2024-08-31T13:26:53.367983+00:00 [running]> on host BrightHorizons.
[2024-08-31T20:26:54.879+0700] {taskinstance.py:2648} INFO - Exporting env vars: AIRFLOW_CTX_DAG_OWNER='***' AIRFLOW_CTX_DAG_ID='scrap_carmudi' AIRFLOW_CTX_TASK_ID='scrape_carmudi' AIRFLOW_CTX_EXECUTION_DATE='2024-08-31T13:26:53.367983+00:00' AIRFLOW_CTX_TRY_NUMBER='1' AIRFLOW_CTX_DAG_RUN_ID='manual__2024-08-31T13:26:53.367983+00:00'
[2024-08-31T20:26:54.880+0700] {taskinstance.py:430} INFO - ::endgroup::
[2024-08-31T20:26:56.081+0700] {logging_mixin.py:188} INFO - Fetching page 1 of 1 for price category: dibawah 30 Juta
[2024-08-31T20:26:56.741+0700] {logging_mixin.py:188} INFO - Fetching page 1 of 3 for price category: dibawah 60 Juta
[2024-08-31T20:26:56.844+0700] {logging_mixin.py:188} INFO - Fetching page 1 of 2 for price category: dibawah 50 Juta
[2024-08-31T20:26:57.222+0700] {logging_mixin.py:188} INFO - Fetching page 1 of 2 for price category: dibawah 40 Juta
[2024-08-31T20:26:57.691+0700] {logging_mixin.py:188} INFO - Sleeping for 2.71 seconds...
[2024-08-31T20:26:58.794+0700] {logging_mixin.py:188} INFO - Sleeping for 2.57 seconds...
[2024-08-31T20:26:58.912+0700] {logging_mixin.py:188} INFO - Sleeping for 1.93 seconds...
[2024-08-31T20:26:58.974+0700] {logging_mixin.py:188} INFO - Sleeping for 1.53 seconds...
[2024-08-31T20:27:00.404+0700] {logging_mixin.py:188} INFO - Data for price category dibawah 30 Juta written to /home/miracle/mobil/scrape/output/carmudi/2024-08-31/carmudi_dibawah 30 Juta_2024-08-31.csv
[2024-08-31T20:27:00.508+0700] {logging_mixin.py:188} INFO - Fetching page 2 of 3 for price category: dibawah 60 Juta
[2024-08-31T20:27:00.847+0700] {logging_mixin.py:188} INFO - Fetching page 2 of 2 for price category: dibawah 40 Juta
[2024-08-31T20:27:01.385+0700] {logging_mixin.py:188} INFO - Fetching page 2 of 2 for price category: dibawah 50 Juta
[2024-08-31T20:27:01.851+0700] {logging_mixin.py:188} INFO - Sleeping for 1.86 seconds...
[2024-08-31T20:27:02.173+0700] {logging_mixin.py:188} INFO - Sleeping for 2.25 seconds...
[2024-08-31T20:27:02.316+0700] {logging_mixin.py:188} INFO - Fetching page 1 of 4 for price category: dibawah 70 Juta
[2024-08-31T20:27:02.736+0700] {logging_mixin.py:188} INFO - Sleeping for 2.96 seconds...
[2024-08-31T20:27:03.612+0700] {logging_mixin.py:188} INFO - Sleeping for 2.99 seconds...
[2024-08-31T20:27:03.716+0700] {logging_mixin.py:188} INFO - Fetching page 3 of 3 for price category: dibawah 60 Juta
[2024-08-31T20:27:04.433+0700] {logging_mixin.py:188} INFO - Data for price category dibawah 40 Juta written to /home/miracle/mobil/scrape/output/carmudi/2024-08-31/carmudi_dibawah 40 Juta_2024-08-31.csv
[2024-08-31T20:27:04.739+0700] {logging_mixin.py:188} INFO - Sleeping for 2.65 seconds...
[2024-08-31T20:27:05.722+0700] {logging_mixin.py:188} INFO - Data for price category dibawah 50 Juta written to /home/miracle/mobil/scrape/output/carmudi/2024-08-31/carmudi_dibawah 50 Juta_2024-08-31.csv
[2024-08-31T20:27:05.849+0700] {logging_mixin.py:188} INFO - Fetching page 1 of 5 for price category: dibawah 80 Juta
[2024-08-31T20:27:06.609+0700] {logging_mixin.py:188} INFO - Fetching page 2 of 4 for price category: dibawah 70 Juta
[2024-08-31T20:27:07.476+0700] {logging_mixin.py:188} INFO - Data for price category dibawah 60 Juta written to /home/miracle/mobil/scrape/output/carmudi/2024-08-31/carmudi_dibawah 60 Juta_2024-08-31.csv
[2024-08-31T20:27:07.501+0700] {logging_mixin.py:188} INFO - Sleeping for 2.12 seconds...
[2024-08-31T20:27:07.679+0700] {logging_mixin.py:188} INFO - Fetching page 1 of 9 for price category: dibawah 90 Juta
[2024-08-31T20:27:09.677+0700] {logging_mixin.py:188} INFO - Fetching page 2 of 5 for price category: dibawah 80 Juta
[2024-08-31T20:27:09.818+0700] {logging_mixin.py:188} INFO - Sleeping for 2.59 seconds...
[2024-08-31T20:27:11.208+0700] {logging_mixin.py:188} INFO - Sleeping for 1.90 seconds...
[2024-08-31T20:27:12.416+0700] {logging_mixin.py:188} INFO - Fetching page 3 of 4 for price category: dibawah 70 Juta
[2024-08-31T20:27:13.111+0700] {logging_mixin.py:188} INFO - Fetching page 2 of 9 for price category: dibawah 90 Juta
[2024-08-31T20:27:14.703+0700] {logging_mixin.py:188} INFO - Sleeping for 1.68 seconds...
[2024-08-31T20:27:16.382+0700] {logging_mixin.py:188} INFO - Fetching page 3 of 5 for price category: dibawah 80 Juta
[2024-08-31T20:27:17.353+0700] {logging_mixin.py:188} INFO - Sleeping for 1.72 seconds...
[2024-08-31T20:27:17.417+0700] {logging_mixin.py:188} INFO - Sleeping for 1.58 seconds...
[2024-08-31T20:27:19.003+0700] {logging_mixin.py:188} INFO - Fetching page 4 of 4 for price category: dibawah 70 Juta
[2024-08-31T20:27:19.079+0700] {logging_mixin.py:188} INFO - Fetching page 3 of 9 for price category: dibawah 90 Juta
[2024-08-31T20:27:20.106+0700] {logging_mixin.py:188} INFO - Sleeping for 2.32 seconds...
[2024-08-31T20:27:22.298+0700] {logging_mixin.py:188} INFO - Sleeping for 2.62 seconds...
[2024-08-31T20:27:22.430+0700] {logging_mixin.py:188} INFO - Fetching page 4 of 5 for price category: dibawah 80 Juta
[2024-08-31T20:27:22.801+0700] {logging_mixin.py:188} INFO - Sleeping for 1.51 seconds...
[2024-08-31T20:27:24.318+0700] {logging_mixin.py:188} INFO - Fetching page 4 of 9 for price category: dibawah 90 Juta
[2024-08-31T20:27:24.925+0700] {logging_mixin.py:188} INFO - Data for price category dibawah 70 Juta written to /home/miracle/mobil/scrape/output/carmudi/2024-08-31/carmudi_dibawah 70 Juta_2024-08-31.csv
[2024-08-31T20:27:25.578+0700] {logging_mixin.py:188} INFO - Sleeping for 1.64 seconds...
[2024-08-31T20:27:26.408+0700] {logging_mixin.py:188} INFO - Sleeping for 1.98 seconds...
[2024-08-31T20:27:27.217+0700] {logging_mixin.py:188} INFO - Fetching page 5 of 5 for price category: dibawah 80 Juta
[2024-08-31T20:27:28.395+0700] {logging_mixin.py:188} INFO - Fetching page 5 of 9 for price category: dibawah 90 Juta
[2024-08-31T20:27:29.461+0700] {logging_mixin.py:188} INFO - Sleeping for 1.54 seconds...
[2024-08-31T20:27:31.001+0700] {logging_mixin.py:188} INFO - Data for price category dibawah 80 Juta written to /home/miracle/mobil/scrape/output/carmudi/2024-08-31/carmudi_dibawah 80 Juta_2024-08-31.csv
[2024-08-31T20:27:32.051+0700] {logging_mixin.py:188} INFO - Sleeping for 2.88 seconds...
[2024-08-31T20:27:34.936+0700] {logging_mixin.py:188} INFO - Fetching page 6 of 9 for price category: dibawah 90 Juta
[2024-08-31T20:27:37.479+0700] {logging_mixin.py:188} INFO - Sleeping for 1.72 seconds...
[2024-08-31T20:27:39.204+0700] {logging_mixin.py:188} INFO - Fetching page 7 of 9 for price category: dibawah 90 Juta
[2024-08-31T20:27:41.045+0700] {logging_mixin.py:188} INFO - Sleeping for 2.31 seconds...
[2024-08-31T20:27:43.355+0700] {logging_mixin.py:188} INFO - Fetching page 8 of 9 for price category: dibawah 90 Juta
[2024-08-31T20:27:45.536+0700] {logging_mixin.py:188} INFO - Sleeping for 2.27 seconds...
[2024-08-31T20:27:47.804+0700] {logging_mixin.py:188} INFO - Fetching page 9 of 9 for price category: dibawah 90 Juta
[2024-08-31T20:27:50.288+0700] {logging_mixin.py:188} INFO - Sleeping for 2.87 seconds...
[2024-08-31T20:27:53.164+0700] {logging_mixin.py:188} INFO - Data for price category dibawah 90 Juta written to /home/miracle/mobil/scrape/output/carmudi/2024-08-31/carmudi_dibawah 90 Juta_2024-08-31.csv
[2024-08-31T20:27:53.166+0700] {python.py:237} INFO - Done. Returned value was: None
[2024-08-31T20:27:53.166+0700] {taskinstance.py:441} INFO - ::group::Post task execution logs
[2024-08-31T20:27:53.179+0700] {taskinstance.py:1206} INFO - Marking task as SUCCESS. dag_id=scrap_carmudi, task_id=scrape_carmudi, run_id=manual__2024-08-31T13:26:53.367983+00:00, execution_date=20240831T132653, start_date=20240831T132654, end_date=20240831T132753
[2024-08-31T20:27:53.221+0700] {local_task_job_runner.py:243} INFO - Task exited with return code 0
[2024-08-31T20:27:53.242+0700] {taskinstance.py:3503} INFO - 1 downstream tasks scheduled from follow-on schedule check
[2024-08-31T20:27:53.244+0700] {local_task_job_runner.py:222} INFO - ::endgroup::
