[2024-09-04T23:51:34.004+0700] {local_task_job_runner.py:120} INFO - ::group::Pre task execution logs
[2024-09-04T23:51:34.184+0700] {taskinstance.py:2076} INFO - Dependencies all met for dep_context=non-requeueable deps ti=<TaskInstance: scrap_mobil123.modify_data manual__2024-09-04T16:48:54.030426+00:00 [queued]>
[2024-09-04T23:51:34.200+0700] {taskinstance.py:2076} INFO - Dependencies all met for dep_context=requeueable deps ti=<TaskInstance: scrap_mobil123.modify_data manual__2024-09-04T16:48:54.030426+00:00 [queued]>
[2024-09-04T23:51:34.200+0700] {taskinstance.py:2306} INFO - Starting attempt 1 of 2
[2024-09-04T23:51:34.222+0700] {taskinstance.py:2330} INFO - Executing <Task(SparkSubmitOperator): modify_data> on 2024-09-04 16:48:54.030426+00:00
[2024-09-04T23:51:34.228+0700] {standard_task_runner.py:64} INFO - Started process 30955 to run task
[2024-09-04T23:51:34.233+0700] {standard_task_runner.py:90} INFO - Running: ['***', 'tasks', 'run', 'scrap_mobil123', 'modify_data', 'manual__2024-09-04T16:48:54.030426+00:00', '--job-id', '237', '--raw', '--subdir', 'DAGS_FOLDER/mobil123/scrap_mobil123.py', '--cfg-path', '/tmp/tmpw31_ho90']
[2024-09-04T23:51:34.236+0700] {standard_task_runner.py:91} INFO - Job 237: Subtask modify_data
[2024-09-04T23:51:34.327+0700] {task_command.py:426} INFO - Running <TaskInstance: scrap_mobil123.modify_data manual__2024-09-04T16:48:54.030426+00:00 [running]> on host BrightHorizons.
[2024-09-04T23:51:34.495+0700] {taskinstance.py:2648} INFO - Exporting env vars: AIRFLOW_CTX_DAG_OWNER='***' AIRFLOW_CTX_DAG_ID='scrap_mobil123' AIRFLOW_CTX_TASK_ID='modify_data' AIRFLOW_CTX_EXECUTION_DATE='2024-09-04T16:48:54.030426+00:00' AIRFLOW_CTX_TRY_NUMBER='1' AIRFLOW_CTX_DAG_RUN_ID='manual__2024-09-04T16:48:54.030426+00:00'
[2024-09-04T23:51:34.496+0700] {taskinstance.py:430} INFO - ::endgroup::
[2024-09-04T23:51:34.532+0700] {base.py:84} INFO - Using connection ID 'spark_local' for task execution.
[2024-09-04T23:51:34.534+0700] {spark_submit.py:403} INFO - Spark-Submit cmd: spark-submit --master local[*] --name arrow-spark --deploy-mode client /home/miracle/mobil/spark/mobil123.py
[2024-09-04T23:51:37.078+0700] {spark_submit.py:579} INFO - 24/09/04 23:51:37 WARN Utils: Your hostname, BrightHorizons resolves to a loopback address: 127.0.1.1; using 10.255.255.254 instead (on interface lo)
[2024-09-04T23:51:37.082+0700] {spark_submit.py:579} INFO - 24/09/04 23:51:37 WARN Utils: Set SPARK_LOCAL_IP if you need to bind to another address
[2024-09-04T23:51:37.868+0700] {spark_submit.py:579} INFO - python3: can't open file '/home/miracle/mobil/spark/mobil123.py': [Errno 2] No such file or directory
[2024-09-04T23:51:37.890+0700] {spark_submit.py:579} INFO - 24/09/04 23:51:37 INFO ShutdownHookManager: Shutdown hook called
[2024-09-04T23:51:37.891+0700] {spark_submit.py:579} INFO - 24/09/04 23:51:37 INFO ShutdownHookManager: Deleting directory /tmp/spark-ad635f32-141d-4abe-8043-5dad8e644462
[2024-09-04T23:51:37.938+0700] {taskinstance.py:441} INFO - ::group::Post task execution logs
[2024-09-04T23:51:37.955+0700] {taskinstance.py:2905} ERROR - Task failed with exception
Traceback (most recent call last):
  File "/usr/local/lib/python3.10/dist-packages/airflow/models/taskinstance.py", line 465, in _execute_task
    result = _execute_callable(context=context, **execute_callable_kwargs)
  File "/usr/local/lib/python3.10/dist-packages/airflow/models/taskinstance.py", line 432, in _execute_callable
    return execute_callable(context=context, **execute_callable_kwargs)
  File "/usr/local/lib/python3.10/dist-packages/airflow/models/baseoperator.py", line 401, in wrapper
    return func(self, *args, **kwargs)
  File "/usr/local/lib/python3.10/dist-packages/airflow/providers/apache/spark/operators/spark_submit.py", line 174, in execute
    self._hook.submit(self.application)
  File "/usr/local/lib/python3.10/dist-packages/airflow/providers/apache/spark/hooks/spark_submit.py", line 505, in submit
    raise AirflowException(
airflow.exceptions.AirflowException: Cannot execute: spark-submit --master local[*] --name arrow-spark --deploy-mode client /home/miracle/mobil/spark/mobil123.py. Error code is: 2.
[2024-09-04T23:51:37.960+0700] {taskinstance.py:1206} INFO - Marking task as UP_FOR_RETRY. dag_id=scrap_mobil123, task_id=modify_data, run_id=manual__2024-09-04T16:48:54.030426+00:00, execution_date=20240904T164854, start_date=20240904T165134, end_date=20240904T165137
[2024-09-04T23:51:37.976+0700] {standard_task_runner.py:110} ERROR - Failed to execute job 237 for task modify_data (Cannot execute: spark-submit --master local[*] --name arrow-spark --deploy-mode client /home/miracle/mobil/spark/mobil123.py. Error code is: 2.; 30955)
[2024-09-04T23:51:37.988+0700] {local_task_job_runner.py:243} INFO - Task exited with return code 1
[2024-09-04T23:51:38.015+0700] {taskinstance.py:3503} INFO - 0 downstream tasks scheduled from follow-on schedule check
[2024-09-04T23:51:38.018+0700] {local_task_job_runner.py:222} INFO - ::endgroup::
