[2024-08-13T22:24:51.219+0700] {local_task_job_runner.py:120} INFO - ::group::Pre task execution logs
[2024-08-13T22:24:51.444+0700] {taskinstance.py:2076} INFO - Dependencies all met for dep_context=non-requeueable deps ti=<TaskInstance: scrap_to_dag.scrape_oto scheduled__2024-08-08T00:00:00+00:00 [queued]>
[2024-08-13T22:24:51.463+0700] {taskinstance.py:2076} INFO - Dependencies all met for dep_context=requeueable deps ti=<TaskInstance: scrap_to_dag.scrape_oto scheduled__2024-08-08T00:00:00+00:00 [queued]>
[2024-08-13T22:24:51.464+0700] {taskinstance.py:2306} INFO - Starting attempt 1 of 2
[2024-08-13T22:24:51.698+0700] {taskinstance.py:2330} INFO - Executing <Task(PythonOperator): scrape_oto> on 2024-08-08 00:00:00+00:00
[2024-08-13T22:24:51.703+0700] {standard_task_runner.py:64} INFO - Started process 20307 to run task
[2024-08-13T22:24:51.707+0700] {standard_task_runner.py:90} INFO - Running: ['***', 'tasks', 'run', 'scrap_to_dag', 'scrape_oto', 'scheduled__2024-08-08T00:00:00+00:00', '--job-id', '25', '--raw', '--subdir', 'DAGS_FOLDER/oto/scrap_oto.py', '--cfg-path', '/tmp/tmpjd0kbrdz']
[2024-08-13T22:24:51.710+0700] {standard_task_runner.py:91} INFO - Job 25: Subtask scrape_oto
[2024-08-13T22:24:51.796+0700] {task_command.py:426} INFO - Running <TaskInstance: scrap_to_dag.scrape_oto scheduled__2024-08-08T00:00:00+00:00 [running]> on host BrightHorizons.
[2024-08-13T22:24:51.924+0700] {taskinstance.py:2648} INFO - Exporting env vars: AIRFLOW_CTX_DAG_OWNER='***' AIRFLOW_CTX_DAG_ID='scrap_to_dag' AIRFLOW_CTX_TASK_ID='scrape_oto' AIRFLOW_CTX_EXECUTION_DATE='2024-08-08T00:00:00+00:00' AIRFLOW_CTX_TRY_NUMBER='1' AIRFLOW_CTX_DAG_RUN_ID='scheduled__2024-08-08T00:00:00+00:00'
[2024-08-13T22:24:51.925+0700] {taskinstance.py:430} INFO - ::endgroup::
[2024-08-13T22:24:51.937+0700] {logging_mixin.py:188} INFO - Fetching data for price category: dibawah-30-juta on date: 2024-08-13
[2024-08-13T22:24:52.163+0700] {logging_mixin.py:188} INFO - Fetching page 1 of 5 for price category: dibawah-30-juta
[2024-08-13T22:24:54.328+0700] {logging_mixin.py:188} INFO - Fetching page 2 of 5 for price category: dibawah-30-juta
[2024-08-13T22:24:58.260+0700] {logging_mixin.py:188} INFO - Fetching page 3 of 5 for price category: dibawah-30-juta
[2024-08-13T22:25:15.061+0700] {logging_mixin.py:188} INFO - Fetching page 4 of 5 for price category: dibawah-30-juta
[2024-08-13T22:25:20.245+0700] {logging_mixin.py:188} INFO - Fetching page 5 of 5 for price category: dibawah-30-juta
[2024-08-13T22:25:22.522+0700] {logging_mixin.py:188} INFO - Data for price category dibawah-30-juta written to /home/miracle/mobil/scrape/output/oto/2024-08-13/oto_car_dibawah_30_juta_2024-08-13.csv
[2024-08-13T22:25:22.522+0700] {logging_mixin.py:188} INFO - Fetching data for price category: dibawah-40-juta on date: 2024-08-13
[2024-08-13T22:25:22.733+0700] {logging_mixin.py:188} INFO - Fetching page 1 of 17 for price category: dibawah-40-juta
[2024-08-13T22:25:26.831+0700] {logging_mixin.py:188} INFO - Fetching page 2 of 17 for price category: dibawah-40-juta
[2024-08-13T22:25:28.601+0700] {logging_mixin.py:188} INFO - Fetching page 3 of 17 for price category: dibawah-40-juta
[2024-08-13T22:25:30.652+0700] {logging_mixin.py:188} INFO - Fetching page 4 of 17 for price category: dibawah-40-juta
[2024-08-13T22:25:35.005+0700] {logging_mixin.py:188} INFO - Fetching page 5 of 17 for price category: dibawah-40-juta
[2024-08-13T22:25:39.594+0700] {logging_mixin.py:188} INFO - Fetching page 6 of 17 for price category: dibawah-40-juta
[2024-08-13T22:25:42.662+0700] {logging_mixin.py:188} INFO - Fetching page 7 of 17 for price category: dibawah-40-juta
[2024-08-13T22:25:47.801+0700] {logging_mixin.py:188} INFO - Fetching page 8 of 17 for price category: dibawah-40-juta
[2024-08-13T22:25:51.196+0700] {logging_mixin.py:188} INFO - Fetching page 9 of 17 for price category: dibawah-40-juta
[2024-08-13T22:25:56.431+0700] {logging_mixin.py:188} INFO - Fetching page 10 of 17 for price category: dibawah-40-juta
[2024-08-13T22:26:01.659+0700] {logging_mixin.py:188} INFO - Fetching page 11 of 17 for price category: dibawah-40-juta
[2024-08-13T22:26:03.791+0700] {logging_mixin.py:188} INFO - Fetching page 12 of 17 for price category: dibawah-40-juta
[2024-08-13T22:26:08.360+0700] {logging_mixin.py:188} INFO - Fetching page 13 of 17 for price category: dibawah-40-juta
[2024-08-13T22:26:10.705+0700] {logging_mixin.py:188} INFO - Fetching page 14 of 17 for price category: dibawah-40-juta
[2024-08-13T22:26:13.398+0700] {logging_mixin.py:188} INFO - Fetching page 15 of 17 for price category: dibawah-40-juta
[2024-08-13T22:26:16.790+0700] {logging_mixin.py:188} INFO - Fetching page 16 of 17 for price category: dibawah-40-juta
[2024-08-13T22:26:20.970+0700] {logging_mixin.py:188} INFO - Fetching page 17 of 17 for price category: dibawah-40-juta
[2024-08-13T22:26:22.963+0700] {logging_mixin.py:188} INFO - Data for price category dibawah-40-juta written to /home/miracle/mobil/scrape/output/oto/2024-08-13/oto_car_dibawah_40_juta_2024-08-13.csv
[2024-08-13T22:26:22.964+0700] {logging_mixin.py:188} INFO - Fetching data for price category: dibawah-50-juta on date: 2024-08-13
[2024-08-13T22:26:23.194+0700] {logging_mixin.py:188} INFO - Fetching page 1 of 49 for price category: dibawah-50-juta
[2024-08-13T22:26:28.368+0700] {logging_mixin.py:188} INFO - Fetching page 2 of 49 for price category: dibawah-50-juta
[2024-08-13T22:26:32.331+0700] {logging_mixin.py:188} INFO - Fetching page 3 of 49 for price category: dibawah-50-juta
[2024-08-13T22:26:36.999+0700] {logging_mixin.py:188} INFO - Fetching page 4 of 49 for price category: dibawah-50-juta
[2024-08-13T22:26:41.036+0700] {logging_mixin.py:188} INFO - Fetching page 5 of 49 for price category: dibawah-50-juta
[2024-08-13T22:26:45.495+0700] {logging_mixin.py:188} INFO - Fetching page 6 of 49 for price category: dibawah-50-juta
[2024-08-13T22:26:47.525+0700] {logging_mixin.py:188} INFO - Fetching page 7 of 49 for price category: dibawah-50-juta
[2024-08-13T22:26:49.253+0700] {logging_mixin.py:188} INFO - Fetching page 8 of 49 for price category: dibawah-50-juta
[2024-08-13T22:26:52.907+0700] {logging_mixin.py:188} INFO - Fetching page 9 of 49 for price category: dibawah-50-juta
[2024-08-13T22:26:54.983+0700] {logging_mixin.py:188} INFO - Fetching page 10 of 49 for price category: dibawah-50-juta
[2024-08-13T22:26:58.128+0700] {logging_mixin.py:188} INFO - Fetching page 11 of 49 for price category: dibawah-50-juta
[2024-08-13T22:27:01.808+0700] {logging_mixin.py:188} INFO - Fetching page 12 of 49 for price category: dibawah-50-juta
[2024-08-13T22:27:05.178+0700] {logging_mixin.py:188} INFO - Fetching page 13 of 49 for price category: dibawah-50-juta
[2024-08-13T22:27:06.965+0700] {logging_mixin.py:188} INFO - Fetching page 14 of 49 for price category: dibawah-50-juta
[2024-08-13T22:27:09.074+0700] {logging_mixin.py:188} INFO - Fetching page 15 of 49 for price category: dibawah-50-juta
[2024-08-13T22:27:11.380+0700] {logging_mixin.py:188} INFO - Fetching page 16 of 49 for price category: dibawah-50-juta
[2024-08-13T22:27:14.360+0700] {logging_mixin.py:188} INFO - Fetching page 17 of 49 for price category: dibawah-50-juta
[2024-08-13T22:27:16.248+0700] {logging_mixin.py:188} INFO - Fetching page 18 of 49 for price category: dibawah-50-juta
[2024-08-13T22:27:19.741+0700] {logging_mixin.py:188} INFO - Fetching page 19 of 49 for price category: dibawah-50-juta
[2024-08-13T22:27:24.566+0700] {logging_mixin.py:188} INFO - Fetching page 20 of 49 for price category: dibawah-50-juta
[2024-08-13T22:27:28.677+0700] {logging_mixin.py:188} INFO - Fetching page 21 of 49 for price category: dibawah-50-juta
[2024-08-13T22:27:32.375+0700] {logging_mixin.py:188} INFO - Fetching page 22 of 49 for price category: dibawah-50-juta
[2024-08-13T22:27:33.935+0700] {logging_mixin.py:188} INFO - Fetching page 23 of 49 for price category: dibawah-50-juta
[2024-08-13T22:27:36.160+0700] {logging_mixin.py:188} INFO - Fetching page 24 of 49 for price category: dibawah-50-juta
[2024-08-13T22:27:40.215+0700] {logging_mixin.py:188} INFO - Fetching page 25 of 49 for price category: dibawah-50-juta
[2024-08-13T22:27:43.271+0700] {logging_mixin.py:188} INFO - Fetching page 26 of 49 for price category: dibawah-50-juta
[2024-08-13T22:27:45.850+0700] {logging_mixin.py:188} INFO - Fetching page 27 of 49 for price category: dibawah-50-juta
[2024-08-13T22:27:47.227+0700] {logging_mixin.py:188} INFO - Fetching page 28 of 49 for price category: dibawah-50-juta
[2024-08-13T22:27:48.711+0700] {logging_mixin.py:188} INFO - Fetching page 29 of 49 for price category: dibawah-50-juta
[2024-08-13T22:27:52.513+0700] {logging_mixin.py:188} INFO - Fetching page 30 of 49 for price category: dibawah-50-juta
[2024-08-13T22:27:54.491+0700] {logging_mixin.py:188} INFO - Fetching page 31 of 49 for price category: dibawah-50-juta
[2024-08-13T22:27:55.960+0700] {logging_mixin.py:188} INFO - Fetching page 32 of 49 for price category: dibawah-50-juta
[2024-08-13T22:27:58.338+0700] {logging_mixin.py:188} INFO - Fetching page 33 of 49 for price category: dibawah-50-juta
[2024-08-13T22:27:59.707+0700] {logging_mixin.py:188} INFO - Fetching page 34 of 49 for price category: dibawah-50-juta
[2024-08-13T22:28:03.928+0700] {logging_mixin.py:188} INFO - Fetching page 35 of 49 for price category: dibawah-50-juta
[2024-08-13T22:28:07.577+0700] {logging_mixin.py:188} INFO - Fetching page 36 of 49 for price category: dibawah-50-juta
[2024-08-13T22:28:09.488+0700] {logging_mixin.py:188} INFO - Fetching page 37 of 49 for price category: dibawah-50-juta
[2024-08-13T22:28:12.741+0700] {logging_mixin.py:188} INFO - Fetching page 38 of 49 for price category: dibawah-50-juta
[2024-08-13T22:28:13.991+0700] {local_task_job_runner.py:313} WARNING - State of this instance has been externally set to success. Terminating instance.
[2024-08-13T22:28:13.991+0700] {local_task_job_runner.py:222} INFO - ::endgroup::
[2024-08-13T22:28:13.994+0700] {process_utils.py:132} INFO - Sending 15 to group 20307. PIDs of all processes in the group: [20307]
[2024-08-13T22:28:13.995+0700] {process_utils.py:87} INFO - Sending the signal 15 to group 20307
[2024-08-13T22:28:13.995+0700] {taskinstance.py:2611} ERROR - Received SIGTERM. Terminating subprocesses.
[2024-08-13T22:28:13.995+0700] {taskinstance.py:441} INFO - ::group::Post task execution logs
[2024-08-13T22:28:14.168+0700] {process_utils.py:80} INFO - Process psutil.Process(pid=20307, status='terminated', exitcode=0, started='22:24:51') (20307) terminated with exit code 0
