[2024-08-31T19:17:53.593+0700] {local_task_job_runner.py:120} INFO - ::group::Pre task execution logs
[2024-08-31T19:17:53.863+0700] {taskinstance.py:2076} INFO - Dependencies all met for dep_context=non-requeueable deps ti=<TaskInstance: scrap_mobil123.scrape_mobil123 scheduled__2024-08-28T00:00:00+00:00 [queued]>
[2024-08-31T19:17:53.877+0700] {taskinstance.py:2076} INFO - Dependencies all met for dep_context=requeueable deps ti=<TaskInstance: scrap_mobil123.scrape_mobil123 scheduled__2024-08-28T00:00:00+00:00 [queued]>
[2024-08-31T19:17:53.878+0700] {taskinstance.py:2306} INFO - Starting attempt 1 of 2
[2024-08-31T19:17:54.026+0700] {taskinstance.py:2330} INFO - Executing <Task(PythonOperator): scrape_mobil123> on 2024-08-28 00:00:00+00:00
[2024-08-31T19:17:54.032+0700] {standard_task_runner.py:64} INFO - Started process 8921 to run task
[2024-08-31T19:17:54.040+0700] {standard_task_runner.py:90} INFO - Running: ['***', 'tasks', 'run', 'scrap_mobil123', 'scrape_mobil123', 'scheduled__2024-08-28T00:00:00+00:00', '--job-id', '135', '--raw', '--subdir', 'DAGS_FOLDER/mobil123/scrap_mobil123.py', '--cfg-path', '/tmp/tmpp2_lt0r7']
[2024-08-31T19:17:54.042+0700] {standard_task_runner.py:91} INFO - Job 135: Subtask scrape_mobil123
[2024-08-31T19:17:54.141+0700] {task_command.py:426} INFO - Running <TaskInstance: scrap_mobil123.scrape_mobil123 scheduled__2024-08-28T00:00:00+00:00 [running]> on host BrightHorizons.
[2024-08-31T19:17:54.262+0700] {taskinstance.py:2648} INFO - Exporting env vars: AIRFLOW_CTX_DAG_OWNER='***' AIRFLOW_CTX_DAG_ID='scrap_mobil123' AIRFLOW_CTX_TASK_ID='scrape_mobil123' AIRFLOW_CTX_EXECUTION_DATE='2024-08-28T00:00:00+00:00' AIRFLOW_CTX_TRY_NUMBER='1' AIRFLOW_CTX_DAG_RUN_ID='scheduled__2024-08-28T00:00:00+00:00'
[2024-08-31T19:17:54.263+0700] {taskinstance.py:430} INFO - ::endgroup::
[2024-08-31T19:17:55.454+0700] {logging_mixin.py:188} INFO - Fetching page 1 of 2 for price category: dibawah 30 Juta
[2024-08-31T19:17:56.781+0700] {logging_mixin.py:188} INFO - Sleeping for 1.92 seconds...
[2024-08-31T19:17:58.707+0700] {logging_mixin.py:188} INFO - Fetching page 2 of 2 for price category: dibawah 30 Juta
[2024-08-31T19:17:59.713+0700] {logging_mixin.py:188} INFO - Sleeping for 1.89 seconds...
[2024-08-31T19:18:01.608+0700] {logging_mixin.py:188} INFO - Data for price category dibawah 30 Juta written to /home/miracle/mobil/scrape/output/mobil123/2024-08-31/mobil123_dibawah 30 Juta_2024-08-31.csv
[2024-08-31T19:18:02.955+0700] {logging_mixin.py:188} INFO - Fetching page 1 of 4 for price category: dibawah 40 Juta
[2024-08-31T19:18:04.368+0700] {logging_mixin.py:188} INFO - Sleeping for 2.94 seconds...
[2024-08-31T19:18:07.317+0700] {logging_mixin.py:188} INFO - Fetching page 2 of 4 for price category: dibawah 40 Juta
[2024-08-31T19:18:08.624+0700] {logging_mixin.py:188} INFO - Sleeping for 2.00 seconds...
[2024-08-31T19:18:10.627+0700] {logging_mixin.py:188} INFO - Fetching page 3 of 4 for price category: dibawah 40 Juta
[2024-08-31T19:18:11.653+0700] {logging_mixin.py:188} INFO - Sleeping for 1.66 seconds...
[2024-08-31T19:18:13.310+0700] {logging_mixin.py:188} INFO - Fetching page 4 of 4 for price category: dibawah 40 Juta
[2024-08-31T19:18:14.236+0700] {logging_mixin.py:188} INFO - Sleeping for 2.82 seconds...
[2024-08-31T19:18:17.062+0700] {logging_mixin.py:188} INFO - Data for price category dibawah 40 Juta written to /home/miracle/mobil/scrape/output/mobil123/2024-08-31/mobil123_dibawah 40 Juta_2024-08-31.csv
[2024-08-31T19:18:18.307+0700] {logging_mixin.py:188} INFO - Fetching page 1 of 5 for price category: dibawah 50 Juta
[2024-08-31T19:18:19.521+0700] {logging_mixin.py:188} INFO - Sleeping for 1.82 seconds...
[2024-08-31T19:18:21.341+0700] {logging_mixin.py:188} INFO - Fetching page 2 of 5 for price category: dibawah 50 Juta
[2024-08-31T19:18:22.655+0700] {logging_mixin.py:188} INFO - Sleeping for 1.60 seconds...
[2024-08-31T19:18:24.253+0700] {logging_mixin.py:188} INFO - Fetching page 3 of 5 for price category: dibawah 50 Juta
[2024-08-31T19:18:25.289+0700] {logging_mixin.py:188} INFO - Sleeping for 1.61 seconds...
[2024-08-31T19:18:26.901+0700] {logging_mixin.py:188} INFO - Fetching page 4 of 5 for price category: dibawah 50 Juta
[2024-08-31T19:18:28.117+0700] {logging_mixin.py:188} INFO - Sleeping for 2.05 seconds...
[2024-08-31T19:18:30.174+0700] {logging_mixin.py:188} INFO - Fetching page 5 of 5 for price category: dibawah 50 Juta
[2024-08-31T19:18:30.992+0700] {logging_mixin.py:188} INFO - Sleeping for 2.90 seconds...
[2024-08-31T19:18:33.899+0700] {logging_mixin.py:188} INFO - Data for price category dibawah 50 Juta written to /home/miracle/mobil/scrape/output/mobil123/2024-08-31/mobil123_dibawah 50 Juta_2024-08-31.csv
[2024-08-31T19:18:35.085+0700] {logging_mixin.py:188} INFO - Fetching page 1 of 5 for price category: dibawah 60 Juta
[2024-08-31T19:18:36.137+0700] {logging_mixin.py:188} INFO - Sleeping for 1.68 seconds...
[2024-08-31T19:18:37.819+0700] {logging_mixin.py:188} INFO - Fetching page 2 of 5 for price category: dibawah 60 Juta
[2024-08-31T19:18:39.097+0700] {logging_mixin.py:188} INFO - Sleeping for 2.57 seconds...
[2024-08-31T19:18:41.672+0700] {logging_mixin.py:188} INFO - Fetching page 3 of 5 for price category: dibawah 60 Juta
[2024-08-31T19:18:42.879+0700] {logging_mixin.py:188} INFO - Sleeping for 1.66 seconds...
[2024-08-31T19:18:44.544+0700] {logging_mixin.py:188} INFO - Fetching page 4 of 5 for price category: dibawah 60 Juta
[2024-08-31T19:18:45.606+0700] {logging_mixin.py:188} INFO - Sleeping for 2.66 seconds...
[2024-08-31T19:18:48.267+0700] {logging_mixin.py:188} INFO - Fetching page 5 of 5 for price category: dibawah 60 Juta
[2024-08-31T19:18:49.625+0700] {logging_mixin.py:188} INFO - Sleeping for 2.99 seconds...
[2024-08-31T19:18:52.623+0700] {logging_mixin.py:188} INFO - Data for price category dibawah 60 Juta written to /home/miracle/mobil/scrape/output/mobil123/2024-08-31/mobil123_dibawah 60 Juta_2024-08-31.csv
[2024-08-31T19:18:53.817+0700] {logging_mixin.py:188} INFO - Fetching page 1 of 9 for price category: dibawah 70 Juta
[2024-08-31T19:18:56.045+0700] {logging_mixin.py:188} INFO - Sleeping for 1.58 seconds...
[2024-08-31T19:18:57.630+0700] {logging_mixin.py:188} INFO - Fetching page 2 of 9 for price category: dibawah 70 Juta
[2024-08-31T19:18:59.348+0700] {logging_mixin.py:188} INFO - Sleeping for 1.62 seconds...
[2024-08-31T19:19:00.970+0700] {logging_mixin.py:188} INFO - Fetching page 3 of 9 for price category: dibawah 70 Juta
[2024-08-31T19:19:02.629+0700] {logging_mixin.py:188} INFO - Sleeping for 2.25 seconds...
[2024-08-31T19:19:04.880+0700] {logging_mixin.py:188} INFO - Fetching page 4 of 9 for price category: dibawah 70 Juta
[2024-08-31T19:19:06.577+0700] {logging_mixin.py:188} INFO - Sleeping for 2.74 seconds...
[2024-08-31T19:19:09.317+0700] {logging_mixin.py:188} INFO - Fetching page 5 of 9 for price category: dibawah 70 Juta
[2024-08-31T19:19:10.404+0700] {logging_mixin.py:188} INFO - Sleeping for 2.73 seconds...
[2024-08-31T19:19:13.137+0700] {logging_mixin.py:188} INFO - Fetching page 6 of 9 for price category: dibawah 70 Juta
[2024-08-31T19:19:14.391+0700] {logging_mixin.py:188} INFO - Sleeping for 2.22 seconds...
[2024-08-31T19:19:16.609+0700] {logging_mixin.py:188} INFO - Fetching page 7 of 9 for price category: dibawah 70 Juta
[2024-08-31T19:19:18.580+0700] {logging_mixin.py:188} INFO - Sleeping for 2.25 seconds...
[2024-08-31T19:19:20.827+0700] {logging_mixin.py:188} INFO - Fetching page 8 of 9 for price category: dibawah 70 Juta
[2024-08-31T19:19:22.288+0700] {logging_mixin.py:188} INFO - Sleeping for 2.53 seconds...
[2024-08-31T19:19:24.818+0700] {logging_mixin.py:188} INFO - Fetching page 9 of 9 for price category: dibawah 70 Juta
[2024-08-31T19:19:25.825+0700] {logging_mixin.py:188} INFO - Sleeping for 2.06 seconds...
[2024-08-31T19:19:27.891+0700] {logging_mixin.py:188} INFO - Data for price category dibawah 70 Juta written to /home/miracle/mobil/scrape/output/mobil123/2024-08-31/mobil123_dibawah 70 Juta_2024-08-31.csv
[2024-08-31T19:19:29.070+0700] {logging_mixin.py:188} INFO - Fetching page 1 of 18 for price category: dibawah 80 Juta
[2024-08-31T19:19:30.301+0700] {logging_mixin.py:188} INFO - Sleeping for 2.10 seconds...
[2024-08-31T19:19:32.399+0700] {logging_mixin.py:188} INFO - Fetching page 2 of 18 for price category: dibawah 80 Juta
[2024-08-31T19:19:33.721+0700] {logging_mixin.py:188} INFO - Sleeping for 2.60 seconds...
[2024-08-31T19:19:36.323+0700] {logging_mixin.py:188} INFO - Fetching page 3 of 18 for price category: dibawah 80 Juta
[2024-08-31T19:19:37.490+0700] {logging_mixin.py:188} INFO - Sleeping for 2.57 seconds...
[2024-08-31T19:19:40.067+0700] {logging_mixin.py:188} INFO - Fetching page 4 of 18 for price category: dibawah 80 Juta
[2024-08-31T19:19:41.808+0700] {logging_mixin.py:188} INFO - Sleeping for 1.77 seconds...
[2024-08-31T19:19:43.583+0700] {logging_mixin.py:188} INFO - Fetching page 5 of 18 for price category: dibawah 80 Juta
[2024-08-31T19:19:45.140+0700] {logging_mixin.py:188} INFO - Sleeping for 1.75 seconds...
[2024-08-31T19:19:46.887+0700] {logging_mixin.py:188} INFO - Fetching page 6 of 18 for price category: dibawah 80 Juta
[2024-08-31T19:19:48.637+0700] {logging_mixin.py:188} INFO - Sleeping for 2.94 seconds...
[2024-08-31T19:19:51.577+0700] {logging_mixin.py:188} INFO - Fetching page 7 of 18 for price category: dibawah 80 Juta
[2024-08-31T19:19:52.485+0700] {logging_mixin.py:188} INFO - Sleeping for 2.11 seconds...
[2024-08-31T19:19:54.601+0700] {logging_mixin.py:188} INFO - Fetching page 8 of 18 for price category: dibawah 80 Juta
[2024-08-31T19:19:56.167+0700] {logging_mixin.py:188} INFO - Sleeping for 2.31 seconds...
[2024-08-31T19:19:58.481+0700] {logging_mixin.py:188} INFO - Fetching page 9 of 18 for price category: dibawah 80 Juta
[2024-08-31T19:19:59.898+0700] {logging_mixin.py:188} INFO - Sleeping for 2.59 seconds...
[2024-08-31T19:20:02.487+0700] {logging_mixin.py:188} INFO - Fetching page 10 of 18 for price category: dibawah 80 Juta
[2024-08-31T19:20:03.807+0700] {logging_mixin.py:188} INFO - Sleeping for 1.70 seconds...
[2024-08-31T19:20:05.514+0700] {logging_mixin.py:188} INFO - Fetching page 11 of 18 for price category: dibawah 80 Juta
[2024-08-31T19:20:06.741+0700] {logging_mixin.py:188} INFO - Sleeping for 2.39 seconds...
[2024-08-31T19:20:09.136+0700] {logging_mixin.py:188} INFO - Fetching page 12 of 18 for price category: dibawah 80 Juta
[2024-08-31T19:20:10.254+0700] {logging_mixin.py:188} INFO - Sleeping for 1.56 seconds...
[2024-08-31T19:20:11.821+0700] {logging_mixin.py:188} INFO - Fetching page 13 of 18 for price category: dibawah 80 Juta
[2024-08-31T19:20:13.218+0700] {logging_mixin.py:188} INFO - Sleeping for 2.80 seconds...
[2024-08-31T19:20:16.023+0700] {logging_mixin.py:188} INFO - Fetching page 14 of 18 for price category: dibawah 80 Juta
[2024-08-31T19:20:17.094+0700] {logging_mixin.py:188} INFO - Sleeping for 1.51 seconds...
[2024-08-31T19:20:18.602+0700] {logging_mixin.py:188} INFO - Fetching page 15 of 18 for price category: dibawah 80 Juta
[2024-08-31T19:20:20.051+0700] {logging_mixin.py:188} INFO - Sleeping for 1.69 seconds...
[2024-08-31T19:20:21.744+0700] {logging_mixin.py:188} INFO - Fetching page 16 of 18 for price category: dibawah 80 Juta
[2024-08-31T19:20:23.446+0700] {logging_mixin.py:188} INFO - Sleeping for 2.77 seconds...
[2024-08-31T19:20:26.216+0700] {logging_mixin.py:188} INFO - Fetching page 17 of 18 for price category: dibawah 80 Juta
[2024-08-31T19:20:27.436+0700] {logging_mixin.py:188} INFO - Sleeping for 1.68 seconds...
[2024-08-31T19:20:29.119+0700] {logging_mixin.py:188} INFO - Fetching page 18 of 18 for price category: dibawah 80 Juta
[2024-08-31T19:20:30.469+0700] {logging_mixin.py:188} INFO - Sleeping for 2.32 seconds...
[2024-08-31T19:20:32.792+0700] {logging_mixin.py:188} INFO - Data for price category dibawah 80 Juta written to /home/miracle/mobil/scrape/output/mobil123/2024-08-31/mobil123_dibawah 80 Juta_2024-08-31.csv
[2024-08-31T19:20:33.893+0700] {logging_mixin.py:188} INFO - Fetching page 1 of 32 for price category: dibawah 90 Juta
[2024-08-31T19:20:35.153+0700] {logging_mixin.py:188} INFO - Sleeping for 1.73 seconds...
[2024-08-31T19:20:36.887+0700] {logging_mixin.py:188} INFO - Fetching page 2 of 32 for price category: dibawah 90 Juta
[2024-08-31T19:20:38.014+0700] {logging_mixin.py:188} INFO - Sleeping for 2.35 seconds...
[2024-08-31T19:20:40.364+0700] {logging_mixin.py:188} INFO - Fetching page 3 of 32 for price category: dibawah 90 Juta
[2024-08-31T19:20:41.854+0700] {logging_mixin.py:188} INFO - Sleeping for 2.50 seconds...
[2024-08-31T19:20:44.352+0700] {logging_mixin.py:188} INFO - Fetching page 4 of 32 for price category: dibawah 90 Juta
[2024-08-31T19:20:45.688+0700] {logging_mixin.py:188} INFO - Sleeping for 2.22 seconds...
[2024-08-31T19:20:47.910+0700] {logging_mixin.py:188} INFO - Fetching page 5 of 32 for price category: dibawah 90 Juta
[2024-08-31T19:20:49.124+0700] {logging_mixin.py:188} INFO - Sleeping for 1.94 seconds...
[2024-08-31T19:20:51.066+0700] {logging_mixin.py:188} INFO - Fetching page 6 of 32 for price category: dibawah 90 Juta
[2024-08-31T19:20:52.240+0700] {logging_mixin.py:188} INFO - Sleeping for 2.11 seconds...
[2024-08-31T19:20:54.348+0700] {logging_mixin.py:188} INFO - Fetching page 7 of 32 for price category: dibawah 90 Juta
[2024-08-31T19:20:55.600+0700] {logging_mixin.py:188} INFO - Sleeping for 2.06 seconds...
[2024-08-31T19:20:57.661+0700] {logging_mixin.py:188} INFO - Fetching page 8 of 32 for price category: dibawah 90 Juta
[2024-08-31T19:20:58.814+0700] {logging_mixin.py:188} INFO - Sleeping for 2.51 seconds...
[2024-08-31T19:21:01.324+0700] {logging_mixin.py:188} INFO - Fetching page 9 of 32 for price category: dibawah 90 Juta
[2024-08-31T19:21:02.318+0700] {logging_mixin.py:188} INFO - Sleeping for 2.14 seconds...
[2024-08-31T19:21:04.457+0700] {logging_mixin.py:188} INFO - Fetching page 10 of 32 for price category: dibawah 90 Juta
[2024-08-31T19:21:05.451+0700] {logging_mixin.py:188} INFO - Sleeping for 2.80 seconds...
[2024-08-31T19:21:08.257+0700] {logging_mixin.py:188} INFO - Fetching page 11 of 32 for price category: dibawah 90 Juta
[2024-08-31T19:21:09.423+0700] {logging_mixin.py:188} INFO - Sleeping for 1.63 seconds...
[2024-08-31T19:21:11.056+0700] {logging_mixin.py:188} INFO - Fetching page 12 of 32 for price category: dibawah 90 Juta
[2024-08-31T19:21:12.114+0700] {logging_mixin.py:188} INFO - Sleeping for 1.78 seconds...
[2024-08-31T19:21:13.900+0700] {logging_mixin.py:188} INFO - Fetching page 13 of 32 for price category: dibawah 90 Juta
[2024-08-31T19:21:15.483+0700] {logging_mixin.py:188} INFO - Sleeping for 2.21 seconds...
[2024-08-31T19:21:17.697+0700] {logging_mixin.py:188} INFO - Fetching page 14 of 32 for price category: dibawah 90 Juta
[2024-08-31T19:21:18.912+0700] {logging_mixin.py:188} INFO - Sleeping for 2.86 seconds...
[2024-08-31T19:21:21.772+0700] {logging_mixin.py:188} INFO - Fetching page 15 of 32 for price category: dibawah 90 Juta
[2024-08-31T19:21:22.925+0700] {logging_mixin.py:188} INFO - Sleeping for 1.63 seconds...
[2024-08-31T19:21:24.561+0700] {logging_mixin.py:188} INFO - Fetching page 16 of 32 for price category: dibawah 90 Juta
[2024-08-31T19:21:25.818+0700] {logging_mixin.py:188} INFO - Sleeping for 2.20 seconds...
[2024-08-31T19:21:28.023+0700] {logging_mixin.py:188} INFO - Fetching page 17 of 32 for price category: dibawah 90 Juta
[2024-08-31T19:21:29.092+0700] {logging_mixin.py:188} INFO - Sleeping for 2.26 seconds...
[2024-08-31T19:21:31.356+0700] {logging_mixin.py:188} INFO - Fetching page 18 of 32 for price category: dibawah 90 Juta
[2024-08-31T19:21:32.525+0700] {logging_mixin.py:188} INFO - Sleeping for 2.52 seconds...
[2024-08-31T19:21:35.052+0700] {logging_mixin.py:188} INFO - Fetching page 19 of 32 for price category: dibawah 90 Juta
[2024-08-31T19:21:36.807+0700] {logging_mixin.py:188} INFO - Sleeping for 2.84 seconds...
[2024-08-31T19:21:39.647+0700] {logging_mixin.py:188} INFO - Fetching page 20 of 32 for price category: dibawah 90 Juta
[2024-08-31T19:21:40.713+0700] {logging_mixin.py:188} INFO - Sleeping for 2.86 seconds...
[2024-08-31T19:21:43.574+0700] {logging_mixin.py:188} INFO - Fetching page 21 of 32 for price category: dibawah 90 Juta
[2024-08-31T19:21:44.765+0700] {logging_mixin.py:188} INFO - Sleeping for 1.82 seconds...
[2024-08-31T19:21:46.587+0700] {logging_mixin.py:188} INFO - Fetching page 22 of 32 for price category: dibawah 90 Juta
[2024-08-31T19:21:47.970+0700] {logging_mixin.py:188} INFO - Sleeping for 2.62 seconds...
[2024-08-31T19:21:50.595+0700] {logging_mixin.py:188} INFO - Fetching page 23 of 32 for price category: dibawah 90 Juta
[2024-08-31T19:21:51.661+0700] {logging_mixin.py:188} INFO - Sleeping for 1.80 seconds...
[2024-08-31T19:21:53.463+0700] {logging_mixin.py:188} INFO - Fetching page 24 of 32 for price category: dibawah 90 Juta
[2024-08-31T19:21:54.622+0700] {logging_mixin.py:188} INFO - Sleeping for 2.28 seconds...
[2024-08-31T19:21:56.907+0700] {logging_mixin.py:188} INFO - Fetching page 25 of 32 for price category: dibawah 90 Juta
[2024-08-31T19:21:57.924+0700] {logging_mixin.py:188} INFO - Sleeping for 2.59 seconds...
[2024-08-31T19:22:00.515+0700] {logging_mixin.py:188} INFO - Fetching page 26 of 32 for price category: dibawah 90 Juta
[2024-08-31T19:22:01.564+0700] {logging_mixin.py:188} INFO - Sleeping for 1.96 seconds...
[2024-08-31T19:22:03.523+0700] {logging_mixin.py:188} INFO - Fetching page 27 of 32 for price category: dibawah 90 Juta
[2024-08-31T19:22:04.518+0700] {logging_mixin.py:188} INFO - Sleeping for 2.04 seconds...
[2024-08-31T19:22:06.560+0700] {logging_mixin.py:188} INFO - Fetching page 28 of 32 for price category: dibawah 90 Juta
[2024-08-31T19:22:08.146+0700] {logging_mixin.py:188} INFO - Sleeping for 2.68 seconds...
[2024-08-31T19:22:10.833+0700] {logging_mixin.py:188} INFO - Fetching page 29 of 32 for price category: dibawah 90 Juta
[2024-08-31T19:22:11.972+0700] {logging_mixin.py:188} INFO - Sleeping for 2.93 seconds...
[2024-08-31T19:22:14.900+0700] {logging_mixin.py:188} INFO - Fetching page 30 of 32 for price category: dibawah 90 Juta
[2024-08-31T19:22:16.327+0700] {logging_mixin.py:188} INFO - Sleeping for 2.43 seconds...
[2024-08-31T19:22:18.757+0700] {logging_mixin.py:188} INFO - Fetching page 31 of 32 for price category: dibawah 90 Juta
[2024-08-31T19:22:19.936+0700] {logging_mixin.py:188} INFO - Sleeping for 2.37 seconds...
[2024-08-31T19:22:22.307+0700] {logging_mixin.py:188} INFO - Fetching page 32 of 32 for price category: dibawah 90 Juta
[2024-08-31T19:22:23.368+0700] {logging_mixin.py:188} INFO - Sleeping for 1.78 seconds...
[2024-08-31T19:22:25.156+0700] {logging_mixin.py:188} INFO - Data for price category dibawah 90 Juta written to /home/miracle/mobil/scrape/output/mobil123/2024-08-31/mobil123_dibawah 90 Juta_2024-08-31.csv
[2024-08-31T19:22:25.161+0700] {python.py:237} INFO - Done. Returned value was: None
[2024-08-31T19:22:25.162+0700] {taskinstance.py:441} INFO - ::group::Post task execution logs
[2024-08-31T19:22:25.176+0700] {taskinstance.py:1206} INFO - Marking task as SUCCESS. dag_id=scrap_mobil123, task_id=scrape_mobil123, run_id=scheduled__2024-08-28T00:00:00+00:00, execution_date=20240828T000000, start_date=20240831T121753, end_date=20240831T122225
[2024-08-31T19:22:25.229+0700] {local_task_job_runner.py:243} INFO - Task exited with return code 0
[2024-08-31T19:22:25.244+0700] {local_task_job_runner.py:222} INFO - ::endgroup::
