[2024-08-26T00:34:23.863+0700] {local_task_job_runner.py:120} INFO - ::group::Pre task execution logs
[2024-08-26T00:34:23.973+0700] {taskinstance.py:2076} INFO - Dependencies all met for dep_context=non-requeueable deps ti=<TaskInstance: scrap_mobil123.scrape_mobil123 manual__2024-08-25T17:34:22.700351+00:00 [queued]>
[2024-08-26T00:34:23.982+0700] {taskinstance.py:2076} INFO - Dependencies all met for dep_context=requeueable deps ti=<TaskInstance: scrap_mobil123.scrape_mobil123 manual__2024-08-25T17:34:22.700351+00:00 [queued]>
[2024-08-26T00:34:23.982+0700] {taskinstance.py:2306} INFO - Starting attempt 1 of 2
[2024-08-26T00:34:23.995+0700] {taskinstance.py:2330} INFO - Executing <Task(PythonOperator): scrape_mobil123> on 2024-08-25 17:34:22.700351+00:00
[2024-08-26T00:34:23.999+0700] {standard_task_runner.py:64} INFO - Started process 21292 to run task
[2024-08-26T00:34:24.001+0700] {standard_task_runner.py:90} INFO - Running: ['***', 'tasks', 'run', 'scrap_mobil123', 'scrape_mobil123', 'manual__2024-08-25T17:34:22.700351+00:00', '--job-id', '124', '--raw', '--subdir', 'DAGS_FOLDER/mobil123/scrap_mobil123.py', '--cfg-path', '/tmp/tmpr4t1emeq']
[2024-08-26T00:34:24.002+0700] {standard_task_runner.py:91} INFO - Job 124: Subtask scrape_mobil123
[2024-08-26T00:34:24.050+0700] {task_command.py:426} INFO - Running <TaskInstance: scrap_mobil123.scrape_mobil123 manual__2024-08-25T17:34:22.700351+00:00 [running]> on host BrightHorizons.
[2024-08-26T00:34:24.138+0700] {taskinstance.py:2648} INFO - Exporting env vars: AIRFLOW_CTX_DAG_OWNER='***' AIRFLOW_CTX_DAG_ID='scrap_mobil123' AIRFLOW_CTX_TASK_ID='scrape_mobil123' AIRFLOW_CTX_EXECUTION_DATE='2024-08-25T17:34:22.700351+00:00' AIRFLOW_CTX_TRY_NUMBER='1' AIRFLOW_CTX_DAG_RUN_ID='manual__2024-08-25T17:34:22.700351+00:00'
[2024-08-26T00:34:24.139+0700] {taskinstance.py:430} INFO - ::endgroup::
[2024-08-26T00:34:25.071+0700] {logging_mixin.py:188} INFO - Fetching page 1 of 2 for price category: dibawah 30 Juta
[2024-08-26T00:34:26.090+0700] {logging_mixin.py:188} INFO - Sleeping for 1.67 seconds...
[2024-08-26T00:34:27.763+0700] {logging_mixin.py:188} INFO - Fetching page 2 of 2 for price category: dibawah 30 Juta
[2024-08-26T00:34:28.749+0700] {logging_mixin.py:188} INFO - Sleeping for 2.84 seconds...
[2024-08-26T00:34:31.588+0700] {logging_mixin.py:188} INFO - Data for price category dibawah 30 Juta written to /home/miracle/mobil/scrape/output/mobil123/2024-08-26/mobil123_dibawah 30 Juta_2024-08-26.csv
[2024-08-26T00:34:32.801+0700] {logging_mixin.py:188} INFO - Fetching page 1 of 3 for price category: dibawah 40 Juta
[2024-08-26T00:34:33.684+0700] {logging_mixin.py:188} INFO - Sleeping for 2.80 seconds...
[2024-08-26T00:34:36.486+0700] {logging_mixin.py:188} INFO - Fetching page 2 of 3 for price category: dibawah 40 Juta
[2024-08-26T00:34:37.532+0700] {logging_mixin.py:188} INFO - Sleeping for 1.57 seconds...
[2024-08-26T00:34:39.105+0700] {logging_mixin.py:188} INFO - Fetching page 3 of 3 for price category: dibawah 40 Juta
[2024-08-26T00:34:39.990+0700] {logging_mixin.py:188} INFO - Sleeping for 2.41 seconds...
[2024-08-26T00:34:42.402+0700] {logging_mixin.py:188} INFO - Data for price category dibawah 40 Juta written to /home/miracle/mobil/scrape/output/mobil123/2024-08-26/mobil123_dibawah 40 Juta_2024-08-26.csv
[2024-08-26T00:34:43.514+0700] {logging_mixin.py:188} INFO - Fetching page 1 of 5 for price category: dibawah 50 Juta
[2024-08-26T00:34:44.579+0700] {logging_mixin.py:188} INFO - Sleeping for 2.09 seconds...
[2024-08-26T00:34:46.670+0700] {logging_mixin.py:188} INFO - Fetching page 2 of 5 for price category: dibawah 50 Juta
[2024-08-26T00:34:47.707+0700] {logging_mixin.py:188} INFO - Sleeping for 1.67 seconds...
[2024-08-26T00:34:49.384+0700] {logging_mixin.py:188} INFO - Fetching page 3 of 5 for price category: dibawah 50 Juta
[2024-08-26T00:34:50.366+0700] {logging_mixin.py:188} INFO - Sleeping for 1.71 seconds...
[2024-08-26T00:34:52.080+0700] {logging_mixin.py:188} INFO - Fetching page 4 of 5 for price category: dibawah 50 Juta
[2024-08-26T00:34:52.942+0700] {logging_mixin.py:188} INFO - Sleeping for 2.94 seconds...
[2024-08-26T00:34:55.885+0700] {logging_mixin.py:188} INFO - Fetching page 5 of 5 for price category: dibawah 50 Juta
[2024-08-26T00:34:56.554+0700] {logging_mixin.py:188} INFO - Sleeping for 2.44 seconds...
[2024-08-26T00:34:59.000+0700] {logging_mixin.py:188} INFO - Data for price category dibawah 50 Juta written to /home/miracle/mobil/scrape/output/mobil123/2024-08-26/mobil123_dibawah 50 Juta_2024-08-26.csv
[2024-08-26T00:35:00.243+0700] {logging_mixin.py:188} INFO - Fetching page 1 of 5 for price category: dibawah 60 Juta
[2024-08-26T00:35:01.196+0700] {logging_mixin.py:188} INFO - Sleeping for 2.95 seconds...
[2024-08-26T00:35:04.155+0700] {logging_mixin.py:188} INFO - Fetching page 2 of 5 for price category: dibawah 60 Juta
[2024-08-26T00:35:05.094+0700] {logging_mixin.py:188} INFO - Sleeping for 2.31 seconds...
[2024-08-26T00:35:07.405+0700] {logging_mixin.py:188} INFO - Fetching page 3 of 5 for price category: dibawah 60 Juta
[2024-08-26T00:35:08.398+0700] {logging_mixin.py:188} INFO - Sleeping for 2.25 seconds...
[2024-08-26T00:35:10.651+0700] {logging_mixin.py:188} INFO - Fetching page 4 of 5 for price category: dibawah 60 Juta
[2024-08-26T00:35:11.609+0700] {logging_mixin.py:188} INFO - Sleeping for 2.37 seconds...
[2024-08-26T00:35:13.977+0700] {logging_mixin.py:188} INFO - Fetching page 5 of 5 for price category: dibawah 60 Juta
[2024-08-26T00:35:14.996+0700] {logging_mixin.py:188} INFO - Sleeping for 2.66 seconds...
[2024-08-26T00:35:17.663+0700] {logging_mixin.py:188} INFO - Data for price category dibawah 60 Juta written to /home/miracle/mobil/scrape/output/mobil123/2024-08-26/mobil123_dibawah 60 Juta_2024-08-26.csv
[2024-08-26T00:35:18.794+0700] {logging_mixin.py:188} INFO - Fetching page 1 of 9 for price category: dibawah 70 Juta
[2024-08-26T00:35:19.751+0700] {logging_mixin.py:188} INFO - Sleeping for 2.03 seconds...
[2024-08-26T00:35:21.785+0700] {logging_mixin.py:188} INFO - Fetching page 2 of 9 for price category: dibawah 70 Juta
[2024-08-26T00:35:23.136+0700] {logging_mixin.py:188} INFO - Sleeping for 2.35 seconds...
[2024-08-26T00:35:25.490+0700] {logging_mixin.py:188} INFO - Fetching page 3 of 9 for price category: dibawah 70 Juta
[2024-08-26T00:35:26.745+0700] {logging_mixin.py:188} INFO - Sleeping for 1.69 seconds...
[2024-08-26T00:35:28.436+0700] {logging_mixin.py:188} INFO - Fetching page 4 of 9 for price category: dibawah 70 Juta
[2024-08-26T00:35:29.512+0700] {logging_mixin.py:188} INFO - Sleeping for 2.13 seconds...
[2024-08-26T00:35:31.647+0700] {logging_mixin.py:188} INFO - Fetching page 5 of 9 for price category: dibawah 70 Juta
[2024-08-26T00:35:32.812+0700] {logging_mixin.py:188} INFO - Sleeping for 2.74 seconds...
[2024-08-26T00:35:35.558+0700] {logging_mixin.py:188} INFO - Fetching page 6 of 9 for price category: dibawah 70 Juta
[2024-08-26T00:35:36.581+0700] {logging_mixin.py:188} INFO - Sleeping for 2.60 seconds...
[2024-08-26T00:35:39.182+0700] {logging_mixin.py:188} INFO - Fetching page 7 of 9 for price category: dibawah 70 Juta
[2024-08-26T00:35:40.380+0700] {logging_mixin.py:188} INFO - Sleeping for 1.59 seconds...
[2024-08-26T00:35:41.974+0700] {logging_mixin.py:188} INFO - Fetching page 8 of 9 for price category: dibawah 70 Juta
[2024-08-26T00:35:42.993+0700] {logging_mixin.py:188} INFO - Sleeping for 1.87 seconds...
[2024-08-26T00:35:44.870+0700] {logging_mixin.py:188} INFO - Fetching page 9 of 9 for price category: dibawah 70 Juta
[2024-08-26T00:35:45.803+0700] {logging_mixin.py:188} INFO - Sleeping for 2.27 seconds...
[2024-08-26T00:35:48.080+0700] {logging_mixin.py:188} INFO - Data for price category dibawah 70 Juta written to /home/miracle/mobil/scrape/output/mobil123/2024-08-26/mobil123_dibawah 70 Juta_2024-08-26.csv
[2024-08-26T00:35:49.142+0700] {logging_mixin.py:188} INFO - Fetching page 1 of 18 for price category: dibawah 80 Juta
[2024-08-26T00:35:50.093+0700] {logging_mixin.py:188} INFO - Sleeping for 1.84 seconds...
[2024-08-26T00:35:51.930+0700] {logging_mixin.py:188} INFO - Fetching page 2 of 18 for price category: dibawah 80 Juta
[2024-08-26T00:35:53.249+0700] {logging_mixin.py:188} INFO - Sleeping for 2.93 seconds...
[2024-08-26T00:35:56.187+0700] {logging_mixin.py:188} INFO - Fetching page 3 of 18 for price category: dibawah 80 Juta
[2024-08-26T00:35:57.138+0700] {logging_mixin.py:188} INFO - Sleeping for 1.88 seconds...
[2024-08-26T00:35:59.020+0700] {logging_mixin.py:188} INFO - Fetching page 4 of 18 for price category: dibawah 80 Juta
[2024-08-26T00:36:00.146+0700] {logging_mixin.py:188} INFO - Sleeping for 1.78 seconds...
[2024-08-26T00:36:01.930+0700] {logging_mixin.py:188} INFO - Fetching page 5 of 18 for price category: dibawah 80 Juta
[2024-08-26T00:36:02.888+0700] {logging_mixin.py:188} INFO - Sleeping for 2.31 seconds...
[2024-08-26T00:36:05.196+0700] {logging_mixin.py:188} INFO - Fetching page 6 of 18 for price category: dibawah 80 Juta
[2024-08-26T00:36:06.258+0700] {logging_mixin.py:188} INFO - Sleeping for 1.66 seconds...
[2024-08-26T00:36:07.924+0700] {logging_mixin.py:188} INFO - Fetching page 7 of 18 for price category: dibawah 80 Juta
[2024-08-26T00:36:08.907+0700] {logging_mixin.py:188} INFO - Sleeping for 2.00 seconds...
[2024-08-26T00:36:10.905+0700] {logging_mixin.py:188} INFO - Fetching page 8 of 18 for price category: dibawah 80 Juta
[2024-08-26T00:36:12.000+0700] {logging_mixin.py:188} INFO - Sleeping for 2.27 seconds...
[2024-08-26T00:36:14.278+0700] {logging_mixin.py:188} INFO - Fetching page 9 of 18 for price category: dibawah 80 Juta
[2024-08-26T00:36:15.417+0700] {logging_mixin.py:188} INFO - Sleeping for 2.51 seconds...
[2024-08-26T00:36:17.928+0700] {logging_mixin.py:188} INFO - Fetching page 10 of 18 for price category: dibawah 80 Juta
[2024-08-26T00:36:18.935+0700] {logging_mixin.py:188} INFO - Sleeping for 1.71 seconds...
[2024-08-26T00:36:20.651+0700] {logging_mixin.py:188} INFO - Fetching page 11 of 18 for price category: dibawah 80 Juta
[2024-08-26T00:36:21.822+0700] {logging_mixin.py:188} INFO - Sleeping for 1.82 seconds...
[2024-08-26T00:36:23.639+0700] {logging_mixin.py:188} INFO - Fetching page 12 of 18 for price category: dibawah 80 Juta
[2024-08-26T00:36:24.771+0700] {logging_mixin.py:188} INFO - Sleeping for 1.53 seconds...
[2024-08-26T00:36:26.306+0700] {logging_mixin.py:188} INFO - Fetching page 13 of 18 for price category: dibawah 80 Juta
[2024-08-26T00:36:27.954+0700] {logging_mixin.py:188} INFO - Sleeping for 2.77 seconds...
[2024-08-26T00:36:30.729+0700] {logging_mixin.py:188} INFO - Fetching page 14 of 18 for price category: dibawah 80 Juta
[2024-08-26T00:36:31.719+0700] {logging_mixin.py:188} INFO - Sleeping for 1.52 seconds...
[2024-08-26T00:36:33.238+0700] {logging_mixin.py:188} INFO - Fetching page 15 of 18 for price category: dibawah 80 Juta
[2024-08-26T00:36:34.343+0700] {logging_mixin.py:188} INFO - Sleeping for 2.49 seconds...
[2024-08-26T00:36:36.834+0700] {logging_mixin.py:188} INFO - Fetching page 16 of 18 for price category: dibawah 80 Juta
[2024-08-26T00:36:37.746+0700] {logging_mixin.py:188} INFO - Sleeping for 2.02 seconds...
[2024-08-26T00:36:39.764+0700] {logging_mixin.py:188} INFO - Fetching page 17 of 18 for price category: dibawah 80 Juta
[2024-08-26T00:36:40.801+0700] {logging_mixin.py:188} INFO - Sleeping for 1.57 seconds...
[2024-08-26T00:36:42.370+0700] {logging_mixin.py:188} INFO - Fetching page 18 of 18 for price category: dibawah 80 Juta
[2024-08-26T00:36:43.058+0700] {logging_mixin.py:188} INFO - Sleeping for 1.74 seconds...
[2024-08-26T00:36:44.799+0700] {logging_mixin.py:188} INFO - Data for price category dibawah 80 Juta written to /home/miracle/mobil/scrape/output/mobil123/2024-08-26/mobil123_dibawah 80 Juta_2024-08-26.csv
[2024-08-26T00:36:46.012+0700] {logging_mixin.py:188} INFO - Fetching page 1 of 31 for price category: dibawah 90 Juta
[2024-08-26T00:36:47.328+0700] {logging_mixin.py:188} INFO - Sleeping for 1.63 seconds...
[2024-08-26T00:36:48.959+0700] {logging_mixin.py:188} INFO - Fetching page 2 of 31 for price category: dibawah 90 Juta
[2024-08-26T00:36:50.138+0700] {logging_mixin.py:188} INFO - Sleeping for 2.27 seconds...
[2024-08-26T00:36:52.409+0700] {logging_mixin.py:188} INFO - Fetching page 3 of 31 for price category: dibawah 90 Juta
[2024-08-26T00:36:53.555+0700] {logging_mixin.py:188} INFO - Sleeping for 2.78 seconds...
[2024-08-26T00:36:56.342+0700] {logging_mixin.py:188} INFO - Fetching page 4 of 31 for price category: dibawah 90 Juta
[2024-08-26T00:36:57.284+0700] {logging_mixin.py:188} INFO - Sleeping for 2.72 seconds...
[2024-08-26T00:37:00.010+0700] {logging_mixin.py:188} INFO - Fetching page 5 of 31 for price category: dibawah 90 Juta
[2024-08-26T00:37:01.256+0700] {logging_mixin.py:188} INFO - Sleeping for 2.09 seconds...
[2024-08-26T00:37:03.349+0700] {logging_mixin.py:188} INFO - Fetching page 6 of 31 for price category: dibawah 90 Juta
[2024-08-26T00:37:04.288+0700] {logging_mixin.py:188} INFO - Sleeping for 2.60 seconds...
[2024-08-26T00:37:06.896+0700] {logging_mixin.py:188} INFO - Fetching page 7 of 31 for price category: dibawah 90 Juta
[2024-08-26T00:37:08.041+0700] {logging_mixin.py:188} INFO - Sleeping for 1.52 seconds...
[2024-08-26T00:37:09.562+0700] {logging_mixin.py:188} INFO - Fetching page 8 of 31 for price category: dibawah 90 Juta
[2024-08-26T00:37:10.487+0700] {logging_mixin.py:188} INFO - Sleeping for 2.45 seconds...
[2024-08-26T00:37:12.939+0700] {logging_mixin.py:188} INFO - Fetching page 9 of 31 for price category: dibawah 90 Juta
[2024-08-26T00:37:14.024+0700] {logging_mixin.py:188} INFO - Sleeping for 1.56 seconds...
[2024-08-26T00:37:15.584+0700] {logging_mixin.py:188} INFO - Fetching page 10 of 31 for price category: dibawah 90 Juta
[2024-08-26T00:37:16.471+0700] {logging_mixin.py:188} INFO - Sleeping for 1.99 seconds...
[2024-08-26T00:37:18.460+0700] {logging_mixin.py:188} INFO - Fetching page 11 of 31 for price category: dibawah 90 Juta
[2024-08-26T00:37:19.680+0700] {logging_mixin.py:188} INFO - Sleeping for 2.12 seconds...
[2024-08-26T00:37:21.806+0700] {logging_mixin.py:188} INFO - Fetching page 12 of 31 for price category: dibawah 90 Juta
[2024-08-26T00:37:22.921+0700] {logging_mixin.py:188} INFO - Sleeping for 1.75 seconds...
[2024-08-26T00:37:24.676+0700] {logging_mixin.py:188} INFO - Fetching page 13 of 31 for price category: dibawah 90 Juta
[2024-08-26T00:37:25.683+0700] {logging_mixin.py:188} INFO - Sleeping for 1.54 seconds...
[2024-08-26T00:37:27.227+0700] {logging_mixin.py:188} INFO - Fetching page 14 of 31 for price category: dibawah 90 Juta
[2024-08-26T00:37:28.414+0700] {logging_mixin.py:188} INFO - Sleeping for 1.53 seconds...
[2024-08-26T00:37:29.946+0700] {logging_mixin.py:188} INFO - Fetching page 15 of 31 for price category: dibawah 90 Juta
[2024-08-26T00:37:31.033+0700] {logging_mixin.py:188} INFO - Sleeping for 2.23 seconds...
[2024-08-26T00:37:33.267+0700] {logging_mixin.py:188} INFO - Fetching page 16 of 31 for price category: dibawah 90 Juta
[2024-08-26T00:37:34.294+0700] {logging_mixin.py:188} INFO - Sleeping for 2.72 seconds...
[2024-08-26T00:37:37.019+0700] {logging_mixin.py:188} INFO - Fetching page 17 of 31 for price category: dibawah 90 Juta
[2024-08-26T00:37:37.985+0700] {logging_mixin.py:188} INFO - Sleeping for 1.79 seconds...
[2024-08-26T00:37:39.781+0700] {logging_mixin.py:188} INFO - Fetching page 18 of 31 for price category: dibawah 90 Juta
[2024-08-26T00:37:41.065+0700] {logging_mixin.py:188} INFO - Sleeping for 1.82 seconds...
[2024-08-26T00:37:42.890+0700] {logging_mixin.py:188} INFO - Fetching page 19 of 31 for price category: dibawah 90 Juta
[2024-08-26T00:37:43.930+0700] {logging_mixin.py:188} INFO - Sleeping for 2.62 seconds...
[2024-08-26T00:37:46.557+0700] {logging_mixin.py:188} INFO - Fetching page 20 of 31 for price category: dibawah 90 Juta
[2024-08-26T00:37:47.886+0700] {logging_mixin.py:188} INFO - Sleeping for 1.88 seconds...
[2024-08-26T00:37:49.772+0700] {logging_mixin.py:188} INFO - Fetching page 21 of 31 for price category: dibawah 90 Juta
[2024-08-26T00:37:50.854+0700] {logging_mixin.py:188} INFO - Sleeping for 1.82 seconds...
[2024-08-26T00:37:52.676+0700] {logging_mixin.py:188} INFO - Fetching page 22 of 31 for price category: dibawah 90 Juta
[2024-08-26T00:37:53.785+0700] {logging_mixin.py:188} INFO - Sleeping for 2.89 seconds...
[2024-08-26T00:37:56.680+0700] {logging_mixin.py:188} INFO - Fetching page 23 of 31 for price category: dibawah 90 Juta
[2024-08-26T00:37:57.749+0700] {logging_mixin.py:188} INFO - Sleeping for 1.87 seconds...
[2024-08-26T00:37:59.617+0700] {logging_mixin.py:188} INFO - Fetching page 24 of 31 for price category: dibawah 90 Juta
[2024-08-26T00:38:00.537+0700] {logging_mixin.py:188} INFO - Sleeping for 2.48 seconds...
[2024-08-26T00:38:03.016+0700] {logging_mixin.py:188} INFO - Fetching page 25 of 31 for price category: dibawah 90 Juta
[2024-08-26T00:38:04.060+0700] {logging_mixin.py:188} INFO - Sleeping for 2.69 seconds...
[2024-08-26T00:38:06.757+0700] {logging_mixin.py:188} INFO - Fetching page 26 of 31 for price category: dibawah 90 Juta
[2024-08-26T00:38:07.773+0700] {logging_mixin.py:188} INFO - Sleeping for 2.62 seconds...
[2024-08-26T00:38:10.395+0700] {logging_mixin.py:188} INFO - Fetching page 27 of 31 for price category: dibawah 90 Juta
[2024-08-26T00:38:11.408+0700] {logging_mixin.py:188} INFO - Sleeping for 2.77 seconds...
[2024-08-26T00:38:14.185+0700] {logging_mixin.py:188} INFO - Fetching page 28 of 31 for price category: dibawah 90 Juta
[2024-08-26T00:38:15.087+0700] {logging_mixin.py:188} INFO - Sleeping for 2.92 seconds...
[2024-08-26T00:38:18.006+0700] {logging_mixin.py:188} INFO - Fetching page 29 of 31 for price category: dibawah 90 Juta
[2024-08-26T00:38:19.422+0700] {logging_mixin.py:188} INFO - Sleeping for 2.37 seconds...
[2024-08-26T00:38:21.799+0700] {logging_mixin.py:188} INFO - Fetching page 30 of 31 for price category: dibawah 90 Juta
[2024-08-26T00:38:23.059+0700] {logging_mixin.py:188} INFO - Sleeping for 2.27 seconds...
[2024-08-26T00:38:25.330+0700] {logging_mixin.py:188} INFO - Fetching page 31 of 31 for price category: dibawah 90 Juta
[2024-08-26T00:38:26.296+0700] {logging_mixin.py:188} INFO - Sleeping for 1.55 seconds...
[2024-08-26T00:38:27.847+0700] {logging_mixin.py:188} INFO - Data for price category dibawah 90 Juta written to /home/miracle/mobil/scrape/output/mobil123/2024-08-26/mobil123_dibawah 90 Juta_2024-08-26.csv
[2024-08-26T00:38:27.850+0700] {python.py:237} INFO - Done. Returned value was: None
[2024-08-26T00:38:27.850+0700] {taskinstance.py:441} INFO - ::group::Post task execution logs
[2024-08-26T00:38:27.861+0700] {taskinstance.py:1206} INFO - Marking task as SUCCESS. dag_id=scrap_mobil123, task_id=scrape_mobil123, run_id=manual__2024-08-25T17:34:22.700351+00:00, execution_date=20240825T173422, start_date=20240825T173423, end_date=20240825T173827
[2024-08-26T00:38:27.912+0700] {local_task_job_runner.py:243} INFO - Task exited with return code 0
[2024-08-26T00:38:27.931+0700] {taskinstance.py:3503} INFO - 1 downstream tasks scheduled from follow-on schedule check
[2024-08-26T00:38:27.934+0700] {local_task_job_runner.py:222} INFO - ::endgroup::
