[2024-09-04T22:04:20.982+0700] {local_task_job_runner.py:120} INFO - ::group::Pre task execution logs
[2024-09-04T22:04:21.360+0700] {taskinstance.py:2076} INFO - Dependencies all met for dep_context=non-requeueable deps ti=<TaskInstance: scrap_carmudi.scrape_carmudi scheduled__2024-09-01T00:00:00+00:00 [queued]>
[2024-09-04T22:04:21.382+0700] {taskinstance.py:2076} INFO - Dependencies all met for dep_context=requeueable deps ti=<TaskInstance: scrap_carmudi.scrape_carmudi scheduled__2024-09-01T00:00:00+00:00 [queued]>
[2024-09-04T22:04:21.383+0700] {taskinstance.py:2306} INFO - Starting attempt 1 of 2
[2024-09-04T22:04:21.688+0700] {taskinstance.py:2330} INFO - Executing <Task(PythonOperator): scrape_carmudi> on 2024-09-01 00:00:00+00:00
[2024-09-04T22:04:21.695+0700] {standard_task_runner.py:64} INFO - Started process 3914 to run task
[2024-09-04T22:04:21.709+0700] {standard_task_runner.py:90} INFO - Running: ['***', 'tasks', 'run', 'scrap_carmudi', 'scrape_carmudi', 'scheduled__2024-09-01T00:00:00+00:00', '--job-id', '217', '--raw', '--subdir', 'DAGS_FOLDER/carmudi/scrape_carmudi.py', '--cfg-path', '/tmp/tmpcm6e13gn']
[2024-09-04T22:04:21.713+0700] {standard_task_runner.py:91} INFO - Job 217: Subtask scrape_carmudi
[2024-09-04T22:04:21.846+0700] {task_command.py:426} INFO - Running <TaskInstance: scrap_carmudi.scrape_carmudi scheduled__2024-09-01T00:00:00+00:00 [running]> on host BrightHorizons.
[2024-09-04T22:04:22.049+0700] {taskinstance.py:2648} INFO - Exporting env vars: AIRFLOW_CTX_DAG_OWNER='***' AIRFLOW_CTX_DAG_ID='scrap_carmudi' AIRFLOW_CTX_TASK_ID='scrape_carmudi' AIRFLOW_CTX_EXECUTION_DATE='2024-09-01T00:00:00+00:00' AIRFLOW_CTX_TRY_NUMBER='1' AIRFLOW_CTX_DAG_RUN_ID='scheduled__2024-09-01T00:00:00+00:00'
[2024-09-04T22:04:22.051+0700] {taskinstance.py:430} INFO - ::endgroup::
[2024-09-04T22:04:24.965+0700] {logging_mixin.py:188} INFO - Fetching page 1 of 2 for price category: dibawah 50 Juta
[2024-09-04T22:04:27.311+0700] {logging_mixin.py:188} INFO - Fetching page 1 of 3 for price category: dibawah 60 Juta
[2024-09-04T22:04:27.788+0700] {logging_mixin.py:188} INFO - Fetching page 1 of 1 for price category: dibawah 30 Juta
[2024-09-04T22:04:28.004+0700] {logging_mixin.py:188} INFO - Sleeping for 1.68 seconds...
[2024-09-04T22:04:28.594+0700] {logging_mixin.py:188} INFO - Fetching page 1 of 2 for price category: dibawah 40 Juta
[2024-09-04T22:04:29.799+0700] {logging_mixin.py:188} INFO - Fetching page 2 of 2 for price category: dibawah 50 Juta
[2024-09-04T22:04:29.856+0700] {logging_mixin.py:188} INFO - Sleeping for 2.67 seconds...
[2024-09-04T22:04:30.485+0700] {logging_mixin.py:188} INFO - Sleeping for 2.93 seconds...
[2024-09-04T22:04:31.160+0700] {logging_mixin.py:188} INFO - Sleeping for 2.08 seconds...
[2024-09-04T22:04:31.643+0700] {logging_mixin.py:188} INFO - Sleeping for 1.86 seconds...
[2024-09-04T22:04:32.527+0700] {logging_mixin.py:188} INFO - Data for price category dibawah 30 Juta written to /home/miracle/mobil/scrape/output/carmudi/2024-09-04/carmudi_dibawah 30 Juta_2024-09-04.csv
[2024-09-04T22:04:33.240+0700] {logging_mixin.py:188} INFO - Fetching page 2 of 2 for price category: dibawah 40 Juta
[2024-09-04T22:04:33.422+0700] {logging_mixin.py:188} INFO - Fetching page 2 of 3 for price category: dibawah 60 Juta
[2024-09-04T22:04:33.509+0700] {logging_mixin.py:188} INFO - Data for price category dibawah 50 Juta written to /home/miracle/mobil/scrape/output/carmudi/2024-09-04/carmudi_dibawah 50 Juta_2024-09-04.csv
[2024-09-04T22:04:34.760+0700] {logging_mixin.py:188} INFO - Sleeping for 1.61 seconds...
[2024-09-04T22:04:36.417+0700] {logging_mixin.py:188} INFO - Data for price category dibawah 40 Juta written to /home/miracle/mobil/scrape/output/carmudi/2024-09-04/carmudi_dibawah 40 Juta_2024-09-04.csv
[2024-09-04T22:04:37.018+0700] {logging_mixin.py:188} INFO - Fetching page 1 of 4 for price category: dibawah 70 Juta
[2024-09-04T22:05:22.724+0700] {logging_mixin.py:188} INFO - Sleeping for 2.46 seconds...
[2024-09-04T22:05:24.739+0700] {logging_mixin.py:188} INFO - Sleeping for 2.23 seconds...
[2024-09-04T22:05:24.855+0700] {logging_mixin.py:188} INFO - Fetching page 1 of 6 for price category: dibawah 80 Juta
[2024-09-04T22:05:24.967+0700] {logging_mixin.py:188} INFO - Fetching page 1 of 9 for price category: dibawah 90 Juta
[2024-09-04T22:05:25.201+0700] {logging_mixin.py:188} INFO - Fetching page 3 of 3 for price category: dibawah 60 Juta
[2024-09-04T22:05:26.999+0700] {logging_mixin.py:188} INFO - Fetching page 2 of 4 for price category: dibawah 70 Juta
[2024-09-04T22:05:27.526+0700] {logging_mixin.py:188} INFO - Sleeping for 2.34 seconds...
[2024-09-04T22:05:27.809+0700] {logging_mixin.py:188} INFO - Sleeping for 1.59 seconds...
[2024-09-04T22:05:28.422+0700] {logging_mixin.py:188} INFO - Sleeping for 2.39 seconds...
[2024-09-04T22:05:29.411+0700] {logging_mixin.py:188} INFO - Fetching page 2 of 6 for price category: dibawah 80 Juta
[2024-09-04T22:05:29.555+0700] {logging_mixin.py:188} INFO - Sleeping for 1.66 seconds...
[2024-09-04T22:05:29.893+0700] {logging_mixin.py:188} INFO - Fetching page 2 of 9 for price category: dibawah 90 Juta
[2024-09-04T22:05:30.821+0700] {logging_mixin.py:188} INFO - Data for price category dibawah 60 Juta written to /home/miracle/mobil/scrape/output/carmudi/2024-09-04/carmudi_dibawah 60 Juta_2024-09-04.csv
[2024-09-04T22:05:31.220+0700] {logging_mixin.py:188} INFO - Fetching page 3 of 4 for price category: dibawah 70 Juta
[2024-09-04T22:05:33.279+0700] {logging_mixin.py:188} INFO - Sleeping for 2.26 seconds...
[2024-09-04T22:05:34.849+0700] {logging_mixin.py:188} INFO - Sleeping for 2.05 seconds...
[2024-09-04T22:05:34.893+0700] {logging_mixin.py:188} INFO - Sleeping for 2.62 seconds...
[2024-09-04T22:05:35.544+0700] {logging_mixin.py:188} INFO - Fetching page 3 of 6 for price category: dibawah 80 Juta
[2024-09-04T22:05:37.231+0700] {logging_mixin.py:188} INFO - Fetching page 3 of 9 for price category: dibawah 90 Juta
[2024-09-04T22:05:37.277+0700] {logging_mixin.py:188} INFO - Sleeping for 2.30 seconds...
[2024-09-04T22:05:37.517+0700] {logging_mixin.py:188} INFO - Fetching page 4 of 4 for price category: dibawah 70 Juta
[2024-09-04T22:05:38.455+0700] {logging_mixin.py:188} INFO - Sleeping for 1.54 seconds...
[2024-09-04T22:05:39.511+0700] {logging_mixin.py:188} INFO - Sleeping for 1.60 seconds...
[2024-09-04T22:05:39.578+0700] {logging_mixin.py:188} INFO - Fetching page 4 of 6 for price category: dibawah 80 Juta
[2024-09-04T22:05:39.998+0700] {logging_mixin.py:188} INFO - Fetching page 4 of 9 for price category: dibawah 90 Juta
[2024-09-04T22:05:41.142+0700] {logging_mixin.py:188} INFO - Data for price category dibawah 70 Juta written to /home/miracle/mobil/scrape/output/carmudi/2024-09-04/carmudi_dibawah 70 Juta_2024-09-04.csv
[2024-09-04T22:05:41.694+0700] {logging_mixin.py:188} INFO - Sleeping for 2.98 seconds...
[2024-09-04T22:05:42.020+0700] {logging_mixin.py:188} INFO - Sleeping for 1.90 seconds...
[2024-09-04T22:05:43.921+0700] {logging_mixin.py:188} INFO - Fetching page 5 of 6 for price category: dibawah 80 Juta
[2024-09-04T22:05:44.680+0700] {logging_mixin.py:188} INFO - Fetching page 5 of 9 for price category: dibawah 90 Juta
[2024-09-04T22:05:45.418+0700] {logging_mixin.py:188} INFO - Sleeping for 2.09 seconds...
[2024-09-04T22:05:47.495+0700] {logging_mixin.py:188} INFO - Sleeping for 2.48 seconds...
[2024-09-04T22:05:47.507+0700] {logging_mixin.py:188} INFO - Fetching page 6 of 6 for price category: dibawah 80 Juta
[2024-09-04T22:05:49.980+0700] {logging_mixin.py:188} INFO - Fetching page 6 of 9 for price category: dibawah 90 Juta
[2024-09-04T22:05:50.233+0700] {logging_mixin.py:188} INFO - Sleeping for 1.69 seconds...
[2024-09-04T22:05:51.167+0700] {logging_mixin.py:188} INFO - Sleeping for 2.35 seconds...
[2024-09-04T22:05:51.928+0700] {logging_mixin.py:188} INFO - Data for price category dibawah 80 Juta written to /home/miracle/mobil/scrape/output/carmudi/2024-09-04/carmudi_dibawah 80 Juta_2024-09-04.csv
[2024-09-04T22:05:53.518+0700] {logging_mixin.py:188} INFO - Fetching page 7 of 9 for price category: dibawah 90 Juta
[2024-09-04T22:05:56.003+0700] {logging_mixin.py:188} INFO - Sleeping for 2.04 seconds...
[2024-09-04T22:05:58.041+0700] {logging_mixin.py:188} INFO - Fetching page 8 of 9 for price category: dibawah 90 Juta
[2024-09-04T22:06:01.014+0700] {logging_mixin.py:188} INFO - Sleeping for 1.78 seconds...
[2024-09-04T22:06:02.801+0700] {logging_mixin.py:188} INFO - Fetching page 9 of 9 for price category: dibawah 90 Juta
[2024-09-04T22:06:04.623+0700] {logging_mixin.py:188} INFO - Sleeping for 2.62 seconds...
[2024-09-04T22:06:07.252+0700] {logging_mixin.py:188} INFO - Data for price category dibawah 90 Juta written to /home/miracle/mobil/scrape/output/carmudi/2024-09-04/carmudi_dibawah 90 Juta_2024-09-04.csv
[2024-09-04T22:06:07.255+0700] {python.py:237} INFO - Done. Returned value was: None
[2024-09-04T22:06:07.255+0700] {taskinstance.py:441} INFO - ::group::Post task execution logs
[2024-09-04T22:06:07.268+0700] {taskinstance.py:1206} INFO - Marking task as SUCCESS. dag_id=scrap_carmudi, task_id=scrape_carmudi, run_id=scheduled__2024-09-01T00:00:00+00:00, execution_date=20240901T000000, start_date=20240904T150421, end_date=20240904T150607
[2024-09-04T22:06:07.323+0700] {local_task_job_runner.py:243} INFO - Task exited with return code 0
[2024-09-04T22:06:07.358+0700] {taskinstance.py:3503} INFO - 1 downstream tasks scheduled from follow-on schedule check
[2024-09-04T22:06:07.365+0700] {local_task_job_runner.py:222} INFO - ::endgroup::
