[2024-08-31T20:25:38.558+0700] {local_task_job_runner.py:120} INFO - ::group::Pre task execution logs
[2024-08-31T20:25:38.730+0700] {taskinstance.py:2076} INFO - Dependencies all met for dep_context=non-requeueable deps ti=<TaskInstance: scrap_carmudi.scrape_carmudi scheduled__2024-08-25T00:00:00+00:00 [queued]>
[2024-08-31T20:25:38.743+0700] {taskinstance.py:2076} INFO - Dependencies all met for dep_context=requeueable deps ti=<TaskInstance: scrap_carmudi.scrape_carmudi scheduled__2024-08-25T00:00:00+00:00 [queued]>
[2024-08-31T20:25:38.743+0700] {taskinstance.py:2306} INFO - Starting attempt 1 of 2
[2024-08-31T20:25:38.763+0700] {taskinstance.py:2330} INFO - Executing <Task(PythonOperator): scrape_carmudi> on 2024-08-25 00:00:00+00:00
[2024-08-31T20:25:38.768+0700] {standard_task_runner.py:64} INFO - Started process 31342 to run task
[2024-08-31T20:25:38.773+0700] {standard_task_runner.py:90} INFO - Running: ['***', 'tasks', 'run', 'scrap_carmudi', 'scrape_carmudi', 'scheduled__2024-08-25T00:00:00+00:00', '--job-id', '153', '--raw', '--subdir', 'DAGS_FOLDER/carmudi/scrape_carmudi.py', '--cfg-path', '/tmp/tmpgzd5448x']
[2024-08-31T20:25:38.776+0700] {standard_task_runner.py:91} INFO - Job 153: Subtask scrape_carmudi
[2024-08-31T20:25:38.850+0700] {task_command.py:426} INFO - Running <TaskInstance: scrap_carmudi.scrape_carmudi scheduled__2024-08-25T00:00:00+00:00 [running]> on host BrightHorizons.
[2024-08-31T20:25:39.001+0700] {taskinstance.py:2648} INFO - Exporting env vars: AIRFLOW_CTX_DAG_OWNER='***' AIRFLOW_CTX_DAG_ID='scrap_carmudi' AIRFLOW_CTX_TASK_ID='scrape_carmudi' AIRFLOW_CTX_EXECUTION_DATE='2024-08-25T00:00:00+00:00' AIRFLOW_CTX_TRY_NUMBER='1' AIRFLOW_CTX_DAG_RUN_ID='scheduled__2024-08-25T00:00:00+00:00'
[2024-08-31T20:25:39.002+0700] {taskinstance.py:430} INFO - ::endgroup::
[2024-08-31T20:25:41.365+0700] {logging_mixin.py:188} INFO - Fetching page 1 of 1 for price category: dibawah 30 Juta
[2024-08-31T20:25:42.411+0700] {logging_mixin.py:188} INFO - Fetching page 1 of 2 for price category: dibawah 40 Juta
[2024-08-31T20:25:42.673+0700] {logging_mixin.py:188} INFO - Fetching page 1 of 2 for price category: dibawah 50 Juta
[2024-08-31T20:25:42.864+0700] {logging_mixin.py:188} INFO - Fetching page 1 of 3 for price category: dibawah 60 Juta
[2024-08-31T20:25:43.103+0700] {logging_mixin.py:188} INFO - Sleeping for 1.61 seconds...
[2024-08-31T20:25:44.115+0700] {logging_mixin.py:188} INFO - Sleeping for 1.52 seconds...
[2024-08-31T20:25:44.759+0700] {logging_mixin.py:188} INFO - Data for price category dibawah 30 Juta written to /home/miracle/mobil/scrape/output/carmudi/2024-08-31/carmudi_dibawah 30 Juta_2024-08-31.csv
[2024-08-31T20:25:44.874+0700] {logging_mixin.py:188} INFO - Sleeping for 2.87 seconds...
[2024-08-31T20:25:44.934+0700] {logging_mixin.py:188} INFO - Sleeping for 2.07 seconds...
[2024-08-31T20:25:45.639+0700] {logging_mixin.py:188} INFO - Fetching page 2 of 2 for price category: dibawah 40 Juta
[2024-08-31T20:25:46.972+0700] {logging_mixin.py:188} INFO - Fetching page 1 of 4 for price category: dibawah 70 Juta
[2024-08-31T20:25:47.011+0700] {logging_mixin.py:188} INFO - Fetching page 2 of 3 for price category: dibawah 60 Juta
[2024-08-31T20:25:47.112+0700] {logging_mixin.py:188} INFO - Sleeping for 2.06 seconds...
[2024-08-31T20:25:47.751+0700] {logging_mixin.py:188} INFO - Fetching page 2 of 2 for price category: dibawah 50 Juta
[2024-08-31T20:25:49.176+0700] {logging_mixin.py:188} INFO - Data for price category dibawah 40 Juta written to /home/miracle/mobil/scrape/output/carmudi/2024-08-31/carmudi_dibawah 40 Juta_2024-08-31.csv
[2024-08-31T20:25:50.515+0700] {logging_mixin.py:188} INFO - Sleeping for 1.70 seconds...
[2024-08-31T20:25:50.593+0700] {logging_mixin.py:188} INFO - Sleeping for 2.63 seconds...
[2024-08-31T20:25:50.760+0700] {logging_mixin.py:188} INFO - Sleeping for 1.98 seconds...
[2024-08-31T20:25:52.232+0700] {logging_mixin.py:188} INFO - Fetching page 3 of 3 for price category: dibawah 60 Juta
[2024-08-31T20:25:52.741+0700] {logging_mixin.py:188} INFO - Data for price category dibawah 50 Juta written to /home/miracle/mobil/scrape/output/carmudi/2024-08-31/carmudi_dibawah 50 Juta_2024-08-31.csv
[2024-08-31T20:25:53.230+0700] {logging_mixin.py:188} INFO - Fetching page 2 of 4 for price category: dibawah 70 Juta
[2024-08-31T20:25:53.994+0700] {logging_mixin.py:188} INFO - Fetching page 1 of 5 for price category: dibawah 80 Juta
[2024-08-31T20:25:54.851+0700] {logging_mixin.py:188} INFO - Sleeping for 1.89 seconds...
[2024-08-31T20:25:56.747+0700] {logging_mixin.py:188} INFO - Data for price category dibawah 60 Juta written to /home/miracle/mobil/scrape/output/carmudi/2024-08-31/carmudi_dibawah 60 Juta_2024-08-31.csv
[2024-08-31T20:25:57.215+0700] {logging_mixin.py:188} INFO - Fetching page 1 of 9 for price category: dibawah 90 Juta
[2024-08-31T20:25:57.483+0700] {logging_mixin.py:188} INFO - Sleeping for 2.85 seconds...
[2024-08-31T20:25:57.943+0700] {logging_mixin.py:188} INFO - Sleeping for 2.72 seconds...
[2024-08-31T20:25:59.038+0700] {local_task_job_runner.py:313} WARNING - State of this instance has been externally set to success. Terminating instance.
[2024-08-31T20:25:59.039+0700] {local_task_job_runner.py:222} INFO - ::endgroup::
[2024-08-31T20:25:59.042+0700] {process_utils.py:132} INFO - Sending 15 to group 31342. PIDs of all processes in the group: [31342]
[2024-08-31T20:25:59.043+0700] {process_utils.py:87} INFO - Sending the signal 15 to group 31342
[2024-08-31T20:25:59.043+0700] {taskinstance.py:2611} ERROR - Received SIGTERM. Terminating subprocesses.
[2024-08-31T20:25:59.481+0700] {logging_mixin.py:188} INFO - Sleeping for 1.80 seconds...
[2024-08-31T20:26:00.333+0700] {logging_mixin.py:188} INFO - Fetching page 3 of 4 for price category: dibawah 70 Juta
[2024-08-31T20:26:00.665+0700] {logging_mixin.py:188} INFO - Fetching page 2 of 5 for price category: dibawah 80 Juta
[2024-08-31T20:26:01.282+0700] {logging_mixin.py:188} INFO - Fetching page 2 of 9 for price category: dibawah 90 Juta
[2024-08-31T20:26:02.260+0700] {logging_mixin.py:188} INFO - Sleeping for 2.05 seconds...
[2024-08-31T20:26:02.504+0700] {logging_mixin.py:188} INFO - Sleeping for 2.59 seconds...
[2024-08-31T20:26:02.808+0700] {logging_mixin.py:188} INFO - Sleeping for 1.86 seconds...
[2024-08-31T20:26:04.307+0700] {logging_mixin.py:188} INFO - Fetching page 4 of 4 for price category: dibawah 70 Juta
[2024-08-31T20:26:04.672+0700] {logging_mixin.py:188} INFO - Fetching page 3 of 9 for price category: dibawah 90 Juta
[2024-08-31T20:26:05.101+0700] {logging_mixin.py:188} INFO - Fetching page 3 of 5 for price category: dibawah 80 Juta
[2024-08-31T20:26:07.943+0700] {logging_mixin.py:188} INFO - Sleeping for 2.64 seconds...
[2024-08-31T20:26:08.033+0700] {logging_mixin.py:188} INFO - Sleeping for 2.79 seconds...
[2024-08-31T20:26:09.220+0700] {logging_mixin.py:188} INFO - Sleeping for 1.74 seconds...
[2024-08-31T20:26:10.596+0700] {logging_mixin.py:188} INFO - Data for price category dibawah 70 Juta written to /home/miracle/mobil/scrape/output/carmudi/2024-08-31/carmudi_dibawah 70 Juta_2024-08-31.csv
[2024-08-31T20:26:10.829+0700] {logging_mixin.py:188} INFO - Fetching page 4 of 9 for price category: dibawah 90 Juta
[2024-08-31T20:26:10.964+0700] {logging_mixin.py:188} INFO - Fetching page 4 of 5 for price category: dibawah 80 Juta
[2024-08-31T20:26:12.242+0700] {logging_mixin.py:188} INFO - Sleeping for 1.50 seconds...
[2024-08-31T20:26:12.400+0700] {logging_mixin.py:188} INFO - Sleeping for 2.20 seconds...
[2024-08-31T20:26:13.752+0700] {logging_mixin.py:188} INFO - Fetching page 5 of 5 for price category: dibawah 80 Juta
[2024-08-31T20:26:14.601+0700] {logging_mixin.py:188} INFO - Fetching page 5 of 9 for price category: dibawah 90 Juta
[2024-08-31T20:26:15.337+0700] {logging_mixin.py:188} INFO - Sleeping for 2.57 seconds...
[2024-08-31T20:26:16.230+0700] {logging_mixin.py:188} INFO - Sleeping for 2.83 seconds...
[2024-08-31T20:26:17.908+0700] {logging_mixin.py:188} INFO - Data for price category dibawah 80 Juta written to /home/miracle/mobil/scrape/output/carmudi/2024-08-31/carmudi_dibawah 80 Juta_2024-08-31.csv
[2024-08-31T20:26:19.063+0700] {logging_mixin.py:188} INFO - Fetching page 6 of 9 for price category: dibawah 90 Juta
[2024-08-31T20:26:20.566+0700] {logging_mixin.py:188} INFO - Sleeping for 2.87 seconds...
[2024-08-31T20:26:23.443+0700] {logging_mixin.py:188} INFO - Fetching page 7 of 9 for price category: dibawah 90 Juta
[2024-08-31T20:26:25.275+0700] {logging_mixin.py:188} INFO - Sleeping for 2.14 seconds...
[2024-08-31T20:26:27.422+0700] {logging_mixin.py:188} INFO - Fetching page 8 of 9 for price category: dibawah 90 Juta
[2024-08-31T20:26:29.178+0700] {logging_mixin.py:188} INFO - Sleeping for 2.01 seconds...
[2024-08-31T20:26:31.187+0700] {logging_mixin.py:188} INFO - Fetching page 9 of 9 for price category: dibawah 90 Juta
[2024-08-31T20:26:32.270+0700] {logging_mixin.py:188} INFO - Sleeping for 1.68 seconds...
[2024-08-31T20:26:33.950+0700] {logging_mixin.py:188} INFO - Data for price category dibawah 90 Juta written to /home/miracle/mobil/scrape/output/carmudi/2024-08-31/carmudi_dibawah 90 Juta_2024-08-31.csv
[2024-08-31T20:26:33.951+0700] {taskinstance.py:441} INFO - ::group::Post task execution logs
[2024-08-31T20:26:33.963+0700] {taskinstance.py:2905} ERROR - Task failed with exception
Traceback (most recent call last):
  File "/usr/local/lib/python3.10/dist-packages/airflow/models/taskinstance.py", line 465, in _execute_task
    result = _execute_callable(context=context, **execute_callable_kwargs)
  File "/usr/local/lib/python3.10/dist-packages/airflow/models/taskinstance.py", line 432, in _execute_callable
    return execute_callable(context=context, **execute_callable_kwargs)
  File "/usr/local/lib/python3.10/dist-packages/airflow/models/baseoperator.py", line 401, in wrapper
    return func(self, *args, **kwargs)
  File "/usr/local/lib/python3.10/dist-packages/airflow/operators/python.py", line 235, in execute
    return_value = self.execute_callable()
  File "/usr/local/lib/python3.10/dist-packages/airflow/operators/python.py", line 252, in execute_callable
    return self.python_callable(*self.op_args, **self.op_kwargs)
  File "/home/miracle/mobil/scrape/script/carmudi/carmudi.py", line 208, in carmudi_scrape
    future.result()
  File "/usr/lib/python3.10/concurrent/futures/_base.py", line 453, in result
    self._condition.wait(timeout)
  File "/usr/lib/python3.10/threading.py", line 320, in wait
    waiter.acquire()
  File "/usr/local/lib/python3.10/dist-packages/airflow/models/taskinstance.py", line 2613, in signal_handler
    raise AirflowTaskTerminated("Task received SIGTERM signal")
airflow.exceptions.AirflowTaskTerminated: Task received SIGTERM signal
[2024-08-31T20:26:33.966+0700] {taskinstance.py:1206} INFO - Marking task as FAILED. dag_id=scrap_carmudi, task_id=scrape_carmudi, run_id=scheduled__2024-08-25T00:00:00+00:00, execution_date=20240825T000000, start_date=20240831T132538, end_date=20240831T132633
[2024-08-31T20:26:33.978+0700] {standard_task_runner.py:110} ERROR - Failed to execute job 153 for task scrape_carmudi ((psycopg2.errors.ForeignKeyViolation) insert or update on table "task_fail" violates foreign key constraint "task_fail_ti_fkey"
DETAIL:  Key (dag_id, task_id, run_id, map_index)=(scrap_carmudi, scrape_carmudi, scheduled__2024-08-25T00:00:00+00:00, -1) is not present in table "task_instance".

[SQL: INSERT INTO task_fail (task_id, dag_id, run_id, map_index, start_date, end_date, duration) VALUES (%(task_id)s, %(dag_id)s, %(run_id)s, %(map_index)s, %(start_date)s, %(end_date)s, %(duration)s) RETURNING task_fail.id]
[parameters: {'task_id': 'scrape_carmudi', 'dag_id': 'scrap_carmudi', 'run_id': 'scheduled__2024-08-25T00:00:00+00:00', 'map_index': -1, 'start_date': datetime.datetime(2024, 8, 31, 13, 25, 38, 730601, tzinfo=Timezone('UTC')), 'end_date': datetime.datetime(2024, 8, 31, 13, 26, 33, 966437, tzinfo=Timezone('UTC')), 'duration': 55}]
(Background on this error at: https://sqlalche.me/e/14/gkpj); 31342)
[2024-08-31T20:26:34.014+0700] {process_utils.py:80} INFO - Process psutil.Process(pid=31342, status='terminated', exitcode=1, started='20:25:38') (31342) terminated with exit code 1
