[2024-08-24T12:14:40.611+0700] {local_task_job_runner.py:120} INFO - ::group::Pre task execution logs
[2024-08-24T12:14:40.747+0700] {taskinstance.py:2076} INFO - Dependencies all met for dep_context=non-requeueable deps ti=<TaskInstance: scrap_to_dag.modify_data scheduled__2024-08-23T00:00:00+00:00 [queued]>
[2024-08-24T12:14:40.758+0700] {taskinstance.py:2076} INFO - Dependencies all met for dep_context=requeueable deps ti=<TaskInstance: scrap_to_dag.modify_data scheduled__2024-08-23T00:00:00+00:00 [queued]>
[2024-08-24T12:14:40.758+0700] {taskinstance.py:2306} INFO - Starting attempt 1 of 2
[2024-08-24T12:14:40.771+0700] {taskinstance.py:2330} INFO - Executing <Task(SparkSubmitOperator): modify_data> on 2024-08-23 00:00:00+00:00
[2024-08-24T12:14:40.776+0700] {standard_task_runner.py:64} INFO - Started process 20283 to run task
[2024-08-24T12:14:40.780+0700] {standard_task_runner.py:90} INFO - Running: ['***', 'tasks', 'run', 'scrap_to_dag', 'modify_data', 'scheduled__2024-08-23T00:00:00+00:00', '--job-id', '89', '--raw', '--subdir', 'DAGS_FOLDER/oto/scrap_oto.py', '--cfg-path', '/tmp/tmp6hzm_4d0']
[2024-08-24T12:14:40.782+0700] {standard_task_runner.py:91} INFO - Job 89: Subtask modify_data
[2024-08-24T12:14:40.841+0700] {task_command.py:426} INFO - Running <TaskInstance: scrap_to_dag.modify_data scheduled__2024-08-23T00:00:00+00:00 [running]> on host BrightHorizons.
[2024-08-24T12:14:40.940+0700] {taskinstance.py:2648} INFO - Exporting env vars: AIRFLOW_CTX_DAG_OWNER='***' AIRFLOW_CTX_DAG_ID='scrap_to_dag' AIRFLOW_CTX_TASK_ID='modify_data' AIRFLOW_CTX_EXECUTION_DATE='2024-08-23T00:00:00+00:00' AIRFLOW_CTX_TRY_NUMBER='1' AIRFLOW_CTX_DAG_RUN_ID='scheduled__2024-08-23T00:00:00+00:00'
[2024-08-24T12:14:40.940+0700] {taskinstance.py:430} INFO - ::endgroup::
[2024-08-24T12:14:40.963+0700] {base.py:84} INFO - Using connection ID 'spark_local' for task execution.
[2024-08-24T12:14:40.964+0700] {spark_submit.py:403} INFO - Spark-Submit cmd: spark-submit --master local[*] --name arrow-spark --deploy-mode client /home/miracle/mobil/spark/oto.py
[2024-08-24T12:14:43.173+0700] {spark_submit.py:579} INFO - 24/08/24 12:14:43 WARN Utils: Your hostname, BrightHorizons resolves to a loopback address: 127.0.1.1; using 10.255.255.254 instead (on interface lo)
[2024-08-24T12:14:43.179+0700] {spark_submit.py:579} INFO - 24/08/24 12:14:43 WARN Utils: Set SPARK_LOCAL_IP if you need to bind to another address
[2024-08-24T12:14:45.105+0700] {spark_submit.py:579} INFO - 24/08/24 12:14:45 INFO SparkContext: Running Spark version 3.5.1
[2024-08-24T12:14:45.106+0700] {spark_submit.py:579} INFO - 24/08/24 12:14:45 INFO SparkContext: OS info Linux, 5.15.153.1-microsoft-standard-WSL2, amd64
[2024-08-24T12:14:45.107+0700] {spark_submit.py:579} INFO - 24/08/24 12:14:45 INFO SparkContext: Java version 11.0.24
[2024-08-24T12:14:45.215+0700] {spark_submit.py:579} INFO - 24/08/24 12:14:45 WARN NativeCodeLoader: Unable to load native-hadoop library for your platform... using builtin-java classes where applicable
[2024-08-24T12:14:45.440+0700] {spark_submit.py:579} INFO - 24/08/24 12:14:45 INFO ResourceUtils: ==============================================================
[2024-08-24T12:14:45.441+0700] {spark_submit.py:579} INFO - 24/08/24 12:14:45 INFO ResourceUtils: No custom resources configured for spark.driver.
[2024-08-24T12:14:45.443+0700] {spark_submit.py:579} INFO - 24/08/24 12:14:45 INFO ResourceUtils: ==============================================================
[2024-08-24T12:14:45.444+0700] {spark_submit.py:579} INFO - 24/08/24 12:14:45 INFO SparkContext: Submitted application: CarDataAnalysis
[2024-08-24T12:14:45.498+0700] {spark_submit.py:579} INFO - 24/08/24 12:14:45 INFO ResourceProfile: Default ResourceProfile created, executor resources: Map(cores -> name: cores, amount: 1, script: , vendor: , memory -> name: memory, amount: 1024, script: , vendor: , offHeap -> name: offHeap, amount: 0, script: , vendor: ), task resources: Map(cpus -> name: cpus, amount: 1.0)
[2024-08-24T12:14:45.517+0700] {spark_submit.py:579} INFO - 24/08/24 12:14:45 INFO ResourceProfile: Limiting resource is cpu
[2024-08-24T12:14:45.519+0700] {spark_submit.py:579} INFO - 24/08/24 12:14:45 INFO ResourceProfileManager: Added ResourceProfile id: 0
[2024-08-24T12:14:45.618+0700] {spark_submit.py:579} INFO - 24/08/24 12:14:45 INFO SecurityManager: Changing view acls to: root
[2024-08-24T12:14:45.620+0700] {spark_submit.py:579} INFO - 24/08/24 12:14:45 INFO SecurityManager: Changing modify acls to: root
[2024-08-24T12:14:45.621+0700] {spark_submit.py:579} INFO - 24/08/24 12:14:45 INFO SecurityManager: Changing view acls groups to:
[2024-08-24T12:14:45.622+0700] {spark_submit.py:579} INFO - 24/08/24 12:14:45 INFO SecurityManager: Changing modify acls groups to:
[2024-08-24T12:14:45.623+0700] {spark_submit.py:579} INFO - 24/08/24 12:14:45 INFO SecurityManager: SecurityManager: authentication disabled; ui acls disabled; users with view permissions: root; groups with view permissions: EMPTY; users with modify permissions: root; groups with modify permissions: EMPTY
[2024-08-24T12:14:46.089+0700] {spark_submit.py:579} INFO - 24/08/24 12:14:46 INFO Utils: Successfully started service 'sparkDriver' on port 45479.
[2024-08-24T12:14:46.147+0700] {spark_submit.py:579} INFO - 24/08/24 12:14:46 INFO SparkEnv: Registering MapOutputTracker
[2024-08-24T12:14:46.211+0700] {spark_submit.py:579} INFO - 24/08/24 12:14:46 INFO SparkEnv: Registering BlockManagerMaster
[2024-08-24T12:14:46.247+0700] {spark_submit.py:579} INFO - 24/08/24 12:14:46 INFO BlockManagerMasterEndpoint: Using org.apache.spark.storage.DefaultTopologyMapper for getting topology information
[2024-08-24T12:14:46.248+0700] {spark_submit.py:579} INFO - 24/08/24 12:14:46 INFO BlockManagerMasterEndpoint: BlockManagerMasterEndpoint up
[2024-08-24T12:14:46.255+0700] {spark_submit.py:579} INFO - 24/08/24 12:14:46 INFO SparkEnv: Registering BlockManagerMasterHeartbeat
[2024-08-24T12:14:46.283+0700] {spark_submit.py:579} INFO - 24/08/24 12:14:46 INFO DiskBlockManager: Created local directory at /tmp/blockmgr-92b0832e-7825-42c7-8fae-56d949256b60
[2024-08-24T12:14:46.308+0700] {spark_submit.py:579} INFO - 24/08/24 12:14:46 INFO MemoryStore: MemoryStore started with capacity 434.4 MiB
[2024-08-24T12:14:46.341+0700] {spark_submit.py:579} INFO - 24/08/24 12:14:46 INFO SparkEnv: Registering OutputCommitCoordinator
[2024-08-24T12:14:46.551+0700] {spark_submit.py:579} INFO - 24/08/24 12:14:46 INFO JettyUtils: Start Jetty 0.0.0.0:4040 for SparkUI
[2024-08-24T12:14:46.638+0700] {spark_submit.py:579} INFO - 24/08/24 12:14:46 WARN Utils: Service 'SparkUI' could not bind on port 4040. Attempting port 4041.
[2024-08-24T12:14:46.641+0700] {spark_submit.py:579} INFO - 24/08/24 12:14:46 WARN Utils: Service 'SparkUI' could not bind on port 4041. Attempting port 4042.
[2024-08-24T12:14:46.663+0700] {spark_submit.py:579} INFO - 24/08/24 12:14:46 INFO Utils: Successfully started service 'SparkUI' on port 4042.
[2024-08-24T12:14:46.852+0700] {spark_submit.py:579} INFO - 24/08/24 12:14:46 INFO Executor: Starting executor ID driver on host 10.255.255.254
[2024-08-24T12:14:46.853+0700] {spark_submit.py:579} INFO - 24/08/24 12:14:46 INFO Executor: OS info Linux, 5.15.153.1-microsoft-standard-WSL2, amd64
[2024-08-24T12:14:46.854+0700] {spark_submit.py:579} INFO - 24/08/24 12:14:46 INFO Executor: Java version 11.0.24
[2024-08-24T12:14:46.868+0700] {spark_submit.py:579} INFO - 24/08/24 12:14:46 INFO Executor: Starting executor with user classpath (userClassPathFirst = false): ''
[2024-08-24T12:14:46.869+0700] {spark_submit.py:579} INFO - 24/08/24 12:14:46 INFO Executor: Created or updated repl class loader org.apache.spark.util.MutableURLClassLoader@335be9c0 for default.
[2024-08-24T12:14:46.915+0700] {spark_submit.py:579} INFO - 24/08/24 12:14:46 INFO Utils: Successfully started service 'org.apache.spark.network.netty.NettyBlockTransferService' on port 38821.
[2024-08-24T12:14:46.916+0700] {spark_submit.py:579} INFO - 24/08/24 12:14:46 INFO NettyBlockTransferService: Server created on 10.255.255.254:38821
[2024-08-24T12:14:46.919+0700] {spark_submit.py:579} INFO - 24/08/24 12:14:46 INFO BlockManager: Using org.apache.spark.storage.RandomBlockReplicationPolicy for block replication policy
[2024-08-24T12:14:46.932+0700] {spark_submit.py:579} INFO - 24/08/24 12:14:46 INFO BlockManagerMaster: Registering BlockManager BlockManagerId(driver, 10.255.255.254, 38821, None)
[2024-08-24T12:14:46.939+0700] {spark_submit.py:579} INFO - 24/08/24 12:14:46 INFO BlockManagerMasterEndpoint: Registering block manager 10.255.255.254:38821 with 434.4 MiB RAM, BlockManagerId(driver, 10.255.255.254, 38821, None)
[2024-08-24T12:14:46.943+0700] {spark_submit.py:579} INFO - 24/08/24 12:14:46 INFO BlockManagerMaster: Registered BlockManager BlockManagerId(driver, 10.255.255.254, 38821, None)
[2024-08-24T12:14:46.945+0700] {spark_submit.py:579} INFO - 24/08/24 12:14:46 INFO BlockManager: Initialized BlockManager: BlockManagerId(driver, 10.255.255.254, 38821, None)
[2024-08-24T12:14:47.748+0700] {spark_submit.py:579} INFO - CSV files found: ['oto_car_dibawah_30_juta_2024-08-24.csv']
[2024-08-24T12:14:47.864+0700] {spark_submit.py:579} INFO - 24/08/24 12:14:47 INFO SharedState: Setting hive.metastore.warehouse.dir ('null') to the value of spark.sql.warehouse.dir.
[2024-08-24T12:14:47.876+0700] {spark_submit.py:579} INFO - 24/08/24 12:14:47 INFO SharedState: Warehouse path is 'file:/home/miracle/spark-warehouse'.
[2024-08-24T12:14:49.238+0700] {spark_submit.py:579} INFO - 24/08/24 12:14:49 INFO InMemoryFileIndex: It took 94 ms to list leaf files for 1 paths.
[2024-08-24T12:14:49.365+0700] {spark_submit.py:579} INFO - 24/08/24 12:14:49 INFO InMemoryFileIndex: It took 4 ms to list leaf files for 1 paths.
[2024-08-24T12:14:53.173+0700] {spark_submit.py:579} INFO - 24/08/24 12:14:53 INFO FileSourceStrategy: Pushed Filters:
[2024-08-24T12:14:53.179+0700] {spark_submit.py:579} INFO - 24/08/24 12:14:53 INFO FileSourceStrategy: Post-Scan Filters: (length(trim(value#0, None)) > 0)
[2024-08-24T12:14:54.347+0700] {spark_submit.py:579} INFO - 24/08/24 12:14:54 INFO CodeGenerator: Code generated in 516.058291 ms
[2024-08-24T12:14:54.496+0700] {spark_submit.py:579} INFO - 24/08/24 12:14:54 INFO MemoryStore: Block broadcast_0 stored as values in memory (estimated size 199.8 KiB, free 434.2 MiB)
[2024-08-24T12:14:54.608+0700] {spark_submit.py:579} INFO - 24/08/24 12:14:54 INFO MemoryStore: Block broadcast_0_piece0 stored as bytes in memory (estimated size 34.3 KiB, free 434.2 MiB)
[2024-08-24T12:14:54.614+0700] {spark_submit.py:579} INFO - 24/08/24 12:14:54 INFO BlockManagerInfo: Added broadcast_0_piece0 in memory on 10.255.255.254:38821 (size: 34.3 KiB, free: 434.4 MiB)
[2024-08-24T12:14:54.623+0700] {spark_submit.py:579} INFO - 24/08/24 12:14:54 INFO SparkContext: Created broadcast 0 from csv at NativeMethodAccessorImpl.java:0
[2024-08-24T12:14:54.666+0700] {spark_submit.py:579} INFO - 24/08/24 12:14:54 INFO FileSourceScanExec: Planning scan with bin packing, max size: 4194304 bytes, open cost is considered as scanning 4194304 bytes.
[2024-08-24T12:14:55.032+0700] {spark_submit.py:579} INFO - 24/08/24 12:14:55 INFO SparkContext: Starting job: csv at NativeMethodAccessorImpl.java:0
[2024-08-24T12:14:55.106+0700] {spark_submit.py:579} INFO - 24/08/24 12:14:55 INFO DAGScheduler: Got job 0 (csv at NativeMethodAccessorImpl.java:0) with 1 output partitions
[2024-08-24T12:14:55.108+0700] {spark_submit.py:579} INFO - 24/08/24 12:14:55 INFO DAGScheduler: Final stage: ResultStage 0 (csv at NativeMethodAccessorImpl.java:0)
[2024-08-24T12:14:55.111+0700] {spark_submit.py:579} INFO - 24/08/24 12:14:55 INFO DAGScheduler: Parents of final stage: List()
[2024-08-24T12:14:55.121+0700] {spark_submit.py:579} INFO - 24/08/24 12:14:55 INFO DAGScheduler: Missing parents: List()
[2024-08-24T12:14:55.144+0700] {spark_submit.py:579} INFO - 24/08/24 12:14:55 INFO DAGScheduler: Submitting ResultStage 0 (MapPartitionsRDD[3] at csv at NativeMethodAccessorImpl.java:0), which has no missing parents
[2024-08-24T12:14:55.471+0700] {spark_submit.py:579} INFO - 24/08/24 12:14:55 INFO MemoryStore: Block broadcast_1 stored as values in memory (estimated size 13.5 KiB, free 434.2 MiB)
[2024-08-24T12:14:55.478+0700] {spark_submit.py:579} INFO - 24/08/24 12:14:55 INFO MemoryStore: Block broadcast_1_piece0 stored as bytes in memory (estimated size 6.4 KiB, free 434.2 MiB)
[2024-08-24T12:14:55.481+0700] {spark_submit.py:579} INFO - 24/08/24 12:14:55 INFO BlockManagerInfo: Added broadcast_1_piece0 in memory on 10.255.255.254:38821 (size: 6.4 KiB, free: 434.4 MiB)
[2024-08-24T12:14:55.483+0700] {spark_submit.py:579} INFO - 24/08/24 12:14:55 INFO SparkContext: Created broadcast 1 from broadcast at DAGScheduler.scala:1585
[2024-08-24T12:14:55.520+0700] {spark_submit.py:579} INFO - 24/08/24 12:14:55 INFO DAGScheduler: Submitting 1 missing tasks from ResultStage 0 (MapPartitionsRDD[3] at csv at NativeMethodAccessorImpl.java:0) (first 15 tasks are for partitions Vector(0))
[2024-08-24T12:14:55.523+0700] {spark_submit.py:579} INFO - 24/08/24 12:14:55 INFO TaskSchedulerImpl: Adding task set 0.0 with 1 tasks resource profile 0
[2024-08-24T12:14:55.638+0700] {spark_submit.py:579} INFO - 24/08/24 12:14:55 INFO TaskSetManager: Starting task 0.0 in stage 0.0 (TID 0) (10.255.255.254, executor driver, partition 0, PROCESS_LOCAL, 8272 bytes)
[2024-08-24T12:14:55.674+0700] {spark_submit.py:579} INFO - 24/08/24 12:14:55 INFO Executor: Running task 0.0 in stage 0.0 (TID 0)
[2024-08-24T12:14:56.027+0700] {spark_submit.py:579} INFO - 24/08/24 12:14:56 INFO CodeGenerator: Code generated in 58.710478 ms
[2024-08-24T12:14:56.043+0700] {spark_submit.py:579} INFO - 24/08/24 12:14:56 INFO FileScanRDD: Reading File path: file:///home/miracle/mobil/scrape/output/oto/2024-08-24/oto_car_dibawah_30_juta_2024-08-24.csv, range: 0-14636, partition values: [empty row]
[2024-08-24T12:14:56.093+0700] {spark_submit.py:579} INFO - 24/08/24 12:14:56 INFO CodeGenerator: Code generated in 30.537116 ms
[2024-08-24T12:14:56.270+0700] {spark_submit.py:579} INFO - 24/08/24 12:14:56 INFO Executor: Finished task 0.0 in stage 0.0 (TID 0). 1676 bytes result sent to driver
[2024-08-24T12:14:56.309+0700] {spark_submit.py:579} INFO - 24/08/24 12:14:56 INFO TaskSetManager: Finished task 0.0 in stage 0.0 (TID 0) in 695 ms on 10.255.255.254 (executor driver) (1/1)
[2024-08-24T12:14:56.315+0700] {spark_submit.py:579} INFO - 24/08/24 12:14:56 INFO TaskSchedulerImpl: Removed TaskSet 0.0, whose tasks have all completed, from pool
[2024-08-24T12:14:56.333+0700] {spark_submit.py:579} INFO - 24/08/24 12:14:56 INFO DAGScheduler: ResultStage 0 (csv at NativeMethodAccessorImpl.java:0) finished in 1.129 s
[2024-08-24T12:14:56.345+0700] {spark_submit.py:579} INFO - 24/08/24 12:14:56 INFO DAGScheduler: Job 0 is finished. Cancelling potential speculative or zombie tasks for this job
[2024-08-24T12:14:56.346+0700] {spark_submit.py:579} INFO - 24/08/24 12:14:56 INFO TaskSchedulerImpl: Killing all running tasks in stage 0: Stage finished
[2024-08-24T12:14:56.352+0700] {spark_submit.py:579} INFO - 24/08/24 12:14:56 INFO DAGScheduler: Job 0 finished: csv at NativeMethodAccessorImpl.java:0, took 1.317275 s
[2024-08-24T12:14:56.408+0700] {spark_submit.py:579} INFO - 24/08/24 12:14:56 INFO CodeGenerator: Code generated in 21.731814 ms
[2024-08-24T12:14:56.577+0700] {spark_submit.py:579} INFO - 24/08/24 12:14:56 INFO FileSourceStrategy: Pushed Filters:
[2024-08-24T12:14:56.578+0700] {spark_submit.py:579} INFO - 24/08/24 12:14:56 INFO FileSourceStrategy: Post-Scan Filters:
[2024-08-24T12:14:56.608+0700] {spark_submit.py:579} INFO - 24/08/24 12:14:56 INFO MemoryStore: Block broadcast_2 stored as values in memory (estimated size 199.8 KiB, free 434.0 MiB)
[2024-08-24T12:14:56.628+0700] {spark_submit.py:579} INFO - 24/08/24 12:14:56 INFO MemoryStore: Block broadcast_2_piece0 stored as bytes in memory (estimated size 34.3 KiB, free 433.9 MiB)
[2024-08-24T12:14:56.634+0700] {spark_submit.py:579} INFO - 24/08/24 12:14:56 INFO BlockManagerInfo: Added broadcast_2_piece0 in memory on 10.255.255.254:38821 (size: 34.3 KiB, free: 434.3 MiB)
[2024-08-24T12:14:56.637+0700] {spark_submit.py:579} INFO - 24/08/24 12:14:56 INFO SparkContext: Created broadcast 2 from csv at NativeMethodAccessorImpl.java:0
[2024-08-24T12:14:56.642+0700] {spark_submit.py:579} INFO - 24/08/24 12:14:56 INFO FileSourceScanExec: Planning scan with bin packing, max size: 4194304 bytes, open cost is considered as scanning 4194304 bytes.
[2024-08-24T12:14:56.889+0700] {spark_submit.py:579} INFO - 24/08/24 12:14:56 INFO BlockManagerInfo: Removed broadcast_1_piece0 on 10.255.255.254:38821 in memory (size: 6.4 KiB, free: 434.3 MiB)
[2024-08-24T12:14:56.923+0700] {spark_submit.py:579} INFO - 24/08/24 12:14:56 INFO SparkContext: Starting job: csv at NativeMethodAccessorImpl.java:0
[2024-08-24T12:14:56.930+0700] {spark_submit.py:579} INFO - 24/08/24 12:14:56 INFO DAGScheduler: Got job 1 (csv at NativeMethodAccessorImpl.java:0) with 1 output partitions
[2024-08-24T12:14:56.931+0700] {spark_submit.py:579} INFO - 24/08/24 12:14:56 INFO DAGScheduler: Final stage: ResultStage 1 (csv at NativeMethodAccessorImpl.java:0)
[2024-08-24T12:14:56.932+0700] {spark_submit.py:579} INFO - 24/08/24 12:14:56 INFO DAGScheduler: Parents of final stage: List()
[2024-08-24T12:14:56.949+0700] {spark_submit.py:579} INFO - 24/08/24 12:14:56 INFO DAGScheduler: Missing parents: List()
[2024-08-24T12:14:56.954+0700] {spark_submit.py:579} INFO - 24/08/24 12:14:56 INFO DAGScheduler: Submitting ResultStage 1 (MapPartitionsRDD[9] at csv at NativeMethodAccessorImpl.java:0), which has no missing parents
[2024-08-24T12:14:56.982+0700] {spark_submit.py:579} INFO - 24/08/24 12:14:56 INFO BlockManagerInfo: Removed broadcast_0_piece0 on 10.255.255.254:38821 in memory (size: 34.3 KiB, free: 434.4 MiB)
[2024-08-24T12:14:57.073+0700] {spark_submit.py:579} INFO - 24/08/24 12:14:57 INFO MemoryStore: Block broadcast_3 stored as values in memory (estimated size 27.6 KiB, free 434.1 MiB)
[2024-08-24T12:14:57.080+0700] {spark_submit.py:579} INFO - 24/08/24 12:14:57 INFO MemoryStore: Block broadcast_3_piece0 stored as bytes in memory (estimated size 12.7 KiB, free 434.1 MiB)
[2024-08-24T12:14:57.083+0700] {spark_submit.py:579} INFO - 24/08/24 12:14:57 INFO BlockManagerInfo: Added broadcast_3_piece0 in memory on 10.255.255.254:38821 (size: 12.7 KiB, free: 434.4 MiB)
[2024-08-24T12:14:57.095+0700] {spark_submit.py:579} INFO - 24/08/24 12:14:57 INFO SparkContext: Created broadcast 3 from broadcast at DAGScheduler.scala:1585
[2024-08-24T12:14:57.097+0700] {spark_submit.py:579} INFO - 24/08/24 12:14:57 INFO DAGScheduler: Submitting 1 missing tasks from ResultStage 1 (MapPartitionsRDD[9] at csv at NativeMethodAccessorImpl.java:0) (first 15 tasks are for partitions Vector(0))
[2024-08-24T12:14:57.097+0700] {spark_submit.py:579} INFO - 24/08/24 12:14:57 INFO TaskSchedulerImpl: Adding task set 1.0 with 1 tasks resource profile 0
[2024-08-24T12:14:57.103+0700] {spark_submit.py:579} INFO - 24/08/24 12:14:57 INFO TaskSetManager: Starting task 0.0 in stage 1.0 (TID 1) (10.255.255.254, executor driver, partition 0, PROCESS_LOCAL, 8272 bytes)
[2024-08-24T12:14:57.110+0700] {spark_submit.py:579} INFO - 24/08/24 12:14:57 INFO Executor: Running task 0.0 in stage 1.0 (TID 1)
[2024-08-24T12:14:57.234+0700] {spark_submit.py:579} INFO - 24/08/24 12:14:57 INFO CodeGenerator: Code generated in 45.738329 ms
[2024-08-24T12:14:57.244+0700] {spark_submit.py:579} INFO - 24/08/24 12:14:57 INFO FileScanRDD: Reading File path: file:///home/miracle/mobil/scrape/output/oto/2024-08-24/oto_car_dibawah_30_juta_2024-08-24.csv, range: 0-14636, partition values: [empty row]
[2024-08-24T12:14:57.380+0700] {spark_submit.py:579} INFO - 24/08/24 12:14:57 INFO Executor: Finished task 0.0 in stage 1.0 (TID 1). 1552 bytes result sent to driver
[2024-08-24T12:14:57.385+0700] {spark_submit.py:579} INFO - 24/08/24 12:14:57 INFO TaskSetManager: Finished task 0.0 in stage 1.0 (TID 1) in 283 ms on 10.255.255.254 (executor driver) (1/1)
[2024-08-24T12:14:57.387+0700] {spark_submit.py:579} INFO - 24/08/24 12:14:57 INFO TaskSchedulerImpl: Removed TaskSet 1.0, whose tasks have all completed, from pool
[2024-08-24T12:14:57.390+0700] {spark_submit.py:579} INFO - 24/08/24 12:14:57 INFO DAGScheduler: ResultStage 1 (csv at NativeMethodAccessorImpl.java:0) finished in 0.418 s
[2024-08-24T12:14:57.391+0700] {spark_submit.py:579} INFO - 24/08/24 12:14:57 INFO DAGScheduler: Job 1 is finished. Cancelling potential speculative or zombie tasks for this job
[2024-08-24T12:14:57.392+0700] {spark_submit.py:579} INFO - 24/08/24 12:14:57 INFO TaskSchedulerImpl: Killing all running tasks in stage 1: Stage finished
[2024-08-24T12:14:57.394+0700] {spark_submit.py:579} INFO - 24/08/24 12:14:57 INFO DAGScheduler: Job 1 finished: csv at NativeMethodAccessorImpl.java:0, took 0.472220 s
[2024-08-24T12:14:58.278+0700] {spark_submit.py:579} INFO - 24/08/24 12:14:58 INFO FileSourceStrategy: Pushed Filters:
[2024-08-24T12:14:58.281+0700] {spark_submit.py:579} INFO - 24/08/24 12:14:58 INFO FileSourceStrategy: Post-Scan Filters:
[2024-08-24T12:14:58.530+0700] {spark_submit.py:579} INFO - 24/08/24 12:14:58 INFO CodeGenerator: Code generated in 142.201345 ms
[2024-08-24T12:14:58.543+0700] {spark_submit.py:579} INFO - 24/08/24 12:14:58 INFO MemoryStore: Block broadcast_4 stored as values in memory (estimated size 199.6 KiB, free 433.9 MiB)
[2024-08-24T12:14:58.560+0700] {spark_submit.py:579} INFO - 24/08/24 12:14:58 INFO MemoryStore: Block broadcast_4_piece0 stored as bytes in memory (estimated size 34.3 KiB, free 433.9 MiB)
[2024-08-24T12:14:58.563+0700] {spark_submit.py:579} INFO - 24/08/24 12:14:58 INFO BlockManagerInfo: Added broadcast_4_piece0 in memory on 10.255.255.254:38821 (size: 34.3 KiB, free: 434.3 MiB)
[2024-08-24T12:14:58.567+0700] {spark_submit.py:579} INFO - 24/08/24 12:14:58 INFO SparkContext: Created broadcast 4 from toPandas at /home/miracle/mobil/spark/oto.py:43
[2024-08-24T12:14:58.581+0700] {spark_submit.py:579} INFO - 24/08/24 12:14:58 INFO FileSourceScanExec: Planning scan with bin packing, max size: 4194304 bytes, open cost is considered as scanning 4194304 bytes.
[2024-08-24T12:14:58.646+0700] {spark_submit.py:579} INFO - 24/08/24 12:14:58 INFO SparkContext: Starting job: toPandas at /home/miracle/mobil/spark/oto.py:43
[2024-08-24T12:14:58.653+0700] {spark_submit.py:579} INFO - 24/08/24 12:14:58 INFO DAGScheduler: Got job 2 (toPandas at /home/miracle/mobil/spark/oto.py:43) with 1 output partitions
[2024-08-24T12:14:58.653+0700] {spark_submit.py:579} INFO - 24/08/24 12:14:58 INFO DAGScheduler: Final stage: ResultStage 2 (toPandas at /home/miracle/mobil/spark/oto.py:43)
[2024-08-24T12:14:58.654+0700] {spark_submit.py:579} INFO - 24/08/24 12:14:58 INFO DAGScheduler: Parents of final stage: List()
[2024-08-24T12:14:58.655+0700] {spark_submit.py:579} INFO - 24/08/24 12:14:58 INFO DAGScheduler: Missing parents: List()
[2024-08-24T12:14:58.661+0700] {spark_submit.py:579} INFO - 24/08/24 12:14:58 INFO DAGScheduler: Submitting ResultStage 2 (MapPartitionsRDD[13] at toPandas at /home/miracle/mobil/spark/oto.py:43), which has no missing parents
[2024-08-24T12:14:58.683+0700] {spark_submit.py:579} INFO - 24/08/24 12:14:58 INFO MemoryStore: Block broadcast_5 stored as values in memory (estimated size 26.6 KiB, free 433.9 MiB)
[2024-08-24T12:14:58.694+0700] {spark_submit.py:579} INFO - 24/08/24 12:14:58 INFO MemoryStore: Block broadcast_5_piece0 stored as bytes in memory (estimated size 10.3 KiB, free 433.9 MiB)
[2024-08-24T12:14:58.700+0700] {spark_submit.py:579} INFO - 24/08/24 12:14:58 INFO BlockManagerInfo: Added broadcast_5_piece0 in memory on 10.255.255.254:38821 (size: 10.3 KiB, free: 434.3 MiB)
[2024-08-24T12:14:58.702+0700] {spark_submit.py:579} INFO - 24/08/24 12:14:58 INFO SparkContext: Created broadcast 5 from broadcast at DAGScheduler.scala:1585
[2024-08-24T12:14:58.708+0700] {spark_submit.py:579} INFO - 24/08/24 12:14:58 INFO DAGScheduler: Submitting 1 missing tasks from ResultStage 2 (MapPartitionsRDD[13] at toPandas at /home/miracle/mobil/spark/oto.py:43) (first 15 tasks are for partitions Vector(0))
[2024-08-24T12:14:58.713+0700] {spark_submit.py:579} INFO - 24/08/24 12:14:58 INFO TaskSchedulerImpl: Adding task set 2.0 with 1 tasks resource profile 0
[2024-08-24T12:14:58.720+0700] {spark_submit.py:579} INFO - 24/08/24 12:14:58 INFO TaskSetManager: Starting task 0.0 in stage 2.0 (TID 2) (10.255.255.254, executor driver, partition 0, PROCESS_LOCAL, 8272 bytes)
[2024-08-24T12:14:58.723+0700] {spark_submit.py:579} INFO - 24/08/24 12:14:58 INFO Executor: Running task 0.0 in stage 2.0 (TID 2)
[2024-08-24T12:14:58.838+0700] {spark_submit.py:579} INFO - 24/08/24 12:14:58 INFO BlockManagerInfo: Removed broadcast_2_piece0 on 10.255.255.254:38821 in memory (size: 34.3 KiB, free: 434.3 MiB)
[2024-08-24T12:14:58.851+0700] {spark_submit.py:579} INFO - 24/08/24 12:14:58 INFO BlockManagerInfo: Removed broadcast_3_piece0 on 10.255.255.254:38821 in memory (size: 12.7 KiB, free: 434.4 MiB)
[2024-08-24T12:14:58.908+0700] {spark_submit.py:579} INFO - 24/08/24 12:14:58 INFO CodeGenerator: Code generated in 157.892431 ms
[2024-08-24T12:14:58.913+0700] {spark_submit.py:579} INFO - 24/08/24 12:14:58 INFO FileScanRDD: Reading File path: file:///home/miracle/mobil/scrape/output/oto/2024-08-24/oto_car_dibawah_30_juta_2024-08-24.csv, range: 0-14636, partition values: [empty row]
[2024-08-24T12:14:58.985+0700] {spark_submit.py:579} INFO - 24/08/24 12:14:58 INFO CodeGenerator: Code generated in 38.314116 ms
[2024-08-24T12:14:59.071+0700] {spark_submit.py:579} INFO - 24/08/24 12:14:59 INFO Executor: Finished task 0.0 in stage 2.0 (TID 2). 9375 bytes result sent to driver
[2024-08-24T12:14:59.074+0700] {spark_submit.py:579} INFO - 24/08/24 12:14:59 INFO TaskSetManager: Finished task 0.0 in stage 2.0 (TID 2) in 357 ms on 10.255.255.254 (executor driver) (1/1)
[2024-08-24T12:14:59.075+0700] {spark_submit.py:579} INFO - 24/08/24 12:14:59 INFO TaskSchedulerImpl: Removed TaskSet 2.0, whose tasks have all completed, from pool
[2024-08-24T12:14:59.077+0700] {spark_submit.py:579} INFO - 24/08/24 12:14:59 INFO DAGScheduler: ResultStage 2 (toPandas at /home/miracle/mobil/spark/oto.py:43) finished in 0.414 s
[2024-08-24T12:14:59.078+0700] {spark_submit.py:579} INFO - 24/08/24 12:14:59 INFO DAGScheduler: Job 2 is finished. Cancelling potential speculative or zombie tasks for this job
[2024-08-24T12:14:59.079+0700] {spark_submit.py:579} INFO - 24/08/24 12:14:59 INFO TaskSchedulerImpl: Killing all running tasks in stage 2: Stage finished
[2024-08-24T12:14:59.080+0700] {spark_submit.py:579} INFO - 24/08/24 12:14:59 INFO DAGScheduler: Job 2 finished: toPandas at /home/miracle/mobil/spark/oto.py:43, took 0.431106 s
[2024-08-24T12:14:59.161+0700] {spark_submit.py:579} INFO - Cleaned data has been saved to /home/miracle/mobil/scrape/output/oto/2024-08-24/all_second_car_data_2024-08-24.csv
[2024-08-24T12:16:22.061+0700] {local_task_job_runner.py:313} WARNING - State of this instance has been externally set to restarting. Terminating instance.
[2024-08-24T12:16:22.062+0700] {local_task_job_runner.py:222} INFO - ::endgroup::
[2024-08-24T12:16:22.065+0700] {process_utils.py:132} INFO - Sending 15 to group 20283. PIDs of all processes in the group: [20305, 20570, 20283]
[2024-08-24T12:16:22.065+0700] {process_utils.py:87} INFO - Sending the signal 15 to group 20283
[2024-08-24T12:16:22.066+0700] {taskinstance.py:2611} ERROR - Received SIGTERM. Terminating subprocesses.
[2024-08-24T12:16:22.067+0700] {spark_submit.py:705} INFO - Sending kill signal to spark-submit
[2024-08-24T12:16:22.068+0700] {taskinstance.py:441} INFO - ::group::Post task execution logs
[2024-08-24T12:16:22.081+0700] {taskinstance.py:2905} ERROR - Task failed with exception
Traceback (most recent call last):
  File "/usr/local/lib/python3.10/dist-packages/airflow/models/taskinstance.py", line 465, in _execute_task
    result = _execute_callable(context=context, **execute_callable_kwargs)
  File "/usr/local/lib/python3.10/dist-packages/airflow/models/taskinstance.py", line 432, in _execute_callable
    return execute_callable(context=context, **execute_callable_kwargs)
  File "/usr/local/lib/python3.10/dist-packages/airflow/models/baseoperator.py", line 401, in wrapper
    return func(self, *args, **kwargs)
  File "/usr/local/lib/python3.10/dist-packages/airflow/providers/apache/spark/operators/spark_submit.py", line 174, in execute
    self._hook.submit(self.application)
  File "/usr/local/lib/python3.10/dist-packages/airflow/providers/apache/spark/hooks/spark_submit.py", line 493, in submit
    self._process_spark_submit_log(iter(self._submit_sp.stdout))  # type: ignore
  File "/usr/local/lib/python3.10/dist-packages/airflow/providers/apache/spark/hooks/spark_submit.py", line 542, in _process_spark_submit_log
    for line in itr:
  File "/usr/local/lib/python3.10/dist-packages/airflow/models/taskinstance.py", line 2613, in signal_handler
    raise AirflowTaskTerminated("Task received SIGTERM signal")
airflow.exceptions.AirflowTaskTerminated: Task received SIGTERM signal
[2024-08-24T12:16:22.087+0700] {taskinstance.py:1206} INFO - Marking task as UP_FOR_RETRY. dag_id=scrap_to_dag, task_id=modify_data, run_id=scheduled__2024-08-23T00:00:00+00:00, execution_date=20240823T000000, start_date=20240824T051440, end_date=20240824T051622
[2024-08-24T12:16:22.119+0700] {process_utils.py:80} INFO - Process psutil.Process(pid=20305, status='terminated', started='12:14:40') (20305) terminated with exit code None
[2024-08-24T12:16:22.120+0700] {process_utils.py:80} INFO - Process psutil.Process(pid=20283, status='terminated', exitcode=2, started='12:14:40') (20283) terminated with exit code 2
[2024-08-24T12:16:22.120+0700] {process_utils.py:80} INFO - Process psutil.Process(pid=20570, status='terminated', started='12:14:43') (20570) terminated with exit code None
