[2024-08-26T00:17:52.986+0700] {local_task_job_runner.py:120} INFO - ::group::Pre task execution logs
[2024-08-26T00:17:53.198+0700] {taskinstance.py:2076} INFO - Dependencies all met for dep_context=non-requeueable deps ti=<TaskInstance: scrap_mobil123.scrape_mobil123 scheduled__2024-08-10T00:00:00+00:00 [queued]>
[2024-08-26T00:17:53.211+0700] {taskinstance.py:2076} INFO - Dependencies all met for dep_context=requeueable deps ti=<TaskInstance: scrap_mobil123.scrape_mobil123 scheduled__2024-08-10T00:00:00+00:00 [queued]>
[2024-08-26T00:17:53.211+0700] {taskinstance.py:2306} INFO - Starting attempt 1 of 2
[2024-08-26T00:17:53.301+0700] {taskinstance.py:2330} INFO - Executing <Task(PythonOperator): scrape_mobil123> on 2024-08-10 00:00:00+00:00
[2024-08-26T00:17:53.305+0700] {standard_task_runner.py:64} INFO - Started process 15456 to run task
[2024-08-26T00:17:53.309+0700] {standard_task_runner.py:90} INFO - Running: ['***', 'tasks', 'run', 'scrap_mobil123', 'scrape_mobil123', 'scheduled__2024-08-10T00:00:00+00:00', '--job-id', '107', '--raw', '--subdir', 'DAGS_FOLDER/mobil123/scrap_mobil123.py', '--cfg-path', '/tmp/tmpzfau3ik5']
[2024-08-26T00:17:53.312+0700] {standard_task_runner.py:91} INFO - Job 107: Subtask scrape_mobil123
[2024-08-26T00:17:53.376+0700] {task_command.py:426} INFO - Running <TaskInstance: scrap_mobil123.scrape_mobil123 scheduled__2024-08-10T00:00:00+00:00 [running]> on host BrightHorizons.
[2024-08-26T00:17:53.480+0700] {taskinstance.py:2648} INFO - Exporting env vars: AIRFLOW_CTX_DAG_OWNER='***' AIRFLOW_CTX_DAG_ID='scrap_mobil123' AIRFLOW_CTX_TASK_ID='scrape_mobil123' AIRFLOW_CTX_EXECUTION_DATE='2024-08-10T00:00:00+00:00' AIRFLOW_CTX_TRY_NUMBER='1' AIRFLOW_CTX_DAG_RUN_ID='scheduled__2024-08-10T00:00:00+00:00'
[2024-08-26T00:17:53.481+0700] {taskinstance.py:430} INFO - ::endgroup::
[2024-08-26T00:17:54.875+0700] {logging_mixin.py:188} INFO - Fetching page 1 of 2 for price category: dibawah 30 Juta
[2024-08-26T00:17:56.129+0700] {logging_mixin.py:188} INFO - Sleeping for 1.65 seconds...
[2024-08-26T00:17:57.783+0700] {logging_mixin.py:188} INFO - Fetching page 2 of 2 for price category: dibawah 30 Juta
[2024-08-26T00:17:59.534+0700] {logging_mixin.py:188} INFO - Sleeping for 1.73 seconds...
[2024-08-26T00:18:01.262+0700] {logging_mixin.py:188} INFO - Data for price category dibawah 30 Juta written to /home/miracle/mobil/scrape/output/mobil123/2024-08-26/mobil123_dibawah 30 Juta_2024-08-26.csv
[2024-08-26T00:18:02.707+0700] {logging_mixin.py:188} INFO - Fetching page 1 of 3 for price category: dibawah 40 Juta
[2024-08-26T00:18:03.951+0700] {logging_mixin.py:188} INFO - Sleeping for 2.56 seconds...
[2024-08-26T00:18:06.511+0700] {logging_mixin.py:188} INFO - Fetching page 2 of 3 for price category: dibawah 40 Juta
[2024-08-26T00:18:08.305+0700] {logging_mixin.py:188} INFO - Sleeping for 2.18 seconds...
[2024-08-26T00:18:10.483+0700] {logging_mixin.py:188} INFO - Fetching page 3 of 3 for price category: dibawah 40 Juta
[2024-08-26T00:18:11.557+0700] {logging_mixin.py:188} INFO - Sleeping for 2.57 seconds...
[2024-08-26T00:18:14.130+0700] {logging_mixin.py:188} INFO - Data for price category dibawah 40 Juta written to /home/miracle/mobil/scrape/output/mobil123/2024-08-26/mobil123_dibawah 40 Juta_2024-08-26.csv
[2024-08-26T00:18:15.479+0700] {logging_mixin.py:188} INFO - Fetching page 1 of 5 for price category: dibawah 50 Juta
[2024-08-26T00:18:16.703+0700] {logging_mixin.py:188} INFO - Sleeping for 2.54 seconds...
[2024-08-26T00:18:19.249+0700] {logging_mixin.py:188} INFO - Fetching page 2 of 5 for price category: dibawah 50 Juta
[2024-08-26T00:18:23.829+0700] {logging_mixin.py:188} INFO - Sleeping for 1.65 seconds...
[2024-08-26T00:18:25.483+0700] {logging_mixin.py:188} INFO - Fetching page 3 of 5 for price category: dibawah 50 Juta
[2024-08-26T00:18:26.537+0700] {logging_mixin.py:188} INFO - Sleeping for 2.97 seconds...
[2024-08-26T00:18:29.512+0700] {logging_mixin.py:188} INFO - Fetching page 4 of 5 for price category: dibawah 50 Juta
[2024-08-26T00:18:30.762+0700] {logging_mixin.py:188} INFO - Sleeping for 2.01 seconds...
[2024-08-26T00:18:32.778+0700] {logging_mixin.py:188} INFO - Fetching page 5 of 5 for price category: dibawah 50 Juta
[2024-08-26T00:18:33.412+0700] {logging_mixin.py:188} INFO - Sleeping for 2.00 seconds...
[2024-08-26T00:18:35.416+0700] {logging_mixin.py:188} INFO - Data for price category dibawah 50 Juta written to /home/miracle/mobil/scrape/output/mobil123/2024-08-26/mobil123_dibawah 50 Juta_2024-08-26.csv
[2024-08-26T00:18:37.141+0700] {logging_mixin.py:188} INFO - Fetching page 1 of 5 for price category: dibawah 60 Juta
[2024-08-26T00:18:38.796+0700] {logging_mixin.py:188} INFO - Sleeping for 2.78 seconds...
[2024-08-26T00:18:41.580+0700] {logging_mixin.py:188} INFO - Fetching page 2 of 5 for price category: dibawah 60 Juta
[2024-08-26T00:18:42.718+0700] {logging_mixin.py:188} INFO - Sleeping for 1.80 seconds...
[2024-08-26T00:18:44.519+0700] {logging_mixin.py:188} INFO - Fetching page 3 of 5 for price category: dibawah 60 Juta
[2024-08-26T00:18:45.527+0700] {logging_mixin.py:188} INFO - Sleeping for 2.19 seconds...
[2024-08-26T00:18:47.719+0700] {logging_mixin.py:188} INFO - Fetching page 4 of 5 for price category: dibawah 60 Juta
[2024-08-26T00:18:48.558+0700] {logging_mixin.py:188} INFO - Sleeping for 1.76 seconds...
[2024-08-26T00:18:50.324+0700] {logging_mixin.py:188} INFO - Fetching page 5 of 5 for price category: dibawah 60 Juta
[2024-08-26T00:18:51.618+0700] {logging_mixin.py:188} INFO - Sleeping for 1.66 seconds...
[2024-08-26T00:18:53.280+0700] {logging_mixin.py:188} INFO - Data for price category dibawah 60 Juta written to /home/miracle/mobil/scrape/output/mobil123/2024-08-26/mobil123_dibawah 60 Juta_2024-08-26.csv
[2024-08-26T00:18:54.387+0700] {logging_mixin.py:188} INFO - Fetching page 1 of 9 for price category: dibawah 70 Juta
[2024-08-26T00:18:55.445+0700] {logging_mixin.py:188} INFO - Sleeping for 2.72 seconds...
[2024-08-26T00:18:58.169+0700] {logging_mixin.py:188} INFO - Fetching page 2 of 9 for price category: dibawah 70 Juta
[2024-08-26T00:18:59.186+0700] {logging_mixin.py:188} INFO - Sleeping for 2.69 seconds...
[2024-08-26T00:19:01.882+0700] {logging_mixin.py:188} INFO - Fetching page 3 of 9 for price category: dibawah 70 Juta
[2024-08-26T00:19:03.234+0700] {logging_mixin.py:188} INFO - Sleeping for 2.16 seconds...
[2024-08-26T00:19:05.401+0700] {logging_mixin.py:188} INFO - Fetching page 4 of 9 for price category: dibawah 70 Juta
[2024-08-26T00:19:06.401+0700] {logging_mixin.py:188} INFO - Sleeping for 1.75 seconds...
[2024-08-26T00:19:08.158+0700] {logging_mixin.py:188} INFO - Fetching page 5 of 9 for price category: dibawah 70 Juta
[2024-08-26T00:19:09.353+0700] {logging_mixin.py:188} INFO - Sleeping for 2.14 seconds...
[2024-08-26T00:19:11.496+0700] {logging_mixin.py:188} INFO - Fetching page 6 of 9 for price category: dibawah 70 Juta
[2024-08-26T00:19:12.901+0700] {logging_mixin.py:188} INFO - Sleeping for 2.15 seconds...
[2024-08-26T00:19:14.228+0700] {local_task_job_runner.py:313} WARNING - State of this instance has been externally set to success. Terminating instance.
[2024-08-26T00:19:14.228+0700] {local_task_job_runner.py:222} INFO - ::endgroup::
[2024-08-26T00:19:14.231+0700] {process_utils.py:132} INFO - Sending 15 to group 15456. PIDs of all processes in the group: [15456]
[2024-08-26T00:19:14.232+0700] {process_utils.py:87} INFO - Sending the signal 15 to group 15456
[2024-08-26T00:19:14.232+0700] {taskinstance.py:2611} ERROR - Received SIGTERM. Terminating subprocesses.
[2024-08-26T00:19:14.232+0700] {taskinstance.py:441} INFO - ::group::Post task execution logs
[2024-08-26T00:19:14.284+0700] {process_utils.py:80} INFO - Process psutil.Process(pid=15456, status='terminated', exitcode=0, started='00:17:53') (15456) terminated with exit code 0
