[2024-09-22T15:10:39.842+0700] {local_task_job_runner.py:120} INFO - ::group::Pre task execution logs
[2024-09-22T15:10:40.117+0700] {taskinstance.py:2076} INFO - Dependencies all met for dep_context=non-requeueable deps ti=<TaskInstance: scrap_carmudi.scrape_carmudi scheduled__2024-09-04T00:00:00+00:00 [queued]>
[2024-09-22T15:10:40.142+0700] {taskinstance.py:2076} INFO - Dependencies all met for dep_context=requeueable deps ti=<TaskInstance: scrap_carmudi.scrape_carmudi scheduled__2024-09-04T00:00:00+00:00 [queued]>
[2024-09-22T15:10:40.143+0700] {taskinstance.py:2306} INFO - Starting attempt 1 of 2
[2024-09-22T15:10:40.181+0700] {taskinstance.py:2330} INFO - Executing <Task(PythonOperator): scrape_carmudi> on 2024-09-04 00:00:00+00:00
[2024-09-22T15:10:40.187+0700] {standard_task_runner.py:64} INFO - Started process 242117 to run task
[2024-09-22T15:10:40.192+0700] {standard_task_runner.py:90} INFO - Running: ['***', 'tasks', 'run', 'scrap_carmudi', 'scrape_carmudi', 'scheduled__2024-09-04T00:00:00+00:00', '--job-id', '241', '--raw', '--subdir', 'DAGS_FOLDER/carmudi/scrape_carmudi.py', '--cfg-path', '/tmp/tmpxxu2pc0y']
[2024-09-22T15:10:40.194+0700] {standard_task_runner.py:91} INFO - Job 241: Subtask scrape_carmudi
[2024-09-22T15:10:40.295+0700] {task_command.py:426} INFO - Running <TaskInstance: scrap_carmudi.scrape_carmudi scheduled__2024-09-04T00:00:00+00:00 [running]> on host BrightHorizons.
[2024-09-22T15:10:40.457+0700] {taskinstance.py:2648} INFO - Exporting env vars: AIRFLOW_CTX_DAG_OWNER='***' AIRFLOW_CTX_DAG_ID='scrap_carmudi' AIRFLOW_CTX_TASK_ID='scrape_carmudi' AIRFLOW_CTX_EXECUTION_DATE='2024-09-04T00:00:00+00:00' AIRFLOW_CTX_TRY_NUMBER='1' AIRFLOW_CTX_DAG_RUN_ID='scheduled__2024-09-04T00:00:00+00:00'
[2024-09-22T15:10:40.459+0700] {taskinstance.py:430} INFO - ::endgroup::
[2024-09-22T15:10:43.762+0700] {logging_mixin.py:188} INFO - Fetching page 1 of 1 for price category: dibawah 30 Juta
[2024-09-22T15:10:45.212+0700] {logging_mixin.py:188} INFO - Fetching page 1 of 2 for price category: dibawah 40 Juta
[2024-09-22T15:10:45.214+0700] {logging_mixin.py:188} INFO - Fetching page 1 of 3 for price category: dibawah 60 Juta
[2024-09-22T15:10:45.247+0700] {logging_mixin.py:188} INFO - Fetching page 1 of 2 for price category: dibawah 50 Juta
[2024-09-22T15:10:46.437+0700] {logging_mixin.py:188} INFO - Sleeping for 2.25 seconds...
[2024-09-22T15:10:46.764+0700] {logging_mixin.py:188} INFO - Sleeping for 1.80 seconds...
[2024-09-22T15:10:47.066+0700] {logging_mixin.py:188} INFO - Sleeping for 2.37 seconds...
[2024-09-22T15:10:47.199+0700] {logging_mixin.py:188} INFO - Sleeping for 2.44 seconds...
[2024-09-22T15:10:48.565+0700] {logging_mixin.py:188} INFO - Fetching page 2 of 2 for price category: dibawah 50 Juta
[2024-09-22T15:10:48.693+0700] {logging_mixin.py:188} INFO - Data for price category dibawah 30 Juta written to /home/miracle/mobil/scrape/output/carmudi/2024-09-22/carmudi_dibawah 30 Juta_2024-09-22.csv
[2024-09-22T15:10:49.449+0700] {logging_mixin.py:188} INFO - Fetching page 2 of 2 for price category: dibawah 40 Juta
[2024-09-22T15:10:49.641+0700] {logging_mixin.py:188} INFO - Fetching page 2 of 3 for price category: dibawah 60 Juta
[2024-09-22T15:10:50.189+0700] {logging_mixin.py:188} INFO - Fetching page 1 of 4 for price category: dibawah 70 Juta
[2024-09-22T15:10:50.581+0700] {logging_mixin.py:188} INFO - Sleeping for 2.46 seconds...
[2024-09-22T15:10:50.986+0700] {logging_mixin.py:188} INFO - Sleeping for 1.54 seconds...
[2024-09-22T15:10:52.532+0700] {logging_mixin.py:188} INFO - Fetching page 3 of 3 for price category: dibawah 60 Juta
[2024-09-22T15:10:53.043+0700] {logging_mixin.py:188} INFO - Data for price category dibawah 50 Juta written to /home/miracle/mobil/scrape/output/carmudi/2024-09-22/carmudi_dibawah 50 Juta_2024-09-22.csv
[2024-09-22T15:10:53.921+0700] {logging_mixin.py:188} INFO - Sleeping for 1.54 seconds...
[2024-09-22T15:10:54.031+0700] {logging_mixin.py:188} INFO - Sleeping for 2.36 seconds...
[2024-09-22T15:10:55.476+0700] {logging_mixin.py:188} INFO - Fetching page 2 of 4 for price category: dibawah 70 Juta
[2024-09-22T15:10:56.068+0700] {logging_mixin.py:188} INFO - Sleeping for 2.83 seconds...
[2024-09-22T15:10:56.419+0700] {logging_mixin.py:188} INFO - Data for price category dibawah 40 Juta written to /home/miracle/mobil/scrape/output/carmudi/2024-09-22/carmudi_dibawah 40 Juta_2024-09-22.csv
[2024-09-22T15:10:56.563+0700] {logging_mixin.py:188} INFO - Fetching page 1 of 6 for price category: dibawah 80 Juta
[2024-09-22T15:10:57.550+0700] {logging_mixin.py:188} INFO - Sleeping for 2.10 seconds...
[2024-09-22T15:10:58.972+0700] {logging_mixin.py:188} INFO - Sleeping for 2.14 seconds...
[2024-09-22T15:10:59.000+0700] {logging_mixin.py:188} INFO - Data for price category dibawah 60 Juta written to /home/miracle/mobil/scrape/output/carmudi/2024-09-22/carmudi_dibawah 60 Juta_2024-09-22.csv
[2024-09-22T15:10:59.156+0700] {logging_mixin.py:188} INFO - Fetching page 1 of 9 for price category: dibawah 90 Juta
[2024-09-22T15:10:59.657+0700] {logging_mixin.py:188} INFO - Fetching page 3 of 4 for price category: dibawah 70 Juta
[2024-09-22T15:11:00.967+0700] {logging_mixin.py:188} INFO - Sleeping for 2.58 seconds...
[2024-09-22T15:11:01.123+0700] {logging_mixin.py:188} INFO - Fetching page 2 of 6 for price category: dibawah 80 Juta
[2024-09-22T15:11:01.253+0700] {logging_mixin.py:188} INFO - Sleeping for 2.32 seconds...
[2024-09-22T15:11:03.303+0700] {logging_mixin.py:188} INFO - Sleeping for 2.71 seconds...
[2024-09-22T15:11:03.548+0700] {logging_mixin.py:188} INFO - Fetching page 4 of 4 for price category: dibawah 70 Juta
[2024-09-22T15:11:03.576+0700] {logging_mixin.py:188} INFO - Fetching page 2 of 9 for price category: dibawah 90 Juta
[2024-09-22T15:11:05.442+0700] {logging_mixin.py:188} INFO - Sleeping for 1.61 seconds...
[2024-09-22T15:11:05.972+0700] {logging_mixin.py:188} INFO - Sleeping for 1.57 seconds...
[2024-09-22T15:11:06.012+0700] {logging_mixin.py:188} INFO - Fetching page 3 of 6 for price category: dibawah 80 Juta
[2024-09-22T15:11:07.063+0700] {logging_mixin.py:188} INFO - Fetching page 3 of 9 for price category: dibawah 90 Juta
[2024-09-22T15:11:07.147+0700] {logging_mixin.py:188} INFO - Sleeping for 1.64 seconds...
[2024-09-22T15:11:07.542+0700] {logging_mixin.py:188} INFO - Data for price category dibawah 70 Juta written to /home/miracle/mobil/scrape/output/carmudi/2024-09-22/carmudi_dibawah 70 Juta_2024-09-22.csv
[2024-09-22T15:11:08.787+0700] {logging_mixin.py:188} INFO - Fetching page 4 of 6 for price category: dibawah 80 Juta
[2024-09-22T15:11:09.680+0700] {logging_mixin.py:188} INFO - Sleeping for 1.84 seconds...
[2024-09-22T15:11:10.276+0700] {logging_mixin.py:188} INFO - Sleeping for 2.42 seconds...
[2024-09-22T15:11:11.516+0700] {logging_mixin.py:188} INFO - Fetching page 4 of 9 for price category: dibawah 90 Juta
[2024-09-22T15:11:12.494+0700] {logging_mixin.py:188} INFO - Sleeping for 2.59 seconds...
[2024-09-22T15:11:12.694+0700] {logging_mixin.py:188} INFO - Fetching page 5 of 6 for price category: dibawah 80 Juta
[2024-09-22T15:11:14.587+0700] {logging_mixin.py:188} INFO - Sleeping for 1.75 seconds...
[2024-09-22T15:11:15.091+0700] {logging_mixin.py:188} INFO - Fetching page 5 of 9 for price category: dibawah 90 Juta
[2024-09-22T15:11:16.340+0700] {logging_mixin.py:188} INFO - Fetching page 6 of 6 for price category: dibawah 80 Juta
[2024-09-22T15:11:17.326+0700] {logging_mixin.py:188} INFO - Sleeping for 1.68 seconds...
[2024-09-22T15:11:18.428+0700] {logging_mixin.py:188} INFO - Sleeping for 1.93 seconds...
[2024-09-22T15:11:19.012+0700] {logging_mixin.py:188} INFO - Fetching page 6 of 9 for price category: dibawah 90 Juta
[2024-09-22T15:11:20.315+0700] {logging_mixin.py:188} INFO - Sleeping for 2.97 seconds...
[2024-09-22T15:11:20.364+0700] {logging_mixin.py:188} INFO - Data for price category dibawah 80 Juta written to /home/miracle/mobil/scrape/output/carmudi/2024-09-22/carmudi_dibawah 80 Juta_2024-09-22.csv
[2024-09-22T15:11:23.292+0700] {logging_mixin.py:188} INFO - Fetching page 7 of 9 for price category: dibawah 90 Juta
[2024-09-22T15:11:25.088+0700] {logging_mixin.py:188} INFO - Sleeping for 2.47 seconds...
[2024-09-22T15:11:27.560+0700] {logging_mixin.py:188} INFO - Fetching page 8 of 9 for price category: dibawah 90 Juta
[2024-09-22T15:11:29.847+0700] {logging_mixin.py:188} INFO - Sleeping for 2.22 seconds...
[2024-09-22T15:11:32.069+0700] {logging_mixin.py:188} INFO - Fetching page 9 of 9 for price category: dibawah 90 Juta
[2024-09-22T15:11:33.372+0700] {logging_mixin.py:188} INFO - Sleeping for 1.83 seconds...
[2024-09-22T15:11:35.203+0700] {logging_mixin.py:188} INFO - Data for price category dibawah 90 Juta written to /home/miracle/mobil/scrape/output/carmudi/2024-09-22/carmudi_dibawah 90 Juta_2024-09-22.csv
[2024-09-22T15:11:35.206+0700] {python.py:237} INFO - Done. Returned value was: None
[2024-09-22T15:11:35.206+0700] {taskinstance.py:441} INFO - ::group::Post task execution logs
[2024-09-22T15:11:35.220+0700] {taskinstance.py:1206} INFO - Marking task as SUCCESS. dag_id=scrap_carmudi, task_id=scrape_carmudi, run_id=scheduled__2024-09-04T00:00:00+00:00, execution_date=20240904T000000, start_date=20240922T081040, end_date=20240922T081135
[2024-09-22T15:11:35.288+0700] {local_task_job_runner.py:243} INFO - Task exited with return code 0
[2024-09-22T15:11:35.310+0700] {taskinstance.py:3503} INFO - 1 downstream tasks scheduled from follow-on schedule check
[2024-09-22T15:11:35.312+0700] {local_task_job_runner.py:222} INFO - ::endgroup::
