[2024-08-31T19:17:53.833+0700] {local_task_job_runner.py:120} INFO - ::group::Pre task execution logs
[2024-08-31T19:17:54.022+0700] {taskinstance.py:2076} INFO - Dependencies all met for dep_context=non-requeueable deps ti=<TaskInstance: scrap_mobil123.scrape_mobil123 scheduled__2024-08-29T00:00:00+00:00 [queued]>
[2024-08-31T19:17:54.036+0700] {taskinstance.py:2076} INFO - Dependencies all met for dep_context=requeueable deps ti=<TaskInstance: scrap_mobil123.scrape_mobil123 scheduled__2024-08-29T00:00:00+00:00 [queued]>
[2024-08-31T19:17:54.037+0700] {taskinstance.py:2306} INFO - Starting attempt 1 of 2
[2024-08-31T19:17:54.056+0700] {taskinstance.py:2330} INFO - Executing <Task(PythonOperator): scrape_mobil123> on 2024-08-29 00:00:00+00:00
[2024-08-31T19:17:54.061+0700] {standard_task_runner.py:64} INFO - Started process 8925 to run task
[2024-08-31T19:17:54.069+0700] {standard_task_runner.py:90} INFO - Running: ['***', 'tasks', 'run', 'scrap_mobil123', 'scrape_mobil123', 'scheduled__2024-08-29T00:00:00+00:00', '--job-id', '136', '--raw', '--subdir', 'DAGS_FOLDER/mobil123/scrap_mobil123.py', '--cfg-path', '/tmp/tmp9y36ivjo']
[2024-08-31T19:17:54.072+0700] {standard_task_runner.py:91} INFO - Job 136: Subtask scrape_mobil123
[2024-08-31T19:17:54.167+0700] {task_command.py:426} INFO - Running <TaskInstance: scrap_mobil123.scrape_mobil123 scheduled__2024-08-29T00:00:00+00:00 [running]> on host BrightHorizons.
[2024-08-31T19:17:54.278+0700] {taskinstance.py:2648} INFO - Exporting env vars: AIRFLOW_CTX_DAG_OWNER='***' AIRFLOW_CTX_DAG_ID='scrap_mobil123' AIRFLOW_CTX_TASK_ID='scrape_mobil123' AIRFLOW_CTX_EXECUTION_DATE='2024-08-29T00:00:00+00:00' AIRFLOW_CTX_TRY_NUMBER='1' AIRFLOW_CTX_DAG_RUN_ID='scheduled__2024-08-29T00:00:00+00:00'
[2024-08-31T19:17:54.279+0700] {taskinstance.py:430} INFO - ::endgroup::
[2024-08-31T19:17:55.638+0700] {logging_mixin.py:188} INFO - Fetching page 1 of 2 for price category: dibawah 30 Juta
[2024-08-31T19:17:56.949+0700] {logging_mixin.py:188} INFO - Sleeping for 2.95 seconds...
[2024-08-31T19:17:59.904+0700] {logging_mixin.py:188} INFO - Fetching page 2 of 2 for price category: dibawah 30 Juta
[2024-08-31T19:18:00.740+0700] {logging_mixin.py:188} INFO - Sleeping for 2.28 seconds...
[2024-08-31T19:18:03.024+0700] {logging_mixin.py:188} INFO - Data for price category dibawah 30 Juta written to /home/miracle/mobil/scrape/output/mobil123/2024-08-31/mobil123_dibawah 30 Juta_2024-08-31.csv
[2024-08-31T19:18:04.400+0700] {logging_mixin.py:188} INFO - Fetching page 1 of 4 for price category: dibawah 40 Juta
[2024-08-31T19:18:05.541+0700] {logging_mixin.py:188} INFO - Sleeping for 2.97 seconds...
[2024-08-31T19:18:08.515+0700] {logging_mixin.py:188} INFO - Fetching page 2 of 4 for price category: dibawah 40 Juta
[2024-08-31T19:18:09.538+0700] {logging_mixin.py:188} INFO - Sleeping for 2.38 seconds...
[2024-08-31T19:18:11.918+0700] {logging_mixin.py:188} INFO - Fetching page 3 of 4 for price category: dibawah 40 Juta
[2024-08-31T19:18:13.258+0700] {logging_mixin.py:188} INFO - Sleeping for 2.41 seconds...
[2024-08-31T19:18:15.668+0700] {logging_mixin.py:188} INFO - Fetching page 4 of 4 for price category: dibawah 40 Juta
[2024-08-31T19:18:16.407+0700] {logging_mixin.py:188} INFO - Sleeping for 2.42 seconds...
[2024-08-31T19:18:18.833+0700] {logging_mixin.py:188} INFO - Data for price category dibawah 40 Juta written to /home/miracle/mobil/scrape/output/mobil123/2024-08-31/mobil123_dibawah 40 Juta_2024-08-31.csv
[2024-08-31T19:18:19.912+0700] {logging_mixin.py:188} INFO - Fetching page 1 of 5 for price category: dibawah 50 Juta
[2024-08-31T19:18:21.355+0700] {logging_mixin.py:188} INFO - Sleeping for 1.62 seconds...
[2024-08-31T19:18:22.972+0700] {logging_mixin.py:188} INFO - Fetching page 2 of 5 for price category: dibawah 50 Juta
[2024-08-31T19:18:24.155+0700] {logging_mixin.py:188} INFO - Sleeping for 2.47 seconds...
[2024-08-31T19:18:26.624+0700] {logging_mixin.py:188} INFO - Fetching page 3 of 5 for price category: dibawah 50 Juta
[2024-08-31T19:18:27.476+0700] {logging_mixin.py:188} INFO - Sleeping for 2.82 seconds...
[2024-08-31T19:18:30.304+0700] {logging_mixin.py:188} INFO - Fetching page 4 of 5 for price category: dibawah 50 Juta
[2024-08-31T19:18:31.465+0700] {logging_mixin.py:188} INFO - Sleeping for 2.97 seconds...
[2024-08-31T19:18:34.440+0700] {logging_mixin.py:188} INFO - Fetching page 5 of 5 for price category: dibawah 50 Juta
[2024-08-31T19:18:35.199+0700] {logging_mixin.py:188} INFO - Sleeping for 2.30 seconds...
[2024-08-31T19:18:37.503+0700] {logging_mixin.py:188} INFO - Data for price category dibawah 50 Juta written to /home/miracle/mobil/scrape/output/mobil123/2024-08-31/mobil123_dibawah 50 Juta_2024-08-31.csv
[2024-08-31T19:18:38.795+0700] {logging_mixin.py:188} INFO - Fetching page 1 of 5 for price category: dibawah 60 Juta
[2024-08-31T19:18:39.858+0700] {logging_mixin.py:188} INFO - Sleeping for 2.36 seconds...
[2024-08-31T19:18:42.222+0700] {logging_mixin.py:188} INFO - Fetching page 2 of 5 for price category: dibawah 60 Juta
[2024-08-31T19:18:43.453+0700] {logging_mixin.py:188} INFO - Sleeping for 1.74 seconds...
[2024-08-31T19:18:45.198+0700] {logging_mixin.py:188} INFO - Fetching page 3 of 5 for price category: dibawah 60 Juta
[2024-08-31T19:18:46.465+0700] {logging_mixin.py:188} INFO - Sleeping for 2.26 seconds...
[2024-08-31T19:18:48.731+0700] {logging_mixin.py:188} INFO - Fetching page 4 of 5 for price category: dibawah 60 Juta
[2024-08-31T19:18:50.596+0700] {logging_mixin.py:188} INFO - Sleeping for 2.18 seconds...
[2024-08-31T19:18:52.783+0700] {logging_mixin.py:188} INFO - Fetching page 5 of 5 for price category: dibawah 60 Juta
[2024-08-31T19:18:54.127+0700] {logging_mixin.py:188} INFO - Sleeping for 2.56 seconds...
[2024-08-31T19:18:56.687+0700] {logging_mixin.py:188} INFO - Data for price category dibawah 60 Juta written to /home/miracle/mobil/scrape/output/mobil123/2024-08-31/mobil123_dibawah 60 Juta_2024-08-31.csv
[2024-08-31T19:18:58.302+0700] {logging_mixin.py:188} INFO - Fetching page 1 of 9 for price category: dibawah 70 Juta
[2024-08-31T19:19:00.278+0700] {logging_mixin.py:188} INFO - Sleeping for 2.68 seconds...
[2024-08-31T19:19:02.962+0700] {logging_mixin.py:188} INFO - Fetching page 2 of 9 for price category: dibawah 70 Juta
[2024-08-31T19:19:04.578+0700] {logging_mixin.py:188} INFO - Sleeping for 2.73 seconds...
[2024-08-31T19:19:07.309+0700] {logging_mixin.py:188} INFO - Fetching page 3 of 9 for price category: dibawah 70 Juta
[2024-08-31T19:19:08.807+0700] {logging_mixin.py:188} INFO - Sleeping for 1.64 seconds...
[2024-08-31T19:19:10.450+0700] {logging_mixin.py:188} INFO - Fetching page 4 of 9 for price category: dibawah 70 Juta
[2024-08-31T19:19:11.782+0700] {logging_mixin.py:188} INFO - Sleeping for 2.62 seconds...
[2024-08-31T19:19:14.408+0700] {logging_mixin.py:188} INFO - Fetching page 5 of 9 for price category: dibawah 70 Juta
[2024-08-31T19:19:15.614+0700] {logging_mixin.py:188} INFO - Sleeping for 2.44 seconds...
[2024-08-31T19:19:18.057+0700] {logging_mixin.py:188} INFO - Fetching page 6 of 9 for price category: dibawah 70 Juta
[2024-08-31T19:19:19.927+0700] {logging_mixin.py:188} INFO - Sleeping for 1.78 seconds...
[2024-08-31T19:19:21.705+0700] {logging_mixin.py:188} INFO - Fetching page 7 of 9 for price category: dibawah 70 Juta
[2024-08-31T19:19:22.933+0700] {logging_mixin.py:188} INFO - Sleeping for 2.00 seconds...
[2024-08-31T19:19:24.938+0700] {logging_mixin.py:188} INFO - Fetching page 8 of 9 for price category: dibawah 70 Juta
[2024-08-31T19:19:26.205+0700] {logging_mixin.py:188} INFO - Sleeping for 2.93 seconds...
[2024-08-31T19:19:29.134+0700] {logging_mixin.py:188} INFO - Fetching page 9 of 9 for price category: dibawah 70 Juta
[2024-08-31T19:19:30.422+0700] {logging_mixin.py:188} INFO - Sleeping for 1.80 seconds...
[2024-08-31T19:19:32.225+0700] {logging_mixin.py:188} INFO - Data for price category dibawah 70 Juta written to /home/miracle/mobil/scrape/output/mobil123/2024-08-31/mobil123_dibawah 70 Juta_2024-08-31.csv
[2024-08-31T19:19:33.412+0700] {logging_mixin.py:188} INFO - Fetching page 1 of 18 for price category: dibawah 80 Juta
[2024-08-31T19:19:34.594+0700] {logging_mixin.py:188} INFO - Sleeping for 2.61 seconds...
[2024-08-31T19:19:37.206+0700] {logging_mixin.py:188} INFO - Fetching page 2 of 18 for price category: dibawah 80 Juta
[2024-08-31T19:19:38.668+0700] {logging_mixin.py:188} INFO - Sleeping for 1.70 seconds...
[2024-08-31T19:19:40.374+0700] {logging_mixin.py:188} INFO - Fetching page 3 of 18 for price category: dibawah 80 Juta
[2024-08-31T19:19:42.027+0700] {logging_mixin.py:188} INFO - Sleeping for 1.78 seconds...
[2024-08-31T19:19:43.809+0700] {logging_mixin.py:188} INFO - Fetching page 4 of 18 for price category: dibawah 80 Juta
[2024-08-31T19:19:44.778+0700] {logging_mixin.py:188} INFO - Sleeping for 2.66 seconds...
[2024-08-31T19:19:47.438+0700] {logging_mixin.py:188} INFO - Fetching page 5 of 18 for price category: dibawah 80 Juta
[2024-08-31T19:19:48.697+0700] {logging_mixin.py:188} INFO - Sleeping for 2.13 seconds...
[2024-08-31T19:19:50.826+0700] {logging_mixin.py:188} INFO - Fetching page 6 of 18 for price category: dibawah 80 Juta
[2024-08-31T19:19:51.880+0700] {logging_mixin.py:188} INFO - Sleeping for 1.80 seconds...
[2024-08-31T19:19:53.677+0700] {logging_mixin.py:188} INFO - Fetching page 7 of 18 for price category: dibawah 80 Juta
[2024-08-31T19:19:54.661+0700] {logging_mixin.py:188} INFO - Sleeping for 2.16 seconds...
[2024-08-31T19:19:56.823+0700] {logging_mixin.py:188} INFO - Fetching page 8 of 18 for price category: dibawah 80 Juta
[2024-08-31T19:19:57.913+0700] {logging_mixin.py:188} INFO - Sleeping for 2.79 seconds...
[2024-08-31T19:20:00.703+0700] {logging_mixin.py:188} INFO - Fetching page 9 of 18 for price category: dibawah 80 Juta
[2024-08-31T19:20:01.783+0700] {logging_mixin.py:188} INFO - Sleeping for 2.82 seconds...
[2024-08-31T19:20:04.605+0700] {logging_mixin.py:188} INFO - Fetching page 10 of 18 for price category: dibawah 80 Juta
[2024-08-31T19:20:05.988+0700] {logging_mixin.py:188} INFO - Sleeping for 2.36 seconds...
[2024-08-31T19:20:08.355+0700] {logging_mixin.py:188} INFO - Fetching page 11 of 18 for price category: dibawah 80 Juta
[2024-08-31T19:20:09.568+0700] {logging_mixin.py:188} INFO - Sleeping for 1.91 seconds...
[2024-08-31T19:20:11.484+0700] {logging_mixin.py:188} INFO - Fetching page 12 of 18 for price category: dibawah 80 Juta
[2024-08-31T19:20:12.483+0700] {logging_mixin.py:188} INFO - Sleeping for 2.63 seconds...
[2024-08-31T19:20:15.120+0700] {logging_mixin.py:188} INFO - Fetching page 13 of 18 for price category: dibawah 80 Juta
[2024-08-31T19:20:16.554+0700] {logging_mixin.py:188} INFO - Sleeping for 2.43 seconds...
[2024-08-31T19:20:18.990+0700] {logging_mixin.py:188} INFO - Fetching page 14 of 18 for price category: dibawah 80 Juta
[2024-08-31T19:20:20.016+0700] {logging_mixin.py:188} INFO - Sleeping for 1.52 seconds...
[2024-08-31T19:20:21.538+0700] {logging_mixin.py:188} INFO - Fetching page 15 of 18 for price category: dibawah 80 Juta
[2024-08-31T19:20:22.564+0700] {logging_mixin.py:188} INFO - Sleeping for 2.75 seconds...
[2024-08-31T19:20:25.315+0700] {logging_mixin.py:188} INFO - Fetching page 16 of 18 for price category: dibawah 80 Juta
[2024-08-31T19:20:26.722+0700] {logging_mixin.py:188} INFO - Sleeping for 2.76 seconds...
[2024-08-31T19:20:29.486+0700] {logging_mixin.py:188} INFO - Fetching page 17 of 18 for price category: dibawah 80 Juta
[2024-08-31T19:20:30.423+0700] {logging_mixin.py:188} INFO - Sleeping for 2.74 seconds...
[2024-08-31T19:20:33.170+0700] {logging_mixin.py:188} INFO - Fetching page 18 of 18 for price category: dibawah 80 Juta
[2024-08-31T19:20:34.309+0700] {logging_mixin.py:188} INFO - Sleeping for 1.61 seconds...
[2024-08-31T19:20:35.924+0700] {logging_mixin.py:188} INFO - Data for price category dibawah 80 Juta written to /home/miracle/mobil/scrape/output/mobil123/2024-08-31/mobil123_dibawah 80 Juta_2024-08-31.csv
[2024-08-31T19:20:37.089+0700] {logging_mixin.py:188} INFO - Fetching page 1 of 32 for price category: dibawah 90 Juta
[2024-08-31T19:20:38.198+0700] {logging_mixin.py:188} INFO - Sleeping for 2.35 seconds...
[2024-08-31T19:20:40.553+0700] {logging_mixin.py:188} INFO - Fetching page 2 of 32 for price category: dibawah 90 Juta
[2024-08-31T19:20:41.825+0700] {logging_mixin.py:188} INFO - Sleeping for 2.83 seconds...
[2024-08-31T19:20:44.656+0700] {logging_mixin.py:188} INFO - Fetching page 3 of 32 for price category: dibawah 90 Juta
[2024-08-31T19:20:46.017+0700] {logging_mixin.py:188} INFO - Sleeping for 2.33 seconds...
[2024-08-31T19:20:48.351+0700] {logging_mixin.py:188} INFO - Fetching page 4 of 32 for price category: dibawah 90 Juta
[2024-08-31T19:20:49.596+0700] {logging_mixin.py:188} INFO - Sleeping for 1.63 seconds...
[2024-08-31T19:20:51.229+0700] {logging_mixin.py:188} INFO - Fetching page 5 of 32 for price category: dibawah 90 Juta
[2024-08-31T19:20:52.277+0700] {logging_mixin.py:188} INFO - Sleeping for 2.38 seconds...
[2024-08-31T19:20:54.657+0700] {logging_mixin.py:188} INFO - Fetching page 6 of 32 for price category: dibawah 90 Juta
[2024-08-31T19:21:25.937+0700] {logging_mixin.py:188} INFO - Sleeping for 1.51 seconds...
[2024-08-31T19:21:27.451+0700] {logging_mixin.py:188} INFO - Fetching page 7 of 32 for price category: dibawah 90 Juta
[2024-08-31T19:21:28.496+0700] {logging_mixin.py:188} INFO - Sleeping for 2.44 seconds...
[2024-08-31T19:21:30.941+0700] {logging_mixin.py:188} INFO - Fetching page 8 of 32 for price category: dibawah 90 Juta
[2024-08-31T19:21:32.251+0700] {logging_mixin.py:188} INFO - Sleeping for 2.69 seconds...
[2024-08-31T19:21:34.940+0700] {logging_mixin.py:188} INFO - Fetching page 9 of 32 for price category: dibawah 90 Juta
[2024-08-31T19:21:36.530+0700] {logging_mixin.py:188} INFO - Sleeping for 2.95 seconds...
[2024-08-31T19:21:39.487+0700] {logging_mixin.py:188} INFO - Fetching page 10 of 32 for price category: dibawah 90 Juta
[2024-08-31T19:21:40.787+0700] {logging_mixin.py:188} INFO - Sleeping for 2.59 seconds...
[2024-08-31T19:21:43.378+0700] {logging_mixin.py:188} INFO - Fetching page 11 of 32 for price category: dibawah 90 Juta
[2024-08-31T19:21:44.611+0700] {logging_mixin.py:188} INFO - Sleeping for 2.39 seconds...
[2024-08-31T19:21:47.008+0700] {logging_mixin.py:188} INFO - Fetching page 12 of 32 for price category: dibawah 90 Juta
[2024-08-31T19:21:48.108+0700] {logging_mixin.py:188} INFO - Sleeping for 1.63 seconds...
[2024-08-31T19:21:49.739+0700] {logging_mixin.py:188} INFO - Fetching page 13 of 32 for price category: dibawah 90 Juta
[2024-08-31T19:21:51.011+0700] {logging_mixin.py:188} INFO - Sleeping for 2.64 seconds...
[2024-08-31T19:21:53.657+0700] {logging_mixin.py:188} INFO - Fetching page 14 of 32 for price category: dibawah 90 Juta
[2024-08-31T19:21:54.879+0700] {logging_mixin.py:188} INFO - Sleeping for 2.83 seconds...
[2024-08-31T19:21:57.711+0700] {logging_mixin.py:188} INFO - Fetching page 15 of 32 for price category: dibawah 90 Juta
[2024-08-31T19:21:58.792+0700] {logging_mixin.py:188} INFO - Sleeping for 2.76 seconds...
[2024-08-31T19:22:01.553+0700] {logging_mixin.py:188} INFO - Fetching page 16 of 32 for price category: dibawah 90 Juta
[2024-08-31T19:22:02.654+0700] {logging_mixin.py:188} INFO - Sleeping for 2.04 seconds...
[2024-08-31T19:22:04.694+0700] {logging_mixin.py:188} INFO - Fetching page 17 of 32 for price category: dibawah 90 Juta
[2024-08-31T19:22:05.751+0700] {logging_mixin.py:188} INFO - Sleeping for 2.88 seconds...
[2024-08-31T19:22:08.630+0700] {logging_mixin.py:188} INFO - Fetching page 18 of 32 for price category: dibawah 90 Juta
[2024-08-31T19:22:09.979+0700] {logging_mixin.py:188} INFO - Sleeping for 1.75 seconds...
[2024-08-31T19:22:11.731+0700] {logging_mixin.py:188} INFO - Fetching page 19 of 32 for price category: dibawah 90 Juta
[2024-08-31T19:22:13.496+0700] {logging_mixin.py:188} INFO - Sleeping for 2.68 seconds...
[2024-08-31T19:22:16.176+0700] {logging_mixin.py:188} INFO - Fetching page 20 of 32 for price category: dibawah 90 Juta
[2024-08-31T19:22:17.351+0700] {logging_mixin.py:188} INFO - Sleeping for 2.78 seconds...
[2024-08-31T19:22:20.129+0700] {logging_mixin.py:188} INFO - Fetching page 21 of 32 for price category: dibawah 90 Juta
[2024-08-31T19:22:22.352+0700] {logging_mixin.py:188} INFO - Sleeping for 2.83 seconds...
[2024-08-31T19:22:25.183+0700] {logging_mixin.py:188} INFO - Fetching page 22 of 32 for price category: dibawah 90 Juta
[2024-08-31T19:22:26.300+0700] {logging_mixin.py:188} INFO - Sleeping for 1.55 seconds...
[2024-08-31T19:22:27.853+0700] {logging_mixin.py:188} INFO - Fetching page 23 of 32 for price category: dibawah 90 Juta
[2024-08-31T19:22:28.958+0700] {logging_mixin.py:188} INFO - Sleeping for 1.91 seconds...
[2024-08-31T19:22:30.873+0700] {logging_mixin.py:188} INFO - Fetching page 24 of 32 for price category: dibawah 90 Juta
[2024-08-31T19:22:32.282+0700] {logging_mixin.py:188} INFO - Sleeping for 2.58 seconds...
[2024-08-31T19:22:34.870+0700] {logging_mixin.py:188} INFO - Fetching page 25 of 32 for price category: dibawah 90 Juta
[2024-08-31T19:22:37.268+0700] {logging_mixin.py:188} INFO - Sleeping for 2.07 seconds...
[2024-08-31T19:22:39.337+0700] {logging_mixin.py:188} INFO - Fetching page 26 of 32 for price category: dibawah 90 Juta
[2024-08-31T19:22:43.057+0700] {logging_mixin.py:188} INFO - Sleeping for 1.93 seconds...
[2024-08-31T19:22:44.990+0700] {logging_mixin.py:188} INFO - Fetching page 27 of 32 for price category: dibawah 90 Juta
[2024-08-31T19:22:51.702+0700] {logging_mixin.py:188} INFO - Sleeping for 2.31 seconds...
[2024-08-31T19:22:54.010+0700] {logging_mixin.py:188} INFO - Fetching page 28 of 32 for price category: dibawah 90 Juta
[2024-08-31T19:22:55.350+0700] {logging_mixin.py:188} INFO - Sleeping for 2.81 seconds...
[2024-08-31T19:22:58.161+0700] {logging_mixin.py:188} INFO - Fetching page 29 of 32 for price category: dibawah 90 Juta
[2024-08-31T19:23:00.882+0700] {logging_mixin.py:188} INFO - Sleeping for 1.86 seconds...
[2024-08-31T19:23:02.745+0700] {logging_mixin.py:188} INFO - Fetching page 30 of 32 for price category: dibawah 90 Juta
[2024-08-31T19:23:04.870+0700] {logging_mixin.py:188} INFO - Sleeping for 2.71 seconds...
[2024-08-31T19:23:07.583+0700] {logging_mixin.py:188} INFO - Fetching page 31 of 32 for price category: dibawah 90 Juta
[2024-08-31T19:23:09.185+0700] {logging_mixin.py:188} INFO - Sleeping for 1.72 seconds...
[2024-08-31T19:23:10.903+0700] {logging_mixin.py:188} INFO - Fetching page 32 of 32 for price category: dibawah 90 Juta
[2024-08-31T19:23:12.329+0700] {logging_mixin.py:188} INFO - Sleeping for 2.42 seconds...
[2024-08-31T19:23:14.753+0700] {logging_mixin.py:188} INFO - Data for price category dibawah 90 Juta written to /home/miracle/mobil/scrape/output/mobil123/2024-08-31/mobil123_dibawah 90 Juta_2024-08-31.csv
[2024-08-31T19:23:14.756+0700] {python.py:237} INFO - Done. Returned value was: None
[2024-08-31T19:23:14.756+0700] {taskinstance.py:441} INFO - ::group::Post task execution logs
[2024-08-31T19:23:14.768+0700] {taskinstance.py:1206} INFO - Marking task as SUCCESS. dag_id=scrap_mobil123, task_id=scrape_mobil123, run_id=scheduled__2024-08-29T00:00:00+00:00, execution_date=20240829T000000, start_date=20240831T121754, end_date=20240831T122314
[2024-08-31T19:23:14.799+0700] {local_task_job_runner.py:243} INFO - Task exited with return code 0
[2024-08-31T19:23:14.821+0700] {taskinstance.py:3503} INFO - 1 downstream tasks scheduled from follow-on schedule check
[2024-08-31T19:23:14.824+0700] {local_task_job_runner.py:222} INFO - ::endgroup::
