[2024-08-31T19:47:25.405+0700] {local_task_job_runner.py:120} INFO - ::group::Pre task execution logs
[2024-08-31T19:47:25.512+0700] {taskinstance.py:2076} INFO - Dependencies all met for dep_context=non-requeueable deps ti=<TaskInstance: scrap_mobil123.scrape_mobil123 manual__2024-08-31T12:45:42.892526+00:00 [queued]>
[2024-08-31T19:47:25.519+0700] {taskinstance.py:2076} INFO - Dependencies all met for dep_context=requeueable deps ti=<TaskInstance: scrap_mobil123.scrape_mobil123 manual__2024-08-31T12:45:42.892526+00:00 [queued]>
[2024-08-31T19:47:25.520+0700] {taskinstance.py:2306} INFO - Starting attempt 2 of 3
[2024-08-31T19:47:25.531+0700] {taskinstance.py:2330} INFO - Executing <Task(PythonOperator): scrape_mobil123> on 2024-08-31 12:45:42.892526+00:00
[2024-08-31T19:47:25.534+0700] {standard_task_runner.py:64} INFO - Started process 19753 to run task
[2024-08-31T19:47:25.536+0700] {standard_task_runner.py:90} INFO - Running: ['***', 'tasks', 'run', 'scrap_mobil123', 'scrape_mobil123', 'manual__2024-08-31T12:45:42.892526+00:00', '--job-id', '148', '--raw', '--subdir', 'DAGS_FOLDER/mobil123/scrap_mobil123.py', '--cfg-path', '/tmp/tmpeug4i46q']
[2024-08-31T19:47:25.538+0700] {standard_task_runner.py:91} INFO - Job 148: Subtask scrape_mobil123
[2024-08-31T19:47:25.588+0700] {task_command.py:426} INFO - Running <TaskInstance: scrap_mobil123.scrape_mobil123 manual__2024-08-31T12:45:42.892526+00:00 [running]> on host BrightHorizons.
[2024-08-31T19:47:25.677+0700] {taskinstance.py:2648} INFO - Exporting env vars: AIRFLOW_CTX_DAG_OWNER='***' AIRFLOW_CTX_DAG_ID='scrap_mobil123' AIRFLOW_CTX_TASK_ID='scrape_mobil123' AIRFLOW_CTX_EXECUTION_DATE='2024-08-31T12:45:42.892526+00:00' AIRFLOW_CTX_TRY_NUMBER='2' AIRFLOW_CTX_DAG_RUN_ID='manual__2024-08-31T12:45:42.892526+00:00'
[2024-08-31T19:47:25.677+0700] {taskinstance.py:430} INFO - ::endgroup::
[2024-08-31T19:47:26.952+0700] {logging_mixin.py:188} INFO - Fetching page 1 of 5 for price category: dibawah 50 Juta
[2024-08-31T19:47:27.792+0700] {logging_mixin.py:188} INFO - Fetching page 1 of 2 for price category: dibawah 30 Juta
[2024-08-31T19:47:27.961+0700] {logging_mixin.py:188} INFO - Fetching page 1 of 4 for price category: dibawah 40 Juta
[2024-08-31T19:47:28.000+0700] {logging_mixin.py:188} INFO - Fetching page 1 of 5 for price category: dibawah 60 Juta
[2024-08-31T19:47:28.387+0700] {logging_mixin.py:188} INFO - Sleeping for 2.24 seconds...
[2024-08-31T19:47:29.008+0700] {logging_mixin.py:188} INFO - Sleeping for 1.87 seconds...
[2024-08-31T19:47:29.276+0700] {logging_mixin.py:188} INFO - Sleeping for 2.69 seconds...
[2024-08-31T19:47:29.640+0700] {logging_mixin.py:188} INFO - Sleeping for 1.92 seconds...
[2024-08-31T19:47:30.633+0700] {logging_mixin.py:188} INFO - Fetching page 2 of 5 for price category: dibawah 50 Juta
[2024-08-31T19:47:30.882+0700] {logging_mixin.py:188} INFO - Fetching page 2 of 2 for price category: dibawah 30 Juta
[2024-08-31T19:47:31.570+0700] {logging_mixin.py:188} INFO - Fetching page 2 of 4 for price category: dibawah 40 Juta
[2024-08-31T19:47:31.700+0700] {logging_mixin.py:188} INFO - Sleeping for 2.12 seconds...
[2024-08-31T19:47:31.936+0700] {logging_mixin.py:188} INFO - Sleeping for 2.34 seconds...
[2024-08-31T19:47:31.969+0700] {logging_mixin.py:188} INFO - Fetching page 2 of 5 for price category: dibawah 60 Juta
[2024-08-31T19:47:32.828+0700] {logging_mixin.py:188} INFO - Sleeping for 2.46 seconds...
[2024-08-31T19:47:33.093+0700] {logging_mixin.py:188} INFO - Sleeping for 1.95 seconds...
[2024-08-31T19:47:33.819+0700] {logging_mixin.py:188} INFO - Fetching page 3 of 5 for price category: dibawah 50 Juta
[2024-08-31T19:47:34.276+0700] {logging_mixin.py:188} INFO - Data for price category dibawah 30 Juta written to /home/miracle/mobil/scrape/output/mobil123/2024-08-31/mobil123_dibawah 30 Juta_2024-08-31.csv
[2024-08-31T19:47:34.918+0700] {logging_mixin.py:188} INFO - Sleeping for 1.87 seconds...
[2024-08-31T19:47:35.044+0700] {logging_mixin.py:188} INFO - Fetching page 3 of 5 for price category: dibawah 60 Juta
[2024-08-31T19:47:35.301+0700] {logging_mixin.py:188} INFO - Fetching page 3 of 4 for price category: dibawah 40 Juta
[2024-08-31T19:47:35.656+0700] {logging_mixin.py:188} INFO - Fetching page 1 of 9 for price category: dibawah 70 Juta
[2024-08-31T19:47:36.171+0700] {logging_mixin.py:188} INFO - Sleeping for 2.77 seconds...
[2024-08-31T19:47:36.590+0700] {logging_mixin.py:188} INFO - Sleeping for 2.39 seconds...
[2024-08-31T19:47:36.797+0700] {logging_mixin.py:188} INFO - Fetching page 4 of 5 for price category: dibawah 50 Juta
[2024-08-31T19:47:36.960+0700] {logging_mixin.py:188} INFO - Sleeping for 2.98 seconds...
[2024-08-31T19:47:37.864+0700] {logging_mixin.py:188} INFO - Sleeping for 2.26 seconds...
[2024-08-31T19:47:38.945+0700] {logging_mixin.py:188} INFO - Fetching page 4 of 5 for price category: dibawah 60 Juta
[2024-08-31T19:47:38.981+0700] {logging_mixin.py:188} INFO - Fetching page 2 of 9 for price category: dibawah 70 Juta
[2024-08-31T19:47:39.946+0700] {logging_mixin.py:188} INFO - Fetching page 4 of 4 for price category: dibawah 40 Juta
[2024-08-31T19:47:40.082+0700] {logging_mixin.py:188} INFO - Sleeping for 2.33 seconds...
[2024-08-31T19:47:40.124+0700] {logging_mixin.py:188} INFO - Fetching page 5 of 5 for price category: dibawah 50 Juta
[2024-08-31T19:47:40.720+0700] {logging_mixin.py:188} INFO - Sleeping for 2.69 seconds...
[2024-08-31T19:47:40.859+0700] {logging_mixin.py:188} INFO - Sleeping for 2.41 seconds...
[2024-08-31T19:47:41.060+0700] {logging_mixin.py:188} INFO - Sleeping for 1.57 seconds...
[2024-08-31T19:47:42.411+0700] {logging_mixin.py:188} INFO - Fetching page 5 of 5 for price category: dibawah 60 Juta
[2024-08-31T19:47:42.636+0700] {logging_mixin.py:188} INFO - Data for price category dibawah 50 Juta written to /home/miracle/mobil/scrape/output/mobil123/2024-08-31/mobil123_dibawah 50 Juta_2024-08-31.csv
[2024-08-31T19:47:43.272+0700] {logging_mixin.py:188} INFO - Data for price category dibawah 40 Juta written to /home/miracle/mobil/scrape/output/mobil123/2024-08-31/mobil123_dibawah 40 Juta_2024-08-31.csv
[2024-08-31T19:47:43.424+0700] {logging_mixin.py:188} INFO - Fetching page 3 of 9 for price category: dibawah 70 Juta
[2024-08-31T19:47:43.517+0700] {logging_mixin.py:188} INFO - Sleeping for 2.91 seconds...
[2024-08-31T19:47:44.088+0700] {logging_mixin.py:188} INFO - Fetching page 1 of 18 for price category: dibawah 80 Juta
[2024-08-31T19:47:44.451+0700] {logging_mixin.py:188} INFO - Fetching page 1 of 32 for price category: dibawah 90 Juta
[2024-08-31T19:47:44.829+0700] {logging_mixin.py:188} INFO - Sleeping for 2.59 seconds...
[2024-08-31T19:47:45.088+0700] {logging_mixin.py:188} INFO - Sleeping for 1.98 seconds...
[2024-08-31T19:47:45.714+0700] {logging_mixin.py:188} INFO - Sleeping for 2.67 seconds...
[2024-08-31T19:47:46.429+0700] {logging_mixin.py:188} INFO - Data for price category dibawah 60 Juta written to /home/miracle/mobil/scrape/output/mobil123/2024-08-31/mobil123_dibawah 60 Juta_2024-08-31.csv
[2024-08-31T19:47:47.073+0700] {logging_mixin.py:188} INFO - Fetching page 2 of 18 for price category: dibawah 80 Juta
[2024-08-31T19:47:47.426+0700] {logging_mixin.py:188} INFO - Fetching page 4 of 9 for price category: dibawah 70 Juta
[2024-08-31T19:47:48.386+0700] {logging_mixin.py:188} INFO - Fetching page 2 of 32 for price category: dibawah 90 Juta
[2024-08-31T19:47:48.429+0700] {logging_mixin.py:188} INFO - Sleeping for 2.60 seconds...
[2024-08-31T19:47:48.705+0700] {logging_mixin.py:188} INFO - Sleeping for 1.61 seconds...
[2024-08-31T19:47:49.964+0700] {logging_mixin.py:188} INFO - Sleeping for 2.30 seconds...
[2024-08-31T19:47:50.314+0700] {logging_mixin.py:188} INFO - Fetching page 5 of 9 for price category: dibawah 70 Juta
[2024-08-31T19:47:51.029+0700] {logging_mixin.py:188} INFO - Fetching page 3 of 18 for price category: dibawah 80 Juta
[2024-08-31T19:47:51.358+0700] {logging_mixin.py:188} INFO - Sleeping for 2.86 seconds...
[2024-08-31T19:47:52.191+0700] {logging_mixin.py:188} INFO - Sleeping for 1.59 seconds...
[2024-08-31T19:47:52.264+0700] {logging_mixin.py:188} INFO - Fetching page 3 of 32 for price category: dibawah 90 Juta
[2024-08-31T19:47:53.561+0700] {logging_mixin.py:188} INFO - Sleeping for 2.05 seconds...
[2024-08-31T19:47:53.780+0700] {logging_mixin.py:188} INFO - Fetching page 4 of 18 for price category: dibawah 80 Juta
[2024-08-31T19:47:54.221+0700] {logging_mixin.py:188} INFO - Fetching page 6 of 9 for price category: dibawah 70 Juta
[2024-08-31T19:47:55.056+0700] {logging_mixin.py:188} INFO - Sleeping for 1.51 seconds...
[2024-08-31T19:47:55.416+0700] {logging_mixin.py:188} INFO - Sleeping for 1.58 seconds...
[2024-08-31T19:47:55.614+0700] {logging_mixin.py:188} INFO - Fetching page 4 of 32 for price category: dibawah 90 Juta
[2024-08-31T19:47:56.571+0700] {logging_mixin.py:188} INFO - Fetching page 5 of 18 for price category: dibawah 80 Juta
[2024-08-31T19:47:56.884+0700] {logging_mixin.py:188} INFO - Sleeping for 2.36 seconds...
[2024-08-31T19:47:56.999+0700] {logging_mixin.py:188} INFO - Fetching page 7 of 9 for price category: dibawah 70 Juta
[2024-08-31T19:47:57.823+0700] {logging_mixin.py:188} INFO - Sleeping for 2.02 seconds...
[2024-08-31T19:47:58.069+0700] {logging_mixin.py:188} INFO - Sleeping for 2.38 seconds...
[2024-08-31T19:47:59.252+0700] {logging_mixin.py:188} INFO - Fetching page 5 of 32 for price category: dibawah 90 Juta
[2024-08-31T19:47:59.850+0700] {logging_mixin.py:188} INFO - Fetching page 6 of 18 for price category: dibawah 80 Juta
[2024-08-31T19:48:00.462+0700] {logging_mixin.py:188} INFO - Fetching page 8 of 9 for price category: dibawah 70 Juta
[2024-08-31T19:48:00.573+0700] {logging_mixin.py:188} INFO - Sleeping for 2.95 seconds...
[2024-08-31T19:48:00.927+0700] {logging_mixin.py:188} INFO - Sleeping for 2.75 seconds...
[2024-08-31T19:48:01.508+0700] {logging_mixin.py:188} INFO - Sleeping for 2.76 seconds...
[2024-08-31T19:48:03.522+0700] {logging_mixin.py:188} INFO - Fetching page 6 of 32 for price category: dibawah 90 Juta
[2024-08-31T19:48:03.678+0700] {logging_mixin.py:188} INFO - Fetching page 7 of 18 for price category: dibawah 80 Juta
[2024-08-31T19:48:04.270+0700] {logging_mixin.py:188} INFO - Fetching page 9 of 9 for price category: dibawah 70 Juta
[2024-08-31T19:48:04.909+0700] {logging_mixin.py:188} INFO - Sleeping for 2.73 seconds...
[2024-08-31T19:48:05.150+0700] {logging_mixin.py:188} INFO - Sleeping for 2.59 seconds...
[2024-08-31T19:48:05.495+0700] {logging_mixin.py:188} INFO - Sleeping for 2.26 seconds...
[2024-08-31T19:48:07.647+0700] {logging_mixin.py:188} INFO - Fetching page 7 of 32 for price category: dibawah 90 Juta
[2024-08-31T19:48:07.741+0700] {logging_mixin.py:188} INFO - Fetching page 8 of 18 for price category: dibawah 80 Juta
[2024-08-31T19:48:07.762+0700] {logging_mixin.py:188} INFO - Data for price category dibawah 70 Juta written to /home/miracle/mobil/scrape/output/mobil123/2024-08-31/mobil123_dibawah 70 Juta_2024-08-31.csv
[2024-08-31T19:48:08.844+0700] {logging_mixin.py:188} INFO - Sleeping for 2.23 seconds...
[2024-08-31T19:48:09.077+0700] {logging_mixin.py:188} INFO - Sleeping for 1.70 seconds...
[2024-08-31T19:48:10.778+0700] {logging_mixin.py:188} INFO - Fetching page 9 of 18 for price category: dibawah 80 Juta
[2024-08-31T19:48:11.076+0700] {logging_mixin.py:188} INFO - Fetching page 8 of 32 for price category: dibawah 90 Juta
[2024-08-31T19:48:12.321+0700] {logging_mixin.py:188} INFO - Sleeping for 2.50 seconds...
[2024-08-31T19:48:12.572+0700] {logging_mixin.py:188} INFO - Sleeping for 1.56 seconds...
[2024-08-31T19:48:14.132+0700] {logging_mixin.py:188} INFO - Fetching page 9 of 32 for price category: dibawah 90 Juta
[2024-08-31T19:48:14.829+0700] {logging_mixin.py:188} INFO - Fetching page 10 of 18 for price category: dibawah 80 Juta
[2024-08-31T19:48:15.398+0700] {logging_mixin.py:188} INFO - Sleeping for 2.79 seconds...
[2024-08-31T19:48:15.966+0700] {logging_mixin.py:188} INFO - Sleeping for 2.85 seconds...
[2024-08-31T19:48:18.193+0700] {logging_mixin.py:188} INFO - Fetching page 10 of 32 for price category: dibawah 90 Juta
[2024-08-31T19:48:18.819+0700] {logging_mixin.py:188} INFO - Fetching page 11 of 18 for price category: dibawah 80 Juta
[2024-08-31T19:48:19.500+0700] {logging_mixin.py:188} INFO - Sleeping for 2.22 seconds...
[2024-08-31T19:48:20.215+0700] {logging_mixin.py:188} INFO - Sleeping for 2.79 seconds...
[2024-08-31T19:48:21.722+0700] {logging_mixin.py:188} INFO - Fetching page 11 of 32 for price category: dibawah 90 Juta
[2024-08-31T19:48:22.925+0700] {logging_mixin.py:188} INFO - Sleeping for 1.66 seconds...
[2024-08-31T19:48:23.012+0700] {logging_mixin.py:188} INFO - Fetching page 12 of 18 for price category: dibawah 80 Juta
[2024-08-31T19:48:24.589+0700] {logging_mixin.py:188} INFO - Fetching page 12 of 32 for price category: dibawah 90 Juta
[2024-08-31T19:48:24.665+0700] {logging_mixin.py:188} INFO - Sleeping for 2.33 seconds...
[2024-08-31T19:48:26.218+0700] {logging_mixin.py:188} INFO - Sleeping for 2.33 seconds...
[2024-08-31T19:48:26.999+0700] {logging_mixin.py:188} INFO - Fetching page 13 of 18 for price category: dibawah 80 Juta
[2024-08-31T19:48:28.401+0700] {logging_mixin.py:188} INFO - Sleeping for 1.94 seconds...
[2024-08-31T19:48:28.550+0700] {logging_mixin.py:188} INFO - Fetching page 13 of 32 for price category: dibawah 90 Juta
[2024-08-31T19:48:29.896+0700] {logging_mixin.py:188} INFO - Sleeping for 2.65 seconds...
[2024-08-31T19:48:30.344+0700] {logging_mixin.py:188} INFO - Fetching page 14 of 18 for price category: dibawah 80 Juta
[2024-08-31T19:48:31.620+0700] {logging_mixin.py:188} INFO - Sleeping for 1.89 seconds...
[2024-08-31T19:48:32.545+0700] {logging_mixin.py:188} INFO - Fetching page 14 of 32 for price category: dibawah 90 Juta
[2024-08-31T19:48:33.513+0700] {logging_mixin.py:188} INFO - Fetching page 15 of 18 for price category: dibawah 80 Juta
[2024-08-31T19:48:33.876+0700] {logging_mixin.py:188} INFO - Sleeping for 2.83 seconds...
[2024-08-31T19:48:34.724+0700] {logging_mixin.py:188} INFO - Sleeping for 2.17 seconds...
[2024-08-31T19:48:36.705+0700] {logging_mixin.py:188} INFO - Fetching page 15 of 32 for price category: dibawah 90 Juta
[2024-08-31T19:48:36.899+0700] {logging_mixin.py:188} INFO - Fetching page 16 of 18 for price category: dibawah 80 Juta
[2024-08-31T19:48:37.977+0700] {logging_mixin.py:188} INFO - Sleeping for 1.81 seconds...
[2024-08-31T19:48:38.238+0700] {logging_mixin.py:188} INFO - Sleeping for 2.05 seconds...
[2024-08-31T19:48:39.788+0700] {logging_mixin.py:188} INFO - Fetching page 17 of 18 for price category: dibawah 80 Juta
[2024-08-31T19:48:40.290+0700] {logging_mixin.py:188} INFO - Fetching page 16 of 32 for price category: dibawah 90 Juta
[2024-08-31T19:48:41.209+0700] {logging_mixin.py:188} INFO - Sleeping for 1.71 seconds...
[2024-08-31T19:48:41.467+0700] {logging_mixin.py:188} INFO - Sleeping for 2.42 seconds...
[2024-08-31T19:48:42.922+0700] {logging_mixin.py:188} INFO - Fetching page 18 of 18 for price category: dibawah 80 Juta
[2024-08-31T19:48:43.890+0700] {logging_mixin.py:188} INFO - Fetching page 17 of 32 for price category: dibawah 90 Juta
[2024-08-31T19:48:44.277+0700] {logging_mixin.py:188} INFO - Sleeping for 1.76 seconds...
[2024-08-31T19:48:45.314+0700] {logging_mixin.py:188} INFO - Sleeping for 2.32 seconds...
[2024-08-31T19:48:46.042+0700] {logging_mixin.py:188} INFO - Data for price category dibawah 80 Juta written to /home/miracle/mobil/scrape/output/mobil123/2024-08-31/mobil123_dibawah 80 Juta_2024-08-31.csv
[2024-08-31T19:48:47.638+0700] {logging_mixin.py:188} INFO - Fetching page 18 of 32 for price category: dibawah 90 Juta
[2024-08-31T19:48:49.302+0700] {logging_mixin.py:188} INFO - Sleeping for 1.80 seconds...
[2024-08-31T19:48:51.106+0700] {logging_mixin.py:188} INFO - Fetching page 19 of 32 for price category: dibawah 90 Juta
[2024-08-31T19:48:52.250+0700] {logging_mixin.py:188} INFO - Sleeping for 2.92 seconds...
[2024-08-31T19:48:55.178+0700] {logging_mixin.py:188} INFO - Fetching page 20 of 32 for price category: dibawah 90 Juta
[2024-08-31T19:48:57.422+0700] {logging_mixin.py:188} INFO - Sleeping for 1.73 seconds...
[2024-08-31T19:48:59.152+0700] {logging_mixin.py:188} INFO - Fetching page 21 of 32 for price category: dibawah 90 Juta
[2024-08-31T19:49:00.447+0700] {logging_mixin.py:188} INFO - Sleeping for 2.51 seconds...
[2024-08-31T19:49:02.961+0700] {logging_mixin.py:188} INFO - Fetching page 22 of 32 for price category: dibawah 90 Juta
[2024-08-31T19:49:04.018+0700] {logging_mixin.py:188} INFO - Sleeping for 2.15 seconds...
[2024-08-31T19:49:06.171+0700] {logging_mixin.py:188} INFO - Fetching page 23 of 32 for price category: dibawah 90 Juta
[2024-08-31T19:49:07.393+0700] {logging_mixin.py:188} INFO - Sleeping for 2.01 seconds...
[2024-08-31T19:49:09.407+0700] {logging_mixin.py:188} INFO - Fetching page 24 of 32 for price category: dibawah 90 Juta
[2024-08-31T19:49:10.955+0700] {logging_mixin.py:188} INFO - Sleeping for 2.58 seconds...
[2024-08-31T19:49:13.534+0700] {logging_mixin.py:188} INFO - Fetching page 25 of 32 for price category: dibawah 90 Juta
[2024-08-31T19:49:14.871+0700] {logging_mixin.py:188} INFO - Sleeping for 2.70 seconds...
[2024-08-31T19:49:17.573+0700] {logging_mixin.py:188} INFO - Fetching page 26 of 32 for price category: dibawah 90 Juta
[2024-08-31T19:49:18.712+0700] {logging_mixin.py:188} INFO - Sleeping for 1.79 seconds...
[2024-08-31T19:49:20.504+0700] {logging_mixin.py:188} INFO - Fetching page 27 of 32 for price category: dibawah 90 Juta
[2024-08-31T19:49:22.098+0700] {logging_mixin.py:188} INFO - Sleeping for 2.04 seconds...
[2024-08-31T19:49:24.143+0700] {logging_mixin.py:188} INFO - Fetching page 28 of 32 for price category: dibawah 90 Juta
[2024-08-31T19:49:25.569+0700] {logging_mixin.py:188} INFO - Sleeping for 2.04 seconds...
[2024-08-31T19:49:27.608+0700] {logging_mixin.py:188} INFO - Fetching page 29 of 32 for price category: dibawah 90 Juta
[2024-08-31T19:49:28.802+0700] {logging_mixin.py:188} INFO - Sleeping for 2.39 seconds...
[2024-08-31T19:49:31.196+0700] {logging_mixin.py:188} INFO - Fetching page 30 of 32 for price category: dibawah 90 Juta
[2024-08-31T19:49:32.631+0700] {logging_mixin.py:188} INFO - Sleeping for 1.89 seconds...
[2024-08-31T19:49:34.522+0700] {logging_mixin.py:188} INFO - Fetching page 31 of 32 for price category: dibawah 90 Juta
[2024-08-31T19:49:35.864+0700] {logging_mixin.py:188} INFO - Sleeping for 2.85 seconds...
[2024-08-31T19:49:38.719+0700] {logging_mixin.py:188} INFO - Fetching page 32 of 32 for price category: dibawah 90 Juta
[2024-08-31T19:49:39.797+0700] {logging_mixin.py:188} INFO - Sleeping for 2.06 seconds...
[2024-08-31T19:49:41.865+0700] {logging_mixin.py:188} INFO - Data for price category dibawah 90 Juta written to /home/miracle/mobil/scrape/output/mobil123/2024-08-31/mobil123_dibawah 90 Juta_2024-08-31.csv
[2024-08-31T19:49:41.869+0700] {python.py:237} INFO - Done. Returned value was: None
[2024-08-31T19:49:41.869+0700] {taskinstance.py:441} INFO - ::group::Post task execution logs
[2024-08-31T19:49:41.882+0700] {taskinstance.py:1206} INFO - Marking task as SUCCESS. dag_id=scrap_mobil123, task_id=scrape_mobil123, run_id=manual__2024-08-31T12:45:42.892526+00:00, execution_date=20240831T124542, start_date=20240831T124725, end_date=20240831T124941
[2024-08-31T19:49:41.945+0700] {local_task_job_runner.py:243} INFO - Task exited with return code 0
[2024-08-31T19:49:41.966+0700] {taskinstance.py:3503} INFO - 1 downstream tasks scheduled from follow-on schedule check
[2024-08-31T19:49:41.968+0700] {local_task_job_runner.py:222} INFO - ::endgroup::
