[2024-09-04T22:04:21.975+0700] {local_task_job_runner.py:120} INFO - ::group::Pre task execution logs
[2024-09-04T22:04:22.045+0700] {taskinstance.py:2076} INFO - Dependencies all met for dep_context=non-requeueable deps ti=<TaskInstance: scrap_oto_dag.scrape_oto scheduled__2024-09-02T00:00:00+00:00 [queued]>
[2024-09-04T22:04:22.074+0700] {taskinstance.py:2076} INFO - Dependencies all met for dep_context=requeueable deps ti=<TaskInstance: scrap_oto_dag.scrape_oto scheduled__2024-09-02T00:00:00+00:00 [queued]>
[2024-09-04T22:04:22.075+0700] {taskinstance.py:2306} INFO - Starting attempt 1 of 2
[2024-09-04T22:04:22.100+0700] {taskinstance.py:2330} INFO - Executing <Task(PythonOperator): scrape_oto> on 2024-09-02 00:00:00+00:00
[2024-09-04T22:04:22.111+0700] {standard_task_runner.py:64} INFO - Started process 3984 to run task
[2024-09-04T22:04:22.115+0700] {standard_task_runner.py:90} INFO - Running: ['***', 'tasks', 'run', 'scrap_oto_dag', 'scrape_oto', 'scheduled__2024-09-02T00:00:00+00:00', '--job-id', '224', '--raw', '--subdir', 'DAGS_FOLDER/oto/scrap_oto.py', '--cfg-path', '/tmp/tmp6oo5he21']
[2024-09-04T22:04:22.118+0700] {standard_task_runner.py:91} INFO - Job 224: Subtask scrape_oto
[2024-09-04T22:04:22.254+0700] {task_command.py:426} INFO - Running <TaskInstance: scrap_oto_dag.scrape_oto scheduled__2024-09-02T00:00:00+00:00 [running]> on host BrightHorizons.
[2024-09-04T22:04:22.465+0700] {taskinstance.py:2648} INFO - Exporting env vars: AIRFLOW_CTX_DAG_OWNER='***' AIRFLOW_CTX_DAG_ID='scrap_oto_dag' AIRFLOW_CTX_TASK_ID='scrape_oto' AIRFLOW_CTX_EXECUTION_DATE='2024-09-02T00:00:00+00:00' AIRFLOW_CTX_TRY_NUMBER='1' AIRFLOW_CTX_DAG_RUN_ID='scheduled__2024-09-02T00:00:00+00:00'
[2024-09-04T22:04:22.468+0700] {taskinstance.py:430} INFO - ::endgroup::
[2024-09-04T22:04:23.042+0700] {logging_mixin.py:188} INFO - Fetching page 1 for price category: dibawah-50-juta
[2024-09-04T22:04:23.043+0700] {logging_mixin.py:188} INFO - Fetching page 2 for price category: dibawah-50-juta
[2024-09-04T22:04:23.046+0700] {logging_mixin.py:188} INFO - Fetching page 3 for price category: dibawah-50-juta
[2024-09-04T22:04:23.048+0700] {logging_mixin.py:188} INFO - Fetching page 4 for price category: dibawah-50-juta
[2024-09-04T22:04:23.056+0700] {logging_mixin.py:188} INFO - Fetching page 1 for price category: dibawah-30-juta
[2024-09-04T22:04:23.058+0700] {logging_mixin.py:188} INFO - Fetching page 2 for price category: dibawah-30-juta
[2024-09-04T22:04:23.061+0700] {logging_mixin.py:188} INFO - Fetching page 3 for price category: dibawah-30-juta
[2024-09-04T22:04:23.064+0700] {logging_mixin.py:188} INFO - Fetching page 4 for price category: dibawah-30-juta
[2024-09-04T22:04:23.079+0700] {logging_mixin.py:188} INFO - Fetching page 1 for price category: dibawah-40-juta
[2024-09-04T22:04:23.080+0700] {logging_mixin.py:188} INFO - Fetching page 2 for price category: dibawah-40-juta
[2024-09-04T22:04:23.082+0700] {logging_mixin.py:188} INFO - Fetching page 3 for price category: dibawah-40-juta
[2024-09-04T22:04:23.082+0700] {logging_mixin.py:188} INFO - Fetching page 4 for price category: dibawah-40-juta
[2024-09-04T22:04:23.097+0700] {logging_mixin.py:188} INFO - Fetching page 1 for price category: dibawah-60-juta
[2024-09-04T22:04:23.100+0700] {logging_mixin.py:188} INFO - Fetching page 2 for price category: dibawah-60-juta
[2024-09-04T22:04:23.101+0700] {logging_mixin.py:188} INFO - Fetching page 3 for price category: dibawah-60-juta
[2024-09-04T22:04:23.103+0700] {logging_mixin.py:188} INFO - Fetching page 4 for price category: dibawah-60-juta
[2024-09-04T22:04:24.009+0700] {logging_mixin.py:188} INFO - Fetching page 5 for price category: dibawah-50-juta
[2024-09-04T22:04:24.294+0700] {logging_mixin.py:188} INFO - Fetching page 5 for price category: dibawah-30-juta
[2024-09-04T22:04:24.558+0700] {logging_mixin.py:188} INFO - Fetching page 5 for price category: dibawah-40-juta
[2024-09-04T22:04:24.580+0700] {logging_mixin.py:188} INFO - Fetching page 6 for price category: dibawah-50-juta
[2024-09-04T22:04:24.796+0700] {logging_mixin.py:188} INFO - Fetching page 5 for price category: dibawah-60-juta
[2024-09-04T22:04:24.914+0700] {logging_mixin.py:188} INFO - Fetching page 6 for price category: dibawah-60-juta
[2024-09-04T22:04:24.952+0700] {logging_mixin.py:188} INFO - Fetching page 7 for price category: dibawah-60-juta
[2024-09-04T22:04:25.123+0700] {logging_mixin.py:188} INFO - Fetching page 6 for price category: dibawah-40-juta
[2024-09-04T22:04:25.277+0700] {logging_mixin.py:188} INFO - Fetching page 7 for price category: dibawah-50-juta
[2024-09-04T22:04:25.282+0700] {logging_mixin.py:188} INFO - Fetching page 8 for price category: dibawah-50-juta
[2024-09-04T22:04:25.313+0700] {logging_mixin.py:188} INFO - Fetching page 8 for price category: dibawah-60-juta
[2024-09-04T22:04:25.443+0700] {logging_mixin.py:188} INFO - Fetching page 7 for price category: dibawah-40-juta
[2024-09-04T22:04:25.451+0700] {logging_mixin.py:188} INFO - Fetching page 9 for price category: dibawah-50-juta
[2024-09-04T22:04:25.493+0700] {logging_mixin.py:188} INFO - Fetching page 8 for price category: dibawah-40-juta
[2024-09-04T22:04:25.560+0700] {logging_mixin.py:188} INFO - Data for price category dibawah-30-juta written to /home/miracle/mobil/scrape/output/oto/2024-09-04/oto_car_dibawah_30_juta_2024-09-04.csv
[2024-09-04T22:04:26.273+0700] {logging_mixin.py:188} INFO - Fetching page 9 for price category: dibawah-60-juta
[2024-09-04T22:04:26.888+0700] {logging_mixin.py:188} INFO - Fetching page 9 for price category: dibawah-40-juta
[2024-09-04T22:04:26.898+0700] {logging_mixin.py:188} INFO - Fetching page 10 for price category: dibawah-40-juta
[2024-09-04T22:04:27.237+0700] {logging_mixin.py:188} INFO - Fetching page 10 for price category: dibawah-50-juta
[2024-09-04T22:04:27.293+0700] {logging_mixin.py:188} INFO - Fetching page 11 for price category: dibawah-40-juta
[2024-09-04T22:04:27.331+0700] {logging_mixin.py:188} INFO - Fetching page 12 for price category: dibawah-40-juta
[2024-09-04T22:04:27.361+0700] {logging_mixin.py:188} INFO - Fetching page 1 for price category: dibawah-70-juta
[2024-09-04T22:04:27.379+0700] {logging_mixin.py:188} INFO - Fetching page 2 for price category: dibawah-70-juta
[2024-09-04T22:04:27.387+0700] {logging_mixin.py:188} INFO - Fetching page 3 for price category: dibawah-70-juta
[2024-09-04T22:04:27.400+0700] {logging_mixin.py:188} INFO - Fetching page 10 for price category: dibawah-60-juta
[2024-09-04T22:04:27.413+0700] {logging_mixin.py:188} INFO - Fetching page 11 for price category: dibawah-50-juta
[2024-09-04T22:04:27.415+0700] {logging_mixin.py:188} INFO - Fetching page 12 for price category: dibawah-50-juta
[2024-09-04T22:04:27.464+0700] {logging_mixin.py:188} INFO - Fetching page 4 for price category: dibawah-70-juta
[2024-09-04T22:04:27.494+0700] {logging_mixin.py:188} INFO - Fetching page 13 for price category: dibawah-50-juta
[2024-09-04T22:04:27.534+0700] {logging_mixin.py:188} INFO - Fetching page 11 for price category: dibawah-60-juta
[2024-09-04T22:04:27.538+0700] {logging_mixin.py:188} INFO - Fetching page 12 for price category: dibawah-60-juta
[2024-09-04T22:04:27.868+0700] {logging_mixin.py:188} INFO - Fetching page 13 for price category: dibawah-60-juta
[2024-09-04T22:04:27.894+0700] {logging_mixin.py:188} INFO - Fetching page 13 for price category: dibawah-40-juta
[2024-09-04T22:04:28.528+0700] {logging_mixin.py:188} INFO - Fetching page 5 for price category: dibawah-70-juta
[2024-09-04T22:04:28.537+0700] {logging_mixin.py:188} INFO - Fetching page 14 for price category: dibawah-40-juta
[2024-09-04T22:04:28.600+0700] {logging_mixin.py:188} INFO - Fetching page 15 for price category: dibawah-40-juta
[2024-09-04T22:04:28.663+0700] {logging_mixin.py:188} INFO - Fetching page 6 for price category: dibawah-70-juta
[2024-09-04T22:04:28.787+0700] {logging_mixin.py:188} INFO - Fetching page 14 for price category: dibawah-50-juta
[2024-09-04T22:04:29.013+0700] {logging_mixin.py:188} INFO - Fetching page 16 for price category: dibawah-40-juta
[2024-09-04T22:04:29.211+0700] {logging_mixin.py:188} INFO - Fetching page 7 for price category: dibawah-70-juta
[2024-09-04T22:04:29.312+0700] {logging_mixin.py:188} INFO - Fetching page 15 for price category: dibawah-50-juta
[2024-09-04T22:04:29.331+0700] {logging_mixin.py:188} INFO - Fetching page 8 for price category: dibawah-70-juta
[2024-09-04T22:04:29.333+0700] {logging_mixin.py:188} INFO - Fetching page 14 for price category: dibawah-60-juta
[2024-09-04T22:04:29.338+0700] {logging_mixin.py:188} INFO - Fetching page 15 for price category: dibawah-60-juta
[2024-09-04T22:04:29.388+0700] {logging_mixin.py:188} INFO - Fetching page 17 for price category: dibawah-40-juta
[2024-09-04T22:04:29.521+0700] {logging_mixin.py:188} INFO - Fetching page 16 for price category: dibawah-60-juta
[2024-09-04T22:04:29.544+0700] {logging_mixin.py:188} INFO - Fetching page 17 for price category: dibawah-60-juta
[2024-09-04T22:04:29.562+0700] {logging_mixin.py:188} INFO - Fetching page 16 for price category: dibawah-50-juta
[2024-09-04T22:04:29.584+0700] {logging_mixin.py:188} INFO - Fetching page 17 for price category: dibawah-50-juta
[2024-09-04T22:04:29.707+0700] {logging_mixin.py:188} INFO - Fetching page 9 for price category: dibawah-70-juta
[2024-09-04T22:04:30.244+0700] {logging_mixin.py:188} INFO - Fetching page 10 for price category: dibawah-70-juta
[2024-09-04T22:04:30.253+0700] {logging_mixin.py:188} INFO - Fetching page 18 for price category: dibawah-50-juta
[2024-09-04T22:04:30.338+0700] {logging_mixin.py:188} INFO - Fetching page 19 for price category: dibawah-50-juta
[2024-09-04T22:04:30.537+0700] {logging_mixin.py:188} INFO - Fetching page 18 for price category: dibawah-60-juta
[2024-09-04T22:04:30.581+0700] {logging_mixin.py:188} INFO - Fetching page 11 for price category: dibawah-70-juta
[2024-09-04T22:04:30.614+0700] {logging_mixin.py:188} INFO - Fetching page 12 for price category: dibawah-70-juta
[2024-09-04T22:04:30.619+0700] {logging_mixin.py:188} INFO - Fetching page 19 for price category: dibawah-60-juta
[2024-09-04T22:04:30.897+0700] {logging_mixin.py:188} INFO - Fetching page 20 for price category: dibawah-60-juta
[2024-09-04T22:04:31.028+0700] {logging_mixin.py:188} INFO - Fetching page 20 for price category: dibawah-50-juta
[2024-09-04T22:04:31.056+0700] {logging_mixin.py:188} INFO - Fetching page 21 for price category: dibawah-50-juta
[2024-09-04T22:04:31.068+0700] {logging_mixin.py:188} INFO - Fetching page 13 for price category: dibawah-70-juta
[2024-09-04T22:04:31.074+0700] {logging_mixin.py:188} INFO - Data for price category dibawah-40-juta written to /home/miracle/mobil/scrape/output/oto/2024-09-04/oto_car_dibawah_40_juta_2024-09-04.csv
[2024-09-04T22:04:31.081+0700] {logging_mixin.py:188} INFO - Fetching page 21 for price category: dibawah-60-juta
[2024-09-04T22:04:31.348+0700] {logging_mixin.py:188} INFO - Fetching page 14 for price category: dibawah-70-juta
[2024-09-04T22:04:31.482+0700] {logging_mixin.py:188} INFO - Fetching page 22 for price category: dibawah-50-juta
[2024-09-04T22:04:31.493+0700] {logging_mixin.py:188} INFO - Fetching page 22 for price category: dibawah-60-juta
[2024-09-04T22:04:31.681+0700] {logging_mixin.py:188} INFO - Fetching page 23 for price category: dibawah-50-juta
[2024-09-04T22:04:31.696+0700] {logging_mixin.py:188} INFO - Fetching page 15 for price category: dibawah-70-juta
[2024-09-04T22:04:31.859+0700] {logging_mixin.py:188} INFO - Fetching page 23 for price category: dibawah-60-juta
[2024-09-04T22:04:31.928+0700] {logging_mixin.py:188} INFO - Fetching page 24 for price category: dibawah-50-juta
[2024-09-04T22:04:32.014+0700] {logging_mixin.py:188} INFO - Fetching page 25 for price category: dibawah-50-juta
[2024-09-04T22:04:32.015+0700] {logging_mixin.py:188} INFO - Fetching page 1 for price category: dibawah-80-juta
[2024-09-04T22:04:32.045+0700] {logging_mixin.py:188} INFO - Fetching page 16 for price category: dibawah-70-juta
[2024-09-04T22:04:32.049+0700] {logging_mixin.py:188} INFO - Fetching page 17 for price category: dibawah-70-juta
[2024-09-04T22:04:32.050+0700] {logging_mixin.py:188} INFO - Fetching page 24 for price category: dibawah-60-juta
[2024-09-04T22:04:32.058+0700] {logging_mixin.py:188} INFO - Fetching page 2 for price category: dibawah-80-juta
[2024-09-04T22:04:32.071+0700] {logging_mixin.py:188} INFO - Fetching page 3 for price category: dibawah-80-juta
[2024-09-04T22:04:32.077+0700] {logging_mixin.py:188} INFO - Fetching page 25 for price category: dibawah-60-juta
[2024-09-04T22:04:32.079+0700] {logging_mixin.py:188} INFO - Fetching page 4 for price category: dibawah-80-juta
[2024-09-04T22:04:32.173+0700] {logging_mixin.py:188} INFO - Fetching page 18 for price category: dibawah-70-juta
[2024-09-04T22:04:32.976+0700] {logging_mixin.py:188} INFO - Fetching page 26 for price category: dibawah-50-juta
[2024-09-04T22:04:32.996+0700] {logging_mixin.py:188} INFO - Fetching page 26 for price category: dibawah-60-juta
[2024-09-04T22:04:33.147+0700] {logging_mixin.py:188} INFO - Fetching page 27 for price category: dibawah-50-juta
[2024-09-04T22:04:33.198+0700] {logging_mixin.py:188} INFO - Fetching page 5 for price category: dibawah-80-juta
[2024-09-04T22:04:33.261+0700] {logging_mixin.py:188} INFO - Fetching page 27 for price category: dibawah-60-juta
[2024-09-04T22:04:33.304+0700] {logging_mixin.py:188} INFO - Fetching page 28 for price category: dibawah-50-juta
[2024-09-04T22:04:33.392+0700] {logging_mixin.py:188} INFO - Fetching page 28 for price category: dibawah-60-juta
[2024-09-04T22:04:33.705+0700] {logging_mixin.py:188} INFO - Fetching page 29 for price category: dibawah-60-juta
[2024-09-04T22:04:33.851+0700] {logging_mixin.py:188} INFO - Fetching page 20 for price category: dibawah-70-juta
[2024-09-04T22:04:33.848+0700] {logging_mixin.py:188} INFO - Fetching page 19 for price category: dibawah-70-juta
[2024-09-04T22:04:33.906+0700] {logging_mixin.py:188} INFO - Fetching page 6 for price category: dibawah-80-juta
[2024-09-04T22:04:33.920+0700] {logging_mixin.py:188} INFO - Fetching page 21 for price category: dibawah-70-juta
[2024-09-04T22:04:33.957+0700] {logging_mixin.py:188} INFO - Fetching page 7 for price category: dibawah-80-juta
[2024-09-04T22:04:33.960+0700] {logging_mixin.py:188} INFO - Fetching page 22 for price category: dibawah-70-juta
[2024-09-04T22:04:33.967+0700] {logging_mixin.py:188} INFO - Fetching page 29 for price category: dibawah-50-juta
[2024-09-04T22:04:33.969+0700] {logging_mixin.py:188} INFO - Fetching page 8 for price category: dibawah-80-juta
[2024-09-04T22:04:34.550+0700] {logging_mixin.py:188} INFO - Fetching page 30 for price category: dibawah-60-juta
[2024-09-04T22:04:34.591+0700] {logging_mixin.py:188} INFO - Fetching page 30 for price category: dibawah-50-juta
[2024-09-04T22:04:37.730+0700] {logging_mixin.py:188} INFO - Fetching page 9 for price category: dibawah-80-juta
[2024-09-04T22:04:38.289+0700] {logging_mixin.py:188} INFO - Fetching page 31 for price category: dibawah-60-juta
[2024-09-04T22:04:38.417+0700] {logging_mixin.py:188} INFO - Fetching page 31 for price category: dibawah-50-juta
[2024-09-04T22:04:38.802+0700] {logging_mixin.py:188} INFO - Fetching page 32 for price category: dibawah-60-juta
[2024-09-04T22:04:39.649+0700] {logging_mixin.py:188} INFO - Fetching page 33 for price category: dibawah-60-juta
[2024-09-04T22:04:39.712+0700] {logging_mixin.py:188} INFO - Fetching page 10 for price category: dibawah-80-juta
[2024-09-04T22:04:40.200+0700] {logging_mixin.py:188} INFO - Fetching page 32 for price category: dibawah-50-juta
[2024-09-04T22:04:40.618+0700] {logging_mixin.py:188} INFO - Fetching page 11 for price category: dibawah-80-juta
[2024-09-04T22:04:40.643+0700] {logging_mixin.py:188} INFO - Fetching page 12 for price category: dibawah-80-juta
[2024-09-04T22:04:41.476+0700] {logging_mixin.py:188} INFO - Fetching page 23 for price category: dibawah-70-juta
[2024-09-04T22:05:22.024+0700] {logging_mixin.py:188} INFO - Fetching page 33 for price category: dibawah-50-juta
[2024-09-04T22:05:22.230+0700] {logging_mixin.py:188} INFO - Fetching page 24 for price category: dibawah-70-juta
[2024-09-04T22:05:22.264+0700] {logging_mixin.py:188} INFO - Fetching page 34 for price category: dibawah-60-juta
[2024-09-04T22:05:22.304+0700] {logging_mixin.py:188} INFO - Fetching page 25 for price category: dibawah-70-juta
[2024-09-04T22:05:22.348+0700] {logging_mixin.py:188} INFO - Fetching page 34 for price category: dibawah-50-juta
[2024-09-04T22:05:22.384+0700] {logging_mixin.py:188} INFO - Fetching page 35 for price category: dibawah-60-juta
[2024-09-04T22:05:22.386+0700] {logging_mixin.py:188} INFO - Fetching page 35 for price category: dibawah-50-juta
[2024-09-04T22:05:22.412+0700] {logging_mixin.py:188} INFO - Fetching page 26 for price category: dibawah-70-juta
[2024-09-04T22:05:22.449+0700] {logging_mixin.py:188} INFO - Attempt 1 failed with error: ('Connection aborted.', ConnectionResetError(104, 'Connection reset by peer'))
[2024-09-04T22:05:22.450+0700] {logging_mixin.py:188} INFO - Attempt 1 failed with error: ('Connection aborted.', ConnectionResetError(104, 'Connection reset by peer'))
[2024-09-04T22:05:22.452+0700] {logging_mixin.py:188} INFO - Attempt 1 failed with error: ('Connection aborted.', ConnectionResetError(104, 'Connection reset by peer'))
[2024-09-04T22:05:22.488+0700] {logging_mixin.py:188} INFO - Retrying in 0.3 seconds...
[2024-09-04T22:05:22.459+0700] {logging_mixin.py:188} INFO - Attempt 1 failed with error: ('Connection aborted.', ConnectionResetError(104, 'Connection reset by peer'))
[2024-09-04T22:05:22.488+0700] {logging_mixin.py:188} INFO - Retrying in 0.3 seconds...
[2024-09-04T22:05:22.459+0700] {logging_mixin.py:188} INFO - Fetching page 13 for price category: dibawah-80-juta
[2024-09-04T22:05:22.484+0700] {logging_mixin.py:188} INFO - Retrying in 0.3 seconds...
[2024-09-04T22:05:22.478+0700] {logging_mixin.py:188} INFO - Retrying in 0.3 seconds...
[2024-09-04T22:05:22.494+0700] {logging_mixin.py:188} INFO - Fetching page 36 for price category: dibawah-60-juta
[2024-09-04T22:05:22.840+0700] {logging_mixin.py:188} INFO - Fetching page 37 for price category: dibawah-60-juta
[2024-09-04T22:05:24.330+0700] {logging_mixin.py:188} INFO - Fetching page 27 for price category: dibawah-70-juta
[2024-09-04T22:05:25.414+0700] {logging_mixin.py:188} INFO - Fetching page 36 for price category: dibawah-50-juta
[2024-09-04T22:05:25.437+0700] {logging_mixin.py:188} INFO - Fetching page 38 for price category: dibawah-60-juta
[2024-09-04T22:05:25.577+0700] {logging_mixin.py:188} INFO - Fetching page 37 for price category: dibawah-50-juta
[2024-09-04T22:05:25.594+0700] {logging_mixin.py:188} INFO - Fetching page 38 for price category: dibawah-50-juta
[2024-09-04T22:05:25.636+0700] {logging_mixin.py:188} INFO - Fetching page 39 for price category: dibawah-60-juta
[2024-09-04T22:05:25.699+0700] {logging_mixin.py:188} INFO - Fetching page 14 for price category: dibawah-80-juta
[2024-09-04T22:05:25.713+0700] {logging_mixin.py:188} INFO - Fetching page 40 for price category: dibawah-60-juta
[2024-09-04T22:05:25.747+0700] {logging_mixin.py:188} INFO - Fetching page 41 for price category: dibawah-60-juta
[2024-09-04T22:05:25.757+0700] {logging_mixin.py:188} INFO - Fetching page 28 for price category: dibawah-70-juta
[2024-09-04T22:05:25.773+0700] {logging_mixin.py:188} INFO - Fetching page 15 for price category: dibawah-80-juta
[2024-09-04T22:05:25.799+0700] {logging_mixin.py:188} INFO - Fetching page 16 for price category: dibawah-80-juta
[2024-09-04T22:05:25.801+0700] {logging_mixin.py:188} INFO - Fetching page 29 for price category: dibawah-70-juta
[2024-09-04T22:05:25.804+0700] {logging_mixin.py:188} INFO - Fetching page 39 for price category: dibawah-50-juta
[2024-09-04T22:05:25.825+0700] {logging_mixin.py:188} INFO - Fetching page 17 for price category: dibawah-80-juta
[2024-09-04T22:05:25.902+0700] {logging_mixin.py:188} INFO - Fetching page 30 for price category: dibawah-70-juta
[2024-09-04T22:05:26.894+0700] {logging_mixin.py:188} INFO - Fetching page 31 for price category: dibawah-70-juta
[2024-09-04T22:05:27.145+0700] {logging_mixin.py:188} INFO - Fetching page 42 for price category: dibawah-60-juta
[2024-09-04T22:05:27.444+0700] {logging_mixin.py:188} INFO - Fetching page 40 for price category: dibawah-50-juta
[2024-09-04T22:05:27.445+0700] {logging_mixin.py:188} INFO - Fetching page 43 for price category: dibawah-60-juta
[2024-09-04T22:05:27.495+0700] {logging_mixin.py:188} INFO - Fetching page 44 for price category: dibawah-60-juta
[2024-09-04T22:05:27.497+0700] {logging_mixin.py:188} INFO - Fetching page 32 for price category: dibawah-70-juta
[2024-09-04T22:05:27.499+0700] {logging_mixin.py:188} INFO - Fetching page 18 for price category: dibawah-80-juta
[2024-09-04T22:05:27.914+0700] {logging_mixin.py:188} INFO - Fetching page 41 for price category: dibawah-50-juta
[2024-09-04T22:05:27.977+0700] {logging_mixin.py:188} INFO - Fetching page 42 for price category: dibawah-50-juta
[2024-09-04T22:05:27.978+0700] {logging_mixin.py:188} INFO - Fetching page 19 for price category: dibawah-80-juta
[2024-09-04T22:05:28.237+0700] {logging_mixin.py:188} INFO - Fetching page 33 for price category: dibawah-70-juta
[2024-09-04T22:05:28.418+0700] {logging_mixin.py:188} INFO - Fetching page 45 for price category: dibawah-60-juta
[2024-09-04T22:05:28.426+0700] {logging_mixin.py:188} INFO - Fetching page 20 for price category: dibawah-80-juta
[2024-09-04T22:05:28.477+0700] {logging_mixin.py:188} INFO - Fetching page 34 for price category: dibawah-70-juta
[2024-09-04T22:05:28.592+0700] {logging_mixin.py:188} INFO - Fetching page 21 for price category: dibawah-80-juta
[2024-09-04T22:05:28.657+0700] {logging_mixin.py:188} INFO - Fetching page 43 for price category: dibawah-50-juta
[2024-09-04T22:05:28.996+0700] {logging_mixin.py:188} INFO - Fetching page 44 for price category: dibawah-50-juta
[2024-09-04T22:05:29.391+0700] {logging_mixin.py:188} INFO - Fetching page 35 for price category: dibawah-70-juta
[2024-09-04T22:05:29.528+0700] {logging_mixin.py:188} INFO - Fetching page 36 for price category: dibawah-70-juta
[2024-09-04T22:05:29.561+0700] {logging_mixin.py:188} INFO - Fetching page 45 for price category: dibawah-50-juta
[2024-09-04T22:05:30.248+0700] {logging_mixin.py:188} INFO - Fetching page 46 for price category: dibawah-50-juta
[2024-09-04T22:05:30.257+0700] {logging_mixin.py:188} INFO - Fetching page 46 for price category: dibawah-60-juta
[2024-09-04T22:05:30.343+0700] {logging_mixin.py:188} INFO - Fetching page 22 for price category: dibawah-80-juta
[2024-09-04T22:05:30.351+0700] {logging_mixin.py:188} INFO - Fetching page 47 for price category: dibawah-60-juta
[2024-09-04T22:05:30.435+0700] {logging_mixin.py:188} INFO - Fetching page 48 for price category: dibawah-60-juta
[2024-09-04T22:05:30.498+0700] {logging_mixin.py:188} INFO - Fetching page 49 for price category: dibawah-60-juta
[2024-09-04T22:05:30.671+0700] {logging_mixin.py:188} INFO - Fetching page 37 for price category: dibawah-70-juta
[2024-09-04T22:05:30.685+0700] {logging_mixin.py:188} INFO - Fetching page 23 for price category: dibawah-80-juta
[2024-09-04T22:05:30.725+0700] {logging_mixin.py:188} INFO - Fetching page 24 for price category: dibawah-80-juta
[2024-09-04T22:05:30.809+0700] {logging_mixin.py:188} INFO - Fetching page 47 for price category: dibawah-50-juta
[2024-09-04T22:05:30.871+0700] {logging_mixin.py:188} INFO - Fetching page 38 for price category: dibawah-70-juta
[2024-09-04T22:05:30.911+0700] {logging_mixin.py:188} INFO - Fetching page 48 for price category: dibawah-50-juta
[2024-09-04T22:05:30.977+0700] {logging_mixin.py:188} INFO - Fetching page 25 for price category: dibawah-80-juta
[2024-09-04T22:05:31.047+0700] {logging_mixin.py:188} INFO - Fetching page 39 for price category: dibawah-70-juta
[2024-09-04T22:05:31.346+0700] {logging_mixin.py:188} INFO - Fetching page 40 for price category: dibawah-70-juta
[2024-09-04T22:05:31.419+0700] {logging_mixin.py:188} INFO - Fetching page 49 for price category: dibawah-50-juta
[2024-09-04T22:05:31.499+0700] {logging_mixin.py:188} INFO - Fetching page 26 for price category: dibawah-80-juta
[2024-09-04T22:05:31.662+0700] {logging_mixin.py:188} INFO - Fetching page 50 for price category: dibawah-60-juta
[2024-09-04T22:05:31.783+0700] {logging_mixin.py:188} INFO - Fetching page 51 for price category: dibawah-60-juta
[2024-09-04T22:05:31.967+0700] {logging_mixin.py:188} INFO - Fetching page 41 for price category: dibawah-70-juta
[2024-09-04T22:05:31.985+0700] {logging_mixin.py:188} INFO - Fetching page 27 for price category: dibawah-80-juta
[2024-09-04T22:05:32.336+0700] {logging_mixin.py:188} INFO - Fetching page 52 for price category: dibawah-60-juta
[2024-09-04T22:05:32.444+0700] {logging_mixin.py:188} INFO - Fetching page 42 for price category: dibawah-70-juta
[2024-09-04T22:05:32.469+0700] {logging_mixin.py:188} INFO - Fetching page 28 for price category: dibawah-80-juta
[2024-09-04T22:05:32.511+0700] {logging_mixin.py:188} INFO - Fetching page 53 for price category: dibawah-60-juta
[2024-09-04T22:05:32.609+0700] {logging_mixin.py:188} INFO - Fetching page 29 for price category: dibawah-80-juta
[2024-09-04T22:05:32.611+0700] {logging_mixin.py:188} INFO - Fetching page 43 for price category: dibawah-70-juta
[2024-09-04T22:05:32.655+0700] {logging_mixin.py:188} INFO - Fetching page 44 for price category: dibawah-70-juta
[2024-09-04T22:05:32.863+0700] {logging_mixin.py:188} INFO - Fetching page 54 for price category: dibawah-60-juta
[2024-09-04T22:05:32.897+0700] {logging_mixin.py:188} INFO - Fetching page 30 for price category: dibawah-80-juta
[2024-09-04T22:05:32.931+0700] {logging_mixin.py:188} INFO - Fetching page 55 for price category: dibawah-60-juta
[2024-09-04T22:05:33.004+0700] {logging_mixin.py:188} INFO - Data for price category dibawah-50-juta written to /home/miracle/mobil/scrape/output/oto/2024-09-04/oto_car_dibawah_50_juta_2024-09-04.csv
[2024-09-04T22:05:33.219+0700] {logging_mixin.py:188} INFO - Fetching page 31 for price category: dibawah-80-juta
[2024-09-04T22:05:33.235+0700] {logging_mixin.py:188} INFO - Fetching page 45 for price category: dibawah-70-juta
[2024-09-04T22:05:33.347+0700] {logging_mixin.py:188} INFO - Fetching page 46 for price category: dibawah-70-juta
[2024-09-04T22:05:33.348+0700] {logging_mixin.py:188} INFO - Fetching page 56 for price category: dibawah-60-juta
[2024-09-04T22:05:33.456+0700] {logging_mixin.py:188} INFO - Fetching page 47 for price category: dibawah-70-juta
[2024-09-04T22:05:33.551+0700] {logging_mixin.py:188} INFO - Fetching page 57 for price category: dibawah-60-juta
[2024-09-04T22:05:33.571+0700] {logging_mixin.py:188} INFO - Fetching page 48 for price category: dibawah-70-juta
[2024-09-04T22:05:33.581+0700] {logging_mixin.py:188} INFO - Fetching page 32 for price category: dibawah-80-juta
[2024-09-04T22:05:33.583+0700] {logging_mixin.py:188} INFO - Fetching page 33 for price category: dibawah-80-juta
[2024-09-04T22:05:33.628+0700] {logging_mixin.py:188} INFO - Fetching page 58 for price category: dibawah-60-juta
[2024-09-04T22:05:33.777+0700] {logging_mixin.py:188} INFO - Fetching page 1 for price category: dibawah-90-juta
[2024-09-04T22:05:33.783+0700] {logging_mixin.py:188} INFO - Fetching page 2 for price category: dibawah-90-juta
[2024-09-04T22:05:33.786+0700] {logging_mixin.py:188} INFO - Fetching page 3 for price category: dibawah-90-juta
[2024-09-04T22:05:33.786+0700] {logging_mixin.py:188} INFO - Fetching page 4 for price category: dibawah-90-juta
[2024-09-04T22:05:33.850+0700] {logging_mixin.py:188} INFO - Fetching page 34 for price category: dibawah-80-juta
[2024-09-04T22:05:33.872+0700] {logging_mixin.py:188} INFO - Fetching page 59 for price category: dibawah-60-juta
[2024-09-04T22:05:34.207+0700] {logging_mixin.py:188} INFO - Fetching page 35 for price category: dibawah-80-juta
[2024-09-04T22:05:34.372+0700] {logging_mixin.py:188} INFO - Fetching page 49 for price category: dibawah-70-juta
[2024-09-04T22:05:34.521+0700] {logging_mixin.py:188} INFO - Fetching page 5 for price category: dibawah-90-juta
[2024-09-04T22:05:34.621+0700] {logging_mixin.py:188} INFO - Fetching page 50 for price category: dibawah-70-juta
[2024-09-04T22:05:34.796+0700] {logging_mixin.py:188} INFO - Fetching page 51 for price category: dibawah-70-juta
[2024-09-04T22:05:34.843+0700] {logging_mixin.py:188} INFO - Fetching page 36 for price category: dibawah-80-juta
[2024-09-04T22:05:34.961+0700] {logging_mixin.py:188} INFO - Fetching page 37 for price category: dibawah-80-juta
[2024-09-04T22:05:34.983+0700] {logging_mixin.py:188} INFO - Fetching page 6 for price category: dibawah-90-juta
[2024-09-04T22:05:35.131+0700] {logging_mixin.py:188} INFO - Fetching page 39 for price category: dibawah-80-juta
[2024-09-04T22:05:35.097+0700] {logging_mixin.py:188} INFO - Fetching page 38 for price category: dibawah-80-juta
[2024-09-04T22:05:35.211+0700] {logging_mixin.py:188} INFO - Fetching page 60 for price category: dibawah-60-juta
[2024-09-04T22:05:35.495+0700] {logging_mixin.py:188} INFO - Fetching page 7 for price category: dibawah-90-juta
[2024-09-04T22:05:35.541+0700] {logging_mixin.py:188} INFO - Fetching page 8 for price category: dibawah-90-juta
[2024-09-04T22:05:35.548+0700] {logging_mixin.py:188} INFO - Fetching page 61 for price category: dibawah-60-juta
[2024-09-04T22:05:35.596+0700] {logging_mixin.py:188} INFO - Fetching page 62 for price category: dibawah-60-juta
[2024-09-04T22:05:35.629+0700] {logging_mixin.py:188} INFO - Fetching page 63 for price category: dibawah-60-juta
[2024-09-04T22:05:35.642+0700] {logging_mixin.py:188} INFO - Fetching page 52 for price category: dibawah-70-juta
[2024-09-04T22:05:35.666+0700] {logging_mixin.py:188} INFO - Fetching page 53 for price category: dibawah-70-juta
[2024-09-04T22:05:35.674+0700] {logging_mixin.py:188} INFO - Fetching page 9 for price category: dibawah-90-juta
[2024-09-04T22:05:35.758+0700] {logging_mixin.py:188} INFO - Fetching page 54 for price category: dibawah-70-juta
[2024-09-04T22:05:35.815+0700] {logging_mixin.py:188} INFO - Fetching page 40 for price category: dibawah-80-juta
[2024-09-04T22:05:35.917+0700] {logging_mixin.py:188} INFO - Fetching page 41 for price category: dibawah-80-juta
[2024-09-04T22:05:35.992+0700] {logging_mixin.py:188} INFO - Fetching page 55 for price category: dibawah-70-juta
[2024-09-04T22:05:36.082+0700] {logging_mixin.py:188} INFO - Fetching page 10 for price category: dibawah-90-juta
[2024-09-04T22:05:36.123+0700] {logging_mixin.py:188} INFO - Fetching page 42 for price category: dibawah-80-juta
[2024-09-04T22:05:36.175+0700] {logging_mixin.py:188} INFO - Fetching page 64 for price category: dibawah-60-juta
[2024-09-04T22:05:36.307+0700] {logging_mixin.py:188} INFO - Fetching page 11 for price category: dibawah-90-juta
[2024-09-04T22:05:36.308+0700] {logging_mixin.py:188} INFO - Fetching page 43 for price category: dibawah-80-juta
[2024-09-04T22:05:36.461+0700] {logging_mixin.py:188} INFO - Fetching page 56 for price category: dibawah-70-juta
[2024-09-04T22:05:36.490+0700] {logging_mixin.py:188} INFO - Fetching page 65 for price category: dibawah-60-juta
[2024-09-04T22:05:36.507+0700] {logging_mixin.py:188} INFO - Fetching page 66 for price category: dibawah-60-juta
[2024-09-04T22:05:36.548+0700] {logging_mixin.py:188} INFO - Fetching page 12 for price category: dibawah-90-juta
[2024-09-04T22:05:36.644+0700] {logging_mixin.py:188} INFO - Fetching page 67 for price category: dibawah-60-juta
[2024-09-04T22:05:36.666+0700] {logging_mixin.py:188} INFO - Fetching page 57 for price category: dibawah-70-juta
[2024-09-04T22:05:37.416+0700] {logging_mixin.py:188} INFO - Fetching page 44 for price category: dibawah-80-juta
[2024-09-04T22:05:37.488+0700] {logging_mixin.py:188} INFO - Fetching page 58 for price category: dibawah-70-juta
[2024-09-04T22:05:37.559+0700] {logging_mixin.py:188} INFO - Fetching page 59 for price category: dibawah-70-juta
[2024-09-04T22:05:37.595+0700] {logging_mixin.py:188} INFO - Fetching page 45 for price category: dibawah-80-juta
[2024-09-04T22:05:37.604+0700] {logging_mixin.py:188} INFO - Fetching page 13 for price category: dibawah-90-juta
[2024-09-04T22:05:37.665+0700] {logging_mixin.py:188} INFO - Fetching page 46 for price category: dibawah-80-juta
[2024-09-04T22:05:37.771+0700] {logging_mixin.py:188} INFO - Fetching page 68 for price category: dibawah-60-juta
[2024-09-04T22:05:37.824+0700] {logging_mixin.py:188} INFO - Fetching page 14 for price category: dibawah-90-juta
[2024-09-04T22:05:37.826+0700] {logging_mixin.py:188} INFO - Fetching page 15 for price category: dibawah-90-juta
[2024-09-04T22:05:37.827+0700] {logging_mixin.py:188} INFO - Fetching page 69 for price category: dibawah-60-juta
[2024-09-04T22:05:37.864+0700] {logging_mixin.py:188} INFO - Fetching page 60 for price category: dibawah-70-juta
[2024-09-04T22:05:38.100+0700] {logging_mixin.py:188} INFO - Fetching page 70 for price category: dibawah-60-juta
[2024-09-04T22:05:38.105+0700] {logging_mixin.py:188} INFO - Fetching page 47 for price category: dibawah-80-juta
[2024-09-04T22:05:38.192+0700] {logging_mixin.py:188} INFO - Fetching page 16 for price category: dibawah-90-juta
[2024-09-04T22:05:38.195+0700] {logging_mixin.py:188} INFO - Fetching page 61 for price category: dibawah-70-juta
[2024-09-04T22:05:38.254+0700] {logging_mixin.py:188} INFO - Fetching page 71 for price category: dibawah-60-juta
[2024-09-04T22:05:38.507+0700] {logging_mixin.py:188} INFO - Fetching page 48 for price category: dibawah-80-juta
[2024-09-04T22:05:38.606+0700] {logging_mixin.py:188} INFO - Fetching page 62 for price category: dibawah-70-juta
[2024-09-04T22:05:38.675+0700] {logging_mixin.py:188} INFO - Fetching page 63 for price category: dibawah-70-juta
[2024-09-04T22:05:38.674+0700] {logging_mixin.py:188} INFO - Fetching page 49 for price category: dibawah-80-juta
[2024-09-04T22:05:39.004+0700] {logging_mixin.py:188} INFO - Fetching page 17 for price category: dibawah-90-juta
[2024-09-04T22:05:39.297+0700] {logging_mixin.py:188} INFO - Fetching page 72 for price category: dibawah-60-juta
[2024-09-04T22:05:39.319+0700] {logging_mixin.py:188} INFO - Fetching page 50 for price category: dibawah-80-juta
[2024-09-04T22:05:39.384+0700] {logging_mixin.py:188} INFO - Fetching page 73 for price category: dibawah-60-juta
[2024-09-04T22:05:39.430+0700] {logging_mixin.py:188} INFO - Fetching page 51 for price category: dibawah-80-juta
[2024-09-04T22:05:39.483+0700] {logging_mixin.py:188} INFO - Fetching page 64 for price category: dibawah-70-juta
[2024-09-04T22:05:39.497+0700] {logging_mixin.py:188} INFO - Fetching page 18 for price category: dibawah-90-juta
[2024-09-04T22:05:39.531+0700] {logging_mixin.py:188} INFO - Fetching page 74 for price category: dibawah-60-juta
[2024-09-04T22:05:39.584+0700] {logging_mixin.py:188} INFO - Fetching page 19 for price category: dibawah-90-juta
[2024-09-04T22:05:39.646+0700] {logging_mixin.py:188} INFO - Fetching page 65 for price category: dibawah-70-juta
[2024-09-04T22:05:39.659+0700] {logging_mixin.py:188} INFO - Fetching page 20 for price category: dibawah-90-juta
[2024-09-04T22:05:39.732+0700] {logging_mixin.py:188} INFO - Fetching page 75 for price category: dibawah-60-juta
[2024-09-04T22:05:39.757+0700] {logging_mixin.py:188} INFO - Fetching page 66 for price category: dibawah-70-juta
[2024-09-04T22:05:39.780+0700] {logging_mixin.py:188} INFO - Fetching page 52 for price category: dibawah-80-juta
[2024-09-04T22:05:39.812+0700] {logging_mixin.py:188} INFO - Fetching page 67 for price category: dibawah-70-juta
[2024-09-04T22:05:39.873+0700] {logging_mixin.py:188} INFO - Fetching page 53 for price category: dibawah-80-juta
[2024-09-04T22:05:39.997+0700] {logging_mixin.py:188} INFO - Fetching page 21 for price category: dibawah-90-juta
[2024-09-04T22:05:40.055+0700] {logging_mixin.py:188} INFO - Fetching page 76 for price category: dibawah-60-juta
[2024-09-04T22:05:40.513+0700] {logging_mixin.py:188} INFO - Fetching page 54 for price category: dibawah-80-juta
[2024-09-04T22:05:40.559+0700] {logging_mixin.py:188} INFO - Fetching page 55 for price category: dibawah-80-juta
[2024-09-04T22:05:40.561+0700] {logging_mixin.py:188} INFO - Fetching page 77 for price category: dibawah-60-juta
[2024-09-04T22:05:40.682+0700] {logging_mixin.py:188} INFO - Fetching page 22 for price category: dibawah-90-juta
[2024-09-04T22:05:40.692+0700] {logging_mixin.py:188} INFO - Fetching page 78 for price category: dibawah-60-juta
[2024-09-04T22:05:40.746+0700] {logging_mixin.py:188} INFO - Fetching page 68 for price category: dibawah-70-juta
[2024-09-04T22:05:40.947+0700] {logging_mixin.py:188} INFO - Fetching page 23 for price category: dibawah-90-juta
[2024-09-04T22:05:40.965+0700] {logging_mixin.py:188} INFO - Fetching page 69 for price category: dibawah-70-juta
[2024-09-04T22:05:41.144+0700] {logging_mixin.py:188} INFO - Fetching page 70 for price category: dibawah-70-juta
[2024-09-04T22:05:41.154+0700] {logging_mixin.py:188} INFO - Fetching page 56 for price category: dibawah-80-juta
[2024-09-04T22:05:41.199+0700] {logging_mixin.py:188} INFO - Fetching page 57 for price category: dibawah-80-juta
[2024-09-04T22:05:41.217+0700] {logging_mixin.py:188} INFO - Fetching page 71 for price category: dibawah-70-juta
[2024-09-04T22:05:41.300+0700] {logging_mixin.py:188} INFO - Fetching page 79 for price category: dibawah-60-juta
[2024-09-04T22:05:41.341+0700] {logging_mixin.py:188} INFO - Fetching page 24 for price category: dibawah-90-juta
[2024-09-04T22:05:41.426+0700] {logging_mixin.py:188} INFO - Fetching page 80 for price category: dibawah-60-juta
[2024-09-04T22:05:41.512+0700] {logging_mixin.py:188} INFO - Fetching page 81 for price category: dibawah-60-juta
[2024-09-04T22:05:41.565+0700] {logging_mixin.py:188} INFO - Fetching page 58 for price category: dibawah-80-juta
[2024-09-04T22:05:41.641+0700] {logging_mixin.py:188} INFO - Fetching page 25 for price category: dibawah-90-juta
[2024-09-04T22:05:41.683+0700] {logging_mixin.py:188} INFO - Fetching page 26 for price category: dibawah-90-juta
[2024-09-04T22:05:41.781+0700] {logging_mixin.py:188} INFO - Fetching page 59 for price category: dibawah-80-juta
[2024-09-04T22:05:42.172+0700] {logging_mixin.py:188} INFO - Fetching page 82 for price category: dibawah-60-juta
[2024-09-04T22:05:42.196+0700] {logging_mixin.py:188} INFO - Fetching page 72 for price category: dibawah-70-juta
[2024-09-04T22:05:42.242+0700] {logging_mixin.py:188} INFO - Fetching page 27 for price category: dibawah-90-juta
[2024-09-04T22:05:42.352+0700] {logging_mixin.py:188} INFO - Fetching page 73 for price category: dibawah-70-juta
[2024-09-04T22:05:42.361+0700] {logging_mixin.py:188} INFO - Fetching page 74 for price category: dibawah-70-juta
[2024-09-04T22:05:42.423+0700] {logging_mixin.py:188} INFO - Fetching page 60 for price category: dibawah-80-juta
[2024-09-04T22:05:42.498+0700] {logging_mixin.py:188} INFO - Fetching page 83 for price category: dibawah-60-juta
[2024-09-04T22:05:42.546+0700] {logging_mixin.py:188} INFO - Fetching page 75 for price category: dibawah-70-juta
[2024-09-04T22:05:42.671+0700] {logging_mixin.py:188} INFO - Fetching page 84 for price category: dibawah-60-juta
[2024-09-04T22:05:42.676+0700] {logging_mixin.py:188} INFO - Fetching page 85 for price category: dibawah-60-juta
[2024-09-04T22:05:42.694+0700] {logging_mixin.py:188} INFO - Fetching page 61 for price category: dibawah-80-juta
[2024-09-04T22:05:42.739+0700] {logging_mixin.py:188} INFO - Fetching page 28 for price category: dibawah-90-juta
[2024-09-04T22:05:42.813+0700] {logging_mixin.py:188} INFO - Fetching page 86 for price category: dibawah-60-juta
[2024-09-04T22:05:42.863+0700] {logging_mixin.py:188} INFO - Fetching page 29 for price category: dibawah-90-juta
[2024-09-04T22:05:42.867+0700] {logging_mixin.py:188} INFO - Fetching page 76 for price category: dibawah-70-juta
[2024-09-04T22:05:42.972+0700] {logging_mixin.py:188} INFO - Fetching page 62 for price category: dibawah-80-juta
[2024-09-04T22:05:43.015+0700] {logging_mixin.py:188} INFO - Fetching page 30 for price category: dibawah-90-juta
[2024-09-04T22:05:43.299+0700] {logging_mixin.py:188} INFO - Fetching page 63 for price category: dibawah-80-juta
[2024-09-04T22:05:43.315+0700] {logging_mixin.py:188} INFO - Fetching page 77 for price category: dibawah-70-juta
[2024-09-04T22:05:43.349+0700] {logging_mixin.py:188} INFO - Fetching page 78 for price category: dibawah-70-juta
[2024-09-04T22:05:43.438+0700] {logging_mixin.py:188} INFO - Fetching page 87 for price category: dibawah-60-juta
[2024-09-04T22:05:43.723+0700] {logging_mixin.py:188} INFO - Fetching page 64 for price category: dibawah-80-juta
[2024-09-04T22:05:44.141+0700] {logging_mixin.py:188} INFO - Fetching page 31 for price category: dibawah-90-juta
[2024-09-04T22:05:44.176+0700] {logging_mixin.py:188} INFO - Fetching page 79 for price category: dibawah-70-juta
[2024-09-04T22:05:44.292+0700] {logging_mixin.py:188} INFO - Fetching page 80 for price category: dibawah-70-juta
[2024-09-04T22:05:44.515+0700] {logging_mixin.py:188} INFO - Fetching page 65 for price category: dibawah-80-juta
[2024-09-04T22:05:44.662+0700] {logging_mixin.py:188} INFO - Fetching page 88 for price category: dibawah-60-juta
[2024-09-04T22:05:44.691+0700] {logging_mixin.py:188} INFO - Fetching page 89 for price category: dibawah-60-juta
[2024-09-04T22:05:44.731+0700] {logging_mixin.py:188} INFO - Fetching page 90 for price category: dibawah-60-juta
[2024-09-04T22:05:44.710+0700] {logging_mixin.py:188} INFO - Fetching page 81 for price category: dibawah-70-juta
[2024-09-04T22:05:45.006+0700] {logging_mixin.py:188} INFO - Fetching page 32 for price category: dibawah-90-juta
[2024-09-04T22:05:44.995+0700] {logging_mixin.py:188} INFO - Fetching page 33 for price category: dibawah-90-juta
[2024-09-04T22:05:45.172+0700] {logging_mixin.py:188} INFO - Fetching page 66 for price category: dibawah-80-juta
[2024-09-04T22:05:45.263+0700] {logging_mixin.py:188} INFO - Fetching page 91 for price category: dibawah-60-juta
[2024-09-04T22:05:45.387+0700] {logging_mixin.py:188} INFO - Fetching page 67 for price category: dibawah-80-juta
[2024-09-04T22:05:45.474+0700] {logging_mixin.py:188} INFO - Fetching page 82 for price category: dibawah-70-juta
[2024-09-04T22:05:45.504+0700] {logging_mixin.py:188} INFO - Fetching page 34 for price category: dibawah-90-juta
[2024-09-04T22:05:45.510+0700] {logging_mixin.py:188} INFO - Fetching page 68 for price category: dibawah-80-juta
[2024-09-04T22:05:45.751+0700] {logging_mixin.py:188} INFO - Fetching page 35 for price category: dibawah-90-juta
[2024-09-04T22:05:45.819+0700] {logging_mixin.py:188} INFO - Fetching page 83 for price category: dibawah-70-juta
[2024-09-04T22:05:45.836+0700] {logging_mixin.py:188} INFO - Fetching page 84 for price category: dibawah-70-juta
[2024-09-04T22:05:46.420+0700] {logging_mixin.py:188} INFO - Fetching page 92 for price category: dibawah-60-juta
[2024-09-04T22:05:46.441+0700] {logging_mixin.py:188} INFO - Fetching page 69 for price category: dibawah-80-juta
[2024-09-04T22:05:46.582+0700] {logging_mixin.py:188} INFO - Fetching page 93 for price category: dibawah-60-juta
[2024-09-04T22:05:46.592+0700] {logging_mixin.py:188} INFO - Fetching page 94 for price category: dibawah-60-juta
[2024-09-04T22:05:46.613+0700] {logging_mixin.py:188} INFO - Fetching page 36 for price category: dibawah-90-juta
[2024-09-04T22:05:46.662+0700] {logging_mixin.py:188} INFO - Fetching page 37 for price category: dibawah-90-juta
[2024-09-04T22:05:46.728+0700] {logging_mixin.py:188} INFO - Fetching page 85 for price category: dibawah-70-juta
[2024-09-04T22:05:46.788+0700] {logging_mixin.py:188} INFO - Fetching page 86 for price category: dibawah-70-juta
[2024-09-04T22:05:47.010+0700] {logging_mixin.py:188} INFO - Fetching page 70 for price category: dibawah-80-juta
[2024-09-04T22:05:47.027+0700] {logging_mixin.py:188} INFO - Fetching page 71 for price category: dibawah-80-juta
[2024-09-04T22:05:47.150+0700] {logging_mixin.py:188} INFO - Fetching page 72 for price category: dibawah-80-juta
[2024-09-04T22:05:47.171+0700] {logging_mixin.py:188} INFO - Fetching page 95 for price category: dibawah-60-juta
[2024-09-04T22:05:47.179+0700] {logging_mixin.py:188} INFO - Fetching page 38 for price category: dibawah-90-juta
[2024-09-04T22:05:47.245+0700] {logging_mixin.py:188} INFO - Fetching page 39 for price category: dibawah-90-juta
[2024-09-04T22:05:47.260+0700] {logging_mixin.py:188} INFO - Fetching page 87 for price category: dibawah-70-juta
[2024-09-04T22:05:47.295+0700] {logging_mixin.py:188} INFO - Fetching page 88 for price category: dibawah-70-juta
[2024-09-04T22:05:47.412+0700] {logging_mixin.py:188} INFO - Fetching page 96 for price category: dibawah-60-juta
[2024-09-04T22:05:47.929+0700] {logging_mixin.py:188} INFO - Fetching page 97 for price category: dibawah-60-juta
[2024-09-04T22:05:47.942+0700] {logging_mixin.py:188} INFO - Fetching page 98 for price category: dibawah-60-juta
[2024-09-04T22:05:47.943+0700] {logging_mixin.py:188} INFO - Fetching page 40 for price category: dibawah-90-juta
[2024-09-04T22:05:48.030+0700] {logging_mixin.py:188} INFO - Fetching page 73 for price category: dibawah-80-juta
[2024-09-04T22:05:48.167+0700] {logging_mixin.py:188} INFO - Fetching page 41 for price category: dibawah-90-juta
[2024-09-04T22:05:48.197+0700] {logging_mixin.py:188} INFO - Fetching page 99 for price category: dibawah-60-juta
[2024-09-04T22:05:48.199+0700] {logging_mixin.py:188} INFO - Fetching page 89 for price category: dibawah-70-juta
[2024-09-04T22:05:48.200+0700] {logging_mixin.py:188} INFO - Fetching page 74 for price category: dibawah-80-juta
[2024-09-04T22:05:48.280+0700] {logging_mixin.py:188} INFO - Fetching page 75 for price category: dibawah-80-juta
[2024-09-04T22:05:48.468+0700] {logging_mixin.py:188} INFO - Fetching page 76 for price category: dibawah-80-juta
[2024-09-04T22:05:48.501+0700] {logging_mixin.py:188} INFO - Fetching page 90 for price category: dibawah-70-juta
[2024-09-04T22:05:48.532+0700] {logging_mixin.py:188} INFO - Fetching page 42 for price category: dibawah-90-juta
[2024-09-04T22:05:48.544+0700] {logging_mixin.py:188} INFO - Fetching page 100 for price category: dibawah-60-juta
[2024-09-04T22:05:48.564+0700] {logging_mixin.py:188} INFO - Fetching page 43 for price category: dibawah-90-juta
[2024-09-04T22:05:48.626+0700] {logging_mixin.py:188} INFO - Fetching page 91 for price category: dibawah-70-juta
[2024-09-04T22:05:48.729+0700] {logging_mixin.py:188} INFO - Fetching page 92 for price category: dibawah-70-juta
[2024-09-04T22:05:48.768+0700] {logging_mixin.py:188} INFO - Fetching page 101 for price category: dibawah-60-juta
[2024-09-04T22:05:48.772+0700] {logging_mixin.py:188} INFO - Fetching page 44 for price category: dibawah-90-juta
[2024-09-04T22:05:48.988+0700] {logging_mixin.py:188} INFO - Fetching page 77 for price category: dibawah-80-juta
[2024-09-04T22:05:49.050+0700] {logging_mixin.py:188} INFO - Fetching page 45 for price category: dibawah-90-juta
[2024-09-04T22:05:49.120+0700] {logging_mixin.py:188} INFO - Fetching page 102 for price category: dibawah-60-juta
[2024-09-04T22:05:49.391+0700] {logging_mixin.py:188} INFO - Fetching page 103 for price category: dibawah-60-juta
[2024-09-04T22:05:49.409+0700] {logging_mixin.py:188} INFO - Fetching page 93 for price category: dibawah-70-juta
[2024-09-04T22:05:49.435+0700] {logging_mixin.py:188} INFO - Fetching page 94 for price category: dibawah-70-juta
[2024-09-04T22:05:49.698+0700] {logging_mixin.py:188} INFO - Fetching page 95 for price category: dibawah-70-juta
[2024-09-04T22:05:49.717+0700] {logging_mixin.py:188} INFO - Fetching page 46 for price category: dibawah-90-juta
[2024-09-04T22:05:49.725+0700] {logging_mixin.py:188} INFO - Fetching page 78 for price category: dibawah-80-juta
[2024-09-04T22:05:49.803+0700] {logging_mixin.py:188} INFO - Fetching page 47 for price category: dibawah-90-juta
[2024-09-04T22:05:49.813+0700] {logging_mixin.py:188} INFO - Fetching page 96 for price category: dibawah-70-juta
[2024-09-04T22:05:49.851+0700] {logging_mixin.py:188} INFO - Fetching page 79 for price category: dibawah-80-juta
[2024-09-04T22:05:49.987+0700] {logging_mixin.py:188} INFO - Fetching page 48 for price category: dibawah-90-juta
[2024-09-04T22:05:50.005+0700] {logging_mixin.py:188} INFO - Fetching page 104 for price category: dibawah-60-juta
[2024-09-04T22:05:50.012+0700] {logging_mixin.py:188} INFO - Fetching page 105 for price category: dibawah-60-juta
[2024-09-04T22:05:50.052+0700] {logging_mixin.py:188} INFO - Fetching page 49 for price category: dibawah-90-juta
[2024-09-04T22:05:50.143+0700] {logging_mixin.py:188} INFO - Fetching page 80 for price category: dibawah-80-juta
[2024-09-04T22:05:50.189+0700] {logging_mixin.py:188} INFO - Fetching page 106 for price category: dibawah-60-juta
[2024-09-04T22:05:50.306+0700] {logging_mixin.py:188} INFO - Fetching page 81 for price category: dibawah-80-juta
[2024-09-04T22:05:50.419+0700] {logging_mixin.py:188} INFO - Fetching page 107 for price category: dibawah-60-juta
[2024-09-04T22:05:50.469+0700] {logging_mixin.py:188} INFO - Fetching page 97 for price category: dibawah-70-juta
[2024-09-04T22:05:50.478+0700] {logging_mixin.py:188} INFO - Fetching page 98 for price category: dibawah-70-juta
[2024-09-04T22:05:50.518+0700] {logging_mixin.py:188} INFO - Fetching page 99 for price category: dibawah-70-juta
[2024-09-04T22:05:50.795+0700] {logging_mixin.py:188} INFO - Fetching page 82 for price category: dibawah-80-juta
[2024-09-04T22:05:51.054+0700] {logging_mixin.py:188} INFO - Fetching page 50 for price category: dibawah-90-juta
[2024-09-04T22:05:51.085+0700] {logging_mixin.py:188} INFO - Fetching page 100 for price category: dibawah-70-juta
[2024-09-04T22:05:51.088+0700] {logging_mixin.py:188} INFO - Fetching page 108 for price category: dibawah-60-juta
[2024-09-04T22:05:51.103+0700] {logging_mixin.py:188} INFO - Fetching page 109 for price category: dibawah-60-juta
[2024-09-04T22:05:51.258+0700] {logging_mixin.py:188} INFO - Fetching page 83 for price category: dibawah-80-juta
[2024-09-04T22:05:51.265+0700] {logging_mixin.py:188} INFO - Fetching page 51 for price category: dibawah-90-juta
[2024-09-04T22:05:51.469+0700] {logging_mixin.py:188} INFO - Fetching page 52 for price category: dibawah-90-juta
[2024-09-04T22:05:51.471+0700] {logging_mixin.py:188} INFO - Fetching page 53 for price category: dibawah-90-juta
[2024-09-04T22:05:51.607+0700] {logging_mixin.py:188} INFO - Fetching page 110 for price category: dibawah-60-juta
[2024-09-04T22:05:51.654+0700] {logging_mixin.py:188} INFO - Fetching page 111 for price category: dibawah-60-juta
[2024-09-04T22:05:51.663+0700] {logging_mixin.py:188} INFO - Fetching page 84 for price category: dibawah-80-juta
[2024-09-04T22:05:51.715+0700] {logging_mixin.py:188} INFO - Fetching page 101 for price category: dibawah-70-juta
[2024-09-04T22:05:51.761+0700] {logging_mixin.py:188} INFO - Fetching page 85 for price category: dibawah-80-juta
[2024-09-04T22:05:51.769+0700] {logging_mixin.py:188} INFO - Fetching page 102 for price category: dibawah-70-juta
[2024-09-04T22:05:51.787+0700] {logging_mixin.py:188} INFO - Fetching page 103 for price category: dibawah-70-juta
[2024-09-04T22:05:51.832+0700] {logging_mixin.py:188} INFO - Fetching page 86 for price category: dibawah-80-juta
[2024-09-04T22:05:51.889+0700] {logging_mixin.py:188} INFO - Fetching page 104 for price category: dibawah-70-juta
[2024-09-04T22:05:52.043+0700] {logging_mixin.py:188} INFO - Fetching page 54 for price category: dibawah-90-juta
[2024-09-04T22:05:52.574+0700] {logging_mixin.py:188} INFO - Fetching page 112 for price category: dibawah-60-juta
[2024-09-04T22:05:52.627+0700] {logging_mixin.py:188} INFO - Fetching page 113 for price category: dibawah-60-juta
[2024-09-04T22:05:52.708+0700] {logging_mixin.py:188} INFO - Fetching page 55 for price category: dibawah-90-juta
[2024-09-04T22:05:52.795+0700] {logging_mixin.py:188} INFO - Fetching page 87 for price category: dibawah-80-juta
[2024-09-04T22:05:52.939+0700] {logging_mixin.py:188} INFO - Fetching page 105 for price category: dibawah-70-juta
[2024-09-04T22:05:52.968+0700] {logging_mixin.py:188} INFO - Fetching page 56 for price category: dibawah-90-juta
[2024-09-04T22:05:53.100+0700] {logging_mixin.py:188} INFO - Fetching page 106 for price category: dibawah-70-juta
[2024-09-04T22:05:53.125+0700] {logging_mixin.py:188} INFO - Fetching page 88 for price category: dibawah-80-juta
[2024-09-04T22:05:53.212+0700] {logging_mixin.py:188} INFO - Fetching page 89 for price category: dibawah-80-juta
[2024-09-04T22:05:53.394+0700] {logging_mixin.py:188} INFO - Fetching page 57 for price category: dibawah-90-juta
[2024-09-04T22:05:53.405+0700] {logging_mixin.py:188} INFO - Fetching page 107 for price category: dibawah-70-juta
[2024-09-04T22:05:53.409+0700] {logging_mixin.py:188} INFO - Fetching page 114 for price category: dibawah-60-juta
[2024-09-04T22:05:53.528+0700] {logging_mixin.py:188} INFO - Fetching page 90 for price category: dibawah-80-juta
[2024-09-04T22:05:53.574+0700] {logging_mixin.py:188} INFO - Fetching page 115 for price category: dibawah-60-juta
[2024-09-04T22:05:53.579+0700] {logging_mixin.py:188} INFO - Fetching page 108 for price category: dibawah-70-juta
[2024-09-04T22:05:53.673+0700] {logging_mixin.py:188} INFO - Fetching page 116 for price category: dibawah-60-juta
[2024-09-04T22:05:53.732+0700] {logging_mixin.py:188} INFO - Fetching page 58 for price category: dibawah-90-juta
[2024-09-04T22:05:53.784+0700] {logging_mixin.py:188} INFO - Fetching page 117 for price category: dibawah-60-juta
[2024-09-04T22:05:54.169+0700] {logging_mixin.py:188} INFO - Fetching page 91 for price category: dibawah-80-juta
[2024-09-04T22:05:54.384+0700] {logging_mixin.py:188} INFO - Fetching page 59 for price category: dibawah-90-juta
[2024-09-04T22:05:54.387+0700] {logging_mixin.py:188} INFO - Fetching page 109 for price category: dibawah-70-juta
[2024-09-04T22:05:54.568+0700] {logging_mixin.py:188} INFO - Fetching page 92 for price category: dibawah-80-juta
[2024-09-04T22:05:54.626+0700] {logging_mixin.py:188} INFO - Fetching page 110 for price category: dibawah-70-juta
[2024-09-04T22:05:54.705+0700] {logging_mixin.py:188} INFO - Fetching page 93 for price category: dibawah-80-juta
[2024-09-04T22:05:54.740+0700] {logging_mixin.py:188} INFO - Fetching page 118 for price category: dibawah-60-juta
[2024-09-04T22:05:54.760+0700] {logging_mixin.py:188} INFO - Fetching page 60 for price category: dibawah-90-juta
[2024-09-04T22:05:54.763+0700] {logging_mixin.py:188} INFO - Fetching page 61 for price category: dibawah-90-juta
[2024-09-04T22:05:54.863+0700] {logging_mixin.py:188} INFO - Fetching page 111 for price category: dibawah-70-juta
[2024-09-04T22:05:54.865+0700] {logging_mixin.py:188} INFO - Fetching page 94 for price category: dibawah-80-juta
[2024-09-04T22:05:54.924+0700] {logging_mixin.py:188} INFO - Fetching page 119 for price category: dibawah-60-juta
[2024-09-04T22:05:54.925+0700] {logging_mixin.py:188} INFO - Fetching page 62 for price category: dibawah-90-juta
[2024-09-04T22:05:55.044+0700] {logging_mixin.py:188} INFO - Fetching page 120 for price category: dibawah-60-juta
[2024-09-04T22:05:55.058+0700] {logging_mixin.py:188} INFO - Fetching page 112 for price category: dibawah-70-juta
[2024-09-04T22:05:55.135+0700] {logging_mixin.py:188} INFO - Fetching page 121 for price category: dibawah-60-juta
[2024-09-04T22:05:55.354+0700] {logging_mixin.py:188} INFO - Fetching page 113 for price category: dibawah-70-juta
[2024-09-04T22:05:55.455+0700] {logging_mixin.py:188} INFO - Fetching page 95 for price category: dibawah-80-juta
[2024-09-04T22:05:55.476+0700] {logging_mixin.py:188} INFO - Fetching page 96 for price category: dibawah-80-juta
[2024-09-04T22:05:55.894+0700] {logging_mixin.py:188} INFO - Fetching page 63 for price category: dibawah-90-juta
[2024-09-04T22:05:56.088+0700] {logging_mixin.py:188} INFO - Fetching page 64 for price category: dibawah-90-juta
[2024-09-04T22:05:56.114+0700] {logging_mixin.py:188} INFO - Fetching page 114 for price category: dibawah-70-juta
[2024-09-04T22:05:56.146+0700] {logging_mixin.py:188} INFO - Fetching page 122 for price category: dibawah-60-juta
[2024-09-04T22:05:56.214+0700] {logging_mixin.py:188} INFO - Fetching page 97 for price category: dibawah-80-juta
[2024-09-04T22:05:56.269+0700] {logging_mixin.py:188} INFO - Fetching page 123 for price category: dibawah-60-juta
[2024-09-04T22:05:56.287+0700] {logging_mixin.py:188} INFO - Fetching page 115 for price category: dibawah-70-juta
[2024-09-04T22:05:56.378+0700] {logging_mixin.py:188} INFO - Fetching page 65 for price category: dibawah-90-juta
[2024-09-04T22:05:56.396+0700] {logging_mixin.py:188} INFO - Fetching page 98 for price category: dibawah-80-juta
[2024-09-04T22:05:56.442+0700] {logging_mixin.py:188} INFO - Fetching page 124 for price category: dibawah-60-juta
[2024-09-04T22:05:56.509+0700] {logging_mixin.py:188} INFO - Fetching page 66 for price category: dibawah-90-juta
[2024-09-04T22:05:56.561+0700] {logging_mixin.py:188} INFO - Fetching page 116 for price category: dibawah-70-juta
[2024-09-04T22:05:56.603+0700] {logging_mixin.py:188} INFO - Fetching page 125 for price category: dibawah-60-juta
[2024-09-04T22:05:56.683+0700] {logging_mixin.py:188} INFO - Fetching page 99 for price category: dibawah-80-juta
[2024-09-04T22:05:56.726+0700] {logging_mixin.py:188} INFO - Fetching page 100 for price category: dibawah-80-juta
[2024-09-04T22:05:56.815+0700] {logging_mixin.py:188} INFO - Fetching page 117 for price category: dibawah-70-juta
[2024-09-04T22:05:56.955+0700] {logging_mixin.py:188} INFO - Fetching page 67 for price category: dibawah-90-juta
[2024-09-04T22:05:57.358+0700] {logging_mixin.py:188} INFO - Fetching page 68 for price category: dibawah-90-juta
[2024-09-04T22:05:57.362+0700] {logging_mixin.py:188} INFO - Fetching page 118 for price category: dibawah-70-juta
[2024-09-04T22:05:57.458+0700] {logging_mixin.py:188} INFO - Fetching page 101 for price category: dibawah-80-juta
[2024-09-04T22:05:57.534+0700] {logging_mixin.py:188} INFO - Fetching page 126 for price category: dibawah-60-juta
[2024-09-04T22:05:57.679+0700] {logging_mixin.py:188} INFO - Fetching page 127 for price category: dibawah-60-juta
[2024-09-04T22:05:57.688+0700] {logging_mixin.py:188} INFO - Fetching page 119 for price category: dibawah-70-juta
[2024-09-04T22:05:57.812+0700] {logging_mixin.py:188} INFO - Fetching page 69 for price category: dibawah-90-juta
[2024-09-04T22:05:57.877+0700] {logging_mixin.py:188} INFO - Fetching page 128 for price category: dibawah-60-juta
[2024-09-04T22:05:57.904+0700] {logging_mixin.py:188} INFO - Fetching page 70 for price category: dibawah-90-juta
[2024-09-04T22:05:58.095+0700] {logging_mixin.py:188} INFO - Fetching page 102 for price category: dibawah-80-juta
[2024-09-04T22:05:58.144+0700] {logging_mixin.py:188} INFO - Fetching page 103 for price category: dibawah-80-juta
[2024-09-04T22:05:58.214+0700] {logging_mixin.py:188} INFO - Fetching page 129 for price category: dibawah-60-juta
[2024-09-04T22:05:58.288+0700] {logging_mixin.py:188} INFO - Fetching page 120 for price category: dibawah-70-juta
[2024-09-04T22:05:58.300+0700] {logging_mixin.py:188} INFO - Fetching page 104 for price category: dibawah-80-juta
[2024-09-04T22:05:58.308+0700] {logging_mixin.py:188} INFO - Fetching page 121 for price category: dibawah-70-juta
[2024-09-04T22:05:58.498+0700] {logging_mixin.py:188} INFO - Fetching page 71 for price category: dibawah-90-juta
[2024-09-04T22:05:58.614+0700] {logging_mixin.py:188} INFO - Fetching page 105 for price category: dibawah-80-juta
[2024-09-04T22:05:58.653+0700] {logging_mixin.py:188} INFO - Fetching page 122 for price category: dibawah-70-juta
[2024-09-04T22:05:58.685+0700] {logging_mixin.py:188} INFO - Fetching page 72 for price category: dibawah-90-juta
[2024-09-04T22:05:58.765+0700] {logging_mixin.py:188} INFO - Fetching page 130 for price category: dibawah-60-juta
[2024-09-04T22:05:58.838+0700] {logging_mixin.py:188} INFO - Fetching page 123 for price category: dibawah-70-juta
[2024-09-04T22:05:58.858+0700] {logging_mixin.py:188} INFO - Fetching page 131 for price category: dibawah-60-juta
[2024-09-04T22:05:59.678+0700] {logging_mixin.py:188} INFO - Fetching page 106 for price category: dibawah-80-juta
[2024-09-04T22:05:59.746+0700] {logging_mixin.py:188} INFO - Fetching page 73 for price category: dibawah-90-juta
[2024-09-04T22:05:59.806+0700] {logging_mixin.py:188} INFO - Fetching page 107 for price category: dibawah-80-juta
[2024-09-04T22:05:59.845+0700] {logging_mixin.py:188} INFO - Fetching page 74 for price category: dibawah-90-juta
[2024-09-04T22:05:59.899+0700] {logging_mixin.py:188} INFO - Fetching page 124 for price category: dibawah-70-juta
[2024-09-04T22:05:59.910+0700] {logging_mixin.py:188} INFO - Fetching page 108 for price category: dibawah-80-juta
[2024-09-04T22:05:59.921+0700] {logging_mixin.py:188} INFO - Fetching page 125 for price category: dibawah-70-juta
[2024-09-04T22:05:59.999+0700] {logging_mixin.py:188} INFO - Fetching page 75 for price category: dibawah-90-juta
[2024-09-04T22:06:00.076+0700] {logging_mixin.py:188} INFO - Fetching page 109 for price category: dibawah-80-juta
[2024-09-04T22:06:00.094+0700] {logging_mixin.py:188} INFO - Fetching page 126 for price category: dibawah-70-juta
[2024-09-04T22:06:00.161+0700] {logging_mixin.py:188} INFO - Fetching page 127 for price category: dibawah-70-juta
[2024-09-04T22:06:00.231+0700] {logging_mixin.py:188} INFO - Fetching page 76 for price category: dibawah-90-juta
[2024-09-04T22:06:00.270+0700] {logging_mixin.py:188} INFO - Data for price category dibawah-60-juta written to /home/miracle/mobil/scrape/output/oto/2024-09-04/oto_car_dibawah_60_juta_2024-09-04.csv
[2024-09-04T22:06:00.430+0700] {logging_mixin.py:188} INFO - Fetching page 110 for price category: dibawah-80-juta
[2024-09-04T22:06:00.826+0700] {logging_mixin.py:188} INFO - Fetching page 77 for price category: dibawah-90-juta
[2024-09-04T22:06:00.864+0700] {logging_mixin.py:188} INFO - Fetching page 111 for price category: dibawah-80-juta
[2024-09-04T22:06:01.260+0700] {logging_mixin.py:188} INFO - Fetching page 112 for price category: dibawah-80-juta
[2024-09-04T22:06:01.355+0700] {logging_mixin.py:188} INFO - Fetching page 128 for price category: dibawah-70-juta
[2024-09-04T22:06:01.423+0700] {logging_mixin.py:188} INFO - Fetching page 129 for price category: dibawah-70-juta
[2024-09-04T22:06:01.463+0700] {logging_mixin.py:188} INFO - Fetching page 130 for price category: dibawah-70-juta
[2024-09-04T22:06:01.483+0700] {logging_mixin.py:188} INFO - Fetching page 113 for price category: dibawah-80-juta
[2024-09-04T22:06:01.575+0700] {logging_mixin.py:188} INFO - Fetching page 78 for price category: dibawah-90-juta
[2024-09-04T22:06:01.578+0700] {logging_mixin.py:188} INFO - Fetching page 114 for price category: dibawah-80-juta
[2024-09-04T22:06:01.609+0700] {logging_mixin.py:188} INFO - Fetching page 79 for price category: dibawah-90-juta
[2024-09-04T22:06:01.638+0700] {logging_mixin.py:188} INFO - Fetching page 131 for price category: dibawah-70-juta
[2024-09-04T22:06:01.659+0700] {logging_mixin.py:188} INFO - Fetching page 80 for price category: dibawah-90-juta
[2024-09-04T22:06:02.144+0700] {logging_mixin.py:188} INFO - Fetching page 81 for price category: dibawah-90-juta
[2024-09-04T22:06:02.421+0700] {logging_mixin.py:188} INFO - Fetching page 132 for price category: dibawah-70-juta
[2024-09-04T22:06:02.437+0700] {logging_mixin.py:188} INFO - Fetching page 115 for price category: dibawah-80-juta
[2024-09-04T22:06:02.496+0700] {logging_mixin.py:188} INFO - Fetching page 116 for price category: dibawah-80-juta
[2024-09-04T22:06:02.678+0700] {logging_mixin.py:188} INFO - Fetching page 82 for price category: dibawah-90-juta
[2024-09-04T22:06:02.681+0700] {logging_mixin.py:188} INFO - Fetching page 133 for price category: dibawah-70-juta
[2024-09-04T22:06:02.905+0700] {logging_mixin.py:188} INFO - Fetching page 83 for price category: dibawah-90-juta
[2024-09-04T22:06:03.093+0700] {logging_mixin.py:188} INFO - Fetching page 117 for price category: dibawah-80-juta
[2024-09-04T22:06:03.639+0700] {logging_mixin.py:188} INFO - Fetching page 118 for price category: dibawah-80-juta
[2024-09-04T22:06:03.670+0700] {logging_mixin.py:188} INFO - Fetching page 134 for price category: dibawah-70-juta
[2024-09-04T22:06:03.674+0700] {logging_mixin.py:188} INFO - Fetching page 135 for price category: dibawah-70-juta
[2024-09-04T22:06:04.061+0700] {logging_mixin.py:188} INFO - Fetching page 136 for price category: dibawah-70-juta
[2024-09-04T22:06:04.104+0700] {logging_mixin.py:188} INFO - Fetching page 119 for price category: dibawah-80-juta
[2024-09-04T22:06:04.171+0700] {logging_mixin.py:188} INFO - Fetching page 84 for price category: dibawah-90-juta
[2024-09-04T22:06:04.237+0700] {logging_mixin.py:188} INFO - Fetching page 120 for price category: dibawah-80-juta
[2024-09-04T22:06:04.307+0700] {logging_mixin.py:188} INFO - Fetching page 85 for price category: dibawah-90-juta
[2024-09-04T22:06:04.324+0700] {logging_mixin.py:188} INFO - Fetching page 137 for price category: dibawah-70-juta
[2024-09-04T22:06:04.364+0700] {logging_mixin.py:188} INFO - Fetching page 86 for price category: dibawah-90-juta
[2024-09-04T22:06:04.392+0700] {logging_mixin.py:188} INFO - Fetching page 87 for price category: dibawah-90-juta
[2024-09-04T22:06:04.450+0700] {logging_mixin.py:188} INFO - Fetching page 138 for price category: dibawah-70-juta
[2024-09-04T22:06:04.670+0700] {logging_mixin.py:188} INFO - Fetching page 121 for price category: dibawah-80-juta
[2024-09-04T22:06:04.755+0700] {logging_mixin.py:188} INFO - Fetching page 139 for price category: dibawah-70-juta
[2024-09-04T22:06:04.811+0700] {logging_mixin.py:188} INFO - Fetching page 122 for price category: dibawah-80-juta
[2024-09-04T22:06:04.843+0700] {logging_mixin.py:188} INFO - Fetching page 123 for price category: dibawah-80-juta
[2024-09-04T22:06:04.921+0700] {logging_mixin.py:188} INFO - Fetching page 140 for price category: dibawah-70-juta
[2024-09-04T22:06:05.421+0700] {logging_mixin.py:188} INFO - Fetching page 141 for price category: dibawah-70-juta
[2024-09-04T22:06:05.429+0700] {logging_mixin.py:188} INFO - Fetching page 89 for price category: dibawah-90-juta
[2024-09-04T22:06:05.431+0700] {logging_mixin.py:188} INFO - Fetching page 90 for price category: dibawah-90-juta
[2024-09-04T22:06:05.432+0700] {logging_mixin.py:188} INFO - Fetching page 88 for price category: dibawah-90-juta
[2024-09-04T22:06:05.454+0700] {logging_mixin.py:188} INFO - Fetching page 91 for price category: dibawah-90-juta
[2024-09-04T22:06:05.456+0700] {logging_mixin.py:188} INFO - Fetching page 124 for price category: dibawah-80-juta
[2024-09-04T22:06:05.510+0700] {logging_mixin.py:188} INFO - Fetching page 142 for price category: dibawah-70-juta
[2024-09-04T22:06:06.022+0700] {logging_mixin.py:188} INFO - Fetching page 125 for price category: dibawah-80-juta
[2024-09-04T22:06:06.276+0700] {logging_mixin.py:188} INFO - Fetching page 143 for price category: dibawah-70-juta
[2024-09-04T22:06:06.309+0700] {logging_mixin.py:188} INFO - Fetching page 144 for price category: dibawah-70-juta
[2024-09-04T22:06:06.411+0700] {logging_mixin.py:188} INFO - Fetching page 126 for price category: dibawah-80-juta
[2024-09-04T22:06:06.423+0700] {logging_mixin.py:188} INFO - Fetching page 127 for price category: dibawah-80-juta
[2024-09-04T22:06:06.792+0700] {logging_mixin.py:188} INFO - Fetching page 92 for price category: dibawah-90-juta
[2024-09-04T22:06:06.842+0700] {logging_mixin.py:188} INFO - Fetching page 93 for price category: dibawah-90-juta
[2024-09-04T22:06:07.000+0700] {logging_mixin.py:188} INFO - Fetching page 145 for price category: dibawah-70-juta
[2024-09-04T22:06:07.037+0700] {logging_mixin.py:188} INFO - Fetching page 146 for price category: dibawah-70-juta
[2024-09-04T22:06:07.055+0700] {logging_mixin.py:188} INFO - Fetching page 128 for price category: dibawah-80-juta
[2024-09-04T22:06:07.069+0700] {logging_mixin.py:188} INFO - Fetching page 94 for price category: dibawah-90-juta
[2024-09-04T22:06:07.135+0700] {logging_mixin.py:188} INFO - Fetching page 95 for price category: dibawah-90-juta
[2024-09-04T22:06:07.371+0700] {logging_mixin.py:188} INFO - Fetching page 147 for price category: dibawah-70-juta
[2024-09-04T22:06:07.751+0700] {logging_mixin.py:188} INFO - Fetching page 129 for price category: dibawah-80-juta
[2024-09-04T22:06:07.753+0700] {logging_mixin.py:188} INFO - Fetching page 130 for price category: dibawah-80-juta
[2024-09-04T22:06:07.823+0700] {logging_mixin.py:188} INFO - Fetching page 148 for price category: dibawah-70-juta
[2024-09-04T22:06:07.853+0700] {logging_mixin.py:188} INFO - Fetching page 131 for price category: dibawah-80-juta
[2024-09-04T22:06:08.293+0700] {logging_mixin.py:188} INFO - Fetching page 149 for price category: dibawah-70-juta
[2024-09-04T22:06:08.552+0700] {logging_mixin.py:188} INFO - Fetching page 96 for price category: dibawah-90-juta
[2024-09-04T22:06:08.723+0700] {logging_mixin.py:188} INFO - Fetching page 97 for price category: dibawah-90-juta
[2024-09-04T22:06:08.765+0700] {logging_mixin.py:188} INFO - Fetching page 132 for price category: dibawah-80-juta
[2024-09-04T22:06:08.785+0700] {logging_mixin.py:188} INFO - Fetching page 150 for price category: dibawah-70-juta
[2024-09-04T22:06:08.961+0700] {logging_mixin.py:188} INFO - Fetching page 98 for price category: dibawah-90-juta
[2024-09-04T22:06:09.000+0700] {logging_mixin.py:188} INFO - Fetching page 151 for price category: dibawah-70-juta
[2024-09-04T22:06:09.008+0700] {logging_mixin.py:188} INFO - Fetching page 99 for price category: dibawah-90-juta
[2024-09-04T22:06:09.083+0700] {logging_mixin.py:188} INFO - Fetching page 152 for price category: dibawah-70-juta
[2024-09-04T22:06:09.358+0700] {logging_mixin.py:188} INFO - Fetching page 133 for price category: dibawah-80-juta
[2024-09-04T22:06:09.387+0700] {logging_mixin.py:188} INFO - Fetching page 134 for price category: dibawah-80-juta
[2024-09-04T22:06:09.429+0700] {logging_mixin.py:188} INFO - Fetching page 135 for price category: dibawah-80-juta
[2024-09-04T22:06:09.617+0700] {logging_mixin.py:188} INFO - Fetching page 100 for price category: dibawah-90-juta
[2024-09-04T22:06:09.706+0700] {logging_mixin.py:188} INFO - Fetching page 101 for price category: dibawah-90-juta
[2024-09-04T22:06:09.719+0700] {logging_mixin.py:188} INFO - Fetching page 153 for price category: dibawah-70-juta
[2024-09-04T22:06:09.892+0700] {logging_mixin.py:188} INFO - Fetching page 102 for price category: dibawah-90-juta
[2024-09-04T22:06:09.932+0700] {logging_mixin.py:188} INFO - Fetching page 103 for price category: dibawah-90-juta
[2024-09-04T22:06:10.303+0700] {logging_mixin.py:188} INFO - Fetching page 136 for price category: dibawah-80-juta
[2024-09-04T22:06:10.323+0700] {logging_mixin.py:188} INFO - Fetching page 154 for price category: dibawah-70-juta
[2024-09-04T22:06:10.580+0700] {logging_mixin.py:188} INFO - Fetching page 155 for price category: dibawah-70-juta
[2024-09-04T22:06:10.599+0700] {logging_mixin.py:188} INFO - Fetching page 156 for price category: dibawah-70-juta
[2024-09-04T22:06:10.694+0700] {logging_mixin.py:188} INFO - Fetching page 137 for price category: dibawah-80-juta
[2024-09-04T22:06:10.931+0700] {logging_mixin.py:188} INFO - Fetching page 104 for price category: dibawah-90-juta
[2024-09-04T22:06:11.113+0700] {logging_mixin.py:188} INFO - Fetching page 138 for price category: dibawah-80-juta
[2024-09-04T22:06:11.135+0700] {logging_mixin.py:188} INFO - Fetching page 139 for price category: dibawah-80-juta
[2024-09-04T22:06:11.238+0700] {logging_mixin.py:188} INFO - Fetching page 140 for price category: dibawah-80-juta
[2024-09-04T22:06:11.307+0700] {logging_mixin.py:188} INFO - Fetching page 157 for price category: dibawah-70-juta
[2024-09-04T22:06:11.325+0700] {logging_mixin.py:188} INFO - Fetching page 105 for price category: dibawah-90-juta
[2024-09-04T22:06:11.573+0700] {logging_mixin.py:188} INFO - Fetching page 106 for price category: dibawah-90-juta
[2024-09-04T22:06:11.829+0700] {logging_mixin.py:188} INFO - Fetching page 158 for price category: dibawah-70-juta
[2024-09-04T22:06:11.884+0700] {logging_mixin.py:188} INFO - Fetching page 159 for price category: dibawah-70-juta
[2024-09-04T22:06:11.887+0700] {logging_mixin.py:188} INFO - Fetching page 141 for price category: dibawah-80-juta
[2024-09-04T22:06:11.895+0700] {logging_mixin.py:188} INFO - Fetching page 107 for price category: dibawah-90-juta
[2024-09-04T22:06:11.922+0700] {logging_mixin.py:188} INFO - Fetching page 160 for price category: dibawah-70-juta
[2024-09-04T22:06:11.932+0700] {logging_mixin.py:188} INFO - Fetching page 108 for price category: dibawah-90-juta
[2024-09-04T22:06:11.998+0700] {logging_mixin.py:188} INFO - Fetching page 142 for price category: dibawah-80-juta
[2024-09-04T22:06:12.066+0700] {logging_mixin.py:188} INFO - Fetching page 143 for price category: dibawah-80-juta
[2024-09-04T22:06:12.538+0700] {logging_mixin.py:188} INFO - Fetching page 144 for price category: dibawah-80-juta
[2024-09-04T22:06:12.592+0700] {logging_mixin.py:188} INFO - Fetching page 161 for price category: dibawah-70-juta
[2024-09-04T22:06:12.696+0700] {logging_mixin.py:188} INFO - Fetching page 109 for price category: dibawah-90-juta
[2024-09-04T22:06:12.785+0700] {logging_mixin.py:188} INFO - Fetching page 145 for price category: dibawah-80-juta
[2024-09-04T22:06:12.796+0700] {logging_mixin.py:188} INFO - Fetching page 110 for price category: dibawah-90-juta
[2024-09-04T22:06:12.936+0700] {logging_mixin.py:188} INFO - Fetching page 111 for price category: dibawah-90-juta
[2024-09-04T22:06:12.956+0700] {logging_mixin.py:188} INFO - Fetching page 162 for price category: dibawah-70-juta
[2024-09-04T22:06:12.976+0700] {logging_mixin.py:188} INFO - Fetching page 163 for price category: dibawah-70-juta
[2024-09-04T22:06:13.250+0700] {logging_mixin.py:188} INFO - Fetching page 164 for price category: dibawah-70-juta
[2024-09-04T22:06:13.281+0700] {logging_mixin.py:188} INFO - Fetching page 112 for price category: dibawah-90-juta
[2024-09-04T22:06:13.333+0700] {logging_mixin.py:188} INFO - Fetching page 146 for price category: dibawah-80-juta
[2024-09-04T22:06:13.417+0700] {logging_mixin.py:188} INFO - Fetching page 147 for price category: dibawah-80-juta
[2024-09-04T22:06:13.517+0700] {logging_mixin.py:188} INFO - Fetching page 148 for price category: dibawah-80-juta
[2024-09-04T22:06:13.536+0700] {logging_mixin.py:188} INFO - Fetching page 165 for price category: dibawah-70-juta
[2024-09-04T22:06:13.545+0700] {logging_mixin.py:188} INFO - Fetching page 113 for price category: dibawah-90-juta
[2024-09-04T22:06:13.593+0700] {logging_mixin.py:188} INFO - Fetching page 114 for price category: dibawah-90-juta
[2024-09-04T22:06:13.676+0700] {logging_mixin.py:188} INFO - Fetching page 149 for price category: dibawah-80-juta
[2024-09-04T22:06:13.678+0700] {logging_mixin.py:188} INFO - Fetching page 115 for price category: dibawah-90-juta
[2024-09-04T22:06:14.137+0700] {logging_mixin.py:188} INFO - Fetching page 116 for price category: dibawah-90-juta
[2024-09-04T22:06:14.158+0700] {logging_mixin.py:188} INFO - Fetching page 166 for price category: dibawah-70-juta
[2024-09-04T22:06:14.173+0700] {logging_mixin.py:188} INFO - Fetching page 167 for price category: dibawah-70-juta
[2024-09-04T22:06:14.239+0700] {logging_mixin.py:188} INFO - Fetching page 150 for price category: dibawah-80-juta
[2024-09-04T22:06:14.548+0700] {logging_mixin.py:188} INFO - Fetching page 151 for price category: dibawah-80-juta
[2024-09-04T22:06:14.627+0700] {logging_mixin.py:188} INFO - Fetching page 168 for price category: dibawah-70-juta
[2024-09-04T22:06:14.645+0700] {logging_mixin.py:188} INFO - Fetching page 152 for price category: dibawah-80-juta
[2024-09-04T22:06:14.723+0700] {logging_mixin.py:188} INFO - Fetching page 117 for price category: dibawah-90-juta
[2024-09-04T22:06:14.862+0700] {logging_mixin.py:188} INFO - Fetching page 153 for price category: dibawah-80-juta
[2024-09-04T22:06:14.874+0700] {logging_mixin.py:188} INFO - Fetching page 118 for price category: dibawah-90-juta
[2024-09-04T22:06:15.052+0700] {logging_mixin.py:188} INFO - Fetching page 169 for price category: dibawah-70-juta
[2024-09-04T22:06:15.076+0700] {logging_mixin.py:188} INFO - Fetching page 119 for price category: dibawah-90-juta
[2024-09-04T22:06:15.195+0700] {logging_mixin.py:188} INFO - Fetching page 170 for price category: dibawah-70-juta
[2024-09-04T22:06:15.321+0700] {logging_mixin.py:188} INFO - Fetching page 171 for price category: dibawah-70-juta
[2024-09-04T22:06:15.345+0700] {logging_mixin.py:188} INFO - Fetching page 154 for price category: dibawah-80-juta
[2024-09-04T22:06:15.377+0700] {logging_mixin.py:188} INFO - Fetching page 120 for price category: dibawah-90-juta
[2024-09-04T22:06:15.436+0700] {logging_mixin.py:188} INFO - Fetching page 155 for price category: dibawah-80-juta
[2024-09-04T22:06:15.487+0700] {logging_mixin.py:188} INFO - Fetching page 172 for price category: dibawah-70-juta
[2024-09-04T22:06:15.507+0700] {logging_mixin.py:188} INFO - Fetching page 121 for price category: dibawah-90-juta
[2024-09-04T22:06:15.574+0700] {logging_mixin.py:188} INFO - Fetching page 156 for price category: dibawah-80-juta
[2024-09-04T22:06:15.622+0700] {logging_mixin.py:188} INFO - Fetching page 122 for price category: dibawah-90-juta
[2024-09-04T22:06:15.732+0700] {logging_mixin.py:188} INFO - Fetching page 157 for price category: dibawah-80-juta
[2024-09-04T22:06:15.789+0700] {logging_mixin.py:188} INFO - Fetching page 173 for price category: dibawah-70-juta
[2024-09-04T22:06:16.086+0700] {logging_mixin.py:188} INFO - Fetching page 123 for price category: dibawah-90-juta
[2024-09-04T22:06:16.232+0700] {logging_mixin.py:188} INFO - Fetching page 124 for price category: dibawah-90-juta
[2024-09-04T22:06:16.244+0700] {logging_mixin.py:188} INFO - Fetching page 174 for price category: dibawah-70-juta
[2024-09-04T22:06:16.247+0700] {logging_mixin.py:188} INFO - Fetching page 175 for price category: dibawah-70-juta
[2024-09-04T22:06:16.339+0700] {logging_mixin.py:188} INFO - Fetching page 158 for price category: dibawah-80-juta
[2024-09-04T22:06:16.534+0700] {logging_mixin.py:188} INFO - Fetching page 159 for price category: dibawah-80-juta
[2024-09-04T22:06:16.551+0700] {logging_mixin.py:188} INFO - Fetching page 176 for price category: dibawah-70-juta
[2024-09-04T22:06:16.567+0700] {logging_mixin.py:188} INFO - Fetching page 125 for price category: dibawah-90-juta
[2024-09-04T22:06:16.602+0700] {logging_mixin.py:188} INFO - Fetching page 126 for price category: dibawah-90-juta
[2024-09-04T22:06:16.652+0700] {logging_mixin.py:188} INFO - Fetching page 177 for price category: dibawah-70-juta
[2024-09-04T22:06:16.717+0700] {logging_mixin.py:188} INFO - Fetching page 160 for price category: dibawah-80-juta
[2024-09-04T22:06:16.752+0700] {logging_mixin.py:188} INFO - Fetching page 161 for price category: dibawah-80-juta
[2024-09-04T22:06:17.269+0700] {logging_mixin.py:188} INFO - Fetching page 178 for price category: dibawah-70-juta
[2024-09-04T22:06:17.333+0700] {logging_mixin.py:188} INFO - Fetching page 127 for price category: dibawah-90-juta
[2024-09-04T22:06:17.341+0700] {logging_mixin.py:188} INFO - Fetching page 179 for price category: dibawah-70-juta
[2024-09-04T22:06:17.352+0700] {logging_mixin.py:188} INFO - Fetching page 128 for price category: dibawah-90-juta
[2024-09-04T22:06:17.404+0700] {logging_mixin.py:188} INFO - Fetching page 162 for price category: dibawah-80-juta
[2024-09-04T22:06:17.770+0700] {logging_mixin.py:188} INFO - Fetching page 180 for price category: dibawah-70-juta
[2024-09-04T22:06:17.786+0700] {logging_mixin.py:188} INFO - Fetching page 163 for price category: dibawah-80-juta
[2024-09-04T22:06:17.812+0700] {logging_mixin.py:188} INFO - Fetching page 164 for price category: dibawah-80-juta
[2024-09-04T22:06:17.967+0700] {logging_mixin.py:188} INFO - Fetching page 129 for price category: dibawah-90-juta
[2024-09-04T22:06:17.969+0700] {logging_mixin.py:188} INFO - Fetching page 165 for price category: dibawah-80-juta
[2024-09-04T22:06:17.978+0700] {logging_mixin.py:188} INFO - Fetching page 181 for price category: dibawah-70-juta
[2024-09-04T22:06:17.985+0700] {logging_mixin.py:188} INFO - Fetching page 130 for price category: dibawah-90-juta
[2024-09-04T22:06:18.432+0700] {logging_mixin.py:188} INFO - Fetching page 182 for price category: dibawah-70-juta
[2024-09-04T22:06:18.442+0700] {logging_mixin.py:188} INFO - Fetching page 183 for price category: dibawah-70-juta
[2024-09-04T22:06:19.381+0700] {logging_mixin.py:188} INFO - Fetching page 166 for price category: dibawah-80-juta
[2024-09-04T22:06:19.773+0700] {logging_mixin.py:188} INFO - Fetching page 131 for price category: dibawah-90-juta
[2024-09-04T22:06:19.968+0700] {logging_mixin.py:188} INFO - Fetching page 132 for price category: dibawah-90-juta
[2024-09-04T22:06:20.210+0700] {logging_mixin.py:188} INFO - Fetching page 167 for price category: dibawah-80-juta
[2024-09-04T22:06:20.231+0700] {logging_mixin.py:188} INFO - Fetching page 168 for price category: dibawah-80-juta
[2024-09-04T22:06:20.412+0700] {logging_mixin.py:188} INFO - Fetching page 184 for price category: dibawah-70-juta
[2024-09-04T22:06:20.468+0700] {logging_mixin.py:188} INFO - Fetching page 133 for price category: dibawah-90-juta
[2024-09-04T22:06:20.475+0700] {logging_mixin.py:188} INFO - Fetching page 185 for price category: dibawah-70-juta
[2024-09-04T22:06:20.606+0700] {logging_mixin.py:188} INFO - Fetching page 134 for price category: dibawah-90-juta
[2024-09-04T22:06:20.677+0700] {logging_mixin.py:188} INFO - Fetching page 169 for price category: dibawah-80-juta
[2024-09-04T22:06:20.697+0700] {logging_mixin.py:188} INFO - Fetching page 186 for price category: dibawah-70-juta
[2024-09-04T22:06:20.990+0700] {logging_mixin.py:188} INFO - Fetching page 187 for price category: dibawah-70-juta
[2024-09-04T22:06:21.067+0700] {logging_mixin.py:188} INFO - Fetching page 170 for price category: dibawah-80-juta
[2024-09-04T22:06:21.307+0700] {logging_mixin.py:188} INFO - Fetching page 135 for price category: dibawah-90-juta
[2024-09-04T22:06:21.375+0700] {logging_mixin.py:188} INFO - Fetching page 136 for price category: dibawah-90-juta
[2024-09-04T22:06:21.378+0700] {logging_mixin.py:188} INFO - Fetching page 171 for price category: dibawah-80-juta
[2024-09-04T22:06:21.397+0700] {logging_mixin.py:188} INFO - Fetching page 172 for price category: dibawah-80-juta
[2024-09-04T22:06:21.574+0700] {logging_mixin.py:188} INFO - Fetching page 173 for price category: dibawah-80-juta
[2024-09-04T22:06:21.720+0700] {logging_mixin.py:188} INFO - Fetching page 188 for price category: dibawah-70-juta
[2024-09-04T22:06:21.722+0700] {logging_mixin.py:188} INFO - Fetching page 137 for price category: dibawah-90-juta
[2024-09-04T22:06:21.804+0700] {logging_mixin.py:188} INFO - Fetching page 138 for price category: dibawah-90-juta
[2024-09-04T22:06:21.842+0700] {logging_mixin.py:188} INFO - Fetching page 189 for price category: dibawah-70-juta
[2024-09-04T22:06:22.046+0700] {logging_mixin.py:188} INFO - Fetching page 190 for price category: dibawah-70-juta
[2024-09-04T22:06:22.178+0700] {logging_mixin.py:188} INFO - Fetching page 191 for price category: dibawah-70-juta
[2024-09-04T22:06:22.232+0700] {logging_mixin.py:188} INFO - Fetching page 139 for price category: dibawah-90-juta
[2024-09-04T22:06:22.253+0700] {logging_mixin.py:188} INFO - Fetching page 174 for price category: dibawah-80-juta
[2024-09-04T22:06:22.321+0700] {logging_mixin.py:188} INFO - Fetching page 175 for price category: dibawah-80-juta
[2024-09-04T22:06:22.579+0700] {logging_mixin.py:188} INFO - Fetching page 176 for price category: dibawah-80-juta
[2024-09-04T22:06:22.593+0700] {logging_mixin.py:188} INFO - Fetching page 140 for price category: dibawah-90-juta
[2024-09-04T22:06:23.297+0700] {logging_mixin.py:188} INFO - Fetching page 141 for price category: dibawah-90-juta
[2024-09-04T22:06:23.300+0700] {logging_mixin.py:188} INFO - Fetching page 192 for price category: dibawah-70-juta
[2024-09-04T22:06:23.369+0700] {logging_mixin.py:188} INFO - Fetching page 193 for price category: dibawah-70-juta
[2024-09-04T22:06:23.442+0700] {logging_mixin.py:188} INFO - Fetching page 194 for price category: dibawah-70-juta
[2024-09-04T22:06:23.463+0700] {logging_mixin.py:188} INFO - Fetching page 142 for price category: dibawah-90-juta
[2024-09-04T22:06:23.507+0700] {logging_mixin.py:188} INFO - Fetching page 143 for price category: dibawah-90-juta
[2024-09-04T22:06:23.573+0700] {logging_mixin.py:188} INFO - Fetching page 195 for price category: dibawah-70-juta
[2024-09-04T22:06:23.582+0700] {logging_mixin.py:188} INFO - Fetching page 177 for price category: dibawah-80-juta
[2024-09-04T22:06:23.612+0700] {logging_mixin.py:188} INFO - Fetching page 178 for price category: dibawah-80-juta
[2024-09-04T22:06:23.676+0700] {logging_mixin.py:188} INFO - Fetching page 179 for price category: dibawah-80-juta
[2024-09-04T22:06:23.857+0700] {local_task_job_runner.py:313} WARNING - State of this instance has been externally set to success. Terminating instance.
[2024-09-04T22:06:23.860+0700] {local_task_job_runner.py:222} INFO - ::endgroup::
[2024-09-04T22:06:23.866+0700] {process_utils.py:132} INFO - Sending 15 to group 3984. PIDs of all processes in the group: [3984]
[2024-09-04T22:06:23.867+0700] {process_utils.py:87} INFO - Sending the signal 15 to group 3984
[2024-09-04T22:06:23.873+0700] {taskinstance.py:2611} ERROR - Received SIGTERM. Terminating subprocesses.
[2024-09-04T22:06:23.903+0700] {logging_mixin.py:188} INFO - Fetching page 144 for price category: dibawah-90-juta
[2024-09-04T22:06:23.903+0700] {taskinstance.py:441} INFO - ::group::Post task execution logs
[2024-09-04T22:06:24.052+0700] {logging_mixin.py:188} INFO - Fetching page 180 for price category: dibawah-80-juta
[2024-09-04T22:06:24.202+0700] {process_utils.py:80} INFO - Process psutil.Process(pid=3984, status='terminated', exitcode=0, started='22:04:21') (3984) terminated with exit code 0
