[2024-08-20T08:12:45.182+0700] {local_task_job_runner.py:120} INFO - ::group::Pre task execution logs
[2024-08-20T08:12:47.014+0700] {taskinstance.py:2076} INFO - Dependencies all met for dep_context=non-requeueable deps ti=<TaskInstance: scrap_to_dag.scrape_oto scheduled__2024-08-18T00:00:00+00:00 [queued]>
[2024-08-20T08:12:47.081+0700] {taskinstance.py:2076} INFO - Dependencies all met for dep_context=requeueable deps ti=<TaskInstance: scrap_to_dag.scrape_oto scheduled__2024-08-18T00:00:00+00:00 [queued]>
[2024-08-20T08:12:47.082+0700] {taskinstance.py:2306} INFO - Starting attempt 5 of 5
[2024-08-20T08:12:47.211+0700] {taskinstance.py:2330} INFO - Executing <Task(PythonOperator): scrape_oto> on 2024-08-18 00:00:00+00:00
[2024-08-20T08:12:47.248+0700] {standard_task_runner.py:64} INFO - Started process 84246 to run task
[2024-08-20T08:12:47.260+0700] {standard_task_runner.py:90} INFO - Running: ['***', 'tasks', 'run', 'scrap_to_dag', 'scrape_oto', 'scheduled__2024-08-18T00:00:00+00:00', '--job-id', '48', '--raw', '--subdir', 'DAGS_FOLDER/oto/scrap_oto.py', '--cfg-path', '/tmp/tmp17i2ezz1']
[2024-08-20T08:12:47.301+0700] {standard_task_runner.py:91} INFO - Job 48: Subtask scrape_oto
[2024-08-20T08:12:48.479+0700] {task_command.py:426} INFO - Running <TaskInstance: scrap_to_dag.scrape_oto scheduled__2024-08-18T00:00:00+00:00 [running]> on host BrightHorizons.
[2024-08-20T08:12:49.361+0700] {taskinstance.py:2648} INFO - Exporting env vars: AIRFLOW_CTX_DAG_OWNER='***' AIRFLOW_CTX_DAG_ID='scrap_to_dag' AIRFLOW_CTX_TASK_ID='scrape_oto' AIRFLOW_CTX_EXECUTION_DATE='2024-08-18T00:00:00+00:00' AIRFLOW_CTX_TRY_NUMBER='5' AIRFLOW_CTX_DAG_RUN_ID='scheduled__2024-08-18T00:00:00+00:00'
[2024-08-20T08:12:49.364+0700] {taskinstance.py:430} INFO - ::endgroup::
[2024-08-20T08:12:49.492+0700] {logging_mixin.py:188} INFO - Fetching data for price category: dibawah-30-juta on date: 2024-08-20
[2024-08-20T08:12:50.456+0700] {logging_mixin.py:188} INFO - Fetching page 1 of 5 for price category: dibawah-30-juta
[2024-08-20T08:12:52.723+0700] {logging_mixin.py:188} INFO - Fetching page 2 of 5 for price category: dibawah-30-juta
[2024-08-20T08:12:57.697+0700] {local_task_job_runner.py:313} WARNING - State of this instance has been externally set to failed. Terminating instance.
[2024-08-20T08:12:57.699+0700] {local_task_job_runner.py:222} INFO - ::endgroup::
[2024-08-20T08:12:57.717+0700] {process_utils.py:132} INFO - Sending 15 to group 84246. PIDs of all processes in the group: [84246]
[2024-08-20T08:12:57.718+0700] {process_utils.py:87} INFO - Sending the signal 15 to group 84246
[2024-08-20T08:12:57.720+0700] {taskinstance.py:2611} ERROR - Received SIGTERM. Terminating subprocesses.
[2024-08-20T08:12:57.721+0700] {taskinstance.py:441} INFO - ::group::Post task execution logs
[2024-08-20T08:12:57.856+0700] {process_utils.py:80} INFO - Process psutil.Process(pid=84246, status='terminated', exitcode=0, started='08:12:46') (84246) terminated with exit code 0
