[2024-09-22T15:10:40.285+0700] {local_task_job_runner.py:120} INFO - ::group::Pre task execution logs
[2024-09-22T15:10:40.519+0700] {taskinstance.py:2076} INFO - Dependencies all met for dep_context=non-requeueable deps ti=<TaskInstance: scrap_mobil123.scrape_mobil123 scheduled__2024-09-06T00:00:00+00:00 [queued]>
[2024-09-22T15:10:40.530+0700] {taskinstance.py:2076} INFO - Dependencies all met for dep_context=requeueable deps ti=<TaskInstance: scrap_mobil123.scrape_mobil123 scheduled__2024-09-06T00:00:00+00:00 [queued]>
[2024-09-22T15:10:40.531+0700] {taskinstance.py:2306} INFO - Starting attempt 1 of 2
[2024-09-22T15:10:40.547+0700] {taskinstance.py:2330} INFO - Executing <Task(PythonOperator): scrape_mobil123> on 2024-09-06 00:00:00+00:00
[2024-09-22T15:10:40.552+0700] {standard_task_runner.py:64} INFO - Started process 242171 to run task
[2024-09-22T15:10:40.555+0700] {standard_task_runner.py:90} INFO - Running: ['***', 'tasks', 'run', 'scrap_mobil123', 'scrape_mobil123', 'scheduled__2024-09-06T00:00:00+00:00', '--job-id', '246', '--raw', '--subdir', 'DAGS_FOLDER/mobil123/scrap_mobil123.py', '--cfg-path', '/tmp/tmpum4aaekr']
[2024-09-22T15:10:40.557+0700] {standard_task_runner.py:91} INFO - Job 246: Subtask scrape_mobil123
[2024-09-22T15:10:40.621+0700] {task_command.py:426} INFO - Running <TaskInstance: scrap_mobil123.scrape_mobil123 scheduled__2024-09-06T00:00:00+00:00 [running]> on host BrightHorizons.
[2024-09-22T15:10:40.740+0700] {taskinstance.py:2648} INFO - Exporting env vars: AIRFLOW_CTX_DAG_OWNER='***' AIRFLOW_CTX_DAG_ID='scrap_mobil123' AIRFLOW_CTX_TASK_ID='scrape_mobil123' AIRFLOW_CTX_EXECUTION_DATE='2024-09-06T00:00:00+00:00' AIRFLOW_CTX_TRY_NUMBER='1' AIRFLOW_CTX_DAG_RUN_ID='scheduled__2024-09-06T00:00:00+00:00'
[2024-09-22T15:10:40.742+0700] {taskinstance.py:430} INFO - ::endgroup::
[2024-09-22T15:10:42.116+0700] {logging_mixin.py:188} INFO - Fetching page 1 of 3 for price category: dibawah 40 Juta
[2024-09-22T15:10:43.733+0700] {logging_mixin.py:188} INFO - Fetching page 1 of 3 for price category: dibawah 50 Juta
[2024-09-22T15:10:44.391+0700] {logging_mixin.py:188} INFO - Fetching page 1 of 5 for price category: dibawah 60 Juta
[2024-09-22T15:10:44.444+0700] {logging_mixin.py:188} INFO - Fetching page 1 of 2 for price category: dibawah 30 Juta
[2024-09-22T15:10:44.746+0700] {logging_mixin.py:188} INFO - Sleeping for 2.12 seconds...
[2024-09-22T15:10:45.187+0700] {logging_mixin.py:188} INFO - Sleeping for 2.74 seconds...
[2024-09-22T15:10:45.789+0700] {logging_mixin.py:188} INFO - Sleeping for 1.68 seconds...
[2024-09-22T15:10:45.856+0700] {logging_mixin.py:188} INFO - Sleeping for 2.51 seconds...
[2024-09-22T15:10:46.871+0700] {logging_mixin.py:188} INFO - Fetching page 2 of 3 for price category: dibawah 40 Juta
[2024-09-22T15:10:47.478+0700] {logging_mixin.py:188} INFO - Fetching page 2 of 5 for price category: dibawah 60 Juta
[2024-09-22T15:10:47.942+0700] {logging_mixin.py:188} INFO - Fetching page 2 of 3 for price category: dibawah 50 Juta
[2024-09-22T15:10:48.157+0700] {logging_mixin.py:188} INFO - Sleeping for 2.01 seconds...
[2024-09-22T15:10:48.368+0700] {logging_mixin.py:188} INFO - Fetching page 2 of 2 for price category: dibawah 30 Juta
[2024-09-22T15:10:48.599+0700] {logging_mixin.py:188} INFO - Sleeping for 2.23 seconds...
[2024-09-22T15:10:48.963+0700] {logging_mixin.py:188} INFO - Sleeping for 2.60 seconds...
[2024-09-22T15:10:49.553+0700] {logging_mixin.py:188} INFO - Sleeping for 2.44 seconds...
[2024-09-22T15:10:50.171+0700] {logging_mixin.py:188} INFO - Fetching page 3 of 3 for price category: dibawah 40 Juta
[2024-09-22T15:10:50.830+0700] {logging_mixin.py:188} INFO - Fetching page 3 of 5 for price category: dibawah 60 Juta
[2024-09-22T15:10:51.168+0700] {logging_mixin.py:188} INFO - Sleeping for 2.47 seconds...
[2024-09-22T15:10:51.565+0700] {logging_mixin.py:188} INFO - Fetching page 3 of 3 for price category: dibawah 50 Juta
[2024-09-22T15:10:51.994+0700] {logging_mixin.py:188} INFO - Data for price category dibawah 30 Juta written to /home/miracle/mobil/scrape/output/mobil123/2024-09-22/mobil123_dibawah 30 Juta_2024-09-22.csv
[2024-09-22T15:10:52.294+0700] {logging_mixin.py:188} INFO - Sleeping for 2.48 seconds...
[2024-09-22T15:10:53.515+0700] {logging_mixin.py:188} INFO - Sleeping for 2.34 seconds...
[2024-09-22T15:10:53.900+0700] {logging_mixin.py:188} INFO - Data for price category dibawah 40 Juta written to /home/miracle/mobil/scrape/output/mobil123/2024-09-22/mobil123_dibawah 40 Juta_2024-09-22.csv
[2024-09-22T15:10:54.074+0700] {logging_mixin.py:188} INFO - Fetching page 1 of 8 for price category: dibawah 70 Juta
[2024-09-22T15:10:54.778+0700] {logging_mixin.py:188} INFO - Fetching page 4 of 5 for price category: dibawah 60 Juta
[2024-09-22T15:10:55.629+0700] {logging_mixin.py:188} INFO - Sleeping for 1.57 seconds...
[2024-09-22T15:10:56.011+0700] {logging_mixin.py:188} INFO - Data for price category dibawah 50 Juta written to /home/miracle/mobil/scrape/output/mobil123/2024-09-22/mobil123_dibawah 50 Juta_2024-09-22.csv
[2024-09-22T15:10:56.049+0700] {logging_mixin.py:188} INFO - Fetching page 1 of 20 for price category: dibawah 80 Juta
[2024-09-22T15:10:56.887+0700] {logging_mixin.py:188} INFO - Sleeping for 2.27 seconds...
[2024-09-22T15:10:57.198+0700] {logging_mixin.py:188} INFO - Fetching page 2 of 8 for price category: dibawah 70 Juta
[2024-09-22T15:10:57.218+0700] {logging_mixin.py:188} INFO - Sleeping for 1.50 seconds...
[2024-09-22T15:10:57.644+0700] {logging_mixin.py:188} INFO - Fetching page 1 of 34 for price category: dibawah 90 Juta
[2024-09-22T15:10:58.522+0700] {logging_mixin.py:188} INFO - Sleeping for 2.19 seconds...
[2024-09-22T15:10:58.728+0700] {logging_mixin.py:188} INFO - Fetching page 2 of 20 for price category: dibawah 80 Juta
[2024-09-22T15:10:58.883+0700] {logging_mixin.py:188} INFO - Sleeping for 1.82 seconds...
[2024-09-22T15:10:59.156+0700] {logging_mixin.py:188} INFO - Fetching page 5 of 5 for price category: dibawah 60 Juta
[2024-09-22T15:11:00.262+0700] {logging_mixin.py:188} INFO - Sleeping for 2.58 seconds...
[2024-09-22T15:11:00.398+0700] {logging_mixin.py:188} INFO - Sleeping for 2.12 seconds...
[2024-09-22T15:11:00.703+0700] {logging_mixin.py:188} INFO - Fetching page 2 of 34 for price category: dibawah 90 Juta
[2024-09-22T15:11:00.715+0700] {logging_mixin.py:188} INFO - Fetching page 3 of 8 for price category: dibawah 70 Juta
[2024-09-22T15:11:01.955+0700] {logging_mixin.py:188} INFO - Sleeping for 1.96 seconds...
[2024-09-22T15:11:02.203+0700] {logging_mixin.py:188} INFO - Sleeping for 1.87 seconds...
[2024-09-22T15:11:02.519+0700] {logging_mixin.py:188} INFO - Data for price category dibawah 60 Juta written to /home/miracle/mobil/scrape/output/mobil123/2024-09-22/mobil123_dibawah 60 Juta_2024-09-22.csv
[2024-09-22T15:11:02.850+0700] {logging_mixin.py:188} INFO - Fetching page 3 of 20 for price category: dibawah 80 Juta
[2024-09-22T15:11:04.111+0700] {logging_mixin.py:188} INFO - Fetching page 3 of 34 for price category: dibawah 90 Juta
[2024-09-22T15:11:04.111+0700] {logging_mixin.py:188} INFO - Fetching page 4 of 8 for price category: dibawah 70 Juta
[2024-09-22T15:11:04.356+0700] {logging_mixin.py:188} INFO - Sleeping for 2.89 seconds...
[2024-09-22T15:11:05.836+0700] {logging_mixin.py:188} INFO - Sleeping for 2.31 seconds...
[2024-09-22T15:11:06.352+0700] {logging_mixin.py:188} INFO - Sleeping for 1.52 seconds...
[2024-09-22T15:11:07.251+0700] {logging_mixin.py:188} INFO - Fetching page 4 of 20 for price category: dibawah 80 Juta
[2024-09-22T15:11:07.877+0700] {logging_mixin.py:188} INFO - Fetching page 4 of 34 for price category: dibawah 90 Juta
[2024-09-22T15:11:08.151+0700] {logging_mixin.py:188} INFO - Fetching page 5 of 8 for price category: dibawah 70 Juta
[2024-09-22T15:11:08.271+0700] {logging_mixin.py:188} INFO - Sleeping for 2.65 seconds...
[2024-09-22T15:11:09.186+0700] {logging_mixin.py:188} INFO - Sleeping for 2.04 seconds...
[2024-09-22T15:11:10.103+0700] {logging_mixin.py:188} INFO - Sleeping for 1.68 seconds...
[2024-09-22T15:11:10.927+0700] {logging_mixin.py:188} INFO - Fetching page 5 of 20 for price category: dibawah 80 Juta
[2024-09-22T15:11:11.232+0700] {logging_mixin.py:188} INFO - Fetching page 5 of 34 for price category: dibawah 90 Juta
[2024-09-22T15:11:11.789+0700] {logging_mixin.py:188} INFO - Fetching page 6 of 8 for price category: dibawah 70 Juta
[2024-09-22T15:11:11.882+0700] {logging_mixin.py:188} INFO - Sleeping for 2.27 seconds...
[2024-09-22T15:11:12.445+0700] {logging_mixin.py:188} INFO - Sleeping for 2.43 seconds...
[2024-09-22T15:11:13.383+0700] {logging_mixin.py:188} INFO - Sleeping for 1.79 seconds...
[2024-09-22T15:11:14.152+0700] {logging_mixin.py:188} INFO - Fetching page 6 of 20 for price category: dibawah 80 Juta
[2024-09-22T15:11:14.879+0700] {logging_mixin.py:188} INFO - Fetching page 6 of 34 for price category: dibawah 90 Juta
[2024-09-22T15:11:15.173+0700] {logging_mixin.py:188} INFO - Fetching page 7 of 8 for price category: dibawah 70 Juta
[2024-09-22T15:11:15.434+0700] {logging_mixin.py:188} INFO - Sleeping for 2.79 seconds...
[2024-09-22T15:11:15.790+0700] {logging_mixin.py:188} INFO - Sleeping for 2.86 seconds...
[2024-09-22T15:11:16.406+0700] {logging_mixin.py:188} INFO - Sleeping for 2.44 seconds...
[2024-09-22T15:11:18.228+0700] {logging_mixin.py:188} INFO - Fetching page 7 of 20 for price category: dibawah 80 Juta
[2024-09-22T15:11:18.654+0700] {logging_mixin.py:188} INFO - Fetching page 7 of 34 for price category: dibawah 90 Juta
[2024-09-22T15:11:18.849+0700] {logging_mixin.py:188} INFO - Fetching page 8 of 8 for price category: dibawah 70 Juta
[2024-09-22T15:11:19.127+0700] {logging_mixin.py:188} INFO - Sleeping for 2.87 seconds...
[2024-09-22T15:11:19.793+0700] {logging_mixin.py:188} INFO - Sleeping for 2.59 seconds...
[2024-09-22T15:11:19.942+0700] {logging_mixin.py:188} INFO - Sleeping for 2.08 seconds...
[2024-09-22T15:11:22.000+0700] {logging_mixin.py:188} INFO - Fetching page 8 of 20 for price category: dibawah 80 Juta
[2024-09-22T15:11:22.027+0700] {logging_mixin.py:188} INFO - Data for price category dibawah 70 Juta written to /home/miracle/mobil/scrape/output/mobil123/2024-09-22/mobil123_dibawah 70 Juta_2024-09-22.csv
[2024-09-22T15:11:22.388+0700] {logging_mixin.py:188} INFO - Fetching page 8 of 34 for price category: dibawah 90 Juta
[2024-09-22T15:11:24.300+0700] {logging_mixin.py:188} INFO - Sleeping for 2.07 seconds...
[2024-09-22T15:11:24.680+0700] {logging_mixin.py:188} INFO - Sleeping for 2.08 seconds...
[2024-09-22T15:11:26.383+0700] {logging_mixin.py:188} INFO - Fetching page 9 of 34 for price category: dibawah 90 Juta
[2024-09-22T15:11:26.768+0700] {logging_mixin.py:188} INFO - Fetching page 9 of 20 for price category: dibawah 80 Juta
[2024-09-22T15:11:27.746+0700] {logging_mixin.py:188} INFO - Sleeping for 2.50 seconds...
[2024-09-22T15:11:28.472+0700] {logging_mixin.py:188} INFO - Sleeping for 2.93 seconds...
[2024-09-22T15:11:30.249+0700] {logging_mixin.py:188} INFO - Fetching page 10 of 34 for price category: dibawah 90 Juta
[2024-09-22T15:11:31.410+0700] {logging_mixin.py:188} INFO - Fetching page 10 of 20 for price category: dibawah 80 Juta
[2024-09-22T15:11:31.555+0700] {logging_mixin.py:188} INFO - Sleeping for 1.63 seconds...
[2024-09-22T15:11:32.482+0700] {logging_mixin.py:188} INFO - Sleeping for 1.81 seconds...
[2024-09-22T15:11:33.183+0700] {logging_mixin.py:188} INFO - Fetching page 11 of 34 for price category: dibawah 90 Juta
[2024-09-22T15:11:34.297+0700] {logging_mixin.py:188} INFO - Fetching page 11 of 20 for price category: dibawah 80 Juta
[2024-09-22T15:11:34.517+0700] {logging_mixin.py:188} INFO - Sleeping for 1.67 seconds...
[2024-09-22T15:11:35.414+0700] {logging_mixin.py:188} INFO - Sleeping for 1.51 seconds...
[2024-09-22T15:11:36.193+0700] {logging_mixin.py:188} INFO - Fetching page 12 of 34 for price category: dibawah 90 Juta
[2024-09-22T15:11:36.930+0700] {logging_mixin.py:188} INFO - Fetching page 12 of 20 for price category: dibawah 80 Juta
[2024-09-22T15:11:37.448+0700] {logging_mixin.py:188} INFO - Sleeping for 2.10 seconds...
[2024-09-22T15:11:38.111+0700] {logging_mixin.py:188} INFO - Sleeping for 2.14 seconds...
[2024-09-22T15:11:39.554+0700] {logging_mixin.py:188} INFO - Fetching page 13 of 34 for price category: dibawah 90 Juta
[2024-09-22T15:11:40.254+0700] {logging_mixin.py:188} INFO - Fetching page 13 of 20 for price category: dibawah 80 Juta
[2024-09-22T15:11:40.788+0700] {logging_mixin.py:188} INFO - Sleeping for 2.72 seconds...
[2024-09-22T15:11:41.262+0700] {logging_mixin.py:188} INFO - Sleeping for 2.26 seconds...
[2024-09-22T15:11:43.512+0700] {logging_mixin.py:188} INFO - Fetching page 14 of 34 for price category: dibawah 90 Juta
[2024-09-22T15:11:43.528+0700] {logging_mixin.py:188} INFO - Fetching page 14 of 20 for price category: dibawah 80 Juta
[2024-09-22T15:11:44.597+0700] {logging_mixin.py:188} INFO - Sleeping for 1.75 seconds...
[2024-09-22T15:11:46.349+0700] {logging_mixin.py:188} INFO - Fetching page 15 of 20 for price category: dibawah 80 Juta
[2024-09-22T15:11:47.481+0700] {logging_mixin.py:188} INFO - Sleeping for 2.02 seconds...
[2024-09-22T15:11:48.839+0700] {logging_mixin.py:188} INFO - Sleeping for 2.01 seconds...
[2024-09-22T15:11:49.501+0700] {logging_mixin.py:188} INFO - Fetching page 16 of 20 for price category: dibawah 80 Juta
[2024-09-22T15:11:50.824+0700] {logging_mixin.py:188} INFO - Sleeping for 1.89 seconds...
[2024-09-22T15:11:50.850+0700] {logging_mixin.py:188} INFO - Fetching page 15 of 34 for price category: dibawah 90 Juta
[2024-09-22T15:11:51.800+0700] {logging_mixin.py:188} INFO - Sleeping for 2.46 seconds...
[2024-09-22T15:11:52.722+0700] {logging_mixin.py:188} INFO - Fetching page 17 of 20 for price category: dibawah 80 Juta
[2024-09-22T15:11:54.050+0700] {logging_mixin.py:188} INFO - Sleeping for 2.35 seconds...
[2024-09-22T15:11:54.266+0700] {logging_mixin.py:188} INFO - Fetching page 16 of 34 for price category: dibawah 90 Juta
[2024-09-22T15:11:55.202+0700] {logging_mixin.py:188} INFO - Sleeping for 1.75 seconds...
[2024-09-22T15:11:56.403+0700] {logging_mixin.py:188} INFO - Fetching page 18 of 20 for price category: dibawah 80 Juta
[2024-09-22T15:11:56.955+0700] {logging_mixin.py:188} INFO - Fetching page 17 of 34 for price category: dibawah 90 Juta
[2024-09-22T15:11:57.422+0700] {logging_mixin.py:188} INFO - Sleeping for 1.80 seconds...
[2024-09-22T15:11:58.096+0700] {logging_mixin.py:188} INFO - Sleeping for 2.39 seconds...
[2024-09-22T15:11:59.227+0700] {logging_mixin.py:188} INFO - Fetching page 19 of 20 for price category: dibawah 80 Juta
[2024-09-22T15:12:00.481+0700] {logging_mixin.py:188} INFO - Sleeping for 1.73 seconds...
[2024-09-22T15:12:00.491+0700] {logging_mixin.py:188} INFO - Fetching page 18 of 34 for price category: dibawah 90 Juta
[2024-09-22T15:12:01.672+0700] {logging_mixin.py:188} INFO - Sleeping for 1.60 seconds...
[2024-09-22T15:12:02.214+0700] {logging_mixin.py:188} INFO - Fetching page 20 of 20 for price category: dibawah 80 Juta
[2024-09-22T15:12:03.179+0700] {logging_mixin.py:188} INFO - Sleeping for 2.67 seconds...
[2024-09-22T15:12:03.275+0700] {logging_mixin.py:188} INFO - Fetching page 19 of 34 for price category: dibawah 90 Juta
[2024-09-22T15:12:04.607+0700] {logging_mixin.py:188} INFO - Sleeping for 2.24 seconds...
[2024-09-22T15:12:05.858+0700] {logging_mixin.py:188} INFO - Data for price category dibawah 80 Juta written to /home/miracle/mobil/scrape/output/mobil123/2024-09-22/mobil123_dibawah 80 Juta_2024-09-22.csv
[2024-09-22T15:12:06.853+0700] {logging_mixin.py:188} INFO - Fetching page 20 of 34 for price category: dibawah 90 Juta
[2024-09-22T15:12:07.857+0700] {logging_mixin.py:188} INFO - Sleeping for 2.91 seconds...
[2024-09-22T15:12:10.775+0700] {logging_mixin.py:188} INFO - Fetching page 21 of 34 for price category: dibawah 90 Juta
[2024-09-22T15:12:11.797+0700] {logging_mixin.py:188} INFO - Sleeping for 2.88 seconds...
[2024-09-22T15:12:14.676+0700] {logging_mixin.py:188} INFO - Fetching page 22 of 34 for price category: dibawah 90 Juta
[2024-09-22T15:12:15.724+0700] {logging_mixin.py:188} INFO - Sleeping for 2.12 seconds...
[2024-09-22T15:12:17.849+0700] {logging_mixin.py:188} INFO - Fetching page 23 of 34 for price category: dibawah 90 Juta
[2024-09-22T15:12:19.060+0700] {logging_mixin.py:188} INFO - Sleeping for 2.82 seconds...
[2024-09-22T15:12:21.888+0700] {logging_mixin.py:188} INFO - Fetching page 24 of 34 for price category: dibawah 90 Juta
[2024-09-22T15:12:22.954+0700] {logging_mixin.py:188} INFO - Sleeping for 2.90 seconds...
[2024-09-22T15:12:25.861+0700] {logging_mixin.py:188} INFO - Fetching page 25 of 34 for price category: dibawah 90 Juta
[2024-09-22T15:12:26.987+0700] {logging_mixin.py:188} INFO - Sleeping for 2.59 seconds...
[2024-09-22T15:12:29.581+0700] {logging_mixin.py:188} INFO - Fetching page 26 of 34 for price category: dibawah 90 Juta
[2024-09-22T15:12:30.496+0700] {logging_mixin.py:188} INFO - Sleeping for 2.93 seconds...
[2024-09-22T15:12:33.429+0700] {logging_mixin.py:188} INFO - Fetching page 27 of 34 for price category: dibawah 90 Juta
[2024-09-22T15:12:34.404+0700] {logging_mixin.py:188} INFO - Sleeping for 2.20 seconds...
[2024-09-22T15:12:36.603+0700] {logging_mixin.py:188} INFO - Fetching page 28 of 34 for price category: dibawah 90 Juta
[2024-09-22T15:12:37.414+0700] {logging_mixin.py:188} INFO - Sleeping for 1.61 seconds...
[2024-09-22T15:12:39.028+0700] {logging_mixin.py:188} INFO - Fetching page 29 of 34 for price category: dibawah 90 Juta
[2024-09-22T15:12:39.988+0700] {logging_mixin.py:188} INFO - Sleeping for 2.32 seconds...
[2024-09-22T15:12:42.308+0700] {logging_mixin.py:188} INFO - Fetching page 30 of 34 for price category: dibawah 90 Juta
[2024-09-22T15:12:43.661+0700] {logging_mixin.py:188} INFO - Sleeping for 2.28 seconds...
[2024-09-22T15:12:45.941+0700] {logging_mixin.py:188} INFO - Fetching page 31 of 34 for price category: dibawah 90 Juta
[2024-09-22T15:12:46.850+0700] {logging_mixin.py:188} INFO - Sleeping for 1.85 seconds...
[2024-09-22T15:12:48.705+0700] {logging_mixin.py:188} INFO - Fetching page 32 of 34 for price category: dibawah 90 Juta
[2024-09-22T15:12:49.937+0700] {logging_mixin.py:188} INFO - Sleeping for 2.91 seconds...
[2024-09-22T15:12:52.850+0700] {logging_mixin.py:188} INFO - Fetching page 33 of 34 for price category: dibawah 90 Juta
[2024-09-22T15:12:53.721+0700] {logging_mixin.py:188} INFO - Sleeping for 1.59 seconds...
[2024-09-22T15:12:55.315+0700] {logging_mixin.py:188} INFO - Fetching page 34 of 34 for price category: dibawah 90 Juta
[2024-09-22T15:12:56.001+0700] {logging_mixin.py:188} INFO - Sleeping for 2.50 seconds...
[2024-09-22T15:12:58.505+0700] {logging_mixin.py:188} INFO - Data for price category dibawah 90 Juta written to /home/miracle/mobil/scrape/output/mobil123/2024-09-22/mobil123_dibawah 90 Juta_2024-09-22.csv
[2024-09-22T15:12:58.508+0700] {python.py:237} INFO - Done. Returned value was: None
[2024-09-22T15:12:58.508+0700] {taskinstance.py:441} INFO - ::group::Post task execution logs
[2024-09-22T15:12:58.520+0700] {taskinstance.py:1206} INFO - Marking task as SUCCESS. dag_id=scrap_mobil123, task_id=scrape_mobil123, run_id=scheduled__2024-09-06T00:00:00+00:00, execution_date=20240906T000000, start_date=20240922T081040, end_date=20240922T081258
[2024-09-22T15:12:58.576+0700] {local_task_job_runner.py:243} INFO - Task exited with return code 0
[2024-09-22T15:12:58.601+0700] {taskinstance.py:3503} INFO - 1 downstream tasks scheduled from follow-on schedule check
[2024-09-22T15:12:58.603+0700] {local_task_job_runner.py:222} INFO - ::endgroup::
