[2024-08-20T08:12:45.688+0700] {local_task_job_runner.py:120} INFO - ::group::Pre task execution logs
[2024-08-20T08:12:47.690+0700] {taskinstance.py:2076} INFO - Dependencies all met for dep_context=non-requeueable deps ti=<TaskInstance: scrap_to_dag.scrape_oto scheduled__2024-08-19T00:00:00+00:00 [queued]>
[2024-08-20T08:12:47.776+0700] {taskinstance.py:2076} INFO - Dependencies all met for dep_context=requeueable deps ti=<TaskInstance: scrap_to_dag.scrape_oto scheduled__2024-08-19T00:00:00+00:00 [queued]>
[2024-08-20T08:12:47.778+0700] {taskinstance.py:2306} INFO - Starting attempt 1 of 2
[2024-08-20T08:12:48.102+0700] {taskinstance.py:2330} INFO - Executing <Task(PythonOperator): scrape_oto> on 2024-08-19 00:00:00+00:00
[2024-08-20T08:12:48.321+0700] {standard_task_runner.py:64} INFO - Started process 84255 to run task
[2024-08-20T08:12:48.365+0700] {standard_task_runner.py:90} INFO - Running: ['***', 'tasks', 'run', 'scrap_to_dag', 'scrape_oto', 'scheduled__2024-08-19T00:00:00+00:00', '--job-id', '49', '--raw', '--subdir', 'DAGS_FOLDER/oto/scrap_oto.py', '--cfg-path', '/tmp/tmpyz2nezhn']
[2024-08-20T08:12:48.378+0700] {standard_task_runner.py:91} INFO - Job 49: Subtask scrape_oto
[2024-08-20T08:12:48.775+0700] {task_command.py:426} INFO - Running <TaskInstance: scrap_to_dag.scrape_oto scheduled__2024-08-19T00:00:00+00:00 [running]> on host BrightHorizons.
[2024-08-20T08:12:49.698+0700] {taskinstance.py:2648} INFO - Exporting env vars: AIRFLOW_CTX_DAG_OWNER='***' AIRFLOW_CTX_DAG_ID='scrap_to_dag' AIRFLOW_CTX_TASK_ID='scrape_oto' AIRFLOW_CTX_EXECUTION_DATE='2024-08-19T00:00:00+00:00' AIRFLOW_CTX_TRY_NUMBER='1' AIRFLOW_CTX_DAG_RUN_ID='scheduled__2024-08-19T00:00:00+00:00'
[2024-08-20T08:12:49.701+0700] {taskinstance.py:430} INFO - ::endgroup::
[2024-08-20T08:12:49.899+0700] {logging_mixin.py:188} INFO - Fetching data for price category: dibawah-30-juta on date: 2024-08-20
[2024-08-20T08:12:50.829+0700] {logging_mixin.py:188} INFO - Fetching page 1 of 5 for price category: dibawah-30-juta
[2024-08-20T08:12:56.339+0700] {logging_mixin.py:188} INFO - Fetching page 2 of 5 for price category: dibawah-30-juta
[2024-08-20T08:13:04.118+0700] {logging_mixin.py:188} INFO - Fetching page 3 of 5 for price category: dibawah-30-juta
[2024-08-20T08:13:11.512+0700] {logging_mixin.py:188} INFO - Fetching page 4 of 5 for price category: dibawah-30-juta
[2024-08-20T08:13:16.832+0700] {logging_mixin.py:188} INFO - Fetching page 5 of 5 for price category: dibawah-30-juta
[2024-08-20T08:13:20.837+0700] {logging_mixin.py:188} INFO - Data for price category dibawah-30-juta written to /home/miracle/mobil/scrape/output/oto/2024-08-20/oto_car_dibawah_30_juta_2024-08-20.csv
[2024-08-20T08:13:20.838+0700] {logging_mixin.py:188} INFO - Fetching data for price category: dibawah-40-juta on date: 2024-08-20
[2024-08-20T08:13:21.420+0700] {logging_mixin.py:188} INFO - Fetching page 1 of 17 for price category: dibawah-40-juta
[2024-08-20T08:13:24.144+0700] {logging_mixin.py:188} INFO - Fetching page 2 of 17 for price category: dibawah-40-juta
[2024-08-20T08:13:27.845+0700] {logging_mixin.py:188} INFO - Fetching page 3 of 17 for price category: dibawah-40-juta
[2024-08-20T08:13:33.613+0700] {logging_mixin.py:188} INFO - Fetching page 4 of 17 for price category: dibawah-40-juta
