[2024-09-01T07:01:12.290+0700] {local_task_job_runner.py:120} INFO - ::group::Pre task execution logs
[2024-09-01T07:01:12.454+0700] {taskinstance.py:2076} INFO - Dependencies all met for dep_context=non-requeueable deps ti=<TaskInstance: scrap_carmudi.modify_data scheduled__2024-08-31T00:00:00+00:00 [queued]>
[2024-09-01T07:01:12.471+0700] {taskinstance.py:2076} INFO - Dependencies all met for dep_context=requeueable deps ti=<TaskInstance: scrap_carmudi.modify_data scheduled__2024-08-31T00:00:00+00:00 [queued]>
[2024-09-01T07:01:12.471+0700] {taskinstance.py:2306} INFO - Starting attempt 1 of 2
[2024-09-01T07:01:12.492+0700] {taskinstance.py:2330} INFO - Executing <Task(SparkSubmitOperator): modify_data> on 2024-08-31 00:00:00+00:00
[2024-09-01T07:01:12.497+0700] {standard_task_runner.py:64} INFO - Started process 221790 to run task
[2024-09-01T07:01:12.501+0700] {standard_task_runner.py:90} INFO - Running: ['***', 'tasks', 'run', 'scrap_carmudi', 'modify_data', 'scheduled__2024-08-31T00:00:00+00:00', '--job-id', '209', '--raw', '--subdir', 'DAGS_FOLDER/carmudi/scrape_carmudi.py', '--cfg-path', '/tmp/tmpeli2u961']
[2024-09-01T07:01:12.503+0700] {standard_task_runner.py:91} INFO - Job 209: Subtask modify_data
[2024-09-01T07:01:12.592+0700] {task_command.py:426} INFO - Running <TaskInstance: scrap_carmudi.modify_data scheduled__2024-08-31T00:00:00+00:00 [running]> on host BrightHorizons.
[2024-09-01T07:01:12.730+0700] {taskinstance.py:2648} INFO - Exporting env vars: AIRFLOW_CTX_DAG_OWNER='***' AIRFLOW_CTX_DAG_ID='scrap_carmudi' AIRFLOW_CTX_TASK_ID='modify_data' AIRFLOW_CTX_EXECUTION_DATE='2024-08-31T00:00:00+00:00' AIRFLOW_CTX_TRY_NUMBER='1' AIRFLOW_CTX_DAG_RUN_ID='scheduled__2024-08-31T00:00:00+00:00'
[2024-09-01T07:01:12.731+0700] {taskinstance.py:430} INFO - ::endgroup::
[2024-09-01T07:01:12.762+0700] {base.py:84} INFO - Using connection ID 'spark_local' for task execution.
[2024-09-01T07:01:12.763+0700] {spark_submit.py:403} INFO - Spark-Submit cmd: spark-submit --master local[*] --name arrow-spark --deploy-mode client /home/miracle/mobil/spark/carmudi.py
[2024-09-01T07:01:15.665+0700] {spark_submit.py:579} INFO - 24/09/01 07:01:15 WARN Utils: Your hostname, BrightHorizons resolves to a loopback address: 127.0.1.1; using 10.255.255.254 instead (on interface lo)
[2024-09-01T07:01:15.669+0700] {spark_submit.py:579} INFO - 24/09/01 07:01:15 WARN Utils: Set SPARK_LOCAL_IP if you need to bind to another address
[2024-09-01T07:01:17.189+0700] {spark_submit.py:579} INFO - python3: can't open file '/home/miracle/mobil/spark/carmudi.py': [Errno 2] No such file or directory
[2024-09-01T07:01:17.211+0700] {spark_submit.py:579} INFO - 24/09/01 07:01:17 INFO ShutdownHookManager: Shutdown hook called
[2024-09-01T07:01:17.212+0700] {spark_submit.py:579} INFO - 24/09/01 07:01:17 INFO ShutdownHookManager: Deleting directory /tmp/spark-a61ac0b2-8a12-428e-a15d-80de52b07ac4
[2024-09-01T07:01:17.262+0700] {taskinstance.py:441} INFO - ::group::Post task execution logs
[2024-09-01T07:01:17.279+0700] {taskinstance.py:2905} ERROR - Task failed with exception
Traceback (most recent call last):
  File "/usr/local/lib/python3.10/dist-packages/airflow/models/taskinstance.py", line 465, in _execute_task
    result = _execute_callable(context=context, **execute_callable_kwargs)
  File "/usr/local/lib/python3.10/dist-packages/airflow/models/taskinstance.py", line 432, in _execute_callable
    return execute_callable(context=context, **execute_callable_kwargs)
  File "/usr/local/lib/python3.10/dist-packages/airflow/models/baseoperator.py", line 401, in wrapper
    return func(self, *args, **kwargs)
  File "/usr/local/lib/python3.10/dist-packages/airflow/providers/apache/spark/operators/spark_submit.py", line 174, in execute
    self._hook.submit(self.application)
  File "/usr/local/lib/python3.10/dist-packages/airflow/providers/apache/spark/hooks/spark_submit.py", line 505, in submit
    raise AirflowException(
airflow.exceptions.AirflowException: Cannot execute: spark-submit --master local[*] --name arrow-spark --deploy-mode client /home/miracle/mobil/spark/carmudi.py. Error code is: 2.
[2024-09-01T07:01:17.285+0700] {taskinstance.py:1206} INFO - Marking task as UP_FOR_RETRY. dag_id=scrap_carmudi, task_id=modify_data, run_id=scheduled__2024-08-31T00:00:00+00:00, execution_date=20240831T000000, start_date=20240901T000112, end_date=20240901T000117
[2024-09-01T07:01:17.303+0700] {standard_task_runner.py:110} ERROR - Failed to execute job 209 for task modify_data (Cannot execute: spark-submit --master local[*] --name arrow-spark --deploy-mode client /home/miracle/mobil/spark/carmudi.py. Error code is: 2.; 221790)
[2024-09-01T07:01:17.339+0700] {local_task_job_runner.py:243} INFO - Task exited with return code 1
[2024-09-01T07:01:17.374+0700] {taskinstance.py:3503} INFO - 0 downstream tasks scheduled from follow-on schedule check
[2024-09-01T07:01:17.377+0700] {local_task_job_runner.py:222} INFO - ::endgroup::
