[2024-09-01T07:00:01.366+0700] {local_task_job_runner.py:120} INFO - ::group::Pre task execution logs
[2024-09-01T07:00:01.818+0700] {taskinstance.py:2076} INFO - Dependencies all met for dep_context=non-requeueable deps ti=<TaskInstance: scrap_mobil123.scrape_mobil123 scheduled__2024-08-31T00:00:00+00:00 [queued]>
[2024-09-01T07:00:01.831+0700] {taskinstance.py:2076} INFO - Dependencies all met for dep_context=requeueable deps ti=<TaskInstance: scrap_mobil123.scrape_mobil123 scheduled__2024-08-31T00:00:00+00:00 [queued]>
[2024-09-01T07:00:01.831+0700] {taskinstance.py:2306} INFO - Starting attempt 1 of 2
[2024-09-01T07:00:01.861+0700] {taskinstance.py:2330} INFO - Executing <Task(PythonOperator): scrape_mobil123> on 2024-08-31 00:00:00+00:00
[2024-09-01T07:00:01.871+0700] {standard_task_runner.py:64} INFO - Started process 221275 to run task
[2024-09-01T07:00:01.897+0700] {standard_task_runner.py:90} INFO - Running: ['***', 'tasks', 'run', 'scrap_mobil123', 'scrape_mobil123', 'scheduled__2024-08-31T00:00:00+00:00', '--job-id', '207', '--raw', '--subdir', 'DAGS_FOLDER/mobil123/scrap_mobil123.py', '--cfg-path', '/tmp/tmpl16yhrdt']
[2024-09-01T07:00:01.909+0700] {standard_task_runner.py:91} INFO - Job 207: Subtask scrape_mobil123
[2024-09-01T07:00:02.117+0700] {task_command.py:426} INFO - Running <TaskInstance: scrap_mobil123.scrape_mobil123 scheduled__2024-08-31T00:00:00+00:00 [running]> on host BrightHorizons.
[2024-09-01T07:00:02.428+0700] {taskinstance.py:2648} INFO - Exporting env vars: AIRFLOW_CTX_DAG_OWNER='***' AIRFLOW_CTX_DAG_ID='scrap_mobil123' AIRFLOW_CTX_TASK_ID='scrape_mobil123' AIRFLOW_CTX_EXECUTION_DATE='2024-08-31T00:00:00+00:00' AIRFLOW_CTX_TRY_NUMBER='1' AIRFLOW_CTX_DAG_RUN_ID='scheduled__2024-08-31T00:00:00+00:00'
[2024-09-01T07:00:02.429+0700] {taskinstance.py:430} INFO - ::endgroup::
[2024-09-01T07:00:08.688+0700] {logging_mixin.py:188} INFO - Fetching page 1 of 5 for price category: dibawah 50 Juta
[2024-09-01T07:00:08.936+0700] {logging_mixin.py:188} INFO - Fetching page 1 of 6 for price category: dibawah 60 Juta
[2024-09-01T07:00:09.420+0700] {logging_mixin.py:188} INFO - Fetching page 1 of 2 for price category: dibawah 30 Juta
[2024-09-01T07:00:09.577+0700] {logging_mixin.py:188} INFO - Fetching page 1 of 4 for price category: dibawah 40 Juta
[2024-09-01T07:00:13.393+0700] {logging_mixin.py:188} INFO - Sleeping for 2.11 seconds...
[2024-09-01T07:00:14.325+0700] {logging_mixin.py:188} INFO - Sleeping for 2.43 seconds...
[2024-09-01T07:00:14.350+0700] {logging_mixin.py:188} INFO - Sleeping for 1.97 seconds...
[2024-09-01T07:00:15.509+0700] {logging_mixin.py:188} INFO - Fetching page 2 of 4 for price category: dibawah 40 Juta
[2024-09-01T07:00:16.326+0700] {logging_mixin.py:188} INFO - Fetching page 2 of 5 for price category: dibawah 50 Juta
[2024-09-01T07:00:16.789+0700] {logging_mixin.py:188} INFO - Fetching page 2 of 6 for price category: dibawah 60 Juta
[2024-09-01T07:00:17.147+0700] {logging_mixin.py:188} INFO - Sleeping for 2.11 seconds...
[2024-09-01T07:00:19.195+0700] {logging_mixin.py:188} INFO - Sleeping for 1.64 seconds...
[2024-09-01T07:00:19.261+0700] {logging_mixin.py:188} INFO - Fetching page 2 of 2 for price category: dibawah 30 Juta
[2024-09-01T07:00:20.372+0700] {logging_mixin.py:188} INFO - Sleeping for 2.90 seconds...
[2024-09-01T07:00:20.844+0700] {logging_mixin.py:188} INFO - Fetching page 3 of 4 for price category: dibawah 40 Juta
[2024-09-01T07:00:21.184+0700] {logging_mixin.py:188} INFO - Sleeping for 2.01 seconds...
[2024-09-01T07:00:22.630+0700] {logging_mixin.py:188} INFO - Sleeping for 2.77 seconds...
[2024-09-01T07:00:23.199+0700] {logging_mixin.py:188} INFO - Fetching page 3 of 6 for price category: dibawah 60 Juta
[2024-09-01T07:00:23.272+0700] {logging_mixin.py:188} INFO - Fetching page 3 of 5 for price category: dibawah 50 Juta
[2024-09-01T07:00:25.427+0700] {logging_mixin.py:188} INFO - Data for price category dibawah 30 Juta written to /home/miracle/mobil/scrape/output/mobil123/2024-09-01/mobil123_dibawah 30 Juta_2024-09-01.csv
[2024-09-01T07:00:25.649+0700] {logging_mixin.py:188} INFO - Sleeping for 2.37 seconds...
[2024-09-01T07:00:28.035+0700] {logging_mixin.py:188} INFO - Fetching page 4 of 4 for price category: dibawah 40 Juta
[2024-09-01T07:00:28.174+0700] {logging_mixin.py:188} INFO - Sleeping for 2.87 seconds...
[2024-09-01T07:00:28.589+0700] {logging_mixin.py:188} INFO - Sleeping for 2.44 seconds...
[2024-09-01T07:00:28.848+0700] {logging_mixin.py:188} INFO - Fetching page 1 of 9 for price category: dibawah 70 Juta
[2024-09-01T07:00:31.037+0700] {logging_mixin.py:188} INFO - Fetching page 4 of 6 for price category: dibawah 60 Juta
[2024-09-01T07:00:31.045+0700] {logging_mixin.py:188} INFO - Fetching page 4 of 5 for price category: dibawah 50 Juta
[2024-09-01T07:00:31.522+0700] {logging_mixin.py:188} INFO - Sleeping for 2.21 seconds...
[2024-09-01T07:00:32.899+0700] {logging_mixin.py:188} INFO - Sleeping for 2.64 seconds...
[2024-09-01T07:00:33.740+0700] {logging_mixin.py:188} INFO - Data for price category dibawah 40 Juta written to /home/miracle/mobil/scrape/output/mobil123/2024-09-01/mobil123_dibawah 40 Juta_2024-09-01.csv
[2024-09-01T07:00:35.541+0700] {logging_mixin.py:188} INFO - Fetching page 2 of 9 for price category: dibawah 70 Juta
[2024-09-01T07:00:35.962+0700] {logging_mixin.py:188} INFO - Sleeping for 2.17 seconds...
[2024-09-01T07:00:37.875+0700] {logging_mixin.py:188} INFO - Fetching page 1 of 18 for price category: dibawah 80 Juta
[2024-09-01T07:00:38.137+0700] {logging_mixin.py:188} INFO - Fetching page 5 of 6 for price category: dibawah 60 Juta
[2024-09-01T07:00:38.513+0700] {logging_mixin.py:188} INFO - Sleeping for 2.74 seconds...
[2024-09-01T07:00:39.043+0700] {logging_mixin.py:188} INFO - Sleeping for 2.71 seconds...
[2024-09-01T07:00:40.589+0700] {logging_mixin.py:188} INFO - Sleeping for 2.81 seconds...
[2024-09-01T07:00:40.981+0700] {logging_mixin.py:188} INFO - Sleeping for 2.94 seconds...
[2024-09-01T07:00:41.263+0700] {logging_mixin.py:188} INFO - Fetching page 5 of 5 for price category: dibawah 50 Juta
[2024-09-01T07:00:41.755+0700] {logging_mixin.py:188} INFO - Fetching page 3 of 9 for price category: dibawah 70 Juta
[2024-09-01T07:00:43.399+0700] {logging_mixin.py:188} INFO - Fetching page 2 of 18 for price category: dibawah 80 Juta
[2024-09-01T07:00:43.930+0700] {logging_mixin.py:188} INFO - Fetching page 6 of 6 for price category: dibawah 60 Juta
[2024-09-01T07:00:44.114+0700] {logging_mixin.py:188} INFO - Sleeping for 1.63 seconds...
[2024-09-01T07:00:45.002+0700] {logging_mixin.py:188} INFO - Sleeping for 1.98 seconds...
[2024-09-01T07:00:45.385+0700] {logging_mixin.py:188} INFO - Sleeping for 1.75 seconds...
[2024-09-01T07:00:45.788+0700] {logging_mixin.py:188} INFO - Data for price category dibawah 50 Juta written to /home/miracle/mobil/scrape/output/mobil123/2024-09-01/mobil123_dibawah 50 Juta_2024-09-01.csv
[2024-09-01T07:00:46.031+0700] {logging_mixin.py:188} INFO - Sleeping for 2.55 seconds...
[2024-09-01T07:00:46.988+0700] {logging_mixin.py:188} INFO - Fetching page 4 of 9 for price category: dibawah 70 Juta
[2024-09-01T07:00:47.144+0700] {logging_mixin.py:188} INFO - Data for price category dibawah 60 Juta written to /home/miracle/mobil/scrape/output/mobil123/2024-09-01/mobil123_dibawah 60 Juta_2024-09-01.csv
[2024-09-01T07:00:48.585+0700] {logging_mixin.py:188} INFO - Fetching page 3 of 18 for price category: dibawah 80 Juta
[2024-09-01T07:00:49.472+0700] {logging_mixin.py:188} INFO - Fetching page 1 of 32 for price category: dibawah 90 Juta
[2024-09-01T07:00:49.839+0700] {logging_mixin.py:188} INFO - Sleeping for 2.23 seconds...
[2024-09-01T07:00:51.102+0700] {logging_mixin.py:188} INFO - Sleeping for 2.45 seconds...
[2024-09-01T07:00:51.802+0700] {logging_mixin.py:188} INFO - Sleeping for 2.75 seconds...
[2024-09-01T07:00:52.073+0700] {logging_mixin.py:188} INFO - Fetching page 5 of 9 for price category: dibawah 70 Juta
[2024-09-01T07:00:53.557+0700] {logging_mixin.py:188} INFO - Fetching page 4 of 18 for price category: dibawah 80 Juta
[2024-09-01T07:00:54.245+0700] {logging_mixin.py:188} INFO - Sleeping for 1.57 seconds...
[2024-09-01T07:00:54.557+0700] {logging_mixin.py:188} INFO - Fetching page 2 of 32 for price category: dibawah 90 Juta
[2024-09-01T07:00:55.827+0700] {logging_mixin.py:188} INFO - Fetching page 6 of 9 for price category: dibawah 70 Juta
[2024-09-01T07:00:56.304+0700] {logging_mixin.py:188} INFO - Sleeping for 1.62 seconds...
[2024-09-01T07:00:57.326+0700] {logging_mixin.py:188} INFO - Sleeping for 2.99 seconds...
[2024-09-01T07:00:57.927+0700] {logging_mixin.py:188} INFO - Fetching page 5 of 18 for price category: dibawah 80 Juta
[2024-09-01T07:00:58.858+0700] {logging_mixin.py:188} INFO - Sleeping for 1.78 seconds...
[2024-09-01T07:01:00.499+0700] {logging_mixin.py:188} INFO - Fetching page 3 of 32 for price category: dibawah 90 Juta
[2024-09-01T07:01:00.644+0700] {logging_mixin.py:188} INFO - Fetching page 7 of 9 for price category: dibawah 70 Juta
[2024-09-01T07:01:00.683+0700] {logging_mixin.py:188} INFO - Sleeping for 2.62 seconds...
[2024-09-01T07:01:03.042+0700] {logging_mixin.py:188} INFO - Sleeping for 2.44 seconds...
[2024-09-01T07:01:03.249+0700] {logging_mixin.py:188} INFO - Sleeping for 2.57 seconds...
[2024-09-01T07:01:03.306+0700] {logging_mixin.py:188} INFO - Fetching page 6 of 18 for price category: dibawah 80 Juta
[2024-09-01T07:01:05.495+0700] {logging_mixin.py:188} INFO - Fetching page 8 of 9 for price category: dibawah 70 Juta
[2024-09-01T07:01:05.827+0700] {logging_mixin.py:188} INFO - Fetching page 4 of 32 for price category: dibawah 90 Juta
[2024-09-01T07:01:06.037+0700] {logging_mixin.py:188} INFO - Sleeping for 2.92 seconds...
[2024-09-01T07:01:08.362+0700] {logging_mixin.py:188} INFO - Sleeping for 2.05 seconds...
[2024-09-01T07:01:08.471+0700] {logging_mixin.py:188} INFO - Sleeping for 2.89 seconds...
[2024-09-01T07:01:08.958+0700] {logging_mixin.py:188} INFO - Fetching page 7 of 18 for price category: dibawah 80 Juta
[2024-09-01T07:01:10.411+0700] {logging_mixin.py:188} INFO - Fetching page 5 of 32 for price category: dibawah 90 Juta
[2024-09-01T07:01:11.361+0700] {logging_mixin.py:188} INFO - Fetching page 9 of 9 for price category: dibawah 70 Juta
[2024-09-01T07:01:12.063+0700] {logging_mixin.py:188} INFO - Sleeping for 2.92 seconds...
[2024-09-01T07:01:12.808+0700] {logging_mixin.py:188} INFO - Sleeping for 1.95 seconds...
[2024-09-01T07:01:13.561+0700] {logging_mixin.py:188} INFO - Sleeping for 1.82 seconds...
[2024-09-01T07:01:14.762+0700] {logging_mixin.py:188} INFO - Fetching page 6 of 32 for price category: dibawah 90 Juta
[2024-09-01T07:01:14.984+0700] {logging_mixin.py:188} INFO - Fetching page 8 of 18 for price category: dibawah 80 Juta
[2024-09-01T07:01:15.415+0700] {logging_mixin.py:188} INFO - Data for price category dibawah 70 Juta written to /home/miracle/mobil/scrape/output/mobil123/2024-09-01/mobil123_dibawah 70 Juta_2024-09-01.csv
[2024-09-01T07:01:17.651+0700] {logging_mixin.py:188} INFO - Sleeping for 1.73 seconds...
[2024-09-01T07:01:17.732+0700] {logging_mixin.py:188} INFO - Sleeping for 1.81 seconds...
[2024-09-01T07:01:19.387+0700] {logging_mixin.py:188} INFO - Fetching page 9 of 18 for price category: dibawah 80 Juta
[2024-09-01T07:01:19.544+0700] {logging_mixin.py:188} INFO - Fetching page 7 of 32 for price category: dibawah 90 Juta
[2024-09-01T07:01:22.147+0700] {logging_mixin.py:188} INFO - Sleeping for 2.06 seconds...
[2024-09-01T07:01:22.245+0700] {logging_mixin.py:188} INFO - Sleeping for 1.88 seconds...
[2024-09-01T07:01:24.130+0700] {logging_mixin.py:188} INFO - Fetching page 8 of 32 for price category: dibawah 90 Juta
[2024-09-01T07:01:24.213+0700] {logging_mixin.py:188} INFO - Fetching page 10 of 18 for price category: dibawah 80 Juta
[2024-09-01T07:01:26.580+0700] {logging_mixin.py:188} INFO - Sleeping for 2.33 seconds...
[2024-09-01T07:01:26.982+0700] {logging_mixin.py:188} INFO - Sleeping for 2.09 seconds...
[2024-09-01T07:01:28.917+0700] {logging_mixin.py:188} INFO - Fetching page 9 of 32 for price category: dibawah 90 Juta
[2024-09-01T07:01:29.077+0700] {logging_mixin.py:188} INFO - Fetching page 11 of 18 for price category: dibawah 80 Juta
[2024-09-01T07:01:32.255+0700] {logging_mixin.py:188} INFO - Sleeping for 2.72 seconds...
[2024-09-01T07:01:34.096+0700] {logging_mixin.py:188} INFO - Sleeping for 2.12 seconds...
[2024-09-01T07:01:34.978+0700] {logging_mixin.py:188} INFO - Fetching page 10 of 32 for price category: dibawah 90 Juta
[2024-09-01T07:01:36.222+0700] {logging_mixin.py:188} INFO - Fetching page 12 of 18 for price category: dibawah 80 Juta
[2024-09-01T07:01:37.312+0700] {logging_mixin.py:188} INFO - Sleeping for 1.72 seconds...
[2024-09-01T07:01:38.418+0700] {logging_mixin.py:188} INFO - Sleeping for 1.64 seconds...
[2024-09-01T07:01:39.032+0700] {logging_mixin.py:188} INFO - Fetching page 11 of 32 for price category: dibawah 90 Juta
[2024-09-01T07:01:40.060+0700] {logging_mixin.py:188} INFO - Fetching page 13 of 18 for price category: dibawah 80 Juta
[2024-09-01T07:01:42.741+0700] {logging_mixin.py:188} INFO - Sleeping for 1.68 seconds...
[2024-09-01T07:01:43.198+0700] {logging_mixin.py:188} INFO - Sleeping for 1.74 seconds...
[2024-09-01T07:01:44.427+0700] {logging_mixin.py:188} INFO - Fetching page 12 of 32 for price category: dibawah 90 Juta
[2024-09-01T07:01:44.936+0700] {logging_mixin.py:188} INFO - Fetching page 14 of 18 for price category: dibawah 80 Juta
[2024-09-01T07:01:47.317+0700] {logging_mixin.py:188} INFO - Sleeping for 2.10 seconds...
[2024-09-01T07:01:47.391+0700] {logging_mixin.py:188} INFO - Sleeping for 1.97 seconds...
[2024-09-01T07:01:49.361+0700] {logging_mixin.py:188} INFO - Fetching page 15 of 18 for price category: dibawah 80 Juta
[2024-09-01T07:01:49.421+0700] {logging_mixin.py:188} INFO - Fetching page 13 of 32 for price category: dibawah 90 Juta
[2024-09-01T07:01:53.276+0700] {logging_mixin.py:188} INFO - Sleeping for 2.72 seconds...
[2024-09-01T07:01:54.750+0700] {logging_mixin.py:188} INFO - Sleeping for 2.09 seconds...
[2024-09-01T07:01:55.996+0700] {logging_mixin.py:188} INFO - Fetching page 14 of 32 for price category: dibawah 90 Juta
[2024-09-01T07:01:56.845+0700] {logging_mixin.py:188} INFO - Fetching page 16 of 18 for price category: dibawah 80 Juta
[2024-09-01T07:01:58.082+0700] {logging_mixin.py:188} INFO - Sleeping for 2.31 seconds...
[2024-09-01T07:01:59.281+0700] {logging_mixin.py:188} INFO - Sleeping for 1.89 seconds...
[2024-09-01T07:02:00.391+0700] {logging_mixin.py:188} INFO - Fetching page 15 of 32 for price category: dibawah 90 Juta
[2024-09-01T07:02:01.173+0700] {logging_mixin.py:188} INFO - Fetching page 17 of 18 for price category: dibawah 80 Juta
[2024-09-01T07:02:02.619+0700] {logging_mixin.py:188} INFO - Sleeping for 1.71 seconds...
[2024-09-01T07:02:04.327+0700] {logging_mixin.py:188} INFO - Fetching page 16 of 32 for price category: dibawah 90 Juta
[2024-09-01T07:02:05.764+0700] {logging_mixin.py:188} INFO - Sleeping for 2.71 seconds...
[2024-09-01T07:02:06.960+0700] {logging_mixin.py:188} INFO - Sleeping for 1.97 seconds...
[2024-09-01T07:02:08.473+0700] {logging_mixin.py:188} INFO - Fetching page 18 of 18 for price category: dibawah 80 Juta
[2024-09-01T07:02:08.929+0700] {logging_mixin.py:188} INFO - Fetching page 17 of 32 for price category: dibawah 90 Juta
[2024-09-01T07:02:11.845+0700] {logging_mixin.py:188} INFO - Sleeping for 2.36 seconds...
[2024-09-01T07:02:11.850+0700] {logging_mixin.py:188} INFO - Sleeping for 2.84 seconds...
[2024-09-01T07:02:14.211+0700] {logging_mixin.py:188} INFO - Fetching page 18 of 32 for price category: dibawah 90 Juta
[2024-09-01T07:02:14.696+0700] {logging_mixin.py:188} INFO - Data for price category dibawah 80 Juta written to /home/miracle/mobil/scrape/output/mobil123/2024-09-01/mobil123_dibawah 80 Juta_2024-09-01.csv
[2024-09-01T07:02:16.468+0700] {logging_mixin.py:188} INFO - Sleeping for 2.44 seconds...
[2024-09-01T07:02:18.912+0700] {logging_mixin.py:188} INFO - Fetching page 19 of 32 for price category: dibawah 90 Juta
[2024-09-01T07:02:23.706+0700] {logging_mixin.py:188} INFO - Sleeping for 2.49 seconds...
[2024-09-01T07:02:26.201+0700] {logging_mixin.py:188} INFO - Fetching page 20 of 32 for price category: dibawah 90 Juta
[2024-09-01T07:02:28.624+0700] {logging_mixin.py:188} INFO - Sleeping for 1.87 seconds...
[2024-09-01T07:02:30.501+0700] {logging_mixin.py:188} INFO - Fetching page 21 of 32 for price category: dibawah 90 Juta
[2024-09-01T07:02:33.954+0700] {logging_mixin.py:188} INFO - Sleeping for 2.90 seconds...
[2024-09-01T07:02:36.858+0700] {logging_mixin.py:188} INFO - Fetching page 22 of 32 for price category: dibawah 90 Juta
[2024-09-01T07:02:41.364+0700] {logging_mixin.py:188} INFO - Sleeping for 1.99 seconds...
[2024-09-01T07:02:43.360+0700] {logging_mixin.py:188} INFO - Fetching page 23 of 32 for price category: dibawah 90 Juta
[2024-09-01T07:02:47.552+0700] {logging_mixin.py:188} INFO - Sleeping for 2.46 seconds...
[2024-09-01T07:02:50.015+0700] {logging_mixin.py:188} INFO - Fetching page 24 of 32 for price category: dibawah 90 Juta
[2024-09-01T07:02:55.002+0700] {logging_mixin.py:188} INFO - Sleeping for 1.59 seconds...
[2024-09-01T07:02:56.596+0700] {logging_mixin.py:188} INFO - Fetching page 25 of 32 for price category: dibawah 90 Juta
[2024-09-01T07:02:58.403+0700] {logging_mixin.py:188} INFO - Sleeping for 1.56 seconds...
[2024-09-01T07:02:59.967+0700] {logging_mixin.py:188} INFO - Fetching page 26 of 32 for price category: dibawah 90 Juta
[2024-09-01T07:03:02.775+0700] {logging_mixin.py:188} INFO - Sleeping for 2.68 seconds...
[2024-09-01T07:03:05.459+0700] {logging_mixin.py:188} INFO - Fetching page 27 of 32 for price category: dibawah 90 Juta
[2024-09-01T07:03:07.441+0700] {logging_mixin.py:188} INFO - Sleeping for 2.19 seconds...
[2024-09-01T07:03:09.639+0700] {logging_mixin.py:188} INFO - Fetching page 28 of 32 for price category: dibawah 90 Juta
[2024-09-01T07:03:12.331+0700] {logging_mixin.py:188} INFO - Sleeping for 2.46 seconds...
[2024-09-01T07:03:14.796+0700] {logging_mixin.py:188} INFO - Fetching page 29 of 32 for price category: dibawah 90 Juta
[2024-09-01T07:03:18.011+0700] {logging_mixin.py:188} INFO - Sleeping for 2.43 seconds...
[2024-09-01T07:03:20.439+0700] {logging_mixin.py:188} INFO - Fetching page 30 of 32 for price category: dibawah 90 Juta
[2024-09-01T07:03:22.477+0700] {logging_mixin.py:188} INFO - Sleeping for 1.87 seconds...
[2024-09-01T07:03:24.347+0700] {logging_mixin.py:188} INFO - Fetching page 31 of 32 for price category: dibawah 90 Juta
[2024-09-01T07:03:26.421+0700] {logging_mixin.py:188} INFO - Sleeping for 1.98 seconds...
[2024-09-01T07:03:28.404+0700] {logging_mixin.py:188} INFO - Fetching page 32 of 32 for price category: dibawah 90 Juta
[2024-09-01T07:03:30.659+0700] {logging_mixin.py:188} INFO - Sleeping for 2.08 seconds...
[2024-09-01T07:03:32.752+0700] {logging_mixin.py:188} INFO - Data for price category dibawah 90 Juta written to /home/miracle/mobil/scrape/output/mobil123/2024-09-01/mobil123_dibawah 90 Juta_2024-09-01.csv
[2024-09-01T07:03:32.755+0700] {python.py:237} INFO - Done. Returned value was: None
[2024-09-01T07:03:32.756+0700] {taskinstance.py:441} INFO - ::group::Post task execution logs
[2024-09-01T07:03:32.778+0700] {taskinstance.py:1206} INFO - Marking task as SUCCESS. dag_id=scrap_mobil123, task_id=scrape_mobil123, run_id=scheduled__2024-08-31T00:00:00+00:00, execution_date=20240831T000000, start_date=20240901T000001, end_date=20240901T000332
[2024-09-01T07:03:32.827+0700] {local_task_job_runner.py:243} INFO - Task exited with return code 0
[2024-09-01T07:03:32.860+0700] {taskinstance.py:3503} INFO - 1 downstream tasks scheduled from follow-on schedule check
[2024-09-01T07:03:32.863+0700] {local_task_job_runner.py:222} INFO - ::endgroup::
