[2024-09-04T22:04:21.976+0700] {local_task_job_runner.py:120} INFO - ::group::Pre task execution logs
[2024-09-04T22:04:22.051+0700] {taskinstance.py:2076} INFO - Dependencies all met for dep_context=non-requeueable deps ti=<TaskInstance: scrap_oto_dag.scrape_oto scheduled__2024-09-01T00:00:00+00:00 [queued]>
[2024-09-04T22:04:22.078+0700] {taskinstance.py:2076} INFO - Dependencies all met for dep_context=requeueable deps ti=<TaskInstance: scrap_oto_dag.scrape_oto scheduled__2024-09-01T00:00:00+00:00 [queued]>
[2024-09-04T22:04:22.079+0700] {taskinstance.py:2306} INFO - Starting attempt 1 of 2
[2024-09-04T22:04:22.108+0700] {taskinstance.py:2330} INFO - Executing <Task(PythonOperator): scrape_oto> on 2024-09-01 00:00:00+00:00
[2024-09-04T22:04:22.117+0700] {standard_task_runner.py:64} INFO - Started process 3986 to run task
[2024-09-04T22:04:22.122+0700] {standard_task_runner.py:90} INFO - Running: ['***', 'tasks', 'run', 'scrap_oto_dag', 'scrape_oto', 'scheduled__2024-09-01T00:00:00+00:00', '--job-id', '223', '--raw', '--subdir', 'DAGS_FOLDER/oto/scrap_oto.py', '--cfg-path', '/tmp/tmpazf9zibs']
[2024-09-04T22:04:22.125+0700] {standard_task_runner.py:91} INFO - Job 223: Subtask scrape_oto
[2024-09-04T22:04:22.259+0700] {task_command.py:426} INFO - Running <TaskInstance: scrap_oto_dag.scrape_oto scheduled__2024-09-01T00:00:00+00:00 [running]> on host BrightHorizons.
[2024-09-04T22:04:22.463+0700] {taskinstance.py:2648} INFO - Exporting env vars: AIRFLOW_CTX_DAG_OWNER='***' AIRFLOW_CTX_DAG_ID='scrap_oto_dag' AIRFLOW_CTX_TASK_ID='scrape_oto' AIRFLOW_CTX_EXECUTION_DATE='2024-09-01T00:00:00+00:00' AIRFLOW_CTX_TRY_NUMBER='1' AIRFLOW_CTX_DAG_RUN_ID='scheduled__2024-09-01T00:00:00+00:00'
[2024-09-04T22:04:22.465+0700] {taskinstance.py:430} INFO - ::endgroup::
[2024-09-04T22:04:22.992+0700] {logging_mixin.py:188} INFO - Fetching page 1 for price category: dibawah-30-juta
[2024-09-04T22:04:22.993+0700] {logging_mixin.py:188} INFO - Fetching page 2 for price category: dibawah-30-juta
[2024-09-04T22:04:22.994+0700] {logging_mixin.py:188} INFO - Fetching page 3 for price category: dibawah-30-juta
[2024-09-04T22:04:22.996+0700] {logging_mixin.py:188} INFO - Fetching page 4 for price category: dibawah-30-juta
[2024-09-04T22:04:23.051+0700] {logging_mixin.py:188} INFO - Fetching page 1 for price category: dibawah-40-juta
[2024-09-04T22:04:23.052+0700] {logging_mixin.py:188} INFO - Fetching page 2 for price category: dibawah-40-juta
[2024-09-04T22:04:23.055+0700] {logging_mixin.py:188} INFO - Fetching page 3 for price category: dibawah-40-juta
[2024-09-04T22:04:23.057+0700] {logging_mixin.py:188} INFO - Fetching page 4 for price category: dibawah-40-juta
[2024-09-04T22:04:23.072+0700] {logging_mixin.py:188} INFO - Fetching page 1 for price category: dibawah-50-juta
[2024-09-04T22:04:23.073+0700] {logging_mixin.py:188} INFO - Fetching page 2 for price category: dibawah-50-juta
[2024-09-04T22:04:23.079+0700] {logging_mixin.py:188} INFO - Fetching page 3 for price category: dibawah-50-juta
[2024-09-04T22:04:23.082+0700] {logging_mixin.py:188} INFO - Fetching page 4 for price category: dibawah-50-juta
[2024-09-04T22:04:23.097+0700] {logging_mixin.py:188} INFO - Fetching page 1 for price category: dibawah-60-juta
[2024-09-04T22:04:23.100+0700] {logging_mixin.py:188} INFO - Fetching page 2 for price category: dibawah-60-juta
[2024-09-04T22:04:23.101+0700] {logging_mixin.py:188} INFO - Fetching page 3 for price category: dibawah-60-juta
[2024-09-04T22:04:23.104+0700] {logging_mixin.py:188} INFO - Fetching page 4 for price category: dibawah-60-juta
[2024-09-04T22:04:24.544+0700] {logging_mixin.py:188} INFO - Fetching page 5 for price category: dibawah-50-juta
[2024-09-04T22:04:24.800+0700] {logging_mixin.py:188} INFO - Fetching page 6 for price category: dibawah-50-juta
[2024-09-04T22:04:24.944+0700] {logging_mixin.py:188} INFO - Fetching page 5 for price category: dibawah-30-juta
[2024-09-04T22:04:24.964+0700] {logging_mixin.py:188} INFO - Fetching page 5 for price category: dibawah-60-juta
[2024-09-04T22:04:25.151+0700] {logging_mixin.py:188} INFO - Fetching page 6 for price category: dibawah-60-juta
[2024-09-04T22:04:25.212+0700] {logging_mixin.py:188} INFO - Fetching page 7 for price category: dibawah-60-juta
[2024-09-04T22:04:25.334+0700] {logging_mixin.py:188} INFO - Fetching page 5 for price category: dibawah-40-juta
[2024-09-04T22:04:25.378+0700] {logging_mixin.py:188} INFO - Fetching page 7 for price category: dibawah-50-juta
[2024-09-04T22:04:25.459+0700] {logging_mixin.py:188} INFO - Fetching page 6 for price category: dibawah-40-juta
[2024-09-04T22:04:25.497+0700] {logging_mixin.py:188} INFO - Fetching page 8 for price category: dibawah-60-juta
[2024-09-04T22:04:25.620+0700] {logging_mixin.py:188} INFO - Fetching page 8 for price category: dibawah-50-juta
[2024-09-04T22:04:25.629+0700] {logging_mixin.py:188} INFO - Fetching page 7 for price category: dibawah-40-juta
[2024-09-04T22:04:25.632+0700] {logging_mixin.py:188} INFO - Fetching page 8 for price category: dibawah-40-juta
[2024-09-04T22:04:26.600+0700] {logging_mixin.py:188} INFO - Fetching page 9 for price category: dibawah-50-juta
[2024-09-04T22:04:27.059+0700] {logging_mixin.py:188} INFO - Fetching page 9 for price category: dibawah-60-juta
[2024-09-04T22:04:27.325+0700] {logging_mixin.py:188} INFO - Fetching page 9 for price category: dibawah-40-juta
[2024-09-04T22:04:27.405+0700] {logging_mixin.py:188} INFO - Fetching page 10 for price category: dibawah-60-juta
[2024-09-04T22:04:27.418+0700] {logging_mixin.py:188} INFO - Fetching page 10 for price category: dibawah-40-juta
[2024-09-04T22:04:27.449+0700] {logging_mixin.py:188} INFO - Fetching page 11 for price category: dibawah-60-juta
[2024-09-04T22:04:27.491+0700] {logging_mixin.py:188} INFO - Fetching page 11 for price category: dibawah-40-juta
[2024-09-04T22:04:27.504+0700] {logging_mixin.py:188} INFO - Fetching page 10 for price category: dibawah-50-juta
[2024-09-04T22:04:27.530+0700] {logging_mixin.py:188} INFO - Fetching page 12 for price category: dibawah-60-juta
[2024-09-04T22:04:27.531+0700] {logging_mixin.py:188} INFO - Fetching page 11 for price category: dibawah-50-juta
[2024-09-04T22:04:27.531+0700] {logging_mixin.py:188} INFO - Data for price category dibawah-30-juta written to /home/miracle/mobil/scrape/output/oto/2024-09-04/oto_car_dibawah_30_juta_2024-09-04.csv
[2024-09-04T22:04:27.548+0700] {logging_mixin.py:188} INFO - Fetching page 12 for price category: dibawah-40-juta
[2024-09-04T22:04:27.581+0700] {logging_mixin.py:188} INFO - Fetching page 12 for price category: dibawah-50-juta
[2024-09-04T22:04:27.813+0700] {logging_mixin.py:188} INFO - Fetching page 13 for price category: dibawah-50-juta
[2024-09-04T22:04:28.516+0700] {logging_mixin.py:188} INFO - Fetching page 13 for price category: dibawah-40-juta
[2024-09-04T22:04:28.527+0700] {logging_mixin.py:188} INFO - Fetching page 13 for price category: dibawah-60-juta
[2024-09-04T22:04:28.536+0700] {logging_mixin.py:188} INFO - Fetching page 14 for price category: dibawah-40-juta
[2024-09-04T22:04:28.596+0700] {logging_mixin.py:188} INFO - Fetching page 14 for price category: dibawah-60-juta
[2024-09-04T22:04:28.668+0700] {logging_mixin.py:188} INFO - Fetching page 15 for price category: dibawah-40-juta
[2024-09-04T22:04:28.690+0700] {logging_mixin.py:188} INFO - Fetching page 1 for price category: dibawah-70-juta
[2024-09-04T22:04:28.725+0700] {logging_mixin.py:188} INFO - Fetching page 2 for price category: dibawah-70-juta
[2024-09-04T22:04:28.770+0700] {logging_mixin.py:188} INFO - Fetching page 3 for price category: dibawah-70-juta
[2024-09-04T22:04:28.861+0700] {logging_mixin.py:188} INFO - Fetching page 15 for price category: dibawah-60-juta
[2024-09-04T22:04:28.874+0700] {logging_mixin.py:188} INFO - Fetching page 4 for price category: dibawah-70-juta
[2024-09-04T22:04:28.914+0700] {logging_mixin.py:188} INFO - Fetching page 14 for price category: dibawah-50-juta
[2024-09-04T22:04:29.203+0700] {logging_mixin.py:188} INFO - Fetching page 16 for price category: dibawah-60-juta
[2024-09-04T22:04:29.247+0700] {logging_mixin.py:188} INFO - Fetching page 15 for price category: dibawah-50-juta
[2024-09-04T22:04:29.265+0700] {logging_mixin.py:188} INFO - Fetching page 16 for price category: dibawah-40-juta
[2024-09-04T22:04:29.285+0700] {logging_mixin.py:188} INFO - Fetching page 16 for price category: dibawah-50-juta
[2024-09-04T22:04:29.422+0700] {logging_mixin.py:188} INFO - Fetching page 17 for price category: dibawah-50-juta
[2024-09-04T22:04:29.689+0700] {logging_mixin.py:188} INFO - Fetching page 17 for price category: dibawah-40-juta
[2024-09-04T22:04:29.701+0700] {logging_mixin.py:188} INFO - Fetching page 17 for price category: dibawah-60-juta
[2024-09-04T22:04:29.849+0700] {logging_mixin.py:188} INFO - Fetching page 18 for price category: dibawah-60-juta
[2024-09-04T22:04:30.214+0700] {logging_mixin.py:188} INFO - Fetching page 5 for price category: dibawah-70-juta
[2024-09-04T22:04:30.246+0700] {logging_mixin.py:188} INFO - Fetching page 18 for price category: dibawah-50-juta
[2024-09-04T22:04:30.261+0700] {logging_mixin.py:188} INFO - Fetching page 6 for price category: dibawah-70-juta
[2024-09-04T22:04:30.353+0700] {logging_mixin.py:188} INFO - Fetching page 7 for price category: dibawah-70-juta
[2024-09-04T22:04:30.377+0700] {logging_mixin.py:188} INFO - Fetching page 8 for price category: dibawah-70-juta
[2024-09-04T22:04:30.513+0700] {logging_mixin.py:188} INFO - Fetching page 19 for price category: dibawah-60-juta
[2024-09-04T22:04:30.515+0700] {logging_mixin.py:188} INFO - Fetching page 20 for price category: dibawah-60-juta
[2024-09-04T22:04:30.574+0700] {logging_mixin.py:188} INFO - Fetching page 19 for price category: dibawah-50-juta
[2024-09-04T22:04:30.615+0700] {logging_mixin.py:188} INFO - Fetching page 20 for price category: dibawah-50-juta
[2024-09-04T22:04:30.676+0700] {logging_mixin.py:188} INFO - Fetching page 21 for price category: dibawah-50-juta
[2024-09-04T22:04:30.728+0700] {logging_mixin.py:188} INFO - Fetching page 21 for price category: dibawah-60-juta
[2024-09-04T22:04:30.738+0700] {logging_mixin.py:188} INFO - Data for price category dibawah-40-juta written to /home/miracle/mobil/scrape/output/oto/2024-09-04/oto_car_dibawah_40_juta_2024-09-04.csv
[2024-09-04T22:04:30.963+0700] {logging_mixin.py:188} INFO - Fetching page 22 for price category: dibawah-60-juta
[2024-09-04T22:04:31.360+0700] {logging_mixin.py:188} INFO - Fetching page 9 for price category: dibawah-70-juta
[2024-09-04T22:04:31.362+0700] {logging_mixin.py:188} INFO - Fetching page 10 for price category: dibawah-70-juta
[2024-09-04T22:04:31.396+0700] {logging_mixin.py:188} INFO - Fetching page 11 for price category: dibawah-70-juta
[2024-09-04T22:04:31.588+0700] {logging_mixin.py:188} INFO - Fetching page 12 for price category: dibawah-70-juta
[2024-09-04T22:04:31.648+0700] {logging_mixin.py:188} INFO - Fetching page 23 for price category: dibawah-60-juta
[2024-09-04T22:04:31.650+0700] {logging_mixin.py:188} INFO - Fetching page 22 for price category: dibawah-50-juta
[2024-09-04T22:04:31.694+0700] {logging_mixin.py:188} INFO - Fetching page 24 for price category: dibawah-60-juta
[2024-09-04T22:04:31.711+0700] {logging_mixin.py:188} INFO - Fetching page 1 for price category: dibawah-80-juta
[2024-09-04T22:04:31.719+0700] {logging_mixin.py:188} INFO - Fetching page 25 for price category: dibawah-60-juta
[2024-09-04T22:04:31.727+0700] {logging_mixin.py:188} INFO - Fetching page 2 for price category: dibawah-80-juta
[2024-09-04T22:04:31.741+0700] {logging_mixin.py:188} INFO - Fetching page 3 for price category: dibawah-80-juta
[2024-09-04T22:04:31.779+0700] {logging_mixin.py:188} INFO - Fetching page 23 for price category: dibawah-50-juta
[2024-09-04T22:04:31.786+0700] {logging_mixin.py:188} INFO - Fetching page 4 for price category: dibawah-80-juta
[2024-09-04T22:04:31.924+0700] {logging_mixin.py:188} INFO - Fetching page 24 for price category: dibawah-50-juta
[2024-09-04T22:04:31.941+0700] {logging_mixin.py:188} INFO - Fetching page 25 for price category: dibawah-50-juta
[2024-09-04T22:04:31.969+0700] {logging_mixin.py:188} INFO - Fetching page 26 for price category: dibawah-60-juta
[2024-09-04T22:04:32.015+0700] {logging_mixin.py:188} INFO - Fetching page 13 for price category: dibawah-70-juta
[2024-09-04T22:04:32.677+0700] {logging_mixin.py:188} INFO - Fetching page 14 for price category: dibawah-70-juta
[2024-09-04T22:04:32.879+0700] {logging_mixin.py:188} INFO - Fetching page 15 for price category: dibawah-70-juta
[2024-09-04T22:04:32.917+0700] {logging_mixin.py:188} INFO - Fetching page 16 for price category: dibawah-70-juta
[2024-09-04T22:04:33.103+0700] {logging_mixin.py:188} INFO - Fetching page 27 for price category: dibawah-60-juta
[2024-09-04T22:04:33.279+0700] {logging_mixin.py:188} INFO - Fetching page 5 for price category: dibawah-80-juta
[2024-09-04T22:04:33.470+0700] {logging_mixin.py:188} INFO - Fetching page 6 for price category: dibawah-80-juta
[2024-09-04T22:04:33.472+0700] {logging_mixin.py:188} INFO - Fetching page 17 for price category: dibawah-70-juta
[2024-09-04T22:04:33.473+0700] {logging_mixin.py:188} INFO - Fetching page 28 for price category: dibawah-60-juta
[2024-09-04T22:04:33.632+0700] {logging_mixin.py:188} INFO - Fetching page 7 for price category: dibawah-80-juta
[2024-09-04T22:04:33.691+0700] {logging_mixin.py:188} INFO - Fetching page 29 for price category: dibawah-60-juta
[2024-09-04T22:04:33.700+0700] {logging_mixin.py:188} INFO - Fetching page 26 for price category: dibawah-50-juta
[2024-09-04T22:04:33.753+0700] {logging_mixin.py:188} INFO - Fetching page 27 for price category: dibawah-50-juta
[2024-09-04T22:04:33.762+0700] {logging_mixin.py:188} INFO - Fetching page 30 for price category: dibawah-60-juta
[2024-09-04T22:04:34.018+0700] {logging_mixin.py:188} INFO - Fetching page 28 for price category: dibawah-50-juta
[2024-09-04T22:04:34.021+0700] {logging_mixin.py:188} INFO - Fetching page 8 for price category: dibawah-80-juta
[2024-09-04T22:04:34.049+0700] {logging_mixin.py:188} INFO - Fetching page 18 for price category: dibawah-70-juta
[2024-09-04T22:04:34.198+0700] {logging_mixin.py:188} INFO - Fetching page 19 for price category: dibawah-70-juta
[2024-09-04T22:04:34.416+0700] {logging_mixin.py:188} INFO - Fetching page 29 for price category: dibawah-50-juta
[2024-09-04T22:04:35.373+0700] {logging_mixin.py:188} INFO - Fetching page 20 for price category: dibawah-70-juta
[2024-09-04T22:04:36.469+0700] {logging_mixin.py:188} INFO - Fetching page 31 for price category: dibawah-60-juta
[2024-09-04T22:04:36.831+0700] {logging_mixin.py:188} INFO - Fetching page 9 for price category: dibawah-80-juta
[2024-09-04T22:04:37.059+0700] {logging_mixin.py:188} INFO - Fetching page 30 for price category: dibawah-50-juta
[2024-09-04T22:04:37.235+0700] {logging_mixin.py:188} INFO - Fetching page 10 for price category: dibawah-80-juta
[2024-09-04T22:04:39.423+0700] {logging_mixin.py:188} INFO - Fetching page 21 for price category: dibawah-70-juta
[2024-09-04T22:04:40.582+0700] {logging_mixin.py:188} INFO - Fetching page 32 for price category: dibawah-60-juta
[2024-09-04T22:05:21.982+0700] {logging_mixin.py:188} INFO - Fetching page 22 for price category: dibawah-70-juta
[2024-09-04T22:05:22.036+0700] {logging_mixin.py:188} INFO - Fetching page 31 for price category: dibawah-50-juta
[2024-09-04T22:05:22.186+0700] {logging_mixin.py:188} INFO - Fetching page 32 for price category: dibawah-50-juta
[2024-09-04T22:05:22.222+0700] {logging_mixin.py:188} INFO - Fetching page 23 for price category: dibawah-70-juta
[2024-09-04T22:05:22.334+0700] {logging_mixin.py:188} INFO - Fetching page 33 for price category: dibawah-50-juta
[2024-09-04T22:05:22.358+0700] {logging_mixin.py:188} INFO - Fetching page 34 for price category: dibawah-50-juta
[2024-09-04T22:05:22.380+0700] {logging_mixin.py:188} INFO - Fetching page 33 for price category: dibawah-60-juta
[2024-09-04T22:05:22.465+0700] {logging_mixin.py:188} INFO - Fetching page 12 for price category: dibawah-80-juta
[2024-09-04T22:05:22.460+0700] {logging_mixin.py:188} INFO - Fetching page 11 for price category: dibawah-80-juta
[2024-09-04T22:05:22.479+0700] {logging_mixin.py:188} INFO - Fetching page 24 for price category: dibawah-70-juta
[2024-09-04T22:05:22.481+0700] {logging_mixin.py:188} INFO - Fetching page 13 for price category: dibawah-80-juta
[2024-09-04T22:05:22.497+0700] {logging_mixin.py:188} INFO - Fetching page 25 for price category: dibawah-70-juta
[2024-09-04T22:05:22.505+0700] {logging_mixin.py:188} INFO - Attempt 1 failed with error: ('Connection aborted.', ConnectionResetError(104, 'Connection reset by peer'))
[2024-09-04T22:05:22.511+0700] {logging_mixin.py:188} INFO - Fetching page 34 for price category: dibawah-60-juta
[2024-09-04T22:05:22.594+0700] {logging_mixin.py:188} INFO - Fetching page 35 for price category: dibawah-60-juta
[2024-09-04T22:05:22.601+0700] {logging_mixin.py:188} INFO - Fetching page 14 for price category: dibawah-80-juta
[2024-09-04T22:05:22.689+0700] {logging_mixin.py:188} INFO - Retrying in 0.3 seconds...
[2024-09-04T22:05:23.987+0700] {logging_mixin.py:188} INFO - Fetching page 35 for price category: dibawah-50-juta
[2024-09-04T22:05:24.073+0700] {logging_mixin.py:188} INFO - Fetching page 36 for price category: dibawah-50-juta
[2024-09-04T22:05:25.230+0700] {logging_mixin.py:188} INFO - Fetching page 36 for price category: dibawah-60-juta
[2024-09-04T22:05:25.299+0700] {logging_mixin.py:188} INFO - Fetching page 37 for price category: dibawah-60-juta
[2024-09-04T22:05:25.373+0700] {logging_mixin.py:188} INFO - Fetching page 26 for price category: dibawah-70-juta
[2024-09-04T22:05:25.503+0700] {logging_mixin.py:188} INFO - Fetching page 38 for price category: dibawah-60-juta
[2024-09-04T22:05:25.518+0700] {logging_mixin.py:188} INFO - Fetching page 39 for price category: dibawah-60-juta
[2024-09-04T22:05:25.534+0700] {logging_mixin.py:188} INFO - Fetching page 27 for price category: dibawah-70-juta
[2024-09-04T22:05:25.538+0700] {logging_mixin.py:188} INFO - Fetching page 37 for price category: dibawah-50-juta
[2024-09-04T22:05:25.539+0700] {logging_mixin.py:188} INFO - Fetching page 15 for price category: dibawah-80-juta
[2024-09-04T22:05:25.552+0700] {logging_mixin.py:188} INFO - Fetching page 38 for price category: dibawah-50-juta
[2024-09-04T22:05:25.622+0700] {logging_mixin.py:188} INFO - Fetching page 16 for price category: dibawah-80-juta
[2024-09-04T22:05:25.756+0700] {logging_mixin.py:188} INFO - Fetching page 28 for price category: dibawah-70-juta
[2024-09-04T22:05:25.797+0700] {logging_mixin.py:188} INFO - Fetching page 29 for price category: dibawah-70-juta
[2024-09-04T22:05:25.832+0700] {logging_mixin.py:188} INFO - Fetching page 39 for price category: dibawah-50-juta
[2024-09-04T22:05:25.864+0700] {logging_mixin.py:188} INFO - Fetching page 17 for price category: dibawah-80-juta
[2024-09-04T22:05:25.944+0700] {logging_mixin.py:188} INFO - Fetching page 18 for price category: dibawah-80-juta
[2024-09-04T22:05:26.060+0700] {logging_mixin.py:188} INFO - Fetching page 40 for price category: dibawah-50-juta
[2024-09-04T22:05:26.260+0700] {logging_mixin.py:188} INFO - Fetching page 40 for price category: dibawah-60-juta
[2024-09-04T22:05:27.348+0700] {logging_mixin.py:188} INFO - Fetching page 30 for price category: dibawah-70-juta
[2024-09-04T22:05:27.389+0700] {logging_mixin.py:188} INFO - Fetching page 41 for price category: dibawah-60-juta
[2024-09-04T22:05:27.434+0700] {logging_mixin.py:188} INFO - Fetching page 31 for price category: dibawah-70-juta
[2024-09-04T22:05:27.452+0700] {logging_mixin.py:188} INFO - Fetching page 32 for price category: dibawah-70-juta
[2024-09-04T22:05:27.462+0700] {logging_mixin.py:188} INFO - Fetching page 42 for price category: dibawah-60-juta
[2024-09-04T22:05:27.497+0700] {logging_mixin.py:188} INFO - Fetching page 19 for price category: dibawah-80-juta
[2024-09-04T22:05:27.637+0700] {logging_mixin.py:188} INFO - Fetching page 20 for price category: dibawah-80-juta
[2024-09-04T22:05:27.652+0700] {logging_mixin.py:188} INFO - Fetching page 41 for price category: dibawah-50-juta
[2024-09-04T22:05:28.225+0700] {logging_mixin.py:188} INFO - Fetching page 42 for price category: dibawah-50-juta
[2024-09-04T22:05:28.227+0700] {logging_mixin.py:188} INFO - Fetching page 33 for price category: dibawah-70-juta
[2024-09-04T22:05:28.250+0700] {logging_mixin.py:188} INFO - Fetching page 43 for price category: dibawah-50-juta
[2024-09-04T22:05:28.264+0700] {logging_mixin.py:188} INFO - Fetching page 44 for price category: dibawah-50-juta
[2024-09-04T22:05:28.293+0700] {logging_mixin.py:188} INFO - Fetching page 21 for price category: dibawah-80-juta
[2024-09-04T22:05:28.351+0700] {logging_mixin.py:188} INFO - Fetching page 22 for price category: dibawah-80-juta
[2024-09-04T22:05:28.367+0700] {logging_mixin.py:188} INFO - Fetching page 43 for price category: dibawah-60-juta
[2024-09-04T22:05:28.461+0700] {logging_mixin.py:188} INFO - Fetching page 44 for price category: dibawah-60-juta
[2024-09-04T22:05:28.769+0700] {logging_mixin.py:188} INFO - Fetching page 34 for price category: dibawah-70-juta
[2024-09-04T22:05:28.961+0700] {logging_mixin.py:188} INFO - Fetching page 35 for price category: dibawah-70-juta
[2024-09-04T22:05:29.357+0700] {logging_mixin.py:188} INFO - Fetching page 45 for price category: dibawah-60-juta
[2024-09-04T22:05:29.370+0700] {logging_mixin.py:188} INFO - Fetching page 46 for price category: dibawah-60-juta
[2024-09-04T22:05:29.502+0700] {logging_mixin.py:188} INFO - Fetching page 36 for price category: dibawah-70-juta
[2024-09-04T22:05:29.602+0700] {logging_mixin.py:188} INFO - Fetching page 45 for price category: dibawah-50-juta
[2024-09-04T22:05:29.628+0700] {logging_mixin.py:188} INFO - Fetching page 23 for price category: dibawah-80-juta
[2024-09-04T22:05:30.270+0700] {logging_mixin.py:188} INFO - Fetching page 24 for price category: dibawah-80-juta
[2024-09-04T22:05:30.356+0700] {logging_mixin.py:188} INFO - Fetching page 47 for price category: dibawah-60-juta
[2024-09-04T22:05:30.500+0700] {logging_mixin.py:188} INFO - Fetching page 48 for price category: dibawah-60-juta
[2024-09-04T22:05:30.525+0700] {logging_mixin.py:188} INFO - Fetching page 25 for price category: dibawah-80-juta
[2024-09-04T22:05:30.611+0700] {logging_mixin.py:188} INFO - Fetching page 26 for price category: dibawah-80-juta
[2024-09-04T22:05:30.887+0700] {logging_mixin.py:188} INFO - Fetching page 37 for price category: dibawah-70-juta
[2024-09-04T22:05:30.895+0700] {logging_mixin.py:188} INFO - Fetching page 46 for price category: dibawah-50-juta
[2024-09-04T22:05:30.905+0700] {logging_mixin.py:188} INFO - Fetching page 47 for price category: dibawah-50-juta
[2024-09-04T22:05:31.062+0700] {logging_mixin.py:188} INFO - Fetching page 48 for price category: dibawah-50-juta
[2024-09-04T22:05:31.206+0700] {logging_mixin.py:188} INFO - Fetching page 38 for price category: dibawah-70-juta
[2024-09-04T22:05:31.209+0700] {logging_mixin.py:188} INFO - Fetching page 39 for price category: dibawah-70-juta
[2024-09-04T22:05:31.360+0700] {logging_mixin.py:188} INFO - Fetching page 49 for price category: dibawah-60-juta
[2024-09-04T22:05:31.362+0700] {logging_mixin.py:188} INFO - Fetching page 40 for price category: dibawah-70-juta
[2024-09-04T22:05:31.441+0700] {logging_mixin.py:188} INFO - Fetching page 50 for price category: dibawah-60-juta
[2024-09-04T22:05:31.554+0700] {logging_mixin.py:188} INFO - Fetching page 49 for price category: dibawah-50-juta
[2024-09-04T22:05:31.594+0700] {logging_mixin.py:188} INFO - Fetching page 27 for price category: dibawah-80-juta
[2024-09-04T22:05:31.615+0700] {logging_mixin.py:188} INFO - Fetching page 28 for price category: dibawah-80-juta
[2024-09-04T22:05:31.644+0700] {logging_mixin.py:188} INFO - Fetching page 51 for price category: dibawah-60-juta
[2024-09-04T22:05:31.662+0700] {logging_mixin.py:188} INFO - Fetching page 52 for price category: dibawah-60-juta
[2024-09-04T22:05:32.080+0700] {logging_mixin.py:188} INFO - Fetching page 41 for price category: dibawah-70-juta
[2024-09-04T22:05:32.154+0700] {logging_mixin.py:188} INFO - Fetching page 29 for price category: dibawah-80-juta
[2024-09-04T22:05:32.179+0700] {logging_mixin.py:188} INFO - Fetching page 30 for price category: dibawah-80-juta
[2024-09-04T22:05:32.698+0700] {logging_mixin.py:188} INFO - Fetching page 42 for price category: dibawah-70-juta
[2024-09-04T22:05:32.880+0700] {logging_mixin.py:188} INFO - Fetching page 53 for price category: dibawah-60-juta
[2024-09-04T22:05:32.934+0700] {logging_mixin.py:188} INFO - Fetching page 44 for price category: dibawah-70-juta
[2024-09-04T22:05:32.909+0700] {logging_mixin.py:188} INFO - Fetching page 43 for price category: dibawah-70-juta
[2024-09-04T22:05:33.136+0700] {logging_mixin.py:188} INFO - Fetching page 31 for price category: dibawah-80-juta
[2024-09-04T22:05:33.167+0700] {logging_mixin.py:188} INFO - Fetching page 54 for price category: dibawah-60-juta
[2024-09-04T22:05:33.174+0700] {logging_mixin.py:188} INFO - Fetching page 32 for price category: dibawah-80-juta
[2024-09-04T22:05:33.215+0700] {logging_mixin.py:188} INFO - Fetching page 55 for price category: dibawah-60-juta
[2024-09-04T22:05:33.219+0700] {logging_mixin.py:188} INFO - Fetching page 56 for price category: dibawah-60-juta
[2024-09-04T22:05:33.343+0700] {logging_mixin.py:188} INFO - Fetching page 33 for price category: dibawah-80-juta
[2024-09-04T22:05:33.379+0700] {logging_mixin.py:188} INFO - Fetching page 45 for price category: dibawah-70-juta
[2024-09-04T22:05:33.432+0700] {logging_mixin.py:188} INFO - Fetching page 34 for price category: dibawah-80-juta
[2024-09-04T22:05:33.444+0700] {logging_mixin.py:188} INFO - Data for price category dibawah-50-juta written to /home/miracle/mobil/scrape/output/oto/2024-09-04/oto_car_dibawah_50_juta_2024-09-04.csv
[2024-09-04T22:05:33.608+0700] {logging_mixin.py:188} INFO - Fetching page 57 for price category: dibawah-60-juta
[2024-09-04T22:05:33.644+0700] {logging_mixin.py:188} INFO - Fetching page 46 for price category: dibawah-70-juta
[2024-09-04T22:05:33.742+0700] {logging_mixin.py:188} INFO - Fetching page 47 for price category: dibawah-70-juta
[2024-09-04T22:05:33.933+0700] {logging_mixin.py:188} INFO - Fetching page 58 for price category: dibawah-60-juta
[2024-09-04T22:05:34.419+0700] {logging_mixin.py:188} INFO - Fetching page 1 for price category: dibawah-90-juta
[2024-09-04T22:05:34.440+0700] {logging_mixin.py:188} INFO - Fetching page 2 for price category: dibawah-90-juta
[2024-09-04T22:05:34.454+0700] {logging_mixin.py:188} INFO - Fetching page 3 for price category: dibawah-90-juta
[2024-09-04T22:05:34.539+0700] {logging_mixin.py:188} INFO - Fetching page 4 for price category: dibawah-90-juta
[2024-09-04T22:05:34.703+0700] {logging_mixin.py:188} INFO - Fetching page 35 for price category: dibawah-80-juta
[2024-09-04T22:05:34.707+0700] {logging_mixin.py:188} INFO - Fetching page 59 for price category: dibawah-60-juta
[2024-09-04T22:05:34.720+0700] {logging_mixin.py:188} INFO - Fetching page 48 for price category: dibawah-70-juta
[2024-09-04T22:05:34.735+0700] {logging_mixin.py:188} INFO - Fetching page 36 for price category: dibawah-80-juta
[2024-09-04T22:05:34.872+0700] {logging_mixin.py:188} INFO - Fetching page 49 for price category: dibawah-70-juta
[2024-09-04T22:05:35.032+0700] {logging_mixin.py:188} INFO - Fetching page 37 for price category: dibawah-80-juta
[2024-09-04T22:05:35.067+0700] {logging_mixin.py:188} INFO - Fetching page 50 for price category: dibawah-70-juta
[2024-09-04T22:05:35.081+0700] {logging_mixin.py:188} INFO - Fetching page 60 for price category: dibawah-60-juta
[2024-09-04T22:05:35.091+0700] {logging_mixin.py:188} INFO - Fetching page 61 for price category: dibawah-60-juta
[2024-09-04T22:05:35.167+0700] {logging_mixin.py:188} INFO - Fetching page 51 for price category: dibawah-70-juta
[2024-09-04T22:05:35.216+0700] {logging_mixin.py:188} INFO - Fetching page 38 for price category: dibawah-80-juta
[2024-09-04T22:05:35.296+0700] {logging_mixin.py:188} INFO - Fetching page 62 for price category: dibawah-60-juta
[2024-09-04T22:05:35.383+0700] {logging_mixin.py:188} INFO - Fetching page 5 for price category: dibawah-90-juta
[2024-09-04T22:05:35.593+0700] {logging_mixin.py:188} INFO - Fetching page 6 for price category: dibawah-90-juta
[2024-09-04T22:05:35.601+0700] {logging_mixin.py:188} INFO - Fetching page 7 for price category: dibawah-90-juta
[2024-09-04T22:05:35.643+0700] {logging_mixin.py:188} INFO - Fetching page 52 for price category: dibawah-70-juta
[2024-09-04T22:05:35.646+0700] {logging_mixin.py:188} INFO - Fetching page 39 for price category: dibawah-80-juta
[2024-09-04T22:05:35.678+0700] {logging_mixin.py:188} INFO - Fetching page 8 for price category: dibawah-90-juta
[2024-09-04T22:05:36.035+0700] {logging_mixin.py:188} INFO - Fetching page 40 for price category: dibawah-80-juta
[2024-09-04T22:05:36.085+0700] {logging_mixin.py:188} INFO - Fetching page 41 for price category: dibawah-80-juta
[2024-09-04T22:05:36.186+0700] {logging_mixin.py:188} INFO - Fetching page 63 for price category: dibawah-60-juta
[2024-09-04T22:05:36.187+0700] {logging_mixin.py:188} INFO - Fetching page 64 for price category: dibawah-60-juta
[2024-09-04T22:05:36.232+0700] {logging_mixin.py:188} INFO - Fetching page 65 for price category: dibawah-60-juta
[2024-09-04T22:05:36.339+0700] {logging_mixin.py:188} INFO - Fetching page 66 for price category: dibawah-60-juta
[2024-09-04T22:05:36.366+0700] {logging_mixin.py:188} INFO - Fetching page 53 for price category: dibawah-70-juta
[2024-09-04T22:05:36.453+0700] {logging_mixin.py:188} INFO - Fetching page 54 for price category: dibawah-70-juta
[2024-09-04T22:05:36.495+0700] {logging_mixin.py:188} INFO - Fetching page 55 for price category: dibawah-70-juta
[2024-09-04T22:05:36.502+0700] {logging_mixin.py:188} INFO - Fetching page 42 for price category: dibawah-80-juta
[2024-09-04T22:05:36.573+0700] {logging_mixin.py:188} INFO - Fetching page 9 for price category: dibawah-90-juta
[2024-09-04T22:05:36.782+0700] {logging_mixin.py:188} INFO - Fetching page 10 for price category: dibawah-90-juta
[2024-09-04T22:05:36.840+0700] {logging_mixin.py:188} INFO - Fetching page 56 for price category: dibawah-70-juta
[2024-09-04T22:05:36.875+0700] {logging_mixin.py:188} INFO - Fetching page 11 for price category: dibawah-90-juta
[2024-09-04T22:05:37.571+0700] {logging_mixin.py:188} INFO - Fetching page 43 for price category: dibawah-80-juta
[2024-09-04T22:05:37.729+0700] {logging_mixin.py:188} INFO - Fetching page 67 for price category: dibawah-60-juta
[2024-09-04T22:05:37.731+0700] {logging_mixin.py:188} INFO - Fetching page 44 for price category: dibawah-80-juta
[2024-09-04T22:05:37.745+0700] {logging_mixin.py:188} INFO - Fetching page 45 for price category: dibawah-80-juta
[2024-09-04T22:05:37.868+0700] {logging_mixin.py:188} INFO - Fetching page 57 for price category: dibawah-70-juta
[2024-09-04T22:05:37.892+0700] {logging_mixin.py:188} INFO - Fetching page 12 for price category: dibawah-90-juta
[2024-09-04T22:05:37.900+0700] {logging_mixin.py:188} INFO - Fetching page 68 for price category: dibawah-60-juta
[2024-09-04T22:05:37.939+0700] {logging_mixin.py:188} INFO - Fetching page 69 for price category: dibawah-60-juta
[2024-09-04T22:05:37.954+0700] {logging_mixin.py:188} INFO - Fetching page 58 for price category: dibawah-70-juta
[2024-09-04T22:05:38.111+0700] {logging_mixin.py:188} INFO - Fetching page 59 for price category: dibawah-70-juta
[2024-09-04T22:05:38.151+0700] {logging_mixin.py:188} INFO - Fetching page 46 for price category: dibawah-80-juta
[2024-09-04T22:05:38.295+0700] {logging_mixin.py:188} INFO - Fetching page 70 for price category: dibawah-60-juta
[2024-09-04T22:05:38.407+0700] {logging_mixin.py:188} INFO - Fetching page 60 for price category: dibawah-70-juta
[2024-09-04T22:05:38.520+0700] {logging_mixin.py:188} INFO - Fetching page 14 for price category: dibawah-90-juta
[2024-09-04T22:05:38.535+0700] {logging_mixin.py:188} INFO - Fetching page 13 for price category: dibawah-90-juta
[2024-09-04T22:05:38.699+0700] {logging_mixin.py:188} INFO - Fetching page 71 for price category: dibawah-60-juta
[2024-09-04T22:05:38.711+0700] {logging_mixin.py:188} INFO - Fetching page 47 for price category: dibawah-80-juta
[2024-09-04T22:05:38.718+0700] {logging_mixin.py:188} INFO - Fetching page 48 for price category: dibawah-80-juta
[2024-09-04T22:05:38.720+0700] {logging_mixin.py:188} INFO - Fetching page 15 for price category: dibawah-90-juta
[2024-09-04T22:05:38.814+0700] {logging_mixin.py:188} INFO - Fetching page 49 for price category: dibawah-80-juta
[2024-09-04T22:05:38.884+0700] {logging_mixin.py:188} INFO - Fetching page 16 for price category: dibawah-90-juta
[2024-09-04T22:05:38.979+0700] {logging_mixin.py:188} INFO - Fetching page 61 for price category: dibawah-70-juta
[2024-09-04T22:05:39.006+0700] {logging_mixin.py:188} INFO - Fetching page 72 for price category: dibawah-60-juta
[2024-09-04T22:05:39.506+0700] {logging_mixin.py:188} INFO - Fetching page 62 for price category: dibawah-70-juta
[2024-09-04T22:05:39.611+0700] {logging_mixin.py:188} INFO - Fetching page 17 for price category: dibawah-90-juta
[2024-09-04T22:05:39.647+0700] {logging_mixin.py:188} INFO - Fetching page 73 for price category: dibawah-60-juta
[2024-09-04T22:05:39.664+0700] {logging_mixin.py:188} INFO - Fetching page 50 for price category: dibawah-80-juta
[2024-09-04T22:05:39.687+0700] {logging_mixin.py:188} INFO - Fetching page 63 for price category: dibawah-70-juta
[2024-09-04T22:05:39.697+0700] {logging_mixin.py:188} INFO - Fetching page 64 for price category: dibawah-70-juta
[2024-09-04T22:05:39.715+0700] {logging_mixin.py:188} INFO - Fetching page 74 for price category: dibawah-60-juta
[2024-09-04T22:05:39.934+0700] {logging_mixin.py:188} INFO - Fetching page 18 for price category: dibawah-90-juta
[2024-09-04T22:05:39.970+0700] {logging_mixin.py:188} INFO - Fetching page 51 for price category: dibawah-80-juta
[2024-09-04T22:05:39.992+0700] {logging_mixin.py:188} INFO - Fetching page 75 for price category: dibawah-60-juta
[2024-09-04T22:05:40.057+0700] {logging_mixin.py:188} INFO - Fetching page 52 for price category: dibawah-80-juta
[2024-09-04T22:05:40.075+0700] {logging_mixin.py:188} INFO - Fetching page 53 for price category: dibawah-80-juta
[2024-09-04T22:05:40.184+0700] {logging_mixin.py:188} INFO - Fetching page 65 for price category: dibawah-70-juta
[2024-09-04T22:05:40.216+0700] {logging_mixin.py:188} INFO - Fetching page 19 for price category: dibawah-90-juta
[2024-09-04T22:05:40.249+0700] {logging_mixin.py:188} INFO - Fetching page 20 for price category: dibawah-90-juta
[2024-09-04T22:05:40.532+0700] {logging_mixin.py:188} INFO - Fetching page 66 for price category: dibawah-70-juta
[2024-09-04T22:05:40.557+0700] {logging_mixin.py:188} INFO - Fetching page 21 for price category: dibawah-90-juta
[2024-09-04T22:05:40.577+0700] {logging_mixin.py:188} INFO - Fetching page 76 for price category: dibawah-60-juta
[2024-09-04T22:05:41.015+0700] {logging_mixin.py:188} INFO - Fetching page 67 for price category: dibawah-70-juta
[2024-09-04T22:05:41.059+0700] {logging_mixin.py:188} INFO - Fetching page 68 for price category: dibawah-70-juta
[2024-09-04T22:05:41.062+0700] {logging_mixin.py:188} INFO - Fetching page 77 for price category: dibawah-60-juta
[2024-09-04T22:05:41.095+0700] {logging_mixin.py:188} INFO - Fetching page 78 for price category: dibawah-60-juta
[2024-09-04T22:05:41.259+0700] {logging_mixin.py:188} INFO - Fetching page 69 for price category: dibawah-70-juta
[2024-09-04T22:05:41.293+0700] {logging_mixin.py:188} INFO - Fetching page 54 for price category: dibawah-80-juta
[2024-09-04T22:05:41.401+0700] {logging_mixin.py:188} INFO - Fetching page 22 for price category: dibawah-90-juta
[2024-09-04T22:05:41.459+0700] {logging_mixin.py:188} INFO - Fetching page 55 for price category: dibawah-80-juta
[2024-09-04T22:05:41.492+0700] {logging_mixin.py:188} INFO - Fetching page 56 for price category: dibawah-80-juta
[2024-09-04T22:05:41.534+0700] {logging_mixin.py:188} INFO - Fetching page 57 for price category: dibawah-80-juta
[2024-09-04T22:05:41.527+0700] {logging_mixin.py:188} INFO - Fetching page 23 for price category: dibawah-90-juta
[2024-09-04T22:05:41.542+0700] {logging_mixin.py:188} INFO - Fetching page 79 for price category: dibawah-60-juta
[2024-09-04T22:05:41.629+0700] {logging_mixin.py:188} INFO - Fetching page 70 for price category: dibawah-70-juta
[2024-09-04T22:05:41.658+0700] {logging_mixin.py:188} INFO - Fetching page 24 for price category: dibawah-90-juta
[2024-09-04T22:05:41.805+0700] {logging_mixin.py:188} INFO - Fetching page 80 for price category: dibawah-60-juta
[2024-09-04T22:05:41.947+0700] {logging_mixin.py:188} INFO - Fetching page 25 for price category: dibawah-90-juta
[2024-09-04T22:05:42.064+0700] {logging_mixin.py:188} INFO - Fetching page 81 for price category: dibawah-60-juta
[2024-09-04T22:05:42.096+0700] {logging_mixin.py:188} INFO - Fetching page 71 for price category: dibawah-70-juta
[2024-09-04T22:05:42.204+0700] {logging_mixin.py:188} INFO - Fetching page 72 for price category: dibawah-70-juta
[2024-09-04T22:05:42.328+0700] {logging_mixin.py:188} INFO - Fetching page 26 for price category: dibawah-90-juta
[2024-09-04T22:05:42.584+0700] {logging_mixin.py:188} INFO - Fetching page 82 for price category: dibawah-60-juta
[2024-09-04T22:05:42.621+0700] {logging_mixin.py:188} INFO - Fetching page 73 for price category: dibawah-70-juta
[2024-09-04T22:05:42.665+0700] {logging_mixin.py:188} INFO - Fetching page 58 for price category: dibawah-80-juta
[2024-09-04T22:05:42.732+0700] {logging_mixin.py:188} INFO - Fetching page 27 for price category: dibawah-90-juta
[2024-09-04T22:05:42.751+0700] {logging_mixin.py:188} INFO - Fetching page 74 for price category: dibawah-70-juta
[2024-09-04T22:05:42.764+0700] {logging_mixin.py:188} INFO - Fetching page 59 for price category: dibawah-80-juta
[2024-09-04T22:05:42.849+0700] {logging_mixin.py:188} INFO - Fetching page 83 for price category: dibawah-60-juta
[2024-09-04T22:05:42.855+0700] {logging_mixin.py:188} INFO - Fetching page 60 for price category: dibawah-80-juta
[2024-09-04T22:05:42.883+0700] {logging_mixin.py:188} INFO - Fetching page 84 for price category: dibawah-60-juta
[2024-09-04T22:05:42.905+0700] {logging_mixin.py:188} INFO - Fetching page 61 for price category: dibawah-80-juta
[2024-09-04T22:05:43.017+0700] {logging_mixin.py:188} INFO - Fetching page 28 for price category: dibawah-90-juta
[2024-09-04T22:05:43.280+0700] {logging_mixin.py:188} INFO - Fetching page 85 for price category: dibawah-60-juta
[2024-09-04T22:05:43.379+0700] {logging_mixin.py:188} INFO - Fetching page 29 for price category: dibawah-90-juta
[2024-09-04T22:05:43.686+0700] {logging_mixin.py:188} INFO - Fetching page 75 for price category: dibawah-70-juta
[2024-09-04T22:05:43.698+0700] {logging_mixin.py:188} INFO - Fetching page 76 for price category: dibawah-70-juta
[2024-09-04T22:05:43.733+0700] {logging_mixin.py:188} INFO - Fetching page 30 for price category: dibawah-90-juta
[2024-09-04T22:05:43.901+0700] {logging_mixin.py:188} INFO - Fetching page 77 for price category: dibawah-70-juta
[2024-09-04T22:05:44.200+0700] {logging_mixin.py:188} INFO - Fetching page 62 for price category: dibawah-80-juta
[2024-09-04T22:05:44.257+0700] {logging_mixin.py:188} INFO - Fetching page 31 for price category: dibawah-90-juta
[2024-09-04T22:05:44.295+0700] {logging_mixin.py:188} INFO - Fetching page 63 for price category: dibawah-80-juta
[2024-09-04T22:05:44.376+0700] {logging_mixin.py:188} INFO - Fetching page 86 for price category: dibawah-60-juta
[2024-09-04T22:05:44.380+0700] {logging_mixin.py:188} INFO - Fetching page 64 for price category: dibawah-80-juta
[2024-09-04T22:05:44.797+0700] {logging_mixin.py:188} INFO - Fetching page 65 for price category: dibawah-80-juta
[2024-09-04T22:05:44.847+0700] {logging_mixin.py:188} INFO - Fetching page 87 for price category: dibawah-60-juta
[2024-09-04T22:05:45.052+0700] {logging_mixin.py:188} INFO - Fetching page 32 for price category: dibawah-90-juta
[2024-09-04T22:05:45.076+0700] {logging_mixin.py:188} INFO - Fetching page 78 for price category: dibawah-70-juta
[2024-09-04T22:05:45.267+0700] {logging_mixin.py:188} INFO - Fetching page 88 for price category: dibawah-60-juta
[2024-09-04T22:05:45.404+0700] {logging_mixin.py:188} INFO - Fetching page 89 for price category: dibawah-60-juta
[2024-09-04T22:05:45.469+0700] {logging_mixin.py:188} INFO - Fetching page 79 for price category: dibawah-70-juta
[2024-09-04T22:05:45.486+0700] {logging_mixin.py:188} INFO - Fetching page 33 for price category: dibawah-90-juta
[2024-09-04T22:05:45.538+0700] {logging_mixin.py:188} INFO - Fetching page 80 for price category: dibawah-70-juta
[2024-09-04T22:05:45.713+0700] {logging_mixin.py:188} INFO - Fetching page 34 for price category: dibawah-90-juta
[2024-09-04T22:05:45.903+0700] {logging_mixin.py:188} INFO - Fetching page 35 for price category: dibawah-90-juta
[2024-09-04T22:05:45.935+0700] {logging_mixin.py:188} INFO - Fetching page 81 for price category: dibawah-70-juta
[2024-09-04T22:05:46.010+0700] {logging_mixin.py:188} INFO - Fetching page 66 for price category: dibawah-80-juta
[2024-09-04T22:05:46.061+0700] {logging_mixin.py:188} INFO - Fetching page 67 for price category: dibawah-80-juta
[2024-09-04T22:05:46.291+0700] {logging_mixin.py:188} INFO - Fetching page 36 for price category: dibawah-90-juta
[2024-09-04T22:05:46.370+0700] {logging_mixin.py:188} INFO - Fetching page 68 for price category: dibawah-80-juta
[2024-09-04T22:05:46.388+0700] {logging_mixin.py:188} INFO - Fetching page 90 for price category: dibawah-60-juta
[2024-09-04T22:05:46.773+0700] {logging_mixin.py:188} INFO - Fetching page 91 for price category: dibawah-60-juta
[2024-09-04T22:05:46.790+0700] {logging_mixin.py:188} INFO - Fetching page 92 for price category: dibawah-60-juta
[2024-09-04T22:05:46.854+0700] {logging_mixin.py:188} INFO - Fetching page 82 for price category: dibawah-70-juta
[2024-09-04T22:05:46.861+0700] {logging_mixin.py:188} INFO - Fetching page 93 for price category: dibawah-60-juta
[2024-09-04T22:05:46.879+0700] {logging_mixin.py:188} INFO - Fetching page 83 for price category: dibawah-70-juta
[2024-09-04T22:05:47.160+0700] {logging_mixin.py:188} INFO - Fetching page 69 for price category: dibawah-80-juta
[2024-09-04T22:05:47.240+0700] {logging_mixin.py:188} INFO - Fetching page 84 for price category: dibawah-70-juta
[2024-09-04T22:05:47.264+0700] {logging_mixin.py:188} INFO - Fetching page 37 for price category: dibawah-90-juta
[2024-09-04T22:05:47.281+0700] {logging_mixin.py:188} INFO - Fetching page 85 for price category: dibawah-70-juta
[2024-09-04T22:05:47.325+0700] {logging_mixin.py:188} INFO - Fetching page 38 for price category: dibawah-90-juta
[2024-09-04T22:05:47.333+0700] {logging_mixin.py:188} INFO - Fetching page 70 for price category: dibawah-80-juta
[2024-09-04T22:05:47.496+0700] {logging_mixin.py:188} INFO - Fetching page 71 for price category: dibawah-80-juta
[2024-09-04T22:05:47.652+0700] {logging_mixin.py:188} INFO - Fetching page 72 for price category: dibawah-80-juta
[2024-09-04T22:05:47.686+0700] {logging_mixin.py:188} INFO - Fetching page 39 for price category: dibawah-90-juta
[2024-09-04T22:05:47.697+0700] {logging_mixin.py:188} INFO - Fetching page 94 for price category: dibawah-60-juta
[2024-09-04T22:05:47.883+0700] {logging_mixin.py:188} INFO - Fetching page 95 for price category: dibawah-60-juta
[2024-09-04T22:05:47.901+0700] {logging_mixin.py:188} INFO - Fetching page 40 for price category: dibawah-90-juta
[2024-09-04T22:05:48.008+0700] {logging_mixin.py:188} INFO - Fetching page 86 for price category: dibawah-70-juta
[2024-09-04T22:05:48.036+0700] {logging_mixin.py:188} INFO - Fetching page 96 for price category: dibawah-60-juta
[2024-09-04T22:05:48.092+0700] {logging_mixin.py:188} INFO - Fetching page 87 for price category: dibawah-70-juta
[2024-09-04T22:05:48.449+0700] {logging_mixin.py:188} INFO - Fetching page 88 for price category: dibawah-70-juta
[2024-09-04T22:05:48.472+0700] {logging_mixin.py:188} INFO - Fetching page 73 for price category: dibawah-80-juta
[2024-09-04T22:05:48.485+0700] {logging_mixin.py:188} INFO - Fetching page 97 for price category: dibawah-60-juta
[2024-09-04T22:05:48.565+0700] {logging_mixin.py:188} INFO - Fetching page 89 for price category: dibawah-70-juta
[2024-09-04T22:05:48.604+0700] {logging_mixin.py:188} INFO - Fetching page 74 for price category: dibawah-80-juta
[2024-09-04T22:05:48.619+0700] {logging_mixin.py:188} INFO - Fetching page 75 for price category: dibawah-80-juta
[2024-09-04T22:05:48.676+0700] {logging_mixin.py:188} INFO - Fetching page 76 for price category: dibawah-80-juta
[2024-09-04T22:05:48.694+0700] {logging_mixin.py:188} INFO - Fetching page 41 for price category: dibawah-90-juta
[2024-09-04T22:05:48.782+0700] {logging_mixin.py:188} INFO - Fetching page 42 for price category: dibawah-90-juta
[2024-09-04T22:05:48.784+0700] {logging_mixin.py:188} INFO - Fetching page 98 for price category: dibawah-60-juta
[2024-09-04T22:05:48.874+0700] {logging_mixin.py:188} INFO - Fetching page 43 for price category: dibawah-90-juta
[2024-09-04T22:05:49.109+0700] {logging_mixin.py:188} INFO - Fetching page 99 for price category: dibawah-60-juta
[2024-09-04T22:05:49.203+0700] {logging_mixin.py:188} INFO - Fetching page 90 for price category: dibawah-70-juta
[2024-09-04T22:05:49.205+0700] {logging_mixin.py:188} INFO - Fetching page 91 for price category: dibawah-70-juta
[2024-09-04T22:05:49.230+0700] {logging_mixin.py:188} INFO - Fetching page 92 for price category: dibawah-70-juta
[2024-09-04T22:05:49.254+0700] {logging_mixin.py:188} INFO - Fetching page 100 for price category: dibawah-60-juta
[2024-09-04T22:05:49.339+0700] {logging_mixin.py:188} INFO - Fetching page 77 for price category: dibawah-80-juta
[2024-09-04T22:05:49.341+0700] {logging_mixin.py:188} INFO - Fetching page 44 for price category: dibawah-90-juta
[2024-09-04T22:05:49.546+0700] {logging_mixin.py:188} INFO - Fetching page 78 for price category: dibawah-80-juta
[2024-09-04T22:05:49.628+0700] {logging_mixin.py:188} INFO - Fetching page 101 for price category: dibawah-60-juta
[2024-09-04T22:05:49.833+0700] {logging_mixin.py:188} INFO - Fetching page 45 for price category: dibawah-90-juta
[2024-09-04T22:05:49.965+0700] {logging_mixin.py:188} INFO - Fetching page 46 for price category: dibawah-90-juta
[2024-09-04T22:05:49.968+0700] {logging_mixin.py:188} INFO - Fetching page 79 for price category: dibawah-80-juta
[2024-09-04T22:05:49.986+0700] {logging_mixin.py:188} INFO - Fetching page 102 for price category: dibawah-60-juta
[2024-09-04T22:05:50.097+0700] {logging_mixin.py:188} INFO - Fetching page 93 for price category: dibawah-70-juta
[2024-09-04T22:05:50.149+0700] {logging_mixin.py:188} INFO - Fetching page 103 for price category: dibawah-60-juta
[2024-09-04T22:05:50.153+0700] {logging_mixin.py:188} INFO - Fetching page 80 for price category: dibawah-80-juta
[2024-09-04T22:05:50.316+0700] {logging_mixin.py:188} INFO - Fetching page 94 for price category: dibawah-70-juta
[2024-09-04T22:05:50.437+0700] {logging_mixin.py:188} INFO - Fetching page 47 for price category: dibawah-90-juta
[2024-09-04T22:05:50.487+0700] {logging_mixin.py:188} INFO - Fetching page 81 for price category: dibawah-80-juta
[2024-09-04T22:05:50.534+0700] {logging_mixin.py:188} INFO - Fetching page 104 for price category: dibawah-60-juta
[2024-09-04T22:05:50.541+0700] {logging_mixin.py:188} INFO - Fetching page 95 for price category: dibawah-70-juta
[2024-09-04T22:05:50.598+0700] {logging_mixin.py:188} INFO - Fetching page 48 for price category: dibawah-90-juta
[2024-09-04T22:05:50.600+0700] {logging_mixin.py:188} INFO - Fetching page 96 for price category: dibawah-70-juta
[2024-09-04T22:05:50.716+0700] {logging_mixin.py:188} INFO - Fetching page 82 for price category: dibawah-80-juta
[2024-09-04T22:05:50.777+0700] {logging_mixin.py:188} INFO - Fetching page 105 for price category: dibawah-60-juta
[2024-09-04T22:05:50.880+0700] {logging_mixin.py:188} INFO - Fetching page 49 for price category: dibawah-90-juta
[2024-09-04T22:05:50.881+0700] {logging_mixin.py:188} INFO - Fetching page 106 for price category: dibawah-60-juta
[2024-09-04T22:05:50.884+0700] {logging_mixin.py:188} INFO - Fetching page 50 for price category: dibawah-90-juta
[2024-09-04T22:05:50.984+0700] {logging_mixin.py:188} INFO - Fetching page 97 for price category: dibawah-70-juta
[2024-09-04T22:05:51.040+0700] {logging_mixin.py:188} INFO - Fetching page 83 for price category: dibawah-80-juta
[2024-09-04T22:05:51.400+0700] {logging_mixin.py:188} INFO - Fetching page 107 for price category: dibawah-60-juta
[2024-09-04T22:05:51.562+0700] {logging_mixin.py:188} INFO - Fetching page 51 for price category: dibawah-90-juta
[2024-09-04T22:05:51.726+0700] {logging_mixin.py:188} INFO - Fetching page 98 for price category: dibawah-70-juta
[2024-09-04T22:05:51.749+0700] {logging_mixin.py:188} INFO - Fetching page 108 for price category: dibawah-60-juta
[2024-09-04T22:05:51.786+0700] {logging_mixin.py:188} INFO - Fetching page 84 for price category: dibawah-80-juta
[2024-09-04T22:05:51.820+0700] {logging_mixin.py:188} INFO - Fetching page 85 for price category: dibawah-80-juta
[2024-09-04T22:05:51.865+0700] {logging_mixin.py:188} INFO - Fetching page 99 for price category: dibawah-70-juta
[2024-09-04T22:05:51.900+0700] {logging_mixin.py:188} INFO - Fetching page 109 for price category: dibawah-60-juta
[2024-09-04T22:05:52.264+0700] {logging_mixin.py:188} INFO - Fetching page 52 for price category: dibawah-90-juta
[2024-09-04T22:05:52.339+0700] {logging_mixin.py:188} INFO - Fetching page 86 for price category: dibawah-80-juta
[2024-09-04T22:05:52.463+0700] {logging_mixin.py:188} INFO - Fetching page 100 for price category: dibawah-70-juta
[2024-09-04T22:05:52.483+0700] {logging_mixin.py:188} INFO - Fetching page 53 for price category: dibawah-90-juta
[2024-09-04T22:05:52.493+0700] {logging_mixin.py:188} INFO - Fetching page 110 for price category: dibawah-60-juta
[2024-09-04T22:05:52.531+0700] {logging_mixin.py:188} INFO - Fetching page 101 for price category: dibawah-70-juta
[2024-09-04T22:05:52.550+0700] {logging_mixin.py:188} INFO - Fetching page 111 for price category: dibawah-60-juta
[2024-09-04T22:05:52.680+0700] {logging_mixin.py:188} INFO - Fetching page 54 for price category: dibawah-90-juta
[2024-09-04T22:05:52.762+0700] {logging_mixin.py:188} INFO - Fetching page 112 for price category: dibawah-60-juta
[2024-09-04T22:05:52.769+0700] {logging_mixin.py:188} INFO - Fetching page 102 for price category: dibawah-70-juta
[2024-09-04T22:05:53.009+0700] {logging_mixin.py:188} INFO - Fetching page 103 for price category: dibawah-70-juta
[2024-09-04T22:05:53.136+0700] {logging_mixin.py:188} INFO - Fetching page 87 for price category: dibawah-80-juta
[2024-09-04T22:05:53.299+0700] {logging_mixin.py:188} INFO - Fetching page 55 for price category: dibawah-90-juta
[2024-09-04T22:05:53.310+0700] {logging_mixin.py:188} INFO - Fetching page 88 for price category: dibawah-80-juta
[2024-09-04T22:05:53.359+0700] {logging_mixin.py:188} INFO - Fetching page 89 for price category: dibawah-80-juta
[2024-09-04T22:05:53.516+0700] {logging_mixin.py:188} INFO - Fetching page 56 for price category: dibawah-90-juta
[2024-09-04T22:05:53.533+0700] {logging_mixin.py:188} INFO - Fetching page 113 for price category: dibawah-60-juta
[2024-09-04T22:05:53.716+0700] {logging_mixin.py:188} INFO - Fetching page 57 for price category: dibawah-90-juta
[2024-09-04T22:05:53.770+0700] {logging_mixin.py:188} INFO - Fetching page 90 for price category: dibawah-80-juta
[2024-09-04T22:05:53.835+0700] {logging_mixin.py:188} INFO - Fetching page 104 for price category: dibawah-70-juta
[2024-09-04T22:05:54.067+0700] {logging_mixin.py:188} INFO - Fetching page 105 for price category: dibawah-70-juta
[2024-09-04T22:05:54.117+0700] {logging_mixin.py:188} INFO - Fetching page 58 for price category: dibawah-90-juta
[2024-09-04T22:05:54.189+0700] {logging_mixin.py:188} INFO - Fetching page 114 for price category: dibawah-60-juta
[2024-09-04T22:05:54.233+0700] {logging_mixin.py:188} INFO - Fetching page 91 for price category: dibawah-80-juta
[2024-09-04T22:05:54.272+0700] {logging_mixin.py:188} INFO - Fetching page 106 for price category: dibawah-70-juta
[2024-09-04T22:05:54.274+0700] {logging_mixin.py:188} INFO - Fetching page 115 for price category: dibawah-60-juta
[2024-09-04T22:05:54.286+0700] {logging_mixin.py:188} INFO - Fetching page 116 for price category: dibawah-60-juta
[2024-09-04T22:05:54.358+0700] {logging_mixin.py:188} INFO - Fetching page 107 for price category: dibawah-70-juta
[2024-09-04T22:05:54.697+0700] {logging_mixin.py:188} INFO - Fetching page 92 for price category: dibawah-80-juta
[2024-09-04T22:05:54.734+0700] {logging_mixin.py:188} INFO - Fetching page 93 for price category: dibawah-80-juta
[2024-09-04T22:05:54.745+0700] {logging_mixin.py:188} INFO - Fetching page 117 for price category: dibawah-60-juta
[2024-09-04T22:05:54.948+0700] {logging_mixin.py:188} INFO - Fetching page 59 for price category: dibawah-90-juta
[2024-09-04T22:05:55.020+0700] {logging_mixin.py:188} INFO - Fetching page 60 for price category: dibawah-90-juta
[2024-09-04T22:05:55.022+0700] {logging_mixin.py:188} INFO - Fetching page 61 for price category: dibawah-90-juta
[2024-09-04T22:05:55.035+0700] {logging_mixin.py:188} INFO - Fetching page 94 for price category: dibawah-80-juta
[2024-09-04T22:05:55.278+0700] {logging_mixin.py:188} INFO - Fetching page 108 for price category: dibawah-70-juta
[2024-09-04T22:05:55.329+0700] {logging_mixin.py:188} INFO - Fetching page 109 for price category: dibawah-70-juta
[2024-09-04T22:05:55.388+0700] {logging_mixin.py:188} INFO - Fetching page 62 for price category: dibawah-90-juta
[2024-09-04T22:05:55.602+0700] {logging_mixin.py:188} INFO - Fetching page 118 for price category: dibawah-60-juta
[2024-09-04T22:05:55.625+0700] {logging_mixin.py:188} INFO - Fetching page 110 for price category: dibawah-70-juta
[2024-09-04T22:05:55.653+0700] {logging_mixin.py:188} INFO - Fetching page 119 for price category: dibawah-60-juta
[2024-09-04T22:05:55.683+0700] {logging_mixin.py:188} INFO - Fetching page 95 for price category: dibawah-80-juta
[2024-09-04T22:05:55.856+0700] {logging_mixin.py:188} INFO - Fetching page 120 for price category: dibawah-60-juta
[2024-09-04T22:05:55.977+0700] {logging_mixin.py:188} INFO - Fetching page 96 for price category: dibawah-80-juta
[2024-09-04T22:05:55.980+0700] {logging_mixin.py:188} INFO - Fetching page 121 for price category: dibawah-60-juta
[2024-09-04T22:05:55.983+0700] {logging_mixin.py:188} INFO - Fetching page 111 for price category: dibawah-70-juta
[2024-09-04T22:05:56.040+0700] {logging_mixin.py:188} INFO - Fetching page 97 for price category: dibawah-80-juta
[2024-09-04T22:05:56.350+0700] {logging_mixin.py:188} INFO - Fetching page 98 for price category: dibawah-80-juta
[2024-09-04T22:05:56.364+0700] {logging_mixin.py:188} INFO - Fetching page 63 for price category: dibawah-90-juta
[2024-09-04T22:05:56.435+0700] {logging_mixin.py:188} INFO - Fetching page 64 for price category: dibawah-90-juta
[2024-09-04T22:05:56.458+0700] {logging_mixin.py:188} INFO - Fetching page 65 for price category: dibawah-90-juta
[2024-09-04T22:05:56.497+0700] {logging_mixin.py:188} INFO - Fetching page 112 for price category: dibawah-70-juta
[2024-09-04T22:05:56.575+0700] {logging_mixin.py:188} INFO - Fetching page 113 for price category: dibawah-70-juta
[2024-09-04T22:05:56.866+0700] {logging_mixin.py:188} INFO - Fetching page 66 for price category: dibawah-90-juta
[2024-09-04T22:05:56.927+0700] {logging_mixin.py:188} INFO - Fetching page 99 for price category: dibawah-80-juta
[2024-09-04T22:05:56.992+0700] {logging_mixin.py:188} INFO - Fetching page 122 for price category: dibawah-60-juta
[2024-09-04T22:05:57.039+0700] {logging_mixin.py:188} INFO - Fetching page 123 for price category: dibawah-60-juta
[2024-09-04T22:05:57.042+0700] {logging_mixin.py:188} INFO - Fetching page 114 for price category: dibawah-70-juta
[2024-09-04T22:05:57.107+0700] {logging_mixin.py:188} INFO - Fetching page 124 for price category: dibawah-60-juta
[2024-09-04T22:05:57.121+0700] {logging_mixin.py:188} INFO - Fetching page 100 for price category: dibawah-80-juta
[2024-09-04T22:05:57.145+0700] {logging_mixin.py:188} INFO - Fetching page 115 for price category: dibawah-70-juta
[2024-09-04T22:05:57.216+0700] {logging_mixin.py:188} INFO - Fetching page 125 for price category: dibawah-60-juta
[2024-09-04T22:05:57.291+0700] {logging_mixin.py:188} INFO - Fetching page 101 for price category: dibawah-80-juta
[2024-09-04T22:05:57.317+0700] {logging_mixin.py:188} INFO - Fetching page 102 for price category: dibawah-80-juta
[2024-09-04T22:05:57.395+0700] {logging_mixin.py:188} INFO - Fetching page 67 for price category: dibawah-90-juta
[2024-09-04T22:05:57.546+0700] {logging_mixin.py:188} INFO - Fetching page 68 for price category: dibawah-90-juta
[2024-09-04T22:05:57.565+0700] {logging_mixin.py:188} INFO - Fetching page 69 for price category: dibawah-90-juta
[2024-09-04T22:05:58.019+0700] {logging_mixin.py:188} INFO - Fetching page 70 for price category: dibawah-90-juta
[2024-09-04T22:05:58.054+0700] {logging_mixin.py:188} INFO - Fetching page 116 for price category: dibawah-70-juta
[2024-09-04T22:05:58.339+0700] {logging_mixin.py:188} INFO - Fetching page 117 for price category: dibawah-70-juta
[2024-09-04T22:05:58.513+0700] {logging_mixin.py:188} INFO - Fetching page 126 for price category: dibawah-60-juta
[2024-09-04T22:05:58.515+0700] {logging_mixin.py:188} INFO - Fetching page 127 for price category: dibawah-60-juta
[2024-09-04T22:05:58.517+0700] {logging_mixin.py:188} INFO - Fetching page 103 for price category: dibawah-80-juta
[2024-09-04T22:05:58.571+0700] {logging_mixin.py:188} INFO - Fetching page 128 for price category: dibawah-60-juta
[2024-09-04T22:05:58.704+0700] {logging_mixin.py:188} INFO - Fetching page 104 for price category: dibawah-80-juta
[2024-09-04T22:05:58.712+0700] {logging_mixin.py:188} INFO - Fetching page 105 for price category: dibawah-80-juta
[2024-09-04T22:05:58.790+0700] {logging_mixin.py:188} INFO - Fetching page 118 for price category: dibawah-70-juta
[2024-09-04T22:05:58.807+0700] {logging_mixin.py:188} INFO - Fetching page 71 for price category: dibawah-90-juta
[2024-09-04T22:05:58.820+0700] {logging_mixin.py:188} INFO - Fetching page 106 for price category: dibawah-80-juta
[2024-09-04T22:05:58.849+0700] {logging_mixin.py:188} INFO - Fetching page 119 for price category: dibawah-70-juta
[2024-09-04T22:05:59.077+0700] {logging_mixin.py:188} INFO - Fetching page 129 for price category: dibawah-60-juta
[2024-09-04T22:05:59.101+0700] {logging_mixin.py:188} INFO - Fetching page 72 for price category: dibawah-90-juta
[2024-09-04T22:05:59.134+0700] {logging_mixin.py:188} INFO - Fetching page 73 for price category: dibawah-90-juta
[2024-09-04T22:05:59.185+0700] {logging_mixin.py:188} INFO - Fetching page 74 for price category: dibawah-90-juta
[2024-09-04T22:05:59.366+0700] {logging_mixin.py:188} INFO - Fetching page 120 for price category: dibawah-70-juta
[2024-09-04T22:05:59.489+0700] {logging_mixin.py:188} INFO - Fetching page 130 for price category: dibawah-60-juta
[2024-09-04T22:05:59.578+0700] {logging_mixin.py:188} INFO - Fetching page 107 for price category: dibawah-80-juta
[2024-09-04T22:05:59.852+0700] {logging_mixin.py:188} INFO - Fetching page 121 for price category: dibawah-70-juta
[2024-09-04T22:05:59.986+0700] {logging_mixin.py:188} INFO - Fetching page 131 for price category: dibawah-60-juta
[2024-09-04T22:06:00.097+0700] {logging_mixin.py:188} INFO - Fetching page 75 for price category: dibawah-90-juta
[2024-09-04T22:06:00.098+0700] {logging_mixin.py:188} INFO - Fetching page 108 for price category: dibawah-80-juta
[2024-09-04T22:06:00.115+0700] {logging_mixin.py:188} INFO - Fetching page 122 for price category: dibawah-70-juta
[2024-09-04T22:06:00.141+0700] {logging_mixin.py:188} INFO - Fetching page 109 for price category: dibawah-80-juta
[2024-09-04T22:06:00.282+0700] {logging_mixin.py:188} INFO - Fetching page 76 for price category: dibawah-90-juta
[2024-09-04T22:06:00.284+0700] {logging_mixin.py:188} INFO - Fetching page 123 for price category: dibawah-70-juta
[2024-09-04T22:06:00.352+0700] {logging_mixin.py:188} INFO - Fetching page 77 for price category: dibawah-90-juta
[2024-09-04T22:06:00.354+0700] {logging_mixin.py:188} INFO - Fetching page 110 for price category: dibawah-80-juta
[2024-09-04T22:06:00.394+0700] {logging_mixin.py:188} INFO - Fetching page 78 for price category: dibawah-90-juta
[2024-09-04T22:06:00.554+0700] {logging_mixin.py:188} INFO - Fetching page 124 for price category: dibawah-70-juta
[2024-09-04T22:06:00.792+0700] {logging_mixin.py:188} INFO - Fetching page 125 for price category: dibawah-70-juta
[2024-09-04T22:06:00.867+0700] {logging_mixin.py:188} INFO - Fetching page 111 for price category: dibawah-80-juta
[2024-09-04T22:06:00.979+0700] {logging_mixin.py:188} INFO - Fetching page 126 for price category: dibawah-70-juta
[2024-09-04T22:06:01.013+0700] {logging_mixin.py:188} INFO - Fetching page 112 for price category: dibawah-80-juta
[2024-09-04T22:06:01.400+0700] {logging_mixin.py:188} INFO - Fetching page 79 for price category: dibawah-90-juta
[2024-09-04T22:06:01.501+0700] {logging_mixin.py:188} INFO - Fetching page 127 for price category: dibawah-70-juta
[2024-09-04T22:06:01.535+0700] {logging_mixin.py:188} INFO - Fetching page 113 for price category: dibawah-80-juta
[2024-09-04T22:06:01.618+0700] {logging_mixin.py:188} INFO - Fetching page 80 for price category: dibawah-90-juta
[2024-09-04T22:06:01.656+0700] {logging_mixin.py:188} INFO - Fetching page 81 for price category: dibawah-90-juta
[2024-09-04T22:06:01.664+0700] {logging_mixin.py:188} INFO - Fetching page 128 for price category: dibawah-70-juta
[2024-09-04T22:06:01.683+0700] {logging_mixin.py:188} INFO - Fetching page 82 for price category: dibawah-90-juta
[2024-09-04T22:06:01.706+0700] {logging_mixin.py:188} INFO - Fetching page 114 for price category: dibawah-80-juta
[2024-09-04T22:06:01.739+0700] {logging_mixin.py:188} INFO - Data for price category dibawah-60-juta written to /home/miracle/mobil/scrape/output/oto/2024-09-04/oto_car_dibawah_60_juta_2024-09-04.csv
[2024-09-04T22:06:02.354+0700] {logging_mixin.py:188} INFO - Fetching page 115 for price category: dibawah-80-juta
[2024-09-04T22:06:02.364+0700] {logging_mixin.py:188} INFO - Fetching page 129 for price category: dibawah-70-juta
[2024-09-04T22:06:02.425+0700] {logging_mixin.py:188} INFO - Fetching page 130 for price category: dibawah-70-juta
[2024-09-04T22:06:02.558+0700] {logging_mixin.py:188} INFO - Fetching page 116 for price category: dibawah-80-juta
[2024-09-04T22:06:02.579+0700] {logging_mixin.py:188} INFO - Fetching page 83 for price category: dibawah-90-juta
[2024-09-04T22:06:02.662+0700] {logging_mixin.py:188} INFO - Fetching page 131 for price category: dibawah-70-juta
[2024-09-04T22:06:03.225+0700] {logging_mixin.py:188} INFO - Fetching page 84 for price category: dibawah-90-juta
[2024-09-04T22:06:03.323+0700] {logging_mixin.py:188} INFO - Fetching page 117 for price category: dibawah-80-juta
[2024-09-04T22:06:03.647+0700] {logging_mixin.py:188} INFO - Fetching page 85 for price category: dibawah-90-juta
[2024-09-04T22:06:03.660+0700] {logging_mixin.py:188} INFO - Fetching page 118 for price category: dibawah-80-juta
[2024-09-04T22:06:03.699+0700] {logging_mixin.py:188} INFO - Fetching page 119 for price category: dibawah-80-juta
[2024-09-04T22:06:03.798+0700] {logging_mixin.py:188} INFO - Fetching page 86 for price category: dibawah-90-juta
[2024-09-04T22:06:04.083+0700] {logging_mixin.py:188} INFO - Fetching page 132 for price category: dibawah-70-juta
[2024-09-04T22:06:04.162+0700] {logging_mixin.py:188} INFO - Fetching page 133 for price category: dibawah-70-juta
[2024-09-04T22:06:04.164+0700] {logging_mixin.py:188} INFO - Fetching page 134 for price category: dibawah-70-juta
[2024-09-04T22:06:04.234+0700] {logging_mixin.py:188} INFO - Fetching page 87 for price category: dibawah-90-juta
[2024-09-04T22:06:04.329+0700] {logging_mixin.py:188} INFO - Fetching page 120 for price category: dibawah-80-juta
[2024-09-04T22:06:04.390+0700] {logging_mixin.py:188} INFO - Fetching page 135 for price category: dibawah-70-juta
[2024-09-04T22:06:04.433+0700] {logging_mixin.py:188} INFO - Fetching page 121 for price category: dibawah-80-juta
[2024-09-04T22:06:04.456+0700] {logging_mixin.py:188} INFO - Fetching page 88 for price category: dibawah-90-juta
[2024-09-04T22:06:04.755+0700] {logging_mixin.py:188} INFO - Fetching page 122 for price category: dibawah-80-juta
[2024-09-04T22:06:04.780+0700] {logging_mixin.py:188} INFO - Fetching page 89 for price category: dibawah-90-juta
[2024-09-04T22:06:04.789+0700] {logging_mixin.py:188} INFO - Fetching page 123 for price category: dibawah-80-juta
[2024-09-04T22:06:04.817+0700] {logging_mixin.py:188} INFO - Fetching page 136 for price category: dibawah-70-juta
[2024-09-04T22:06:04.957+0700] {logging_mixin.py:188} INFO - Fetching page 137 for price category: dibawah-70-juta
[2024-09-04T22:06:04.983+0700] {logging_mixin.py:188} INFO - Fetching page 138 for price category: dibawah-70-juta
[2024-09-04T22:06:05.042+0700] {logging_mixin.py:188} INFO - Fetching page 90 for price category: dibawah-90-juta
[2024-09-04T22:06:05.065+0700] {logging_mixin.py:188} INFO - Fetching page 91 for price category: dibawah-90-juta
[2024-09-04T22:06:05.089+0700] {logging_mixin.py:188} INFO - Fetching page 124 for price category: dibawah-80-juta
[2024-09-04T22:06:05.185+0700] {logging_mixin.py:188} INFO - Fetching page 125 for price category: dibawah-80-juta
[2024-09-04T22:06:05.198+0700] {logging_mixin.py:188} INFO - Fetching page 92 for price category: dibawah-90-juta
[2024-09-04T22:06:05.610+0700] {logging_mixin.py:188} INFO - Fetching page 139 for price category: dibawah-70-juta
[2024-09-04T22:06:06.212+0700] {logging_mixin.py:188} INFO - Fetching page 140 for price category: dibawah-70-juta
[2024-09-04T22:06:06.247+0700] {logging_mixin.py:188} INFO - Fetching page 141 for price category: dibawah-70-juta
[2024-09-04T22:06:06.311+0700] {logging_mixin.py:188} INFO - Fetching page 142 for price category: dibawah-70-juta
[2024-09-04T22:06:06.393+0700] {logging_mixin.py:188} INFO - Fetching page 126 for price category: dibawah-80-juta
[2024-09-04T22:06:06.396+0700] {logging_mixin.py:188} INFO - Fetching page 93 for price category: dibawah-90-juta
[2024-09-04T22:06:06.409+0700] {logging_mixin.py:188} INFO - Fetching page 127 for price category: dibawah-80-juta
[2024-09-04T22:06:06.468+0700] {logging_mixin.py:188} INFO - Fetching page 94 for price category: dibawah-90-juta
[2024-09-04T22:06:06.472+0700] {logging_mixin.py:188} INFO - Fetching page 95 for price category: dibawah-90-juta
[2024-09-04T22:06:06.520+0700] {logging_mixin.py:188} INFO - Fetching page 128 for price category: dibawah-80-juta
[2024-09-04T22:06:06.583+0700] {logging_mixin.py:188} INFO - Fetching page 143 for price category: dibawah-70-juta
[2024-09-04T22:06:06.980+0700] {logging_mixin.py:188} INFO - Fetching page 129 for price category: dibawah-80-juta
[2024-09-04T22:06:06.996+0700] {logging_mixin.py:188} INFO - Fetching page 96 for price category: dibawah-90-juta
[2024-09-04T22:06:07.558+0700] {logging_mixin.py:188} INFO - Fetching page 144 for price category: dibawah-70-juta
[2024-09-04T22:06:07.644+0700] {logging_mixin.py:188} INFO - Fetching page 130 for price category: dibawah-80-juta
[2024-09-04T22:06:07.766+0700] {logging_mixin.py:188} INFO - Fetching page 145 for price category: dibawah-70-juta
[2024-09-04T22:06:08.047+0700] {logging_mixin.py:188} INFO - Fetching page 146 for price category: dibawah-70-juta
[2024-09-04T22:06:08.162+0700] {logging_mixin.py:188} INFO - Fetching page 147 for price category: dibawah-70-juta
[2024-09-04T22:06:08.185+0700] {logging_mixin.py:188} INFO - Fetching page 131 for price category: dibawah-80-juta
[2024-09-04T22:06:08.202+0700] {logging_mixin.py:188} INFO - Fetching page 132 for price category: dibawah-80-juta
[2024-09-04T22:06:08.227+0700] {logging_mixin.py:188} INFO - Fetching page 97 for price category: dibawah-90-juta
[2024-09-04T22:06:08.422+0700] {logging_mixin.py:188} INFO - Fetching page 98 for price category: dibawah-90-juta
[2024-09-04T22:06:08.437+0700] {logging_mixin.py:188} INFO - Fetching page 99 for price category: dibawah-90-juta
[2024-09-04T22:06:08.453+0700] {logging_mixin.py:188} INFO - Fetching page 100 for price category: dibawah-90-juta
[2024-09-04T22:06:08.544+0700] {logging_mixin.py:188} INFO - Fetching page 133 for price category: dibawah-80-juta
[2024-09-04T22:06:09.006+0700] {logging_mixin.py:188} INFO - Fetching page 134 for price category: dibawah-80-juta
[2024-09-04T22:06:09.041+0700] {logging_mixin.py:188} INFO - Fetching page 148 for price category: dibawah-70-juta
[2024-09-04T22:06:09.083+0700] {logging_mixin.py:188} INFO - Fetching page 149 for price category: dibawah-70-juta
[2024-09-04T22:06:09.429+0700] {logging_mixin.py:188} INFO - Fetching page 150 for price category: dibawah-70-juta
[2024-09-04T22:06:09.503+0700] {logging_mixin.py:188} INFO - Fetching page 135 for price category: dibawah-80-juta
[2024-09-04T22:06:09.533+0700] {logging_mixin.py:188} INFO - Fetching page 136 for price category: dibawah-80-juta
[2024-09-04T22:06:09.574+0700] {logging_mixin.py:188} INFO - Fetching page 137 for price category: dibawah-80-juta
[2024-09-04T22:06:09.580+0700] {logging_mixin.py:188} INFO - Fetching page 151 for price category: dibawah-70-juta
[2024-09-04T22:06:09.652+0700] {logging_mixin.py:188} INFO - Fetching page 101 for price category: dibawah-90-juta
[2024-09-04T22:06:10.174+0700] {logging_mixin.py:188} INFO - Fetching page 102 for price category: dibawah-90-juta
[2024-09-04T22:06:10.177+0700] {logging_mixin.py:188} INFO - Fetching page 152 for price category: dibawah-70-juta
[2024-09-04T22:06:10.194+0700] {logging_mixin.py:188} INFO - Fetching page 153 for price category: dibawah-70-juta
[2024-09-04T22:06:10.254+0700] {logging_mixin.py:188} INFO - Fetching page 103 for price category: dibawah-90-juta
[2024-09-04T22:06:10.386+0700] {logging_mixin.py:188} INFO - Fetching page 104 for price category: dibawah-90-juta
[2024-09-04T22:06:10.609+0700] {logging_mixin.py:188} INFO - Fetching page 138 for price category: dibawah-80-juta
[2024-09-04T22:06:10.894+0700] {logging_mixin.py:188} INFO - Fetching page 154 for price category: dibawah-70-juta
[2024-09-04T22:06:10.909+0700] {logging_mixin.py:188} INFO - Fetching page 139 for price category: dibawah-80-juta
[2024-09-04T22:06:11.140+0700] {logging_mixin.py:188} INFO - Fetching page 155 for price category: dibawah-70-juta
[2024-09-04T22:06:11.214+0700] {logging_mixin.py:188} INFO - Fetching page 105 for price category: dibawah-90-juta
[2024-09-04T22:06:11.275+0700] {logging_mixin.py:188} INFO - Fetching page 140 for price category: dibawah-80-juta
[2024-09-04T22:06:11.351+0700] {logging_mixin.py:188} INFO - Fetching page 141 for price category: dibawah-80-juta
[2024-09-04T22:06:11.428+0700] {logging_mixin.py:188} INFO - Fetching page 156 for price category: dibawah-70-juta
[2024-09-04T22:06:11.529+0700] {logging_mixin.py:188} INFO - Fetching page 106 for price category: dibawah-90-juta
[2024-09-04T22:06:11.537+0700] {logging_mixin.py:188} INFO - Fetching page 107 for price category: dibawah-90-juta
[2024-09-04T22:06:11.591+0700] {logging_mixin.py:188} INFO - Fetching page 157 for price category: dibawah-70-juta
[2024-09-04T22:06:11.786+0700] {logging_mixin.py:188} INFO - Fetching page 108 for price category: dibawah-90-juta
[2024-09-04T22:06:11.818+0700] {logging_mixin.py:188} INFO - Fetching page 142 for price category: dibawah-80-juta
[2024-09-04T22:06:11.969+0700] {logging_mixin.py:188} INFO - Fetching page 158 for price category: dibawah-70-juta
[2024-09-04T22:06:12.008+0700] {logging_mixin.py:188} INFO - Fetching page 143 for price category: dibawah-80-juta
[2024-09-04T22:06:12.011+0700] {logging_mixin.py:188} INFO - Fetching page 144 for price category: dibawah-80-juta
[2024-09-04T22:06:12.126+0700] {logging_mixin.py:188} INFO - Fetching page 109 for price category: dibawah-90-juta
[2024-09-04T22:06:12.551+0700] {logging_mixin.py:188} INFO - Fetching page 159 for price category: dibawah-70-juta
[2024-09-04T22:06:12.585+0700] {logging_mixin.py:188} INFO - Fetching page 160 for price category: dibawah-70-juta
[2024-09-04T22:06:12.647+0700] {logging_mixin.py:188} INFO - Fetching page 110 for price category: dibawah-90-juta
[2024-09-04T22:06:12.822+0700] {logging_mixin.py:188} INFO - Fetching page 145 for price category: dibawah-80-juta
[2024-09-04T22:06:12.844+0700] {logging_mixin.py:188} INFO - Fetching page 161 for price category: dibawah-70-juta
[2024-09-04T22:06:12.867+0700] {logging_mixin.py:188} INFO - Fetching page 111 for price category: dibawah-90-juta
[2024-09-04T22:06:12.909+0700] {logging_mixin.py:188} INFO - Fetching page 112 for price category: dibawah-90-juta
[2024-09-04T22:06:12.931+0700] {logging_mixin.py:188} INFO - Fetching page 146 for price category: dibawah-80-juta
[2024-09-04T22:06:13.067+0700] {logging_mixin.py:188} INFO - Fetching page 162 for price category: dibawah-70-juta
[2024-09-04T22:06:13.148+0700] {logging_mixin.py:188} INFO - Fetching page 147 for price category: dibawah-80-juta
[2024-09-04T22:06:13.270+0700] {logging_mixin.py:188} INFO - Fetching page 148 for price category: dibawah-80-juta
[2024-09-04T22:06:13.386+0700] {logging_mixin.py:188} INFO - Fetching page 113 for price category: dibawah-90-juta
[2024-09-04T22:06:13.426+0700] {logging_mixin.py:188} INFO - Fetching page 163 for price category: dibawah-70-juta
[2024-09-04T22:06:13.586+0700] {logging_mixin.py:188} INFO - Fetching page 164 for price category: dibawah-70-juta
[2024-09-04T22:06:13.614+0700] {logging_mixin.py:188} INFO - Fetching page 165 for price category: dibawah-70-juta
[2024-09-04T22:06:13.642+0700] {logging_mixin.py:188} INFO - Fetching page 114 for price category: dibawah-90-juta
[2024-09-04T22:06:13.646+0700] {logging_mixin.py:188} INFO - Fetching page 149 for price category: dibawah-80-juta
[2024-09-04T22:06:13.715+0700] {logging_mixin.py:188} INFO - Fetching page 115 for price category: dibawah-90-juta
[2024-09-04T22:06:13.746+0700] {logging_mixin.py:188} INFO - Fetching page 116 for price category: dibawah-90-juta
[2024-09-04T22:06:14.108+0700] {logging_mixin.py:188} INFO - Fetching page 166 for price category: dibawah-70-juta
[2024-09-04T22:06:14.117+0700] {logging_mixin.py:188} INFO - Fetching page 150 for price category: dibawah-80-juta
[2024-09-04T22:06:14.404+0700] {logging_mixin.py:188} INFO - Fetching page 151 for price category: dibawah-80-juta
[2024-09-04T22:06:14.420+0700] {logging_mixin.py:188} INFO - Fetching page 152 for price category: dibawah-80-juta
[2024-09-04T22:06:14.503+0700] {logging_mixin.py:188} INFO - Fetching page 167 for price category: dibawah-70-juta
[2024-09-04T22:06:14.536+0700] {logging_mixin.py:188} INFO - Fetching page 117 for price category: dibawah-90-juta
[2024-09-04T22:06:14.715+0700] {logging_mixin.py:188} INFO - Fetching page 153 for price category: dibawah-80-juta
[2024-09-04T22:06:14.716+0700] {logging_mixin.py:188} INFO - Fetching page 118 for price category: dibawah-90-juta
[2024-09-04T22:06:14.834+0700] {logging_mixin.py:188} INFO - Fetching page 168 for price category: dibawah-70-juta
[2024-09-04T22:06:14.898+0700] {logging_mixin.py:188} INFO - Fetching page 169 for price category: dibawah-70-juta
[2024-09-04T22:06:14.899+0700] {logging_mixin.py:188} INFO - Fetching page 119 for price category: dibawah-90-juta
[2024-09-04T22:06:14.996+0700] {logging_mixin.py:188} INFO - Fetching page 120 for price category: dibawah-90-juta
[2024-09-04T22:06:15.014+0700] {logging_mixin.py:188} INFO - Fetching page 170 for price category: dibawah-70-juta
[2024-09-04T22:06:15.243+0700] {logging_mixin.py:188} INFO - Fetching page 171 for price category: dibawah-70-juta
[2024-09-04T22:06:15.356+0700] {logging_mixin.py:188} INFO - Fetching page 154 for price category: dibawah-80-juta
[2024-09-04T22:06:15.380+0700] {logging_mixin.py:188} INFO - Fetching page 155 for price category: dibawah-80-juta
[2024-09-04T22:06:15.392+0700] {logging_mixin.py:188} INFO - Fetching page 156 for price category: dibawah-80-juta
[2024-09-04T22:06:15.454+0700] {logging_mixin.py:188} INFO - Fetching page 121 for price category: dibawah-90-juta
[2024-09-04T22:06:15.528+0700] {logging_mixin.py:188} INFO - Fetching page 157 for price category: dibawah-80-juta
[2024-09-04T22:06:15.581+0700] {logging_mixin.py:188} INFO - Fetching page 122 for price category: dibawah-90-juta
[2024-09-04T22:06:15.872+0700] {logging_mixin.py:188} INFO - Fetching page 172 for price category: dibawah-70-juta
[2024-09-04T22:06:16.080+0700] {logging_mixin.py:188} INFO - Fetching page 173 for price category: dibawah-70-juta
[2024-09-04T22:06:16.121+0700] {logging_mixin.py:188} INFO - Fetching page 174 for price category: dibawah-70-juta
[2024-09-04T22:06:16.123+0700] {logging_mixin.py:188} INFO - Fetching page 123 for price category: dibawah-90-juta
[2024-09-04T22:06:16.132+0700] {logging_mixin.py:188} INFO - Fetching page 124 for price category: dibawah-90-juta
[2024-09-04T22:06:16.188+0700] {logging_mixin.py:188} INFO - Fetching page 175 for price category: dibawah-70-juta
[2024-09-04T22:06:16.228+0700] {logging_mixin.py:188} INFO - Fetching page 158 for price category: dibawah-80-juta
[2024-09-04T22:06:16.271+0700] {logging_mixin.py:188} INFO - Fetching page 159 for price category: dibawah-80-juta
[2024-09-04T22:06:16.318+0700] {logging_mixin.py:188} INFO - Fetching page 125 for price category: dibawah-90-juta
[2024-09-04T22:06:16.378+0700] {logging_mixin.py:188} INFO - Fetching page 160 for price category: dibawah-80-juta
[2024-09-04T22:06:16.685+0700] {logging_mixin.py:188} INFO - Fetching page 161 for price category: dibawah-80-juta
[2024-09-04T22:06:16.712+0700] {logging_mixin.py:188} INFO - Fetching page 126 for price category: dibawah-90-juta
[2024-09-04T22:06:16.745+0700] {logging_mixin.py:188} INFO - Fetching page 176 for price category: dibawah-70-juta
[2024-09-04T22:06:17.072+0700] {logging_mixin.py:188} INFO - Fetching page 177 for price category: dibawah-70-juta
[2024-09-04T22:06:17.081+0700] {logging_mixin.py:188} INFO - Fetching page 178 for price category: dibawah-70-juta
[2024-09-04T22:06:17.283+0700] {logging_mixin.py:188} INFO - Fetching page 162 for price category: dibawah-80-juta
[2024-09-04T22:06:17.302+0700] {logging_mixin.py:188} INFO - Fetching page 163 for price category: dibawah-80-juta
[2024-09-04T22:06:17.316+0700] {logging_mixin.py:188} INFO - Fetching page 127 for price category: dibawah-90-juta
[2024-09-04T22:06:17.336+0700] {logging_mixin.py:188} INFO - Fetching page 128 for price category: dibawah-90-juta
[2024-09-04T22:06:17.710+0700] {logging_mixin.py:188} INFO - Fetching page 164 for price category: dibawah-80-juta
[2024-09-04T22:06:17.745+0700] {logging_mixin.py:188} INFO - Fetching page 179 for price category: dibawah-70-juta
[2024-09-04T22:06:17.836+0700] {logging_mixin.py:188} INFO - Fetching page 165 for price category: dibawah-80-juta
[2024-09-04T22:06:17.839+0700] {logging_mixin.py:188} INFO - Fetching page 129 for price category: dibawah-90-juta
[2024-09-04T22:06:17.860+0700] {logging_mixin.py:188} INFO - Fetching page 130 for price category: dibawah-90-juta
[2024-09-04T22:06:17.889+0700] {logging_mixin.py:188} INFO - Fetching page 180 for price category: dibawah-70-juta
[2024-09-04T22:06:17.969+0700] {logging_mixin.py:188} INFO - Fetching page 181 for price category: dibawah-70-juta
[2024-09-04T22:06:17.972+0700] {logging_mixin.py:188} INFO - Fetching page 182 for price category: dibawah-70-juta
[2024-09-04T22:06:18.481+0700] {logging_mixin.py:188} INFO - Fetching page 166 for price category: dibawah-80-juta
[2024-09-04T22:06:18.758+0700] {local_task_job_runner.py:313} WARNING - State of this instance has been externally set to success. Terminating instance.
[2024-09-04T22:06:18.758+0700] {local_task_job_runner.py:222} INFO - ::endgroup::
[2024-09-04T22:06:18.762+0700] {process_utils.py:132} INFO - Sending 15 to group 3986. PIDs of all processes in the group: [3986]
[2024-09-04T22:06:18.762+0700] {process_utils.py:87} INFO - Sending the signal 15 to group 3986
[2024-09-04T22:06:18.762+0700] {taskinstance.py:2611} ERROR - Received SIGTERM. Terminating subprocesses.
[2024-09-04T22:06:18.763+0700] {taskinstance.py:441} INFO - ::group::Post task execution logs
[2024-09-04T22:06:18.815+0700] {process_utils.py:80} INFO - Process psutil.Process(pid=3986, status='terminated', exitcode=0, started='22:04:21') (3986) terminated with exit code 0
