[2024-09-22T15:10:40.034+0700] {local_task_job_runner.py:120} INFO - ::group::Pre task execution logs
[2024-09-22T15:10:40.319+0700] {taskinstance.py:2076} INFO - Dependencies all met for dep_context=non-requeueable deps ti=<TaskInstance: scrap_carmudi.scrape_carmudi scheduled__2024-09-05T00:00:00+00:00 [queued]>
[2024-09-22T15:10:40.338+0700] {taskinstance.py:2076} INFO - Dependencies all met for dep_context=requeueable deps ti=<TaskInstance: scrap_carmudi.scrape_carmudi scheduled__2024-09-05T00:00:00+00:00 [queued]>
[2024-09-22T15:10:40.339+0700] {taskinstance.py:2306} INFO - Starting attempt 1 of 2
[2024-09-22T15:10:40.364+0700] {taskinstance.py:2330} INFO - Executing <Task(PythonOperator): scrape_carmudi> on 2024-09-05 00:00:00+00:00
[2024-09-22T15:10:40.370+0700] {standard_task_runner.py:64} INFO - Started process 242137 to run task
[2024-09-22T15:10:40.378+0700] {standard_task_runner.py:90} INFO - Running: ['***', 'tasks', 'run', 'scrap_carmudi', 'scrape_carmudi', 'scheduled__2024-09-05T00:00:00+00:00', '--job-id', '243', '--raw', '--subdir', 'DAGS_FOLDER/carmudi/scrape_carmudi.py', '--cfg-path', '/tmp/tmpof9a0oj1']
[2024-09-22T15:10:40.382+0700] {standard_task_runner.py:91} INFO - Job 243: Subtask scrape_carmudi
[2024-09-22T15:10:40.458+0700] {task_command.py:426} INFO - Running <TaskInstance: scrap_carmudi.scrape_carmudi scheduled__2024-09-05T00:00:00+00:00 [running]> on host BrightHorizons.
[2024-09-22T15:10:40.573+0700] {taskinstance.py:2648} INFO - Exporting env vars: AIRFLOW_CTX_DAG_OWNER='***' AIRFLOW_CTX_DAG_ID='scrap_carmudi' AIRFLOW_CTX_TASK_ID='scrape_carmudi' AIRFLOW_CTX_EXECUTION_DATE='2024-09-05T00:00:00+00:00' AIRFLOW_CTX_TRY_NUMBER='1' AIRFLOW_CTX_DAG_RUN_ID='scheduled__2024-09-05T00:00:00+00:00'
[2024-09-22T15:10:40.574+0700] {taskinstance.py:430} INFO - ::endgroup::
[2024-09-22T15:10:43.892+0700] {logging_mixin.py:188} INFO - Fetching page 1 of 1 for price category: dibawah 30 Juta
[2024-09-22T15:10:45.183+0700] {logging_mixin.py:188} INFO - Fetching page 1 of 3 for price category: dibawah 60 Juta
[2024-09-22T15:10:45.209+0700] {logging_mixin.py:188} INFO - Fetching page 1 of 2 for price category: dibawah 40 Juta
[2024-09-22T15:10:45.255+0700] {logging_mixin.py:188} INFO - Fetching page 1 of 2 for price category: dibawah 50 Juta
[2024-09-22T15:10:45.634+0700] {logging_mixin.py:188} INFO - Sleeping for 2.04 seconds...
[2024-09-22T15:10:47.173+0700] {logging_mixin.py:188} INFO - Sleeping for 2.85 seconds...
[2024-09-22T15:10:47.372+0700] {logging_mixin.py:188} INFO - Sleeping for 1.81 seconds...
[2024-09-22T15:10:47.408+0700] {logging_mixin.py:188} INFO - Sleeping for 2.78 seconds...
[2024-09-22T15:10:47.676+0700] {logging_mixin.py:188} INFO - Data for price category dibawah 30 Juta written to /home/miracle/mobil/scrape/output/carmudi/2024-09-22/carmudi_dibawah 30 Juta_2024-09-22.csv
[2024-09-22T15:10:49.198+0700] {logging_mixin.py:188} INFO - Fetching page 2 of 3 for price category: dibawah 60 Juta
[2024-09-22T15:10:49.939+0700] {logging_mixin.py:188} INFO - Fetching page 1 of 4 for price category: dibawah 70 Juta
[2024-09-22T15:10:50.042+0700] {logging_mixin.py:188} INFO - Fetching page 2 of 2 for price category: dibawah 40 Juta
[2024-09-22T15:10:50.201+0700] {logging_mixin.py:188} INFO - Fetching page 2 of 2 for price category: dibawah 50 Juta
[2024-09-22T15:10:50.383+0700] {logging_mixin.py:188} INFO - Sleeping for 2.10 seconds...
[2024-09-22T15:10:51.151+0700] {logging_mixin.py:188} INFO - Sleeping for 2.31 seconds...
[2024-09-22T15:10:51.648+0700] {logging_mixin.py:188} INFO - Sleeping for 2.10 seconds...
[2024-09-22T15:10:52.486+0700] {logging_mixin.py:188} INFO - Fetching page 3 of 3 for price category: dibawah 60 Juta
[2024-09-22T15:10:53.353+0700] {logging_mixin.py:188} INFO - Sleeping for 2.68 seconds...
[2024-09-22T15:10:53.470+0700] {logging_mixin.py:188} INFO - Data for price category dibawah 50 Juta written to /home/miracle/mobil/scrape/output/carmudi/2024-09-22/carmudi_dibawah 50 Juta_2024-09-22.csv
[2024-09-22T15:10:53.749+0700] {logging_mixin.py:188} INFO - Fetching page 2 of 4 for price category: dibawah 70 Juta
[2024-09-22T15:10:55.704+0700] {logging_mixin.py:188} INFO - Sleeping for 2.13 seconds...
[2024-09-22T15:10:56.273+0700] {logging_mixin.py:188} INFO - Data for price category dibawah 40 Juta written to /home/miracle/mobil/scrape/output/carmudi/2024-09-22/carmudi_dibawah 40 Juta_2024-09-22.csv
[2024-09-22T15:10:56.382+0700] {logging_mixin.py:188} INFO - Fetching page 1 of 6 for price category: dibawah 80 Juta
[2024-09-22T15:10:56.538+0700] {logging_mixin.py:188} INFO - Sleeping for 2.42 seconds...
[2024-09-22T15:10:57.841+0700] {logging_mixin.py:188} INFO - Data for price category dibawah 60 Juta written to /home/miracle/mobil/scrape/output/carmudi/2024-09-22/carmudi_dibawah 60 Juta_2024-09-22.csv
[2024-09-22T15:10:58.811+0700] {logging_mixin.py:188} INFO - Sleeping for 1.65 seconds...
[2024-09-22T15:10:59.044+0700] {logging_mixin.py:188} INFO - Fetching page 3 of 4 for price category: dibawah 70 Juta
[2024-09-22T15:10:59.173+0700] {logging_mixin.py:188} INFO - Fetching page 1 of 9 for price category: dibawah 90 Juta
[2024-09-22T15:11:00.469+0700] {logging_mixin.py:188} INFO - Fetching page 2 of 6 for price category: dibawah 80 Juta
[2024-09-22T15:11:01.553+0700] {logging_mixin.py:188} INFO - Sleeping for 2.25 seconds...
[2024-09-22T15:11:01.635+0700] {logging_mixin.py:188} INFO - Sleeping for 1.98 seconds...
[2024-09-22T15:11:02.384+0700] {logging_mixin.py:188} INFO - Sleeping for 1.84 seconds...
[2024-09-22T15:11:03.618+0700] {logging_mixin.py:188} INFO - Fetching page 2 of 9 for price category: dibawah 90 Juta
[2024-09-22T15:11:03.815+0700] {logging_mixin.py:188} INFO - Fetching page 4 of 4 for price category: dibawah 70 Juta
[2024-09-22T15:11:04.222+0700] {logging_mixin.py:188} INFO - Fetching page 3 of 6 for price category: dibawah 80 Juta
[2024-09-22T15:11:04.720+0700] {logging_mixin.py:188} INFO - Sleeping for 1.55 seconds...
[2024-09-22T15:11:05.738+0700] {logging_mixin.py:188} INFO - Sleeping for 2.44 seconds...
[2024-09-22T15:11:06.325+0700] {logging_mixin.py:188} INFO - Data for price category dibawah 70 Juta written to /home/miracle/mobil/scrape/output/carmudi/2024-09-22/carmudi_dibawah 70 Juta_2024-09-22.csv
[2024-09-22T15:11:06.480+0700] {logging_mixin.py:188} INFO - Sleeping for 1.65 seconds...
[2024-09-22T15:11:08.134+0700] {logging_mixin.py:188} INFO - Fetching page 4 of 6 for price category: dibawah 80 Juta
[2024-09-22T15:11:08.185+0700] {logging_mixin.py:188} INFO - Fetching page 3 of 9 for price category: dibawah 90 Juta
[2024-09-22T15:11:11.623+0700] {logging_mixin.py:188} INFO - Sleeping for 2.43 seconds...
[2024-09-22T15:11:11.868+0700] {logging_mixin.py:188} INFO - Sleeping for 2.21 seconds...
[2024-09-22T15:11:14.065+0700] {logging_mixin.py:188} INFO - Fetching page 4 of 9 for price category: dibawah 90 Juta
[2024-09-22T15:11:14.085+0700] {logging_mixin.py:188} INFO - Fetching page 5 of 6 for price category: dibawah 80 Juta
[2024-09-22T15:11:16.134+0700] {logging_mixin.py:188} INFO - Sleeping for 2.23 seconds...
[2024-09-22T15:11:16.270+0700] {logging_mixin.py:188} INFO - Sleeping for 1.87 seconds...
[2024-09-22T15:11:18.146+0700] {logging_mixin.py:188} INFO - Fetching page 5 of 9 for price category: dibawah 90 Juta
[2024-09-22T15:11:18.371+0700] {logging_mixin.py:188} INFO - Fetching page 6 of 6 for price category: dibawah 80 Juta
[2024-09-22T15:11:19.583+0700] {logging_mixin.py:188} INFO - Sleeping for 1.85 seconds...
[2024-09-22T15:11:20.550+0700] {logging_mixin.py:188} INFO - Sleeping for 1.71 seconds...
[2024-09-22T15:11:21.435+0700] {logging_mixin.py:188} INFO - Fetching page 6 of 9 for price category: dibawah 90 Juta
[2024-09-22T15:11:22.269+0700] {logging_mixin.py:188} INFO - Data for price category dibawah 80 Juta written to /home/miracle/mobil/scrape/output/carmudi/2024-09-22/carmudi_dibawah 80 Juta_2024-09-22.csv
[2024-09-22T15:11:23.108+0700] {logging_mixin.py:188} INFO - Sleeping for 2.15 seconds...
[2024-09-22T15:11:25.264+0700] {logging_mixin.py:188} INFO - Fetching page 7 of 9 for price category: dibawah 90 Juta
[2024-09-22T15:11:27.915+0700] {logging_mixin.py:188} INFO - Sleeping for 1.97 seconds...
[2024-09-22T15:11:29.892+0700] {logging_mixin.py:188} INFO - Fetching page 8 of 9 for price category: dibawah 90 Juta
[2024-09-22T15:11:31.966+0700] {logging_mixin.py:188} INFO - Sleeping for 2.67 seconds...
[2024-09-22T15:11:34.635+0700] {logging_mixin.py:188} INFO - Fetching page 9 of 9 for price category: dibawah 90 Juta
[2024-09-22T15:11:36.605+0700] {logging_mixin.py:188} INFO - Sleeping for 2.51 seconds...
[2024-09-22T15:11:39.115+0700] {logging_mixin.py:188} INFO - Data for price category dibawah 90 Juta written to /home/miracle/mobil/scrape/output/carmudi/2024-09-22/carmudi_dibawah 90 Juta_2024-09-22.csv
[2024-09-22T15:11:39.117+0700] {python.py:237} INFO - Done. Returned value was: None
[2024-09-22T15:11:39.118+0700] {taskinstance.py:441} INFO - ::group::Post task execution logs
[2024-09-22T15:11:39.130+0700] {taskinstance.py:1206} INFO - Marking task as SUCCESS. dag_id=scrap_carmudi, task_id=scrape_carmudi, run_id=scheduled__2024-09-05T00:00:00+00:00, execution_date=20240905T000000, start_date=20240922T081040, end_date=20240922T081139
[2024-09-22T15:11:39.181+0700] {local_task_job_runner.py:243} INFO - Task exited with return code 0
[2024-09-22T15:11:39.201+0700] {taskinstance.py:3503} INFO - 1 downstream tasks scheduled from follow-on schedule check
[2024-09-22T15:11:39.203+0700] {local_task_job_runner.py:222} INFO - ::endgroup::
