[2024-08-26T00:17:53.564+0700] {local_task_job_runner.py:120} INFO - ::group::Pre task execution logs
[2024-08-26T00:17:53.758+0700] {taskinstance.py:2076} INFO - Dependencies all met for dep_context=non-requeueable deps ti=<TaskInstance: scrap_mobil123.scrape_mobil123 scheduled__2024-08-13T00:00:00+00:00 [queued]>
[2024-08-26T00:17:53.774+0700] {taskinstance.py:2076} INFO - Dependencies all met for dep_context=requeueable deps ti=<TaskInstance: scrap_mobil123.scrape_mobil123 scheduled__2024-08-13T00:00:00+00:00 [queued]>
[2024-08-26T00:17:53.775+0700] {taskinstance.py:2306} INFO - Starting attempt 1 of 2
[2024-08-26T00:17:53.797+0700] {taskinstance.py:2330} INFO - Executing <Task(PythonOperator): scrape_mobil123> on 2024-08-13 00:00:00+00:00
[2024-08-26T00:17:53.805+0700] {standard_task_runner.py:64} INFO - Started process 15498 to run task
[2024-08-26T00:17:53.814+0700] {standard_task_runner.py:90} INFO - Running: ['***', 'tasks', 'run', 'scrap_mobil123', 'scrape_mobil123', 'scheduled__2024-08-13T00:00:00+00:00', '--job-id', '110', '--raw', '--subdir', 'DAGS_FOLDER/mobil123/scrap_mobil123.py', '--cfg-path', '/tmp/tmpfcl5oi23']
[2024-08-26T00:17:53.820+0700] {standard_task_runner.py:91} INFO - Job 110: Subtask scrape_mobil123
[2024-08-26T00:17:53.979+0700] {task_command.py:426} INFO - Running <TaskInstance: scrap_mobil123.scrape_mobil123 scheduled__2024-08-13T00:00:00+00:00 [running]> on host BrightHorizons.
[2024-08-26T00:17:54.149+0700] {taskinstance.py:2648} INFO - Exporting env vars: AIRFLOW_CTX_DAG_OWNER='***' AIRFLOW_CTX_DAG_ID='scrap_mobil123' AIRFLOW_CTX_TASK_ID='scrape_mobil123' AIRFLOW_CTX_EXECUTION_DATE='2024-08-13T00:00:00+00:00' AIRFLOW_CTX_TRY_NUMBER='1' AIRFLOW_CTX_DAG_RUN_ID='scheduled__2024-08-13T00:00:00+00:00'
[2024-08-26T00:17:54.150+0700] {taskinstance.py:430} INFO - ::endgroup::
[2024-08-26T00:17:55.408+0700] {logging_mixin.py:188} INFO - Fetching page 1 of 2 for price category: dibawah 30 Juta
[2024-08-26T00:17:56.545+0700] {logging_mixin.py:188} INFO - Sleeping for 2.48 seconds...
[2024-08-26T00:17:59.033+0700] {logging_mixin.py:188} INFO - Fetching page 2 of 2 for price category: dibawah 30 Juta
[2024-08-26T00:18:00.096+0700] {logging_mixin.py:188} INFO - Sleeping for 2.66 seconds...
[2024-08-26T00:18:02.762+0700] {logging_mixin.py:188} INFO - Data for price category dibawah 30 Juta written to /home/miracle/mobil/scrape/output/mobil123/2024-08-26/mobil123_dibawah 30 Juta_2024-08-26.csv
[2024-08-26T00:18:04.396+0700] {logging_mixin.py:188} INFO - Fetching page 1 of 3 for price category: dibawah 40 Juta
[2024-08-26T00:18:05.562+0700] {logging_mixin.py:188} INFO - Sleeping for 1.74 seconds...
[2024-08-26T00:18:07.304+0700] {logging_mixin.py:188} INFO - Fetching page 2 of 3 for price category: dibawah 40 Juta
[2024-08-26T00:18:08.857+0700] {logging_mixin.py:188} INFO - Sleeping for 2.93 seconds...
[2024-08-26T00:18:11.793+0700] {logging_mixin.py:188} INFO - Fetching page 3 of 3 for price category: dibawah 40 Juta
[2024-08-26T00:18:12.731+0700] {logging_mixin.py:188} INFO - Sleeping for 2.83 seconds...
[2024-08-26T00:18:15.569+0700] {logging_mixin.py:188} INFO - Data for price category dibawah 40 Juta written to /home/miracle/mobil/scrape/output/mobil123/2024-08-26/mobil123_dibawah 40 Juta_2024-08-26.csv
[2024-08-26T00:18:16.753+0700] {logging_mixin.py:188} INFO - Fetching page 1 of 5 for price category: dibawah 50 Juta
[2024-08-26T00:18:17.743+0700] {logging_mixin.py:188} INFO - Sleeping for 1.91 seconds...
[2024-08-26T00:18:19.652+0700] {logging_mixin.py:188} INFO - Fetching page 2 of 5 for price category: dibawah 50 Juta
[2024-08-26T00:18:23.861+0700] {logging_mixin.py:188} INFO - Sleeping for 2.91 seconds...
[2024-08-26T00:18:26.776+0700] {logging_mixin.py:188} INFO - Fetching page 3 of 5 for price category: dibawah 50 Juta
[2024-08-26T00:18:29.067+0700] {logging_mixin.py:188} INFO - Sleeping for 1.88 seconds...
[2024-08-26T00:18:30.946+0700] {logging_mixin.py:188} INFO - Fetching page 4 of 5 for price category: dibawah 50 Juta
[2024-08-26T00:18:31.973+0700] {logging_mixin.py:188} INFO - Sleeping for 2.35 seconds...
[2024-08-26T00:18:34.323+0700] {logging_mixin.py:188} INFO - Fetching page 5 of 5 for price category: dibawah 50 Juta
[2024-08-26T00:18:36.299+0700] {logging_mixin.py:188} INFO - Sleeping for 2.37 seconds...
[2024-08-26T00:18:38.672+0700] {logging_mixin.py:188} INFO - Data for price category dibawah 50 Juta written to /home/miracle/mobil/scrape/output/mobil123/2024-08-26/mobil123_dibawah 50 Juta_2024-08-26.csv
[2024-08-26T00:18:39.853+0700] {logging_mixin.py:188} INFO - Fetching page 1 of 5 for price category: dibawah 60 Juta
[2024-08-26T00:18:40.947+0700] {logging_mixin.py:188} INFO - Sleeping for 1.78 seconds...
[2024-08-26T00:18:42.730+0700] {logging_mixin.py:188} INFO - Fetching page 2 of 5 for price category: dibawah 60 Juta
[2024-08-26T00:18:43.694+0700] {logging_mixin.py:188} INFO - Sleeping for 2.02 seconds...
[2024-08-26T00:18:45.719+0700] {logging_mixin.py:188} INFO - Fetching page 3 of 5 for price category: dibawah 60 Juta
[2024-08-26T00:18:46.738+0700] {logging_mixin.py:188} INFO - Sleeping for 1.84 seconds...
[2024-08-26T00:18:48.579+0700] {logging_mixin.py:188} INFO - Fetching page 4 of 5 for price category: dibawah 60 Juta
[2024-08-26T00:18:49.521+0700] {logging_mixin.py:188} INFO - Sleeping for 1.58 seconds...
[2024-08-26T00:18:51.104+0700] {logging_mixin.py:188} INFO - Fetching page 5 of 5 for price category: dibawah 60 Juta
[2024-08-26T00:18:52.126+0700] {logging_mixin.py:188} INFO - Sleeping for 2.66 seconds...
[2024-08-26T00:18:54.790+0700] {logging_mixin.py:188} INFO - Data for price category dibawah 60 Juta written to /home/miracle/mobil/scrape/output/mobil123/2024-08-26/mobil123_dibawah 60 Juta_2024-08-26.csv
[2024-08-26T00:18:55.783+0700] {logging_mixin.py:188} INFO - Fetching page 1 of 9 for price category: dibawah 70 Juta
[2024-08-26T00:18:56.793+0700] {logging_mixin.py:188} INFO - Sleeping for 2.23 seconds...
[2024-08-26T00:18:59.030+0700] {logging_mixin.py:188} INFO - Fetching page 2 of 9 for price category: dibawah 70 Juta
[2024-08-26T00:19:00.099+0700] {logging_mixin.py:188} INFO - Sleeping for 2.41 seconds...
[2024-08-26T00:19:02.513+0700] {logging_mixin.py:188} INFO - Fetching page 3 of 9 for price category: dibawah 70 Juta
[2024-08-26T00:19:03.556+0700] {logging_mixin.py:188} INFO - Sleeping for 2.45 seconds...
[2024-08-26T00:19:06.011+0700] {logging_mixin.py:188} INFO - Fetching page 4 of 9 for price category: dibawah 70 Juta
[2024-08-26T00:19:07.166+0700] {logging_mixin.py:188} INFO - Sleeping for 1.75 seconds...
[2024-08-26T00:19:08.917+0700] {logging_mixin.py:188} INFO - Fetching page 5 of 9 for price category: dibawah 70 Juta
[2024-08-26T00:19:09.884+0700] {logging_mixin.py:188} INFO - Sleeping for 1.90 seconds...
[2024-08-26T00:19:11.789+0700] {logging_mixin.py:188} INFO - Fetching page 6 of 9 for price category: dibawah 70 Juta
[2024-08-26T00:19:13.009+0700] {logging_mixin.py:188} INFO - Sleeping for 2.85 seconds...
[2024-08-26T00:19:15.859+0700] {logging_mixin.py:188} INFO - Fetching page 7 of 9 for price category: dibawah 70 Juta
[2024-08-26T00:19:16.669+0700] {logging_mixin.py:188} INFO - Sleeping for 2.85 seconds...
[2024-08-26T00:19:19.523+0700] {logging_mixin.py:188} INFO - Fetching page 8 of 9 for price category: dibawah 70 Juta
[2024-08-26T00:19:20.515+0700] {logging_mixin.py:188} INFO - Sleeping for 1.76 seconds...
[2024-08-26T00:19:22.280+0700] {logging_mixin.py:188} INFO - Fetching page 9 of 9 for price category: dibawah 70 Juta
[2024-08-26T00:19:23.121+0700] {logging_mixin.py:188} INFO - Sleeping for 2.35 seconds...
[2024-08-26T00:19:24.868+0700] {local_task_job_runner.py:313} WARNING - State of this instance has been externally set to success. Terminating instance.
[2024-08-26T00:19:24.869+0700] {local_task_job_runner.py:222} INFO - ::endgroup::
[2024-08-26T00:19:24.872+0700] {process_utils.py:132} INFO - Sending 15 to group 15498. PIDs of all processes in the group: [15498]
[2024-08-26T00:19:24.873+0700] {process_utils.py:87} INFO - Sending the signal 15 to group 15498
[2024-08-26T00:19:24.873+0700] {taskinstance.py:2611} ERROR - Received SIGTERM. Terminating subprocesses.
[2024-08-26T00:19:24.873+0700] {taskinstance.py:441} INFO - ::group::Post task execution logs
[2024-08-26T00:19:24.925+0700] {process_utils.py:80} INFO - Process psutil.Process(pid=15498, status='terminated', exitcode=0, started='00:17:53') (15498) terminated with exit code 0
