[2024-09-22T15:10:40.517+0700] {local_task_job_runner.py:120} INFO - ::group::Pre task execution logs
[2024-09-22T15:10:40.659+0700] {taskinstance.py:2076} INFO - Dependencies all met for dep_context=non-requeueable deps ti=<TaskInstance: scrap_carmudi.scrape_carmudi scheduled__2024-09-07T00:00:00+00:00 [queued]>
[2024-09-22T15:10:40.672+0700] {taskinstance.py:2076} INFO - Dependencies all met for dep_context=requeueable deps ti=<TaskInstance: scrap_carmudi.scrape_carmudi scheduled__2024-09-07T00:00:00+00:00 [queued]>
[2024-09-22T15:10:40.672+0700] {taskinstance.py:2306} INFO - Starting attempt 1 of 2
[2024-09-22T15:10:40.695+0700] {taskinstance.py:2330} INFO - Executing <Task(PythonOperator): scrape_carmudi> on 2024-09-07 00:00:00+00:00
[2024-09-22T15:10:40.699+0700] {standard_task_runner.py:64} INFO - Started process 242195 to run task
[2024-09-22T15:10:40.703+0700] {standard_task_runner.py:90} INFO - Running: ['***', 'tasks', 'run', 'scrap_carmudi', 'scrape_carmudi', 'scheduled__2024-09-07T00:00:00+00:00', '--job-id', '247', '--raw', '--subdir', 'DAGS_FOLDER/carmudi/scrape_carmudi.py', '--cfg-path', '/tmp/tmps7giiyqc']
[2024-09-22T15:10:40.705+0700] {standard_task_runner.py:91} INFO - Job 247: Subtask scrape_carmudi
[2024-09-22T15:10:40.781+0700] {task_command.py:426} INFO - Running <TaskInstance: scrap_carmudi.scrape_carmudi scheduled__2024-09-07T00:00:00+00:00 [running]> on host BrightHorizons.
[2024-09-22T15:10:40.914+0700] {taskinstance.py:2648} INFO - Exporting env vars: AIRFLOW_CTX_DAG_OWNER='***' AIRFLOW_CTX_DAG_ID='scrap_carmudi' AIRFLOW_CTX_TASK_ID='scrape_carmudi' AIRFLOW_CTX_EXECUTION_DATE='2024-09-07T00:00:00+00:00' AIRFLOW_CTX_TRY_NUMBER='1' AIRFLOW_CTX_DAG_RUN_ID='scheduled__2024-09-07T00:00:00+00:00'
[2024-09-22T15:10:40.915+0700] {taskinstance.py:430} INFO - ::endgroup::
[2024-09-22T15:10:43.924+0700] {logging_mixin.py:188} INFO - Fetching page 1 of 1 for price category: dibawah 30 Juta
[2024-09-22T15:10:44.892+0700] {logging_mixin.py:188} INFO - Fetching page 1 of 2 for price category: dibawah 50 Juta
[2024-09-22T15:10:45.294+0700] {logging_mixin.py:188} INFO - Fetching page 1 of 2 for price category: dibawah 40 Juta
[2024-09-22T15:10:45.319+0700] {logging_mixin.py:188} INFO - Fetching page 1 of 3 for price category: dibawah 60 Juta
[2024-09-22T15:10:45.639+0700] {logging_mixin.py:188} INFO - Sleeping for 2.77 seconds...
[2024-09-22T15:10:47.131+0700] {logging_mixin.py:188} INFO - Sleeping for 1.85 seconds...
[2024-09-22T15:10:47.213+0700] {logging_mixin.py:188} INFO - Sleeping for 1.93 seconds...
[2024-09-22T15:10:47.412+0700] {logging_mixin.py:188} INFO - Sleeping for 1.87 seconds...
[2024-09-22T15:10:48.417+0700] {logging_mixin.py:188} INFO - Data for price category dibawah 30 Juta written to /home/miracle/mobil/scrape/output/carmudi/2024-09-22/carmudi_dibawah 30 Juta_2024-09-22.csv
[2024-09-22T15:10:48.989+0700] {logging_mixin.py:188} INFO - Fetching page 2 of 3 for price category: dibawah 60 Juta
[2024-09-22T15:10:49.148+0700] {logging_mixin.py:188} INFO - Fetching page 2 of 2 for price category: dibawah 40 Juta
[2024-09-22T15:10:49.288+0700] {logging_mixin.py:188} INFO - Fetching page 2 of 2 for price category: dibawah 50 Juta
[2024-09-22T15:10:50.009+0700] {logging_mixin.py:188} INFO - Fetching page 1 of 4 for price category: dibawah 70 Juta
[2024-09-22T15:10:50.198+0700] {logging_mixin.py:188} INFO - Sleeping for 1.56 seconds...
[2024-09-22T15:10:51.175+0700] {logging_mixin.py:188} INFO - Sleeping for 2.13 seconds...
[2024-09-22T15:10:51.540+0700] {logging_mixin.py:188} INFO - Sleeping for 1.97 seconds...
[2024-09-22T15:10:51.618+0700] {logging_mixin.py:188} INFO - Sleeping for 2.26 seconds...
[2024-09-22T15:10:51.758+0700] {logging_mixin.py:188} INFO - Data for price category dibawah 50 Juta written to /home/miracle/mobil/scrape/output/carmudi/2024-09-22/carmudi_dibawah 50 Juta_2024-09-22.csv
[2024-09-22T15:10:53.323+0700] {logging_mixin.py:188} INFO - Fetching page 2 of 4 for price category: dibawah 70 Juta
[2024-09-22T15:10:53.527+0700] {logging_mixin.py:188} INFO - Fetching page 3 of 3 for price category: dibawah 60 Juta
[2024-09-22T15:10:53.585+0700] {logging_mixin.py:188} INFO - Fetching page 1 of 6 for price category: dibawah 80 Juta
[2024-09-22T15:10:53.884+0700] {logging_mixin.py:188} INFO - Data for price category dibawah 40 Juta written to /home/miracle/mobil/scrape/output/carmudi/2024-09-22/carmudi_dibawah 40 Juta_2024-09-22.csv
[2024-09-22T15:10:54.837+0700] {logging_mixin.py:188} INFO - Sleeping for 1.97 seconds...
[2024-09-22T15:10:55.617+0700] {logging_mixin.py:188} INFO - Sleeping for 2.96 seconds...
[2024-09-22T15:10:56.030+0700] {logging_mixin.py:188} INFO - Fetching page 1 of 9 for price category: dibawah 90 Juta
[2024-09-22T15:10:56.084+0700] {logging_mixin.py:188} INFO - Sleeping for 1.81 seconds...
[2024-09-22T15:10:56.808+0700] {logging_mixin.py:188} INFO - Fetching page 2 of 6 for price category: dibawah 80 Juta
[2024-09-22T15:10:57.363+0700] {logging_mixin.py:188} INFO - Sleeping for 2.99 seconds...
[2024-09-22T15:10:57.896+0700] {logging_mixin.py:188} INFO - Data for price category dibawah 60 Juta written to /home/miracle/mobil/scrape/output/carmudi/2024-09-22/carmudi_dibawah 60 Juta_2024-09-22.csv
[2024-09-22T15:10:58.238+0700] {logging_mixin.py:188} INFO - Sleeping for 2.81 seconds...
[2024-09-22T15:10:58.591+0700] {logging_mixin.py:188} INFO - Fetching page 3 of 4 for price category: dibawah 70 Juta
[2024-09-22T15:11:00.355+0700] {logging_mixin.py:188} INFO - Fetching page 2 of 9 for price category: dibawah 90 Juta
[2024-09-22T15:11:00.662+0700] {logging_mixin.py:188} INFO - Sleeping for 2.05 seconds...
[2024-09-22T15:11:01.050+0700] {logging_mixin.py:188} INFO - Fetching page 3 of 6 for price category: dibawah 80 Juta
[2024-09-22T15:11:02.716+0700] {logging_mixin.py:188} INFO - Fetching page 4 of 4 for price category: dibawah 70 Juta
[2024-09-22T15:11:02.823+0700] {logging_mixin.py:188} INFO - Sleeping for 2.94 seconds...
[2024-09-22T15:11:03.370+0700] {logging_mixin.py:188} INFO - Sleeping for 1.71 seconds...
[2024-09-22T15:11:05.040+0700] {logging_mixin.py:188} INFO - Sleeping for 1.87 seconds...
[2024-09-22T15:11:05.082+0700] {logging_mixin.py:188} INFO - Fetching page 4 of 6 for price category: dibawah 80 Juta
[2024-09-22T15:11:05.766+0700] {logging_mixin.py:188} INFO - Fetching page 3 of 9 for price category: dibawah 90 Juta
[2024-09-22T15:11:06.908+0700] {logging_mixin.py:188} INFO - Data for price category dibawah 70 Juta written to /home/miracle/mobil/scrape/output/carmudi/2024-09-22/carmudi_dibawah 70 Juta_2024-09-22.csv
[2024-09-22T15:11:07.887+0700] {logging_mixin.py:188} INFO - Sleeping for 1.94 seconds...
[2024-09-22T15:11:07.957+0700] {logging_mixin.py:188} INFO - Sleeping for 2.88 seconds...
[2024-09-22T15:11:09.840+0700] {logging_mixin.py:188} INFO - Fetching page 4 of 9 for price category: dibawah 90 Juta
[2024-09-22T15:11:10.850+0700] {logging_mixin.py:188} INFO - Fetching page 5 of 6 for price category: dibawah 80 Juta
[2024-09-22T15:11:11.166+0700] {logging_mixin.py:188} INFO - Sleeping for 1.71 seconds...
[2024-09-22T15:11:12.878+0700] {logging_mixin.py:188} INFO - Fetching page 5 of 9 for price category: dibawah 90 Juta
[2024-09-22T15:11:13.108+0700] {logging_mixin.py:188} INFO - Sleeping for 1.59 seconds...
[2024-09-22T15:11:13.859+0700] {logging_mixin.py:188} INFO - Sleeping for 2.00 seconds...
[2024-09-22T15:11:14.703+0700] {logging_mixin.py:188} INFO - Fetching page 6 of 6 for price category: dibawah 80 Juta
[2024-09-22T15:11:15.869+0700] {logging_mixin.py:188} INFO - Fetching page 6 of 9 for price category: dibawah 90 Juta
[2024-09-22T15:11:15.879+0700] {logging_mixin.py:188} INFO - Sleeping for 2.72 seconds...
[2024-09-22T15:11:16.980+0700] {logging_mixin.py:188} INFO - Sleeping for 2.19 seconds...
[2024-09-22T15:11:18.601+0700] {logging_mixin.py:188} INFO - Data for price category dibawah 80 Juta written to /home/miracle/mobil/scrape/output/carmudi/2024-09-22/carmudi_dibawah 80 Juta_2024-09-22.csv
[2024-09-22T15:11:19.176+0700] {logging_mixin.py:188} INFO - Fetching page 7 of 9 for price category: dibawah 90 Juta
[2024-09-22T15:11:21.413+0700] {logging_mixin.py:188} INFO - Sleeping for 1.99 seconds...
[2024-09-22T15:11:23.403+0700] {logging_mixin.py:188} INFO - Fetching page 8 of 9 for price category: dibawah 90 Juta
[2024-09-22T15:11:25.054+0700] {logging_mixin.py:188} INFO - Sleeping for 2.21 seconds...
[2024-09-22T15:11:27.264+0700] {logging_mixin.py:188} INFO - Fetching page 9 of 9 for price category: dibawah 90 Juta
[2024-09-22T15:11:28.512+0700] {logging_mixin.py:188} INFO - Sleeping for 2.92 seconds...
[2024-09-22T15:11:31.440+0700] {logging_mixin.py:188} INFO - Data for price category dibawah 90 Juta written to /home/miracle/mobil/scrape/output/carmudi/2024-09-22/carmudi_dibawah 90 Juta_2024-09-22.csv
[2024-09-22T15:11:31.442+0700] {python.py:237} INFO - Done. Returned value was: None
[2024-09-22T15:11:31.443+0700] {taskinstance.py:441} INFO - ::group::Post task execution logs
[2024-09-22T15:11:31.455+0700] {taskinstance.py:1206} INFO - Marking task as SUCCESS. dag_id=scrap_carmudi, task_id=scrape_carmudi, run_id=scheduled__2024-09-07T00:00:00+00:00, execution_date=20240907T000000, start_date=20240922T081040, end_date=20240922T081131
[2024-09-22T15:11:31.504+0700] {local_task_job_runner.py:243} INFO - Task exited with return code 0
[2024-09-22T15:11:31.525+0700] {taskinstance.py:3503} INFO - 1 downstream tasks scheduled from follow-on schedule check
[2024-09-22T15:11:31.527+0700] {local_task_job_runner.py:222} INFO - ::endgroup::
