[2024-09-04T22:06:05.010+0700] {local_task_job_runner.py:120} INFO - ::group::Pre task execution logs
[2024-09-04T22:06:05.169+0700] {taskinstance.py:2076} INFO - Dependencies all met for dep_context=non-requeueable deps ti=<TaskInstance: scrap_carmudi.modify_data scheduled__2024-09-03T00:00:00+00:00 [queued]>
[2024-09-04T22:06:05.178+0700] {taskinstance.py:2076} INFO - Dependencies all met for dep_context=requeueable deps ti=<TaskInstance: scrap_carmudi.modify_data scheduled__2024-09-03T00:00:00+00:00 [queued]>
[2024-09-04T22:06:05.179+0700] {taskinstance.py:2306} INFO - Starting attempt 1 of 2
[2024-09-04T22:06:05.194+0700] {taskinstance.py:2330} INFO - Executing <Task(SparkSubmitOperator): modify_data> on 2024-09-03 00:00:00+00:00
[2024-09-04T22:06:05.198+0700] {standard_task_runner.py:64} INFO - Started process 4676 to run task
[2024-09-04T22:06:05.201+0700] {standard_task_runner.py:90} INFO - Running: ['***', 'tasks', 'run', 'scrap_carmudi', 'modify_data', 'scheduled__2024-09-03T00:00:00+00:00', '--job-id', '226', '--raw', '--subdir', 'DAGS_FOLDER/carmudi/scrape_carmudi.py', '--cfg-path', '/tmp/tmp4lo8fu2g']
[2024-09-04T22:06:05.203+0700] {standard_task_runner.py:91} INFO - Job 226: Subtask modify_data
[2024-09-04T22:06:05.293+0700] {task_command.py:426} INFO - Running <TaskInstance: scrap_carmudi.modify_data scheduled__2024-09-03T00:00:00+00:00 [running]> on host BrightHorizons.
[2024-09-04T22:06:05.428+0700] {taskinstance.py:2648} INFO - Exporting env vars: AIRFLOW_CTX_DAG_OWNER='***' AIRFLOW_CTX_DAG_ID='scrap_carmudi' AIRFLOW_CTX_TASK_ID='modify_data' AIRFLOW_CTX_EXECUTION_DATE='2024-09-03T00:00:00+00:00' AIRFLOW_CTX_TRY_NUMBER='1' AIRFLOW_CTX_DAG_RUN_ID='scheduled__2024-09-03T00:00:00+00:00'
[2024-09-04T22:06:05.429+0700] {taskinstance.py:430} INFO - ::endgroup::
[2024-09-04T22:06:05.461+0700] {base.py:84} INFO - Using connection ID 'spark_local' for task execution.
[2024-09-04T22:06:05.462+0700] {spark_submit.py:403} INFO - Spark-Submit cmd: spark-submit --master local[*] --name arrow-spark --deploy-mode client /home/miracle/mobil/spark/carmudi.py
[2024-09-04T22:06:09.737+0700] {spark_submit.py:579} INFO - 24/09/04 22:06:09 WARN Utils: Your hostname, BrightHorizons resolves to a loopback address: 127.0.1.1; using 10.255.255.254 instead (on interface lo)
[2024-09-04T22:06:09.743+0700] {spark_submit.py:579} INFO - 24/09/04 22:06:09 WARN Utils: Set SPARK_LOCAL_IP if you need to bind to another address
[2024-09-04T22:06:11.049+0700] {spark_submit.py:579} INFO - python3: can't open file '/home/miracle/mobil/spark/carmudi.py': [Errno 2] No such file or directory
[2024-09-04T22:06:11.085+0700] {spark_submit.py:579} INFO - 24/09/04 22:06:11 INFO ShutdownHookManager: Shutdown hook called
[2024-09-04T22:06:11.089+0700] {spark_submit.py:579} INFO - 24/09/04 22:06:11 INFO ShutdownHookManager: Deleting directory /tmp/spark-6994f0a7-3f0b-4f18-a727-0407d8b8a707
[2024-09-04T22:06:11.139+0700] {taskinstance.py:441} INFO - ::group::Post task execution logs
[2024-09-04T22:06:11.160+0700] {taskinstance.py:2905} ERROR - Task failed with exception
Traceback (most recent call last):
  File "/usr/local/lib/python3.10/dist-packages/airflow/models/taskinstance.py", line 465, in _execute_task
    result = _execute_callable(context=context, **execute_callable_kwargs)
  File "/usr/local/lib/python3.10/dist-packages/airflow/models/taskinstance.py", line 432, in _execute_callable
    return execute_callable(context=context, **execute_callable_kwargs)
  File "/usr/local/lib/python3.10/dist-packages/airflow/models/baseoperator.py", line 401, in wrapper
    return func(self, *args, **kwargs)
  File "/usr/local/lib/python3.10/dist-packages/airflow/providers/apache/spark/operators/spark_submit.py", line 174, in execute
    self._hook.submit(self.application)
  File "/usr/local/lib/python3.10/dist-packages/airflow/providers/apache/spark/hooks/spark_submit.py", line 505, in submit
    raise AirflowException(
airflow.exceptions.AirflowException: Cannot execute: spark-submit --master local[*] --name arrow-spark --deploy-mode client /home/miracle/mobil/spark/carmudi.py. Error code is: 2.
[2024-09-04T22:06:11.169+0700] {taskinstance.py:1206} INFO - Marking task as UP_FOR_RETRY. dag_id=scrap_carmudi, task_id=modify_data, run_id=scheduled__2024-09-03T00:00:00+00:00, execution_date=20240903T000000, start_date=20240904T150605, end_date=20240904T150611
[2024-09-04T22:06:11.193+0700] {standard_task_runner.py:110} ERROR - Failed to execute job 226 for task modify_data (Cannot execute: spark-submit --master local[*] --name arrow-spark --deploy-mode client /home/miracle/mobil/spark/carmudi.py. Error code is: 2.; 4676)
[2024-09-04T22:06:11.212+0700] {local_task_job_runner.py:243} INFO - Task exited with return code 1
[2024-09-04T22:06:11.241+0700] {taskinstance.py:3503} INFO - 0 downstream tasks scheduled from follow-on schedule check
[2024-09-04T22:06:11.244+0700] {local_task_job_runner.py:222} INFO - ::endgroup::
