[2024-08-13T22:24:49.867+0700] {local_task_job_runner.py:120} INFO - ::group::Pre task execution logs
[2024-08-13T22:24:49.976+0700] {taskinstance.py:2076} INFO - Dependencies all met for dep_context=non-requeueable deps ti=<TaskInstance: scrap_to_dag.scrape_oto scheduled__2024-08-05T00:00:00+00:00 [queued]>
[2024-08-13T22:24:49.984+0700] {taskinstance.py:2076} INFO - Dependencies all met for dep_context=requeueable deps ti=<TaskInstance: scrap_to_dag.scrape_oto scheduled__2024-08-05T00:00:00+00:00 [queued]>
[2024-08-13T22:24:49.984+0700] {taskinstance.py:2306} INFO - Starting attempt 1 of 2
[2024-08-13T22:24:49.996+0700] {taskinstance.py:2330} INFO - Executing <Task(PythonOperator): scrape_oto> on 2024-08-05 00:00:00+00:00
[2024-08-13T22:24:50.000+0700] {standard_task_runner.py:64} INFO - Started process 20240 to run task
[2024-08-13T22:24:50.003+0700] {standard_task_runner.py:90} INFO - Running: ['***', 'tasks', 'run', 'scrap_to_dag', 'scrape_oto', 'scheduled__2024-08-05T00:00:00+00:00', '--job-id', '22', '--raw', '--subdir', 'DAGS_FOLDER/oto/scrap_oto.py', '--cfg-path', '/tmp/tmphd26advv']
[2024-08-13T22:24:50.004+0700] {standard_task_runner.py:91} INFO - Job 22: Subtask scrape_oto
[2024-08-13T22:24:50.059+0700] {task_command.py:426} INFO - Running <TaskInstance: scrap_to_dag.scrape_oto scheduled__2024-08-05T00:00:00+00:00 [running]> on host BrightHorizons.
[2024-08-13T22:24:50.161+0700] {taskinstance.py:2648} INFO - Exporting env vars: AIRFLOW_CTX_DAG_OWNER='***' AIRFLOW_CTX_DAG_ID='scrap_to_dag' AIRFLOW_CTX_TASK_ID='scrape_oto' AIRFLOW_CTX_EXECUTION_DATE='2024-08-05T00:00:00+00:00' AIRFLOW_CTX_TRY_NUMBER='1' AIRFLOW_CTX_DAG_RUN_ID='scheduled__2024-08-05T00:00:00+00:00'
[2024-08-13T22:24:50.162+0700] {taskinstance.py:430} INFO - ::endgroup::
[2024-08-13T22:24:50.170+0700] {logging_mixin.py:188} INFO - Fetching data for price category: dibawah-30-juta on date: 2024-08-13
[2024-08-13T22:24:50.534+0700] {logging_mixin.py:188} INFO - Fetching page 1 of 5 for price category: dibawah-30-juta
[2024-08-13T22:24:55.224+0700] {logging_mixin.py:188} INFO - Fetching page 2 of 5 for price category: dibawah-30-juta
[2024-08-13T22:24:57.867+0700] {logging_mixin.py:188} INFO - Fetching page 3 of 5 for price category: dibawah-30-juta
[2024-08-13T22:25:00.431+0700] {logging_mixin.py:188} INFO - Fetching page 4 of 5 for price category: dibawah-30-juta
[2024-08-13T22:25:04.605+0700] {logging_mixin.py:188} INFO - Fetching page 5 of 5 for price category: dibawah-30-juta
[2024-08-13T22:25:08.878+0700] {logging_mixin.py:188} INFO - Data for price category dibawah-30-juta written to /home/miracle/mobil/scrape/output/oto/2024-08-13/oto_car_dibawah_30_juta_2024-08-13.csv
[2024-08-13T22:25:08.878+0700] {logging_mixin.py:188} INFO - Fetching data for price category: dibawah-40-juta on date: 2024-08-13
[2024-08-13T22:25:09.252+0700] {logging_mixin.py:188} INFO - Fetching page 1 of 17 for price category: dibawah-40-juta
[2024-08-13T22:25:11.285+0700] {logging_mixin.py:188} INFO - Fetching page 2 of 17 for price category: dibawah-40-juta
[2024-08-13T22:25:14.903+0700] {logging_mixin.py:188} INFO - Fetching page 3 of 17 for price category: dibawah-40-juta
[2024-08-13T22:25:19.905+0700] {logging_mixin.py:188} INFO - Fetching page 4 of 17 for price category: dibawah-40-juta
[2024-08-13T22:25:22.866+0700] {logging_mixin.py:188} INFO - Fetching page 5 of 17 for price category: dibawah-40-juta
[2024-08-13T22:25:27.341+0700] {logging_mixin.py:188} INFO - Fetching page 6 of 17 for price category: dibawah-40-juta
[2024-08-13T22:25:28.710+0700] {logging_mixin.py:188} INFO - Fetching page 7 of 17 for price category: dibawah-40-juta
[2024-08-13T22:25:31.955+0700] {logging_mixin.py:188} INFO - Fetching page 8 of 17 for price category: dibawah-40-juta
[2024-08-13T22:25:36.403+0700] {logging_mixin.py:188} INFO - Fetching page 9 of 17 for price category: dibawah-40-juta
[2024-08-13T22:25:41.129+0700] {logging_mixin.py:188} INFO - Fetching page 10 of 17 for price category: dibawah-40-juta
[2024-08-13T22:25:45.839+0700] {logging_mixin.py:188} INFO - Fetching page 11 of 17 for price category: dibawah-40-juta
[2024-08-13T22:25:49.329+0700] {logging_mixin.py:188} INFO - Fetching page 12 of 17 for price category: dibawah-40-juta
[2024-08-13T22:25:53.713+0700] {logging_mixin.py:188} INFO - Fetching page 13 of 17 for price category: dibawah-40-juta
[2024-08-13T22:25:58.750+0700] {logging_mixin.py:188} INFO - Fetching page 14 of 17 for price category: dibawah-40-juta
[2024-08-13T22:26:00.529+0700] {logging_mixin.py:188} INFO - Fetching page 15 of 17 for price category: dibawah-40-juta
[2024-08-13T22:26:02.973+0700] {logging_mixin.py:188} INFO - Fetching page 16 of 17 for price category: dibawah-40-juta
[2024-08-13T22:26:05.607+0700] {logging_mixin.py:188} INFO - Fetching page 17 of 17 for price category: dibawah-40-juta
[2024-08-13T22:26:07.020+0700] {logging_mixin.py:188} INFO - Data for price category dibawah-40-juta written to /home/miracle/mobil/scrape/output/oto/2024-08-13/oto_car_dibawah_40_juta_2024-08-13.csv
[2024-08-13T22:26:07.020+0700] {logging_mixin.py:188} INFO - Fetching data for price category: dibawah-50-juta on date: 2024-08-13
[2024-08-13T22:26:07.307+0700] {logging_mixin.py:188} INFO - Fetching page 1 of 49 for price category: dibawah-50-juta
[2024-08-13T22:26:10.108+0700] {logging_mixin.py:188} INFO - Fetching page 2 of 49 for price category: dibawah-50-juta
[2024-08-13T22:26:13.921+0700] {logging_mixin.py:188} INFO - Fetching page 3 of 49 for price category: dibawah-50-juta
[2024-08-13T22:26:18.529+0700] {logging_mixin.py:188} INFO - Fetching page 4 of 49 for price category: dibawah-50-juta
[2024-08-13T22:26:23.396+0700] {logging_mixin.py:188} INFO - Fetching page 5 of 49 for price category: dibawah-50-juta
[2024-08-13T22:26:28.495+0700] {logging_mixin.py:188} INFO - Fetching page 6 of 49 for price category: dibawah-50-juta
[2024-08-13T22:26:30.934+0700] {logging_mixin.py:188} INFO - Fetching page 7 of 49 for price category: dibawah-50-juta
[2024-08-13T22:26:35.202+0700] {logging_mixin.py:188} INFO - Fetching page 8 of 49 for price category: dibawah-50-juta
[2024-08-13T22:26:39.313+0700] {logging_mixin.py:188} INFO - Fetching page 9 of 49 for price category: dibawah-50-juta
[2024-08-13T22:26:43.256+0700] {logging_mixin.py:188} INFO - Fetching page 10 of 49 for price category: dibawah-50-juta
[2024-08-13T22:26:48.481+0700] {logging_mixin.py:188} INFO - Fetching page 11 of 49 for price category: dibawah-50-juta
[2024-08-13T22:26:51.837+0700] {logging_mixin.py:188} INFO - Fetching page 12 of 49 for price category: dibawah-50-juta
[2024-08-13T22:26:53.242+0700] {logging_mixin.py:188} INFO - Fetching page 13 of 49 for price category: dibawah-50-juta
[2024-08-13T22:26:57.442+0700] {logging_mixin.py:188} INFO - Fetching page 14 of 49 for price category: dibawah-50-juta
[2024-08-13T22:27:02.333+0700] {logging_mixin.py:188} INFO - Fetching page 15 of 49 for price category: dibawah-50-juta
[2024-08-13T22:27:05.570+0700] {logging_mixin.py:188} INFO - Fetching page 16 of 49 for price category: dibawah-50-juta
[2024-08-13T22:27:08.611+0700] {logging_mixin.py:188} INFO - Fetching page 17 of 49 for price category: dibawah-50-juta
[2024-08-13T22:27:12.661+0700] {logging_mixin.py:188} INFO - Fetching page 18 of 49 for price category: dibawah-50-juta
[2024-08-13T22:27:17.651+0700] {logging_mixin.py:188} INFO - Fetching page 19 of 49 for price category: dibawah-50-juta
[2024-08-13T22:27:21.326+0700] {logging_mixin.py:188} INFO - Fetching page 20 of 49 for price category: dibawah-50-juta
[2024-08-13T22:27:23.472+0700] {logging_mixin.py:188} INFO - Fetching page 21 of 49 for price category: dibawah-50-juta
[2024-08-13T22:27:25.792+0700] {logging_mixin.py:188} INFO - Fetching page 22 of 49 for price category: dibawah-50-juta
[2024-08-13T22:27:29.692+0700] {logging_mixin.py:188} INFO - Fetching page 23 of 49 for price category: dibawah-50-juta
[2024-08-13T22:27:31.147+0700] {logging_mixin.py:188} INFO - Fetching page 24 of 49 for price category: dibawah-50-juta
[2024-08-13T22:27:34.964+0700] {logging_mixin.py:188} INFO - Fetching page 25 of 49 for price category: dibawah-50-juta
[2024-08-13T22:27:36.665+0700] {logging_mixin.py:188} INFO - Fetching page 26 of 49 for price category: dibawah-50-juta
[2024-08-13T22:27:38.385+0700] {logging_mixin.py:188} INFO - Fetching page 27 of 49 for price category: dibawah-50-juta
[2024-08-13T22:27:43.017+0700] {logging_mixin.py:188} INFO - Fetching page 28 of 49 for price category: dibawah-50-juta
[2024-08-13T22:27:48.032+0700] {logging_mixin.py:188} INFO - Fetching page 29 of 49 for price category: dibawah-50-juta
[2024-08-13T22:27:50.573+0700] {logging_mixin.py:188} INFO - Fetching page 30 of 49 for price category: dibawah-50-juta
[2024-08-13T22:27:55.610+0700] {logging_mixin.py:188} INFO - Fetching page 31 of 49 for price category: dibawah-50-juta
[2024-08-13T22:27:56.898+0700] {logging_mixin.py:188} INFO - Fetching page 32 of 49 for price category: dibawah-50-juta
[2024-08-13T22:28:00.472+0700] {logging_mixin.py:188} INFO - Fetching page 33 of 49 for price category: dibawah-50-juta
[2024-08-13T22:28:02.766+0700] {logging_mixin.py:188} INFO - Fetching page 34 of 49 for price category: dibawah-50-juta
[2024-08-13T22:28:04.909+0700] {logging_mixin.py:188} INFO - Fetching page 35 of 49 for price category: dibawah-50-juta
[2024-08-13T22:28:07.246+0700] {local_task_job_runner.py:313} WARNING - State of this instance has been externally set to success. Terminating instance.
[2024-08-13T22:28:07.247+0700] {local_task_job_runner.py:222} INFO - ::endgroup::
[2024-08-13T22:28:07.250+0700] {process_utils.py:132} INFO - Sending 15 to group 20240. PIDs of all processes in the group: [20240]
[2024-08-13T22:28:07.250+0700] {process_utils.py:87} INFO - Sending the signal 15 to group 20240
[2024-08-13T22:28:07.250+0700] {taskinstance.py:2611} ERROR - Received SIGTERM. Terminating subprocesses.
[2024-08-13T22:28:07.251+0700] {taskinstance.py:441} INFO - ::group::Post task execution logs
[2024-08-13T22:28:07.303+0700] {process_utils.py:80} INFO - Process psutil.Process(pid=20240, status='terminated', exitcode=0, started='22:24:49') (20240) terminated with exit code 0
