[2024-08-24T12:14:23.591+0700] {local_task_job_runner.py:120} INFO - ::group::Pre task execution logs
[2024-08-24T12:14:23.773+0700] {taskinstance.py:2076} INFO - Dependencies all met for dep_context=non-requeueable deps ti=<TaskInstance: scrap_to_dag.scrape_oto scheduled__2024-08-21T00:00:00+00:00 [queued]>
[2024-08-24T12:14:23.786+0700] {taskinstance.py:2076} INFO - Dependencies all met for dep_context=requeueable deps ti=<TaskInstance: scrap_to_dag.scrape_oto scheduled__2024-08-21T00:00:00+00:00 [queued]>
[2024-08-24T12:14:23.786+0700] {taskinstance.py:2306} INFO - Starting attempt 1 of 2
[2024-08-24T12:14:23.804+0700] {taskinstance.py:2330} INFO - Executing <Task(PythonOperator): scrape_oto> on 2024-08-21 00:00:00+00:00
[2024-08-24T12:14:23.809+0700] {standard_task_runner.py:64} INFO - Started process 20054 to run task
[2024-08-24T12:14:23.813+0700] {standard_task_runner.py:90} INFO - Running: ['***', 'tasks', 'run', 'scrap_to_dag', 'scrape_oto', 'scheduled__2024-08-21T00:00:00+00:00', '--job-id', '85', '--raw', '--subdir', 'DAGS_FOLDER/oto/scrap_oto.py', '--cfg-path', '/tmp/tmpi8zqxs8n']
[2024-08-24T12:14:23.816+0700] {standard_task_runner.py:91} INFO - Job 85: Subtask scrape_oto
[2024-08-24T12:14:23.885+0700] {task_command.py:426} INFO - Running <TaskInstance: scrap_to_dag.scrape_oto scheduled__2024-08-21T00:00:00+00:00 [running]> on host BrightHorizons.
[2024-08-24T12:14:23.995+0700] {taskinstance.py:2648} INFO - Exporting env vars: AIRFLOW_CTX_DAG_OWNER='***' AIRFLOW_CTX_DAG_ID='scrap_to_dag' AIRFLOW_CTX_TASK_ID='scrape_oto' AIRFLOW_CTX_EXECUTION_DATE='2024-08-21T00:00:00+00:00' AIRFLOW_CTX_TRY_NUMBER='1' AIRFLOW_CTX_DAG_RUN_ID='scheduled__2024-08-21T00:00:00+00:00'
[2024-08-24T12:14:23.996+0700] {taskinstance.py:430} INFO - ::endgroup::
[2024-08-24T12:14:24.005+0700] {logging_mixin.py:188} INFO - Fetching data for price category: dibawah-30-juta on date: 2024-08-24
[2024-08-24T12:14:24.327+0700] {logging_mixin.py:188} INFO - Fetching page 1 of 5 for price category: dibawah-30-juta
[2024-08-24T12:14:29.347+0700] {logging_mixin.py:188} INFO - Fetching page 2 of 5 for price category: dibawah-30-juta
[2024-08-24T12:14:34.203+0700] {logging_mixin.py:188} INFO - Fetching page 3 of 5 for price category: dibawah-30-juta
[2024-08-24T12:14:36.203+0700] {logging_mixin.py:188} INFO - Fetching page 4 of 5 for price category: dibawah-30-juta
[2024-08-24T12:14:38.993+0700] {logging_mixin.py:188} INFO - Fetching page 5 of 5 for price category: dibawah-30-juta
[2024-08-24T12:15:19.468+0700] {local_task_job_runner.py:313} WARNING - State of this instance has been externally set to success. Terminating instance.
[2024-08-24T12:15:19.468+0700] {local_task_job_runner.py:222} INFO - ::endgroup::
[2024-08-24T12:15:19.472+0700] {process_utils.py:132} INFO - Sending 15 to group 20054. PIDs of all processes in the group: [20054]
[2024-08-24T12:15:19.473+0700] {process_utils.py:87} INFO - Sending the signal 15 to group 20054
[2024-08-24T12:15:19.473+0700] {taskinstance.py:2611} ERROR - Received SIGTERM. Terminating subprocesses.
[2024-08-24T12:15:19.474+0700] {taskinstance.py:441} INFO - ::group::Post task execution logs
[2024-08-24T12:15:19.526+0700] {process_utils.py:80} INFO - Process psutil.Process(pid=20054, status='terminated', exitcode=0, started='12:14:23') (20054) terminated with exit code 0
