[2024-09-04T22:04:21.506+0700] {local_task_job_runner.py:120} INFO - ::group::Pre task execution logs
[2024-09-04T22:04:21.699+0700] {taskinstance.py:2076} INFO - Dependencies all met for dep_context=non-requeueable deps ti=<TaskInstance: scrap_mobil123.scrape_mobil123 scheduled__2024-09-03T00:00:00+00:00 [queued]>
[2024-09-04T22:04:21.718+0700] {taskinstance.py:2076} INFO - Dependencies all met for dep_context=requeueable deps ti=<TaskInstance: scrap_mobil123.scrape_mobil123 scheduled__2024-09-03T00:00:00+00:00 [queued]>
[2024-09-04T22:04:21.718+0700] {taskinstance.py:2306} INFO - Starting attempt 1 of 2
[2024-09-04T22:04:21.743+0700] {taskinstance.py:2330} INFO - Executing <Task(PythonOperator): scrape_mobil123> on 2024-09-03 00:00:00+00:00
[2024-09-04T22:04:21.750+0700] {standard_task_runner.py:64} INFO - Started process 3920 to run task
[2024-09-04T22:04:21.756+0700] {standard_task_runner.py:90} INFO - Running: ['***', 'tasks', 'run', 'scrap_mobil123', 'scrape_mobil123', 'scheduled__2024-09-03T00:00:00+00:00', '--job-id', '221', '--raw', '--subdir', 'DAGS_FOLDER/mobil123/scrap_mobil123.py', '--cfg-path', '/tmp/tmpydrb7dy0']
[2024-09-04T22:04:21.761+0700] {standard_task_runner.py:91} INFO - Job 221: Subtask scrape_mobil123
[2024-09-04T22:04:21.878+0700] {task_command.py:426} INFO - Running <TaskInstance: scrap_mobil123.scrape_mobil123 scheduled__2024-09-03T00:00:00+00:00 [running]> on host BrightHorizons.
[2024-09-04T22:04:22.105+0700] {taskinstance.py:2648} INFO - Exporting env vars: AIRFLOW_CTX_DAG_OWNER='***' AIRFLOW_CTX_DAG_ID='scrap_mobil123' AIRFLOW_CTX_TASK_ID='scrape_mobil123' AIRFLOW_CTX_EXECUTION_DATE='2024-09-03T00:00:00+00:00' AIRFLOW_CTX_TRY_NUMBER='1' AIRFLOW_CTX_DAG_RUN_ID='scheduled__2024-09-03T00:00:00+00:00'
[2024-09-04T22:04:22.107+0700] {taskinstance.py:430} INFO - ::endgroup::
[2024-09-04T22:04:25.122+0700] {logging_mixin.py:188} INFO - Fetching page 1 of 5 for price category: dibawah 60 Juta
[2024-09-04T22:04:27.118+0700] {logging_mixin.py:188} INFO - Fetching page 1 of 2 for price category: dibawah 30 Juta
[2024-09-04T22:04:27.792+0700] {logging_mixin.py:188} INFO - Fetching page 1 of 5 for price category: dibawah 50 Juta
[2024-09-04T22:04:27.926+0700] {logging_mixin.py:188} INFO - Fetching page 1 of 3 for price category: dibawah 40 Juta
[2024-09-04T22:04:28.353+0700] {logging_mixin.py:188} INFO - Sleeping for 1.96 seconds...
[2024-09-04T22:04:29.186+0700] {logging_mixin.py:188} INFO - Sleeping for 1.89 seconds...
[2024-09-04T22:04:30.321+0700] {logging_mixin.py:188} INFO - Fetching page 2 of 5 for price category: dibawah 60 Juta
[2024-09-04T22:04:30.812+0700] {logging_mixin.py:188} INFO - Sleeping for 1.60 seconds...
[2024-09-04T22:04:30.822+0700] {logging_mixin.py:188} INFO - Sleeping for 2.33 seconds...
[2024-09-04T22:04:31.078+0700] {logging_mixin.py:188} INFO - Fetching page 2 of 2 for price category: dibawah 30 Juta
[2024-09-04T22:04:32.424+0700] {logging_mixin.py:188} INFO - Fetching page 2 of 5 for price category: dibawah 50 Juta
[2024-09-04T22:04:33.089+0700] {logging_mixin.py:188} INFO - Sleeping for 1.60 seconds...
[2024-09-04T22:04:33.161+0700] {logging_mixin.py:188} INFO - Fetching page 2 of 3 for price category: dibawah 40 Juta
[2024-09-04T22:04:33.310+0700] {logging_mixin.py:188} INFO - Sleeping for 2.00 seconds...
[2024-09-04T22:04:34.752+0700] {logging_mixin.py:188} INFO - Data for price category dibawah 30 Juta written to /home/miracle/mobil/scrape/output/mobil123/2024-09-04/mobil123_dibawah 30 Juta_2024-09-04.csv
[2024-09-04T22:04:35.419+0700] {logging_mixin.py:188} INFO - Fetching page 3 of 5 for price category: dibawah 60 Juta
[2024-09-04T22:04:36.324+0700] {logging_mixin.py:188} INFO - Sleeping for 2.39 seconds...
[2024-09-04T22:04:36.767+0700] {logging_mixin.py:188} INFO - Sleeping for 2.90 seconds...
[2024-09-04T22:04:38.741+0700] {logging_mixin.py:188} INFO - Fetching page 3 of 5 for price category: dibawah 50 Juta
[2024-09-04T22:04:39.683+0700] {logging_mixin.py:188} INFO - Fetching page 3 of 3 for price category: dibawah 40 Juta
[2024-09-04T22:05:23.272+0700] {logging_mixin.py:188} INFO - Sleeping for 1.63 seconds...
[2024-09-04T22:05:23.358+0700] {logging_mixin.py:188} INFO - Fetching page 1 of 9 for price category: dibawah 70 Juta
[2024-09-04T22:05:24.221+0700] {logging_mixin.py:188} INFO - Sleeping for 1.73 seconds...
[2024-09-04T22:05:24.341+0700] {logging_mixin.py:188} INFO - Sleeping for 2.86 seconds...
[2024-09-04T22:05:24.935+0700] {logging_mixin.py:188} INFO - Fetching page 4 of 5 for price category: dibawah 60 Juta
[2024-09-04T22:05:25.352+0700] {logging_mixin.py:188} INFO - Sleeping for 1.74 seconds...
[2024-09-04T22:05:25.956+0700] {logging_mixin.py:188} INFO - Fetching page 4 of 5 for price category: dibawah 50 Juta
[2024-09-04T22:05:27.433+0700] {logging_mixin.py:188} INFO - Fetching page 2 of 9 for price category: dibawah 70 Juta
[2024-09-04T22:05:27.466+0700] {logging_mixin.py:188} INFO - Sleeping for 2.78 seconds...
[2024-09-04T22:05:27.466+0700] {logging_mixin.py:188} INFO - Data for price category dibawah 40 Juta written to /home/miracle/mobil/scrape/output/mobil123/2024-09-04/mobil123_dibawah 40 Juta_2024-09-04.csv
[2024-09-04T22:05:29.928+0700] {logging_mixin.py:188} INFO - Sleeping for 2.22 seconds...
[2024-09-04T22:05:30.252+0700] {logging_mixin.py:188} INFO - Fetching page 5 of 5 for price category: dibawah 60 Juta
[2024-09-04T22:05:30.959+0700] {logging_mixin.py:188} INFO - Fetching page 1 of 18 for price category: dibawah 80 Juta
[2024-09-04T22:05:31.308+0700] {logging_mixin.py:188} INFO - Sleeping for 2.26 seconds...
[2024-09-04T22:05:32.299+0700] {logging_mixin.py:188} INFO - Fetching page 3 of 9 for price category: dibawah 70 Juta
[2024-09-04T22:05:32.488+0700] {logging_mixin.py:188} INFO - Sleeping for 2.95 seconds...
[2024-09-04T22:05:33.067+0700] {logging_mixin.py:188} INFO - Sleeping for 2.09 seconds...
[2024-09-04T22:05:33.568+0700] {logging_mixin.py:188} INFO - Fetching page 5 of 5 for price category: dibawah 50 Juta
[2024-09-04T22:05:34.429+0700] {logging_mixin.py:188} INFO - Sleeping for 2.67 seconds...
[2024-09-04T22:05:35.229+0700] {logging_mixin.py:188} INFO - Fetching page 2 of 18 for price category: dibawah 80 Juta
[2024-09-04T22:05:35.328+0700] {logging_mixin.py:188} INFO - Sleeping for 2.69 seconds...
[2024-09-04T22:05:35.442+0700] {logging_mixin.py:188} INFO - Data for price category dibawah 60 Juta written to /home/miracle/mobil/scrape/output/mobil123/2024-09-04/mobil123_dibawah 60 Juta_2024-09-04.csv
[2024-09-04T22:05:36.988+0700] {logging_mixin.py:188} INFO - Fetching page 1 of 32 for price category: dibawah 90 Juta
[2024-09-04T22:05:37.109+0700] {logging_mixin.py:188} INFO - Fetching page 4 of 9 for price category: dibawah 70 Juta
[2024-09-04T22:05:37.498+0700] {logging_mixin.py:188} INFO - Sleeping for 1.54 seconds...
[2024-09-04T22:05:38.027+0700] {logging_mixin.py:188} INFO - Data for price category dibawah 50 Juta written to /home/miracle/mobil/scrape/output/mobil123/2024-09-04/mobil123_dibawah 50 Juta_2024-09-04.csv
[2024-09-04T22:05:38.826+0700] {logging_mixin.py:188} INFO - Sleeping for 1.91 seconds...
[2024-09-04T22:05:39.048+0700] {logging_mixin.py:188} INFO - Fetching page 3 of 18 for price category: dibawah 80 Juta
[2024-09-04T22:05:39.249+0700] {logging_mixin.py:188} INFO - Sleeping for 2.84 seconds...
[2024-09-04T22:05:40.397+0700] {logging_mixin.py:188} INFO - Sleeping for 1.72 seconds...
[2024-09-04T22:05:40.740+0700] {logging_mixin.py:188} INFO - Fetching page 2 of 32 for price category: dibawah 90 Juta
[2024-09-04T22:05:42.224+0700] {logging_mixin.py:188} INFO - Fetching page 5 of 9 for price category: dibawah 70 Juta
[2024-09-04T22:05:42.224+0700] {logging_mixin.py:188} INFO - Fetching page 4 of 18 for price category: dibawah 80 Juta
[2024-09-04T22:05:42.396+0700] {logging_mixin.py:188} INFO - Sleeping for 1.84 seconds...
[2024-09-04T22:05:43.440+0700] {logging_mixin.py:188} INFO - Sleeping for 2.09 seconds...
[2024-09-04T22:05:44.035+0700] {logging_mixin.py:188} INFO - Sleeping for 2.18 seconds...
[2024-09-04T22:05:44.234+0700] {logging_mixin.py:188} INFO - Fetching page 3 of 32 for price category: dibawah 90 Juta
[2024-09-04T22:05:45.535+0700] {logging_mixin.py:188} INFO - Fetching page 6 of 9 for price category: dibawah 70 Juta
[2024-09-04T22:05:46.360+0700] {logging_mixin.py:188} INFO - Fetching page 5 of 18 for price category: dibawah 80 Juta
[2024-09-04T22:05:46.622+0700] {logging_mixin.py:188} INFO - Sleeping for 2.76 seconds...
[2024-09-04T22:05:47.081+0700] {logging_mixin.py:188} INFO - Sleeping for 1.70 seconds...
[2024-09-04T22:05:48.106+0700] {logging_mixin.py:188} INFO - Sleeping for 2.82 seconds...
[2024-09-04T22:05:48.779+0700] {logging_mixin.py:188} INFO - Fetching page 7 of 9 for price category: dibawah 70 Juta
[2024-09-04T22:05:49.380+0700] {logging_mixin.py:188} INFO - Fetching page 4 of 32 for price category: dibawah 90 Juta
[2024-09-04T22:05:50.467+0700] {logging_mixin.py:188} INFO - Sleeping for 2.29 seconds...
[2024-09-04T22:05:50.807+0700] {logging_mixin.py:188} INFO - Sleeping for 1.74 seconds...
[2024-09-04T22:05:50.930+0700] {logging_mixin.py:188} INFO - Fetching page 6 of 18 for price category: dibawah 80 Juta
[2024-09-04T22:05:52.847+0700] {logging_mixin.py:188} INFO - Fetching page 5 of 32 for price category: dibawah 90 Juta
[2024-09-04T22:05:52.847+0700] {logging_mixin.py:188} INFO - Fetching page 8 of 9 for price category: dibawah 70 Juta
[2024-09-04T22:05:52.909+0700] {logging_mixin.py:188} INFO - Sleeping for 2.73 seconds...
[2024-09-04T22:05:54.195+0700] {logging_mixin.py:188} INFO - Sleeping for 2.29 seconds...
[2024-09-04T22:05:54.787+0700] {logging_mixin.py:188} INFO - Sleeping for 2.83 seconds...
[2024-09-04T22:05:55.645+0700] {logging_mixin.py:188} INFO - Fetching page 7 of 18 for price category: dibawah 80 Juta
[2024-09-04T22:05:56.485+0700] {logging_mixin.py:188} INFO - Fetching page 6 of 32 for price category: dibawah 90 Juta
[2024-09-04T22:05:57.303+0700] {logging_mixin.py:188} INFO - Sleeping for 2.19 seconds...
[2024-09-04T22:05:57.621+0700] {logging_mixin.py:188} INFO - Fetching page 9 of 9 for price category: dibawah 70 Juta
[2024-09-04T22:05:58.070+0700] {logging_mixin.py:188} INFO - Sleeping for 1.94 seconds...
[2024-09-04T22:05:59.495+0700] {logging_mixin.py:188} INFO - Sleeping for 2.63 seconds...
[2024-09-04T22:05:59.498+0700] {logging_mixin.py:188} INFO - Fetching page 8 of 18 for price category: dibawah 80 Juta
[2024-09-04T22:06:00.013+0700] {logging_mixin.py:188} INFO - Fetching page 7 of 32 for price category: dibawah 90 Juta
[2024-09-04T22:06:01.415+0700] {logging_mixin.py:188} INFO - Sleeping for 2.60 seconds...
[2024-09-04T22:06:02.129+0700] {logging_mixin.py:188} INFO - Data for price category dibawah 70 Juta written to /home/miracle/mobil/scrape/output/mobil123/2024-09-04/mobil123_dibawah 70 Juta_2024-09-04.csv
[2024-09-04T22:06:02.601+0700] {logging_mixin.py:188} INFO - Sleeping for 1.89 seconds...
[2024-09-04T22:06:04.015+0700] {logging_mixin.py:188} INFO - Fetching page 9 of 18 for price category: dibawah 80 Juta
[2024-09-04T22:06:04.490+0700] {logging_mixin.py:188} INFO - Fetching page 8 of 32 for price category: dibawah 90 Juta
[2024-09-04T22:06:05.743+0700] {logging_mixin.py:188} INFO - Sleeping for 1.66 seconds...
[2024-09-04T22:06:07.045+0700] {logging_mixin.py:188} INFO - Sleeping for 2.49 seconds...
[2024-09-04T22:06:07.403+0700] {logging_mixin.py:188} INFO - Fetching page 10 of 18 for price category: dibawah 80 Juta
[2024-09-04T22:06:09.456+0700] {logging_mixin.py:188} INFO - Sleeping for 2.37 seconds...
[2024-09-04T22:06:09.533+0700] {logging_mixin.py:188} INFO - Fetching page 9 of 32 for price category: dibawah 90 Juta
[2024-09-04T22:06:11.693+0700] {logging_mixin.py:188} INFO - Sleeping for 1.65 seconds...
[2024-09-04T22:06:11.824+0700] {logging_mixin.py:188} INFO - Fetching page 11 of 18 for price category: dibawah 80 Juta
[2024-09-04T22:06:13.351+0700] {logging_mixin.py:188} INFO - Fetching page 10 of 32 for price category: dibawah 90 Juta
[2024-09-04T22:06:13.467+0700] {logging_mixin.py:188} INFO - Sleeping for 2.91 seconds...
[2024-09-04T22:06:15.274+0700] {logging_mixin.py:188} INFO - Sleeping for 2.59 seconds...
[2024-09-04T22:06:16.377+0700] {logging_mixin.py:188} INFO - Fetching page 12 of 18 for price category: dibawah 80 Juta
[2024-09-04T22:06:17.870+0700] {logging_mixin.py:188} INFO - Fetching page 11 of 32 for price category: dibawah 90 Juta
[2024-09-04T22:06:20.830+0700] {logging_mixin.py:188} INFO - Sleeping for 2.81 seconds...
[2024-09-04T22:06:21.164+0700] {logging_mixin.py:188} INFO - Sleeping for 1.93 seconds...
[2024-09-04T22:06:23.101+0700] {logging_mixin.py:188} INFO - Fetching page 12 of 32 for price category: dibawah 90 Juta
[2024-09-04T22:06:23.649+0700] {logging_mixin.py:188} INFO - Fetching page 13 of 18 for price category: dibawah 80 Juta
[2024-09-04T22:06:25.824+0700] {logging_mixin.py:188} INFO - Sleeping for 1.52 seconds...
[2024-09-04T22:06:26.072+0700] {logging_mixin.py:188} INFO - Sleeping for 1.60 seconds...
[2024-09-04T22:06:27.358+0700] {logging_mixin.py:188} INFO - Fetching page 13 of 32 for price category: dibawah 90 Juta
[2024-09-04T22:06:27.670+0700] {logging_mixin.py:188} INFO - Fetching page 14 of 18 for price category: dibawah 80 Juta
[2024-09-04T22:06:30.999+0700] {logging_mixin.py:188} INFO - Sleeping for 1.61 seconds...
[2024-09-04T22:06:31.355+0700] {logging_mixin.py:188} INFO - Sleeping for 2.23 seconds...
[2024-09-04T22:06:32.609+0700] {logging_mixin.py:188} INFO - Fetching page 14 of 32 for price category: dibawah 90 Juta
[2024-09-04T22:06:33.580+0700] {logging_mixin.py:188} INFO - Fetching page 15 of 18 for price category: dibawah 80 Juta
[2024-09-04T22:06:35.120+0700] {logging_mixin.py:188} INFO - Sleeping for 2.12 seconds...
[2024-09-04T22:06:35.874+0700] {logging_mixin.py:188} INFO - Sleeping for 1.96 seconds...
[2024-09-04T22:06:37.243+0700] {logging_mixin.py:188} INFO - Fetching page 15 of 32 for price category: dibawah 90 Juta
[2024-09-04T22:06:37.832+0700] {logging_mixin.py:188} INFO - Fetching page 16 of 18 for price category: dibawah 80 Juta
[2024-09-04T22:06:39.001+0700] {logging_mixin.py:188} INFO - Sleeping for 2.72 seconds...
[2024-09-04T22:06:40.769+0700] {logging_mixin.py:188} INFO - Sleeping for 2.48 seconds...
[2024-09-04T22:06:41.720+0700] {logging_mixin.py:188} INFO - Fetching page 16 of 32 for price category: dibawah 90 Juta
[2024-09-04T22:06:43.248+0700] {logging_mixin.py:188} INFO - Fetching page 17 of 18 for price category: dibawah 80 Juta
[2024-09-04T22:06:43.564+0700] {logging_mixin.py:188} INFO - Sleeping for 1.89 seconds...
[2024-09-04T22:06:44.544+0700] {logging_mixin.py:188} INFO - Sleeping for 1.97 seconds...
[2024-09-04T22:06:45.459+0700] {logging_mixin.py:188} INFO - Fetching page 17 of 32 for price category: dibawah 90 Juta
[2024-09-04T22:06:46.516+0700] {logging_mixin.py:188} INFO - Fetching page 18 of 18 for price category: dibawah 80 Juta
[2024-09-04T22:06:46.910+0700] {logging_mixin.py:188} INFO - Sleeping for 1.92 seconds...
[2024-09-04T22:06:48.374+0700] {logging_mixin.py:188} INFO - Sleeping for 2.25 seconds...
[2024-09-04T22:06:48.828+0700] {logging_mixin.py:188} INFO - Fetching page 18 of 32 for price category: dibawah 90 Juta
[2024-09-04T22:06:50.333+0700] {logging_mixin.py:188} INFO - Sleeping for 2.94 seconds...
[2024-09-04T22:06:50.634+0700] {logging_mixin.py:188} INFO - Data for price category dibawah 80 Juta written to /home/miracle/mobil/scrape/output/mobil123/2024-09-04/mobil123_dibawah 80 Juta_2024-09-04.csv
[2024-09-04T22:06:53.279+0700] {logging_mixin.py:188} INFO - Fetching page 19 of 32 for price category: dibawah 90 Juta
[2024-09-04T22:06:54.869+0700] {logging_mixin.py:188} INFO - Sleeping for 2.69 seconds...
[2024-09-04T22:06:57.562+0700] {logging_mixin.py:188} INFO - Fetching page 20 of 32 for price category: dibawah 90 Juta
[2024-09-04T22:06:59.564+0700] {logging_mixin.py:188} INFO - Sleeping for 1.68 seconds...
[2024-09-04T22:07:01.251+0700] {logging_mixin.py:188} INFO - Fetching page 21 of 32 for price category: dibawah 90 Juta
[2024-09-04T22:07:02.588+0700] {logging_mixin.py:188} INFO - Sleeping for 2.24 seconds...
[2024-09-04T22:07:04.832+0700] {logging_mixin.py:188} INFO - Fetching page 22 of 32 for price category: dibawah 90 Juta
[2024-09-04T22:07:06.148+0700] {logging_mixin.py:188} INFO - Sleeping for 2.24 seconds...
[2024-09-04T22:07:08.389+0700] {logging_mixin.py:188} INFO - Fetching page 23 of 32 for price category: dibawah 90 Juta
[2024-09-04T22:07:10.002+0700] {logging_mixin.py:188} INFO - Sleeping for 2.62 seconds...
[2024-09-04T22:07:12.626+0700] {logging_mixin.py:188} INFO - Fetching page 24 of 32 for price category: dibawah 90 Juta
[2024-09-04T22:07:13.832+0700] {logging_mixin.py:188} INFO - Sleeping for 2.34 seconds...
[2024-09-04T22:07:16.180+0700] {logging_mixin.py:188} INFO - Fetching page 25 of 32 for price category: dibawah 90 Juta
[2024-09-04T22:07:17.782+0700] {logging_mixin.py:188} INFO - Sleeping for 2.88 seconds...
[2024-09-04T22:07:20.666+0700] {logging_mixin.py:188} INFO - Fetching page 26 of 32 for price category: dibawah 90 Juta
[2024-09-04T22:07:21.869+0700] {logging_mixin.py:188} INFO - Sleeping for 1.55 seconds...
[2024-09-04T22:07:23.422+0700] {logging_mixin.py:188} INFO - Fetching page 27 of 32 for price category: dibawah 90 Juta
[2024-09-04T22:07:24.875+0700] {logging_mixin.py:188} INFO - Sleeping for 2.63 seconds...
[2024-09-04T22:07:27.504+0700] {logging_mixin.py:188} INFO - Fetching page 28 of 32 for price category: dibawah 90 Juta
[2024-09-04T22:07:29.039+0700] {logging_mixin.py:188} INFO - Sleeping for 1.99 seconds...
[2024-09-04T22:07:31.029+0700] {logging_mixin.py:188} INFO - Fetching page 29 of 32 for price category: dibawah 90 Juta
[2024-09-04T22:07:32.643+0700] {logging_mixin.py:188} INFO - Sleeping for 2.02 seconds...
[2024-09-04T22:07:34.665+0700] {logging_mixin.py:188} INFO - Fetching page 30 of 32 for price category: dibawah 90 Juta
[2024-09-04T22:07:36.356+0700] {logging_mixin.py:188} INFO - Sleeping for 2.67 seconds...
[2024-09-04T22:07:39.027+0700] {logging_mixin.py:188} INFO - Fetching page 31 of 32 for price category: dibawah 90 Juta
[2024-09-04T22:07:40.528+0700] {logging_mixin.py:188} INFO - Sleeping for 2.53 seconds...
[2024-09-04T22:07:43.063+0700] {logging_mixin.py:188} INFO - Fetching page 32 of 32 for price category: dibawah 90 Juta
[2024-09-04T22:07:44.123+0700] {logging_mixin.py:188} INFO - Sleeping for 1.72 seconds...
[2024-09-04T22:07:45.852+0700] {logging_mixin.py:188} INFO - Data for price category dibawah 90 Juta written to /home/miracle/mobil/scrape/output/mobil123/2024-09-04/mobil123_dibawah 90 Juta_2024-09-04.csv
[2024-09-04T22:07:45.857+0700] {python.py:237} INFO - Done. Returned value was: None
[2024-09-04T22:07:45.858+0700] {taskinstance.py:441} INFO - ::group::Post task execution logs
[2024-09-04T22:07:45.878+0700] {taskinstance.py:1206} INFO - Marking task as SUCCESS. dag_id=scrap_mobil123, task_id=scrape_mobil123, run_id=scheduled__2024-09-03T00:00:00+00:00, execution_date=20240903T000000, start_date=20240904T150421, end_date=20240904T150745
[2024-09-04T22:07:45.944+0700] {local_task_job_runner.py:243} INFO - Task exited with return code 0
[2024-09-04T22:07:45.980+0700] {taskinstance.py:3503} INFO - 1 downstream tasks scheduled from follow-on schedule check
[2024-09-04T22:07:45.984+0700] {local_task_job_runner.py:222} INFO - ::endgroup::
