[2024-09-04T22:52:04.855+0700] {local_task_job_runner.py:120} INFO - ::group::Pre task execution logs
[2024-09-04T22:52:04.953+0700] {taskinstance.py:2076} INFO - Dependencies all met for dep_context=non-requeueable deps ti=<TaskInstance: scrap_mobil123.scrape_mobil123 scheduled__2024-09-03T00:00:00+00:00 [queued]>
[2024-09-04T22:52:04.960+0700] {taskinstance.py:2076} INFO - Dependencies all met for dep_context=requeueable deps ti=<TaskInstance: scrap_mobil123.scrape_mobil123 scheduled__2024-09-03T00:00:00+00:00 [queued]>
[2024-09-04T22:52:04.960+0700] {taskinstance.py:2306} INFO - Starting attempt 3 of 4
[2024-09-04T22:52:04.971+0700] {taskinstance.py:2330} INFO - Executing <Task(PythonOperator): scrape_mobil123> on 2024-09-03 00:00:00+00:00
[2024-09-04T22:52:04.974+0700] {standard_task_runner.py:64} INFO - Started process 18898 to run task
[2024-09-04T22:52:04.977+0700] {standard_task_runner.py:90} INFO - Running: ['***', 'tasks', 'run', 'scrap_mobil123', 'scrape_mobil123', 'scheduled__2024-09-03T00:00:00+00:00', '--job-id', '235', '--raw', '--subdir', 'DAGS_FOLDER/mobil123/scrap_mobil123.py', '--cfg-path', '/tmp/tmpy6eiymdc']
[2024-09-04T22:52:04.979+0700] {standard_task_runner.py:91} INFO - Job 235: Subtask scrape_mobil123
[2024-09-04T22:52:05.029+0700] {task_command.py:426} INFO - Running <TaskInstance: scrap_mobil123.scrape_mobil123 scheduled__2024-09-03T00:00:00+00:00 [running]> on host BrightHorizons.
[2024-09-04T22:52:05.118+0700] {taskinstance.py:2648} INFO - Exporting env vars: AIRFLOW_CTX_DAG_OWNER='***' AIRFLOW_CTX_DAG_ID='scrap_mobil123' AIRFLOW_CTX_TASK_ID='scrape_mobil123' AIRFLOW_CTX_EXECUTION_DATE='2024-09-03T00:00:00+00:00' AIRFLOW_CTX_TRY_NUMBER='3' AIRFLOW_CTX_DAG_RUN_ID='scheduled__2024-09-03T00:00:00+00:00'
[2024-09-04T22:52:05.119+0700] {taskinstance.py:430} INFO - ::endgroup::
[2024-09-04T22:52:06.454+0700] {logging_mixin.py:188} INFO - Fetching page 1 of 5 for price category: dibawah 50 Juta
[2024-09-04T22:52:06.741+0700] {logging_mixin.py:188} INFO - Fetching page 1 of 3 for price category: dibawah 40 Juta
[2024-09-04T22:52:07.031+0700] {logging_mixin.py:188} INFO - Fetching page 1 of 2 for price category: dibawah 30 Juta
[2024-09-04T22:52:07.292+0700] {logging_mixin.py:188} INFO - Fetching page 1 of 5 for price category: dibawah 60 Juta
[2024-09-04T22:52:07.751+0700] {logging_mixin.py:188} INFO - Sleeping for 1.93 seconds...
[2024-09-04T22:52:08.090+0700] {logging_mixin.py:188} INFO - Sleeping for 2.11 seconds...
[2024-09-04T22:52:08.576+0700] {logging_mixin.py:188} INFO - Sleeping for 1.60 seconds...
[2024-09-04T22:52:09.341+0700] {logging_mixin.py:188} INFO - Sleeping for 1.75 seconds...
[2024-09-04T22:52:09.688+0700] {logging_mixin.py:188} INFO - Fetching page 2 of 5 for price category: dibawah 50 Juta
[2024-09-04T22:52:10.180+0700] {logging_mixin.py:188} INFO - Fetching page 2 of 5 for price category: dibawah 60 Juta
[2024-09-04T22:52:10.199+0700] {logging_mixin.py:188} INFO - Fetching page 2 of 3 for price category: dibawah 40 Juta
[2024-09-04T22:52:10.963+0700] {logging_mixin.py:188} INFO - Sleeping for 1.63 seconds...
[2024-09-04T22:52:11.094+0700] {logging_mixin.py:188} INFO - Fetching page 2 of 2 for price category: dibawah 30 Juta
[2024-09-04T22:52:11.339+0700] {logging_mixin.py:188} INFO - Sleeping for 1.65 seconds...
[2024-09-04T22:52:11.751+0700] {logging_mixin.py:188} INFO - Sleeping for 2.98 seconds...
[2024-09-04T22:52:12.602+0700] {logging_mixin.py:188} INFO - Fetching page 3 of 5 for price category: dibawah 50 Juta
[2024-09-04T22:52:12.637+0700] {logging_mixin.py:188} INFO - Sleeping for 1.61 seconds...
[2024-09-04T22:52:12.992+0700] {logging_mixin.py:188} INFO - Fetching page 3 of 3 for price category: dibawah 40 Juta
[2024-09-04T22:52:13.852+0700] {logging_mixin.py:188} INFO - Sleeping for 1.91 seconds...
[2024-09-04T22:52:14.064+0700] {logging_mixin.py:188} INFO - Sleeping for 1.50 seconds...
[2024-09-04T22:52:14.255+0700] {logging_mixin.py:188} INFO - Data for price category dibawah 30 Juta written to /home/miracle/mobil/scrape/output/mobil123/2024-09-04/mobil123_dibawah 30 Juta_2024-09-04.csv
[2024-09-04T22:52:14.733+0700] {logging_mixin.py:188} INFO - Fetching page 3 of 5 for price category: dibawah 60 Juta
[2024-09-04T22:52:15.474+0700] {logging_mixin.py:188} INFO - Fetching page 1 of 9 for price category: dibawah 70 Juta
[2024-09-04T22:52:15.567+0700] {logging_mixin.py:188} INFO - Data for price category dibawah 40 Juta written to /home/miracle/mobil/scrape/output/mobil123/2024-09-04/mobil123_dibawah 40 Juta_2024-09-04.csv
[2024-09-04T22:52:15.760+0700] {logging_mixin.py:188} INFO - Fetching page 4 of 5 for price category: dibawah 50 Juta
[2024-09-04T22:52:16.297+0700] {logging_mixin.py:188} INFO - Sleeping for 1.57 seconds...
[2024-09-04T22:52:16.711+0700] {logging_mixin.py:188} INFO - Sleeping for 2.67 seconds...
[2024-09-04T22:52:17.043+0700] {logging_mixin.py:188} INFO - Fetching page 1 of 18 for price category: dibawah 80 Juta
[2024-09-04T22:52:17.254+0700] {logging_mixin.py:188} INFO - Sleeping for 2.65 seconds...
[2024-09-04T22:52:17.865+0700] {logging_mixin.py:188} INFO - Fetching page 4 of 5 for price category: dibawah 60 Juta
[2024-09-04T22:52:18.247+0700] {logging_mixin.py:188} INFO - Sleeping for 2.37 seconds...
[2024-09-04T22:52:19.388+0700] {logging_mixin.py:188} INFO - Fetching page 2 of 9 for price category: dibawah 70 Juta
[2024-09-04T22:52:19.428+0700] {logging_mixin.py:188} INFO - Sleeping for 2.32 seconds...
[2024-09-04T22:52:19.904+0700] {logging_mixin.py:188} INFO - Fetching page 5 of 5 for price category: dibawah 50 Juta
[2024-09-04T22:52:20.627+0700] {logging_mixin.py:188} INFO - Fetching page 2 of 18 for price category: dibawah 80 Juta
[2024-09-04T22:52:20.713+0700] {logging_mixin.py:188} INFO - Sleeping for 1.86 seconds...
[2024-09-04T22:52:21.019+0700] {logging_mixin.py:188} INFO - Sleeping for 1.83 seconds...
[2024-09-04T22:52:21.753+0700] {logging_mixin.py:188} INFO - Fetching page 5 of 5 for price category: dibawah 60 Juta
[2024-09-04T22:52:22.036+0700] {logging_mixin.py:188} INFO - Sleeping for 1.65 seconds...
[2024-09-04T22:52:22.574+0700] {logging_mixin.py:188} INFO - Fetching page 3 of 9 for price category: dibawah 70 Juta
[2024-09-04T22:52:22.893+0700] {logging_mixin.py:188} INFO - Data for price category dibawah 50 Juta written to /home/miracle/mobil/scrape/output/mobil123/2024-09-04/mobil123_dibawah 50 Juta_2024-09-04.csv
[2024-09-04T22:52:22.953+0700] {logging_mixin.py:188} INFO - Sleeping for 2.47 seconds...
[2024-09-04T22:52:23.690+0700] {logging_mixin.py:188} INFO - Fetching page 3 of 18 for price category: dibawah 80 Juta
[2024-09-04T22:52:24.510+0700] {logging_mixin.py:188} INFO - Sleeping for 2.68 seconds...
[2024-09-04T22:52:25.012+0700] {logging_mixin.py:188} INFO - Fetching page 1 of 32 for price category: dibawah 90 Juta
[2024-09-04T22:52:25.300+0700] {logging_mixin.py:188} INFO - Sleeping for 1.52 seconds...
[2024-09-04T22:52:25.431+0700] {logging_mixin.py:188} INFO - Data for price category dibawah 60 Juta written to /home/miracle/mobil/scrape/output/mobil123/2024-09-04/mobil123_dibawah 60 Juta_2024-09-04.csv
[2024-09-04T22:52:26.759+0700] {logging_mixin.py:188} INFO - Sleeping for 1.91 seconds...
[2024-09-04T22:52:26.827+0700] {logging_mixin.py:188} INFO - Fetching page 4 of 18 for price category: dibawah 80 Juta
[2024-09-04T22:52:27.195+0700] {logging_mixin.py:188} INFO - Fetching page 4 of 9 for price category: dibawah 70 Juta
[2024-09-04T22:52:27.982+0700] {logging_mixin.py:188} INFO - Sleeping for 2.08 seconds...
[2024-09-04T22:52:28.244+0700] {logging_mixin.py:188} INFO - Sleeping for 2.97 seconds...
[2024-09-04T22:52:28.672+0700] {logging_mixin.py:188} INFO - Fetching page 2 of 32 for price category: dibawah 90 Juta
[2024-09-04T22:52:29.911+0700] {logging_mixin.py:188} INFO - Sleeping for 1.63 seconds...
[2024-09-04T22:52:30.066+0700] {logging_mixin.py:188} INFO - Fetching page 5 of 18 for price category: dibawah 80 Juta
[2024-09-04T22:52:31.216+0700] {logging_mixin.py:188} INFO - Fetching page 5 of 9 for price category: dibawah 70 Juta
[2024-09-04T22:52:31.524+0700] {logging_mixin.py:188} INFO - Sleeping for 1.78 seconds...
[2024-09-04T22:52:31.544+0700] {logging_mixin.py:188} INFO - Fetching page 3 of 32 for price category: dibawah 90 Juta
[2024-09-04T22:52:32.499+0700] {logging_mixin.py:188} INFO - Sleeping for 2.00 seconds...
[2024-09-04T22:52:32.935+0700] {logging_mixin.py:188} INFO - Sleeping for 1.99 seconds...
[2024-09-04T22:52:33.306+0700] {logging_mixin.py:188} INFO - Fetching page 6 of 18 for price category: dibawah 80 Juta
[2024-09-04T22:52:34.508+0700] {logging_mixin.py:188} INFO - Fetching page 6 of 9 for price category: dibawah 70 Juta
[2024-09-04T22:52:34.510+0700] {logging_mixin.py:188} INFO - Sleeping for 1.55 seconds...
[2024-09-04T22:52:34.924+0700] {logging_mixin.py:188} INFO - Fetching page 4 of 32 for price category: dibawah 90 Juta
[2024-09-04T22:52:35.906+0700] {logging_mixin.py:188} INFO - Sleeping for 2.95 seconds...
[2024-09-04T22:52:36.072+0700] {logging_mixin.py:188} INFO - Fetching page 7 of 18 for price category: dibawah 80 Juta
[2024-09-04T22:52:36.478+0700] {logging_mixin.py:188} INFO - Sleeping for 1.76 seconds...
[2024-09-04T22:52:38.243+0700] {logging_mixin.py:188} INFO - Fetching page 5 of 32 for price category: dibawah 90 Juta
[2024-09-04T22:52:38.367+0700] {logging_mixin.py:188} INFO - Sleeping for 1.55 seconds...
[2024-09-04T22:52:38.857+0700] {logging_mixin.py:188} INFO - Fetching page 7 of 9 for price category: dibawah 70 Juta
[2024-09-04T22:52:39.500+0700] {logging_mixin.py:188} INFO - Sleeping for 1.94 seconds...
[2024-09-04T22:52:39.920+0700] {logging_mixin.py:188} INFO - Fetching page 8 of 18 for price category: dibawah 80 Juta
[2024-09-04T22:52:39.961+0700] {logging_mixin.py:188} INFO - Sleeping for 1.51 seconds...
[2024-09-04T22:52:41.082+0700] {logging_mixin.py:188} INFO - Sleeping for 2.58 seconds...
[2024-09-04T22:52:41.448+0700] {logging_mixin.py:188} INFO - Fetching page 6 of 32 for price category: dibawah 90 Juta
[2024-09-04T22:52:41.478+0700] {logging_mixin.py:188} INFO - Fetching page 8 of 9 for price category: dibawah 70 Juta
[2024-09-04T22:52:42.821+0700] {logging_mixin.py:188} INFO - Sleeping for 2.34 seconds...
[2024-09-04T22:52:43.072+0700] {logging_mixin.py:188} INFO - Sleeping for 1.72 seconds...
[2024-09-04T22:52:43.662+0700] {logging_mixin.py:188} INFO - Fetching page 9 of 18 for price category: dibawah 80 Juta
[2024-09-04T22:52:44.761+0700] {logging_mixin.py:188} INFO - Sleeping for 2.41 seconds...
[2024-09-04T22:52:44.797+0700] {logging_mixin.py:188} INFO - Fetching page 7 of 32 for price category: dibawah 90 Juta
[2024-09-04T22:52:45.169+0700] {logging_mixin.py:188} INFO - Fetching page 9 of 9 for price category: dibawah 70 Juta
[2024-09-04T22:52:45.483+0700] {local_task_job_runner.py:313} WARNING - State of this instance has been externally set to success. Terminating instance.
[2024-09-04T22:52:45.483+0700] {local_task_job_runner.py:222} INFO - ::endgroup::
[2024-09-04T22:52:45.486+0700] {process_utils.py:132} INFO - Sending 15 to group 18898. PIDs of all processes in the group: [18898]
[2024-09-04T22:52:45.486+0700] {process_utils.py:87} INFO - Sending the signal 15 to group 18898
[2024-09-04T22:52:45.487+0700] {taskinstance.py:2611} ERROR - Received SIGTERM. Terminating subprocesses.
[2024-09-04T22:52:46.286+0700] {logging_mixin.py:188} INFO - Sleeping for 2.80 seconds...
[2024-09-04T22:52:46.446+0700] {logging_mixin.py:188} INFO - Sleeping for 1.59 seconds...
[2024-09-04T22:52:47.169+0700] {logging_mixin.py:188} INFO - Fetching page 10 of 18 for price category: dibawah 80 Juta
[2024-09-04T22:52:48.044+0700] {logging_mixin.py:188} INFO - Data for price category dibawah 70 Juta written to /home/miracle/mobil/scrape/output/mobil123/2024-09-04/mobil123_dibawah 70 Juta_2024-09-04.csv
[2024-09-04T22:52:48.680+0700] {logging_mixin.py:188} INFO - Sleeping for 1.90 seconds...
[2024-09-04T22:52:49.089+0700] {logging_mixin.py:188} INFO - Fetching page 8 of 32 for price category: dibawah 90 Juta
[2024-09-04T22:52:50.592+0700] {logging_mixin.py:188} INFO - Fetching page 11 of 18 for price category: dibawah 80 Juta
[2024-09-04T22:52:50.595+0700] {logging_mixin.py:188} INFO - Sleeping for 1.58 seconds...
[2024-09-04T22:52:52.166+0700] {logging_mixin.py:188} INFO - Sleeping for 2.16 seconds...
[2024-09-04T22:52:52.183+0700] {logging_mixin.py:188} INFO - Fetching page 9 of 32 for price category: dibawah 90 Juta
[2024-09-04T22:52:53.416+0700] {logging_mixin.py:188} INFO - Sleeping for 2.57 seconds...
[2024-09-04T22:52:54.330+0700] {logging_mixin.py:188} INFO - Fetching page 12 of 18 for price category: dibawah 80 Juta
[2024-09-04T22:52:55.805+0700] {logging_mixin.py:188} INFO - Sleeping for 1.57 seconds...
[2024-09-04T22:52:55.993+0700] {logging_mixin.py:188} INFO - Fetching page 10 of 32 for price category: dibawah 90 Juta
[2024-09-04T22:52:57.226+0700] {logging_mixin.py:188} INFO - Sleeping for 1.80 seconds...
[2024-09-04T22:52:57.374+0700] {logging_mixin.py:188} INFO - Fetching page 13 of 18 for price category: dibawah 80 Juta
[2024-09-04T22:52:58.886+0700] {logging_mixin.py:188} INFO - Sleeping for 2.59 seconds...
[2024-09-04T22:52:59.028+0700] {logging_mixin.py:188} INFO - Fetching page 11 of 32 for price category: dibawah 90 Juta
[2024-09-04T22:53:00.075+0700] {logging_mixin.py:188} INFO - Sleeping for 1.75 seconds...
[2024-09-04T22:53:01.478+0700] {logging_mixin.py:188} INFO - Fetching page 14 of 18 for price category: dibawah 80 Juta
[2024-09-04T22:53:01.829+0700] {logging_mixin.py:188} INFO - Fetching page 12 of 32 for price category: dibawah 90 Juta
[2024-09-04T22:53:02.638+0700] {logging_mixin.py:188} INFO - Sleeping for 2.77 seconds...
[2024-09-04T22:53:03.598+0700] {logging_mixin.py:188} INFO - Sleeping for 2.33 seconds...
[2024-09-04T22:53:05.407+0700] {logging_mixin.py:188} INFO - Fetching page 15 of 18 for price category: dibawah 80 Juta
[2024-09-04T22:53:05.925+0700] {logging_mixin.py:188} INFO - Fetching page 13 of 32 for price category: dibawah 90 Juta
[2024-09-04T22:53:06.848+0700] {logging_mixin.py:188} INFO - Sleeping for 1.62 seconds...
[2024-09-04T22:53:07.092+0700] {logging_mixin.py:188} INFO - Sleeping for 1.90 seconds...
[2024-09-04T22:53:08.469+0700] {logging_mixin.py:188} INFO - Fetching page 16 of 18 for price category: dibawah 80 Juta
[2024-09-04T22:53:08.998+0700] {logging_mixin.py:188} INFO - Fetching page 14 of 32 for price category: dibawah 90 Juta
[2024-09-04T22:53:09.633+0700] {logging_mixin.py:188} INFO - Sleeping for 1.85 seconds...
[2024-09-04T22:53:10.531+0700] {logging_mixin.py:188} INFO - Sleeping for 1.88 seconds...
[2024-09-04T22:53:11.485+0700] {logging_mixin.py:188} INFO - Fetching page 17 of 18 for price category: dibawah 80 Juta
[2024-09-04T22:53:12.414+0700] {logging_mixin.py:188} INFO - Fetching page 15 of 32 for price category: dibawah 90 Juta
[2024-09-04T22:53:12.694+0700] {logging_mixin.py:188} INFO - Sleeping for 2.56 seconds...
[2024-09-04T22:53:14.061+0700] {logging_mixin.py:188} INFO - Sleeping for 1.70 seconds...
[2024-09-04T22:53:15.254+0700] {logging_mixin.py:188} INFO - Fetching page 18 of 18 for price category: dibawah 80 Juta
[2024-09-04T22:53:15.762+0700] {logging_mixin.py:188} INFO - Fetching page 16 of 32 for price category: dibawah 90 Juta
[2024-09-04T22:53:16.813+0700] {logging_mixin.py:188} INFO - Sleeping for 2.79 seconds...
[2024-09-04T22:53:17.215+0700] {logging_mixin.py:188} INFO - Sleeping for 1.93 seconds...
[2024-09-04T22:53:19.152+0700] {logging_mixin.py:188} INFO - Fetching page 17 of 32 for price category: dibawah 90 Juta
[2024-09-04T22:53:19.611+0700] {logging_mixin.py:188} INFO - Data for price category dibawah 80 Juta written to /home/miracle/mobil/scrape/output/mobil123/2024-09-04/mobil123_dibawah 80 Juta_2024-09-04.csv
[2024-09-04T22:53:20.370+0700] {logging_mixin.py:188} INFO - Sleeping for 2.58 seconds...
[2024-09-04T22:53:22.949+0700] {logging_mixin.py:188} INFO - Fetching page 18 of 32 for price category: dibawah 90 Juta
[2024-09-04T22:53:24.508+0700] {logging_mixin.py:188} INFO - Sleeping for 2.46 seconds...
[2024-09-04T22:53:26.969+0700] {logging_mixin.py:188} INFO - Fetching page 19 of 32 for price category: dibawah 90 Juta
[2024-09-04T22:53:28.255+0700] {logging_mixin.py:188} INFO - Sleeping for 1.78 seconds...
[2024-09-04T22:53:30.042+0700] {logging_mixin.py:188} INFO - Fetching page 20 of 32 for price category: dibawah 90 Juta
[2024-09-04T22:53:31.855+0700] {logging_mixin.py:188} INFO - Sleeping for 2.37 seconds...
[2024-09-04T22:53:34.230+0700] {logging_mixin.py:188} INFO - Fetching page 21 of 32 for price category: dibawah 90 Juta
[2024-09-04T22:53:35.542+0700] {logging_mixin.py:188} INFO - Sleeping for 1.95 seconds...
[2024-09-04T22:53:37.495+0700] {logging_mixin.py:188} INFO - Fetching page 22 of 32 for price category: dibawah 90 Juta
[2024-09-04T22:53:38.877+0700] {logging_mixin.py:188} INFO - Sleeping for 2.77 seconds...
[2024-09-04T22:53:41.651+0700] {logging_mixin.py:188} INFO - Fetching page 23 of 32 for price category: dibawah 90 Juta
[2024-09-04T22:53:42.989+0700] {logging_mixin.py:188} INFO - Sleeping for 1.55 seconds...
[2024-09-04T22:53:44.540+0700] {logging_mixin.py:188} INFO - Fetching page 24 of 32 for price category: dibawah 90 Juta
[2024-09-04T22:53:45.502+0700] {process_utils.py:150} WARNING - process psutil.Process(pid=18898, name='airflow task ru', status='sleeping', started='22:52:03') did not respond to SIGTERM. Trying SIGKILL
[2024-09-04T22:53:45.503+0700] {process_utils.py:87} INFO - Sending the signal 9 to group 18898
[2024-09-04T22:53:45.530+0700] {process_utils.py:80} INFO - Process psutil.Process(pid=18898, name='airflow task ru', status='terminated', exitcode=<Negsignal.SIGKILL: -9>, started='22:52:03') (18898) terminated with exit code -9
[2024-09-04T22:53:45.530+0700] {standard_task_runner.py:176} ERROR - ('Job 235 was killed before it finished (likely due to running out of memory)', 'For more information, see https://***.apache.org/docs/apache-***/stable/troubleshooting.html#LocalTaskJob-killed')
