[2024-08-26T00:17:52.646+0700] {local_task_job_runner.py:120} INFO - ::group::Pre task execution logs
[2024-08-26T00:17:52.832+0700] {taskinstance.py:2076} INFO - Dependencies all met for dep_context=non-requeueable deps ti=<TaskInstance: scrap_mobil123.scrape_mobil123 scheduled__2024-08-08T00:00:00+00:00 [queued]>
[2024-08-26T00:17:52.842+0700] {taskinstance.py:2076} INFO - Dependencies all met for dep_context=requeueable deps ti=<TaskInstance: scrap_mobil123.scrape_mobil123 scheduled__2024-08-08T00:00:00+00:00 [queued]>
[2024-08-26T00:17:52.843+0700] {taskinstance.py:2306} INFO - Starting attempt 1 of 2
[2024-08-26T00:17:52.891+0700] {taskinstance.py:2330} INFO - Executing <Task(PythonOperator): scrape_mobil123> on 2024-08-08 00:00:00+00:00
[2024-08-26T00:17:52.897+0700] {standard_task_runner.py:64} INFO - Started process 15424 to run task
[2024-08-26T00:17:52.901+0700] {standard_task_runner.py:90} INFO - Running: ['***', 'tasks', 'run', 'scrap_mobil123', 'scrape_mobil123', 'scheduled__2024-08-08T00:00:00+00:00', '--job-id', '105', '--raw', '--subdir', 'DAGS_FOLDER/mobil123/scrap_mobil123.py', '--cfg-path', '/tmp/tmpvnkh___f']
[2024-08-26T00:17:52.904+0700] {standard_task_runner.py:91} INFO - Job 105: Subtask scrape_mobil123
[2024-08-26T00:17:52.978+0700] {task_command.py:426} INFO - Running <TaskInstance: scrap_mobil123.scrape_mobil123 scheduled__2024-08-08T00:00:00+00:00 [running]> on host BrightHorizons.
[2024-08-26T00:17:53.114+0700] {taskinstance.py:2648} INFO - Exporting env vars: AIRFLOW_CTX_DAG_OWNER='***' AIRFLOW_CTX_DAG_ID='scrap_mobil123' AIRFLOW_CTX_TASK_ID='scrape_mobil123' AIRFLOW_CTX_EXECUTION_DATE='2024-08-08T00:00:00+00:00' AIRFLOW_CTX_TRY_NUMBER='1' AIRFLOW_CTX_DAG_RUN_ID='scheduled__2024-08-08T00:00:00+00:00'
[2024-08-26T00:17:53.115+0700] {taskinstance.py:430} INFO - ::endgroup::
[2024-08-26T00:17:54.296+0700] {logging_mixin.py:188} INFO - Fetching page 1 of 2 for price category: dibawah 30 Juta
[2024-08-26T00:17:55.868+0700] {logging_mixin.py:188} INFO - Sleeping for 1.62 seconds...
[2024-08-26T00:17:57.494+0700] {logging_mixin.py:188} INFO - Fetching page 2 of 2 for price category: dibawah 30 Juta
[2024-08-26T00:17:59.424+0700] {logging_mixin.py:188} INFO - Sleeping for 2.89 seconds...
[2024-08-26T00:18:02.315+0700] {logging_mixin.py:188} INFO - Data for price category dibawah 30 Juta written to /home/miracle/mobil/scrape/output/mobil123/2024-08-26/mobil123_dibawah 30 Juta_2024-08-26.csv
[2024-08-26T00:18:03.784+0700] {logging_mixin.py:188} INFO - Fetching page 1 of 3 for price category: dibawah 40 Juta
[2024-08-26T00:18:04.943+0700] {logging_mixin.py:188} INFO - Sleeping for 1.63 seconds...
[2024-08-26T00:18:06.577+0700] {logging_mixin.py:188} INFO - Fetching page 2 of 3 for price category: dibawah 40 Juta
[2024-08-26T00:18:08.317+0700] {logging_mixin.py:188} INFO - Sleeping for 1.65 seconds...
[2024-08-26T00:18:09.968+0700] {logging_mixin.py:188} INFO - Fetching page 3 of 3 for price category: dibawah 40 Juta
[2024-08-26T00:18:10.977+0700] {logging_mixin.py:188} INFO - Sleeping for 1.97 seconds...
[2024-08-26T00:18:12.951+0700] {logging_mixin.py:188} INFO - Data for price category dibawah 40 Juta written to /home/miracle/mobil/scrape/output/mobil123/2024-08-26/mobil123_dibawah 40 Juta_2024-08-26.csv
[2024-08-26T00:18:14.261+0700] {logging_mixin.py:188} INFO - Fetching page 1 of 5 for price category: dibawah 50 Juta
[2024-08-26T00:18:15.618+0700] {logging_mixin.py:188} INFO - Sleeping for 1.82 seconds...
[2024-08-26T00:18:17.441+0700] {logging_mixin.py:188} INFO - Fetching page 2 of 5 for price category: dibawah 50 Juta
[2024-08-26T00:18:18.942+0700] {logging_mixin.py:188} INFO - Sleeping for 2.55 seconds...
[2024-08-26T00:18:21.498+0700] {logging_mixin.py:188} INFO - Fetching page 3 of 5 for price category: dibawah 50 Juta
[2024-08-26T00:18:25.050+0700] {logging_mixin.py:188} INFO - Sleeping for 2.55 seconds...
[2024-08-26T00:18:27.598+0700] {logging_mixin.py:188} INFO - Fetching page 4 of 5 for price category: dibawah 50 Juta
[2024-08-26T00:18:30.121+0700] {logging_mixin.py:188} INFO - Sleeping for 1.76 seconds...
[2024-08-26T00:18:31.883+0700] {logging_mixin.py:188} INFO - Fetching page 5 of 5 for price category: dibawah 50 Juta
[2024-08-26T00:18:32.849+0700] {logging_mixin.py:188} INFO - Sleeping for 2.84 seconds...
[2024-08-26T00:18:35.693+0700] {logging_mixin.py:188} INFO - Data for price category dibawah 50 Juta written to /home/miracle/mobil/scrape/output/mobil123/2024-08-26/mobil123_dibawah 50 Juta_2024-08-26.csv
[2024-08-26T00:18:37.149+0700] {logging_mixin.py:188} INFO - Fetching page 1 of 5 for price category: dibawah 60 Juta
[2024-08-26T00:18:38.565+0700] {logging_mixin.py:188} INFO - Sleeping for 2.46 seconds...
[2024-08-26T00:18:41.032+0700] {logging_mixin.py:188} INFO - Fetching page 2 of 5 for price category: dibawah 60 Juta
[2024-08-26T00:18:41.899+0700] {logging_mixin.py:188} INFO - Sleeping for 2.38 seconds...
[2024-08-26T00:18:44.279+0700] {logging_mixin.py:188} INFO - Fetching page 3 of 5 for price category: dibawah 60 Juta
[2024-08-26T00:18:45.228+0700] {logging_mixin.py:188} INFO - Sleeping for 1.80 seconds...
[2024-08-26T00:18:47.029+0700] {logging_mixin.py:188} INFO - Fetching page 4 of 5 for price category: dibawah 60 Juta
[2024-08-26T00:18:48.285+0700] {logging_mixin.py:188} INFO - Sleeping for 1.56 seconds...
[2024-08-26T00:18:49.846+0700] {logging_mixin.py:188} INFO - Fetching page 5 of 5 for price category: dibawah 60 Juta
[2024-08-26T00:18:51.479+0700] {logging_mixin.py:188} INFO - Sleeping for 2.18 seconds...
[2024-08-26T00:18:53.659+0700] {logging_mixin.py:188} INFO - Data for price category dibawah 60 Juta written to /home/miracle/mobil/scrape/output/mobil123/2024-08-26/mobil123_dibawah 60 Juta_2024-08-26.csv
[2024-08-26T00:18:54.607+0700] {logging_mixin.py:188} INFO - Fetching page 1 of 9 for price category: dibawah 70 Juta
[2024-08-26T00:18:55.798+0700] {logging_mixin.py:188} INFO - Sleeping for 2.37 seconds...
[2024-08-26T00:18:58.176+0700] {logging_mixin.py:188} INFO - Fetching page 2 of 9 for price category: dibawah 70 Juta
[2024-08-26T00:18:59.297+0700] {logging_mixin.py:188} INFO - Sleeping for 2.43 seconds...
[2024-08-26T00:19:01.734+0700] {logging_mixin.py:188} INFO - Fetching page 3 of 9 for price category: dibawah 70 Juta
[2024-08-26T00:19:03.174+0700] {logging_mixin.py:188} INFO - Sleeping for 2.19 seconds...
[2024-08-26T00:19:05.371+0700] {logging_mixin.py:188} INFO - Fetching page 4 of 9 for price category: dibawah 70 Juta
[2024-08-26T00:19:06.441+0700] {logging_mixin.py:188} INFO - Sleeping for 1.85 seconds...
[2024-08-26T00:19:08.291+0700] {logging_mixin.py:188} INFO - Fetching page 5 of 9 for price category: dibawah 70 Juta
[2024-08-26T00:19:08.756+0700] {local_task_job_runner.py:313} WARNING - State of this instance has been externally set to success. Terminating instance.
[2024-08-26T00:19:08.757+0700] {local_task_job_runner.py:222} INFO - ::endgroup::
[2024-08-26T00:19:08.760+0700] {process_utils.py:132} INFO - Sending 15 to group 15424. PIDs of all processes in the group: [15424]
[2024-08-26T00:19:08.761+0700] {process_utils.py:87} INFO - Sending the signal 15 to group 15424
[2024-08-26T00:19:08.761+0700] {taskinstance.py:2611} ERROR - Received SIGTERM. Terminating subprocesses.
[2024-08-26T00:19:08.762+0700] {taskinstance.py:441} INFO - ::group::Post task execution logs
[2024-08-26T00:19:08.813+0700] {process_utils.py:80} INFO - Process psutil.Process(pid=15424, status='terminated', exitcode=0, started='00:17:52') (15424) terminated with exit code 0
