[2024-09-22T15:10:40.038+0700] {local_task_job_runner.py:120} INFO - ::group::Pre task execution logs
[2024-09-22T15:10:40.322+0700] {taskinstance.py:2076} INFO - Dependencies all met for dep_context=non-requeueable deps ti=<TaskInstance: scrap_mobil123.scrape_mobil123 scheduled__2024-09-05T00:00:00+00:00 [queued]>
[2024-09-22T15:10:40.340+0700] {taskinstance.py:2076} INFO - Dependencies all met for dep_context=requeueable deps ti=<TaskInstance: scrap_mobil123.scrape_mobil123 scheduled__2024-09-05T00:00:00+00:00 [queued]>
[2024-09-22T15:10:40.341+0700] {taskinstance.py:2306} INFO - Starting attempt 1 of 2
[2024-09-22T15:10:40.366+0700] {taskinstance.py:2330} INFO - Executing <Task(PythonOperator): scrape_mobil123> on 2024-09-05 00:00:00+00:00
[2024-09-22T15:10:40.374+0700] {standard_task_runner.py:64} INFO - Started process 242138 to run task
[2024-09-22T15:10:40.380+0700] {standard_task_runner.py:90} INFO - Running: ['***', 'tasks', 'run', 'scrap_mobil123', 'scrape_mobil123', 'scheduled__2024-09-05T00:00:00+00:00', '--job-id', '244', '--raw', '--subdir', 'DAGS_FOLDER/mobil123/scrap_mobil123.py', '--cfg-path', '/tmp/tmpb0ufmqwq']
[2024-09-22T15:10:40.382+0700] {standard_task_runner.py:91} INFO - Job 244: Subtask scrape_mobil123
[2024-09-22T15:10:40.458+0700] {task_command.py:426} INFO - Running <TaskInstance: scrap_mobil123.scrape_mobil123 scheduled__2024-09-05T00:00:00+00:00 [running]> on host BrightHorizons.
[2024-09-22T15:10:40.576+0700] {taskinstance.py:2648} INFO - Exporting env vars: AIRFLOW_CTX_DAG_OWNER='***' AIRFLOW_CTX_DAG_ID='scrap_mobil123' AIRFLOW_CTX_TASK_ID='scrape_mobil123' AIRFLOW_CTX_EXECUTION_DATE='2024-09-05T00:00:00+00:00' AIRFLOW_CTX_TRY_NUMBER='1' AIRFLOW_CTX_DAG_RUN_ID='scheduled__2024-09-05T00:00:00+00:00'
[2024-09-22T15:10:40.577+0700] {taskinstance.py:430} INFO - ::endgroup::
[2024-09-22T15:10:42.160+0700] {logging_mixin.py:188} INFO - Fetching page 1 of 3 for price category: dibawah 50 Juta
[2024-09-22T15:10:43.767+0700] {logging_mixin.py:188} INFO - Fetching page 1 of 3 for price category: dibawah 40 Juta
[2024-09-22T15:10:44.387+0700] {logging_mixin.py:188} INFO - Fetching page 1 of 2 for price category: dibawah 30 Juta
[2024-09-22T15:10:44.480+0700] {logging_mixin.py:188} INFO - Fetching page 1 of 5 for price category: dibawah 60 Juta
[2024-09-22T15:10:44.818+0700] {logging_mixin.py:188} INFO - Sleeping for 1.99 seconds...
[2024-09-22T15:10:45.228+0700] {logging_mixin.py:188} INFO - Sleeping for 2.53 seconds...
[2024-09-22T15:10:45.811+0700] {logging_mixin.py:188} INFO - Sleeping for 2.16 seconds...
[2024-09-22T15:10:46.040+0700] {logging_mixin.py:188} INFO - Sleeping for 2.07 seconds...
[2024-09-22T15:10:46.814+0700] {logging_mixin.py:188} INFO - Fetching page 2 of 3 for price category: dibawah 50 Juta
[2024-09-22T15:10:47.761+0700] {logging_mixin.py:188} INFO - Fetching page 2 of 3 for price category: dibawah 40 Juta
[2024-09-22T15:10:47.978+0700] {logging_mixin.py:188} INFO - Fetching page 2 of 2 for price category: dibawah 30 Juta
[2024-09-22T15:10:48.119+0700] {logging_mixin.py:188} INFO - Fetching page 2 of 5 for price category: dibawah 60 Juta
[2024-09-22T15:10:48.219+0700] {logging_mixin.py:188} INFO - Sleeping for 2.73 seconds...
[2024-09-22T15:10:49.004+0700] {logging_mixin.py:188} INFO - Sleeping for 2.59 seconds...
[2024-09-22T15:10:49.088+0700] {logging_mixin.py:188} INFO - Sleeping for 2.83 seconds...
[2024-09-22T15:10:49.697+0700] {logging_mixin.py:188} INFO - Sleeping for 2.45 seconds...
[2024-09-22T15:10:50.956+0700] {logging_mixin.py:188} INFO - Fetching page 3 of 3 for price category: dibawah 50 Juta
[2024-09-22T15:10:51.613+0700] {logging_mixin.py:188} INFO - Fetching page 3 of 3 for price category: dibawah 40 Juta
[2024-09-22T15:10:51.926+0700] {logging_mixin.py:188} INFO - Data for price category dibawah 30 Juta written to /home/miracle/mobil/scrape/output/mobil123/2024-09-22/mobil123_dibawah 30 Juta_2024-09-22.csv
[2024-09-22T15:10:52.151+0700] {logging_mixin.py:188} INFO - Fetching page 3 of 5 for price category: dibawah 60 Juta
[2024-09-22T15:10:52.322+0700] {logging_mixin.py:188} INFO - Sleeping for 1.98 seconds...
[2024-09-22T15:10:53.265+0700] {logging_mixin.py:188} INFO - Fetching page 1 of 8 for price category: dibawah 70 Juta
[2024-09-22T15:10:53.509+0700] {logging_mixin.py:188} INFO - Sleeping for 2.23 seconds...
[2024-09-22T15:10:54.318+0700] {logging_mixin.py:188} INFO - Data for price category dibawah 50 Juta written to /home/miracle/mobil/scrape/output/mobil123/2024-09-22/mobil123_dibawah 50 Juta_2024-09-22.csv
[2024-09-22T15:10:54.388+0700] {logging_mixin.py:188} INFO - Sleeping for 2.10 seconds...
[2024-09-22T15:10:54.816+0700] {logging_mixin.py:188} INFO - Sleeping for 2.35 seconds...
[2024-09-22T15:10:55.746+0700] {logging_mixin.py:188} INFO - Data for price category dibawah 40 Juta written to /home/miracle/mobil/scrape/output/mobil123/2024-09-22/mobil123_dibawah 40 Juta_2024-09-22.csv
[2024-09-22T15:10:56.235+0700] {logging_mixin.py:188} INFO - Fetching page 1 of 20 for price category: dibawah 80 Juta
[2024-09-22T15:10:56.492+0700] {logging_mixin.py:188} INFO - Fetching page 4 of 5 for price category: dibawah 60 Juta
[2024-09-22T15:10:57.167+0700] {logging_mixin.py:188} INFO - Fetching page 1 of 34 for price category: dibawah 90 Juta
[2024-09-22T15:10:57.167+0700] {logging_mixin.py:188} INFO - Fetching page 2 of 8 for price category: dibawah 70 Juta
[2024-09-22T15:10:57.722+0700] {logging_mixin.py:188} INFO - Sleeping for 2.25 seconds...
[2024-09-22T15:10:58.118+0700] {logging_mixin.py:188} INFO - Sleeping for 1.64 seconds...
[2024-09-22T15:10:58.384+0700] {logging_mixin.py:188} INFO - Sleeping for 2.60 seconds...
[2024-09-22T15:10:58.637+0700] {logging_mixin.py:188} INFO - Sleeping for 1.65 seconds...
[2024-09-22T15:10:59.758+0700] {logging_mixin.py:188} INFO - Fetching page 2 of 20 for price category: dibawah 80 Juta
[2024-09-22T15:10:59.970+0700] {logging_mixin.py:188} INFO - Fetching page 5 of 5 for price category: dibawah 60 Juta
[2024-09-22T15:11:00.293+0700] {logging_mixin.py:188} INFO - Fetching page 3 of 8 for price category: dibawah 70 Juta
[2024-09-22T15:11:01.026+0700] {logging_mixin.py:188} INFO - Fetching page 2 of 34 for price category: dibawah 90 Juta
[2024-09-22T15:11:01.123+0700] {logging_mixin.py:188} INFO - Sleeping for 2.68 seconds...
[2024-09-22T15:11:01.373+0700] {logging_mixin.py:188} INFO - Sleeping for 2.62 seconds...
[2024-09-22T15:11:01.682+0700] {logging_mixin.py:188} INFO - Sleeping for 1.95 seconds...
[2024-09-22T15:11:02.508+0700] {logging_mixin.py:188} INFO - Sleeping for 1.69 seconds...
[2024-09-22T15:11:03.636+0700] {logging_mixin.py:188} INFO - Fetching page 4 of 8 for price category: dibawah 70 Juta
[2024-09-22T15:11:03.811+0700] {logging_mixin.py:188} INFO - Data for price category dibawah 60 Juta written to /home/miracle/mobil/scrape/output/mobil123/2024-09-22/mobil123_dibawah 60 Juta_2024-09-22.csv
[2024-09-22T15:11:03.996+0700] {logging_mixin.py:188} INFO - Fetching page 3 of 20 for price category: dibawah 80 Juta
[2024-09-22T15:11:04.199+0700] {logging_mixin.py:188} INFO - Fetching page 3 of 34 for price category: dibawah 90 Juta
[2024-09-22T15:11:05.186+0700] {logging_mixin.py:188} INFO - Sleeping for 1.89 seconds...
[2024-09-22T15:11:05.442+0700] {logging_mixin.py:188} INFO - Sleeping for 2.52 seconds...
[2024-09-22T15:11:05.701+0700] {logging_mixin.py:188} INFO - Sleeping for 2.30 seconds...
[2024-09-22T15:11:07.076+0700] {logging_mixin.py:188} INFO - Fetching page 4 of 20 for price category: dibawah 80 Juta
[2024-09-22T15:11:08.090+0700] {logging_mixin.py:188} INFO - Fetching page 5 of 8 for price category: dibawah 70 Juta
[2024-09-22T15:11:08.090+0700] {logging_mixin.py:188} INFO - Fetching page 4 of 34 for price category: dibawah 90 Juta
[2024-09-22T15:11:08.308+0700] {logging_mixin.py:188} INFO - Sleeping for 1.78 seconds...
[2024-09-22T15:11:09.340+0700] {logging_mixin.py:188} INFO - Sleeping for 2.02 seconds...
[2024-09-22T15:11:10.094+0700] {logging_mixin.py:188} INFO - Fetching page 5 of 20 for price category: dibawah 80 Juta
[2024-09-22T15:11:10.098+0700] {logging_mixin.py:188} INFO - Sleeping for 1.88 seconds...
[2024-09-22T15:11:11.173+0700] {logging_mixin.py:188} INFO - Sleeping for 1.62 seconds...
[2024-09-22T15:11:11.358+0700] {logging_mixin.py:188} INFO - Fetching page 5 of 34 for price category: dibawah 90 Juta
[2024-09-22T15:11:11.986+0700] {logging_mixin.py:188} INFO - Fetching page 6 of 8 for price category: dibawah 70 Juta
[2024-09-22T15:11:12.532+0700] {logging_mixin.py:188} INFO - Sleeping for 1.81 seconds...
[2024-09-22T15:11:12.802+0700] {logging_mixin.py:188} INFO - Fetching page 6 of 20 for price category: dibawah 80 Juta
[2024-09-22T15:11:13.160+0700] {logging_mixin.py:188} INFO - Sleeping for 1.57 seconds...
[2024-09-22T15:11:14.166+0700] {logging_mixin.py:188} INFO - Sleeping for 2.26 seconds...
[2024-09-22T15:11:14.346+0700] {logging_mixin.py:188} INFO - Fetching page 6 of 34 for price category: dibawah 90 Juta
[2024-09-22T15:11:14.736+0700] {logging_mixin.py:188} INFO - Fetching page 7 of 8 for price category: dibawah 70 Juta
[2024-09-22T15:11:15.462+0700] {logging_mixin.py:188} INFO - Sleeping for 2.51 seconds...
[2024-09-22T15:11:16.267+0700] {logging_mixin.py:188} INFO - Sleeping for 1.57 seconds...
[2024-09-22T15:11:16.433+0700] {logging_mixin.py:188} INFO - Fetching page 7 of 20 for price category: dibawah 80 Juta
[2024-09-22T15:11:17.595+0700] {logging_mixin.py:188} INFO - Sleeping for 2.11 seconds...
[2024-09-22T15:11:17.838+0700] {logging_mixin.py:188} INFO - Fetching page 8 of 8 for price category: dibawah 70 Juta
[2024-09-22T15:11:17.979+0700] {logging_mixin.py:188} INFO - Fetching page 7 of 34 for price category: dibawah 90 Juta
[2024-09-22T15:11:18.572+0700] {logging_mixin.py:188} INFO - Sleeping for 1.54 seconds...
[2024-09-22T15:11:19.180+0700] {logging_mixin.py:188} INFO - Sleeping for 1.78 seconds...
[2024-09-22T15:11:19.710+0700] {logging_mixin.py:188} INFO - Fetching page 8 of 20 for price category: dibawah 80 Juta
[2024-09-22T15:11:20.112+0700] {logging_mixin.py:188} INFO - Data for price category dibawah 70 Juta written to /home/miracle/mobil/scrape/output/mobil123/2024-09-22/mobil123_dibawah 70 Juta_2024-09-22.csv
[2024-09-22T15:11:20.818+0700] {logging_mixin.py:188} INFO - Sleeping for 2.19 seconds...
[2024-09-22T15:11:20.960+0700] {logging_mixin.py:188} INFO - Fetching page 8 of 34 for price category: dibawah 90 Juta
[2024-09-22T15:11:22.851+0700] {logging_mixin.py:188} INFO - Sleeping for 2.70 seconds...
[2024-09-22T15:11:23.014+0700] {logging_mixin.py:188} INFO - Fetching page 9 of 20 for price category: dibawah 80 Juta
[2024-09-22T15:11:24.604+0700] {logging_mixin.py:188} INFO - Sleeping for 2.62 seconds...
[2024-09-22T15:11:25.557+0700] {logging_mixin.py:188} INFO - Fetching page 9 of 34 for price category: dibawah 90 Juta
[2024-09-22T15:11:26.896+0700] {logging_mixin.py:188} INFO - Sleeping for 2.25 seconds...
[2024-09-22T15:11:27.222+0700] {logging_mixin.py:188} INFO - Fetching page 10 of 20 for price category: dibawah 80 Juta
[2024-09-22T15:11:28.775+0700] {logging_mixin.py:188} INFO - Sleeping for 1.79 seconds...
[2024-09-22T15:11:29.152+0700] {logging_mixin.py:188} INFO - Fetching page 10 of 34 for price category: dibawah 90 Juta
[2024-09-22T15:11:30.353+0700] {logging_mixin.py:188} INFO - Sleeping for 2.29 seconds...
[2024-09-22T15:11:30.570+0700] {logging_mixin.py:188} INFO - Fetching page 11 of 20 for price category: dibawah 80 Juta
[2024-09-22T15:11:32.051+0700] {logging_mixin.py:188} INFO - Sleeping for 2.77 seconds...
[2024-09-22T15:11:32.647+0700] {logging_mixin.py:188} INFO - Fetching page 11 of 34 for price category: dibawah 90 Juta
[2024-09-22T15:11:33.912+0700] {logging_mixin.py:188} INFO - Sleeping for 1.82 seconds...
[2024-09-22T15:11:34.826+0700] {logging_mixin.py:188} INFO - Fetching page 12 of 20 for price category: dibawah 80 Juta
[2024-09-22T15:11:35.741+0700] {logging_mixin.py:188} INFO - Fetching page 12 of 34 for price category: dibawah 90 Juta
[2024-09-22T15:11:36.195+0700] {logging_mixin.py:188} INFO - Sleeping for 2.93 seconds...
[2024-09-22T15:11:37.100+0700] {logging_mixin.py:188} INFO - Sleeping for 1.80 seconds...
[2024-09-22T15:11:38.905+0700] {logging_mixin.py:188} INFO - Fetching page 13 of 34 for price category: dibawah 90 Juta
[2024-09-22T15:11:39.126+0700] {logging_mixin.py:188} INFO - Fetching page 13 of 20 for price category: dibawah 80 Juta
[2024-09-22T15:11:40.004+0700] {logging_mixin.py:188} INFO - Sleeping for 2.43 seconds...
[2024-09-22T15:11:40.551+0700] {logging_mixin.py:188} INFO - Sleeping for 2.84 seconds...
[2024-09-22T15:11:42.433+0700] {logging_mixin.py:188} INFO - Fetching page 14 of 34 for price category: dibawah 90 Juta
[2024-09-22T15:11:43.391+0700] {logging_mixin.py:188} INFO - Fetching page 14 of 20 for price category: dibawah 80 Juta
[2024-09-22T15:11:44.346+0700] {logging_mixin.py:188} INFO - Sleeping for 2.86 seconds...
[2024-09-22T15:11:46.018+0700] {logging_mixin.py:188} INFO - Sleeping for 2.83 seconds...
[2024-09-22T15:11:47.207+0700] {logging_mixin.py:188} INFO - Fetching page 15 of 20 for price category: dibawah 80 Juta
[2024-09-22T15:11:48.225+0700] {logging_mixin.py:188} INFO - Sleeping for 2.00 seconds...
[2024-09-22T15:11:48.847+0700] {logging_mixin.py:188} INFO - Fetching page 15 of 34 for price category: dibawah 90 Juta
[2024-09-22T15:11:50.043+0700] {logging_mixin.py:188} INFO - Sleeping for 2.19 seconds...
[2024-09-22T15:11:50.231+0700] {logging_mixin.py:188} INFO - Fetching page 16 of 20 for price category: dibawah 80 Juta
[2024-09-22T15:11:51.230+0700] {logging_mixin.py:188} INFO - Sleeping for 2.47 seconds...
[2024-09-22T15:11:52.233+0700] {logging_mixin.py:188} INFO - Fetching page 16 of 34 for price category: dibawah 90 Juta
[2024-09-22T15:11:53.449+0700] {logging_mixin.py:188} INFO - Sleeping for 1.68 seconds...
[2024-09-22T15:11:53.704+0700] {logging_mixin.py:188} INFO - Fetching page 17 of 20 for price category: dibawah 80 Juta
[2024-09-22T15:11:54.693+0700] {logging_mixin.py:188} INFO - Sleeping for 1.98 seconds...
[2024-09-22T15:11:55.132+0700] {logging_mixin.py:188} INFO - Fetching page 17 of 34 for price category: dibawah 90 Juta
[2024-09-22T15:11:56.407+0700] {logging_mixin.py:188} INFO - Sleeping for 2.51 seconds...
[2024-09-22T15:11:56.673+0700] {logging_mixin.py:188} INFO - Fetching page 18 of 20 for price category: dibawah 80 Juta
[2024-09-22T15:11:58.091+0700] {logging_mixin.py:188} INFO - Sleeping for 2.62 seconds...
[2024-09-22T15:11:58.919+0700] {logging_mixin.py:188} INFO - Fetching page 18 of 34 for price category: dibawah 90 Juta
[2024-09-22T15:12:00.288+0700] {logging_mixin.py:188} INFO - Sleeping for 2.34 seconds...
[2024-09-22T15:12:00.719+0700] {logging_mixin.py:188} INFO - Fetching page 19 of 20 for price category: dibawah 80 Juta
[2024-09-22T15:12:02.016+0700] {logging_mixin.py:188} INFO - Sleeping for 2.19 seconds...
[2024-09-22T15:12:02.628+0700] {logging_mixin.py:188} INFO - Fetching page 19 of 34 for price category: dibawah 90 Juta
[2024-09-22T15:12:03.607+0700] {logging_mixin.py:188} INFO - Sleeping for 1.85 seconds...
[2024-09-22T15:12:04.208+0700] {logging_mixin.py:188} INFO - Fetching page 20 of 20 for price category: dibawah 80 Juta
[2024-09-22T15:12:05.083+0700] {logging_mixin.py:188} INFO - Sleeping for 1.87 seconds...
[2024-09-22T15:12:05.455+0700] {logging_mixin.py:188} INFO - Fetching page 20 of 34 for price category: dibawah 90 Juta
[2024-09-22T15:12:06.905+0700] {logging_mixin.py:188} INFO - Sleeping for 2.28 seconds...
[2024-09-22T15:12:06.957+0700] {logging_mixin.py:188} INFO - Data for price category dibawah 80 Juta written to /home/miracle/mobil/scrape/output/mobil123/2024-09-22/mobil123_dibawah 80 Juta_2024-09-22.csv
[2024-09-22T15:12:09.185+0700] {logging_mixin.py:188} INFO - Fetching page 21 of 34 for price category: dibawah 90 Juta
[2024-09-22T15:12:10.229+0700] {logging_mixin.py:188} INFO - Sleeping for 1.89 seconds...
[2024-09-22T15:12:12.119+0700] {logging_mixin.py:188} INFO - Fetching page 22 of 34 for price category: dibawah 90 Juta
[2024-09-22T15:12:13.192+0700] {logging_mixin.py:188} INFO - Sleeping for 2.84 seconds...
[2024-09-22T15:12:16.034+0700] {logging_mixin.py:188} INFO - Fetching page 23 of 34 for price category: dibawah 90 Juta
[2024-09-22T15:12:17.242+0700] {logging_mixin.py:188} INFO - Sleeping for 2.00 seconds...
[2024-09-22T15:12:19.240+0700] {logging_mixin.py:188} INFO - Fetching page 24 of 34 for price category: dibawah 90 Juta
[2024-09-22T15:12:20.332+0700] {logging_mixin.py:188} INFO - Sleeping for 2.91 seconds...
[2024-09-22T15:12:23.243+0700] {logging_mixin.py:188} INFO - Fetching page 25 of 34 for price category: dibawah 90 Juta
[2024-09-22T15:12:24.479+0700] {logging_mixin.py:188} INFO - Sleeping for 2.32 seconds...
[2024-09-22T15:12:26.798+0700] {logging_mixin.py:188} INFO - Fetching page 26 of 34 for price category: dibawah 90 Juta
[2024-09-22T15:12:27.860+0700] {logging_mixin.py:188} INFO - Sleeping for 1.99 seconds...
[2024-09-22T15:12:29.855+0700] {logging_mixin.py:188} INFO - Fetching page 27 of 34 for price category: dibawah 90 Juta
[2024-09-22T15:12:30.992+0700] {logging_mixin.py:188} INFO - Sleeping for 2.11 seconds...
[2024-09-22T15:12:33.105+0700] {logging_mixin.py:188} INFO - Fetching page 28 of 34 for price category: dibawah 90 Juta
[2024-09-22T15:12:34.213+0700] {logging_mixin.py:188} INFO - Sleeping for 2.75 seconds...
[2024-09-22T15:12:36.964+0700] {logging_mixin.py:188} INFO - Fetching page 29 of 34 for price category: dibawah 90 Juta
[2024-09-22T15:12:38.104+0700] {logging_mixin.py:188} INFO - Sleeping for 2.58 seconds...
[2024-09-22T15:12:40.683+0700] {logging_mixin.py:188} INFO - Fetching page 30 of 34 for price category: dibawah 90 Juta
[2024-09-22T15:12:41.834+0700] {logging_mixin.py:188} INFO - Sleeping for 2.46 seconds...
[2024-09-22T15:12:44.298+0700] {logging_mixin.py:188} INFO - Fetching page 31 of 34 for price category: dibawah 90 Juta
[2024-09-22T15:12:45.624+0700] {logging_mixin.py:188} INFO - Sleeping for 2.09 seconds...
[2024-09-22T15:12:47.719+0700] {logging_mixin.py:188} INFO - Fetching page 32 of 34 for price category: dibawah 90 Juta
[2024-09-22T15:12:48.796+0700] {logging_mixin.py:188} INFO - Sleeping for 2.44 seconds...
[2024-09-22T15:12:51.238+0700] {logging_mixin.py:188} INFO - Fetching page 33 of 34 for price category: dibawah 90 Juta
[2024-09-22T15:12:52.458+0700] {logging_mixin.py:188} INFO - Sleeping for 1.74 seconds...
[2024-09-22T15:12:54.200+0700] {logging_mixin.py:188} INFO - Fetching page 34 of 34 for price category: dibawah 90 Juta
[2024-09-22T15:12:55.058+0700] {logging_mixin.py:188} INFO - Sleeping for 2.69 seconds...
[2024-09-22T15:12:57.760+0700] {logging_mixin.py:188} INFO - Data for price category dibawah 90 Juta written to /home/miracle/mobil/scrape/output/mobil123/2024-09-22/mobil123_dibawah 90 Juta_2024-09-22.csv
[2024-09-22T15:12:57.763+0700] {python.py:237} INFO - Done. Returned value was: None
[2024-09-22T15:12:57.763+0700] {taskinstance.py:441} INFO - ::group::Post task execution logs
[2024-09-22T15:12:57.775+0700] {taskinstance.py:1206} INFO - Marking task as SUCCESS. dag_id=scrap_mobil123, task_id=scrape_mobil123, run_id=scheduled__2024-09-05T00:00:00+00:00, execution_date=20240905T000000, start_date=20240922T081040, end_date=20240922T081257
[2024-09-22T15:12:57.824+0700] {local_task_job_runner.py:243} INFO - Task exited with return code 0
[2024-09-22T15:12:57.845+0700] {taskinstance.py:3503} INFO - 1 downstream tasks scheduled from follow-on schedule check
[2024-09-22T15:12:57.847+0700] {local_task_job_runner.py:222} INFO - ::endgroup::
