[2024-09-22T15:10:39.844+0700] {local_task_job_runner.py:120} INFO - ::group::Pre task execution logs
[2024-09-22T15:10:40.134+0700] {taskinstance.py:2076} INFO - Dependencies all met for dep_context=non-requeueable deps ti=<TaskInstance: scrap_mobil123.scrape_mobil123 scheduled__2024-09-04T00:00:00+00:00 [queued]>
[2024-09-22T15:10:40.151+0700] {taskinstance.py:2076} INFO - Dependencies all met for dep_context=requeueable deps ti=<TaskInstance: scrap_mobil123.scrape_mobil123 scheduled__2024-09-04T00:00:00+00:00 [queued]>
[2024-09-22T15:10:40.152+0700] {taskinstance.py:2306} INFO - Starting attempt 1 of 2
[2024-09-22T15:10:40.181+0700] {taskinstance.py:2330} INFO - Executing <Task(PythonOperator): scrape_mobil123> on 2024-09-04 00:00:00+00:00
[2024-09-22T15:10:40.187+0700] {standard_task_runner.py:64} INFO - Started process 242118 to run task
[2024-09-22T15:10:40.192+0700] {standard_task_runner.py:90} INFO - Running: ['***', 'tasks', 'run', 'scrap_mobil123', 'scrape_mobil123', 'scheduled__2024-09-04T00:00:00+00:00', '--job-id', '242', '--raw', '--subdir', 'DAGS_FOLDER/mobil123/scrap_mobil123.py', '--cfg-path', '/tmp/tmp5dhxl8n0']
[2024-09-22T15:10:40.194+0700] {standard_task_runner.py:91} INFO - Job 242: Subtask scrape_mobil123
[2024-09-22T15:10:40.289+0700] {task_command.py:426} INFO - Running <TaskInstance: scrap_mobil123.scrape_mobil123 scheduled__2024-09-04T00:00:00+00:00 [running]> on host BrightHorizons.
[2024-09-22T15:10:40.459+0700] {taskinstance.py:2648} INFO - Exporting env vars: AIRFLOW_CTX_DAG_OWNER='***' AIRFLOW_CTX_DAG_ID='scrap_mobil123' AIRFLOW_CTX_TASK_ID='scrape_mobil123' AIRFLOW_CTX_EXECUTION_DATE='2024-09-04T00:00:00+00:00' AIRFLOW_CTX_TRY_NUMBER='1' AIRFLOW_CTX_DAG_RUN_ID='scheduled__2024-09-04T00:00:00+00:00'
[2024-09-22T15:10:40.460+0700] {taskinstance.py:430} INFO - ::endgroup::
[2024-09-22T15:10:41.706+0700] {logging_mixin.py:188} INFO - Fetching page 1 of 3 for price category: dibawah 40 Juta
[2024-09-22T15:10:43.702+0700] {logging_mixin.py:188} INFO - Fetching page 1 of 2 for price category: dibawah 30 Juta
[2024-09-22T15:10:44.423+0700] {logging_mixin.py:188} INFO - Fetching page 1 of 3 for price category: dibawah 50 Juta
[2024-09-22T15:10:44.453+0700] {logging_mixin.py:188} INFO - Fetching page 1 of 5 for price category: dibawah 60 Juta
[2024-09-22T15:10:44.771+0700] {logging_mixin.py:188} INFO - Sleeping for 2.13 seconds...
[2024-09-22T15:10:45.170+0700] {logging_mixin.py:188} INFO - Sleeping for 2.46 seconds...
[2024-09-22T15:10:46.057+0700] {logging_mixin.py:188} INFO - Sleeping for 2.98 seconds...
[2024-09-22T15:10:46.066+0700] {logging_mixin.py:188} INFO - Sleeping for 1.52 seconds...
[2024-09-22T15:10:46.903+0700] {logging_mixin.py:188} INFO - Fetching page 2 of 3 for price category: dibawah 40 Juta
[2024-09-22T15:10:47.584+0700] {logging_mixin.py:188} INFO - Fetching page 2 of 5 for price category: dibawah 60 Juta
[2024-09-22T15:10:47.636+0700] {logging_mixin.py:188} INFO - Fetching page 2 of 2 for price category: dibawah 30 Juta
[2024-09-22T15:10:48.154+0700] {logging_mixin.py:188} INFO - Sleeping for 2.39 seconds...
[2024-09-22T15:10:48.833+0700] {logging_mixin.py:188} INFO - Sleeping for 2.29 seconds...
[2024-09-22T15:10:49.019+0700] {logging_mixin.py:188} INFO - Sleeping for 1.61 seconds...
[2024-09-22T15:10:49.052+0700] {logging_mixin.py:188} INFO - Fetching page 2 of 3 for price category: dibawah 50 Juta
[2024-09-22T15:10:50.591+0700] {logging_mixin.py:188} INFO - Fetching page 3 of 3 for price category: dibawah 40 Juta
[2024-09-22T15:10:50.656+0700] {logging_mixin.py:188} INFO - Data for price category dibawah 30 Juta written to /home/miracle/mobil/scrape/output/mobil123/2024-09-22/mobil123_dibawah 30 Juta_2024-09-22.csv
[2024-09-22T15:10:50.658+0700] {logging_mixin.py:188} INFO - Sleeping for 2.30 seconds...
[2024-09-22T15:10:51.123+0700] {logging_mixin.py:188} INFO - Fetching page 3 of 5 for price category: dibawah 60 Juta
[2024-09-22T15:10:51.387+0700] {logging_mixin.py:188} INFO - Sleeping for 2.93 seconds...
[2024-09-22T15:10:52.392+0700] {logging_mixin.py:188} INFO - Fetching page 1 of 8 for price category: dibawah 70 Juta
[2024-09-22T15:10:52.525+0700] {logging_mixin.py:188} INFO - Sleeping for 2.51 seconds...
[2024-09-22T15:10:52.959+0700] {logging_mixin.py:188} INFO - Fetching page 3 of 3 for price category: dibawah 50 Juta
[2024-09-22T15:10:54.375+0700] {logging_mixin.py:188} INFO - Data for price category dibawah 40 Juta written to /home/miracle/mobil/scrape/output/mobil123/2024-09-22/mobil123_dibawah 40 Juta_2024-09-22.csv
[2024-09-22T15:10:54.659+0700] {logging_mixin.py:188} INFO - Sleeping for 2.26 seconds...
[2024-09-22T15:10:54.737+0700] {logging_mixin.py:188} INFO - Sleeping for 2.65 seconds...
[2024-09-22T15:10:55.040+0700] {logging_mixin.py:188} INFO - Fetching page 4 of 5 for price category: dibawah 60 Juta
[2024-09-22T15:10:56.426+0700] {logging_mixin.py:188} INFO - Fetching page 1 of 20 for price category: dibawah 80 Juta
[2024-09-22T15:10:56.968+0700] {logging_mixin.py:188} INFO - Data for price category dibawah 50 Juta written to /home/miracle/mobil/scrape/output/mobil123/2024-09-22/mobil123_dibawah 50 Juta_2024-09-22.csv
[2024-09-22T15:10:57.105+0700] {logging_mixin.py:188} INFO - Sleeping for 2.02 seconds...
[2024-09-22T15:10:57.390+0700] {logging_mixin.py:188} INFO - Fetching page 2 of 8 for price category: dibawah 70 Juta
[2024-09-22T15:10:57.773+0700] {logging_mixin.py:188} INFO - Sleeping for 1.93 seconds...
[2024-09-22T15:10:58.318+0700] {logging_mixin.py:188} INFO - Fetching page 1 of 34 for price category: dibawah 90 Juta
[2024-09-22T15:10:58.579+0700] {logging_mixin.py:188} INFO - Sleeping for 2.09 seconds...
[2024-09-22T15:10:59.130+0700] {logging_mixin.py:188} INFO - Fetching page 5 of 5 for price category: dibawah 60 Juta
[2024-09-22T15:10:59.424+0700] {logging_mixin.py:188} INFO - Sleeping for 2.45 seconds...
[2024-09-22T15:10:59.707+0700] {logging_mixin.py:188} INFO - Fetching page 2 of 20 for price category: dibawah 80 Juta
[2024-09-22T15:11:00.169+0700] {logging_mixin.py:188} INFO - Sleeping for 2.06 seconds...
[2024-09-22T15:11:00.834+0700] {logging_mixin.py:188} INFO - Fetching page 3 of 8 for price category: dibawah 70 Juta
[2024-09-22T15:11:01.073+0700] {logging_mixin.py:188} INFO - Sleeping for 2.71 seconds...
[2024-09-22T15:11:01.879+0700] {logging_mixin.py:188} INFO - Fetching page 2 of 34 for price category: dibawah 90 Juta
[2024-09-22T15:11:02.277+0700] {logging_mixin.py:188} INFO - Data for price category dibawah 60 Juta written to /home/miracle/mobil/scrape/output/mobil123/2024-09-22/mobil123_dibawah 60 Juta_2024-09-22.csv
[2024-09-22T15:11:02.401+0700] {logging_mixin.py:188} INFO - Sleeping for 2.00 seconds...
[2024-09-22T15:11:02.871+0700] {logging_mixin.py:188} INFO - Sleeping for 1.95 seconds...
[2024-09-22T15:11:03.792+0700] {logging_mixin.py:188} INFO - Fetching page 3 of 20 for price category: dibawah 80 Juta
[2024-09-22T15:11:04.399+0700] {logging_mixin.py:188} INFO - Fetching page 4 of 8 for price category: dibawah 70 Juta
[2024-09-22T15:11:04.823+0700] {logging_mixin.py:188} INFO - Fetching page 3 of 34 for price category: dibawah 90 Juta
[2024-09-22T15:11:05.613+0700] {logging_mixin.py:188} INFO - Sleeping for 1.75 seconds...
[2024-09-22T15:11:05.875+0700] {logging_mixin.py:188} INFO - Sleeping for 2.36 seconds...
[2024-09-22T15:11:06.371+0700] {logging_mixin.py:188} INFO - Sleeping for 2.85 seconds...
[2024-09-22T15:11:07.369+0700] {logging_mixin.py:188} INFO - Fetching page 4 of 20 for price category: dibawah 80 Juta
[2024-09-22T15:11:08.238+0700] {logging_mixin.py:188} INFO - Fetching page 5 of 8 for price category: dibawah 70 Juta
[2024-09-22T15:11:08.595+0700] {logging_mixin.py:188} INFO - Sleeping for 1.68 seconds...
[2024-09-22T15:11:09.227+0700] {logging_mixin.py:188} INFO - Fetching page 4 of 34 for price category: dibawah 90 Juta
[2024-09-22T15:11:09.592+0700] {logging_mixin.py:188} INFO - Sleeping for 2.34 seconds...
[2024-09-22T15:11:10.281+0700] {logging_mixin.py:188} INFO - Fetching page 5 of 20 for price category: dibawah 80 Juta
[2024-09-22T15:11:10.585+0700] {logging_mixin.py:188} INFO - Sleeping for 2.32 seconds...
[2024-09-22T15:11:11.493+0700] {logging_mixin.py:188} INFO - Sleeping for 2.91 seconds...
[2024-09-22T15:11:11.932+0700] {logging_mixin.py:188} INFO - Fetching page 6 of 8 for price category: dibawah 70 Juta
[2024-09-22T15:11:12.908+0700] {logging_mixin.py:188} INFO - Fetching page 5 of 34 for price category: dibawah 90 Juta
[2024-09-22T15:11:13.122+0700] {logging_mixin.py:188} INFO - Sleeping for 1.89 seconds...
[2024-09-22T15:11:14.188+0700] {logging_mixin.py:188} INFO - Sleeping for 2.80 seconds...
[2024-09-22T15:11:14.405+0700] {logging_mixin.py:188} INFO - Fetching page 6 of 20 for price category: dibawah 80 Juta
[2024-09-22T15:11:15.026+0700] {logging_mixin.py:188} INFO - Fetching page 7 of 8 for price category: dibawah 70 Juta
[2024-09-22T15:11:15.351+0700] {logging_mixin.py:188} INFO - Sleeping for 2.64 seconds...
[2024-09-22T15:11:16.282+0700] {logging_mixin.py:188} INFO - Sleeping for 2.26 seconds...
[2024-09-22T15:11:16.994+0700] {logging_mixin.py:188} INFO - Fetching page 6 of 34 for price category: dibawah 90 Juta
[2024-09-22T15:11:18.001+0700] {logging_mixin.py:188} INFO - Fetching page 7 of 20 for price category: dibawah 80 Juta
[2024-09-22T15:11:18.121+0700] {logging_mixin.py:188} INFO - Sleeping for 2.04 seconds...
[2024-09-22T15:11:18.548+0700] {logging_mixin.py:188} INFO - Fetching page 8 of 8 for price category: dibawah 70 Juta
[2024-09-22T15:11:18.922+0700] {logging_mixin.py:188} INFO - Sleeping for 2.40 seconds...
[2024-09-22T15:11:19.270+0700] {logging_mixin.py:188} INFO - Sleeping for 2.02 seconds...
[2024-09-22T15:11:20.168+0700] {logging_mixin.py:188} INFO - Fetching page 7 of 34 for price category: dibawah 90 Juta
[2024-09-22T15:11:21.385+0700] {logging_mixin.py:188} INFO - Fetching page 8 of 20 for price category: dibawah 80 Juta
[2024-09-22T15:11:21.430+0700] {logging_mixin.py:188} INFO - Data for price category dibawah 70 Juta written to /home/miracle/mobil/scrape/output/mobil123/2024-09-22/mobil123_dibawah 70 Juta_2024-09-22.csv
[2024-09-22T15:11:21.489+0700] {logging_mixin.py:188} INFO - Sleeping for 2.16 seconds...
[2024-09-22T15:11:22.943+0700] {logging_mixin.py:188} INFO - Sleeping for 2.90 seconds...
[2024-09-22T15:11:23.652+0700] {logging_mixin.py:188} INFO - Fetching page 8 of 34 for price category: dibawah 90 Juta
[2024-09-22T15:11:25.572+0700] {logging_mixin.py:188} INFO - Sleeping for 2.16 seconds...
[2024-09-22T15:11:25.851+0700] {logging_mixin.py:188} INFO - Fetching page 9 of 20 for price category: dibawah 80 Juta
[2024-09-22T15:11:27.097+0700] {logging_mixin.py:188} INFO - Sleeping for 2.51 seconds...
[2024-09-22T15:11:27.734+0700] {logging_mixin.py:188} INFO - Fetching page 9 of 34 for price category: dibawah 90 Juta
[2024-09-22T15:11:28.862+0700] {logging_mixin.py:188} INFO - Sleeping for 2.48 seconds...
[2024-09-22T15:11:29.610+0700] {logging_mixin.py:188} INFO - Fetching page 10 of 20 for price category: dibawah 80 Juta
[2024-09-22T15:11:30.721+0700] {logging_mixin.py:188} INFO - Sleeping for 2.49 seconds...
[2024-09-22T15:11:31.343+0700] {logging_mixin.py:188} INFO - Fetching page 10 of 34 for price category: dibawah 90 Juta
[2024-09-22T15:11:32.294+0700] {logging_mixin.py:188} INFO - Sleeping for 2.02 seconds...
[2024-09-22T15:11:33.216+0700] {logging_mixin.py:188} INFO - Fetching page 11 of 20 for price category: dibawah 80 Juta
[2024-09-22T15:11:34.326+0700] {logging_mixin.py:188} INFO - Fetching page 11 of 34 for price category: dibawah 90 Juta
[2024-09-22T15:11:34.457+0700] {logging_mixin.py:188} INFO - Sleeping for 2.79 seconds...
[2024-09-22T15:11:35.324+0700] {logging_mixin.py:188} INFO - Sleeping for 2.38 seconds...
[2024-09-22T15:11:37.246+0700] {logging_mixin.py:188} INFO - Fetching page 12 of 20 for price category: dibawah 80 Juta
[2024-09-22T15:11:37.707+0700] {logging_mixin.py:188} INFO - Fetching page 12 of 34 for price category: dibawah 90 Juta
[2024-09-22T15:11:38.431+0700] {logging_mixin.py:188} INFO - Sleeping for 1.68 seconds...
[2024-09-22T15:11:38.714+0700] {logging_mixin.py:188} INFO - Sleeping for 2.92 seconds...
[2024-09-22T15:11:40.118+0700] {logging_mixin.py:188} INFO - Fetching page 13 of 20 for price category: dibawah 80 Juta
[2024-09-22T15:11:41.012+0700] {logging_mixin.py:188} INFO - Sleeping for 2.93 seconds...
[2024-09-22T15:11:41.638+0700] {logging_mixin.py:188} INFO - Fetching page 13 of 34 for price category: dibawah 90 Juta
[2024-09-22T15:11:42.777+0700] {logging_mixin.py:188} INFO - Sleeping for 1.52 seconds...
[2024-09-22T15:11:43.945+0700] {logging_mixin.py:188} INFO - Fetching page 14 of 20 for price category: dibawah 80 Juta
[2024-09-22T15:11:44.303+0700] {logging_mixin.py:188} INFO - Fetching page 14 of 34 for price category: dibawah 90 Juta
[2024-09-22T15:11:44.806+0700] {logging_mixin.py:188} INFO - Sleeping for 1.96 seconds...
[2024-09-22T15:11:45.349+0700] {logging_mixin.py:188} INFO - Sleeping for 1.74 seconds...
[2024-09-22T15:11:46.765+0700] {logging_mixin.py:188} INFO - Fetching page 15 of 20 for price category: dibawah 80 Juta
[2024-09-22T15:11:47.087+0700] {logging_mixin.py:188} INFO - Fetching page 15 of 34 for price category: dibawah 90 Juta
[2024-09-22T15:11:47.830+0700] {logging_mixin.py:188} INFO - Sleeping for 2.56 seconds...
[2024-09-22T15:11:48.642+0700] {logging_mixin.py:188} INFO - Sleeping for 2.86 seconds...
[2024-09-22T15:11:50.394+0700] {logging_mixin.py:188} INFO - Fetching page 16 of 20 for price category: dibawah 80 Juta
[2024-09-22T15:11:51.324+0700] {logging_mixin.py:188} INFO - Sleeping for 2.12 seconds...
[2024-09-22T15:11:51.504+0700] {logging_mixin.py:188} INFO - Fetching page 16 of 34 for price category: dibawah 90 Juta
[2024-09-22T15:11:52.838+0700] {logging_mixin.py:188} INFO - Sleeping for 1.84 seconds...
[2024-09-22T15:11:53.450+0700] {logging_mixin.py:188} INFO - Fetching page 17 of 20 for price category: dibawah 80 Juta
[2024-09-22T15:11:54.424+0700] {logging_mixin.py:188} INFO - Sleeping for 2.60 seconds...
[2024-09-22T15:11:54.685+0700] {logging_mixin.py:188} INFO - Fetching page 17 of 34 for price category: dibawah 90 Juta
[2024-09-22T15:11:56.074+0700] {logging_mixin.py:188} INFO - Sleeping for 2.49 seconds...
[2024-09-22T15:11:57.028+0700] {logging_mixin.py:188} INFO - Fetching page 18 of 20 for price category: dibawah 80 Juta
[2024-09-22T15:11:58.184+0700] {logging_mixin.py:188} INFO - Sleeping for 2.07 seconds...
[2024-09-22T15:11:58.571+0700] {logging_mixin.py:188} INFO - Fetching page 18 of 34 for price category: dibawah 90 Juta
[2024-09-22T15:12:00.026+0700] {logging_mixin.py:188} INFO - Sleeping for 2.07 seconds...
[2024-09-22T15:12:00.255+0700] {logging_mixin.py:188} INFO - Fetching page 19 of 20 for price category: dibawah 80 Juta
[2024-09-22T15:12:01.390+0700] {logging_mixin.py:188} INFO - Sleeping for 2.38 seconds...
[2024-09-22T15:12:02.099+0700] {logging_mixin.py:188} INFO - Fetching page 19 of 34 for price category: dibawah 90 Juta
[2024-09-22T15:12:03.208+0700] {logging_mixin.py:188} INFO - Sleeping for 2.62 seconds...
[2024-09-22T15:12:03.770+0700] {logging_mixin.py:188} INFO - Fetching page 20 of 20 for price category: dibawah 80 Juta
[2024-09-22T15:12:04.574+0700] {logging_mixin.py:188} INFO - Sleeping for 3.00 seconds...
[2024-09-22T15:12:05.834+0700] {logging_mixin.py:188} INFO - Fetching page 20 of 34 for price category: dibawah 90 Juta
[2024-09-22T15:12:06.935+0700] {logging_mixin.py:188} INFO - Sleeping for 2.16 seconds...
[2024-09-22T15:12:07.577+0700] {logging_mixin.py:188} INFO - Data for price category dibawah 80 Juta written to /home/miracle/mobil/scrape/output/mobil123/2024-09-22/mobil123_dibawah 80 Juta_2024-09-22.csv
[2024-09-22T15:12:09.094+0700] {logging_mixin.py:188} INFO - Fetching page 21 of 34 for price category: dibawah 90 Juta
[2024-09-22T15:12:10.061+0700] {logging_mixin.py:188} INFO - Sleeping for 2.48 seconds...
[2024-09-22T15:12:12.540+0700] {logging_mixin.py:188} INFO - Fetching page 22 of 34 for price category: dibawah 90 Juta
[2024-09-22T15:12:13.493+0700] {logging_mixin.py:188} INFO - Sleeping for 2.96 seconds...
[2024-09-22T15:12:16.453+0700] {logging_mixin.py:188} INFO - Fetching page 23 of 34 for price category: dibawah 90 Juta
[2024-09-22T15:12:17.715+0700] {logging_mixin.py:188} INFO - Sleeping for 2.66 seconds...
[2024-09-22T15:12:20.379+0700] {logging_mixin.py:188} INFO - Fetching page 24 of 34 for price category: dibawah 90 Juta
[2024-09-22T15:12:21.530+0700] {logging_mixin.py:188} INFO - Sleeping for 2.45 seconds...
[2024-09-22T15:12:23.981+0700] {logging_mixin.py:188} INFO - Fetching page 25 of 34 for price category: dibawah 90 Juta
[2024-09-22T15:12:25.304+0700] {logging_mixin.py:188} INFO - Sleeping for 1.98 seconds...
[2024-09-22T15:12:27.289+0700] {logging_mixin.py:188} INFO - Fetching page 26 of 34 for price category: dibawah 90 Juta
[2024-09-22T15:12:28.264+0700] {logging_mixin.py:188} INFO - Sleeping for 2.12 seconds...
[2024-09-22T15:12:30.390+0700] {logging_mixin.py:188} INFO - Fetching page 27 of 34 for price category: dibawah 90 Juta
[2024-09-22T15:12:31.568+0700] {logging_mixin.py:188} INFO - Sleeping for 2.58 seconds...
[2024-09-22T15:12:34.147+0700] {logging_mixin.py:188} INFO - Fetching page 28 of 34 for price category: dibawah 90 Juta
[2024-09-22T15:12:35.028+0700] {logging_mixin.py:188} INFO - Sleeping for 2.80 seconds...
[2024-09-22T15:12:37.827+0700] {logging_mixin.py:188} INFO - Fetching page 29 of 34 for price category: dibawah 90 Juta
[2024-09-22T15:12:38.849+0700] {logging_mixin.py:188} INFO - Sleeping for 2.55 seconds...
[2024-09-22T15:12:41.400+0700] {logging_mixin.py:188} INFO - Fetching page 30 of 34 for price category: dibawah 90 Juta
[2024-09-22T15:12:42.815+0700] {logging_mixin.py:188} INFO - Sleeping for 1.67 seconds...
[2024-09-22T15:12:44.490+0700] {logging_mixin.py:188} INFO - Fetching page 31 of 34 for price category: dibawah 90 Juta
[2024-09-22T15:12:45.615+0700] {logging_mixin.py:188} INFO - Sleeping for 1.80 seconds...
[2024-09-22T15:12:47.417+0700] {logging_mixin.py:188} INFO - Fetching page 32 of 34 for price category: dibawah 90 Juta
[2024-09-22T15:12:48.405+0700] {logging_mixin.py:188} INFO - Sleeping for 2.95 seconds...
[2024-09-22T15:12:51.357+0700] {logging_mixin.py:188} INFO - Fetching page 33 of 34 for price category: dibawah 90 Juta
[2024-09-22T15:12:52.587+0700] {logging_mixin.py:188} INFO - Sleeping for 2.34 seconds...
[2024-09-22T15:12:54.931+0700] {logging_mixin.py:188} INFO - Fetching page 34 of 34 for price category: dibawah 90 Juta
[2024-09-22T15:12:55.596+0700] {logging_mixin.py:188} INFO - Sleeping for 1.68 seconds...
[2024-09-22T15:12:57.282+0700] {logging_mixin.py:188} INFO - Data for price category dibawah 90 Juta written to /home/miracle/mobil/scrape/output/mobil123/2024-09-22/mobil123_dibawah 90 Juta_2024-09-22.csv
[2024-09-22T15:12:57.285+0700] {python.py:237} INFO - Done. Returned value was: None
[2024-09-22T15:12:57.285+0700] {taskinstance.py:441} INFO - ::group::Post task execution logs
[2024-09-22T15:12:57.297+0700] {taskinstance.py:1206} INFO - Marking task as SUCCESS. dag_id=scrap_mobil123, task_id=scrape_mobil123, run_id=scheduled__2024-09-04T00:00:00+00:00, execution_date=20240904T000000, start_date=20240922T081040, end_date=20240922T081257
[2024-09-22T15:12:57.334+0700] {local_task_job_runner.py:243} INFO - Task exited with return code 0
[2024-09-22T15:12:57.355+0700] {taskinstance.py:3503} INFO - 1 downstream tasks scheduled from follow-on schedule check
[2024-09-22T15:12:57.357+0700] {local_task_job_runner.py:222} INFO - ::endgroup::
