[2024-08-26T00:17:53.359+0700] {local_task_job_runner.py:120} INFO - ::group::Pre task execution logs
[2024-08-26T00:17:53.517+0700] {taskinstance.py:2076} INFO - Dependencies all met for dep_context=non-requeueable deps ti=<TaskInstance: scrap_mobil123.scrape_mobil123 scheduled__2024-08-12T00:00:00+00:00 [queued]>
[2024-08-26T00:17:53.531+0700] {taskinstance.py:2076} INFO - Dependencies all met for dep_context=requeueable deps ti=<TaskInstance: scrap_mobil123.scrape_mobil123 scheduled__2024-08-12T00:00:00+00:00 [queued]>
[2024-08-26T00:17:53.532+0700] {taskinstance.py:2306} INFO - Starting attempt 1 of 2
[2024-08-26T00:17:53.552+0700] {taskinstance.py:2330} INFO - Executing <Task(PythonOperator): scrape_mobil123> on 2024-08-12 00:00:00+00:00
[2024-08-26T00:17:53.559+0700] {standard_task_runner.py:64} INFO - Started process 15478 to run task
[2024-08-26T00:17:53.563+0700] {standard_task_runner.py:90} INFO - Running: ['***', 'tasks', 'run', 'scrap_mobil123', 'scrape_mobil123', 'scheduled__2024-08-12T00:00:00+00:00', '--job-id', '109', '--raw', '--subdir', 'DAGS_FOLDER/mobil123/scrap_mobil123.py', '--cfg-path', '/tmp/tmpfjlkgwbf']
[2024-08-26T00:17:53.566+0700] {standard_task_runner.py:91} INFO - Job 109: Subtask scrape_mobil123
[2024-08-26T00:17:53.644+0700] {task_command.py:426} INFO - Running <TaskInstance: scrap_mobil123.scrape_mobil123 scheduled__2024-08-12T00:00:00+00:00 [running]> on host BrightHorizons.
[2024-08-26T00:17:53.782+0700] {taskinstance.py:2648} INFO - Exporting env vars: AIRFLOW_CTX_DAG_OWNER='***' AIRFLOW_CTX_DAG_ID='scrap_mobil123' AIRFLOW_CTX_TASK_ID='scrape_mobil123' AIRFLOW_CTX_EXECUTION_DATE='2024-08-12T00:00:00+00:00' AIRFLOW_CTX_TRY_NUMBER='1' AIRFLOW_CTX_DAG_RUN_ID='scheduled__2024-08-12T00:00:00+00:00'
[2024-08-26T00:17:53.784+0700] {taskinstance.py:430} INFO - ::endgroup::
[2024-08-26T00:17:54.880+0700] {logging_mixin.py:188} INFO - Fetching page 1 of 2 for price category: dibawah 30 Juta
[2024-08-26T00:17:56.138+0700] {logging_mixin.py:188} INFO - Sleeping for 2.72 seconds...
[2024-08-26T00:17:58.858+0700] {logging_mixin.py:188} INFO - Fetching page 2 of 2 for price category: dibawah 30 Juta
[2024-08-26T00:17:59.889+0700] {logging_mixin.py:188} INFO - Sleeping for 2.63 seconds...
[2024-08-26T00:18:02.523+0700] {logging_mixin.py:188} INFO - Data for price category dibawah 30 Juta written to /home/miracle/mobil/scrape/output/mobil123/2024-08-26/mobil123_dibawah 30 Juta_2024-08-26.csv
[2024-08-26T00:18:04.052+0700] {logging_mixin.py:188} INFO - Fetching page 1 of 3 for price category: dibawah 40 Juta
[2024-08-26T00:18:05.443+0700] {logging_mixin.py:188} INFO - Sleeping for 2.82 seconds...
[2024-08-26T00:18:08.267+0700] {logging_mixin.py:188} INFO - Fetching page 2 of 3 for price category: dibawah 40 Juta
[2024-08-26T00:18:09.270+0700] {logging_mixin.py:188} INFO - Sleeping for 2.70 seconds...
[2024-08-26T00:18:11.975+0700] {logging_mixin.py:188} INFO - Fetching page 3 of 3 for price category: dibawah 40 Juta
[2024-08-26T00:18:12.878+0700] {logging_mixin.py:188} INFO - Sleeping for 1.74 seconds...
[2024-08-26T00:18:14.622+0700] {logging_mixin.py:188} INFO - Data for price category dibawah 40 Juta written to /home/miracle/mobil/scrape/output/mobil123/2024-08-26/mobil123_dibawah 40 Juta_2024-08-26.csv
[2024-08-26T00:18:15.831+0700] {logging_mixin.py:188} INFO - Fetching page 1 of 5 for price category: dibawah 50 Juta
[2024-08-26T00:18:17.089+0700] {logging_mixin.py:188} INFO - Sleeping for 2.73 seconds...
[2024-08-26T00:18:19.822+0700] {logging_mixin.py:188} INFO - Fetching page 2 of 5 for price category: dibawah 50 Juta
[2024-08-26T00:18:24.173+0700] {logging_mixin.py:188} INFO - Sleeping for 2.74 seconds...
[2024-08-26T00:18:26.913+0700] {logging_mixin.py:188} INFO - Fetching page 3 of 5 for price category: dibawah 50 Juta
[2024-08-26T00:18:29.200+0700] {logging_mixin.py:188} INFO - Sleeping for 2.09 seconds...
[2024-08-26T00:18:31.290+0700] {logging_mixin.py:188} INFO - Fetching page 4 of 5 for price category: dibawah 50 Juta
[2024-08-26T00:18:32.219+0700] {logging_mixin.py:188} INFO - Sleeping for 2.10 seconds...
[2024-08-26T00:18:34.327+0700] {logging_mixin.py:188} INFO - Fetching page 5 of 5 for price category: dibawah 50 Juta
[2024-08-26T00:18:36.456+0700] {logging_mixin.py:188} INFO - Sleeping for 2.89 seconds...
[2024-08-26T00:18:39.351+0700] {logging_mixin.py:188} INFO - Data for price category dibawah 50 Juta written to /home/miracle/mobil/scrape/output/mobil123/2024-08-26/mobil123_dibawah 50 Juta_2024-08-26.csv
[2024-08-26T00:18:40.572+0700] {logging_mixin.py:188} INFO - Fetching page 1 of 5 for price category: dibawah 60 Juta
[2024-08-26T00:18:41.682+0700] {logging_mixin.py:188} INFO - Sleeping for 2.33 seconds...
[2024-08-26T00:18:44.012+0700] {logging_mixin.py:188} INFO - Fetching page 2 of 5 for price category: dibawah 60 Juta
[2024-08-26T00:18:44.942+0700] {logging_mixin.py:188} INFO - Sleeping for 2.02 seconds...
[2024-08-26T00:18:46.962+0700] {logging_mixin.py:188} INFO - Fetching page 3 of 5 for price category: dibawah 60 Juta
[2024-08-26T00:18:47.952+0700] {logging_mixin.py:188} INFO - Sleeping for 1.92 seconds...
[2024-08-26T00:18:49.872+0700] {logging_mixin.py:188} INFO - Fetching page 4 of 5 for price category: dibawah 60 Juta
[2024-08-26T00:18:50.667+0700] {logging_mixin.py:188} INFO - Sleeping for 1.67 seconds...
[2024-08-26T00:18:52.337+0700] {logging_mixin.py:188} INFO - Fetching page 5 of 5 for price category: dibawah 60 Juta
[2024-08-26T00:18:53.289+0700] {logging_mixin.py:188} INFO - Sleeping for 2.15 seconds...
[2024-08-26T00:18:55.443+0700] {logging_mixin.py:188} INFO - Data for price category dibawah 60 Juta written to /home/miracle/mobil/scrape/output/mobil123/2024-08-26/mobil123_dibawah 60 Juta_2024-08-26.csv
[2024-08-26T00:18:56.290+0700] {logging_mixin.py:188} INFO - Fetching page 1 of 9 for price category: dibawah 70 Juta
[2024-08-26T00:18:57.241+0700] {logging_mixin.py:188} INFO - Sleeping for 2.07 seconds...
[2024-08-26T00:18:59.314+0700] {logging_mixin.py:188} INFO - Fetching page 2 of 9 for price category: dibawah 70 Juta
[2024-08-26T00:19:00.502+0700] {logging_mixin.py:188} INFO - Sleeping for 2.39 seconds...
[2024-08-26T00:19:02.896+0700] {logging_mixin.py:188} INFO - Fetching page 3 of 9 for price category: dibawah 70 Juta
[2024-08-26T00:19:03.940+0700] {logging_mixin.py:188} INFO - Sleeping for 1.69 seconds...
[2024-08-26T00:19:05.637+0700] {logging_mixin.py:188} INFO - Fetching page 4 of 9 for price category: dibawah 70 Juta
[2024-08-26T00:19:06.531+0700] {logging_mixin.py:188} INFO - Sleeping for 2.99 seconds...
[2024-08-26T00:19:09.523+0700] {logging_mixin.py:188} INFO - Fetching page 5 of 9 for price category: dibawah 70 Juta
[2024-08-26T00:19:10.436+0700] {logging_mixin.py:188} INFO - Sleeping for 2.80 seconds...
[2024-08-26T00:19:13.244+0700] {logging_mixin.py:188} INFO - Fetching page 6 of 9 for price category: dibawah 70 Juta
[2024-08-26T00:19:14.410+0700] {logging_mixin.py:188} INFO - Sleeping for 1.73 seconds...
[2024-08-26T00:19:16.139+0700] {logging_mixin.py:188} INFO - Fetching page 7 of 9 for price category: dibawah 70 Juta
[2024-08-26T00:19:17.022+0700] {logging_mixin.py:188} INFO - Sleeping for 1.53 seconds...
[2024-08-26T00:19:18.550+0700] {logging_mixin.py:188} INFO - Fetching page 8 of 9 for price category: dibawah 70 Juta
[2024-08-26T00:19:19.589+0700] {logging_mixin.py:188} INFO - Sleeping for 2.01 seconds...
[2024-08-26T00:19:21.604+0700] {logging_mixin.py:188} INFO - Fetching page 9 of 9 for price category: dibawah 70 Juta
[2024-08-26T00:19:22.548+0700] {logging_mixin.py:188} INFO - Sleeping for 1.70 seconds...
[2024-08-26T00:19:24.254+0700] {logging_mixin.py:188} INFO - Data for price category dibawah 70 Juta written to /home/miracle/mobil/scrape/output/mobil123/2024-08-26/mobil123_dibawah 70 Juta_2024-08-26.csv
[2024-08-26T00:19:24.623+0700] {local_task_job_runner.py:313} WARNING - State of this instance has been externally set to success. Terminating instance.
[2024-08-26T00:19:24.624+0700] {local_task_job_runner.py:222} INFO - ::endgroup::
[2024-08-26T00:19:24.627+0700] {process_utils.py:132} INFO - Sending 15 to group 15478. PIDs of all processes in the group: [15478]
[2024-08-26T00:19:24.627+0700] {process_utils.py:87} INFO - Sending the signal 15 to group 15478
[2024-08-26T00:19:24.628+0700] {taskinstance.py:2611} ERROR - Received SIGTERM. Terminating subprocesses.
[2024-08-26T00:19:24.628+0700] {taskinstance.py:441} INFO - ::group::Post task execution logs
[2024-08-26T00:19:24.680+0700] {process_utils.py:80} INFO - Process psutil.Process(pid=15478, status='terminated', exitcode=0, started='00:17:53') (15478) terminated with exit code 0
