[2024-08-26T00:17:51.836+0700] {local_task_job_runner.py:120} INFO - ::group::Pre task execution logs
[2024-08-26T00:17:52.068+0700] {taskinstance.py:2076} INFO - Dependencies all met for dep_context=non-requeueable deps ti=<TaskInstance: scrap_mobil123.scrape_mobil123 scheduled__2024-08-03T00:00:00+00:00 [queued]>
[2024-08-26T00:17:52.079+0700] {taskinstance.py:2076} INFO - Dependencies all met for dep_context=requeueable deps ti=<TaskInstance: scrap_mobil123.scrape_mobil123 scheduled__2024-08-03T00:00:00+00:00 [queued]>
[2024-08-26T00:17:52.080+0700] {taskinstance.py:2306} INFO - Starting attempt 1 of 2
[2024-08-26T00:17:52.132+0700] {taskinstance.py:2330} INFO - Executing <Task(PythonOperator): scrape_mobil123> on 2024-08-03 00:00:00+00:00
[2024-08-26T00:17:52.139+0700] {standard_task_runner.py:64} INFO - Started process 15353 to run task
[2024-08-26T00:17:52.146+0700] {standard_task_runner.py:90} INFO - Running: ['***', 'tasks', 'run', 'scrap_mobil123', 'scrape_mobil123', 'scheduled__2024-08-03T00:00:00+00:00', '--job-id', '100', '--raw', '--subdir', 'DAGS_FOLDER/mobil123/scrap_mobil123.py', '--cfg-path', '/tmp/tmpflpuru24']
[2024-08-26T00:17:52.149+0700] {standard_task_runner.py:91} INFO - Job 100: Subtask scrape_mobil123
[2024-08-26T00:17:52.270+0700] {task_command.py:426} INFO - Running <TaskInstance: scrap_mobil123.scrape_mobil123 scheduled__2024-08-03T00:00:00+00:00 [running]> on host BrightHorizons.
[2024-08-26T00:17:52.422+0700] {taskinstance.py:2648} INFO - Exporting env vars: AIRFLOW_CTX_DAG_OWNER='***' AIRFLOW_CTX_DAG_ID='scrap_mobil123' AIRFLOW_CTX_TASK_ID='scrape_mobil123' AIRFLOW_CTX_EXECUTION_DATE='2024-08-03T00:00:00+00:00' AIRFLOW_CTX_TRY_NUMBER='1' AIRFLOW_CTX_DAG_RUN_ID='scheduled__2024-08-03T00:00:00+00:00'
[2024-08-26T00:17:52.424+0700] {taskinstance.py:430} INFO - ::endgroup::
[2024-08-26T00:17:54.231+0700] {logging_mixin.py:188} INFO - Fetching page 1 of 2 for price category: dibawah 30 Juta
[2024-08-26T00:17:55.814+0700] {logging_mixin.py:188} INFO - Sleeping for 2.60 seconds...
[2024-08-26T00:17:58.421+0700] {logging_mixin.py:188} INFO - Fetching page 2 of 2 for price category: dibawah 30 Juta
[2024-08-26T00:17:59.582+0700] {logging_mixin.py:188} INFO - Sleeping for 2.92 seconds...
[2024-08-26T00:18:02.510+0700] {logging_mixin.py:188} INFO - Data for price category dibawah 30 Juta written to /home/miracle/mobil/scrape/output/mobil123/2024-08-26/mobil123_dibawah 30 Juta_2024-08-26.csv
[2024-08-26T00:18:04.097+0700] {logging_mixin.py:188} INFO - Fetching page 1 of 3 for price category: dibawah 40 Juta
[2024-08-26T00:18:05.265+0700] {logging_mixin.py:188} INFO - Sleeping for 2.31 seconds...
[2024-08-26T00:18:07.583+0700] {logging_mixin.py:188} INFO - Fetching page 2 of 3 for price category: dibawah 40 Juta
[2024-08-26T00:18:08.868+0700] {logging_mixin.py:188} INFO - Sleeping for 1.75 seconds...
[2024-08-26T00:18:10.618+0700] {logging_mixin.py:188} INFO - Fetching page 3 of 3 for price category: dibawah 40 Juta
[2024-08-26T00:18:11.632+0700] {logging_mixin.py:188} INFO - Sleeping for 1.78 seconds...
[2024-08-26T00:18:13.411+0700] {logging_mixin.py:188} INFO - Data for price category dibawah 40 Juta written to /home/miracle/mobil/scrape/output/mobil123/2024-08-26/mobil123_dibawah 40 Juta_2024-08-26.csv
[2024-08-26T00:18:14.432+0700] {logging_mixin.py:188} INFO - Fetching page 1 of 5 for price category: dibawah 50 Juta
[2024-08-26T00:18:15.774+0700] {logging_mixin.py:188} INFO - Sleeping for 2.14 seconds...
[2024-08-26T00:18:17.920+0700] {logging_mixin.py:188} INFO - Fetching page 2 of 5 for price category: dibawah 50 Juta
[2024-08-26T00:18:18.971+0700] {logging_mixin.py:188} INFO - Sleeping for 1.53 seconds...
[2024-08-26T00:18:20.508+0700] {logging_mixin.py:188} INFO - Fetching page 3 of 5 for price category: dibawah 50 Juta
[2024-08-26T00:18:25.081+0700] {logging_mixin.py:188} INFO - Sleeping for 2.80 seconds...
[2024-08-26T00:18:27.883+0700] {logging_mixin.py:188} INFO - Fetching page 4 of 5 for price category: dibawah 50 Juta
[2024-08-26T00:18:30.039+0700] {logging_mixin.py:188} INFO - Sleeping for 2.98 seconds...
[2024-08-26T00:18:33.026+0700] {logging_mixin.py:188} INFO - Fetching page 5 of 5 for price category: dibawah 50 Juta
[2024-08-26T00:18:33.753+0700] {logging_mixin.py:188} INFO - Sleeping for 2.32 seconds...
[2024-08-26T00:18:36.074+0700] {logging_mixin.py:188} INFO - Data for price category dibawah 50 Juta written to /home/miracle/mobil/scrape/output/mobil123/2024-08-26/mobil123_dibawah 50 Juta_2024-08-26.csv
[2024-08-26T00:18:37.618+0700] {logging_mixin.py:188} INFO - Fetching page 1 of 5 for price category: dibawah 60 Juta
[2024-08-26T00:18:38.908+0700] {logging_mixin.py:188} INFO - Sleeping for 2.86 seconds...
[2024-08-26T00:18:41.773+0700] {logging_mixin.py:188} INFO - Fetching page 2 of 5 for price category: dibawah 60 Juta
[2024-08-26T00:18:42.636+0700] {logging_mixin.py:188} INFO - Sleeping for 2.22 seconds...
[2024-08-26T00:18:44.854+0700] {logging_mixin.py:188} INFO - Fetching page 3 of 5 for price category: dibawah 60 Juta
[2024-08-26T00:18:45.824+0700] {logging_mixin.py:188} INFO - Sleeping for 1.84 seconds...
[2024-08-26T00:18:47.670+0700] {logging_mixin.py:188} INFO - Fetching page 4 of 5 for price category: dibawah 60 Juta
[2024-08-26T00:18:48.444+0700] {logging_mixin.py:188} INFO - Sleeping for 1.99 seconds...
[2024-08-26T00:18:50.434+0700] {logging_mixin.py:188} INFO - Fetching page 5 of 5 for price category: dibawah 60 Juta
[2024-08-26T00:18:51.628+0700] {logging_mixin.py:188} INFO - Sleeping for 2.68 seconds...
[2024-08-26T00:18:52.794+0700] {local_task_job_runner.py:313} WARNING - State of this instance has been externally set to success. Terminating instance.
[2024-08-26T00:18:52.795+0700] {local_task_job_runner.py:222} INFO - ::endgroup::
[2024-08-26T00:18:52.798+0700] {process_utils.py:132} INFO - Sending 15 to group 15353. PIDs of all processes in the group: [15353]
[2024-08-26T00:18:52.798+0700] {process_utils.py:87} INFO - Sending the signal 15 to group 15353
[2024-08-26T00:18:52.798+0700] {taskinstance.py:2611} ERROR - Received SIGTERM. Terminating subprocesses.
[2024-08-26T00:18:52.799+0700] {taskinstance.py:441} INFO - ::group::Post task execution logs
[2024-08-26T00:18:52.851+0700] {process_utils.py:80} INFO - Process psutil.Process(pid=15353, status='terminated', exitcode=0, started='00:17:52') (15353) terminated with exit code 0
