[2024-08-31T19:17:53.836+0700] {local_task_job_runner.py:120} INFO - ::group::Pre task execution logs
[2024-08-31T19:17:54.023+0700] {taskinstance.py:2076} INFO - Dependencies all met for dep_context=non-requeueable deps ti=<TaskInstance: scrap_to_dag.scrape_oto scheduled__2024-08-29T00:00:00+00:00 [queued]>
[2024-08-31T19:17:54.038+0700] {taskinstance.py:2076} INFO - Dependencies all met for dep_context=requeueable deps ti=<TaskInstance: scrap_to_dag.scrape_oto scheduled__2024-08-29T00:00:00+00:00 [queued]>
[2024-08-31T19:17:54.039+0700] {taskinstance.py:2306} INFO - Starting attempt 1 of 2
[2024-08-31T19:17:54.059+0700] {taskinstance.py:2330} INFO - Executing <Task(PythonOperator): scrape_oto> on 2024-08-29 00:00:00+00:00
[2024-08-31T19:17:54.065+0700] {standard_task_runner.py:64} INFO - Started process 8926 to run task
[2024-08-31T19:17:54.069+0700] {standard_task_runner.py:90} INFO - Running: ['***', 'tasks', 'run', 'scrap_to_dag', 'scrape_oto', 'scheduled__2024-08-29T00:00:00+00:00', '--job-id', '137', '--raw', '--subdir', 'DAGS_FOLDER/oto/scrap_oto.py', '--cfg-path', '/tmp/tmpn8195z50']
[2024-08-31T19:17:54.074+0700] {standard_task_runner.py:91} INFO - Job 137: Subtask scrape_oto
[2024-08-31T19:17:54.165+0700] {task_command.py:426} INFO - Running <TaskInstance: scrap_to_dag.scrape_oto scheduled__2024-08-29T00:00:00+00:00 [running]> on host BrightHorizons.
[2024-08-31T19:17:54.280+0700] {taskinstance.py:2648} INFO - Exporting env vars: AIRFLOW_CTX_DAG_OWNER='***' AIRFLOW_CTX_DAG_ID='scrap_to_dag' AIRFLOW_CTX_TASK_ID='scrape_oto' AIRFLOW_CTX_EXECUTION_DATE='2024-08-29T00:00:00+00:00' AIRFLOW_CTX_TRY_NUMBER='1' AIRFLOW_CTX_DAG_RUN_ID='scheduled__2024-08-29T00:00:00+00:00'
[2024-08-31T19:17:54.280+0700] {taskinstance.py:430} INFO - ::endgroup::
[2024-08-31T19:17:54.649+0700] {logging_mixin.py:188} INFO - Fetching page 1 for price category: dibawah-60-juta
[2024-08-31T19:17:54.650+0700] {logging_mixin.py:188} INFO - Fetching page 2 for price category: dibawah-60-juta
[2024-08-31T19:17:54.659+0700] {logging_mixin.py:188} INFO - Fetching page 3 for price category: dibawah-60-juta
[2024-08-31T19:17:54.663+0700] {logging_mixin.py:188} INFO - Fetching page 4 for price category: dibawah-60-juta
[2024-08-31T19:17:54.672+0700] {logging_mixin.py:188} INFO - Fetching page 1 for price category: dibawah-50-juta
[2024-08-31T19:17:54.673+0700] {logging_mixin.py:188} INFO - Fetching page 2 for price category: dibawah-50-juta
[2024-08-31T19:17:54.678+0700] {logging_mixin.py:188} INFO - Fetching page 3 for price category: dibawah-50-juta
[2024-08-31T19:17:54.692+0700] {logging_mixin.py:188} INFO - Fetching page 4 for price category: dibawah-50-juta
[2024-08-31T19:17:55.099+0700] {logging_mixin.py:188} INFO - Fetching page 5 for price category: dibawah-50-juta
[2024-08-31T19:17:55.199+0700] {logging_mixin.py:188} INFO - Fetching page 5 for price category: dibawah-60-juta
[2024-08-31T19:17:55.229+0700] {logging_mixin.py:188} INFO - Fetching page 6 for price category: dibawah-50-juta
[2024-08-31T19:17:55.300+0700] {logging_mixin.py:188} INFO - Fetching page 6 for price category: dibawah-60-juta
[2024-08-31T19:17:55.359+0700] {logging_mixin.py:188} INFO - Fetching page 7 for price category: dibawah-50-juta
[2024-08-31T19:17:55.440+0700] {logging_mixin.py:188} INFO - Fetching page 8 for price category: dibawah-50-juta
[2024-08-31T19:17:55.474+0700] {logging_mixin.py:188} INFO - Fetching page 7 for price category: dibawah-60-juta
[2024-08-31T19:17:55.628+0700] {logging_mixin.py:188} INFO - Fetching page 9 for price category: dibawah-50-juta
[2024-08-31T19:17:55.682+0700] {logging_mixin.py:188} INFO - Fetching page 8 for price category: dibawah-60-juta
[2024-08-31T19:17:55.778+0700] {logging_mixin.py:188} INFO - Fetching page 10 for price category: dibawah-50-juta
[2024-08-31T19:17:55.866+0700] {logging_mixin.py:188} INFO - Fetching page 9 for price category: dibawah-60-juta
[2024-08-31T19:17:55.873+0700] {logging_mixin.py:188} INFO - Fetching page 11 for price category: dibawah-50-juta
[2024-08-31T19:17:55.930+0700] {logging_mixin.py:188} INFO - Fetching page 12 for price category: dibawah-50-juta
[2024-08-31T19:17:56.136+0700] {logging_mixin.py:188} INFO - Fetching page 13 for price category: dibawah-50-juta
[2024-08-31T19:17:56.156+0700] {logging_mixin.py:188} INFO - Fetching page 10 for price category: dibawah-60-juta
[2024-08-31T19:17:56.467+0700] {logging_mixin.py:188} INFO - Fetching page 14 for price category: dibawah-50-juta
[2024-08-31T19:17:56.556+0700] {logging_mixin.py:188} INFO - Fetching page 15 for price category: dibawah-50-juta
[2024-08-31T19:17:56.596+0700] {logging_mixin.py:188} INFO - Fetching page 11 for price category: dibawah-60-juta
[2024-08-31T19:17:56.679+0700] {logging_mixin.py:188} INFO - Fetching page 16 for price category: dibawah-50-juta
[2024-08-31T19:17:56.759+0700] {logging_mixin.py:188} INFO - Fetching page 12 for price category: dibawah-60-juta
[2024-08-31T19:17:56.928+0700] {logging_mixin.py:188} INFO - Fetching page 17 for price category: dibawah-50-juta
[2024-08-31T19:17:57.002+0700] {logging_mixin.py:188} INFO - Fetching page 18 for price category: dibawah-50-juta
[2024-08-31T19:17:57.043+0700] {logging_mixin.py:188} INFO - Fetching page 13 for price category: dibawah-60-juta
[2024-08-31T19:17:57.158+0700] {logging_mixin.py:188} INFO - Fetching page 14 for price category: dibawah-60-juta
[2024-08-31T19:17:57.317+0700] {logging_mixin.py:188} INFO - Fetching page 19 for price category: dibawah-50-juta
[2024-08-31T19:17:57.360+0700] {logging_mixin.py:188} INFO - Fetching page 20 for price category: dibawah-50-juta
[2024-08-31T19:17:57.463+0700] {logging_mixin.py:188} INFO - Fetching page 15 for price category: dibawah-60-juta
[2024-08-31T19:17:57.513+0700] {logging_mixin.py:188} INFO - Fetching page 16 for price category: dibawah-60-juta
[2024-08-31T19:17:57.711+0700] {logging_mixin.py:188} INFO - Fetching page 21 for price category: dibawah-50-juta
[2024-08-31T19:17:57.747+0700] {logging_mixin.py:188} INFO - Fetching page 22 for price category: dibawah-50-juta
[2024-08-31T19:17:57.905+0700] {logging_mixin.py:188} INFO - Fetching page 17 for price category: dibawah-60-juta
[2024-08-31T19:17:58.113+0700] {logging_mixin.py:188} INFO - Fetching page 23 for price category: dibawah-50-juta
[2024-08-31T19:17:58.268+0700] {logging_mixin.py:188} INFO - Fetching page 18 for price category: dibawah-60-juta
[2024-08-31T19:17:58.651+0700] {logging_mixin.py:188} INFO - Fetching page 19 for price category: dibawah-60-juta
[2024-08-31T19:17:59.038+0700] {logging_mixin.py:188} INFO - Fetching page 20 for price category: dibawah-60-juta
[2024-08-31T19:17:59.519+0700] {logging_mixin.py:188} INFO - Fetching page 21 for price category: dibawah-60-juta
[2024-08-31T19:17:59.926+0700] {logging_mixin.py:188} INFO - Fetching page 22 for price category: dibawah-60-juta
[2024-08-31T19:18:00.207+0700] {logging_mixin.py:188} INFO - Fetching page 23 for price category: dibawah-60-juta
[2024-08-31T19:18:00.548+0700] {logging_mixin.py:188} INFO - Fetching page 24 for price category: dibawah-60-juta
[2024-08-31T19:18:00.786+0700] {logging_mixin.py:188} INFO - Fetching page 25 for price category: dibawah-60-juta
[2024-08-31T19:18:00.986+0700] {logging_mixin.py:188} INFO - Fetching page 26 for price category: dibawah-60-juta
[2024-08-31T19:18:01.206+0700] {logging_mixin.py:188} INFO - Fetching page 24 for price category: dibawah-50-juta
[2024-08-31T19:18:01.284+0700] {logging_mixin.py:188} INFO - Fetching page 27 for price category: dibawah-60-juta
[2024-08-31T19:18:01.534+0700] {logging_mixin.py:188} INFO - Fetching page 25 for price category: dibawah-50-juta
[2024-08-31T19:18:01.571+0700] {logging_mixin.py:188} INFO - Fetching page 26 for price category: dibawah-50-juta
[2024-08-31T19:18:01.700+0700] {logging_mixin.py:188} INFO - Fetching page 28 for price category: dibawah-60-juta
[2024-08-31T19:18:01.896+0700] {logging_mixin.py:188} INFO - Fetching page 27 for price category: dibawah-50-juta
[2024-08-31T19:18:01.901+0700] {logging_mixin.py:188} INFO - Fetching page 28 for price category: dibawah-50-juta
[2024-08-31T19:18:01.999+0700] {logging_mixin.py:188} INFO - Fetching page 29 for price category: dibawah-60-juta
[2024-08-31T19:18:02.094+0700] {logging_mixin.py:188} INFO - Fetching page 29 for price category: dibawah-50-juta
[2024-08-31T19:18:02.147+0700] {logging_mixin.py:188} INFO - Fetching page 30 for price category: dibawah-50-juta
[2024-08-31T19:18:02.232+0700] {logging_mixin.py:188} INFO - Fetching page 30 for price category: dibawah-60-juta
[2024-08-31T19:18:02.359+0700] {logging_mixin.py:188} INFO - Fetching page 31 for price category: dibawah-50-juta
[2024-08-31T19:18:02.395+0700] {logging_mixin.py:188} INFO - Fetching page 32 for price category: dibawah-50-juta
[2024-08-31T19:18:02.510+0700] {logging_mixin.py:188} INFO - Fetching page 31 for price category: dibawah-60-juta
[2024-08-31T19:18:02.625+0700] {logging_mixin.py:188} INFO - Fetching page 33 for price category: dibawah-50-juta
[2024-08-31T19:18:02.757+0700] {logging_mixin.py:188} INFO - Fetching page 32 for price category: dibawah-60-juta
[2024-08-31T19:18:02.995+0700] {logging_mixin.py:188} INFO - Fetching page 33 for price category: dibawah-60-juta
[2024-08-31T19:18:03.401+0700] {logging_mixin.py:188} INFO - Fetching page 34 for price category: dibawah-60-juta
[2024-08-31T19:18:03.820+0700] {logging_mixin.py:188} INFO - Fetching page 35 for price category: dibawah-60-juta
[2024-08-31T19:18:04.230+0700] {logging_mixin.py:188} INFO - Fetching page 36 for price category: dibawah-60-juta
[2024-08-31T19:18:04.532+0700] {logging_mixin.py:188} INFO - Fetching page 37 for price category: dibawah-60-juta
[2024-08-31T19:18:04.902+0700] {logging_mixin.py:188} INFO - Fetching page 38 for price category: dibawah-60-juta
[2024-08-31T19:18:05.258+0700] {logging_mixin.py:188} INFO - Fetching page 39 for price category: dibawah-60-juta
[2024-08-31T19:18:05.553+0700] {logging_mixin.py:188} INFO - Fetching page 40 for price category: dibawah-60-juta
[2024-08-31T19:18:05.898+0700] {logging_mixin.py:188} INFO - Fetching page 41 for price category: dibawah-60-juta
[2024-08-31T19:18:06.202+0700] {logging_mixin.py:188} INFO - Fetching page 42 for price category: dibawah-60-juta
[2024-08-31T19:18:06.519+0700] {logging_mixin.py:188} INFO - Fetching page 43 for price category: dibawah-60-juta
[2024-08-31T19:18:06.876+0700] {logging_mixin.py:188} INFO - Fetching page 44 for price category: dibawah-60-juta
[2024-08-31T19:18:07.097+0700] {logging_mixin.py:188} INFO - Fetching page 45 for price category: dibawah-60-juta
[2024-08-31T19:18:07.423+0700] {logging_mixin.py:188} INFO - Fetching page 46 for price category: dibawah-60-juta
[2024-08-31T19:18:07.882+0700] {logging_mixin.py:188} INFO - Fetching page 47 for price category: dibawah-60-juta
[2024-08-31T19:18:08.225+0700] {logging_mixin.py:188} INFO - Fetching page 48 for price category: dibawah-60-juta
[2024-08-31T19:18:08.584+0700] {logging_mixin.py:188} INFO - Fetching page 49 for price category: dibawah-60-juta
[2024-08-31T19:18:08.947+0700] {logging_mixin.py:188} INFO - Fetching page 50 for price category: dibawah-60-juta
[2024-08-31T19:18:09.433+0700] {logging_mixin.py:188} INFO - Fetching page 51 for price category: dibawah-60-juta
[2024-08-31T19:18:09.698+0700] {logging_mixin.py:188} INFO - Fetching page 52 for price category: dibawah-60-juta
[2024-08-31T19:18:10.023+0700] {logging_mixin.py:188} INFO - Fetching page 53 for price category: dibawah-60-juta
[2024-08-31T19:18:10.378+0700] {logging_mixin.py:188} INFO - Fetching page 54 for price category: dibawah-60-juta
[2024-08-31T19:18:10.658+0700] {logging_mixin.py:188} INFO - Fetching page 55 for price category: dibawah-60-juta
[2024-08-31T19:18:15.502+0700] {logging_mixin.py:188} INFO - Fetching page 56 for price category: dibawah-60-juta
[2024-08-31T19:18:15.876+0700] {logging_mixin.py:188} INFO - Fetching page 57 for price category: dibawah-60-juta
[2024-08-31T19:18:16.210+0700] {logging_mixin.py:188} INFO - Fetching page 58 for price category: dibawah-60-juta
[2024-08-31T19:18:16.554+0700] {logging_mixin.py:188} INFO - Fetching page 59 for price category: dibawah-60-juta
[2024-08-31T19:18:16.896+0700] {logging_mixin.py:188} INFO - Fetching page 60 for price category: dibawah-60-juta
[2024-08-31T19:18:17.310+0700] {logging_mixin.py:188} INFO - Fetching page 61 for price category: dibawah-60-juta
[2024-08-31T19:18:17.641+0700] {logging_mixin.py:188} INFO - Fetching page 62 for price category: dibawah-60-juta
[2024-08-31T19:18:18.070+0700] {logging_mixin.py:188} INFO - Fetching page 63 for price category: dibawah-60-juta
[2024-08-31T19:18:18.397+0700] {logging_mixin.py:188} INFO - Fetching page 64 for price category: dibawah-60-juta
[2024-08-31T19:18:18.710+0700] {logging_mixin.py:188} INFO - Fetching page 65 for price category: dibawah-60-juta
[2024-08-31T19:18:26.382+0700] {logging_mixin.py:188} INFO - Fetching page 34 for price category: dibawah-50-juta
[2024-08-31T19:18:26.554+0700] {logging_mixin.py:188} INFO - Fetching page 35 for price category: dibawah-50-juta
[2024-08-31T19:18:28.494+0700] {logging_mixin.py:188} INFO - Fetching page 1 for price category: dibawah-30-juta
[2024-08-31T19:18:28.494+0700] {logging_mixin.py:188} INFO - Fetching page 2 for price category: dibawah-30-juta
[2024-08-31T19:18:28.512+0700] {logging_mixin.py:188} INFO - Fetching page 3 for price category: dibawah-30-juta
[2024-08-31T19:18:28.520+0700] {logging_mixin.py:188} INFO - Fetching page 4 for price category: dibawah-30-juta
[2024-08-31T19:18:28.524+0700] {logging_mixin.py:188} INFO - Fetching page 66 for price category: dibawah-60-juta
[2024-08-31T19:18:28.949+0700] {logging_mixin.py:188} INFO - Fetching page 5 for price category: dibawah-30-juta
[2024-08-31T19:18:29.059+0700] {logging_mixin.py:188} INFO - Fetching page 67 for price category: dibawah-60-juta
[2024-08-31T19:18:29.263+0700] {logging_mixin.py:188} INFO - Data for price category dibawah-30-juta written to /home/miracle/mobil/scrape/output/oto/2024-08-31/oto_car_dibawah_30_juta_2024-08-31.csv
[2024-08-31T19:18:29.529+0700] {logging_mixin.py:188} INFO - Fetching page 1 for price category: dibawah-70-juta
[2024-08-31T19:18:29.530+0700] {logging_mixin.py:188} INFO - Fetching page 2 for price category: dibawah-70-juta
[2024-08-31T19:18:29.533+0700] {logging_mixin.py:188} INFO - Fetching page 3 for price category: dibawah-70-juta
[2024-08-31T19:18:29.535+0700] {logging_mixin.py:188} INFO - Fetching page 4 for price category: dibawah-70-juta
[2024-08-31T19:18:29.587+0700] {logging_mixin.py:188} INFO - Fetching page 68 for price category: dibawah-60-juta
[2024-08-31T19:18:29.798+0700] {logging_mixin.py:188} INFO - Fetching page 5 for price category: dibawah-70-juta
[2024-08-31T19:18:29.864+0700] {logging_mixin.py:188} INFO - Fetching page 6 for price category: dibawah-70-juta
[2024-08-31T19:18:29.877+0700] {logging_mixin.py:188} INFO - Fetching page 7 for price category: dibawah-70-juta
[2024-08-31T19:18:29.911+0700] {logging_mixin.py:188} INFO - Fetching page 69 for price category: dibawah-60-juta
[2024-08-31T19:18:30.086+0700] {logging_mixin.py:188} INFO - Fetching page 8 for price category: dibawah-70-juta
[2024-08-31T19:18:30.250+0700] {logging_mixin.py:188} INFO - Fetching page 9 for price category: dibawah-70-juta
[2024-08-31T19:18:30.284+0700] {logging_mixin.py:188} INFO - Fetching page 70 for price category: dibawah-60-juta
[2024-08-31T19:18:30.425+0700] {logging_mixin.py:188} INFO - Fetching page 10 for price category: dibawah-70-juta
[2024-08-31T19:18:30.509+0700] {logging_mixin.py:188} INFO - Fetching page 11 for price category: dibawah-70-juta
[2024-08-31T19:18:30.621+0700] {logging_mixin.py:188} INFO - Fetching page 71 for price category: dibawah-60-juta
[2024-08-31T19:18:30.656+0700] {logging_mixin.py:188} INFO - Fetching page 12 for price category: dibawah-70-juta
[2024-08-31T19:18:30.752+0700] {logging_mixin.py:188} INFO - Fetching page 13 for price category: dibawah-70-juta
[2024-08-31T19:18:30.905+0700] {logging_mixin.py:188} INFO - Fetching page 14 for price category: dibawah-70-juta
[2024-08-31T19:18:30.964+0700] {logging_mixin.py:188} INFO - Fetching page 72 for price category: dibawah-60-juta
[2024-08-31T19:18:31.067+0700] {logging_mixin.py:188} INFO - Fetching page 15 for price category: dibawah-70-juta
[2024-08-31T19:18:31.173+0700] {logging_mixin.py:188} INFO - Fetching page 16 for price category: dibawah-70-juta
[2024-08-31T19:18:31.276+0700] {logging_mixin.py:188} INFO - Fetching page 36 for price category: dibawah-50-juta
[2024-08-31T19:18:31.446+0700] {logging_mixin.py:188} INFO - Fetching page 17 for price category: dibawah-70-juta
[2024-08-31T19:18:31.447+0700] {logging_mixin.py:188} INFO - Fetching page 73 for price category: dibawah-60-juta
[2024-08-31T19:18:31.730+0700] {logging_mixin.py:188} INFO - Fetching page 18 for price category: dibawah-70-juta
[2024-08-31T19:18:31.995+0700] {logging_mixin.py:188} INFO - Fetching page 37 for price category: dibawah-50-juta
[2024-08-31T19:18:32.032+0700] {logging_mixin.py:188} INFO - Fetching page 19 for price category: dibawah-70-juta
[2024-08-31T19:18:32.225+0700] {logging_mixin.py:188} INFO - Fetching page 74 for price category: dibawah-60-juta
[2024-08-31T19:18:32.369+0700] {logging_mixin.py:188} INFO - Fetching page 20 for price category: dibawah-70-juta
[2024-08-31T19:18:32.709+0700] {logging_mixin.py:188} INFO - Fetching page 21 for price category: dibawah-70-juta
[2024-08-31T19:18:32.994+0700] {logging_mixin.py:188} INFO - Fetching page 75 for price category: dibawah-60-juta
[2024-08-31T19:18:33.188+0700] {logging_mixin.py:188} INFO - Fetching page 22 for price category: dibawah-70-juta
[2024-08-31T19:18:33.448+0700] {logging_mixin.py:188} INFO - Fetching page 76 for price category: dibawah-60-juta
[2024-08-31T19:18:33.529+0700] {logging_mixin.py:188} INFO - Fetching page 23 for price category: dibawah-70-juta
[2024-08-31T19:18:33.773+0700] {logging_mixin.py:188} INFO - Fetching page 24 for price category: dibawah-70-juta
[2024-08-31T19:18:33.808+0700] {logging_mixin.py:188} INFO - Fetching page 77 for price category: dibawah-60-juta
[2024-08-31T19:18:34.046+0700] {logging_mixin.py:188} INFO - Fetching page 25 for price category: dibawah-70-juta
[2024-08-31T19:18:34.110+0700] {logging_mixin.py:188} INFO - Fetching page 78 for price category: dibawah-60-juta
[2024-08-31T19:18:34.247+0700] {logging_mixin.py:188} INFO - Fetching page 26 for price category: dibawah-70-juta
[2024-08-31T19:18:34.314+0700] {logging_mixin.py:188} INFO - Fetching page 27 for price category: dibawah-70-juta
[2024-08-31T19:18:34.482+0700] {logging_mixin.py:188} INFO - Fetching page 28 for price category: dibawah-70-juta
[2024-08-31T19:18:34.517+0700] {logging_mixin.py:188} INFO - Fetching page 79 for price category: dibawah-60-juta
[2024-08-31T19:18:34.562+0700] {logging_mixin.py:188} INFO - Fetching page 29 for price category: dibawah-70-juta
[2024-08-31T19:18:34.710+0700] {logging_mixin.py:188} INFO - Fetching page 30 for price category: dibawah-70-juta
[2024-08-31T19:18:34.746+0700] {logging_mixin.py:188} INFO - Fetching page 31 for price category: dibawah-70-juta
[2024-08-31T19:18:34.851+0700] {logging_mixin.py:188} INFO - Fetching page 80 for price category: dibawah-60-juta
[2024-08-31T19:18:34.867+0700] {logging_mixin.py:188} INFO - Fetching page 32 for price category: dibawah-70-juta
[2024-08-31T19:18:34.921+0700] {logging_mixin.py:188} INFO - Fetching page 33 for price category: dibawah-70-juta
[2024-08-31T19:18:35.025+0700] {logging_mixin.py:188} INFO - Fetching page 34 for price category: dibawah-70-juta
[2024-08-31T19:18:35.294+0700] {logging_mixin.py:188} INFO - Fetching page 35 for price category: dibawah-70-juta
[2024-08-31T19:18:35.303+0700] {logging_mixin.py:188} INFO - Fetching page 36 for price category: dibawah-70-juta
[2024-08-31T19:18:35.335+0700] {logging_mixin.py:188} INFO - Fetching page 81 for price category: dibawah-60-juta
[2024-08-31T19:18:35.387+0700] {logging_mixin.py:188} INFO - Fetching page 37 for price category: dibawah-70-juta
[2024-08-31T19:18:35.534+0700] {logging_mixin.py:188} INFO - Fetching page 38 for price category: dibawah-70-juta
[2024-08-31T19:18:35.568+0700] {logging_mixin.py:188} INFO - Fetching page 39 for price category: dibawah-70-juta
[2024-08-31T19:18:35.631+0700] {logging_mixin.py:188} INFO - Fetching page 82 for price category: dibawah-60-juta
[2024-08-31T19:18:35.820+0700] {logging_mixin.py:188} INFO - Fetching page 40 for price category: dibawah-70-juta
[2024-08-31T19:18:35.857+0700] {logging_mixin.py:188} INFO - Fetching page 41 for price category: dibawah-70-juta
[2024-08-31T19:18:36.052+0700] {logging_mixin.py:188} INFO - Fetching page 42 for price category: dibawah-70-juta
[2024-08-31T19:18:36.092+0700] {logging_mixin.py:188} INFO - Fetching page 43 for price category: dibawah-70-juta
[2024-08-31T19:18:36.302+0700] {logging_mixin.py:188} INFO - Fetching page 44 for price category: dibawah-70-juta
[2024-08-31T19:18:36.404+0700] {logging_mixin.py:188} INFO - Fetching page 45 for price category: dibawah-70-juta
[2024-08-31T19:18:36.615+0700] {logging_mixin.py:188} INFO - Fetching page 46 for price category: dibawah-70-juta
[2024-08-31T19:18:36.651+0700] {logging_mixin.py:188} INFO - Fetching page 47 for price category: dibawah-70-juta
[2024-08-31T19:18:36.884+0700] {logging_mixin.py:188} INFO - Fetching page 48 for price category: dibawah-70-juta
[2024-08-31T19:18:36.918+0700] {logging_mixin.py:188} INFO - Fetching page 49 for price category: dibawah-70-juta
[2024-08-31T19:18:37.121+0700] {logging_mixin.py:188} INFO - Fetching page 50 for price category: dibawah-70-juta
[2024-08-31T19:18:37.164+0700] {logging_mixin.py:188} INFO - Fetching page 51 for price category: dibawah-70-juta
[2024-08-31T19:18:37.354+0700] {logging_mixin.py:188} INFO - Fetching page 52 for price category: dibawah-70-juta
[2024-08-31T19:18:37.570+0700] {logging_mixin.py:188} INFO - Fetching page 53 for price category: dibawah-70-juta
[2024-08-31T19:18:37.833+0700] {logging_mixin.py:188} INFO - Fetching page 54 for price category: dibawah-70-juta
[2024-08-31T19:18:38.069+0700] {logging_mixin.py:188} INFO - Fetching page 55 for price category: dibawah-70-juta
[2024-08-31T19:18:38.354+0700] {logging_mixin.py:188} INFO - Fetching page 56 for price category: dibawah-70-juta
[2024-08-31T19:18:38.578+0700] {logging_mixin.py:188} INFO - Fetching page 57 for price category: dibawah-70-juta
[2024-08-31T19:18:39.835+0700] {logging_mixin.py:188} INFO - Fetching page 58 for price category: dibawah-70-juta
[2024-08-31T19:18:39.868+0700] {logging_mixin.py:188} INFO - Fetching page 38 for price category: dibawah-50-juta
[2024-08-31T19:18:40.194+0700] {logging_mixin.py:188} INFO - Fetching page 39 for price category: dibawah-50-juta
[2024-08-31T19:18:40.398+0700] {logging_mixin.py:188} INFO - Fetching page 40 for price category: dibawah-50-juta
[2024-08-31T19:18:40.523+0700] {logging_mixin.py:188} INFO - Fetching page 83 for price category: dibawah-60-juta
[2024-08-31T19:18:40.701+0700] {logging_mixin.py:188} INFO - Fetching page 41 for price category: dibawah-50-juta
[2024-08-31T19:18:41.026+0700] {logging_mixin.py:188} INFO - Fetching page 42 for price category: dibawah-50-juta
[2024-08-31T19:18:41.058+0700] {logging_mixin.py:188} INFO - Fetching page 84 for price category: dibawah-60-juta
[2024-08-31T19:18:41.404+0700] {logging_mixin.py:188} INFO - Attempt 1 failed with error: 502 Server Error: Bad Gateway for url: https://www.oto.com/used/get-inventory?filter=dibawah-50-juta&order=score&orderBy=desc&business_unit=mobil&lang_code=id&langCode=id&country_code=id&countryCode=id&isServer=0&range=%7B%7D&page=37
[2024-08-31T19:18:41.409+0700] {logging_mixin.py:188} INFO - Fetching page 85 for price category: dibawah-60-juta
[2024-08-31T19:18:41.409+0700] {logging_mixin.py:188} INFO - Retrying in 0.3 seconds...
[2024-08-31T19:18:41.415+0700] {logging_mixin.py:188} INFO - Attempt 1 failed with error: 502 Server Error: Bad Gateway for url: https://www.oto.com/used/get-inventory?filter=dibawah-70-juta&order=score&orderBy=desc&business_unit=mobil&lang_code=id&langCode=id&country_code=id&countryCode=id&isServer=0&range=%7B%7D&page=19
[2024-08-31T19:18:41.415+0700] {logging_mixin.py:188} INFO - Retrying in 0.3 seconds...
[2024-08-31T19:18:41.860+0700] {logging_mixin.py:188} INFO - Fetching page 86 for price category: dibawah-60-juta
[2024-08-31T19:18:41.899+0700] {logging_mixin.py:188} INFO - Fetching page 59 for price category: dibawah-70-juta
[2024-08-31T19:18:41.977+0700] {logging_mixin.py:188} INFO - Fetching page 43 for price category: dibawah-50-juta
[2024-08-31T19:18:42.057+0700] {logging_mixin.py:188} INFO - Fetching page 60 for price category: dibawah-70-juta
[2024-08-31T19:18:42.143+0700] {logging_mixin.py:188} INFO - Fetching page 61 for price category: dibawah-70-juta
[2024-08-31T19:18:42.267+0700] {logging_mixin.py:188} INFO - Fetching page 44 for price category: dibawah-50-juta
[2024-08-31T19:18:42.322+0700] {logging_mixin.py:188} INFO - Fetching page 62 for price category: dibawah-70-juta
[2024-08-31T19:18:42.410+0700] {logging_mixin.py:188} INFO - Fetching page 63 for price category: dibawah-70-juta
[2024-08-31T19:18:42.486+0700] {logging_mixin.py:188} INFO - Fetching page 45 for price category: dibawah-50-juta
[2024-08-31T19:18:42.593+0700] {logging_mixin.py:188} INFO - Fetching page 64 for price category: dibawah-70-juta
[2024-08-31T19:18:42.708+0700] {logging_mixin.py:188} INFO - Fetching page 65 for price category: dibawah-70-juta
[2024-08-31T19:18:42.841+0700] {logging_mixin.py:188} INFO - Fetching page 66 for price category: dibawah-70-juta
[2024-08-31T19:18:42.950+0700] {logging_mixin.py:188} INFO - Fetching page 67 for price category: dibawah-70-juta
[2024-08-31T19:18:43.060+0700] {logging_mixin.py:188} INFO - Fetching page 68 for price category: dibawah-70-juta
[2024-08-31T19:18:43.248+0700] {logging_mixin.py:188} INFO - Fetching page 69 for price category: dibawah-70-juta
[2024-08-31T19:18:43.410+0700] {logging_mixin.py:188} INFO - Fetching page 70 for price category: dibawah-70-juta
[2024-08-31T19:18:43.557+0700] {logging_mixin.py:188} INFO - Fetching page 71 for price category: dibawah-70-juta
[2024-08-31T19:18:43.766+0700] {logging_mixin.py:188} INFO - Fetching page 72 for price category: dibawah-70-juta
[2024-08-31T19:18:43.862+0700] {logging_mixin.py:188} INFO - Fetching page 73 for price category: dibawah-70-juta
[2024-08-31T19:18:44.018+0700] {logging_mixin.py:188} INFO - Fetching page 74 for price category: dibawah-70-juta
[2024-08-31T19:18:44.021+0700] {logging_mixin.py:188} INFO - Fetching page 1 for price category: dibawah-40-juta
[2024-08-31T19:18:44.023+0700] {logging_mixin.py:188} INFO - Fetching page 2 for price category: dibawah-40-juta
[2024-08-31T19:18:44.025+0700] {logging_mixin.py:188} INFO - Fetching page 3 for price category: dibawah-40-juta
[2024-08-31T19:18:44.027+0700] {logging_mixin.py:188} INFO - Fetching page 4 for price category: dibawah-40-juta
[2024-08-31T19:18:44.112+0700] {logging_mixin.py:188} INFO - Fetching page 75 for price category: dibawah-70-juta
[2024-08-31T19:18:44.333+0700] {logging_mixin.py:188} INFO - Fetching page 5 for price category: dibawah-40-juta
[2024-08-31T19:18:44.399+0700] {logging_mixin.py:188} INFO - Fetching page 6 for price category: dibawah-40-juta
[2024-08-31T19:18:44.411+0700] {logging_mixin.py:188} INFO - Fetching page 7 for price category: dibawah-40-juta
[2024-08-31T19:18:44.448+0700] {logging_mixin.py:188} INFO - Fetching page 76 for price category: dibawah-70-juta
[2024-08-31T19:18:44.577+0700] {logging_mixin.py:188} INFO - Attempt 1 failed with error: 502 Server Error: Bad Gateway for url: https://www.oto.com/used/get-inventory?filter=dibawah-70-juta&order=score&orderBy=desc&business_unit=mobil&lang_code=id&langCode=id&country_code=id&countryCode=id&isServer=0&range=%7B%7D&page=37
[2024-08-31T19:18:44.577+0700] {logging_mixin.py:188} INFO - Retrying in 0.3 seconds...
[2024-08-31T19:18:44.616+0700] {logging_mixin.py:188} INFO - Fetching page 8 for price category: dibawah-40-juta
[2024-08-31T19:18:44.662+0700] {logging_mixin.py:188} INFO - Fetching page 77 for price category: dibawah-70-juta
[2024-08-31T19:18:44.699+0700] {logging_mixin.py:188} INFO - Fetching page 9 for price category: dibawah-40-juta
[2024-08-31T19:18:44.885+0700] {logging_mixin.py:188} INFO - Fetching page 10 for price category: dibawah-40-juta
[2024-08-31T19:18:44.932+0700] {logging_mixin.py:188} INFO - Fetching page 11 for price category: dibawah-40-juta
[2024-08-31T19:18:44.998+0700] {logging_mixin.py:188} INFO - Fetching page 78 for price category: dibawah-70-juta
[2024-08-31T19:18:45.159+0700] {logging_mixin.py:188} INFO - Fetching page 12 for price category: dibawah-40-juta
[2024-08-31T19:18:45.369+0700] {logging_mixin.py:188} INFO - Fetching page 79 for price category: dibawah-70-juta
[2024-08-31T19:18:45.410+0700] {logging_mixin.py:188} INFO - Fetching page 13 for price category: dibawah-40-juta
[2024-08-31T19:18:45.693+0700] {logging_mixin.py:188} INFO - Fetching page 80 for price category: dibawah-70-juta
[2024-08-31T19:18:45.798+0700] {logging_mixin.py:188} INFO - Fetching page 46 for price category: dibawah-50-juta
[2024-08-31T19:18:46.013+0700] {logging_mixin.py:188} INFO - Fetching page 47 for price category: dibawah-50-juta
[2024-08-31T19:18:46.145+0700] {logging_mixin.py:188} INFO - Fetching page 81 for price category: dibawah-70-juta
[2024-08-31T19:18:46.312+0700] {logging_mixin.py:188} INFO - Fetching page 48 for price category: dibawah-50-juta
[2024-08-31T19:18:46.520+0700] {logging_mixin.py:188} INFO - Fetching page 82 for price category: dibawah-70-juta
[2024-08-31T19:18:46.803+0700] {logging_mixin.py:188} INFO - Fetching page 83 for price category: dibawah-70-juta
[2024-08-31T19:18:47.141+0700] {logging_mixin.py:188} INFO - Fetching page 84 for price category: dibawah-70-juta
[2024-08-31T19:18:47.268+0700] {logging_mixin.py:188} INFO - Fetching page 49 for price category: dibawah-50-juta
[2024-08-31T19:18:47.857+0700] {logging_mixin.py:188} INFO - Fetching page 85 for price category: dibawah-70-juta
[2024-08-31T19:18:48.256+0700] {logging_mixin.py:188} INFO - Fetching page 86 for price category: dibawah-70-juta
[2024-08-31T19:18:48.590+0700] {logging_mixin.py:188} INFO - Fetching page 87 for price category: dibawah-70-juta
[2024-08-31T19:18:49.157+0700] {logging_mixin.py:188} INFO - Fetching page 14 for price category: dibawah-40-juta
[2024-08-31T19:18:49.554+0700] {logging_mixin.py:188} INFO - Fetching page 15 for price category: dibawah-40-juta
[2024-08-31T19:18:49.962+0700] {logging_mixin.py:188} INFO - Fetching page 88 for price category: dibawah-70-juta
[2024-08-31T19:18:50.277+0700] {logging_mixin.py:188} INFO - Fetching page 16 for price category: dibawah-40-juta
[2024-08-31T19:18:50.296+0700] {logging_mixin.py:188} INFO - Fetching page 17 for price category: dibawah-40-juta
[2024-08-31T19:18:50.695+0700] {logging_mixin.py:188} INFO - Fetching page 89 for price category: dibawah-70-juta
[2024-08-31T19:18:51.120+0700] {logging_mixin.py:188} INFO - Fetching page 90 for price category: dibawah-70-juta
[2024-08-31T19:18:51.302+0700] {logging_mixin.py:188} INFO - Fetching page 87 for price category: dibawah-60-juta
[2024-08-31T19:19:08.046+0700] {logging_mixin.py:188} INFO - Fetching page 88 for price category: dibawah-60-juta
[2024-08-31T19:19:08.373+0700] {logging_mixin.py:188} INFO - Fetching page 89 for price category: dibawah-60-juta
[2024-08-31T19:19:08.765+0700] {logging_mixin.py:188} INFO - Fetching page 90 for price category: dibawah-60-juta
[2024-08-31T19:19:09.016+0700] {logging_mixin.py:188} INFO - Fetching page 91 for price category: dibawah-60-juta
[2024-08-31T19:19:09.286+0700] {logging_mixin.py:188} INFO - Fetching page 92 for price category: dibawah-60-juta
[2024-08-31T19:19:09.648+0700] {logging_mixin.py:188} INFO - Fetching page 93 for price category: dibawah-60-juta
[2024-08-31T19:19:10.076+0700] {logging_mixin.py:188} INFO - Fetching page 94 for price category: dibawah-60-juta
[2024-08-31T19:19:10.405+0700] {logging_mixin.py:188} INFO - Fetching page 95 for price category: dibawah-60-juta
[2024-08-31T19:19:10.713+0700] {logging_mixin.py:188} INFO - Fetching page 96 for price category: dibawah-60-juta
[2024-08-31T19:19:11.061+0700] {logging_mixin.py:188} INFO - Fetching page 97 for price category: dibawah-60-juta
[2024-08-31T19:19:11.438+0700] {logging_mixin.py:188} INFO - Fetching page 98 for price category: dibawah-60-juta
[2024-08-31T19:19:11.706+0700] {logging_mixin.py:188} INFO - Fetching page 99 for price category: dibawah-60-juta
[2024-08-31T19:19:12.005+0700] {logging_mixin.py:188} INFO - Fetching page 100 for price category: dibawah-60-juta
[2024-08-31T19:19:12.323+0700] {logging_mixin.py:188} INFO - Fetching page 101 for price category: dibawah-60-juta
[2024-08-31T19:19:12.619+0700] {logging_mixin.py:188} INFO - Fetching page 102 for price category: dibawah-60-juta
[2024-08-31T19:19:12.916+0700] {logging_mixin.py:188} INFO - Fetching page 103 for price category: dibawah-60-juta
[2024-08-31T19:19:13.218+0700] {logging_mixin.py:188} INFO - Fetching page 104 for price category: dibawah-60-juta
[2024-08-31T19:19:13.553+0700] {logging_mixin.py:188} INFO - Fetching page 105 for price category: dibawah-60-juta
[2024-08-31T19:19:16.302+0700] {logging_mixin.py:188} INFO - Fetching page 106 for price category: dibawah-60-juta
[2024-08-31T19:19:16.661+0700] {logging_mixin.py:188} INFO - Fetching page 107 for price category: dibawah-60-juta
[2024-08-31T19:19:17.095+0700] {logging_mixin.py:188} INFO - Fetching page 108 for price category: dibawah-60-juta
[2024-08-31T19:19:17.471+0700] {logging_mixin.py:188} INFO - Fetching page 109 for price category: dibawah-60-juta
[2024-08-31T19:19:18.427+0700] {logging_mixin.py:188} INFO - Fetching page 110 for price category: dibawah-60-juta
[2024-08-31T19:19:18.441+0700] {logging_mixin.py:188} INFO - Fetching page 111 for price category: dibawah-60-juta
[2024-08-31T19:19:18.846+0700] {logging_mixin.py:188} INFO - Fetching page 91 for price category: dibawah-70-juta
[2024-08-31T19:19:19.261+0700] {logging_mixin.py:188} INFO - Fetching page 112 for price category: dibawah-60-juta
[2024-08-31T19:19:19.263+0700] {logging_mixin.py:188} INFO - Fetching page 113 for price category: dibawah-60-juta
[2024-08-31T19:19:19.503+0700] {logging_mixin.py:188} INFO - Fetching page 92 for price category: dibawah-70-juta
[2024-08-31T19:19:19.591+0700] {logging_mixin.py:188} INFO - Fetching page 114 for price category: dibawah-60-juta
[2024-08-31T19:19:19.830+0700] {logging_mixin.py:188} INFO - Fetching page 93 for price category: dibawah-70-juta
[2024-08-31T19:19:19.860+0700] {logging_mixin.py:188} INFO - Fetching page 115 for price category: dibawah-60-juta
[2024-08-31T19:19:20.010+0700] {logging_mixin.py:188} INFO - Fetching page 116 for price category: dibawah-60-juta
[2024-08-31T19:19:20.253+0700] {logging_mixin.py:188} INFO - Fetching page 117 for price category: dibawah-60-juta
[2024-08-31T19:19:20.266+0700] {logging_mixin.py:188} INFO - Fetching page 94 for price category: dibawah-70-juta
[2024-08-31T19:19:20.511+0700] {logging_mixin.py:188} INFO - Fetching page 95 for price category: dibawah-70-juta
[2024-08-31T19:19:20.812+0700] {logging_mixin.py:188} INFO - Fetching page 96 for price category: dibawah-70-juta
[2024-08-31T19:19:21.158+0700] {logging_mixin.py:188} INFO - Fetching page 97 for price category: dibawah-70-juta
[2024-08-31T19:19:21.465+0700] {logging_mixin.py:188} INFO - Fetching page 98 for price category: dibawah-70-juta
[2024-08-31T19:19:21.798+0700] {logging_mixin.py:188} INFO - Fetching page 99 for price category: dibawah-70-juta
[2024-08-31T19:19:48.510+0700] {logging_mixin.py:188} INFO - Fetching page 100 for price category: dibawah-70-juta
[2024-08-31T19:19:53.316+0700] {logging_mixin.py:188} INFO - Fetching page 101 for price category: dibawah-70-juta
[2024-08-31T19:19:53.537+0700] {logging_mixin.py:188} INFO - Fetching page 102 for price category: dibawah-70-juta
[2024-08-31T19:19:53.748+0700] {logging_mixin.py:188} INFO - Fetching page 103 for price category: dibawah-70-juta
[2024-08-31T19:19:53.954+0700] {logging_mixin.py:188} INFO - Fetching page 104 for price category: dibawah-70-juta
[2024-08-31T19:19:54.156+0700] {logging_mixin.py:188} INFO - Fetching page 105 for price category: dibawah-70-juta
[2024-08-31T19:19:54.412+0700] {logging_mixin.py:188} INFO - Fetching page 106 for price category: dibawah-70-juta
[2024-08-31T19:19:54.998+0700] {logging_mixin.py:188} INFO - Fetching page 107 for price category: dibawah-70-juta
[2024-08-31T19:19:55.212+0700] {logging_mixin.py:188} INFO - Fetching page 108 for price category: dibawah-70-juta
[2024-08-31T19:20:00.034+0700] {logging_mixin.py:188} INFO - Fetching page 109 for price category: dibawah-70-juta
[2024-08-31T19:20:00.232+0700] {logging_mixin.py:188} INFO - Fetching page 118 for price category: dibawah-60-juta
[2024-08-31T19:20:00.343+0700] {logging_mixin.py:188} INFO - Fetching page 110 for price category: dibawah-70-juta
[2024-08-31T19:20:00.523+0700] {local_task_job_runner.py:313} WARNING - State of this instance has been externally set to failed. Terminating instance.
[2024-08-31T19:20:00.524+0700] {local_task_job_runner.py:222} INFO - ::endgroup::
[2024-08-31T19:20:00.527+0700] {process_utils.py:132} INFO - Sending 15 to group 8926. PIDs of all processes in the group: [8926]
[2024-08-31T19:20:00.527+0700] {process_utils.py:87} INFO - Sending the signal 15 to group 8926
[2024-08-31T19:20:00.527+0700] {taskinstance.py:2611} ERROR - Received SIGTERM. Terminating subprocesses.
[2024-08-31T19:20:00.528+0700] {taskinstance.py:441} INFO - ::group::Post task execution logs
[2024-08-31T19:20:00.579+0700] {process_utils.py:80} INFO - Process psutil.Process(pid=8926, status='terminated', exitcode=0, started='19:17:53') (8926) terminated with exit code 0
