[2024-09-04T22:04:21.253+0700] {local_task_job_runner.py:120} INFO - ::group::Pre task execution logs
[2024-09-04T22:04:21.551+0700] {taskinstance.py:2076} INFO - Dependencies all met for dep_context=non-requeueable deps ti=<TaskInstance: scrap_mobil123.scrape_mobil123 scheduled__2024-09-02T00:00:00+00:00 [queued]>
[2024-09-04T22:04:21.567+0700] {taskinstance.py:2076} INFO - Dependencies all met for dep_context=requeueable deps ti=<TaskInstance: scrap_mobil123.scrape_mobil123 scheduled__2024-09-02T00:00:00+00:00 [queued]>
[2024-09-04T22:04:21.568+0700] {taskinstance.py:2306} INFO - Starting attempt 1 of 2
[2024-09-04T22:04:21.686+0700] {taskinstance.py:2330} INFO - Executing <Task(PythonOperator): scrape_mobil123> on 2024-09-02 00:00:00+00:00
[2024-09-04T22:04:21.694+0700] {standard_task_runner.py:64} INFO - Started process 3912 to run task
[2024-09-04T22:04:21.706+0700] {standard_task_runner.py:90} INFO - Running: ['***', 'tasks', 'run', 'scrap_mobil123', 'scrape_mobil123', 'scheduled__2024-09-02T00:00:00+00:00', '--job-id', '220', '--raw', '--subdir', 'DAGS_FOLDER/mobil123/scrap_mobil123.py', '--cfg-path', '/tmp/tmplv7c5i46']
[2024-09-04T22:04:21.712+0700] {standard_task_runner.py:91} INFO - Job 220: Subtask scrape_mobil123
[2024-09-04T22:04:21.836+0700] {task_command.py:426} INFO - Running <TaskInstance: scrap_mobil123.scrape_mobil123 scheduled__2024-09-02T00:00:00+00:00 [running]> on host BrightHorizons.
[2024-09-04T22:04:22.058+0700] {taskinstance.py:2648} INFO - Exporting env vars: AIRFLOW_CTX_DAG_OWNER='***' AIRFLOW_CTX_DAG_ID='scrap_mobil123' AIRFLOW_CTX_TASK_ID='scrape_mobil123' AIRFLOW_CTX_EXECUTION_DATE='2024-09-02T00:00:00+00:00' AIRFLOW_CTX_TRY_NUMBER='1' AIRFLOW_CTX_DAG_RUN_ID='scheduled__2024-09-02T00:00:00+00:00'
[2024-09-04T22:04:22.060+0700] {taskinstance.py:430} INFO - ::endgroup::
[2024-09-04T22:04:24.351+0700] {logging_mixin.py:188} INFO - Fetching page 1 of 2 for price category: dibawah 30 Juta
[2024-09-04T22:04:25.743+0700] {logging_mixin.py:188} INFO - Fetching page 1 of 5 for price category: dibawah 50 Juta
[2024-09-04T22:04:25.810+0700] {logging_mixin.py:188} INFO - Fetching page 1 of 3 for price category: dibawah 40 Juta
[2024-09-04T22:04:27.492+0700] {logging_mixin.py:188} INFO - Fetching page 1 of 5 for price category: dibawah 60 Juta
[2024-09-04T22:04:27.496+0700] {logging_mixin.py:188} INFO - Sleeping for 2.25 seconds...
[2024-09-04T22:04:29.111+0700] {logging_mixin.py:188} INFO - Sleeping for 1.74 seconds...
[2024-09-04T22:04:29.137+0700] {logging_mixin.py:188} INFO - Sleeping for 2.14 seconds...
[2024-09-04T22:04:29.763+0700] {logging_mixin.py:188} INFO - Fetching page 2 of 2 for price category: dibawah 30 Juta
[2024-09-04T22:04:29.964+0700] {logging_mixin.py:188} INFO - Sleeping for 2.05 seconds...
[2024-09-04T22:04:30.858+0700] {logging_mixin.py:188} INFO - Fetching page 2 of 5 for price category: dibawah 50 Juta
[2024-09-04T22:04:31.281+0700] {logging_mixin.py:188} INFO - Fetching page 2 of 3 for price category: dibawah 40 Juta
[2024-09-04T22:04:32.035+0700] {logging_mixin.py:188} INFO - Fetching page 2 of 5 for price category: dibawah 60 Juta
[2024-09-04T22:04:32.971+0700] {logging_mixin.py:188} INFO - Sleeping for 2.34 seconds...
[2024-09-04T22:04:33.241+0700] {logging_mixin.py:188} INFO - Sleeping for 2.28 seconds...
[2024-09-04T22:04:34.728+0700] {logging_mixin.py:188} INFO - Sleeping for 1.67 seconds...
[2024-09-04T22:04:35.250+0700] {logging_mixin.py:188} INFO - Sleeping for 2.24 seconds...
[2024-09-04T22:04:35.320+0700] {logging_mixin.py:188} INFO - Data for price category dibawah 30 Juta written to /home/miracle/mobil/scrape/output/mobil123/2024-09-04/mobil123_dibawah 30 Juta_2024-09-04.csv
[2024-09-04T22:04:35.518+0700] {logging_mixin.py:188} INFO - Fetching page 3 of 5 for price category: dibawah 50 Juta
[2024-09-04T22:04:36.404+0700] {logging_mixin.py:188} INFO - Fetching page 3 of 5 for price category: dibawah 60 Juta
[2024-09-04T22:04:37.519+0700] {logging_mixin.py:188} INFO - Fetching page 3 of 3 for price category: dibawah 40 Juta
[2024-09-04T22:05:23.422+0700] {logging_mixin.py:188} INFO - Fetching page 1 of 9 for price category: dibawah 70 Juta
[2024-09-04T22:05:24.272+0700] {logging_mixin.py:188} INFO - Sleeping for 1.65 seconds...
[2024-09-04T22:05:24.326+0700] {logging_mixin.py:188} INFO - Sleeping for 2.31 seconds...
[2024-09-04T22:05:24.522+0700] {logging_mixin.py:188} INFO - Sleeping for 2.73 seconds...
[2024-09-04T22:05:25.451+0700] {logging_mixin.py:188} INFO - Sleeping for 2.50 seconds...
[2024-09-04T22:05:25.933+0700] {logging_mixin.py:188} INFO - Fetching page 4 of 5 for price category: dibawah 60 Juta
[2024-09-04T22:05:26.645+0700] {logging_mixin.py:188} INFO - Fetching page 4 of 5 for price category: dibawah 50 Juta
[2024-09-04T22:05:27.252+0700] {logging_mixin.py:188} INFO - Data for price category dibawah 40 Juta written to /home/miracle/mobil/scrape/output/mobil123/2024-09-04/mobil123_dibawah 40 Juta_2024-09-04.csv
[2024-09-04T22:05:27.968+0700] {logging_mixin.py:188} INFO - Fetching page 2 of 9 for price category: dibawah 70 Juta
[2024-09-04T22:05:29.833+0700] {logging_mixin.py:188} INFO - Sleeping for 2.27 seconds...
[2024-09-04T22:05:30.627+0700] {logging_mixin.py:188} INFO - Fetching page 1 of 18 for price category: dibawah 80 Juta
[2024-09-04T22:05:30.647+0700] {logging_mixin.py:188} INFO - Sleeping for 2.23 seconds...
[2024-09-04T22:05:31.593+0700] {logging_mixin.py:188} INFO - Sleeping for 2.72 seconds...
[2024-09-04T22:05:32.116+0700] {logging_mixin.py:188} INFO - Fetching page 5 of 5 for price category: dibawah 60 Juta
[2024-09-04T22:05:32.891+0700] {logging_mixin.py:188} INFO - Fetching page 3 of 9 for price category: dibawah 70 Juta
[2024-09-04T22:05:33.033+0700] {logging_mixin.py:188} INFO - Sleeping for 2.68 seconds...
[2024-09-04T22:05:33.523+0700] {logging_mixin.py:188} INFO - Sleeping for 2.12 seconds...
[2024-09-04T22:05:34.483+0700] {logging_mixin.py:188} INFO - Fetching page 5 of 5 for price category: dibawah 50 Juta
[2024-09-04T22:05:34.792+0700] {logging_mixin.py:188} INFO - Sleeping for 1.66 seconds...
[2024-09-04T22:05:35.571+0700] {logging_mixin.py:188} INFO - Sleeping for 2.33 seconds...
[2024-09-04T22:05:35.644+0700] {logging_mixin.py:188} INFO - Data for price category dibawah 60 Juta written to /home/miracle/mobil/scrape/output/mobil123/2024-09-04/mobil123_dibawah 60 Juta_2024-09-04.csv
[2024-09-04T22:05:35.711+0700] {logging_mixin.py:188} INFO - Fetching page 2 of 18 for price category: dibawah 80 Juta
[2024-09-04T22:05:36.459+0700] {logging_mixin.py:188} INFO - Fetching page 4 of 9 for price category: dibawah 70 Juta
[2024-09-04T22:05:37.230+0700] {logging_mixin.py:188} INFO - Fetching page 1 of 32 for price category: dibawah 90 Juta
[2024-09-04T22:05:37.935+0700] {logging_mixin.py:188} INFO - Data for price category dibawah 50 Juta written to /home/miracle/mobil/scrape/output/mobil123/2024-09-04/mobil123_dibawah 50 Juta_2024-09-04.csv
[2024-09-04T22:05:38.042+0700] {logging_mixin.py:188} INFO - Sleeping for 1.76 seconds...
[2024-09-04T22:05:38.429+0700] {logging_mixin.py:188} INFO - Sleeping for 2.98 seconds...
[2024-09-04T22:05:39.146+0700] {logging_mixin.py:188} INFO - Sleeping for 1.67 seconds...
[2024-09-04T22:05:39.804+0700] {logging_mixin.py:188} INFO - Fetching page 3 of 18 for price category: dibawah 80 Juta
[2024-09-04T22:05:41.144+0700] {logging_mixin.py:188} INFO - Fetching page 2 of 32 for price category: dibawah 90 Juta
[2024-09-04T22:05:41.305+0700] {logging_mixin.py:188} INFO - Sleeping for 2.09 seconds...
[2024-09-04T22:05:41.410+0700] {logging_mixin.py:188} INFO - Fetching page 5 of 9 for price category: dibawah 70 Juta
[2024-09-04T22:05:42.359+0700] {logging_mixin.py:188} INFO - Sleeping for 2.85 seconds...
[2024-09-04T22:05:42.639+0700] {logging_mixin.py:188} INFO - Sleeping for 2.59 seconds...
[2024-09-04T22:05:43.398+0700] {logging_mixin.py:188} INFO - Fetching page 4 of 18 for price category: dibawah 80 Juta
[2024-09-04T22:05:45.566+0700] {logging_mixin.py:188} INFO - Fetching page 6 of 9 for price category: dibawah 70 Juta
[2024-09-04T22:05:45.572+0700] {logging_mixin.py:188} INFO - Fetching page 3 of 32 for price category: dibawah 90 Juta
[2024-09-04T22:05:45.879+0700] {logging_mixin.py:188} INFO - Sleeping for 2.79 seconds...
[2024-09-04T22:05:47.669+0700] {logging_mixin.py:188} INFO - Sleeping for 2.72 seconds...
[2024-09-04T22:05:48.362+0700] {logging_mixin.py:188} INFO - Sleeping for 2.03 seconds...
[2024-09-04T22:05:48.670+0700] {logging_mixin.py:188} INFO - Fetching page 5 of 18 for price category: dibawah 80 Juta
[2024-09-04T22:05:49.729+0700] {logging_mixin.py:188} INFO - Sleeping for 2.70 seconds...
[2024-09-04T22:05:50.388+0700] {logging_mixin.py:188} INFO - Fetching page 4 of 32 for price category: dibawah 90 Juta
[2024-09-04T22:05:50.398+0700] {logging_mixin.py:188} INFO - Fetching page 7 of 9 for price category: dibawah 70 Juta
[2024-09-04T22:05:51.669+0700] {logging_mixin.py:188} INFO - Sleeping for 2.74 seconds...
[2024-09-04T22:05:52.436+0700] {logging_mixin.py:188} INFO - Fetching page 6 of 18 for price category: dibawah 80 Juta
[2024-09-04T22:05:53.771+0700] {logging_mixin.py:188} INFO - Sleeping for 2.54 seconds...
[2024-09-04T22:05:54.109+0700] {logging_mixin.py:188} INFO - Sleeping for 2.06 seconds...
[2024-09-04T22:05:54.414+0700] {logging_mixin.py:188} INFO - Fetching page 5 of 32 for price category: dibawah 90 Juta
[2024-09-04T22:05:55.794+0700] {logging_mixin.py:188} INFO - Sleeping for 1.83 seconds...
[2024-09-04T22:05:56.175+0700] {logging_mixin.py:188} INFO - Fetching page 7 of 18 for price category: dibawah 80 Juta
[2024-09-04T22:05:56.318+0700] {logging_mixin.py:188} INFO - Fetching page 8 of 9 for price category: dibawah 70 Juta
[2024-09-04T22:05:57.629+0700] {logging_mixin.py:188} INFO - Fetching page 6 of 32 for price category: dibawah 90 Juta
[2024-09-04T22:05:58.376+0700] {logging_mixin.py:188} INFO - Sleeping for 1.99 seconds...
[2024-09-04T22:05:58.720+0700] {logging_mixin.py:188} INFO - Sleeping for 1.75 seconds...
[2024-09-04T22:05:59.271+0700] {logging_mixin.py:188} INFO - Sleeping for 2.21 seconds...
[2024-09-04T22:06:00.373+0700] {logging_mixin.py:188} INFO - Fetching page 9 of 9 for price category: dibawah 70 Juta
[2024-09-04T22:06:00.473+0700] {logging_mixin.py:188} INFO - Fetching page 8 of 18 for price category: dibawah 80 Juta
[2024-09-04T22:06:01.637+0700] {logging_mixin.py:188} INFO - Fetching page 7 of 32 for price category: dibawah 90 Juta
[2024-09-04T22:06:01.727+0700] {logging_mixin.py:188} INFO - Sleeping for 1.71 seconds...
[2024-09-04T22:06:02.716+0700] {logging_mixin.py:188} INFO - Sleeping for 2.92 seconds...
[2024-09-04T22:06:03.441+0700] {logging_mixin.py:188} INFO - Data for price category dibawah 70 Juta written to /home/miracle/mobil/scrape/output/mobil123/2024-09-04/mobil123_dibawah 70 Juta_2024-09-04.csv
[2024-09-04T22:06:04.099+0700] {logging_mixin.py:188} INFO - Sleeping for 2.85 seconds...
[2024-09-04T22:06:05.638+0700] {logging_mixin.py:188} INFO - Fetching page 9 of 18 for price category: dibawah 80 Juta
[2024-09-04T22:06:06.950+0700] {logging_mixin.py:188} INFO - Fetching page 8 of 32 for price category: dibawah 90 Juta
[2024-09-04T22:06:08.412+0700] {logging_mixin.py:188} INFO - Sleeping for 1.57 seconds...
[2024-09-04T22:06:09.093+0700] {logging_mixin.py:188} INFO - Sleeping for 2.80 seconds...
[2024-09-04T22:06:09.981+0700] {logging_mixin.py:188} INFO - Fetching page 10 of 18 for price category: dibawah 80 Juta
[2024-09-04T22:06:11.811+0700] {logging_mixin.py:188} INFO - Sleeping for 1.69 seconds...
[2024-09-04T22:06:11.900+0700] {logging_mixin.py:188} INFO - Fetching page 9 of 32 for price category: dibawah 90 Juta
[2024-09-04T22:06:13.444+0700] {logging_mixin.py:188} INFO - Sleeping for 1.60 seconds...
[2024-09-04T22:06:13.500+0700] {logging_mixin.py:188} INFO - Fetching page 11 of 18 for price category: dibawah 80 Juta
[2024-09-04T22:06:15.345+0700] {logging_mixin.py:188} INFO - Fetching page 10 of 32 for price category: dibawah 90 Juta
[2024-09-04T22:06:15.371+0700] {logging_mixin.py:188} INFO - Sleeping for 2.48 seconds...
[2024-09-04T22:06:17.275+0700] {logging_mixin.py:188} INFO - Sleeping for 1.94 seconds...
[2024-09-04T22:06:17.849+0700] {logging_mixin.py:188} INFO - Fetching page 12 of 18 for price category: dibawah 80 Juta
[2024-09-04T22:06:19.213+0700] {logging_mixin.py:188} INFO - Fetching page 11 of 32 for price category: dibawah 90 Juta
[2024-09-04T22:06:20.683+0700] {logging_mixin.py:188} INFO - Sleeping for 2.79 seconds...
[2024-09-04T22:06:21.948+0700] {logging_mixin.py:188} INFO - Sleeping for 2.01 seconds...
[2024-09-04T22:06:23.471+0700] {logging_mixin.py:188} INFO - Fetching page 13 of 18 for price category: dibawah 80 Juta
[2024-09-04T22:06:23.959+0700] {logging_mixin.py:188} INFO - Fetching page 12 of 32 for price category: dibawah 90 Juta
[2024-09-04T22:06:25.642+0700] {logging_mixin.py:188} INFO - Sleeping for 1.88 seconds...
[2024-09-04T22:06:26.362+0700] {logging_mixin.py:188} INFO - Sleeping for 2.59 seconds...
[2024-09-04T22:06:27.529+0700] {logging_mixin.py:188} INFO - Fetching page 13 of 32 for price category: dibawah 90 Juta
[2024-09-04T22:06:28.959+0700] {logging_mixin.py:188} INFO - Fetching page 14 of 18 for price category: dibawah 80 Juta
[2024-09-04T22:06:30.993+0700] {logging_mixin.py:188} INFO - Sleeping for 2.95 seconds...
[2024-09-04T22:06:32.052+0700] {logging_mixin.py:188} INFO - Sleeping for 2.81 seconds...
[2024-09-04T22:06:33.949+0700] {logging_mixin.py:188} INFO - Fetching page 15 of 18 for price category: dibawah 80 Juta
[2024-09-04T22:06:34.868+0700] {logging_mixin.py:188} INFO - Fetching page 14 of 32 for price category: dibawah 90 Juta
[2024-09-04T22:06:35.957+0700] {logging_mixin.py:188} INFO - Sleeping for 2.93 seconds...
[2024-09-04T22:06:36.640+0700] {logging_mixin.py:188} INFO - Sleeping for 2.01 seconds...
[2024-09-04T22:06:38.657+0700] {logging_mixin.py:188} INFO - Fetching page 15 of 32 for price category: dibawah 90 Juta
[2024-09-04T22:06:38.695+0700] {local_task_job_runner.py:313} WARNING - State of this instance has been externally set to success. Terminating instance.
[2024-09-04T22:06:38.696+0700] {local_task_job_runner.py:222} INFO - ::endgroup::
[2024-09-04T22:06:38.700+0700] {process_utils.py:132} INFO - Sending 15 to group 3912. PIDs of all processes in the group: [3912]
[2024-09-04T22:06:38.701+0700] {process_utils.py:87} INFO - Sending the signal 15 to group 3912
[2024-09-04T22:06:38.701+0700] {taskinstance.py:2611} ERROR - Received SIGTERM. Terminating subprocesses.
[2024-09-04T22:06:38.890+0700] {logging_mixin.py:188} INFO - Fetching page 16 of 18 for price category: dibawah 80 Juta
[2024-09-04T22:06:40.668+0700] {logging_mixin.py:188} INFO - Sleeping for 1.64 seconds...
[2024-09-04T22:06:41.028+0700] {logging_mixin.py:188} INFO - Sleeping for 2.00 seconds...
[2024-09-04T22:06:42.314+0700] {logging_mixin.py:188} INFO - Fetching page 16 of 32 for price category: dibawah 90 Juta
[2024-09-04T22:06:43.030+0700] {logging_mixin.py:188} INFO - Fetching page 17 of 18 for price category: dibawah 80 Juta
[2024-09-04T22:06:43.807+0700] {logging_mixin.py:188} INFO - Sleeping for 2.66 seconds...
[2024-09-04T22:06:44.485+0700] {logging_mixin.py:188} INFO - Sleeping for 1.60 seconds...
[2024-09-04T22:06:46.083+0700] {logging_mixin.py:188} INFO - Fetching page 18 of 18 for price category: dibawah 80 Juta
[2024-09-04T22:06:46.475+0700] {logging_mixin.py:188} INFO - Fetching page 17 of 32 for price category: dibawah 90 Juta
[2024-09-04T22:06:47.593+0700] {logging_mixin.py:188} INFO - Sleeping for 1.97 seconds...
[2024-09-04T22:06:47.940+0700] {logging_mixin.py:188} INFO - Sleeping for 2.22 seconds...
[2024-09-04T22:06:49.572+0700] {logging_mixin.py:188} INFO - Data for price category dibawah 80 Juta written to /home/miracle/mobil/scrape/output/mobil123/2024-09-04/mobil123_dibawah 80 Juta_2024-09-04.csv
[2024-09-04T22:06:50.167+0700] {logging_mixin.py:188} INFO - Fetching page 18 of 32 for price category: dibawah 90 Juta
[2024-09-04T22:06:51.655+0700] {logging_mixin.py:188} INFO - Sleeping for 2.85 seconds...
[2024-09-04T22:06:54.506+0700] {logging_mixin.py:188} INFO - Fetching page 19 of 32 for price category: dibawah 90 Juta
[2024-09-04T22:06:55.872+0700] {logging_mixin.py:188} INFO - Sleeping for 2.25 seconds...
[2024-09-04T22:06:58.120+0700] {logging_mixin.py:188} INFO - Fetching page 20 of 32 for price category: dibawah 90 Juta
[2024-09-04T22:06:59.611+0700] {logging_mixin.py:188} INFO - Sleeping for 2.44 seconds...
[2024-09-04T22:07:02.055+0700] {logging_mixin.py:188} INFO - Fetching page 21 of 32 for price category: dibawah 90 Juta
[2024-09-04T22:07:03.284+0700] {logging_mixin.py:188} INFO - Sleeping for 3.00 seconds...
[2024-09-04T22:07:06.286+0700] {logging_mixin.py:188} INFO - Fetching page 22 of 32 for price category: dibawah 90 Juta
[2024-09-04T22:07:07.438+0700] {logging_mixin.py:188} INFO - Sleeping for 2.74 seconds...
[2024-09-04T22:07:10.185+0700] {logging_mixin.py:188} INFO - Fetching page 23 of 32 for price category: dibawah 90 Juta
[2024-09-04T22:07:11.651+0700] {logging_mixin.py:188} INFO - Sleeping for 2.10 seconds...
[2024-09-04T22:07:13.755+0700] {logging_mixin.py:188} INFO - Fetching page 24 of 32 for price category: dibawah 90 Juta
[2024-09-04T22:07:14.932+0700] {logging_mixin.py:188} INFO - Sleeping for 1.54 seconds...
[2024-09-04T22:07:16.474+0700] {logging_mixin.py:188} INFO - Fetching page 25 of 32 for price category: dibawah 90 Juta
[2024-09-04T22:07:17.778+0700] {logging_mixin.py:188} INFO - Sleeping for 2.98 seconds...
[2024-09-04T22:07:20.766+0700] {logging_mixin.py:188} INFO - Fetching page 26 of 32 for price category: dibawah 90 Juta
[2024-09-04T22:07:22.025+0700] {logging_mixin.py:188} INFO - Sleeping for 2.53 seconds...
[2024-09-04T22:07:24.559+0700] {logging_mixin.py:188} INFO - Fetching page 27 of 32 for price category: dibawah 90 Juta
[2024-09-04T22:07:25.852+0700] {logging_mixin.py:188} INFO - Sleeping for 1.53 seconds...
[2024-09-04T22:07:27.386+0700] {logging_mixin.py:188} INFO - Fetching page 28 of 32 for price category: dibawah 90 Juta
[2024-09-04T22:07:29.064+0700] {logging_mixin.py:188} INFO - Sleeping for 1.58 seconds...
[2024-09-04T22:07:30.644+0700] {logging_mixin.py:188} INFO - Fetching page 29 of 32 for price category: dibawah 90 Juta
[2024-09-04T22:07:32.559+0700] {logging_mixin.py:188} INFO - Sleeping for 2.16 seconds...
[2024-09-04T22:07:34.720+0700] {logging_mixin.py:188} INFO - Fetching page 30 of 32 for price category: dibawah 90 Juta
[2024-09-04T22:07:36.610+0700] {logging_mixin.py:188} INFO - Sleeping for 2.85 seconds...
[2024-09-04T22:07:38.704+0700] {process_utils.py:150} WARNING - process psutil.Process(pid=3912, name='airflow task ru', status='sleeping', started='22:04:20') did not respond to SIGTERM. Trying SIGKILL
[2024-09-04T22:07:38.706+0700] {process_utils.py:87} INFO - Sending the signal 9 to group 3912
[2024-09-04T22:07:38.732+0700] {process_utils.py:80} INFO - Process psutil.Process(pid=3912, name='airflow task ru', status='terminated', exitcode=<Negsignal.SIGKILL: -9>, started='22:04:20') (3912) terminated with exit code -9
[2024-09-04T22:07:38.733+0700] {standard_task_runner.py:176} ERROR - ('Job 220 was killed before it finished (likely due to running out of memory)', 'For more information, see https://***.apache.org/docs/apache-***/stable/troubleshooting.html#LocalTaskJob-killed')
