[2024-08-19T22:28:23.779+0700] {local_task_job_runner.py:120} INFO - ::group::Pre task execution logs
[2024-08-19T22:28:23.923+0700] {taskinstance.py:2076} INFO - Dependencies all met for dep_context=non-requeueable deps ti=<TaskInstance: scrap_to_dag.scrape_oto scheduled__2024-08-15T00:00:00+00:00 [queued]>
[2024-08-19T22:28:23.934+0700] {taskinstance.py:2076} INFO - Dependencies all met for dep_context=requeueable deps ti=<TaskInstance: scrap_to_dag.scrape_oto scheduled__2024-08-15T00:00:00+00:00 [queued]>
[2024-08-19T22:28:23.934+0700] {taskinstance.py:2306} INFO - Starting attempt 1 of 2
[2024-08-19T22:28:23.950+0700] {taskinstance.py:2330} INFO - Executing <Task(PythonOperator): scrape_oto> on 2024-08-15 00:00:00+00:00
[2024-08-19T22:28:23.954+0700] {standard_task_runner.py:64} INFO - Started process 22244 to run task
[2024-08-19T22:28:23.958+0700] {standard_task_runner.py:90} INFO - Running: ['***', 'tasks', 'run', 'scrap_to_dag', 'scrape_oto', 'scheduled__2024-08-15T00:00:00+00:00', '--job-id', '35', '--raw', '--subdir', 'DAGS_FOLDER/oto/scrap_oto.py', '--cfg-path', '/tmp/tmpljnhif3_']
[2024-08-19T22:28:23.961+0700] {standard_task_runner.py:91} INFO - Job 35: Subtask scrape_oto
[2024-08-19T22:28:24.035+0700] {task_command.py:426} INFO - Running <TaskInstance: scrap_to_dag.scrape_oto scheduled__2024-08-15T00:00:00+00:00 [running]> on host BrightHorizons.
[2024-08-19T22:28:24.178+0700] {taskinstance.py:2648} INFO - Exporting env vars: AIRFLOW_CTX_DAG_OWNER='***' AIRFLOW_CTX_DAG_ID='scrap_to_dag' AIRFLOW_CTX_TASK_ID='scrape_oto' AIRFLOW_CTX_EXECUTION_DATE='2024-08-15T00:00:00+00:00' AIRFLOW_CTX_TRY_NUMBER='1' AIRFLOW_CTX_DAG_RUN_ID='scheduled__2024-08-15T00:00:00+00:00'
[2024-08-19T22:28:24.179+0700] {taskinstance.py:430} INFO - ::endgroup::
[2024-08-19T22:28:24.205+0700] {logging_mixin.py:188} INFO - Fetching data for price category: dibawah-30-juta on date: 2024-08-19
[2024-08-19T22:28:24.651+0700] {logging_mixin.py:188} INFO - Fetching page 1 of 5 for price category: dibawah-30-juta
[2024-08-19T22:28:28.448+0700] {logging_mixin.py:188} INFO - Fetching page 2 of 5 for price category: dibawah-30-juta
[2024-08-19T22:28:32.186+0700] {logging_mixin.py:188} INFO - Fetching page 3 of 5 for price category: dibawah-30-juta
[2024-08-19T22:28:37.431+0700] {logging_mixin.py:188} INFO - Fetching page 4 of 5 for price category: dibawah-30-juta
[2024-08-19T22:28:39.795+0700] {logging_mixin.py:188} INFO - Fetching page 5 of 5 for price category: dibawah-30-juta
[2024-08-19T22:28:43.699+0700] {logging_mixin.py:188} INFO - Data for price category dibawah-30-juta written to /home/miracle/mobil/scrape/output/oto/2024-08-19/oto_car_dibawah_30_juta_2024-08-19.csv
[2024-08-19T22:28:43.699+0700] {logging_mixin.py:188} INFO - Fetching data for price category: dibawah-40-juta on date: 2024-08-19
[2024-08-19T22:28:44.018+0700] {logging_mixin.py:188} INFO - Fetching page 1 of 17 for price category: dibawah-40-juta
[2024-08-19T22:28:48.276+0700] {logging_mixin.py:188} INFO - Fetching page 2 of 17 for price category: dibawah-40-juta
[2024-08-19T22:28:52.361+0700] {logging_mixin.py:188} INFO - Fetching page 3 of 17 for price category: dibawah-40-juta
[2024-08-19T22:28:54.204+0700] {logging_mixin.py:188} INFO - Fetching page 4 of 17 for price category: dibawah-40-juta
[2024-08-19T22:28:58.971+0700] {logging_mixin.py:188} INFO - Fetching page 5 of 17 for price category: dibawah-40-juta
[2024-08-19T22:29:01.826+0700] {logging_mixin.py:188} INFO - Fetching page 6 of 17 for price category: dibawah-40-juta
[2024-08-19T22:29:07.138+0700] {logging_mixin.py:188} INFO - Fetching page 7 of 17 for price category: dibawah-40-juta
[2024-08-19T22:29:09.471+0700] {logging_mixin.py:188} INFO - Fetching page 8 of 17 for price category: dibawah-40-juta
[2024-08-19T22:29:12.920+0700] {logging_mixin.py:188} INFO - Fetching page 9 of 17 for price category: dibawah-40-juta
[2024-08-19T22:29:17.090+0700] {logging_mixin.py:188} INFO - Fetching page 10 of 17 for price category: dibawah-40-juta
[2024-08-19T22:29:19.498+0700] {local_task_job_runner.py:313} WARNING - State of this instance has been externally set to success. Terminating instance.
[2024-08-19T22:29:19.499+0700] {local_task_job_runner.py:222} INFO - ::endgroup::
[2024-08-19T22:29:19.504+0700] {process_utils.py:132} INFO - Sending 15 to group 22244. PIDs of all processes in the group: [22244]
[2024-08-19T22:29:19.505+0700] {process_utils.py:87} INFO - Sending the signal 15 to group 22244
[2024-08-19T22:29:19.506+0700] {taskinstance.py:2611} ERROR - Received SIGTERM. Terminating subprocesses.
[2024-08-19T22:29:19.507+0700] {taskinstance.py:441} INFO - ::group::Post task execution logs
[2024-08-19T22:29:19.599+0700] {process_utils.py:80} INFO - Process psutil.Process(pid=22244, status='terminated', exitcode=0, started='22:28:22') (22244) terminated with exit code 0
