[2024-08-26T00:22:15.982+0700] {local_task_job_runner.py:120} INFO - ::group::Pre task execution logs
[2024-08-26T00:22:16.119+0700] {taskinstance.py:2076} INFO - Dependencies all met for dep_context=non-requeueable deps ti=<TaskInstance: scrap_mobil123.scrape_mobil123 manual__2024-08-25T17:22:15.365105+00:00 [queued]>
[2024-08-26T00:22:16.130+0700] {taskinstance.py:2076} INFO - Dependencies all met for dep_context=requeueable deps ti=<TaskInstance: scrap_mobil123.scrape_mobil123 manual__2024-08-25T17:22:15.365105+00:00 [queued]>
[2024-08-26T00:22:16.131+0700] {taskinstance.py:2306} INFO - Starting attempt 1 of 2
[2024-08-26T00:22:16.145+0700] {taskinstance.py:2330} INFO - Executing <Task(PythonOperator): scrape_mobil123> on 2024-08-25 17:22:15.365105+00:00
[2024-08-26T00:22:16.149+0700] {standard_task_runner.py:64} INFO - Started process 17513 to run task
[2024-08-26T00:22:16.152+0700] {standard_task_runner.py:90} INFO - Running: ['***', 'tasks', 'run', 'scrap_mobil123', 'scrape_mobil123', 'manual__2024-08-25T17:22:15.365105+00:00', '--job-id', '123', '--raw', '--subdir', 'DAGS_FOLDER/mobil123/scrap_mobil123.py', '--cfg-path', '/tmp/tmpf2xu7mo9']
[2024-08-26T00:22:16.154+0700] {standard_task_runner.py:91} INFO - Job 123: Subtask scrape_mobil123
[2024-08-26T00:22:16.206+0700] {task_command.py:426} INFO - Running <TaskInstance: scrap_mobil123.scrape_mobil123 manual__2024-08-25T17:22:15.365105+00:00 [running]> on host BrightHorizons.
[2024-08-26T00:22:16.295+0700] {taskinstance.py:2648} INFO - Exporting env vars: AIRFLOW_CTX_DAG_OWNER='***' AIRFLOW_CTX_DAG_ID='scrap_mobil123' AIRFLOW_CTX_TASK_ID='scrape_mobil123' AIRFLOW_CTX_EXECUTION_DATE='2024-08-25T17:22:15.365105+00:00' AIRFLOW_CTX_TRY_NUMBER='1' AIRFLOW_CTX_DAG_RUN_ID='manual__2024-08-25T17:22:15.365105+00:00'
[2024-08-26T00:22:16.295+0700] {taskinstance.py:430} INFO - ::endgroup::
[2024-08-26T00:22:17.361+0700] {logging_mixin.py:188} INFO - Fetching page 1 of 2 for price category: dibawah 30 Juta
[2024-08-26T00:22:18.362+0700] {logging_mixin.py:188} INFO - Sleeping for 1.51 seconds...
[2024-08-26T00:22:19.876+0700] {logging_mixin.py:188} INFO - Fetching page 2 of 2 for price category: dibawah 30 Juta
[2024-08-26T00:22:20.889+0700] {logging_mixin.py:188} INFO - Sleeping for 1.51 seconds...
[2024-08-26T00:22:22.402+0700] {logging_mixin.py:188} INFO - Data for price category dibawah 30 Juta written to /home/miracle/mobil/scrape/output/mobil123/2024-08-26/mobil123_dibawah 30 Juta_2024-08-26.csv
[2024-08-26T00:22:23.690+0700] {logging_mixin.py:188} INFO - Fetching page 1 of 3 for price category: dibawah 40 Juta
[2024-08-26T00:22:24.603+0700] {logging_mixin.py:188} INFO - Sleeping for 2.64 seconds...
[2024-08-26T00:22:27.243+0700] {logging_mixin.py:188} INFO - Fetching page 2 of 3 for price category: dibawah 40 Juta
[2024-08-26T00:22:28.346+0700] {logging_mixin.py:188} INFO - Sleeping for 2.37 seconds...
[2024-08-26T00:22:30.718+0700] {logging_mixin.py:188} INFO - Fetching page 3 of 3 for price category: dibawah 40 Juta
[2024-08-26T00:22:31.617+0700] {logging_mixin.py:188} INFO - Sleeping for 2.21 seconds...
[2024-08-26T00:22:33.834+0700] {logging_mixin.py:188} INFO - Data for price category dibawah 40 Juta written to /home/miracle/mobil/scrape/output/mobil123/2024-08-26/mobil123_dibawah 40 Juta_2024-08-26.csv
[2024-08-26T00:22:34.986+0700] {logging_mixin.py:188} INFO - Fetching page 1 of 5 for price category: dibawah 50 Juta
[2024-08-26T00:22:35.860+0700] {logging_mixin.py:188} INFO - Sleeping for 1.79 seconds...
[2024-08-26T00:22:37.655+0700] {logging_mixin.py:188} INFO - Fetching page 2 of 5 for price category: dibawah 50 Juta
[2024-08-26T00:22:38.659+0700] {logging_mixin.py:188} INFO - Sleeping for 2.84 seconds...
[2024-08-26T00:22:41.504+0700] {logging_mixin.py:188} INFO - Fetching page 3 of 5 for price category: dibawah 50 Juta
[2024-08-26T00:22:42.628+0700] {logging_mixin.py:188} INFO - Sleeping for 1.81 seconds...
[2024-08-26T00:22:44.444+0700] {logging_mixin.py:188} INFO - Fetching page 4 of 5 for price category: dibawah 50 Juta
[2024-08-26T00:22:45.458+0700] {logging_mixin.py:188} INFO - Sleeping for 2.33 seconds...
[2024-08-26T00:22:47.787+0700] {logging_mixin.py:188} INFO - Fetching page 5 of 5 for price category: dibawah 50 Juta
[2024-08-26T00:22:48.522+0700] {logging_mixin.py:188} INFO - Sleeping for 2.19 seconds...
[2024-08-26T00:22:50.714+0700] {logging_mixin.py:188} INFO - Data for price category dibawah 50 Juta written to /home/miracle/mobil/scrape/output/mobil123/2024-08-26/mobil123_dibawah 50 Juta_2024-08-26.csv
[2024-08-26T00:22:51.792+0700] {logging_mixin.py:188} INFO - Fetching page 1 of 5 for price category: dibawah 60 Juta
[2024-08-26T00:22:52.860+0700] {logging_mixin.py:188} INFO - Sleeping for 2.93 seconds...
[2024-08-26T00:22:55.796+0700] {logging_mixin.py:188} INFO - Fetching page 2 of 5 for price category: dibawah 60 Juta
[2024-08-26T00:22:56.767+0700] {logging_mixin.py:188} INFO - Sleeping for 2.57 seconds...
[2024-08-26T00:22:59.342+0700] {logging_mixin.py:188} INFO - Fetching page 3 of 5 for price category: dibawah 60 Juta
[2024-08-26T00:23:00.526+0700] {logging_mixin.py:188} INFO - Sleeping for 1.81 seconds...
[2024-08-26T00:23:02.337+0700] {logging_mixin.py:188} INFO - Fetching page 4 of 5 for price category: dibawah 60 Juta
[2024-08-26T00:23:03.230+0700] {logging_mixin.py:188} INFO - Sleeping for 2.96 seconds...
[2024-08-26T00:23:06.193+0700] {logging_mixin.py:188} INFO - Fetching page 5 of 5 for price category: dibawah 60 Juta
[2024-08-26T00:23:07.310+0700] {logging_mixin.py:188} INFO - Sleeping for 1.84 seconds...
[2024-08-26T00:23:09.157+0700] {logging_mixin.py:188} INFO - Data for price category dibawah 60 Juta written to /home/miracle/mobil/scrape/output/mobil123/2024-08-26/mobil123_dibawah 60 Juta_2024-08-26.csv
[2024-08-26T00:23:10.202+0700] {logging_mixin.py:188} INFO - Fetching page 1 of 9 for price category: dibawah 70 Juta
[2024-08-26T00:23:11.242+0700] {logging_mixin.py:188} INFO - Sleeping for 2.30 seconds...
[2024-08-26T00:23:13.545+0700] {logging_mixin.py:188} INFO - Fetching page 2 of 9 for price category: dibawah 70 Juta
[2024-08-26T00:23:14.626+0700] {logging_mixin.py:188} INFO - Sleeping for 2.70 seconds...
[2024-08-26T00:23:17.331+0700] {logging_mixin.py:188} INFO - Fetching page 3 of 9 for price category: dibawah 70 Juta
[2024-08-26T00:23:18.469+0700] {logging_mixin.py:188} INFO - Sleeping for 2.38 seconds...
[2024-08-26T00:23:20.851+0700] {logging_mixin.py:188} INFO - Fetching page 4 of 9 for price category: dibawah 70 Juta
[2024-08-26T00:23:24.556+0700] {logging_mixin.py:188} INFO - Sleeping for 2.87 seconds...
[2024-08-26T00:23:27.433+0700] {logging_mixin.py:188} INFO - Fetching page 5 of 9 for price category: dibawah 70 Juta
[2024-08-26T00:23:28.600+0700] {logging_mixin.py:188} INFO - Sleeping for 1.62 seconds...
[2024-08-26T00:23:30.218+0700] {logging_mixin.py:188} INFO - Fetching page 6 of 9 for price category: dibawah 70 Juta
[2024-08-26T00:23:31.731+0700] {logging_mixin.py:188} INFO - Sleeping for 1.68 seconds...
[2024-08-26T00:23:33.409+0700] {logging_mixin.py:188} INFO - Fetching page 7 of 9 for price category: dibawah 70 Juta
[2024-08-26T00:23:34.756+0700] {logging_mixin.py:188} INFO - Sleeping for 2.24 seconds...
[2024-08-26T00:23:36.994+0700] {logging_mixin.py:188} INFO - Fetching page 8 of 9 for price category: dibawah 70 Juta
[2024-08-26T00:23:38.471+0700] {logging_mixin.py:188} INFO - Sleeping for 1.78 seconds...
[2024-08-26T00:23:40.255+0700] {logging_mixin.py:188} INFO - Fetching page 9 of 9 for price category: dibawah 70 Juta
[2024-08-26T00:23:41.304+0700] {logging_mixin.py:188} INFO - Sleeping for 1.81 seconds...
[2024-08-26T00:23:43.120+0700] {logging_mixin.py:188} INFO - Data for price category dibawah 70 Juta written to /home/miracle/mobil/scrape/output/mobil123/2024-08-26/mobil123_dibawah 70 Juta_2024-08-26.csv
[2024-08-26T00:23:44.206+0700] {logging_mixin.py:188} INFO - Fetching page 1 of 18 for price category: dibawah 80 Juta
[2024-08-26T00:23:45.072+0700] {logging_mixin.py:188} INFO - Sleeping for 2.60 seconds...
[2024-08-26T00:23:47.674+0700] {logging_mixin.py:188} INFO - Fetching page 2 of 18 for price category: dibawah 80 Juta
[2024-08-26T00:23:48.837+0700] {logging_mixin.py:188} INFO - Sleeping for 2.81 seconds...
[2024-08-26T00:23:51.650+0700] {logging_mixin.py:188} INFO - Fetching page 3 of 18 for price category: dibawah 80 Juta
[2024-08-26T00:23:52.617+0700] {logging_mixin.py:188} INFO - Sleeping for 2.58 seconds...
[2024-08-26T00:23:55.196+0700] {logging_mixin.py:188} INFO - Fetching page 4 of 18 for price category: dibawah 80 Juta
[2024-08-26T00:23:56.285+0700] {logging_mixin.py:188} INFO - Sleeping for 1.70 seconds...
[2024-08-26T00:23:57.991+0700] {logging_mixin.py:188} INFO - Fetching page 5 of 18 for price category: dibawah 80 Juta
[2024-08-26T00:23:59.343+0700] {logging_mixin.py:188} INFO - Sleeping for 2.74 seconds...
[2024-08-26T00:24:02.082+0700] {logging_mixin.py:188} INFO - Fetching page 6 of 18 for price category: dibawah 80 Juta
[2024-08-26T00:24:03.286+0700] {logging_mixin.py:188} INFO - Sleeping for 1.58 seconds...
[2024-08-26T00:24:04.871+0700] {logging_mixin.py:188} INFO - Fetching page 7 of 18 for price category: dibawah 80 Juta
[2024-08-26T00:24:05.795+0700] {logging_mixin.py:188} INFO - Sleeping for 2.48 seconds...
[2024-08-26T00:24:08.281+0700] {logging_mixin.py:188} INFO - Fetching page 8 of 18 for price category: dibawah 80 Juta
[2024-08-26T00:24:09.436+0700] {logging_mixin.py:188} INFO - Sleeping for 2.31 seconds...
[2024-08-26T00:24:11.752+0700] {logging_mixin.py:188} INFO - Fetching page 9 of 18 for price category: dibawah 80 Juta
[2024-08-26T00:24:12.838+0700] {logging_mixin.py:188} INFO - Sleeping for 1.56 seconds...
[2024-08-26T00:24:14.397+0700] {logging_mixin.py:188} INFO - Fetching page 10 of 18 for price category: dibawah 80 Juta
[2024-08-26T00:24:15.434+0700] {logging_mixin.py:188} INFO - Sleeping for 1.71 seconds...
[2024-08-26T00:24:17.147+0700] {logging_mixin.py:188} INFO - Fetching page 11 of 18 for price category: dibawah 80 Juta
[2024-08-26T00:24:18.328+0700] {logging_mixin.py:188} INFO - Sleeping for 1.51 seconds...
[2024-08-26T00:24:19.842+0700] {logging_mixin.py:188} INFO - Fetching page 12 of 18 for price category: dibawah 80 Juta
[2024-08-26T00:24:20.862+0700] {logging_mixin.py:188} INFO - Sleeping for 2.13 seconds...
[2024-08-26T00:24:22.991+0700] {logging_mixin.py:188} INFO - Fetching page 13 of 18 for price category: dibawah 80 Juta
[2024-08-26T00:24:24.225+0700] {logging_mixin.py:188} INFO - Sleeping for 2.87 seconds...
[2024-08-26T00:24:27.102+0700] {logging_mixin.py:188} INFO - Fetching page 14 of 18 for price category: dibawah 80 Juta
[2024-08-26T00:24:28.103+0700] {logging_mixin.py:188} INFO - Sleeping for 2.29 seconds...
[2024-08-26T00:24:30.395+0700] {logging_mixin.py:188} INFO - Fetching page 15 of 18 for price category: dibawah 80 Juta
[2024-08-26T00:24:31.785+0700] {logging_mixin.py:188} INFO - Sleeping for 2.93 seconds...
[2024-08-26T00:24:34.714+0700] {logging_mixin.py:188} INFO - Fetching page 16 of 18 for price category: dibawah 80 Juta
[2024-08-26T00:24:35.682+0700] {logging_mixin.py:188} INFO - Sleeping for 2.68 seconds...
[2024-08-26T00:24:38.368+0700] {logging_mixin.py:188} INFO - Fetching page 17 of 18 for price category: dibawah 80 Juta
[2024-08-26T00:24:39.440+0700] {logging_mixin.py:188} INFO - Sleeping for 2.48 seconds...
[2024-08-26T00:24:41.919+0700] {logging_mixin.py:188} INFO - Fetching page 18 of 18 for price category: dibawah 80 Juta
[2024-08-26T00:24:42.545+0700] {logging_mixin.py:188} INFO - Sleeping for 2.42 seconds...
[2024-08-26T00:24:44.969+0700] {logging_mixin.py:188} INFO - Data for price category dibawah 80 Juta written to /home/miracle/mobil/scrape/output/mobil123/2024-08-26/mobil123_dibawah 80 Juta_2024-08-26.csv
[2024-08-26T00:24:46.163+0700] {logging_mixin.py:188} INFO - Fetching page 1 of 31 for price category: dibawah 90 Juta
[2024-08-26T00:24:47.064+0700] {logging_mixin.py:188} INFO - Sleeping for 2.38 seconds...
[2024-08-26T00:24:49.451+0700] {logging_mixin.py:188} INFO - Fetching page 2 of 31 for price category: dibawah 90 Juta
[2024-08-26T00:24:50.633+0700] {logging_mixin.py:188} INFO - Sleeping for 2.89 seconds...
[2024-08-26T00:24:53.525+0700] {logging_mixin.py:188} INFO - Fetching page 3 of 31 for price category: dibawah 90 Juta
[2024-08-26T00:24:54.660+0700] {logging_mixin.py:188} INFO - Sleeping for 2.08 seconds...
[2024-08-26T00:24:56.741+0700] {logging_mixin.py:188} INFO - Fetching page 4 of 31 for price category: dibawah 90 Juta
[2024-08-26T00:24:57.822+0700] {logging_mixin.py:188} INFO - Sleeping for 2.55 seconds...
[2024-08-26T00:25:00.379+0700] {logging_mixin.py:188} INFO - Fetching page 5 of 31 for price category: dibawah 90 Juta
[2024-08-26T00:25:01.476+0700] {logging_mixin.py:188} INFO - Sleeping for 2.69 seconds...
[2024-08-26T00:25:04.166+0700] {logging_mixin.py:188} INFO - Fetching page 6 of 31 for price category: dibawah 90 Juta
[2024-08-26T00:25:05.163+0700] {logging_mixin.py:188} INFO - Sleeping for 2.71 seconds...
[2024-08-26T00:25:07.877+0700] {logging_mixin.py:188} INFO - Fetching page 7 of 31 for price category: dibawah 90 Juta
[2024-08-26T00:25:09.038+0700] {logging_mixin.py:188} INFO - Sleeping for 1.69 seconds...
[2024-08-26T00:25:10.735+0700] {logging_mixin.py:188} INFO - Fetching page 8 of 31 for price category: dibawah 90 Juta
[2024-08-26T00:25:11.756+0700] {logging_mixin.py:188} INFO - Sleeping for 2.99 seconds...
[2024-08-26T00:25:14.747+0700] {logging_mixin.py:188} INFO - Fetching page 9 of 31 for price category: dibawah 90 Juta
[2024-08-26T00:25:15.959+0700] {logging_mixin.py:188} INFO - Sleeping for 1.87 seconds...
[2024-08-26T00:25:17.830+0700] {logging_mixin.py:188} INFO - Fetching page 10 of 31 for price category: dibawah 90 Juta
[2024-08-26T00:25:18.921+0700] {logging_mixin.py:188} INFO - Sleeping for 2.92 seconds...
[2024-08-26T00:25:21.845+0700] {logging_mixin.py:188} INFO - Fetching page 11 of 31 for price category: dibawah 90 Juta
[2024-08-26T00:25:22.966+0700] {logging_mixin.py:188} INFO - Sleeping for 2.32 seconds...
[2024-08-26T00:25:25.284+0700] {logging_mixin.py:188} INFO - Fetching page 12 of 31 for price category: dibawah 90 Juta
[2024-08-26T00:25:26.434+0700] {logging_mixin.py:188} INFO - Sleeping for 2.56 seconds...
[2024-08-26T00:25:28.998+0700] {logging_mixin.py:188} INFO - Fetching page 13 of 31 for price category: dibawah 90 Juta
[2024-08-26T00:25:29.930+0700] {logging_mixin.py:188} INFO - Sleeping for 2.34 seconds...
[2024-08-26T00:25:32.271+0700] {logging_mixin.py:188} INFO - Fetching page 14 of 31 for price category: dibawah 90 Juta
[2024-08-26T00:25:33.358+0700] {logging_mixin.py:188} INFO - Sleeping for 2.75 seconds...
[2024-08-26T00:25:36.113+0700] {logging_mixin.py:188} INFO - Fetching page 15 of 31 for price category: dibawah 90 Juta
[2024-08-26T00:25:37.145+0700] {logging_mixin.py:188} INFO - Sleeping for 2.26 seconds...
[2024-08-26T00:25:39.406+0700] {logging_mixin.py:188} INFO - Fetching page 16 of 31 for price category: dibawah 90 Juta
[2024-08-26T00:25:40.519+0700] {logging_mixin.py:188} INFO - Sleeping for 2.18 seconds...
[2024-08-26T00:25:42.699+0700] {logging_mixin.py:188} INFO - Fetching page 17 of 31 for price category: dibawah 90 Juta
[2024-08-26T00:25:43.678+0700] {logging_mixin.py:188} INFO - Sleeping for 2.15 seconds...
[2024-08-26T00:25:45.833+0700] {logging_mixin.py:188} INFO - Fetching page 18 of 31 for price category: dibawah 90 Juta
[2024-08-26T00:25:46.949+0700] {logging_mixin.py:188} INFO - Sleeping for 2.22 seconds...
[2024-08-26T00:25:49.170+0700] {logging_mixin.py:188} INFO - Fetching page 19 of 31 for price category: dibawah 90 Juta
[2024-08-26T00:25:50.259+0700] {logging_mixin.py:188} INFO - Sleeping for 1.53 seconds...
[2024-08-26T00:25:51.792+0700] {logging_mixin.py:188} INFO - Fetching page 20 of 31 for price category: dibawah 90 Juta
[2024-08-26T00:25:53.040+0700] {logging_mixin.py:188} INFO - Sleeping for 1.87 seconds...
[2024-08-26T00:25:54.915+0700] {logging_mixin.py:188} INFO - Fetching page 21 of 31 for price category: dibawah 90 Juta
[2024-08-26T00:25:55.944+0700] {logging_mixin.py:188} INFO - Sleeping for 2.28 seconds...
[2024-08-26T00:25:58.230+0700] {logging_mixin.py:188} INFO - Fetching page 22 of 31 for price category: dibawah 90 Juta
[2024-08-26T00:25:59.612+0700] {logging_mixin.py:188} INFO - Sleeping for 1.76 seconds...
[2024-08-26T00:26:01.375+0700] {logging_mixin.py:188} INFO - Fetching page 23 of 31 for price category: dibawah 90 Juta
[2024-08-26T00:26:02.425+0700] {logging_mixin.py:188} INFO - Sleeping for 2.62 seconds...
[2024-08-26T00:26:05.045+0700] {logging_mixin.py:188} INFO - Fetching page 24 of 31 for price category: dibawah 90 Juta
[2024-08-26T00:26:05.967+0700] {logging_mixin.py:188} INFO - Sleeping for 2.06 seconds...
[2024-08-26T00:26:08.026+0700] {logging_mixin.py:188} INFO - Fetching page 25 of 31 for price category: dibawah 90 Juta
[2024-08-26T00:26:09.312+0700] {logging_mixin.py:188} INFO - Sleeping for 1.71 seconds...
[2024-08-26T00:26:11.026+0700] {logging_mixin.py:188} INFO - Fetching page 26 of 31 for price category: dibawah 90 Juta
[2024-08-26T00:26:11.966+0700] {logging_mixin.py:188} INFO - Sleeping for 1.67 seconds...
[2024-08-26T00:26:13.640+0700] {logging_mixin.py:188} INFO - Fetching page 27 of 31 for price category: dibawah 90 Juta
[2024-08-26T00:26:14.706+0700] {logging_mixin.py:188} INFO - Sleeping for 1.66 seconds...
[2024-08-26T00:26:16.370+0700] {logging_mixin.py:188} INFO - Fetching page 28 of 31 for price category: dibawah 90 Juta
[2024-08-26T00:26:17.393+0700] {logging_mixin.py:188} INFO - Sleeping for 1.90 seconds...
[2024-08-26T00:26:19.300+0700] {logging_mixin.py:188} INFO - Fetching page 29 of 31 for price category: dibawah 90 Juta
[2024-08-26T00:26:20.429+0700] {logging_mixin.py:188} INFO - Sleeping for 1.97 seconds...
[2024-08-26T00:26:22.404+0700] {logging_mixin.py:188} INFO - Fetching page 30 of 31 for price category: dibawah 90 Juta
[2024-08-26T00:26:23.487+0700] {logging_mixin.py:188} INFO - Sleeping for 2.71 seconds...
[2024-08-26T00:26:26.196+0700] {logging_mixin.py:188} INFO - Fetching page 31 of 31 for price category: dibawah 90 Juta
[2024-08-26T00:26:27.160+0700] {logging_mixin.py:188} INFO - Sleeping for 1.81 seconds...
[2024-08-26T00:26:28.980+0700] {logging_mixin.py:188} INFO - Data for price category dibawah 90 Juta written to /home/miracle/mobil/scrape/output/mobil123/2024-08-26/mobil123_dibawah 90 Juta_2024-08-26.csv
[2024-08-26T00:26:29.978+0700] {logging_mixin.py:188} INFO - Fetching page 1 of 49 for price category: dibawah 100 Juta
[2024-08-26T00:26:31.015+0700] {logging_mixin.py:188} INFO - Sleeping for 1.83 seconds...
[2024-08-26T00:26:32.843+0700] {logging_mixin.py:188} INFO - Fetching page 2 of 49 for price category: dibawah 100 Juta
[2024-08-26T00:26:33.904+0700] {logging_mixin.py:188} INFO - Sleeping for 2.11 seconds...
[2024-08-26T00:26:36.021+0700] {logging_mixin.py:188} INFO - Fetching page 3 of 49 for price category: dibawah 100 Juta
[2024-08-26T00:26:37.144+0700] {logging_mixin.py:188} INFO - Sleeping for 2.45 seconds...
[2024-08-26T00:26:39.593+0700] {logging_mixin.py:188} INFO - Fetching page 4 of 49 for price category: dibawah 100 Juta
[2024-08-26T00:26:40.685+0700] {logging_mixin.py:188} INFO - Sleeping for 2.29 seconds...
[2024-08-26T00:26:42.978+0700] {logging_mixin.py:188} INFO - Fetching page 5 of 49 for price category: dibawah 100 Juta
[2024-08-26T00:26:44.199+0700] {logging_mixin.py:188} INFO - Sleeping for 2.31 seconds...
[2024-08-26T00:26:46.515+0700] {logging_mixin.py:188} INFO - Fetching page 6 of 49 for price category: dibawah 100 Juta
[2024-08-26T00:26:47.724+0700] {logging_mixin.py:188} INFO - Sleeping for 1.72 seconds...
[2024-08-26T00:26:49.448+0700] {logging_mixin.py:188} INFO - Fetching page 7 of 49 for price category: dibawah 100 Juta
[2024-08-26T00:26:50.491+0700] {logging_mixin.py:188} INFO - Sleeping for 1.99 seconds...
[2024-08-26T00:26:52.480+0700] {logging_mixin.py:188} INFO - Fetching page 8 of 49 for price category: dibawah 100 Juta
[2024-08-26T00:26:53.785+0700] {logging_mixin.py:188} INFO - Sleeping for 1.68 seconds...
[2024-08-26T00:26:55.468+0700] {logging_mixin.py:188} INFO - Fetching page 9 of 49 for price category: dibawah 100 Juta
[2024-08-26T00:26:56.694+0700] {logging_mixin.py:188} INFO - Sleeping for 1.87 seconds...
[2024-08-26T00:26:58.562+0700] {logging_mixin.py:188} INFO - Fetching page 10 of 49 for price category: dibawah 100 Juta
[2024-08-26T00:26:59.721+0700] {logging_mixin.py:188} INFO - Sleeping for 2.85 seconds...
[2024-08-26T00:27:02.571+0700] {logging_mixin.py:188} INFO - Fetching page 11 of 49 for price category: dibawah 100 Juta
[2024-08-26T00:27:03.685+0700] {logging_mixin.py:188} INFO - Sleeping for 1.99 seconds...
[2024-08-26T00:27:05.672+0700] {logging_mixin.py:188} INFO - Fetching page 12 of 49 for price category: dibawah 100 Juta
[2024-08-26T00:27:06.824+0700] {logging_mixin.py:188} INFO - Sleeping for 2.55 seconds...
[2024-08-26T00:27:09.375+0700] {logging_mixin.py:188} INFO - Fetching page 13 of 49 for price category: dibawah 100 Juta
[2024-08-26T00:27:10.597+0700] {logging_mixin.py:188} INFO - Sleeping for 2.80 seconds...
[2024-08-26T00:27:13.398+0700] {logging_mixin.py:188} INFO - Fetching page 14 of 49 for price category: dibawah 100 Juta
[2024-08-26T00:27:14.495+0700] {logging_mixin.py:188} INFO - Sleeping for 2.93 seconds...
[2024-08-26T00:27:17.428+0700] {logging_mixin.py:188} INFO - Fetching page 15 of 49 for price category: dibawah 100 Juta
[2024-08-26T00:27:18.660+0700] {logging_mixin.py:188} INFO - Sleeping for 2.89 seconds...
[2024-08-26T00:27:21.555+0700] {logging_mixin.py:188} INFO - Fetching page 16 of 49 for price category: dibawah 100 Juta
[2024-08-26T00:27:22.686+0700] {logging_mixin.py:188} INFO - Sleeping for 2.77 seconds...
[2024-08-26T00:27:25.455+0700] {logging_mixin.py:188} INFO - Fetching page 17 of 49 for price category: dibawah 100 Juta
[2024-08-26T00:27:26.687+0700] {logging_mixin.py:188} INFO - Sleeping for 2.57 seconds...
[2024-08-26T00:27:29.264+0700] {logging_mixin.py:188} INFO - Fetching page 18 of 49 for price category: dibawah 100 Juta
[2024-08-26T00:27:30.645+0700] {logging_mixin.py:188} INFO - Sleeping for 2.51 seconds...
[2024-08-26T00:27:33.156+0700] {logging_mixin.py:188} INFO - Fetching page 19 of 49 for price category: dibawah 100 Juta
[2024-08-26T00:27:34.331+0700] {logging_mixin.py:188} INFO - Sleeping for 2.42 seconds...
[2024-08-26T00:27:36.757+0700] {logging_mixin.py:188} INFO - Fetching page 20 of 49 for price category: dibawah 100 Juta
[2024-08-26T00:27:37.818+0700] {logging_mixin.py:188} INFO - Sleeping for 2.43 seconds...
[2024-08-26T00:27:40.254+0700] {logging_mixin.py:188} INFO - Fetching page 21 of 49 for price category: dibawah 100 Juta
[2024-08-26T00:27:41.347+0700] {logging_mixin.py:188} INFO - Sleeping for 2.16 seconds...
[2024-08-26T00:27:43.511+0700] {logging_mixin.py:188} INFO - Fetching page 22 of 49 for price category: dibawah 100 Juta
[2024-08-26T00:27:44.606+0700] {logging_mixin.py:188} INFO - Sleeping for 1.77 seconds...
[2024-08-26T00:27:46.376+0700] {logging_mixin.py:188} INFO - Fetching page 23 of 49 for price category: dibawah 100 Juta
[2024-08-26T00:27:47.458+0700] {logging_mixin.py:188} INFO - Sleeping for 1.53 seconds...
[2024-08-26T00:27:48.991+0700] {logging_mixin.py:188} INFO - Fetching page 24 of 49 for price category: dibawah 100 Juta
[2024-08-26T00:27:50.198+0700] {logging_mixin.py:188} INFO - Sleeping for 1.85 seconds...
[2024-08-26T00:27:52.047+0700] {logging_mixin.py:188} INFO - Fetching page 25 of 49 for price category: dibawah 100 Juta
[2024-08-26T00:27:53.171+0700] {logging_mixin.py:188} INFO - Sleeping for 2.29 seconds...
[2024-08-26T00:27:55.466+0700] {logging_mixin.py:188} INFO - Fetching page 26 of 49 for price category: dibawah 100 Juta
[2024-08-26T00:27:56.722+0700] {logging_mixin.py:188} INFO - Sleeping for 2.79 seconds...
[2024-08-26T00:27:59.518+0700] {logging_mixin.py:188} INFO - Fetching page 27 of 49 for price category: dibawah 100 Juta
[2024-08-26T00:28:00.519+0700] {logging_mixin.py:188} INFO - Sleeping for 2.54 seconds...
[2024-08-26T00:28:03.065+0700] {logging_mixin.py:188} INFO - Fetching page 28 of 49 for price category: dibawah 100 Juta
[2024-08-26T00:28:04.428+0700] {logging_mixin.py:188} INFO - Sleeping for 2.13 seconds...
[2024-08-26T00:28:06.561+0700] {logging_mixin.py:188} INFO - Fetching page 29 of 49 for price category: dibawah 100 Juta
[2024-08-26T00:28:07.701+0700] {logging_mixin.py:188} INFO - Sleeping for 1.98 seconds...
[2024-08-26T00:28:09.684+0700] {logging_mixin.py:188} INFO - Fetching page 30 of 49 for price category: dibawah 100 Juta
[2024-08-26T00:28:10.733+0700] {logging_mixin.py:188} INFO - Sleeping for 2.80 seconds...
[2024-08-26T00:28:13.534+0700] {logging_mixin.py:188} INFO - Fetching page 31 of 49 for price category: dibawah 100 Juta
[2024-08-26T00:28:14.734+0700] {logging_mixin.py:188} INFO - Sleeping for 2.65 seconds...
[2024-08-26T00:28:17.390+0700] {logging_mixin.py:188} INFO - Fetching page 32 of 49 for price category: dibawah 100 Juta
[2024-08-26T00:28:18.340+0700] {logging_mixin.py:188} INFO - Sleeping for 1.73 seconds...
[2024-08-26T00:28:20.069+0700] {logging_mixin.py:188} INFO - Fetching page 33 of 49 for price category: dibawah 100 Juta
[2024-08-26T00:28:21.371+0700] {logging_mixin.py:188} INFO - Sleeping for 2.49 seconds...
[2024-08-26T00:28:23.869+0700] {logging_mixin.py:188} INFO - Fetching page 34 of 49 for price category: dibawah 100 Juta
[2024-08-26T00:28:24.904+0700] {logging_mixin.py:188} INFO - Sleeping for 1.88 seconds...
[2024-08-26T00:28:26.786+0700] {logging_mixin.py:188} INFO - Fetching page 35 of 49 for price category: dibawah 100 Juta
[2024-08-26T00:28:28.051+0700] {logging_mixin.py:188} INFO - Sleeping for 1.62 seconds...
[2024-08-26T00:28:29.678+0700] {logging_mixin.py:188} INFO - Fetching page 36 of 49 for price category: dibawah 100 Juta
[2024-08-26T00:28:30.662+0700] {logging_mixin.py:188} INFO - Sleeping for 1.70 seconds...
[2024-08-26T00:28:32.367+0700] {logging_mixin.py:188} INFO - Fetching page 37 of 49 for price category: dibawah 100 Juta
[2024-08-26T00:28:33.576+0700] {logging_mixin.py:188} INFO - Sleeping for 2.69 seconds...
[2024-08-26T00:28:36.266+0700] {logging_mixin.py:188} INFO - Fetching page 38 of 49 for price category: dibawah 100 Juta
[2024-08-26T00:28:37.388+0700] {logging_mixin.py:188} INFO - Sleeping for 2.34 seconds...
[2024-08-26T00:28:39.727+0700] {logging_mixin.py:188} INFO - Fetching page 39 of 49 for price category: dibawah 100 Juta
[2024-08-26T00:28:40.823+0700] {logging_mixin.py:188} INFO - Sleeping for 2.01 seconds...
[2024-08-26T00:28:42.833+0700] {logging_mixin.py:188} INFO - Fetching page 40 of 49 for price category: dibawah 100 Juta
[2024-08-26T00:28:43.944+0700] {logging_mixin.py:188} INFO - Sleeping for 2.14 seconds...
[2024-08-26T00:28:46.086+0700] {logging_mixin.py:188} INFO - Fetching page 41 of 49 for price category: dibawah 100 Juta
[2024-08-26T00:28:47.504+0700] {logging_mixin.py:188} INFO - Sleeping for 2.78 seconds...
[2024-08-26T00:28:50.286+0700] {logging_mixin.py:188} INFO - Fetching page 42 of 49 for price category: dibawah 100 Juta
[2024-08-26T00:28:51.679+0700] {logging_mixin.py:188} INFO - Sleeping for 2.48 seconds...
[2024-08-26T00:28:54.163+0700] {logging_mixin.py:188} INFO - Fetching page 43 of 49 for price category: dibawah 100 Juta
[2024-08-26T00:28:55.245+0700] {logging_mixin.py:188} INFO - Sleeping for 1.93 seconds...
[2024-08-26T00:28:57.179+0700] {logging_mixin.py:188} INFO - Fetching page 44 of 49 for price category: dibawah 100 Juta
[2024-08-26T00:28:58.473+0700] {logging_mixin.py:188} INFO - Sleeping for 2.86 seconds...
[2024-08-26T00:29:01.338+0700] {logging_mixin.py:188} INFO - Fetching page 45 of 49 for price category: dibawah 100 Juta
[2024-08-26T00:29:02.511+0700] {logging_mixin.py:188} INFO - Sleeping for 2.83 seconds...
[2024-08-26T00:29:05.340+0700] {logging_mixin.py:188} INFO - Fetching page 46 of 49 for price category: dibawah 100 Juta
[2024-08-26T00:29:06.615+0700] {logging_mixin.py:188} INFO - Sleeping for 1.73 seconds...
[2024-08-26T00:29:08.344+0700] {logging_mixin.py:188} INFO - Fetching page 47 of 49 for price category: dibawah 100 Juta
[2024-08-26T00:29:09.568+0700] {logging_mixin.py:188} INFO - Sleeping for 1.54 seconds...
[2024-08-26T00:29:11.112+0700] {logging_mixin.py:188} INFO - Fetching page 48 of 49 for price category: dibawah 100 Juta
[2024-08-26T00:29:12.602+0700] {logging_mixin.py:188} INFO - Sleeping for 1.83 seconds...
[2024-08-26T00:29:14.435+0700] {logging_mixin.py:188} INFO - Fetching page 49 of 49 for price category: dibawah 100 Juta
[2024-08-26T00:29:15.314+0700] {logging_mixin.py:188} INFO - Sleeping for 2.42 seconds...
[2024-08-26T00:29:17.746+0700] {logging_mixin.py:188} INFO - Data for price category dibawah 100 Juta written to /home/miracle/mobil/scrape/output/mobil123/2024-08-26/mobil123_dibawah 100 Juta_2024-08-26.csv
[2024-08-26T00:29:19.119+0700] {logging_mixin.py:188} INFO - Fetching page 1 of 385 for price category: 100 - 150 Juta
[2024-08-26T00:29:20.327+0700] {logging_mixin.py:188} INFO - Sleeping for 2.39 seconds...
[2024-08-26T00:29:22.722+0700] {logging_mixin.py:188} INFO - Fetching page 2 of 385 for price category: 100 - 150 Juta
[2024-08-26T00:29:23.791+0700] {logging_mixin.py:188} INFO - Sleeping for 1.72 seconds...
[2024-08-26T00:29:25.508+0700] {logging_mixin.py:188} INFO - Fetching page 3 of 385 for price category: 100 - 150 Juta
[2024-08-26T00:29:26.724+0700] {logging_mixin.py:188} INFO - Sleeping for 2.91 seconds...
[2024-08-26T00:29:29.639+0700] {logging_mixin.py:188} INFO - Fetching page 4 of 385 for price category: 100 - 150 Juta
[2024-08-26T00:29:30.879+0700] {logging_mixin.py:188} INFO - Sleeping for 1.84 seconds...
[2024-08-26T00:29:32.725+0700] {logging_mixin.py:188} INFO - Fetching page 5 of 385 for price category: 100 - 150 Juta
[2024-08-26T00:29:33.958+0700] {logging_mixin.py:188} INFO - Sleeping for 1.72 seconds...
[2024-08-26T00:29:35.684+0700] {logging_mixin.py:188} INFO - Fetching page 6 of 385 for price category: 100 - 150 Juta
[2024-08-26T00:29:36.867+0700] {logging_mixin.py:188} INFO - Sleeping for 2.45 seconds...
[2024-08-26T00:29:39.320+0700] {logging_mixin.py:188} INFO - Fetching page 7 of 385 for price category: 100 - 150 Juta
[2024-08-26T00:29:40.751+0700] {logging_mixin.py:188} INFO - Sleeping for 1.98 seconds...
[2024-08-26T00:29:42.735+0700] {logging_mixin.py:188} INFO - Fetching page 8 of 385 for price category: 100 - 150 Juta
[2024-08-26T00:29:43.981+0700] {logging_mixin.py:188} INFO - Sleeping for 2.50 seconds...
[2024-08-26T00:29:46.481+0700] {logging_mixin.py:188} INFO - Fetching page 9 of 385 for price category: 100 - 150 Juta
[2024-08-26T00:29:47.434+0700] {logging_mixin.py:188} INFO - Sleeping for 2.92 seconds...
[2024-08-26T00:29:50.355+0700] {logging_mixin.py:188} INFO - Fetching page 10 of 385 for price category: 100 - 150 Juta
[2024-08-26T00:29:51.581+0700] {logging_mixin.py:188} INFO - Sleeping for 1.86 seconds...
[2024-08-26T00:29:53.442+0700] {logging_mixin.py:188} INFO - Fetching page 11 of 385 for price category: 100 - 150 Juta
[2024-08-26T00:29:54.752+0700] {logging_mixin.py:188} INFO - Sleeping for 1.63 seconds...
[2024-08-26T00:29:56.380+0700] {logging_mixin.py:188} INFO - Fetching page 12 of 385 for price category: 100 - 150 Juta
[2024-08-26T00:29:57.571+0700] {logging_mixin.py:188} INFO - Sleeping for 2.11 seconds...
[2024-08-26T00:29:59.683+0700] {logging_mixin.py:188} INFO - Fetching page 13 of 385 for price category: 100 - 150 Juta
[2024-08-26T00:30:00.856+0700] {logging_mixin.py:188} INFO - Sleeping for 2.25 seconds...
[2024-08-26T00:30:03.104+0700] {logging_mixin.py:188} INFO - Fetching page 14 of 385 for price category: 100 - 150 Juta
[2024-08-26T00:30:04.526+0700] {logging_mixin.py:188} INFO - Sleeping for 2.35 seconds...
[2024-08-26T00:30:06.877+0700] {logging_mixin.py:188} INFO - Fetching page 15 of 385 for price category: 100 - 150 Juta
[2024-08-26T00:30:07.987+0700] {logging_mixin.py:188} INFO - Sleeping for 1.89 seconds...
[2024-08-26T00:30:09.883+0700] {logging_mixin.py:188} INFO - Fetching page 16 of 385 for price category: 100 - 150 Juta
[2024-08-26T00:30:10.832+0700] {logging_mixin.py:188} INFO - Sleeping for 1.97 seconds...
[2024-08-26T00:30:12.805+0700] {logging_mixin.py:188} INFO - Fetching page 17 of 385 for price category: 100 - 150 Juta
[2024-08-26T00:30:13.985+0700] {logging_mixin.py:188} INFO - Sleeping for 2.30 seconds...
[2024-08-26T00:30:16.288+0700] {logging_mixin.py:188} INFO - Fetching page 18 of 385 for price category: 100 - 150 Juta
[2024-08-26T00:30:17.344+0700] {logging_mixin.py:188} INFO - Sleeping for 2.88 seconds...
[2024-08-26T00:30:20.231+0700] {logging_mixin.py:188} INFO - Fetching page 19 of 385 for price category: 100 - 150 Juta
[2024-08-26T00:30:21.453+0700] {logging_mixin.py:188} INFO - Sleeping for 1.85 seconds...
[2024-08-26T00:30:23.310+0700] {logging_mixin.py:188} INFO - Fetching page 20 of 385 for price category: 100 - 150 Juta
[2024-08-26T00:30:24.548+0700] {logging_mixin.py:188} INFO - Sleeping for 2.36 seconds...
[2024-08-26T00:30:26.909+0700] {logging_mixin.py:188} INFO - Fetching page 21 of 385 for price category: 100 - 150 Juta
[2024-08-26T00:30:28.148+0700] {logging_mixin.py:188} INFO - Sleeping for 2.09 seconds...
[2024-08-26T00:30:30.245+0700] {logging_mixin.py:188} INFO - Fetching page 22 of 385 for price category: 100 - 150 Juta
[2024-08-26T00:30:31.554+0700] {logging_mixin.py:188} INFO - Sleeping for 1.73 seconds...
[2024-08-26T00:30:33.283+0700] {logging_mixin.py:188} INFO - Fetching page 23 of 385 for price category: 100 - 150 Juta
[2024-08-26T00:30:34.395+0700] {logging_mixin.py:188} INFO - Sleeping for 1.80 seconds...
[2024-08-26T00:30:36.196+0700] {logging_mixin.py:188} INFO - Fetching page 24 of 385 for price category: 100 - 150 Juta
[2024-08-26T00:30:37.438+0700] {logging_mixin.py:188} INFO - Sleeping for 1.71 seconds...
[2024-08-26T00:30:39.152+0700] {logging_mixin.py:188} INFO - Fetching page 25 of 385 for price category: 100 - 150 Juta
[2024-08-26T00:30:40.202+0700] {logging_mixin.py:188} INFO - Sleeping for 1.63 seconds...
[2024-08-26T00:30:41.830+0700] {logging_mixin.py:188} INFO - Fetching page 26 of 385 for price category: 100 - 150 Juta
[2024-08-26T00:30:43.186+0700] {logging_mixin.py:188} INFO - Sleeping for 2.90 seconds...
[2024-08-26T00:30:46.088+0700] {logging_mixin.py:188} INFO - Fetching page 27 of 385 for price category: 100 - 150 Juta
[2024-08-26T00:30:47.284+0700] {logging_mixin.py:188} INFO - Sleeping for 2.20 seconds...
[2024-08-26T00:30:49.491+0700] {logging_mixin.py:188} INFO - Fetching page 28 of 385 for price category: 100 - 150 Juta
[2024-08-26T00:30:50.692+0700] {logging_mixin.py:188} INFO - Sleeping for 1.89 seconds...
[2024-08-26T00:30:52.587+0700] {logging_mixin.py:188} INFO - Fetching page 29 of 385 for price category: 100 - 150 Juta
[2024-08-26T00:30:53.778+0700] {logging_mixin.py:188} INFO - Sleeping for 1.89 seconds...
[2024-08-26T00:30:55.671+0700] {logging_mixin.py:188} INFO - Fetching page 30 of 385 for price category: 100 - 150 Juta
[2024-08-26T00:30:56.791+0700] {logging_mixin.py:188} INFO - Sleeping for 2.71 seconds...
[2024-08-26T00:30:59.510+0700] {logging_mixin.py:188} INFO - Fetching page 31 of 385 for price category: 100 - 150 Juta
[2024-08-26T00:31:00.649+0700] {logging_mixin.py:188} INFO - Sleeping for 2.79 seconds...
[2024-08-26T00:31:03.440+0700] {logging_mixin.py:188} INFO - Fetching page 32 of 385 for price category: 100 - 150 Juta
[2024-08-26T00:31:04.589+0700] {logging_mixin.py:188} INFO - Sleeping for 2.84 seconds...
[2024-08-26T00:31:07.436+0700] {logging_mixin.py:188} INFO - Fetching page 33 of 385 for price category: 100 - 150 Juta
[2024-08-26T00:31:08.608+0700] {logging_mixin.py:188} INFO - Sleeping for 2.66 seconds...
[2024-08-26T00:31:11.268+0700] {logging_mixin.py:188} INFO - Fetching page 34 of 385 for price category: 100 - 150 Juta
[2024-08-26T00:31:12.349+0700] {logging_mixin.py:188} INFO - Sleeping for 2.93 seconds...
[2024-08-26T00:31:15.283+0700] {logging_mixin.py:188} INFO - Fetching page 35 of 385 for price category: 100 - 150 Juta
[2024-08-26T00:31:16.822+0700] {logging_mixin.py:188} INFO - Sleeping for 2.30 seconds...
[2024-08-26T00:31:19.129+0700] {logging_mixin.py:188} INFO - Fetching page 36 of 385 for price category: 100 - 150 Juta
[2024-08-26T00:31:20.490+0700] {logging_mixin.py:188} INFO - Sleeping for 2.01 seconds...
[2024-08-26T00:31:22.508+0700] {logging_mixin.py:188} INFO - Fetching page 37 of 385 for price category: 100 - 150 Juta
[2024-08-26T00:31:23.744+0700] {logging_mixin.py:188} INFO - Sleeping for 2.14 seconds...
[2024-08-26T00:31:25.885+0700] {logging_mixin.py:188} INFO - Fetching page 38 of 385 for price category: 100 - 150 Juta
[2024-08-26T00:31:27.090+0700] {logging_mixin.py:188} INFO - Sleeping for 1.89 seconds...
[2024-08-26T00:31:28.983+0700] {logging_mixin.py:188} INFO - Fetching page 39 of 385 for price category: 100 - 150 Juta
[2024-08-26T00:31:30.014+0700] {logging_mixin.py:188} INFO - Sleeping for 2.16 seconds...
[2024-08-26T00:31:32.173+0700] {logging_mixin.py:188} INFO - Fetching page 40 of 385 for price category: 100 - 150 Juta
[2024-08-26T00:31:33.388+0700] {logging_mixin.py:188} INFO - Sleeping for 1.84 seconds...
[2024-08-26T00:31:35.232+0700] {logging_mixin.py:188} INFO - Fetching page 41 of 385 for price category: 100 - 150 Juta
[2024-08-26T00:31:36.379+0700] {logging_mixin.py:188} INFO - Sleeping for 2.51 seconds...
[2024-08-26T00:31:38.895+0700] {logging_mixin.py:188} INFO - Fetching page 42 of 385 for price category: 100 - 150 Juta
[2024-08-26T00:31:40.201+0700] {logging_mixin.py:188} INFO - Sleeping for 1.94 seconds...
[2024-08-26T00:31:42.149+0700] {logging_mixin.py:188} INFO - Fetching page 43 of 385 for price category: 100 - 150 Juta
[2024-08-26T00:31:43.713+0700] {logging_mixin.py:188} INFO - Sleeping for 2.94 seconds...
[2024-08-26T00:31:46.661+0700] {logging_mixin.py:188} INFO - Fetching page 44 of 385 for price category: 100 - 150 Juta
[2024-08-26T00:31:47.783+0700] {logging_mixin.py:188} INFO - Sleeping for 2.63 seconds...
[2024-08-26T00:31:50.415+0700] {logging_mixin.py:188} INFO - Fetching page 45 of 385 for price category: 100 - 150 Juta
[2024-08-26T00:31:51.732+0700] {logging_mixin.py:188} INFO - Sleeping for 2.05 seconds...
[2024-08-26T00:31:53.786+0700] {logging_mixin.py:188} INFO - Fetching page 46 of 385 for price category: 100 - 150 Juta
[2024-08-26T00:31:54.919+0700] {logging_mixin.py:188} INFO - Sleeping for 1.66 seconds...
[2024-08-26T00:31:56.579+0700] {logging_mixin.py:188} INFO - Fetching page 47 of 385 for price category: 100 - 150 Juta
[2024-08-26T00:31:57.665+0700] {logging_mixin.py:188} INFO - Sleeping for 2.08 seconds...
[2024-08-26T00:31:59.746+0700] {logging_mixin.py:188} INFO - Fetching page 48 of 385 for price category: 100 - 150 Juta
[2024-08-26T00:32:01.261+0700] {logging_mixin.py:188} INFO - Sleeping for 2.23 seconds...
[2024-08-26T00:32:03.496+0700] {logging_mixin.py:188} INFO - Fetching page 49 of 385 for price category: 100 - 150 Juta
[2024-08-26T00:32:04.639+0700] {logging_mixin.py:188} INFO - Sleeping for 1.57 seconds...
[2024-08-26T00:32:06.211+0700] {logging_mixin.py:188} INFO - Fetching page 50 of 385 for price category: 100 - 150 Juta
[2024-08-26T00:32:07.412+0700] {logging_mixin.py:188} INFO - Sleeping for 1.96 seconds...
[2024-08-26T00:32:09.370+0700] {logging_mixin.py:188} INFO - Fetching page 51 of 385 for price category: 100 - 150 Juta
[2024-08-26T00:32:10.411+0700] {logging_mixin.py:188} INFO - Sleeping for 2.96 seconds...
[2024-08-26T00:32:13.373+0700] {logging_mixin.py:188} INFO - Fetching page 52 of 385 for price category: 100 - 150 Juta
[2024-08-26T00:32:14.592+0700] {logging_mixin.py:188} INFO - Sleeping for 1.91 seconds...
[2024-08-26T00:32:16.501+0700] {logging_mixin.py:188} INFO - Fetching page 53 of 385 for price category: 100 - 150 Juta
[2024-08-26T00:32:17.542+0700] {logging_mixin.py:188} INFO - Sleeping for 2.70 seconds...
[2024-08-26T00:32:20.248+0700] {logging_mixin.py:188} INFO - Fetching page 54 of 385 for price category: 100 - 150 Juta
[2024-08-26T00:32:21.465+0700] {logging_mixin.py:188} INFO - Sleeping for 2.36 seconds...
[2024-08-26T00:32:23.828+0700] {logging_mixin.py:188} INFO - Fetching page 55 of 385 for price category: 100 - 150 Juta
[2024-08-26T00:32:25.162+0700] {logging_mixin.py:188} INFO - Sleeping for 1.73 seconds...
[2024-08-26T00:32:26.893+0700] {logging_mixin.py:188} INFO - Fetching page 56 of 385 for price category: 100 - 150 Juta
[2024-08-26T00:32:28.104+0700] {logging_mixin.py:188} INFO - Sleeping for 1.53 seconds...
[2024-08-26T00:32:29.631+0700] {logging_mixin.py:188} INFO - Fetching page 57 of 385 for price category: 100 - 150 Juta
[2024-08-26T00:32:31.012+0700] {logging_mixin.py:188} INFO - Sleeping for 2.99 seconds...
[2024-08-26T00:32:34.002+0700] {logging_mixin.py:188} INFO - Fetching page 58 of 385 for price category: 100 - 150 Juta
[2024-08-26T00:32:35.098+0700] {logging_mixin.py:188} INFO - Sleeping for 1.77 seconds...
[2024-08-26T00:32:36.869+0700] {logging_mixin.py:188} INFO - Fetching page 59 of 385 for price category: 100 - 150 Juta
[2024-08-26T00:32:38.018+0700] {logging_mixin.py:188} INFO - Sleeping for 2.53 seconds...
[2024-08-26T00:32:40.553+0700] {logging_mixin.py:188} INFO - Fetching page 60 of 385 for price category: 100 - 150 Juta
[2024-08-26T00:32:41.804+0700] {logging_mixin.py:188} INFO - Sleeping for 2.84 seconds...
[2024-08-26T00:32:44.649+0700] {logging_mixin.py:188} INFO - Fetching page 61 of 385 for price category: 100 - 150 Juta
[2024-08-26T00:32:45.939+0700] {logging_mixin.py:188} INFO - Sleeping for 2.54 seconds...
[2024-08-26T00:32:48.478+0700] {logging_mixin.py:188} INFO - Fetching page 62 of 385 for price category: 100 - 150 Juta
[2024-08-26T00:32:49.714+0700] {logging_mixin.py:188} INFO - Sleeping for 2.23 seconds...
[2024-08-26T00:32:51.948+0700] {logging_mixin.py:188} INFO - Fetching page 63 of 385 for price category: 100 - 150 Juta
[2024-08-26T00:32:53.036+0700] {logging_mixin.py:188} INFO - Sleeping for 2.19 seconds...
[2024-08-26T00:32:55.230+0700] {logging_mixin.py:188} INFO - Fetching page 64 of 385 for price category: 100 - 150 Juta
[2024-08-26T00:32:56.347+0700] {logging_mixin.py:188} INFO - Sleeping for 1.67 seconds...
[2024-08-26T00:32:58.017+0700] {logging_mixin.py:188} INFO - Fetching page 65 of 385 for price category: 100 - 150 Juta
[2024-08-26T00:32:59.049+0700] {logging_mixin.py:188} INFO - Sleeping for 2.02 seconds...
[2024-08-26T00:33:01.068+0700] {logging_mixin.py:188} INFO - Fetching page 66 of 385 for price category: 100 - 150 Juta
[2024-08-26T00:33:02.260+0700] {logging_mixin.py:188} INFO - Sleeping for 1.59 seconds...
[2024-08-26T00:33:03.855+0700] {logging_mixin.py:188} INFO - Fetching page 67 of 385 for price category: 100 - 150 Juta
[2024-08-26T00:33:05.056+0700] {logging_mixin.py:188} INFO - Sleeping for 1.94 seconds...
[2024-08-26T00:33:07.002+0700] {logging_mixin.py:188} INFO - Fetching page 68 of 385 for price category: 100 - 150 Juta
[2024-08-26T00:33:08.055+0700] {logging_mixin.py:188} INFO - Sleeping for 1.65 seconds...
[2024-08-26T00:33:09.707+0700] {logging_mixin.py:188} INFO - Fetching page 69 of 385 for price category: 100 - 150 Juta
[2024-08-26T00:33:10.888+0700] {logging_mixin.py:188} INFO - Sleeping for 1.96 seconds...
[2024-08-26T00:33:12.853+0700] {logging_mixin.py:188} INFO - Fetching page 70 of 385 for price category: 100 - 150 Juta
[2024-08-26T00:33:14.222+0700] {logging_mixin.py:188} INFO - Sleeping for 2.94 seconds...
[2024-08-26T00:33:17.165+0700] {logging_mixin.py:188} INFO - Fetching page 71 of 385 for price category: 100 - 150 Juta
[2024-08-26T00:33:18.359+0700] {logging_mixin.py:188} INFO - Sleeping for 2.60 seconds...
[2024-08-26T00:33:20.962+0700] {logging_mixin.py:188} INFO - Fetching page 72 of 385 for price category: 100 - 150 Juta
[2024-08-26T00:33:22.175+0700] {logging_mixin.py:188} INFO - Sleeping for 1.81 seconds...
[2024-08-26T00:33:23.991+0700] {logging_mixin.py:188} INFO - Fetching page 73 of 385 for price category: 100 - 150 Juta
[2024-08-26T00:33:25.287+0700] {logging_mixin.py:188} INFO - Sleeping for 2.64 seconds...
[2024-08-26T00:33:27.932+0700] {logging_mixin.py:188} INFO - Fetching page 74 of 385 for price category: 100 - 150 Juta
[2024-08-26T00:33:29.234+0700] {logging_mixin.py:188} INFO - Sleeping for 1.77 seconds...
[2024-08-26T00:33:31.009+0700] {logging_mixin.py:188} INFO - Fetching page 75 of 385 for price category: 100 - 150 Juta
[2024-08-26T00:33:32.081+0700] {logging_mixin.py:188} INFO - Sleeping for 2.18 seconds...
[2024-08-26T00:33:34.267+0700] {logging_mixin.py:188} INFO - Fetching page 76 of 385 for price category: 100 - 150 Juta
[2024-08-26T00:33:35.480+0700] {logging_mixin.py:188} INFO - Sleeping for 2.24 seconds...
[2024-08-26T00:33:37.726+0700] {logging_mixin.py:188} INFO - Fetching page 77 of 385 for price category: 100 - 150 Juta
[2024-08-26T00:33:38.913+0700] {logging_mixin.py:188} INFO - Sleeping for 2.03 seconds...
[2024-08-26T00:33:40.942+0700] {logging_mixin.py:188} INFO - Fetching page 78 of 385 for price category: 100 - 150 Juta
[2024-08-26T00:33:42.121+0700] {logging_mixin.py:188} INFO - Sleeping for 2.98 seconds...
[2024-08-26T00:33:45.107+0700] {logging_mixin.py:188} INFO - Fetching page 79 of 385 for price category: 100 - 150 Juta
[2024-08-26T00:33:46.173+0700] {logging_mixin.py:188} INFO - Sleeping for 2.10 seconds...
[2024-08-26T00:33:48.271+0700] {logging_mixin.py:188} INFO - Fetching page 80 of 385 for price category: 100 - 150 Juta
[2024-08-26T00:33:49.429+0700] {logging_mixin.py:188} INFO - Sleeping for 1.71 seconds...
[2024-08-26T00:33:51.143+0700] {logging_mixin.py:188} INFO - Fetching page 81 of 385 for price category: 100 - 150 Juta
[2024-08-26T00:33:52.287+0700] {logging_mixin.py:188} INFO - Sleeping for 1.68 seconds...
[2024-08-26T00:33:53.965+0700] {logging_mixin.py:188} INFO - Fetching page 82 of 385 for price category: 100 - 150 Juta
[2024-08-26T00:33:55.106+0700] {logging_mixin.py:188} INFO - Sleeping for 1.57 seconds...
[2024-08-26T00:33:56.674+0700] {logging_mixin.py:188} INFO - Fetching page 83 of 385 for price category: 100 - 150 Juta
[2024-08-26T00:33:58.089+0700] {logging_mixin.py:188} INFO - Sleeping for 1.97 seconds...
[2024-08-26T00:34:00.065+0700] {logging_mixin.py:188} INFO - Fetching page 84 of 385 for price category: 100 - 150 Juta
[2024-08-26T00:34:01.146+0700] {logging_mixin.py:188} INFO - Sleeping for 2.94 seconds...
[2024-08-26T00:34:04.085+0700] {logging_mixin.py:188} INFO - Fetching page 85 of 385 for price category: 100 - 150 Juta
[2024-08-26T00:34:05.342+0700] {logging_mixin.py:188} INFO - Sleeping for 1.97 seconds...
[2024-08-26T00:34:07.310+0700] {logging_mixin.py:188} INFO - Fetching page 86 of 385 for price category: 100 - 150 Juta
[2024-08-26T00:34:08.420+0700] {logging_mixin.py:188} INFO - Sleeping for 2.21 seconds...
[2024-08-26T00:34:10.633+0700] {logging_mixin.py:188} INFO - Fetching page 87 of 385 for price category: 100 - 150 Juta
[2024-08-26T00:34:11.876+0700] {logging_mixin.py:188} INFO - Sleeping for 2.22 seconds...
[2024-08-26T00:34:14.097+0700] {logging_mixin.py:188} INFO - Fetching page 88 of 385 for price category: 100 - 150 Juta
[2024-08-26T00:34:15.263+0700] {logging_mixin.py:188} INFO - Sleeping for 2.65 seconds...
[2024-08-26T00:34:17.917+0700] {logging_mixin.py:188} INFO - Fetching page 89 of 385 for price category: 100 - 150 Juta
[2024-08-26T00:34:19.003+0700] {logging_mixin.py:188} INFO - Sleeping for 1.81 seconds...
[2024-08-26T00:34:19.118+0700] {local_task_job_runner.py:313} WARNING - State of this instance has been externally set to failed. Terminating instance.
[2024-08-26T00:34:19.119+0700] {local_task_job_runner.py:222} INFO - ::endgroup::
[2024-08-26T00:34:19.122+0700] {process_utils.py:132} INFO - Sending 15 to group 17513. PIDs of all processes in the group: [17513]
[2024-08-26T00:34:19.122+0700] {process_utils.py:87} INFO - Sending the signal 15 to group 17513
[2024-08-26T00:34:19.123+0700] {taskinstance.py:2611} ERROR - Received SIGTERM. Terminating subprocesses.
[2024-08-26T00:34:19.123+0700] {taskinstance.py:441} INFO - ::group::Post task execution logs
[2024-08-26T00:34:19.175+0700] {process_utils.py:80} INFO - Process psutil.Process(pid=17513, status='terminated', exitcode=0, started='00:22:16') (17513) terminated with exit code 0
