[2024-08-26T00:17:51.676+0700] {local_task_job_runner.py:120} INFO - ::group::Pre task execution logs
[2024-08-26T00:17:51.831+0700] {taskinstance.py:2076} INFO - Dependencies all met for dep_context=non-requeueable deps ti=<TaskInstance: scrap_mobil123.scrape_mobil123 scheduled__2024-08-01T00:00:00+00:00 [queued]>
[2024-08-26T00:17:51.842+0700] {taskinstance.py:2076} INFO - Dependencies all met for dep_context=requeueable deps ti=<TaskInstance: scrap_mobil123.scrape_mobil123 scheduled__2024-08-01T00:00:00+00:00 [queued]>
[2024-08-26T00:17:51.843+0700] {taskinstance.py:2306} INFO - Starting attempt 1 of 2
[2024-08-26T00:17:51.865+0700] {taskinstance.py:2330} INFO - Executing <Task(PythonOperator): scrape_mobil123> on 2024-08-01 00:00:00+00:00
[2024-08-26T00:17:51.871+0700] {standard_task_runner.py:64} INFO - Started process 15331 to run task
[2024-08-26T00:17:51.876+0700] {standard_task_runner.py:90} INFO - Running: ['***', 'tasks', 'run', 'scrap_mobil123', 'scrape_mobil123', 'scheduled__2024-08-01T00:00:00+00:00', '--job-id', '98', '--raw', '--subdir', 'DAGS_FOLDER/mobil123/scrap_mobil123.py', '--cfg-path', '/tmp/tmpwp4mtb_o']
[2024-08-26T00:17:51.878+0700] {standard_task_runner.py:91} INFO - Job 98: Subtask scrape_mobil123
[2024-08-26T00:17:51.979+0700] {task_command.py:426} INFO - Running <TaskInstance: scrap_mobil123.scrape_mobil123 scheduled__2024-08-01T00:00:00+00:00 [running]> on host BrightHorizons.
[2024-08-26T00:17:52.264+0700] {taskinstance.py:2648} INFO - Exporting env vars: AIRFLOW_CTX_DAG_OWNER='***' AIRFLOW_CTX_DAG_ID='scrap_mobil123' AIRFLOW_CTX_TASK_ID='scrape_mobil123' AIRFLOW_CTX_EXECUTION_DATE='2024-08-01T00:00:00+00:00' AIRFLOW_CTX_TRY_NUMBER='1' AIRFLOW_CTX_DAG_RUN_ID='scheduled__2024-08-01T00:00:00+00:00'
[2024-08-26T00:17:52.266+0700] {taskinstance.py:430} INFO - ::endgroup::
[2024-08-26T00:17:54.252+0700] {logging_mixin.py:188} INFO - Fetching page 1 of 2 for price category: dibawah 30 Juta
[2024-08-26T00:17:55.830+0700] {logging_mixin.py:188} INFO - Sleeping for 2.73 seconds...
[2024-08-26T00:17:58.563+0700] {logging_mixin.py:188} INFO - Fetching page 2 of 2 for price category: dibawah 30 Juta
[2024-08-26T00:17:59.677+0700] {logging_mixin.py:188} INFO - Sleeping for 2.74 seconds...
[2024-08-26T00:18:02.422+0700] {logging_mixin.py:188} INFO - Data for price category dibawah 30 Juta written to /home/miracle/mobil/scrape/output/mobil123/2024-08-26/mobil123_dibawah 30 Juta_2024-08-26.csv
[2024-08-26T00:18:03.849+0700] {logging_mixin.py:188} INFO - Fetching page 1 of 3 for price category: dibawah 40 Juta
[2024-08-26T00:18:05.030+0700] {logging_mixin.py:188} INFO - Sleeping for 2.76 seconds...
[2024-08-26T00:18:07.789+0700] {logging_mixin.py:188} INFO - Fetching page 2 of 3 for price category: dibawah 40 Juta
[2024-08-26T00:18:08.980+0700] {logging_mixin.py:188} INFO - Sleeping for 2.27 seconds...
[2024-08-26T00:18:11.250+0700] {logging_mixin.py:188} INFO - Fetching page 3 of 3 for price category: dibawah 40 Juta
[2024-08-26T00:18:12.204+0700] {logging_mixin.py:188} INFO - Sleeping for 1.73 seconds...
[2024-08-26T00:18:13.936+0700] {logging_mixin.py:188} INFO - Data for price category dibawah 40 Juta written to /home/miracle/mobil/scrape/output/mobil123/2024-08-26/mobil123_dibawah 40 Juta_2024-08-26.csv
[2024-08-26T00:18:15.063+0700] {logging_mixin.py:188} INFO - Fetching page 1 of 5 for price category: dibawah 50 Juta
[2024-08-26T00:18:16.495+0700] {logging_mixin.py:188} INFO - Sleeping for 1.82 seconds...
[2024-08-26T00:18:18.316+0700] {logging_mixin.py:188} INFO - Fetching page 2 of 5 for price category: dibawah 50 Juta
[2024-08-26T00:18:19.162+0700] {logging_mixin.py:188} INFO - Sleeping for 2.81 seconds...
[2024-08-26T00:18:21.975+0700] {logging_mixin.py:188} INFO - Fetching page 3 of 5 for price category: dibawah 50 Juta
[2024-08-26T00:18:25.082+0700] {logging_mixin.py:188} INFO - Sleeping for 2.17 seconds...
[2024-08-26T00:18:27.257+0700] {logging_mixin.py:188} INFO - Fetching page 4 of 5 for price category: dibawah 50 Juta
[2024-08-26T00:18:28.943+0700] {logging_mixin.py:188} INFO - Sleeping for 2.23 seconds...
[2024-08-26T00:18:31.178+0700] {logging_mixin.py:188} INFO - Fetching page 5 of 5 for price category: dibawah 50 Juta
[2024-08-26T00:18:32.151+0700] {logging_mixin.py:188} INFO - Sleeping for 2.72 seconds...
[2024-08-26T00:18:34.875+0700] {logging_mixin.py:188} INFO - Data for price category dibawah 50 Juta written to /home/miracle/mobil/scrape/output/mobil123/2024-08-26/mobil123_dibawah 50 Juta_2024-08-26.csv
[2024-08-26T00:18:37.615+0700] {logging_mixin.py:188} INFO - Fetching page 1 of 5 for price category: dibawah 60 Juta
[2024-08-26T00:18:38.926+0700] {logging_mixin.py:188} INFO - Sleeping for 2.40 seconds...
[2024-08-26T00:18:41.329+0700] {logging_mixin.py:188} INFO - Fetching page 2 of 5 for price category: dibawah 60 Juta
[2024-08-26T00:18:42.201+0700] {logging_mixin.py:188} INFO - Sleeping for 2.74 seconds...
[2024-08-26T00:18:44.944+0700] {logging_mixin.py:188} INFO - Fetching page 3 of 5 for price category: dibawah 60 Juta
[2024-08-26T00:18:45.990+0700] {logging_mixin.py:188} INFO - Sleeping for 1.76 seconds...
[2024-08-26T00:18:47.456+0700] {local_task_job_runner.py:313} WARNING - State of this instance has been externally set to success. Terminating instance.
[2024-08-26T00:18:47.456+0700] {local_task_job_runner.py:222} INFO - ::endgroup::
[2024-08-26T00:18:47.459+0700] {process_utils.py:132} INFO - Sending 15 to group 15331. PIDs of all processes in the group: [15331]
[2024-08-26T00:18:47.459+0700] {process_utils.py:87} INFO - Sending the signal 15 to group 15331
[2024-08-26T00:18:47.460+0700] {taskinstance.py:2611} ERROR - Received SIGTERM. Terminating subprocesses.
[2024-08-26T00:18:47.460+0700] {taskinstance.py:441} INFO - ::group::Post task execution logs
[2024-08-26T00:18:47.512+0700] {process_utils.py:80} INFO - Process psutil.Process(pid=15331, status='terminated', exitcode=0, started='00:17:51') (15331) terminated with exit code 0
