[2024-08-31T20:25:38.634+0700] {local_task_job_runner.py:120} INFO - ::group::Pre task execution logs
[2024-08-31T20:25:38.807+0700] {taskinstance.py:2076} INFO - Dependencies all met for dep_context=non-requeueable deps ti=<TaskInstance: scrap_carmudi.scrape_carmudi scheduled__2024-08-26T00:00:00+00:00 [queued]>
[2024-08-31T20:25:38.819+0700] {taskinstance.py:2076} INFO - Dependencies all met for dep_context=requeueable deps ti=<TaskInstance: scrap_carmudi.scrape_carmudi scheduled__2024-08-26T00:00:00+00:00 [queued]>
[2024-08-31T20:25:38.820+0700] {taskinstance.py:2306} INFO - Starting attempt 1 of 2
[2024-08-31T20:25:38.875+0700] {taskinstance.py:2330} INFO - Executing <Task(PythonOperator): scrape_carmudi> on 2024-08-26 00:00:00+00:00
[2024-08-31T20:25:38.882+0700] {standard_task_runner.py:64} INFO - Started process 31357 to run task
[2024-08-31T20:25:38.886+0700] {standard_task_runner.py:90} INFO - Running: ['***', 'tasks', 'run', 'scrap_carmudi', 'scrape_carmudi', 'scheduled__2024-08-26T00:00:00+00:00', '--job-id', '154', '--raw', '--subdir', 'DAGS_FOLDER/carmudi/scrape_carmudi.py', '--cfg-path', '/tmp/tmp0tib1lp_']
[2024-08-31T20:25:38.890+0700] {standard_task_runner.py:91} INFO - Job 154: Subtask scrape_carmudi
[2024-08-31T20:25:38.987+0700] {task_command.py:426} INFO - Running <TaskInstance: scrap_carmudi.scrape_carmudi scheduled__2024-08-26T00:00:00+00:00 [running]> on host BrightHorizons.
[2024-08-31T20:25:39.120+0700] {taskinstance.py:2648} INFO - Exporting env vars: AIRFLOW_CTX_DAG_OWNER='***' AIRFLOW_CTX_DAG_ID='scrap_carmudi' AIRFLOW_CTX_TASK_ID='scrape_carmudi' AIRFLOW_CTX_EXECUTION_DATE='2024-08-26T00:00:00+00:00' AIRFLOW_CTX_TRY_NUMBER='1' AIRFLOW_CTX_DAG_RUN_ID='scheduled__2024-08-26T00:00:00+00:00'
[2024-08-31T20:25:39.123+0700] {taskinstance.py:430} INFO - ::endgroup::
[2024-08-31T20:25:40.886+0700] {logging_mixin.py:188} INFO - Fetching page 1 of 1 for price category: dibawah 30 Juta
[2024-08-31T20:25:41.472+0700] {logging_mixin.py:188} INFO - Fetching page 1 of 2 for price category: dibawah 50 Juta
[2024-08-31T20:25:42.247+0700] {logging_mixin.py:188} INFO - Fetching page 1 of 2 for price category: dibawah 40 Juta
[2024-08-31T20:25:42.365+0700] {logging_mixin.py:188} INFO - Fetching page 1 of 3 for price category: dibawah 60 Juta
[2024-08-31T20:25:42.995+0700] {logging_mixin.py:188} INFO - Sleeping for 2.87 seconds...
[2024-08-31T20:25:43.498+0700] {logging_mixin.py:188} INFO - Sleeping for 1.56 seconds...
[2024-08-31T20:25:44.113+0700] {logging_mixin.py:188} INFO - Sleeping for 2.17 seconds...
[2024-08-31T20:25:44.123+0700] {logging_mixin.py:188} INFO - Sleeping for 2.58 seconds...
[2024-08-31T20:25:45.060+0700] {logging_mixin.py:188} INFO - Fetching page 2 of 2 for price category: dibawah 50 Juta
[2024-08-31T20:25:45.867+0700] {logging_mixin.py:188} INFO - Data for price category dibawah 30 Juta written to /home/miracle/mobil/scrape/output/carmudi/2024-08-31/carmudi_dibawah 30 Juta_2024-08-31.csv
[2024-08-31T20:25:46.236+0700] {logging_mixin.py:188} INFO - Sleeping for 1.63 seconds...
[2024-08-31T20:25:46.288+0700] {logging_mixin.py:188} INFO - Fetching page 2 of 3 for price category: dibawah 60 Juta
[2024-08-31T20:25:46.703+0700] {logging_mixin.py:188} INFO - Fetching page 2 of 2 for price category: dibawah 40 Juta
[2024-08-31T20:25:47.440+0700] {logging_mixin.py:188} INFO - Fetching page 1 of 4 for price category: dibawah 70 Juta
[2024-08-31T20:25:47.925+0700] {logging_mixin.py:188} INFO - Data for price category dibawah 50 Juta written to /home/miracle/mobil/scrape/output/carmudi/2024-08-31/carmudi_dibawah 50 Juta_2024-08-31.csv
[2024-08-31T20:25:47.976+0700] {logging_mixin.py:188} INFO - Sleeping for 2.66 seconds...
[2024-08-31T20:25:48.276+0700] {logging_mixin.py:188} INFO - Sleeping for 1.62 seconds...
[2024-08-31T20:25:49.901+0700] {logging_mixin.py:188} INFO - Data for price category dibawah 40 Juta written to /home/miracle/mobil/scrape/output/carmudi/2024-08-31/carmudi_dibawah 40 Juta_2024-08-31.csv
[2024-08-31T20:25:50.237+0700] {logging_mixin.py:188} INFO - Sleeping for 2.90 seconds...
[2024-08-31T20:25:50.644+0700] {logging_mixin.py:188} INFO - Fetching page 3 of 3 for price category: dibawah 60 Juta
[2024-08-31T20:25:51.285+0700] {logging_mixin.py:188} INFO - Fetching page 1 of 5 for price category: dibawah 80 Juta
[2024-08-31T20:25:52.119+0700] {logging_mixin.py:188} INFO - Sleeping for 2.66 seconds...
[2024-08-31T20:25:53.140+0700] {logging_mixin.py:188} INFO - Fetching page 2 of 4 for price category: dibawah 70 Juta
[2024-08-31T20:25:53.502+0700] {logging_mixin.py:188} INFO - Fetching page 1 of 9 for price category: dibawah 90 Juta
[2024-08-31T20:25:54.115+0700] {logging_mixin.py:188} INFO - Sleeping for 2.45 seconds...
[2024-08-31T20:25:54.782+0700] {logging_mixin.py:188} INFO - Data for price category dibawah 60 Juta written to /home/miracle/mobil/scrape/output/carmudi/2024-08-31/carmudi_dibawah 60 Juta_2024-08-31.csv
[2024-08-31T20:25:56.567+0700] {logging_mixin.py:188} INFO - Fetching page 2 of 5 for price category: dibawah 80 Juta
[2024-08-31T20:25:57.284+0700] {logging_mixin.py:188} INFO - Sleeping for 1.69 seconds...
[2024-08-31T20:25:57.294+0700] {logging_mixin.py:188} INFO - Sleeping for 1.74 seconds...
[2024-08-31T20:25:58.986+0700] {logging_mixin.py:188} INFO - Fetching page 2 of 9 for price category: dibawah 90 Juta
[2024-08-31T20:25:59.213+0700] {logging_mixin.py:188} INFO - Fetching page 3 of 4 for price category: dibawah 70 Juta
[2024-08-31T20:25:59.275+0700] {logging_mixin.py:188} INFO - Sleeping for 1.85 seconds...
[2024-08-31T20:26:00.350+0700] {logging_mixin.py:188} INFO - Sleeping for 1.65 seconds...
[2024-08-31T20:26:00.664+0700] {logging_mixin.py:188} INFO - Sleeping for 2.32 seconds...
[2024-08-31T20:26:01.127+0700] {logging_mixin.py:188} INFO - Fetching page 3 of 5 for price category: dibawah 80 Juta
[2024-08-31T20:26:02.005+0700] {logging_mixin.py:188} INFO - Fetching page 4 of 4 for price category: dibawah 70 Juta
[2024-08-31T20:26:03.074+0700] {logging_mixin.py:188} INFO - Fetching page 3 of 9 for price category: dibawah 90 Juta
[2024-08-31T20:26:03.124+0700] {logging_mixin.py:188} INFO - Sleeping for 2.75 seconds...
[2024-08-31T20:26:03.414+0700] {logging_mixin.py:188} INFO - Sleeping for 2.28 seconds...
[2024-08-31T20:26:04.185+0700] {local_task_job_runner.py:313} WARNING - State of this instance has been externally set to success. Terminating instance.
[2024-08-31T20:26:04.185+0700] {local_task_job_runner.py:222} INFO - ::endgroup::
[2024-08-31T20:26:04.189+0700] {process_utils.py:132} INFO - Sending 15 to group 31357. PIDs of all processes in the group: [31357]
[2024-08-31T20:26:04.189+0700] {process_utils.py:87} INFO - Sending the signal 15 to group 31357
[2024-08-31T20:26:04.189+0700] {taskinstance.py:2611} ERROR - Received SIGTERM. Terminating subprocesses.
[2024-08-31T20:26:04.813+0700] {logging_mixin.py:188} INFO - Sleeping for 1.61 seconds...
[2024-08-31T20:26:05.698+0700] {logging_mixin.py:188} INFO - Data for price category dibawah 70 Juta written to /home/miracle/mobil/scrape/output/carmudi/2024-08-31/carmudi_dibawah 70 Juta_2024-08-31.csv
[2024-08-31T20:26:05.880+0700] {logging_mixin.py:188} INFO - Fetching page 4 of 5 for price category: dibawah 80 Juta
[2024-08-31T20:26:06.430+0700] {logging_mixin.py:188} INFO - Fetching page 4 of 9 for price category: dibawah 90 Juta
[2024-08-31T20:26:09.723+0700] {logging_mixin.py:188} INFO - Sleeping for 2.41 seconds...
[2024-08-31T20:26:09.769+0700] {logging_mixin.py:188} INFO - Sleeping for 1.87 seconds...
[2024-08-31T20:26:11.641+0700] {logging_mixin.py:188} INFO - Fetching page 5 of 9 for price category: dibawah 90 Juta
[2024-08-31T20:26:12.137+0700] {logging_mixin.py:188} INFO - Fetching page 5 of 5 for price category: dibawah 80 Juta
[2024-08-31T20:26:12.905+0700] {logging_mixin.py:188} INFO - Sleeping for 2.85 seconds...
[2024-08-31T20:26:13.755+0700] {logging_mixin.py:188} INFO - Sleeping for 2.70 seconds...
[2024-08-31T20:26:15.758+0700] {logging_mixin.py:188} INFO - Fetching page 6 of 9 for price category: dibawah 90 Juta
[2024-08-31T20:26:16.457+0700] {logging_mixin.py:188} INFO - Data for price category dibawah 80 Juta written to /home/miracle/mobil/scrape/output/carmudi/2024-08-31/carmudi_dibawah 80 Juta_2024-08-31.csv
[2024-08-31T20:26:17.104+0700] {logging_mixin.py:188} INFO - Sleeping for 1.98 seconds...
[2024-08-31T20:26:19.084+0700] {logging_mixin.py:188} INFO - Fetching page 7 of 9 for price category: dibawah 90 Juta
[2024-08-31T20:26:21.545+0700] {logging_mixin.py:188} INFO - Sleeping for 1.71 seconds...
[2024-08-31T20:26:23.255+0700] {logging_mixin.py:188} INFO - Fetching page 8 of 9 for price category: dibawah 90 Juta
[2024-08-31T20:26:25.187+0700] {logging_mixin.py:188} INFO - Sleeping for 2.45 seconds...
[2024-08-31T20:26:27.637+0700] {logging_mixin.py:188} INFO - Fetching page 9 of 9 for price category: dibawah 90 Juta
[2024-08-31T20:26:29.700+0700] {logging_mixin.py:188} INFO - Sleeping for 1.81 seconds...
[2024-08-31T20:26:31.510+0700] {logging_mixin.py:188} INFO - Data for price category dibawah 90 Juta written to /home/miracle/mobil/scrape/output/carmudi/2024-08-31/carmudi_dibawah 90 Juta_2024-08-31.csv
[2024-08-31T20:26:31.513+0700] {taskinstance.py:441} INFO - ::group::Post task execution logs
[2024-08-31T20:26:31.526+0700] {taskinstance.py:2905} ERROR - Task failed with exception
Traceback (most recent call last):
  File "/usr/local/lib/python3.10/dist-packages/airflow/models/taskinstance.py", line 465, in _execute_task
    result = _execute_callable(context=context, **execute_callable_kwargs)
  File "/usr/local/lib/python3.10/dist-packages/airflow/models/taskinstance.py", line 432, in _execute_callable
    return execute_callable(context=context, **execute_callable_kwargs)
  File "/usr/local/lib/python3.10/dist-packages/airflow/models/baseoperator.py", line 401, in wrapper
    return func(self, *args, **kwargs)
  File "/usr/local/lib/python3.10/dist-packages/airflow/operators/python.py", line 235, in execute
    return_value = self.execute_callable()
  File "/usr/local/lib/python3.10/dist-packages/airflow/operators/python.py", line 252, in execute_callable
    return self.python_callable(*self.op_args, **self.op_kwargs)
  File "/home/miracle/mobil/scrape/script/carmudi/carmudi.py", line 208, in carmudi_scrape
    future.result()
  File "/usr/lib/python3.10/concurrent/futures/_base.py", line 453, in result
    self._condition.wait(timeout)
  File "/usr/lib/python3.10/threading.py", line 320, in wait
    waiter.acquire()
  File "/usr/local/lib/python3.10/dist-packages/airflow/models/taskinstance.py", line 2613, in signal_handler
    raise AirflowTaskTerminated("Task received SIGTERM signal")
airflow.exceptions.AirflowTaskTerminated: Task received SIGTERM signal
[2024-08-31T20:26:31.530+0700] {taskinstance.py:1206} INFO - Marking task as FAILED. dag_id=scrap_carmudi, task_id=scrape_carmudi, run_id=scheduled__2024-08-26T00:00:00+00:00, execution_date=20240826T000000, start_date=20240831T132538, end_date=20240831T132631
[2024-08-31T20:26:31.545+0700] {standard_task_runner.py:110} ERROR - Failed to execute job 154 for task scrape_carmudi ((psycopg2.errors.ForeignKeyViolation) insert or update on table "task_fail" violates foreign key constraint "task_fail_ti_fkey"
DETAIL:  Key (dag_id, task_id, run_id, map_index)=(scrap_carmudi, scrape_carmudi, scheduled__2024-08-26T00:00:00+00:00, -1) is not present in table "task_instance".

[SQL: INSERT INTO task_fail (task_id, dag_id, run_id, map_index, start_date, end_date, duration) VALUES (%(task_id)s, %(dag_id)s, %(run_id)s, %(map_index)s, %(start_date)s, %(end_date)s, %(duration)s) RETURNING task_fail.id]
[parameters: {'task_id': 'scrape_carmudi', 'dag_id': 'scrap_carmudi', 'run_id': 'scheduled__2024-08-26T00:00:00+00:00', 'map_index': -1, 'start_date': datetime.datetime(2024, 8, 31, 13, 25, 38, 807925, tzinfo=Timezone('UTC')), 'end_date': datetime.datetime(2024, 8, 31, 13, 26, 31, 529983, tzinfo=Timezone('UTC')), 'duration': 52}]
(Background on this error at: https://sqlalche.me/e/14/gkpj); 31357)
[2024-08-31T20:26:31.596+0700] {process_utils.py:80} INFO - Process psutil.Process(pid=31357, status='terminated', exitcode=1, started='20:25:38') (31357) terminated with exit code 1
