[2024-08-31T19:17:53.593+0700] {local_task_job_runner.py:120} INFO - ::group::Pre task execution logs
[2024-08-31T19:17:53.863+0700] {taskinstance.py:2076} INFO - Dependencies all met for dep_context=non-requeueable deps ti=<TaskInstance: scrap_to_dag.scrape_oto scheduled__2024-08-28T00:00:00+00:00 [queued]>
[2024-08-31T19:17:53.880+0700] {taskinstance.py:2076} INFO - Dependencies all met for dep_context=requeueable deps ti=<TaskInstance: scrap_to_dag.scrape_oto scheduled__2024-08-28T00:00:00+00:00 [queued]>
[2024-08-31T19:17:53.880+0700] {taskinstance.py:2306} INFO - Starting attempt 1 of 2
[2024-08-31T19:17:54.026+0700] {taskinstance.py:2330} INFO - Executing <Task(PythonOperator): scrape_oto> on 2024-08-28 00:00:00+00:00
[2024-08-31T19:17:54.032+0700] {standard_task_runner.py:64} INFO - Started process 8922 to run task
[2024-08-31T19:17:54.038+0700] {standard_task_runner.py:90} INFO - Running: ['***', 'tasks', 'run', 'scrap_to_dag', 'scrape_oto', 'scheduled__2024-08-28T00:00:00+00:00', '--job-id', '134', '--raw', '--subdir', 'DAGS_FOLDER/oto/scrap_oto.py', '--cfg-path', '/tmp/tmpmxhcz8c7']
[2024-08-31T19:17:54.041+0700] {standard_task_runner.py:91} INFO - Job 134: Subtask scrape_oto
[2024-08-31T19:17:54.142+0700] {task_command.py:426} INFO - Running <TaskInstance: scrap_to_dag.scrape_oto scheduled__2024-08-28T00:00:00+00:00 [running]> on host BrightHorizons.
[2024-08-31T19:17:54.265+0700] {taskinstance.py:2648} INFO - Exporting env vars: AIRFLOW_CTX_DAG_OWNER='***' AIRFLOW_CTX_DAG_ID='scrap_to_dag' AIRFLOW_CTX_TASK_ID='scrape_oto' AIRFLOW_CTX_EXECUTION_DATE='2024-08-28T00:00:00+00:00' AIRFLOW_CTX_TRY_NUMBER='1' AIRFLOW_CTX_DAG_RUN_ID='scheduled__2024-08-28T00:00:00+00:00'
[2024-08-31T19:17:54.266+0700] {taskinstance.py:430} INFO - ::endgroup::
[2024-08-31T19:17:54.597+0700] {logging_mixin.py:188} INFO - Fetching page 1 for price category: dibawah-60-juta
[2024-08-31T19:17:54.606+0700] {logging_mixin.py:188} INFO - Fetching page 2 for price category: dibawah-60-juta
[2024-08-31T19:17:54.607+0700] {logging_mixin.py:188} INFO - Fetching page 3 for price category: dibawah-60-juta
[2024-08-31T19:17:54.614+0700] {logging_mixin.py:188} INFO - Fetching page 4 for price category: dibawah-60-juta
[2024-08-31T19:17:54.630+0700] {logging_mixin.py:188} INFO - Fetching page 1 for price category: dibawah-40-juta
[2024-08-31T19:17:54.631+0700] {logging_mixin.py:188} INFO - Fetching page 2 for price category: dibawah-40-juta
[2024-08-31T19:17:54.635+0700] {logging_mixin.py:188} INFO - Fetching page 4 for price category: dibawah-40-juta
[2024-08-31T19:17:54.648+0700] {logging_mixin.py:188} INFO - Fetching page 3 for price category: dibawah-40-juta
[2024-08-31T19:17:54.659+0700] {logging_mixin.py:188} INFO - Fetching page 1 for price category: dibawah-30-juta
[2024-08-31T19:17:54.671+0700] {logging_mixin.py:188} INFO - Fetching page 2 for price category: dibawah-30-juta
[2024-08-31T19:17:54.674+0700] {logging_mixin.py:188} INFO - Fetching page 3 for price category: dibawah-30-juta
[2024-08-31T19:17:54.696+0700] {logging_mixin.py:188} INFO - Fetching page 1 for price category: dibawah-50-juta
[2024-08-31T19:17:54.696+0700] {logging_mixin.py:188} INFO - Fetching page 4 for price category: dibawah-30-juta
[2024-08-31T19:17:54.711+0700] {logging_mixin.py:188} INFO - Fetching page 2 for price category: dibawah-50-juta
[2024-08-31T19:17:54.718+0700] {logging_mixin.py:188} INFO - Fetching page 4 for price category: dibawah-50-juta
[2024-08-31T19:17:54.720+0700] {logging_mixin.py:188} INFO - Fetching page 3 for price category: dibawah-50-juta
[2024-08-31T19:17:55.138+0700] {logging_mixin.py:188} INFO - Fetching page 5 for price category: dibawah-40-juta
[2024-08-31T19:17:55.399+0700] {logging_mixin.py:188} INFO - Fetching page 5 for price category: dibawah-30-juta
[2024-08-31T19:17:55.446+0700] {logging_mixin.py:188} INFO - Fetching page 5 for price category: dibawah-60-juta
[2024-08-31T19:17:55.701+0700] {logging_mixin.py:188} INFO - Fetching page 5 for price category: dibawah-50-juta
[2024-08-31T19:17:55.758+0700] {logging_mixin.py:188} INFO - Fetching page 6 for price category: dibawah-50-juta
[2024-08-31T19:17:55.762+0700] {logging_mixin.py:188} INFO - Fetching page 6 for price category: dibawah-40-juta
[2024-08-31T19:17:55.780+0700] {logging_mixin.py:188} INFO - Fetching page 6 for price category: dibawah-60-juta
[2024-08-31T19:17:55.826+0700] {logging_mixin.py:188} INFO - Fetching page 7 for price category: dibawah-40-juta
[2024-08-31T19:17:55.848+0700] {logging_mixin.py:188} INFO - Fetching page 7 for price category: dibawah-50-juta
[2024-08-31T19:17:55.867+0700] {logging_mixin.py:188} INFO - Fetching page 8 for price category: dibawah-40-juta
[2024-08-31T19:17:55.891+0700] {logging_mixin.py:188} INFO - Fetching page 9 for price category: dibawah-40-juta
[2024-08-31T19:17:55.956+0700] {logging_mixin.py:188} INFO - Fetching page 7 for price category: dibawah-60-juta
[2024-08-31T19:17:55.968+0700] {logging_mixin.py:188} INFO - Data for price category dibawah-30-juta written to /home/miracle/mobil/scrape/output/oto/2024-08-31/oto_car_dibawah_30_juta_2024-08-31.csv
[2024-08-31T19:17:56.461+0700] {logging_mixin.py:188} INFO - Fetching page 8 for price category: dibawah-50-juta
[2024-08-31T19:17:56.575+0700] {logging_mixin.py:188} INFO - Fetching page 10 for price category: dibawah-40-juta
[2024-08-31T19:17:56.640+0700] {logging_mixin.py:188} INFO - Fetching page 1 for price category: dibawah-70-juta
[2024-08-31T19:17:56.659+0700] {logging_mixin.py:188} INFO - Fetching page 2 for price category: dibawah-70-juta
[2024-08-31T19:17:56.684+0700] {logging_mixin.py:188} INFO - Fetching page 3 for price category: dibawah-70-juta
[2024-08-31T19:17:56.687+0700] {logging_mixin.py:188} INFO - Fetching page 11 for price category: dibawah-40-juta
[2024-08-31T19:17:56.694+0700] {logging_mixin.py:188} INFO - Fetching page 4 for price category: dibawah-70-juta
[2024-08-31T19:17:56.777+0700] {logging_mixin.py:188} INFO - Fetching page 9 for price category: dibawah-50-juta
[2024-08-31T19:17:56.817+0700] {logging_mixin.py:188} INFO - Fetching page 12 for price category: dibawah-40-juta
[2024-08-31T19:17:56.865+0700] {logging_mixin.py:188} INFO - Fetching page 8 for price category: dibawah-60-juta
[2024-08-31T19:17:56.962+0700] {logging_mixin.py:188} INFO - Fetching page 9 for price category: dibawah-60-juta
[2024-08-31T19:17:57.020+0700] {logging_mixin.py:188} INFO - Fetching page 13 for price category: dibawah-40-juta
[2024-08-31T19:17:57.021+0700] {logging_mixin.py:188} INFO - Fetching page 10 for price category: dibawah-50-juta
[2024-08-31T19:17:57.185+0700] {logging_mixin.py:188} INFO - Fetching page 14 for price category: dibawah-40-juta
[2024-08-31T19:17:57.198+0700] {logging_mixin.py:188} INFO - Fetching page 5 for price category: dibawah-70-juta
[2024-08-31T19:17:57.338+0700] {logging_mixin.py:188} INFO - Fetching page 11 for price category: dibawah-50-juta
[2024-08-31T19:17:57.372+0700] {logging_mixin.py:188} INFO - Fetching page 6 for price category: dibawah-70-juta
[2024-08-31T19:17:57.448+0700] {logging_mixin.py:188} INFO - Fetching page 7 for price category: dibawah-70-juta
[2024-08-31T19:17:57.476+0700] {logging_mixin.py:188} INFO - Fetching page 8 for price category: dibawah-70-juta
[2024-08-31T19:17:57.573+0700] {logging_mixin.py:188} INFO - Fetching page 15 for price category: dibawah-40-juta
[2024-08-31T19:17:57.602+0700] {logging_mixin.py:188} INFO - Fetching page 12 for price category: dibawah-50-juta
[2024-08-31T19:17:57.609+0700] {logging_mixin.py:188} INFO - Fetching page 16 for price category: dibawah-40-juta
[2024-08-31T19:17:57.815+0700] {logging_mixin.py:188} INFO - Fetching page 17 for price category: dibawah-40-juta
[2024-08-31T19:17:57.868+0700] {logging_mixin.py:188} INFO - Fetching page 10 for price category: dibawah-60-juta
[2024-08-31T19:17:57.988+0700] {logging_mixin.py:188} INFO - Fetching page 13 for price category: dibawah-50-juta
[2024-08-31T19:17:58.079+0700] {logging_mixin.py:188} INFO - Fetching page 9 for price category: dibawah-70-juta
[2024-08-31T19:17:58.103+0700] {logging_mixin.py:188} INFO - Fetching page 10 for price category: dibawah-70-juta
[2024-08-31T19:17:58.147+0700] {logging_mixin.py:188} INFO - Fetching page 11 for price category: dibawah-70-juta
[2024-08-31T19:17:58.209+0700] {logging_mixin.py:188} INFO - Fetching page 14 for price category: dibawah-50-juta
[2024-08-31T19:17:58.277+0700] {logging_mixin.py:188} INFO - Fetching page 11 for price category: dibawah-60-juta
[2024-08-31T19:17:58.386+0700] {logging_mixin.py:188} INFO - Fetching page 15 for price category: dibawah-50-juta
[2024-08-31T19:17:58.435+0700] {logging_mixin.py:188} INFO - Fetching page 12 for price category: dibawah-70-juta
[2024-08-31T19:17:58.503+0700] {logging_mixin.py:188} INFO - Fetching page 13 for price category: dibawah-70-juta
[2024-08-31T19:17:58.575+0700] {logging_mixin.py:188} INFO - Fetching page 16 for price category: dibawah-50-juta
[2024-08-31T19:17:58.637+0700] {logging_mixin.py:188} INFO - Fetching page 12 for price category: dibawah-60-juta
[2024-08-31T19:17:58.786+0700] {logging_mixin.py:188} INFO - Fetching page 17 for price category: dibawah-50-juta
[2024-08-31T19:17:58.818+0700] {logging_mixin.py:188} INFO - Fetching page 14 for price category: dibawah-70-juta
[2024-08-31T19:17:58.868+0700] {logging_mixin.py:188} INFO - Fetching page 15 for price category: dibawah-70-juta
[2024-08-31T19:17:58.910+0700] {logging_mixin.py:188} INFO - Fetching page 18 for price category: dibawah-50-juta
[2024-08-31T19:17:58.972+0700] {logging_mixin.py:188} INFO - Fetching page 13 for price category: dibawah-60-juta
[2024-08-31T19:17:59.403+0700] {logging_mixin.py:188} INFO - Fetching page 16 for price category: dibawah-70-juta
[2024-08-31T19:17:59.449+0700] {logging_mixin.py:188} INFO - Fetching page 19 for price category: dibawah-50-juta
[2024-08-31T19:17:59.512+0700] {logging_mixin.py:188} INFO - Fetching page 14 for price category: dibawah-60-juta
[2024-08-31T19:17:59.787+0700] {logging_mixin.py:188} INFO - Fetching page 17 for price category: dibawah-70-juta
[2024-08-31T19:17:59.821+0700] {logging_mixin.py:188} INFO - Fetching page 15 for price category: dibawah-60-juta
[2024-08-31T19:18:00.061+0700] {logging_mixin.py:188} INFO - Fetching page 18 for price category: dibawah-70-juta
[2024-08-31T19:18:00.094+0700] {logging_mixin.py:188} INFO - Fetching page 16 for price category: dibawah-60-juta
[2024-08-31T19:18:00.354+0700] {logging_mixin.py:188} INFO - Fetching page 19 for price category: dibawah-70-juta
[2024-08-31T19:18:00.392+0700] {logging_mixin.py:188} INFO - Fetching page 17 for price category: dibawah-60-juta
[2024-08-31T19:18:00.622+0700] {logging_mixin.py:188} INFO - Fetching page 18 for price category: dibawah-60-juta
[2024-08-31T19:18:00.686+0700] {logging_mixin.py:188} INFO - Fetching page 20 for price category: dibawah-70-juta
[2024-08-31T19:18:00.880+0700] {logging_mixin.py:188} INFO - Fetching page 19 for price category: dibawah-60-juta
[2024-08-31T19:18:00.926+0700] {logging_mixin.py:188} INFO - Fetching page 21 for price category: dibawah-70-juta
[2024-08-31T19:18:01.145+0700] {logging_mixin.py:188} INFO - Fetching page 20 for price category: dibawah-60-juta
[2024-08-31T19:18:01.186+0700] {logging_mixin.py:188} INFO - Fetching page 22 for price category: dibawah-70-juta
[2024-08-31T19:18:01.421+0700] {logging_mixin.py:188} INFO - Fetching page 23 for price category: dibawah-70-juta
[2024-08-31T19:18:01.496+0700] {logging_mixin.py:188} INFO - Fetching page 21 for price category: dibawah-60-juta
[2024-08-31T19:18:01.776+0700] {logging_mixin.py:188} INFO - Fetching page 22 for price category: dibawah-60-juta
[2024-08-31T19:18:01.869+0700] {logging_mixin.py:188} INFO - Fetching page 24 for price category: dibawah-70-juta
[2024-08-31T19:18:02.025+0700] {logging_mixin.py:188} INFO - Fetching page 23 for price category: dibawah-60-juta
[2024-08-31T19:18:02.082+0700] {logging_mixin.py:188} INFO - Fetching page 25 for price category: dibawah-70-juta
[2024-08-31T19:18:02.259+0700] {logging_mixin.py:188} INFO - Fetching page 24 for price category: dibawah-60-juta
[2024-08-31T19:18:02.305+0700] {logging_mixin.py:188} INFO - Fetching page 26 for price category: dibawah-70-juta
[2024-08-31T19:18:03.579+0700] {logging_mixin.py:188} INFO - Fetching page 25 for price category: dibawah-60-juta
[2024-08-31T19:18:04.193+0700] {logging_mixin.py:188} INFO - Attempt 1 failed with error: 502 Server Error: Bad Gateway for url: https://www.oto.com/used/get-inventory?filter=dibawah-50-juta&order=score&orderBy=desc&business_unit=mobil&lang_code=id&langCode=id&country_code=id&countryCode=id&isServer=0&range=%7B%7D&page=4
[2024-08-31T19:18:04.193+0700] {logging_mixin.py:188} INFO - Retrying in 0.3 seconds...
[2024-08-31T19:18:04.803+0700] {logging_mixin.py:188} INFO - Fetching page 20 for price category: dibawah-50-juta
[2024-08-31T19:18:05.206+0700] {logging_mixin.py:188} INFO - Fetching page 21 for price category: dibawah-50-juta
[2024-08-31T19:18:05.459+0700] {logging_mixin.py:188} INFO - Fetching page 22 for price category: dibawah-50-juta
[2024-08-31T19:18:05.671+0700] {logging_mixin.py:188} INFO - Fetching page 23 for price category: dibawah-50-juta
[2024-08-31T19:18:05.914+0700] {logging_mixin.py:188} INFO - Fetching page 24 for price category: dibawah-50-juta
[2024-08-31T19:18:06.135+0700] {logging_mixin.py:188} INFO - Fetching page 25 for price category: dibawah-50-juta
[2024-08-31T19:18:06.152+0700] {logging_mixin.py:188} INFO - Attempt 1 failed with error: 502 Server Error: Bad Gateway for url: https://www.oto.com/used/get-inventory?filter=dibawah-60-juta&order=score&orderBy=desc&business_unit=mobil&lang_code=id&langCode=id&country_code=id&countryCode=id&isServer=0&range=%7B%7D&page=8
[2024-08-31T19:18:06.152+0700] {logging_mixin.py:188} INFO - Retrying in 0.3 seconds...
[2024-08-31T19:18:06.427+0700] {logging_mixin.py:188} INFO - Fetching page 26 for price category: dibawah-50-juta
[2024-08-31T19:18:06.639+0700] {logging_mixin.py:188} INFO - Fetching page 26 for price category: dibawah-60-juta
[2024-08-31T19:18:06.862+0700] {logging_mixin.py:188} INFO - Fetching page 27 for price category: dibawah-60-juta
[2024-08-31T19:18:07.101+0700] {logging_mixin.py:188} INFO - Fetching page 28 for price category: dibawah-60-juta
[2024-08-31T19:18:07.327+0700] {logging_mixin.py:188} INFO - Fetching page 29 for price category: dibawah-60-juta
[2024-08-31T19:18:07.592+0700] {logging_mixin.py:188} INFO - Fetching page 30 for price category: dibawah-60-juta
[2024-08-31T19:18:07.765+0700] {logging_mixin.py:188} INFO - Fetching page 27 for price category: dibawah-50-juta
[2024-08-31T19:18:07.824+0700] {logging_mixin.py:188} INFO - Fetching page 31 for price category: dibawah-60-juta
[2024-08-31T19:18:07.988+0700] {logging_mixin.py:188} INFO - Fetching page 28 for price category: dibawah-50-juta
[2024-08-31T19:18:08.125+0700] {logging_mixin.py:188} INFO - Fetching page 32 for price category: dibawah-60-juta
[2024-08-31T19:18:08.313+0700] {logging_mixin.py:188} INFO - Fetching page 29 for price category: dibawah-50-juta
[2024-08-31T19:18:08.448+0700] {logging_mixin.py:188} INFO - Fetching page 33 for price category: dibawah-60-juta
[2024-08-31T19:18:08.529+0700] {logging_mixin.py:188} INFO - Fetching page 30 for price category: dibawah-50-juta
[2024-08-31T19:18:08.687+0700] {logging_mixin.py:188} INFO - Fetching page 34 for price category: dibawah-60-juta
[2024-08-31T19:18:08.770+0700] {logging_mixin.py:188} INFO - Fetching page 31 for price category: dibawah-50-juta
[2024-08-31T19:18:08.945+0700] {logging_mixin.py:188} INFO - Fetching page 35 for price category: dibawah-60-juta
[2024-08-31T19:18:09.166+0700] {logging_mixin.py:188} INFO - Fetching page 32 for price category: dibawah-50-juta
[2024-08-31T19:18:09.275+0700] {logging_mixin.py:188} INFO - Fetching page 36 for price category: dibawah-60-juta
[2024-08-31T19:18:09.407+0700] {logging_mixin.py:188} INFO - Fetching page 33 for price category: dibawah-50-juta
[2024-08-31T19:18:09.550+0700] {logging_mixin.py:188} INFO - Fetching page 37 for price category: dibawah-60-juta
[2024-08-31T19:18:09.719+0700] {logging_mixin.py:188} INFO - Fetching page 34 for price category: dibawah-50-juta
[2024-08-31T19:18:09.801+0700] {logging_mixin.py:188} INFO - Fetching page 38 for price category: dibawah-60-juta
[2024-08-31T19:18:09.929+0700] {logging_mixin.py:188} INFO - Fetching page 35 for price category: dibawah-50-juta
[2024-08-31T19:18:10.054+0700] {logging_mixin.py:188} INFO - Fetching page 39 for price category: dibawah-60-juta
[2024-08-31T19:18:10.193+0700] {logging_mixin.py:188} INFO - Fetching page 36 for price category: dibawah-50-juta
[2024-08-31T19:18:10.268+0700] {logging_mixin.py:188} INFO - Fetching page 40 for price category: dibawah-60-juta
[2024-08-31T19:18:10.425+0700] {logging_mixin.py:188} INFO - Fetching page 37 for price category: dibawah-50-juta
[2024-08-31T19:18:10.484+0700] {logging_mixin.py:188} INFO - Fetching page 41 for price category: dibawah-60-juta
[2024-08-31T19:18:10.676+0700] {logging_mixin.py:188} INFO - Fetching page 38 for price category: dibawah-50-juta
[2024-08-31T19:18:10.712+0700] {logging_mixin.py:188} INFO - Fetching page 42 for price category: dibawah-60-juta
[2024-08-31T19:18:10.911+0700] {logging_mixin.py:188} INFO - Fetching page 39 for price category: dibawah-50-juta
[2024-08-31T19:18:10.970+0700] {logging_mixin.py:188} INFO - Fetching page 43 for price category: dibawah-60-juta
[2024-08-31T19:18:11.155+0700] {logging_mixin.py:188} INFO - Fetching page 40 for price category: dibawah-50-juta
[2024-08-31T19:18:11.199+0700] {logging_mixin.py:188} INFO - Fetching page 44 for price category: dibawah-60-juta
[2024-08-31T19:18:11.429+0700] {logging_mixin.py:188} INFO - Fetching page 41 for price category: dibawah-50-juta
[2024-08-31T19:18:11.670+0700] {logging_mixin.py:188} INFO - Fetching page 42 for price category: dibawah-50-juta
[2024-08-31T19:18:11.993+0700] {logging_mixin.py:188} INFO - Fetching page 43 for price category: dibawah-50-juta
[2024-08-31T19:18:12.419+0700] {logging_mixin.py:188} INFO - Fetching page 44 for price category: dibawah-50-juta
[2024-08-31T19:18:12.772+0700] {logging_mixin.py:188} INFO - Fetching page 45 for price category: dibawah-50-juta
[2024-08-31T19:18:13.039+0700] {logging_mixin.py:188} INFO - Fetching page 46 for price category: dibawah-50-juta
[2024-08-31T19:18:13.323+0700] {logging_mixin.py:188} INFO - Fetching page 47 for price category: dibawah-50-juta
[2024-08-31T19:18:13.682+0700] {logging_mixin.py:188} INFO - Fetching page 48 for price category: dibawah-50-juta
[2024-08-31T19:18:14.127+0700] {logging_mixin.py:188} INFO - Fetching page 49 for price category: dibawah-50-juta
[2024-08-31T19:18:21.856+0700] {logging_mixin.py:188} INFO - Fetching page 45 for price category: dibawah-60-juta
[2024-08-31T19:18:22.186+0700] {logging_mixin.py:188} INFO - Fetching page 46 for price category: dibawah-60-juta
[2024-08-31T19:18:22.431+0700] {logging_mixin.py:188} INFO - Fetching page 47 for price category: dibawah-60-juta
[2024-08-31T19:18:45.349+0700] {logging_mixin.py:188} INFO - Fetching page 48 for price category: dibawah-60-juta
[2024-08-31T19:18:45.589+0700] {logging_mixin.py:188} INFO - Fetching page 49 for price category: dibawah-60-juta
[2024-08-31T19:18:45.807+0700] {logging_mixin.py:188} INFO - Fetching page 50 for price category: dibawah-60-juta
[2024-08-31T19:18:46.020+0700] {logging_mixin.py:188} INFO - Fetching page 51 for price category: dibawah-60-juta
[2024-08-31T19:18:46.266+0700] {logging_mixin.py:188} INFO - Fetching page 52 for price category: dibawah-60-juta
[2024-08-31T19:18:46.493+0700] {logging_mixin.py:188} INFO - Fetching page 53 for price category: dibawah-60-juta
[2024-08-31T19:18:46.715+0700] {logging_mixin.py:188} INFO - Fetching page 54 for price category: dibawah-60-juta
[2024-08-31T19:18:46.952+0700] {logging_mixin.py:188} INFO - Fetching page 55 for price category: dibawah-60-juta
[2024-08-31T19:18:47.186+0700] {logging_mixin.py:188} INFO - Fetching page 56 for price category: dibawah-60-juta
[2024-08-31T19:18:47.471+0700] {logging_mixin.py:188} INFO - Fetching page 57 for price category: dibawah-60-juta
[2024-08-31T19:18:47.856+0700] {logging_mixin.py:188} INFO - Fetching page 58 for price category: dibawah-60-juta
[2024-08-31T19:18:48.041+0700] {logging_mixin.py:188} INFO - Fetching page 59 for price category: dibawah-60-juta
[2024-08-31T19:18:48.121+0700] {logging_mixin.py:188} INFO - Fetching page 60 for price category: dibawah-60-juta
[2024-08-31T19:18:48.283+0700] {logging_mixin.py:188} INFO - Fetching page 61 for price category: dibawah-60-juta
[2024-08-31T19:18:48.368+0700] {logging_mixin.py:188} INFO - Fetching page 62 for price category: dibawah-60-juta
[2024-08-31T19:18:48.489+0700] {logging_mixin.py:188} INFO - Fetching page 63 for price category: dibawah-60-juta
[2024-08-31T19:18:48.627+0700] {logging_mixin.py:188} INFO - Fetching page 64 for price category: dibawah-60-juta
[2024-08-31T19:18:48.726+0700] {logging_mixin.py:188} INFO - Fetching page 65 for price category: dibawah-60-juta
[2024-08-31T19:18:48.865+0700] {logging_mixin.py:188} INFO - Fetching page 66 for price category: dibawah-60-juta
[2024-08-31T19:18:49.028+0700] {logging_mixin.py:188} INFO - Fetching page 67 for price category: dibawah-60-juta
[2024-08-31T19:18:49.265+0700] {logging_mixin.py:188} INFO - Fetching page 68 for price category: dibawah-60-juta
[2024-08-31T19:18:49.478+0700] {logging_mixin.py:188} INFO - Fetching page 69 for price category: dibawah-60-juta
[2024-08-31T19:18:50.043+0700] {logging_mixin.py:188} INFO - Fetching page 70 for price category: dibawah-60-juta
[2024-08-31T19:18:50.246+0700] {logging_mixin.py:188} INFO - Fetching page 71 for price category: dibawah-60-juta
[2024-08-31T19:18:50.685+0700] {logging_mixin.py:188} INFO - Fetching page 72 for price category: dibawah-60-juta
[2024-08-31T19:18:50.753+0700] {logging_mixin.py:188} INFO - Fetching page 73 for price category: dibawah-60-juta
[2024-08-31T19:18:51.133+0700] {logging_mixin.py:188} INFO - Fetching page 74 for price category: dibawah-60-juta
[2024-08-31T19:18:51.165+0700] {logging_mixin.py:188} INFO - Fetching page 75 for price category: dibawah-60-juta
[2024-08-31T19:18:51.571+0700] {logging_mixin.py:188} INFO - Fetching page 76 for price category: dibawah-60-juta
[2024-08-31T19:18:51.859+0700] {logging_mixin.py:188} INFO - Fetching page 77 for price category: dibawah-60-juta
[2024-08-31T19:18:52.057+0700] {logging_mixin.py:188} INFO - Fetching page 78 for price category: dibawah-60-juta
[2024-08-31T19:18:52.279+0700] {logging_mixin.py:188} INFO - Fetching page 79 for price category: dibawah-60-juta
[2024-08-31T19:18:52.493+0700] {logging_mixin.py:188} INFO - Fetching page 80 for price category: dibawah-60-juta
[2024-08-31T19:18:52.595+0700] {logging_mixin.py:188} INFO - Fetching page 27 for price category: dibawah-70-juta
[2024-08-31T19:18:52.728+0700] {logging_mixin.py:188} INFO - Fetching page 81 for price category: dibawah-60-juta
[2024-08-31T19:18:52.779+0700] {logging_mixin.py:188} INFO - Fetching page 28 for price category: dibawah-70-juta
[2024-08-31T19:18:52.948+0700] {logging_mixin.py:188} INFO - Fetching page 82 for price category: dibawah-60-juta
[2024-08-31T19:18:53.015+0700] {logging_mixin.py:188} INFO - Fetching page 29 for price category: dibawah-70-juta
[2024-08-31T19:18:53.045+0700] {logging_mixin.py:188} INFO - Fetching page 30 for price category: dibawah-70-juta
[2024-08-31T19:18:53.187+0700] {logging_mixin.py:188} INFO - Fetching page 83 for price category: dibawah-60-juta
[2024-08-31T19:18:53.294+0700] {logging_mixin.py:188} INFO - Fetching page 31 for price category: dibawah-70-juta
[2024-08-31T19:18:53.314+0700] {logging_mixin.py:188} INFO - Fetching page 32 for price category: dibawah-70-juta
[2024-08-31T19:18:53.550+0700] {logging_mixin.py:188} INFO - Fetching page 84 for price category: dibawah-60-juta
[2024-08-31T19:18:53.591+0700] {logging_mixin.py:188} INFO - Data for price category dibawah-40-juta written to /home/miracle/mobil/scrape/output/oto/2024-08-31/oto_car_dibawah_40_juta_2024-08-31.csv
[2024-08-31T19:18:53.730+0700] {logging_mixin.py:188} INFO - Fetching page 33 for price category: dibawah-70-juta
[2024-08-31T19:18:53.829+0700] {logging_mixin.py:188} INFO - Fetching page 85 for price category: dibawah-60-juta
[2024-08-31T19:18:54.089+0700] {logging_mixin.py:188} INFO - Fetching page 1 for price category: dibawah-80-juta
[2024-08-31T19:18:54.091+0700] {logging_mixin.py:188} INFO - Fetching page 2 for price category: dibawah-80-juta
[2024-08-31T19:18:54.092+0700] {logging_mixin.py:188} INFO - Fetching page 3 for price category: dibawah-80-juta
[2024-08-31T19:18:54.094+0700] {logging_mixin.py:188} INFO - Fetching page 4 for price category: dibawah-80-juta
[2024-08-31T19:18:54.355+0700] {logging_mixin.py:188} INFO - Fetching page 34 for price category: dibawah-70-juta
[2024-08-31T19:18:54.374+0700] {logging_mixin.py:188} INFO - Fetching page 86 for price category: dibawah-60-juta
[2024-08-31T19:18:54.435+0700] {logging_mixin.py:188} INFO - Fetching page 5 for price category: dibawah-80-juta
[2024-08-31T19:18:54.534+0700] {logging_mixin.py:188} INFO - Fetching page 6 for price category: dibawah-80-juta
[2024-08-31T19:18:54.678+0700] {logging_mixin.py:188} INFO - Fetching page 7 for price category: dibawah-80-juta
[2024-08-31T19:18:54.690+0700] {logging_mixin.py:188} INFO - Fetching page 8 for price category: dibawah-80-juta
[2024-08-31T19:18:55.004+0700] {logging_mixin.py:188} INFO - Fetching page 35 for price category: dibawah-70-juta
[2024-08-31T19:18:55.135+0700] {logging_mixin.py:188} INFO - Fetching page 9 for price category: dibawah-80-juta
[2024-08-31T19:18:55.613+0700] {logging_mixin.py:188} INFO - Fetching page 10 for price category: dibawah-80-juta
[2024-08-31T19:18:55.659+0700] {logging_mixin.py:188} INFO - Fetching page 11 for price category: dibawah-80-juta
[2024-08-31T19:18:55.844+0700] {logging_mixin.py:188} INFO - Fetching page 12 for price category: dibawah-80-juta
[2024-08-31T19:18:56.009+0700] {logging_mixin.py:188} INFO - Fetching page 13 for price category: dibawah-80-juta
[2024-08-31T19:18:56.228+0700] {logging_mixin.py:188} INFO - Fetching page 14 for price category: dibawah-80-juta
[2024-08-31T19:18:56.359+0700] {logging_mixin.py:188} INFO - Fetching page 15 for price category: dibawah-80-juta
[2024-08-31T19:18:56.805+0700] {logging_mixin.py:188} INFO - Fetching page 16 for price category: dibawah-80-juta
[2024-08-31T19:18:57.503+0700] {logging_mixin.py:188} INFO - Fetching page 17 for price category: dibawah-80-juta
[2024-08-31T19:18:57.807+0700] {logging_mixin.py:188} INFO - Fetching page 18 for price category: dibawah-80-juta
[2024-08-31T19:18:58.050+0700] {logging_mixin.py:188} INFO - Fetching page 19 for price category: dibawah-80-juta
[2024-08-31T19:18:58.319+0700] {logging_mixin.py:188} INFO - Fetching page 20 for price category: dibawah-80-juta
[2024-08-31T19:18:58.687+0700] {logging_mixin.py:188} INFO - Fetching page 21 for price category: dibawah-80-juta
[2024-08-31T19:18:59.112+0700] {logging_mixin.py:188} INFO - Fetching page 22 for price category: dibawah-80-juta
[2024-08-31T19:18:59.494+0700] {logging_mixin.py:188} INFO - Fetching page 23 for price category: dibawah-80-juta
[2024-08-31T19:18:59.537+0700] {logging_mixin.py:188} INFO - Fetching page 24 for price category: dibawah-80-juta
[2024-08-31T19:18:59.865+0700] {logging_mixin.py:188} INFO - Fetching page 25 for price category: dibawah-80-juta
[2024-08-31T19:18:59.946+0700] {logging_mixin.py:188} INFO - Fetching page 26 for price category: dibawah-80-juta
[2024-08-31T19:19:00.055+0700] {logging_mixin.py:188} INFO - Fetching page 27 for price category: dibawah-80-juta
[2024-08-31T19:19:00.306+0700] {logging_mixin.py:188} INFO - Fetching page 36 for price category: dibawah-70-juta
[2024-08-31T19:19:00.392+0700] {logging_mixin.py:188} INFO - Fetching page 28 for price category: dibawah-80-juta
[2024-08-31T19:19:00.393+0700] {logging_mixin.py:188} INFO - Fetching page 29 for price category: dibawah-80-juta
[2024-08-31T19:19:00.793+0700] {logging_mixin.py:188} INFO - Fetching page 37 for price category: dibawah-70-juta
[2024-08-31T19:19:00.846+0700] {logging_mixin.py:188} INFO - Fetching page 30 for price category: dibawah-80-juta
[2024-08-31T19:19:01.039+0700] {logging_mixin.py:188} INFO - Fetching page 31 for price category: dibawah-80-juta
[2024-08-31T19:19:01.160+0700] {logging_mixin.py:188} INFO - Fetching page 32 for price category: dibawah-80-juta
[2024-08-31T19:19:01.224+0700] {logging_mixin.py:188} INFO - Fetching page 38 for price category: dibawah-70-juta
[2024-08-31T19:19:01.553+0700] {logging_mixin.py:188} INFO - Fetching page 33 for price category: dibawah-80-juta
[2024-08-31T19:19:01.630+0700] {logging_mixin.py:188} INFO - Fetching page 39 for price category: dibawah-70-juta
[2024-08-31T19:19:01.655+0700] {logging_mixin.py:188} INFO - Fetching page 34 for price category: dibawah-80-juta
[2024-08-31T19:19:02.552+0700] {logging_mixin.py:188} INFO - Fetching page 40 for price category: dibawah-70-juta
[2024-08-31T19:19:02.648+0700] {logging_mixin.py:188} INFO - Fetching page 35 for price category: dibawah-80-juta
[2024-08-31T19:19:02.650+0700] {logging_mixin.py:188} INFO - Fetching page 36 for price category: dibawah-80-juta
[2024-08-31T19:19:02.661+0700] {logging_mixin.py:188} INFO - Data for price category dibawah-50-juta written to /home/miracle/mobil/scrape/output/oto/2024-08-31/oto_car_dibawah_50_juta_2024-08-31.csv
[2024-08-31T19:19:03.082+0700] {logging_mixin.py:188} INFO - Fetching page 41 for price category: dibawah-70-juta
[2024-08-31T19:19:03.353+0700] {logging_mixin.py:188} INFO - Fetching page 37 for price category: dibawah-80-juta
[2024-08-31T19:19:03.713+0700] {logging_mixin.py:188} INFO - Fetching page 42 for price category: dibawah-70-juta
[2024-08-31T19:19:03.977+0700] {logging_mixin.py:188} INFO - Fetching page 43 for price category: dibawah-70-juta
[2024-08-31T19:19:03.998+0700] {logging_mixin.py:188} INFO - Fetching page 38 for price category: dibawah-80-juta
[2024-08-31T19:19:04.374+0700] {logging_mixin.py:188} INFO - Fetching page 44 for price category: dibawah-70-juta
[2024-08-31T19:19:04.376+0700] {logging_mixin.py:188} INFO - Fetching page 1 for price category: dibawah-90-juta
[2024-08-31T19:19:04.377+0700] {logging_mixin.py:188} INFO - Fetching page 2 for price category: dibawah-90-juta
[2024-08-31T19:19:04.378+0700] {logging_mixin.py:188} INFO - Fetching page 3 for price category: dibawah-90-juta
[2024-08-31T19:19:04.379+0700] {logging_mixin.py:188} INFO - Fetching page 4 for price category: dibawah-90-juta
[2024-08-31T19:19:04.478+0700] {logging_mixin.py:188} INFO - Fetching page 39 for price category: dibawah-80-juta
[2024-08-31T19:19:04.788+0700] {logging_mixin.py:188} INFO - Fetching page 45 for price category: dibawah-70-juta
[2024-08-31T19:19:04.827+0700] {logging_mixin.py:188} INFO - Fetching page 5 for price category: dibawah-90-juta
[2024-08-31T19:19:04.880+0700] {logging_mixin.py:188} INFO - Fetching page 6 for price category: dibawah-90-juta
[2024-08-31T19:19:04.933+0700] {logging_mixin.py:188} INFO - Fetching page 7 for price category: dibawah-90-juta
[2024-08-31T19:19:04.991+0700] {logging_mixin.py:188} INFO - Fetching page 8 for price category: dibawah-90-juta
[2024-08-31T19:19:05.180+0700] {logging_mixin.py:188} INFO - Fetching page 46 for price category: dibawah-70-juta
[2024-08-31T19:19:05.377+0700] {logging_mixin.py:188} INFO - Fetching page 9 for price category: dibawah-90-juta
[2024-08-31T19:19:05.633+0700] {logging_mixin.py:188} INFO - Fetching page 10 for price category: dibawah-90-juta
[2024-08-31T19:19:05.660+0700] {logging_mixin.py:188} INFO - Fetching page 11 for price category: dibawah-90-juta
[2024-08-31T19:19:05.825+0700] {logging_mixin.py:188} INFO - Fetching page 47 for price category: dibawah-70-juta
[2024-08-31T19:19:06.269+0700] {logging_mixin.py:188} INFO - Fetching page 12 for price category: dibawah-90-juta
[2024-08-31T19:19:06.965+0700] {logging_mixin.py:188} INFO - Fetching page 13 for price category: dibawah-90-juta
[2024-08-31T19:19:07.459+0700] {logging_mixin.py:188} INFO - Fetching page 14 for price category: dibawah-90-juta
[2024-08-31T19:19:08.109+0700] {logging_mixin.py:188} INFO - Fetching page 15 for price category: dibawah-90-juta
[2024-08-31T19:19:08.603+0700] {logging_mixin.py:188} INFO - Fetching page 16 for price category: dibawah-90-juta
[2024-08-31T19:19:08.928+0700] {logging_mixin.py:188} INFO - Fetching page 17 for price category: dibawah-90-juta
[2024-08-31T19:19:09.251+0700] {logging_mixin.py:188} INFO - Fetching page 18 for price category: dibawah-90-juta
[2024-08-31T19:19:09.493+0700] {logging_mixin.py:188} INFO - Fetching page 40 for price category: dibawah-80-juta
[2024-08-31T19:19:09.543+0700] {logging_mixin.py:188} INFO - Fetching page 19 for price category: dibawah-90-juta
[2024-08-31T19:19:09.702+0700] {logging_mixin.py:188} INFO - Fetching page 41 for price category: dibawah-80-juta
[2024-08-31T19:19:09.921+0700] {logging_mixin.py:188} INFO - Fetching page 20 for price category: dibawah-90-juta
[2024-08-31T19:19:09.948+0700] {logging_mixin.py:188} INFO - Fetching page 42 for price category: dibawah-80-juta
[2024-08-31T19:19:10.213+0700] {logging_mixin.py:188} INFO - Fetching page 43 for price category: dibawah-80-juta
[2024-08-31T19:19:10.252+0700] {logging_mixin.py:188} INFO - Fetching page 21 for price category: dibawah-90-juta
[2024-08-31T19:19:10.503+0700] {logging_mixin.py:188} INFO - Fetching page 44 for price category: dibawah-80-juta
[2024-08-31T19:19:10.627+0700] {logging_mixin.py:188} INFO - Fetching page 22 for price category: dibawah-90-juta
[2024-08-31T19:19:10.767+0700] {logging_mixin.py:188} INFO - Fetching page 45 for price category: dibawah-80-juta
[2024-08-31T19:19:11.215+0700] {logging_mixin.py:188} INFO - Fetching page 46 for price category: dibawah-80-juta
[2024-08-31T19:19:11.246+0700] {logging_mixin.py:188} INFO - Fetching page 23 for price category: dibawah-90-juta
[2024-08-31T19:19:11.258+0700] {logging_mixin.py:188} INFO - Fetching page 48 for price category: dibawah-70-juta
[2024-08-31T19:19:11.576+0700] {logging_mixin.py:188} INFO - Fetching page 47 for price category: dibawah-80-juta
[2024-08-31T19:19:11.609+0700] {logging_mixin.py:188} INFO - Fetching page 49 for price category: dibawah-70-juta
[2024-08-31T19:19:11.837+0700] {logging_mixin.py:188} INFO - Fetching page 50 for price category: dibawah-70-juta
[2024-08-31T19:19:11.871+0700] {logging_mixin.py:188} INFO - Fetching page 48 for price category: dibawah-80-juta
[2024-08-31T19:19:12.092+0700] {logging_mixin.py:188} INFO - Fetching page 49 for price category: dibawah-80-juta
[2024-08-31T19:19:12.127+0700] {logging_mixin.py:188} INFO - Fetching page 51 for price category: dibawah-70-juta
[2024-08-31T19:19:12.359+0700] {logging_mixin.py:188} INFO - Fetching page 52 for price category: dibawah-70-juta
[2024-08-31T19:19:12.405+0700] {logging_mixin.py:188} INFO - Fetching page 50 for price category: dibawah-80-juta
[2024-08-31T19:19:12.608+0700] {logging_mixin.py:188} INFO - Fetching page 51 for price category: dibawah-80-juta
[2024-08-31T19:19:12.816+0700] {logging_mixin.py:188} INFO - Fetching page 52 for price category: dibawah-80-juta
[2024-08-31T19:19:13.010+0700] {logging_mixin.py:188} INFO - Fetching page 53 for price category: dibawah-80-juta
[2024-08-31T19:19:13.228+0700] {logging_mixin.py:188} INFO - Fetching page 54 for price category: dibawah-80-juta
[2024-08-31T19:19:13.433+0700] {logging_mixin.py:188} INFO - Fetching page 55 for price category: dibawah-80-juta
[2024-08-31T19:19:13.642+0700] {logging_mixin.py:188} INFO - Fetching page 56 for price category: dibawah-80-juta
[2024-08-31T19:19:13.854+0700] {logging_mixin.py:188} INFO - Fetching page 57 for price category: dibawah-80-juta
[2024-08-31T19:19:14.090+0700] {logging_mixin.py:188} INFO - Fetching page 58 for price category: dibawah-80-juta
[2024-08-31T19:19:14.414+0700] {logging_mixin.py:188} INFO - Fetching page 59 for price category: dibawah-80-juta
[2024-08-31T19:19:14.644+0700] {logging_mixin.py:188} INFO - Fetching page 60 for price category: dibawah-80-juta
[2024-08-31T19:19:14.863+0700] {logging_mixin.py:188} INFO - Fetching page 61 for price category: dibawah-80-juta
[2024-08-31T19:19:15.096+0700] {logging_mixin.py:188} INFO - Fetching page 62 for price category: dibawah-80-juta
[2024-08-31T19:19:15.313+0700] {logging_mixin.py:188} INFO - Fetching page 63 for price category: dibawah-80-juta
[2024-08-31T19:19:15.533+0700] {logging_mixin.py:188} INFO - Fetching page 64 for price category: dibawah-80-juta
[2024-08-31T19:19:15.839+0700] {logging_mixin.py:188} INFO - Fetching page 65 for price category: dibawah-80-juta
[2024-08-31T19:19:16.151+0700] {logging_mixin.py:188} INFO - Fetching page 66 for price category: dibawah-80-juta
[2024-08-31T19:19:16.392+0700] {logging_mixin.py:188} INFO - Fetching page 67 for price category: dibawah-80-juta
[2024-08-31T19:19:16.651+0700] {logging_mixin.py:188} INFO - Fetching page 68 for price category: dibawah-80-juta
[2024-08-31T19:19:16.953+0700] {logging_mixin.py:188} INFO - Fetching page 69 for price category: dibawah-80-juta
[2024-08-31T19:19:17.327+0700] {logging_mixin.py:188} INFO - Fetching page 70 for price category: dibawah-80-juta
[2024-08-31T19:19:17.596+0700] {logging_mixin.py:188} INFO - Fetching page 71 for price category: dibawah-80-juta
[2024-08-31T19:19:17.954+0700] {logging_mixin.py:188} INFO - Fetching page 24 for price category: dibawah-90-juta
[2024-08-31T19:19:18.052+0700] {logging_mixin.py:188} INFO - Fetching page 87 for price category: dibawah-60-juta
[2024-08-31T19:19:18.372+0700] {logging_mixin.py:188} INFO - Fetching page 72 for price category: dibawah-80-juta
[2024-08-31T19:19:18.830+0700] {logging_mixin.py:188} INFO - Fetching page 88 for price category: dibawah-60-juta
[2024-08-31T19:19:18.869+0700] {logging_mixin.py:188} INFO - Fetching page 53 for price category: dibawah-70-juta
[2024-08-31T19:19:18.960+0700] {logging_mixin.py:188} INFO - Fetching page 73 for price category: dibawah-80-juta
[2024-08-31T19:19:19.325+0700] {logging_mixin.py:188} INFO - Fetching page 54 for price category: dibawah-70-juta
[2024-08-31T19:19:19.463+0700] {logging_mixin.py:188} INFO - Fetching page 74 for price category: dibawah-80-juta
[2024-08-31T19:19:19.516+0700] {logging_mixin.py:188} INFO - Fetching page 89 for price category: dibawah-60-juta
[2024-08-31T19:19:19.666+0700] {logging_mixin.py:188} INFO - Fetching page 55 for price category: dibawah-70-juta
[2024-08-31T19:19:19.770+0700] {logging_mixin.py:188} INFO - Fetching page 90 for price category: dibawah-60-juta
[2024-08-31T19:19:19.945+0700] {logging_mixin.py:188} INFO - Fetching page 56 for price category: dibawah-70-juta
[2024-08-31T19:19:20.116+0700] {logging_mixin.py:188} INFO - Fetching page 91 for price category: dibawah-60-juta
[2024-08-31T19:19:20.346+0700] {logging_mixin.py:188} INFO - Fetching page 57 for price category: dibawah-70-juta
[2024-08-31T19:19:20.426+0700] {logging_mixin.py:188} INFO - Fetching page 92 for price category: dibawah-60-juta
[2024-08-31T19:19:20.610+0700] {logging_mixin.py:188} INFO - Fetching page 58 for price category: dibawah-70-juta
[2024-08-31T19:19:20.717+0700] {logging_mixin.py:188} INFO - Fetching page 93 for price category: dibawah-60-juta
[2024-08-31T19:19:20.915+0700] {logging_mixin.py:188} INFO - Fetching page 59 for price category: dibawah-70-juta
[2024-08-31T19:19:21.181+0700] {logging_mixin.py:188} INFO - Fetching page 60 for price category: dibawah-70-juta
[2024-08-31T19:19:21.316+0700] {logging_mixin.py:188} INFO - Fetching page 61 for price category: dibawah-70-juta
[2024-08-31T19:19:21.488+0700] {logging_mixin.py:188} INFO - Fetching page 62 for price category: dibawah-70-juta
[2024-08-31T19:19:21.577+0700] {logging_mixin.py:188} INFO - Fetching page 63 for price category: dibawah-70-juta
[2024-08-31T19:19:21.651+0700] {logging_mixin.py:188} INFO - Fetching page 64 for price category: dibawah-70-juta
[2024-08-31T19:19:21.734+0700] {logging_mixin.py:188} INFO - Fetching page 65 for price category: dibawah-70-juta
[2024-08-31T19:19:21.898+0700] {logging_mixin.py:188} INFO - Fetching page 66 for price category: dibawah-70-juta
[2024-08-31T19:19:22.053+0700] {logging_mixin.py:188} INFO - Fetching page 67 for price category: dibawah-70-juta
[2024-08-31T19:19:22.253+0700] {logging_mixin.py:188} INFO - Fetching page 68 for price category: dibawah-70-juta
[2024-08-31T19:19:22.316+0700] {logging_mixin.py:188} INFO - Fetching page 69 for price category: dibawah-70-juta
[2024-08-31T19:19:22.601+0700] {logging_mixin.py:188} INFO - Fetching page 70 for price category: dibawah-70-juta
[2024-08-31T19:19:22.730+0700] {logging_mixin.py:188} INFO - Fetching page 71 for price category: dibawah-70-juta
[2024-08-31T19:19:22.925+0700] {logging_mixin.py:188} INFO - Fetching page 72 for price category: dibawah-70-juta
[2024-08-31T19:19:24.193+0700] {logging_mixin.py:188} INFO - Fetching page 73 for price category: dibawah-70-juta
[2024-08-31T19:19:24.209+0700] {logging_mixin.py:188} INFO - Fetching page 74 for price category: dibawah-70-juta
[2024-08-31T19:19:24.251+0700] {logging_mixin.py:188} INFO - Fetching page 94 for price category: dibawah-60-juta
[2024-08-31T19:19:24.407+0700] {logging_mixin.py:188} INFO - Fetching page 75 for price category: dibawah-70-juta
[2024-08-31T19:19:24.550+0700] {logging_mixin.py:188} INFO - Fetching page 76 for price category: dibawah-70-juta
[2024-08-31T19:19:24.589+0700] {logging_mixin.py:188} INFO - Fetching page 95 for price category: dibawah-60-juta
[2024-08-31T19:19:24.666+0700] {logging_mixin.py:188} INFO - Fetching page 77 for price category: dibawah-70-juta
[2024-08-31T19:19:24.946+0700] {logging_mixin.py:188} INFO - Fetching page 78 for price category: dibawah-70-juta
[2024-08-31T19:19:25.157+0700] {logging_mixin.py:188} INFO - Fetching page 96 for price category: dibawah-60-juta
[2024-08-31T19:19:25.327+0700] {logging_mixin.py:188} INFO - Fetching page 79 for price category: dibawah-70-juta
[2024-08-31T19:19:25.375+0700] {logging_mixin.py:188} INFO - Fetching page 80 for price category: dibawah-70-juta
[2024-08-31T19:19:25.611+0700] {logging_mixin.py:188} INFO - Fetching page 97 for price category: dibawah-60-juta
[2024-08-31T19:19:25.830+0700] {logging_mixin.py:188} INFO - Fetching page 81 for price category: dibawah-70-juta
[2024-08-31T19:19:25.983+0700] {logging_mixin.py:188} INFO - Fetching page 82 for price category: dibawah-70-juta
[2024-08-31T19:19:26.120+0700] {logging_mixin.py:188} INFO - Fetching page 98 for price category: dibawah-60-juta
[2024-08-31T19:19:26.436+0700] {logging_mixin.py:188} INFO - Fetching page 99 for price category: dibawah-60-juta
[2024-08-31T19:19:26.696+0700] {logging_mixin.py:188} INFO - Fetching page 100 for price category: dibawah-60-juta
[2024-08-31T19:19:26.949+0700] {logging_mixin.py:188} INFO - Fetching page 101 for price category: dibawah-60-juta
[2024-08-31T19:19:27.168+0700] {logging_mixin.py:188} INFO - Fetching page 102 for price category: dibawah-60-juta
[2024-08-31T19:19:30.691+0700] {logging_mixin.py:188} INFO - Fetching page 103 for price category: dibawah-60-juta
[2024-08-31T19:19:42.099+0700] {logging_mixin.py:188} INFO - Fetching page 25 for price category: dibawah-90-juta
[2024-08-31T19:19:49.523+0700] {logging_mixin.py:188} INFO - Fetching page 26 for price category: dibawah-90-juta
[2024-08-31T19:19:49.915+0700] {logging_mixin.py:188} INFO - Fetching page 27 for price category: dibawah-90-juta
[2024-08-31T19:19:50.241+0700] {logging_mixin.py:188} INFO - Fetching page 28 for price category: dibawah-90-juta
[2024-08-31T19:19:50.293+0700] {logging_mixin.py:188} INFO - Fetching page 104 for price category: dibawah-60-juta
[2024-08-31T19:19:50.511+0700] {logging_mixin.py:188} INFO - Fetching page 105 for price category: dibawah-60-juta
[2024-08-31T19:19:50.552+0700] {logging_mixin.py:188} INFO - Fetching page 29 for price category: dibawah-90-juta
[2024-08-31T19:19:50.726+0700] {logging_mixin.py:188} INFO - Fetching page 106 for price category: dibawah-60-juta
[2024-08-31T19:19:50.894+0700] {logging_mixin.py:188} INFO - Fetching page 30 for price category: dibawah-90-juta
[2024-08-31T19:19:50.955+0700] {logging_mixin.py:188} INFO - Fetching page 107 for price category: dibawah-60-juta
[2024-08-31T19:19:51.156+0700] {logging_mixin.py:188} INFO - Fetching page 108 for price category: dibawah-60-juta
[2024-08-31T19:19:51.298+0700] {logging_mixin.py:188} INFO - Fetching page 31 for price category: dibawah-90-juta
[2024-08-31T19:19:51.618+0700] {logging_mixin.py:188} INFO - Fetching page 32 for price category: dibawah-90-juta
[2024-08-31T19:19:51.997+0700] {logging_mixin.py:188} INFO - Fetching page 33 for price category: dibawah-90-juta
[2024-08-31T19:19:52.377+0700] {logging_mixin.py:188} INFO - Fetching page 34 for price category: dibawah-90-juta
[2024-08-31T19:19:52.779+0700] {logging_mixin.py:188} INFO - Fetching page 35 for price category: dibawah-90-juta
[2024-08-31T19:19:53.086+0700] {logging_mixin.py:188} INFO - Fetching page 36 for price category: dibawah-90-juta
[2024-08-31T19:19:54.455+0700] {logging_mixin.py:188} INFO - Fetching page 37 for price category: dibawah-90-juta
[2024-08-31T19:19:54.889+0700] {logging_mixin.py:188} INFO - Fetching page 38 for price category: dibawah-90-juta
[2024-08-31T19:19:55.403+0700] {logging_mixin.py:188} INFO - Fetching page 39 for price category: dibawah-90-juta
[2024-08-31T19:19:55.423+0700] {local_task_job_runner.py:313} WARNING - State of this instance has been externally set to failed. Terminating instance.
[2024-08-31T19:19:55.424+0700] {local_task_job_runner.py:222} INFO - ::endgroup::
[2024-08-31T19:19:55.427+0700] {process_utils.py:132} INFO - Sending 15 to group 8922. PIDs of all processes in the group: [8922]
[2024-08-31T19:19:55.427+0700] {process_utils.py:87} INFO - Sending the signal 15 to group 8922
[2024-08-31T19:19:55.427+0700] {taskinstance.py:2611} ERROR - Received SIGTERM. Terminating subprocesses.
[2024-08-31T19:19:55.428+0700] {taskinstance.py:441} INFO - ::group::Post task execution logs
[2024-08-31T19:19:55.480+0700] {process_utils.py:80} INFO - Process psutil.Process(pid=8922, status='terminated', exitcode=0, started='19:17:53') (8922) terminated with exit code 0
