[2024-09-04T23:48:55.325+0700] {local_task_job_runner.py:120} INFO - ::group::Pre task execution logs
[2024-09-04T23:48:55.473+0700] {taskinstance.py:2076} INFO - Dependencies all met for dep_context=non-requeueable deps ti=<TaskInstance: scrap_mobil123.scrape_mobil123 manual__2024-09-04T16:48:54.030426+00:00 [queued]>
[2024-09-04T23:48:55.485+0700] {taskinstance.py:2076} INFO - Dependencies all met for dep_context=requeueable deps ti=<TaskInstance: scrap_mobil123.scrape_mobil123 manual__2024-09-04T16:48:54.030426+00:00 [queued]>
[2024-09-04T23:48:55.485+0700] {taskinstance.py:2306} INFO - Starting attempt 1 of 2
[2024-09-04T23:48:55.503+0700] {taskinstance.py:2330} INFO - Executing <Task(PythonOperator): scrape_mobil123> on 2024-09-04 16:48:54.030426+00:00
[2024-09-04T23:48:55.507+0700] {standard_task_runner.py:64} INFO - Started process 30078 to run task
[2024-09-04T23:48:55.511+0700] {standard_task_runner.py:90} INFO - Running: ['***', 'tasks', 'run', 'scrap_mobil123', 'scrape_mobil123', 'manual__2024-09-04T16:48:54.030426+00:00', '--job-id', '236', '--raw', '--subdir', 'DAGS_FOLDER/mobil123/scrap_mobil123.py', '--cfg-path', '/tmp/tmpz_6koxnq']
[2024-09-04T23:48:55.513+0700] {standard_task_runner.py:91} INFO - Job 236: Subtask scrape_mobil123
[2024-09-04T23:48:55.591+0700] {task_command.py:426} INFO - Running <TaskInstance: scrap_mobil123.scrape_mobil123 manual__2024-09-04T16:48:54.030426+00:00 [running]> on host BrightHorizons.
[2024-09-04T23:48:55.727+0700] {taskinstance.py:2648} INFO - Exporting env vars: AIRFLOW_CTX_DAG_OWNER='***' AIRFLOW_CTX_DAG_ID='scrap_mobil123' AIRFLOW_CTX_TASK_ID='scrape_mobil123' AIRFLOW_CTX_EXECUTION_DATE='2024-09-04T16:48:54.030426+00:00' AIRFLOW_CTX_TRY_NUMBER='1' AIRFLOW_CTX_DAG_RUN_ID='manual__2024-09-04T16:48:54.030426+00:00'
[2024-09-04T23:48:55.728+0700] {taskinstance.py:430} INFO - ::endgroup::
[2024-09-04T23:48:57.934+0700] {logging_mixin.py:188} INFO - Fetching page 1 of 2 for price category: dibawah 30 Juta
[2024-09-04T23:48:58.202+0700] {logging_mixin.py:188} INFO - Fetching page 1 of 5 for price category: dibawah 50 Juta
[2024-09-04T23:48:59.298+0700] {logging_mixin.py:188} INFO - Fetching page 1 of 3 for price category: dibawah 40 Juta
[2024-09-04T23:48:59.405+0700] {logging_mixin.py:188} INFO - Fetching page 1 of 5 for price category: dibawah 60 Juta
[2024-09-04T23:48:59.879+0700] {logging_mixin.py:188} INFO - Sleeping for 2.16 seconds...
[2024-09-04T23:49:00.388+0700] {logging_mixin.py:188} INFO - Sleeping for 2.71 seconds...
[2024-09-04T23:49:01.142+0700] {logging_mixin.py:188} INFO - Sleeping for 2.70 seconds...
[2024-09-04T23:49:01.458+0700] {logging_mixin.py:188} INFO - Sleeping for 1.54 seconds...
[2024-09-04T23:49:02.041+0700] {logging_mixin.py:188} INFO - Fetching page 2 of 2 for price category: dibawah 30 Juta
[2024-09-04T23:49:03.000+0700] {logging_mixin.py:188} INFO - Fetching page 2 of 5 for price category: dibawah 60 Juta
[2024-09-04T23:49:03.099+0700] {logging_mixin.py:188} INFO - Fetching page 2 of 5 for price category: dibawah 50 Juta
[2024-09-04T23:49:03.540+0700] {logging_mixin.py:188} INFO - Sleeping for 1.85 seconds...
[2024-09-04T23:49:03.849+0700] {logging_mixin.py:188} INFO - Fetching page 2 of 3 for price category: dibawah 40 Juta
[2024-09-04T23:49:04.580+0700] {logging_mixin.py:188} INFO - Sleeping for 2.03 seconds...
[2024-09-04T23:49:05.045+0700] {logging_mixin.py:188} INFO - Sleeping for 2.02 seconds...
[2024-09-04T23:49:05.427+0700] {logging_mixin.py:188} INFO - Data for price category dibawah 30 Juta written to /home/miracle/mobil/scrape/output/mobil123/2024-09-04/mobil123_dibawah 30 Juta_2024-09-04.csv
[2024-09-04T23:49:05.642+0700] {logging_mixin.py:188} INFO - Sleeping for 2.88 seconds...
[2024-09-04T23:49:06.609+0700] {logging_mixin.py:188} INFO - Fetching page 3 of 5 for price category: dibawah 60 Juta
[2024-09-04T23:49:07.068+0700] {logging_mixin.py:188} INFO - Fetching page 3 of 5 for price category: dibawah 50 Juta
[2024-09-04T23:49:08.526+0700] {logging_mixin.py:188} INFO - Fetching page 3 of 3 for price category: dibawah 40 Juta
[2024-09-04T23:49:09.527+0700] {logging_mixin.py:188} INFO - Fetching page 1 of 9 for price category: dibawah 70 Juta
[2024-09-04T23:49:10.014+0700] {logging_mixin.py:188} INFO - Sleeping for 2.27 seconds...
[2024-09-04T23:49:11.195+0700] {logging_mixin.py:188} INFO - Sleeping for 1.95 seconds...
[2024-09-04T23:49:12.287+0700] {logging_mixin.py:188} INFO - Fetching page 4 of 5 for price category: dibawah 50 Juta
[2024-09-04T23:49:12.726+0700] {logging_mixin.py:188} INFO - Sleeping for 2.46 seconds...
[2024-09-04T23:49:12.866+0700] {logging_mixin.py:188} INFO - Sleeping for 2.04 seconds...
[2024-09-04T23:49:13.147+0700] {logging_mixin.py:188} INFO - Fetching page 4 of 5 for price category: dibawah 60 Juta
[2024-09-04T23:49:14.251+0700] {logging_mixin.py:188} INFO - Sleeping for 1.50 seconds...
[2024-09-04T23:49:14.614+0700] {logging_mixin.py:188} INFO - Sleeping for 2.97 seconds...
[2024-09-04T23:49:14.914+0700] {logging_mixin.py:188} INFO - Fetching page 2 of 9 for price category: dibawah 70 Juta
[2024-09-04T23:49:15.192+0700] {logging_mixin.py:188} INFO - Data for price category dibawah 40 Juta written to /home/miracle/mobil/scrape/output/mobil123/2024-09-04/mobil123_dibawah 40 Juta_2024-09-04.csv
[2024-09-04T23:49:15.756+0700] {logging_mixin.py:188} INFO - Fetching page 5 of 5 for price category: dibawah 50 Juta
[2024-09-04T23:49:16.377+0700] {logging_mixin.py:188} INFO - Sleeping for 2.79 seconds...
[2024-09-04T23:49:17.390+0700] {logging_mixin.py:188} INFO - Sleeping for 1.93 seconds...
[2024-09-04T23:49:17.500+0700] {logging_mixin.py:188} INFO - Fetching page 1 of 18 for price category: dibawah 80 Juta
[2024-09-04T23:49:17.586+0700] {logging_mixin.py:188} INFO - Fetching page 5 of 5 for price category: dibawah 60 Juta
[2024-09-04T23:49:18.715+0700] {logging_mixin.py:188} INFO - Sleeping for 2.39 seconds...
[2024-09-04T23:49:19.095+0700] {logging_mixin.py:188} INFO - Sleeping for 2.57 seconds...
[2024-09-04T23:49:19.171+0700] {logging_mixin.py:188} INFO - Fetching page 3 of 9 for price category: dibawah 70 Juta
[2024-09-04T23:49:19.334+0700] {logging_mixin.py:188} INFO - Data for price category dibawah 50 Juta written to /home/miracle/mobil/scrape/output/mobil123/2024-09-04/mobil123_dibawah 50 Juta_2024-09-04.csv
[2024-09-04T23:49:20.877+0700] {logging_mixin.py:188} INFO - Sleeping for 1.76 seconds...
[2024-09-04T23:49:21.147+0700] {logging_mixin.py:188} INFO - Data for price category dibawah 60 Juta written to /home/miracle/mobil/scrape/output/mobil123/2024-09-04/mobil123_dibawah 60 Juta_2024-09-04.csv
[2024-09-04T23:49:21.301+0700] {logging_mixin.py:188} INFO - Fetching page 1 of 32 for price category: dibawah 90 Juta
[2024-09-04T23:49:21.673+0700] {logging_mixin.py:188} INFO - Fetching page 2 of 18 for price category: dibawah 80 Juta
[2024-09-04T23:49:22.689+0700] {logging_mixin.py:188} INFO - Fetching page 4 of 9 for price category: dibawah 70 Juta
[2024-09-04T23:49:22.826+0700] {logging_mixin.py:188} INFO - Sleeping for 1.69 seconds...
[2024-09-04T23:49:23.237+0700] {logging_mixin.py:188} INFO - Sleeping for 2.74 seconds...
[2024-09-04T23:49:24.280+0700] {logging_mixin.py:188} INFO - Sleeping for 2.50 seconds...
[2024-09-04T23:49:24.519+0700] {logging_mixin.py:188} INFO - Fetching page 2 of 32 for price category: dibawah 90 Juta
[2024-09-04T23:49:26.121+0700] {logging_mixin.py:188} INFO - Fetching page 3 of 18 for price category: dibawah 80 Juta
[2024-09-04T23:49:26.455+0700] {logging_mixin.py:188} INFO - Sleeping for 1.72 seconds...
[2024-09-04T23:49:26.788+0700] {logging_mixin.py:188} INFO - Fetching page 5 of 9 for price category: dibawah 70 Juta
[2024-09-04T23:49:27.442+0700] {logging_mixin.py:188} INFO - Sleeping for 2.09 seconds...
[2024-09-04T23:49:28.188+0700] {logging_mixin.py:188} INFO - Fetching page 3 of 32 for price category: dibawah 90 Juta
[2024-09-04T23:49:28.190+0700] {logging_mixin.py:188} INFO - Sleeping for 1.85 seconds...
[2024-09-04T23:49:29.579+0700] {logging_mixin.py:188} INFO - Fetching page 4 of 18 for price category: dibawah 80 Juta
[2024-09-04T23:49:29.962+0700] {logging_mixin.py:188} INFO - Sleeping for 2.28 seconds...
[2024-09-04T23:49:30.039+0700] {logging_mixin.py:188} INFO - Fetching page 6 of 9 for price category: dibawah 70 Juta
[2024-09-04T23:49:30.958+0700] {logging_mixin.py:188} INFO - Sleeping for 1.51 seconds...
[2024-09-04T23:49:31.647+0700] {logging_mixin.py:188} INFO - Sleeping for 2.21 seconds...
[2024-09-04T23:49:32.244+0700] {logging_mixin.py:188} INFO - Fetching page 4 of 32 for price category: dibawah 90 Juta
[2024-09-04T23:49:32.466+0700] {logging_mixin.py:188} INFO - Fetching page 5 of 18 for price category: dibawah 80 Juta
[2024-09-04T23:49:33.669+0700] {logging_mixin.py:188} INFO - Sleeping for 1.65 seconds...
[2024-09-04T23:49:33.864+0700] {logging_mixin.py:188} INFO - Fetching page 7 of 9 for price category: dibawah 70 Juta
[2024-09-04T23:49:34.161+0700] {logging_mixin.py:188} INFO - Sleeping for 2.10 seconds...
[2024-09-04T23:49:35.561+0700] {logging_mixin.py:188} INFO - Fetching page 5 of 32 for price category: dibawah 90 Juta
[2024-09-04T23:49:35.673+0700] {logging_mixin.py:188} INFO - Sleeping for 2.62 seconds...
[2024-09-04T23:49:36.262+0700] {logging_mixin.py:188} INFO - Fetching page 6 of 18 for price category: dibawah 80 Juta
[2024-09-04T23:49:37.054+0700] {logging_mixin.py:188} INFO - Sleeping for 2.64 seconds...
[2024-09-04T23:49:37.506+0700] {logging_mixin.py:188} INFO - Sleeping for 2.77 seconds...
[2024-09-04T23:49:38.301+0700] {logging_mixin.py:188} INFO - Fetching page 8 of 9 for price category: dibawah 70 Juta
[2024-09-04T23:49:39.706+0700] {logging_mixin.py:188} INFO - Fetching page 6 of 32 for price category: dibawah 90 Juta
[2024-09-04T23:49:40.286+0700] {logging_mixin.py:188} INFO - Fetching page 7 of 18 for price category: dibawah 80 Juta
[2024-09-04T23:49:40.366+0700] {logging_mixin.py:188} INFO - Sleeping for 1.78 seconds...
[2024-09-04T23:49:41.550+0700] {logging_mixin.py:188} INFO - Sleeping for 1.79 seconds...
[2024-09-04T23:49:41.941+0700] {logging_mixin.py:188} INFO - Sleeping for 2.07 seconds...
[2024-09-04T23:49:42.151+0700] {logging_mixin.py:188} INFO - Fetching page 9 of 9 for price category: dibawah 70 Juta
[2024-09-04T23:49:43.387+0700] {logging_mixin.py:188} INFO - Fetching page 7 of 32 for price category: dibawah 90 Juta
[2024-09-04T23:49:43.578+0700] {logging_mixin.py:188} INFO - Sleeping for 2.88 seconds...
[2024-09-04T23:49:44.013+0700] {logging_mixin.py:188} INFO - Fetching page 8 of 18 for price category: dibawah 80 Juta
[2024-09-04T23:49:44.964+0700] {logging_mixin.py:188} INFO - Sleeping for 1.69 seconds...
[2024-09-04T23:49:45.396+0700] {logging_mixin.py:188} INFO - Sleeping for 2.89 seconds...
[2024-09-04T23:49:46.464+0700] {logging_mixin.py:188} INFO - Data for price category dibawah 70 Juta written to /home/miracle/mobil/scrape/output/mobil123/2024-09-04/mobil123_dibawah 70 Juta_2024-09-04.csv
[2024-09-04T23:49:46.655+0700] {logging_mixin.py:188} INFO - Fetching page 8 of 32 for price category: dibawah 90 Juta
[2024-09-04T23:49:48.293+0700] {logging_mixin.py:188} INFO - Fetching page 9 of 18 for price category: dibawah 80 Juta
[2024-09-04T23:49:48.297+0700] {logging_mixin.py:188} INFO - Sleeping for 2.96 seconds...
[2024-09-04T23:49:49.717+0700] {logging_mixin.py:188} INFO - Sleeping for 2.77 seconds...
[2024-09-04T23:49:51.260+0700] {logging_mixin.py:188} INFO - Fetching page 9 of 32 for price category: dibawah 90 Juta
[2024-09-04T23:49:52.490+0700] {logging_mixin.py:188} INFO - Fetching page 10 of 18 for price category: dibawah 80 Juta
[2024-09-04T23:49:53.214+0700] {logging_mixin.py:188} INFO - Sleeping for 2.76 seconds...
[2024-09-04T23:49:54.037+0700] {logging_mixin.py:188} INFO - Sleeping for 2.36 seconds...
[2024-09-04T23:49:55.979+0700] {logging_mixin.py:188} INFO - Fetching page 10 of 32 for price category: dibawah 90 Juta
[2024-09-04T23:49:56.400+0700] {logging_mixin.py:188} INFO - Fetching page 11 of 18 for price category: dibawah 80 Juta
[2024-09-04T23:49:57.691+0700] {logging_mixin.py:188} INFO - Sleeping for 2.14 seconds...
[2024-09-04T23:49:58.107+0700] {logging_mixin.py:188} INFO - Sleeping for 1.78 seconds...
[2024-09-04T23:49:59.835+0700] {logging_mixin.py:188} INFO - Fetching page 11 of 32 for price category: dibawah 90 Juta
[2024-09-04T23:49:59.886+0700] {logging_mixin.py:188} INFO - Fetching page 12 of 18 for price category: dibawah 80 Juta
[2024-09-04T23:50:01.848+0700] {logging_mixin.py:188} INFO - Sleeping for 2.82 seconds...
[2024-09-04T23:50:02.014+0700] {logging_mixin.py:188} INFO - Sleeping for 1.64 seconds...
[2024-09-04T23:50:03.661+0700] {logging_mixin.py:188} INFO - Fetching page 12 of 32 for price category: dibawah 90 Juta
[2024-09-04T23:50:04.689+0700] {logging_mixin.py:188} INFO - Fetching page 13 of 18 for price category: dibawah 80 Juta
[2024-09-04T23:50:05.076+0700] {logging_mixin.py:188} INFO - Sleeping for 1.66 seconds...
[2024-09-04T23:50:06.477+0700] {logging_mixin.py:188} INFO - Sleeping for 2.96 seconds...
[2024-09-04T23:50:06.734+0700] {logging_mixin.py:188} INFO - Fetching page 13 of 32 for price category: dibawah 90 Juta
[2024-09-04T23:50:08.090+0700] {logging_mixin.py:188} INFO - Sleeping for 2.07 seconds...
[2024-09-04T23:50:09.444+0700] {logging_mixin.py:188} INFO - Fetching page 14 of 18 for price category: dibawah 80 Juta
[2024-09-04T23:50:10.167+0700] {logging_mixin.py:188} INFO - Fetching page 14 of 32 for price category: dibawah 90 Juta
[2024-09-04T23:50:13.621+0700] {logging_mixin.py:188} INFO - Sleeping for 2.67 seconds...
[2024-09-04T23:50:14.570+0700] {logging_mixin.py:188} INFO - Sleeping for 2.29 seconds...
[2024-09-04T23:50:16.290+0700] {logging_mixin.py:188} INFO - Fetching page 15 of 18 for price category: dibawah 80 Juta
[2024-09-04T23:50:16.862+0700] {logging_mixin.py:188} INFO - Fetching page 15 of 32 for price category: dibawah 90 Juta
[2024-09-04T23:50:17.727+0700] {logging_mixin.py:188} INFO - Sleeping for 2.16 seconds...
[2024-09-04T23:50:18.686+0700] {logging_mixin.py:188} INFO - Sleeping for 2.85 seconds...
[2024-09-04T23:50:19.892+0700] {logging_mixin.py:188} INFO - Fetching page 16 of 18 for price category: dibawah 80 Juta
[2024-09-04T23:50:21.184+0700] {logging_mixin.py:188} INFO - Sleeping for 2.28 seconds...
[2024-09-04T23:50:21.539+0700] {logging_mixin.py:188} INFO - Fetching page 16 of 32 for price category: dibawah 90 Juta
[2024-09-04T23:50:23.052+0700] {logging_mixin.py:188} INFO - Sleeping for 1.51 seconds...
[2024-09-04T23:50:23.467+0700] {logging_mixin.py:188} INFO - Fetching page 17 of 18 for price category: dibawah 80 Juta
[2024-09-04T23:50:24.573+0700] {logging_mixin.py:188} INFO - Fetching page 17 of 32 for price category: dibawah 90 Juta
[2024-09-04T23:50:24.800+0700] {logging_mixin.py:188} INFO - Sleeping for 2.84 seconds...
[2024-09-04T23:50:26.342+0700] {logging_mixin.py:188} INFO - Sleeping for 1.99 seconds...
[2024-09-04T23:50:27.643+0700] {logging_mixin.py:188} INFO - Fetching page 18 of 18 for price category: dibawah 80 Juta
[2024-09-04T23:50:28.333+0700] {logging_mixin.py:188} INFO - Fetching page 18 of 32 for price category: dibawah 90 Juta
[2024-09-04T23:50:29.017+0700] {logging_mixin.py:188} INFO - Sleeping for 1.62 seconds...
[2024-09-04T23:50:29.604+0700] {logging_mixin.py:188} INFO - Sleeping for 2.77 seconds...
[2024-09-04T23:50:30.642+0700] {logging_mixin.py:188} INFO - Data for price category dibawah 80 Juta written to /home/miracle/mobil/scrape/output/mobil123/2024-09-04/mobil123_dibawah 80 Juta_2024-09-04.csv
[2024-09-04T23:50:32.373+0700] {logging_mixin.py:188} INFO - Fetching page 19 of 32 for price category: dibawah 90 Juta
[2024-09-04T23:50:34.321+0700] {logging_mixin.py:188} INFO - Sleeping for 2.19 seconds...
[2024-09-04T23:50:36.516+0700] {logging_mixin.py:188} INFO - Fetching page 20 of 32 for price category: dibawah 90 Juta
[2024-09-04T23:50:38.649+0700] {logging_mixin.py:188} INFO - Sleeping for 2.98 seconds...
[2024-09-04T23:50:41.631+0700] {logging_mixin.py:188} INFO - Fetching page 21 of 32 for price category: dibawah 90 Juta
[2024-09-04T23:50:43.468+0700] {logging_mixin.py:188} INFO - Sleeping for 2.96 seconds...
[2024-09-04T23:50:46.433+0700] {logging_mixin.py:188} INFO - Fetching page 22 of 32 for price category: dibawah 90 Juta
[2024-09-04T23:50:48.249+0700] {logging_mixin.py:188} INFO - Sleeping for 1.56 seconds...
[2024-09-04T23:50:49.808+0700] {logging_mixin.py:188} INFO - Fetching page 23 of 32 for price category: dibawah 90 Juta
[2024-09-04T23:50:51.046+0700] {logging_mixin.py:188} INFO - Sleeping for 2.89 seconds...
[2024-09-04T23:50:53.938+0700] {logging_mixin.py:188} INFO - Fetching page 24 of 32 for price category: dibawah 90 Juta
[2024-09-04T23:50:55.820+0700] {logging_mixin.py:188} INFO - Sleeping for 2.55 seconds...
[2024-09-04T23:50:58.375+0700] {logging_mixin.py:188} INFO - Fetching page 25 of 32 for price category: dibawah 90 Juta
[2024-09-04T23:50:59.545+0700] {logging_mixin.py:188} INFO - Sleeping for 2.67 seconds...
[2024-09-04T23:51:02.214+0700] {logging_mixin.py:188} INFO - Fetching page 26 of 32 for price category: dibawah 90 Juta
[2024-09-04T23:51:03.833+0700] {logging_mixin.py:188} INFO - Sleeping for 2.76 seconds...
[2024-09-04T23:51:06.593+0700] {logging_mixin.py:188} INFO - Fetching page 27 of 32 for price category: dibawah 90 Juta
[2024-09-04T23:51:11.166+0700] {logging_mixin.py:188} INFO - Sleeping for 2.72 seconds...
[2024-09-04T23:51:13.890+0700] {logging_mixin.py:188} INFO - Fetching page 28 of 32 for price category: dibawah 90 Juta
[2024-09-04T23:51:15.633+0700] {logging_mixin.py:188} INFO - Sleeping for 2.59 seconds...
[2024-09-04T23:51:18.228+0700] {logging_mixin.py:188} INFO - Fetching page 29 of 32 for price category: dibawah 90 Juta
[2024-09-04T23:51:19.579+0700] {logging_mixin.py:188} INFO - Sleeping for 2.60 seconds...
[2024-09-04T23:51:22.181+0700] {logging_mixin.py:188} INFO - Fetching page 30 of 32 for price category: dibawah 90 Juta
[2024-09-04T23:51:23.822+0700] {logging_mixin.py:188} INFO - Sleeping for 1.83 seconds...
[2024-09-04T23:51:25.657+0700] {logging_mixin.py:188} INFO - Fetching page 31 of 32 for price category: dibawah 90 Juta
[2024-09-04T23:51:27.159+0700] {logging_mixin.py:188} INFO - Sleeping for 2.11 seconds...
[2024-09-04T23:51:29.277+0700] {logging_mixin.py:188} INFO - Fetching page 32 of 32 for price category: dibawah 90 Juta
[2024-09-04T23:51:30.751+0700] {logging_mixin.py:188} INFO - Sleeping for 2.62 seconds...
[2024-09-04T23:51:33.384+0700] {logging_mixin.py:188} INFO - Data for price category dibawah 90 Juta written to /home/miracle/mobil/scrape/output/mobil123/2024-09-04/mobil123_dibawah 90 Juta_2024-09-04.csv
[2024-09-04T23:51:33.391+0700] {python.py:237} INFO - Done. Returned value was: None
[2024-09-04T23:51:33.392+0700] {taskinstance.py:441} INFO - ::group::Post task execution logs
[2024-09-04T23:51:33.412+0700] {taskinstance.py:1206} INFO - Marking task as SUCCESS. dag_id=scrap_mobil123, task_id=scrape_mobil123, run_id=manual__2024-09-04T16:48:54.030426+00:00, execution_date=20240904T164854, start_date=20240904T164855, end_date=20240904T165133
[2024-09-04T23:51:33.474+0700] {local_task_job_runner.py:243} INFO - Task exited with return code 0
[2024-09-04T23:51:33.512+0700] {taskinstance.py:3503} INFO - 1 downstream tasks scheduled from follow-on schedule check
[2024-09-04T23:51:33.515+0700] {local_task_job_runner.py:222} INFO - ::endgroup::
