[2024-08-31T20:25:38.876+0700] {local_task_job_runner.py:120} INFO - ::group::Pre task execution logs
[2024-08-31T20:25:39.108+0700] {taskinstance.py:2076} INFO - Dependencies all met for dep_context=non-requeueable deps ti=<TaskInstance: scrap_carmudi.scrape_carmudi scheduled__2024-08-28T00:00:00+00:00 [queued]>
[2024-08-31T20:25:39.125+0700] {taskinstance.py:2076} INFO - Dependencies all met for dep_context=requeueable deps ti=<TaskInstance: scrap_carmudi.scrape_carmudi scheduled__2024-08-28T00:00:00+00:00 [queued]>
[2024-08-31T20:25:39.125+0700] {taskinstance.py:2306} INFO - Starting attempt 1 of 2
[2024-08-31T20:25:39.151+0700] {taskinstance.py:2330} INFO - Executing <Task(PythonOperator): scrape_carmudi> on 2024-08-28 00:00:00+00:00
[2024-08-31T20:25:39.160+0700] {standard_task_runner.py:64} INFO - Started process 31396 to run task
[2024-08-31T20:25:39.165+0700] {standard_task_runner.py:90} INFO - Running: ['***', 'tasks', 'run', 'scrap_carmudi', 'scrape_carmudi', 'scheduled__2024-08-28T00:00:00+00:00', '--job-id', '156', '--raw', '--subdir', 'DAGS_FOLDER/carmudi/scrape_carmudi.py', '--cfg-path', '/tmp/tmpm65wreib']
[2024-08-31T20:25:39.168+0700] {standard_task_runner.py:91} INFO - Job 156: Subtask scrape_carmudi
[2024-08-31T20:25:39.246+0700] {task_command.py:426} INFO - Running <TaskInstance: scrap_carmudi.scrape_carmudi scheduled__2024-08-28T00:00:00+00:00 [running]> on host BrightHorizons.
[2024-08-31T20:25:39.383+0700] {taskinstance.py:2648} INFO - Exporting env vars: AIRFLOW_CTX_DAG_OWNER='***' AIRFLOW_CTX_DAG_ID='scrap_carmudi' AIRFLOW_CTX_TASK_ID='scrape_carmudi' AIRFLOW_CTX_EXECUTION_DATE='2024-08-28T00:00:00+00:00' AIRFLOW_CTX_TRY_NUMBER='1' AIRFLOW_CTX_DAG_RUN_ID='scheduled__2024-08-28T00:00:00+00:00'
[2024-08-31T20:25:39.385+0700] {taskinstance.py:430} INFO - ::endgroup::
[2024-08-31T20:25:42.350+0700] {logging_mixin.py:188} INFO - Fetching page 1 of 2 for price category: dibawah 40 Juta
[2024-08-31T20:25:42.412+0700] {logging_mixin.py:188} INFO - Fetching page 1 of 2 for price category: dibawah 50 Juta
[2024-08-31T20:25:42.891+0700] {logging_mixin.py:188} INFO - Fetching page 1 of 1 for price category: dibawah 30 Juta
[2024-08-31T20:25:43.292+0700] {logging_mixin.py:188} INFO - Fetching page 1 of 3 for price category: dibawah 60 Juta
[2024-08-31T20:25:44.007+0700] {logging_mixin.py:188} INFO - Sleeping for 2.45 seconds...
[2024-08-31T20:25:44.258+0700] {logging_mixin.py:188} INFO - Sleeping for 2.85 seconds...
[2024-08-31T20:25:44.448+0700] {logging_mixin.py:188} INFO - Sleeping for 2.53 seconds...
[2024-08-31T20:25:45.277+0700] {logging_mixin.py:188} INFO - Sleeping for 2.77 seconds...
[2024-08-31T20:25:46.474+0700] {logging_mixin.py:188} INFO - Fetching page 2 of 2 for price category: dibawah 50 Juta
[2024-08-31T20:25:46.977+0700] {logging_mixin.py:188} INFO - Data for price category dibawah 30 Juta written to /home/miracle/mobil/scrape/output/carmudi/2024-08-31/carmudi_dibawah 30 Juta_2024-08-31.csv
[2024-08-31T20:25:47.107+0700] {logging_mixin.py:188} INFO - Fetching page 2 of 2 for price category: dibawah 40 Juta
[2024-08-31T20:25:48.059+0700] {logging_mixin.py:188} INFO - Fetching page 2 of 3 for price category: dibawah 60 Juta
[2024-08-31T20:25:48.085+0700] {logging_mixin.py:188} INFO - Sleeping for 2.16 seconds...
[2024-08-31T20:25:49.837+0700] {logging_mixin.py:188} INFO - Sleeping for 2.01 seconds...
[2024-08-31T20:25:50.244+0700] {logging_mixin.py:188} INFO - Data for price category dibawah 50 Juta written to /home/miracle/mobil/scrape/output/carmudi/2024-08-31/carmudi_dibawah 50 Juta_2024-08-31.csv
[2024-08-31T20:25:51.176+0700] {logging_mixin.py:188} INFO - Fetching page 1 of 4 for price category: dibawah 70 Juta
[2024-08-31T20:25:52.144+0700] {logging_mixin.py:188} INFO - Data for price category dibawah 40 Juta written to /home/miracle/mobil/scrape/output/carmudi/2024-08-31/carmudi_dibawah 40 Juta_2024-08-31.csv
[2024-08-31T20:25:52.168+0700] {logging_mixin.py:188} INFO - Sleeping for 2.18 seconds...
[2024-08-31T20:25:54.046+0700] {logging_mixin.py:188} INFO - Sleeping for 1.94 seconds...
[2024-08-31T20:25:54.345+0700] {logging_mixin.py:188} INFO - Fetching page 3 of 3 for price category: dibawah 60 Juta
[2024-08-31T20:25:54.757+0700] {logging_mixin.py:188} INFO - Fetching page 1 of 5 for price category: dibawah 80 Juta
[2024-08-31T20:25:55.985+0700] {logging_mixin.py:188} INFO - Fetching page 2 of 4 for price category: dibawah 70 Juta
[2024-08-31T20:25:57.494+0700] {logging_mixin.py:188} INFO - Fetching page 1 of 9 for price category: dibawah 90 Juta
[2024-08-31T20:25:57.654+0700] {logging_mixin.py:188} INFO - Sleeping for 2.72 seconds...
[2024-08-31T20:25:58.956+0700] {logging_mixin.py:188} INFO - Sleeping for 2.45 seconds...
[2024-08-31T20:25:58.976+0700] {logging_mixin.py:188} INFO - Sleeping for 1.72 seconds...
[2024-08-31T20:25:59.425+0700] {logging_mixin.py:188} INFO - Sleeping for 2.21 seconds...
[2024-08-31T20:26:00.378+0700] {logging_mixin.py:188} INFO - Data for price category dibawah 60 Juta written to /home/miracle/mobil/scrape/output/carmudi/2024-08-31/carmudi_dibawah 60 Juta_2024-08-31.csv
[2024-08-31T20:26:00.701+0700] {logging_mixin.py:188} INFO - Fetching page 2 of 5 for price category: dibawah 80 Juta
[2024-08-31T20:26:01.416+0700] {logging_mixin.py:188} INFO - Fetching page 3 of 4 for price category: dibawah 70 Juta
[2024-08-31T20:26:01.633+0700] {logging_mixin.py:188} INFO - Fetching page 2 of 9 for price category: dibawah 90 Juta
[2024-08-31T20:26:02.555+0700] {logging_mixin.py:188} INFO - Sleeping for 1.63 seconds...
[2024-08-31T20:26:03.232+0700] {logging_mixin.py:188} INFO - Sleeping for 2.49 seconds...
[2024-08-31T20:26:03.582+0700] {logging_mixin.py:188} INFO - Sleeping for 2.69 seconds...
[2024-08-31T20:26:04.192+0700] {logging_mixin.py:188} INFO - Fetching page 3 of 5 for price category: dibawah 80 Juta
[2024-08-31T20:26:05.724+0700] {logging_mixin.py:188} INFO - Fetching page 3 of 9 for price category: dibawah 90 Juta
[2024-08-31T20:26:06.277+0700] {logging_mixin.py:188} INFO - Fetching page 4 of 4 for price category: dibawah 70 Juta
[2024-08-31T20:26:07.692+0700] {logging_mixin.py:188} INFO - Sleeping for 2.87 seconds...
[2024-08-31T20:26:09.375+0700] {logging_mixin.py:188} INFO - Sleeping for 1.85 seconds...
[2024-08-31T20:26:09.484+0700] {logging_mixin.py:188} INFO - Sleeping for 2.68 seconds...
[2024-08-31T20:26:09.525+0700] {local_task_job_runner.py:313} WARNING - State of this instance has been externally set to success. Terminating instance.
[2024-08-31T20:26:09.526+0700] {local_task_job_runner.py:222} INFO - ::endgroup::
[2024-08-31T20:26:09.530+0700] {process_utils.py:132} INFO - Sending 15 to group 31396. PIDs of all processes in the group: [31396]
[2024-08-31T20:26:09.530+0700] {process_utils.py:87} INFO - Sending the signal 15 to group 31396
[2024-08-31T20:26:09.530+0700] {taskinstance.py:2611} ERROR - Received SIGTERM. Terminating subprocesses.
[2024-08-31T20:26:10.563+0700] {logging_mixin.py:188} INFO - Fetching page 4 of 5 for price category: dibawah 80 Juta
[2024-08-31T20:26:11.242+0700] {logging_mixin.py:188} INFO - Data for price category dibawah 70 Juta written to /home/miracle/mobil/scrape/output/carmudi/2024-08-31/carmudi_dibawah 70 Juta_2024-08-31.csv
[2024-08-31T20:26:11.716+0700] {logging_mixin.py:188} INFO - Sleeping for 2.25 seconds...
[2024-08-31T20:26:12.167+0700] {logging_mixin.py:188} INFO - Fetching page 4 of 9 for price category: dibawah 90 Juta
[2024-08-31T20:26:13.719+0700] {logging_mixin.py:188} INFO - Sleeping for 2.45 seconds...
[2024-08-31T20:26:13.971+0700] {logging_mixin.py:188} INFO - Fetching page 5 of 5 for price category: dibawah 80 Juta
[2024-08-31T20:26:15.336+0700] {logging_mixin.py:188} INFO - Sleeping for 2.83 seconds...
[2024-08-31T20:26:16.173+0700] {logging_mixin.py:188} INFO - Fetching page 5 of 9 for price category: dibawah 90 Juta
[2024-08-31T20:26:17.439+0700] {logging_mixin.py:188} INFO - Sleeping for 2.87 seconds...
[2024-08-31T20:26:18.169+0700] {logging_mixin.py:188} INFO - Data for price category dibawah 80 Juta written to /home/miracle/mobil/scrape/output/carmudi/2024-08-31/carmudi_dibawah 80 Juta_2024-08-31.csv
[2024-08-31T20:26:20.311+0700] {logging_mixin.py:188} INFO - Fetching page 6 of 9 for price category: dibawah 90 Juta
[2024-08-31T20:26:22.187+0700] {logging_mixin.py:188} INFO - Sleeping for 2.18 seconds...
[2024-08-31T20:26:24.373+0700] {logging_mixin.py:188} INFO - Fetching page 7 of 9 for price category: dibawah 90 Juta
[2024-08-31T20:26:25.914+0700] {logging_mixin.py:188} INFO - Sleeping for 2.85 seconds...
[2024-08-31T20:26:28.765+0700] {logging_mixin.py:188} INFO - Fetching page 8 of 9 for price category: dibawah 90 Juta
[2024-08-31T20:26:29.877+0700] {logging_mixin.py:188} INFO - Sleeping for 1.86 seconds...
[2024-08-31T20:26:31.738+0700] {logging_mixin.py:188} INFO - Fetching page 9 of 9 for price category: dibawah 90 Juta
[2024-08-31T20:26:32.970+0700] {logging_mixin.py:188} INFO - Sleeping for 2.88 seconds...
[2024-08-31T20:26:35.855+0700] {logging_mixin.py:188} INFO - Data for price category dibawah 90 Juta written to /home/miracle/mobil/scrape/output/carmudi/2024-08-31/carmudi_dibawah 90 Juta_2024-08-31.csv
[2024-08-31T20:26:35.856+0700] {taskinstance.py:441} INFO - ::group::Post task execution logs
[2024-08-31T20:26:35.868+0700] {taskinstance.py:2905} ERROR - Task failed with exception
Traceback (most recent call last):
  File "/usr/local/lib/python3.10/dist-packages/airflow/models/taskinstance.py", line 465, in _execute_task
    result = _execute_callable(context=context, **execute_callable_kwargs)
  File "/usr/local/lib/python3.10/dist-packages/airflow/models/taskinstance.py", line 432, in _execute_callable
    return execute_callable(context=context, **execute_callable_kwargs)
  File "/usr/local/lib/python3.10/dist-packages/airflow/models/baseoperator.py", line 401, in wrapper
    return func(self, *args, **kwargs)
  File "/usr/local/lib/python3.10/dist-packages/airflow/operators/python.py", line 235, in execute
    return_value = self.execute_callable()
  File "/usr/local/lib/python3.10/dist-packages/airflow/operators/python.py", line 252, in execute_callable
    return self.python_callable(*self.op_args, **self.op_kwargs)
  File "/home/miracle/mobil/scrape/script/carmudi/carmudi.py", line 208, in carmudi_scrape
    future.result()
  File "/usr/lib/python3.10/concurrent/futures/_base.py", line 453, in result
    self._condition.wait(timeout)
  File "/usr/lib/python3.10/threading.py", line 320, in wait
    waiter.acquire()
  File "/usr/local/lib/python3.10/dist-packages/airflow/models/taskinstance.py", line 2613, in signal_handler
    raise AirflowTaskTerminated("Task received SIGTERM signal")
airflow.exceptions.AirflowTaskTerminated: Task received SIGTERM signal
[2024-08-31T20:26:35.871+0700] {taskinstance.py:1206} INFO - Marking task as FAILED. dag_id=scrap_carmudi, task_id=scrape_carmudi, run_id=scheduled__2024-08-28T00:00:00+00:00, execution_date=20240828T000000, start_date=20240831T132539, end_date=20240831T132635
[2024-08-31T20:26:35.882+0700] {standard_task_runner.py:110} ERROR - Failed to execute job 156 for task scrape_carmudi ((psycopg2.errors.ForeignKeyViolation) insert or update on table "task_fail" violates foreign key constraint "task_fail_ti_fkey"
DETAIL:  Key (dag_id, task_id, run_id, map_index)=(scrap_carmudi, scrape_carmudi, scheduled__2024-08-28T00:00:00+00:00, -1) is not present in table "task_instance".

[SQL: INSERT INTO task_fail (task_id, dag_id, run_id, map_index, start_date, end_date, duration) VALUES (%(task_id)s, %(dag_id)s, %(run_id)s, %(map_index)s, %(start_date)s, %(end_date)s, %(duration)s) RETURNING task_fail.id]
[parameters: {'task_id': 'scrape_carmudi', 'dag_id': 'scrap_carmudi', 'run_id': 'scheduled__2024-08-28T00:00:00+00:00', 'map_index': -1, 'start_date': datetime.datetime(2024, 8, 31, 13, 25, 39, 109645, tzinfo=Timezone('UTC')), 'end_date': datetime.datetime(2024, 8, 31, 13, 26, 35, 871112, tzinfo=Timezone('UTC')), 'duration': 56}]
(Background on this error at: https://sqlalche.me/e/14/gkpj); 31396)
[2024-08-31T20:26:35.916+0700] {process_utils.py:80} INFO - Process psutil.Process(pid=31396, status='terminated', exitcode=1, started='20:25:38') (31396) terminated with exit code 1
