[2024-09-01T07:00:01.364+0700] {local_task_job_runner.py:120} INFO - ::group::Pre task execution logs
[2024-09-01T07:00:01.830+0700] {taskinstance.py:2076} INFO - Dependencies all met for dep_context=non-requeueable deps ti=<TaskInstance: scrap_carmudi.scrape_carmudi scheduled__2024-08-31T00:00:00+00:00 [queued]>
[2024-09-01T07:00:01.846+0700] {taskinstance.py:2076} INFO - Dependencies all met for dep_context=requeueable deps ti=<TaskInstance: scrap_carmudi.scrape_carmudi scheduled__2024-08-31T00:00:00+00:00 [queued]>
[2024-09-01T07:00:01.848+0700] {taskinstance.py:2306} INFO - Starting attempt 1 of 2
[2024-09-01T07:00:01.869+0700] {taskinstance.py:2330} INFO - Executing <Task(PythonOperator): scrape_carmudi> on 2024-08-31 00:00:00+00:00
[2024-09-01T07:00:01.880+0700] {standard_task_runner.py:64} INFO - Started process 221276 to run task
[2024-09-01T07:00:01.892+0700] {standard_task_runner.py:90} INFO - Running: ['***', 'tasks', 'run', 'scrap_carmudi', 'scrape_carmudi', 'scheduled__2024-08-31T00:00:00+00:00', '--job-id', '206', '--raw', '--subdir', 'DAGS_FOLDER/carmudi/scrape_carmudi.py', '--cfg-path', '/tmp/tmpiggdophp']
[2024-09-01T07:00:01.905+0700] {standard_task_runner.py:91} INFO - Job 206: Subtask scrape_carmudi
[2024-09-01T07:00:02.122+0700] {task_command.py:426} INFO - Running <TaskInstance: scrap_carmudi.scrape_carmudi scheduled__2024-08-31T00:00:00+00:00 [running]> on host BrightHorizons.
[2024-09-01T07:00:02.429+0700] {taskinstance.py:2648} INFO - Exporting env vars: AIRFLOW_CTX_DAG_OWNER='***' AIRFLOW_CTX_DAG_ID='scrap_carmudi' AIRFLOW_CTX_TASK_ID='scrape_carmudi' AIRFLOW_CTX_EXECUTION_DATE='2024-08-31T00:00:00+00:00' AIRFLOW_CTX_TRY_NUMBER='1' AIRFLOW_CTX_DAG_RUN_ID='scheduled__2024-08-31T00:00:00+00:00'
[2024-09-01T07:00:02.432+0700] {taskinstance.py:430} INFO - ::endgroup::
[2024-09-01T07:00:09.265+0700] {logging_mixin.py:188} INFO - Fetching page 1 of 1 for price category: dibawah 30 Juta
[2024-09-01T07:00:09.296+0700] {logging_mixin.py:188} INFO - Fetching page 1 of 2 for price category: dibawah 50 Juta
[2024-09-01T07:00:09.490+0700] {logging_mixin.py:188} INFO - Fetching page 1 of 2 for price category: dibawah 40 Juta
[2024-09-01T07:00:09.495+0700] {logging_mixin.py:188} INFO - Fetching page 1 of 3 for price category: dibawah 60 Juta
[2024-09-01T07:00:13.148+0700] {logging_mixin.py:188} INFO - Sleeping for 2.18 seconds...
[2024-09-01T07:00:13.407+0700] {logging_mixin.py:188} INFO - Sleeping for 2.33 seconds...
[2024-09-01T07:00:15.333+0700] {logging_mixin.py:188} INFO - Fetching page 2 of 3 for price category: dibawah 60 Juta
[2024-09-01T07:00:15.743+0700] {logging_mixin.py:188} INFO - Fetching page 2 of 2 for price category: dibawah 40 Juta
[2024-09-01T07:00:15.775+0700] {logging_mixin.py:188} INFO - Sleeping for 2.82 seconds...
[2024-09-01T07:00:17.653+0700] {logging_mixin.py:188} INFO - Sleeping for 1.73 seconds...
[2024-09-01T07:00:18.601+0700] {logging_mixin.py:188} INFO - Fetching page 2 of 2 for price category: dibawah 50 Juta
[2024-09-01T07:00:19.417+0700] {logging_mixin.py:188} INFO - Data for price category dibawah 40 Juta written to /home/miracle/mobil/scrape/output/carmudi/2024-09-01/carmudi_dibawah 40 Juta_2024-09-01.csv
[2024-09-01T07:00:19.951+0700] {logging_mixin.py:188} INFO - Sleeping for 2.57 seconds...
[2024-09-01T07:00:20.362+0700] {logging_mixin.py:188} INFO - Sleeping for 1.75 seconds...
[2024-09-01T07:00:22.115+0700] {logging_mixin.py:188} INFO - Data for price category dibawah 30 Juta written to /home/miracle/mobil/scrape/output/carmudi/2024-09-01/carmudi_dibawah 30 Juta_2024-09-01.csv
[2024-09-01T07:00:22.533+0700] {logging_mixin.py:188} INFO - Fetching page 3 of 3 for price category: dibawah 60 Juta
[2024-09-01T07:00:22.678+0700] {logging_mixin.py:188} INFO - Sleeping for 2.57 seconds...
[2024-09-01T07:00:25.406+0700] {logging_mixin.py:188} INFO - Data for price category dibawah 50 Juta written to /home/miracle/mobil/scrape/output/carmudi/2024-09-01/carmudi_dibawah 50 Juta_2024-09-01.csv
[2024-09-01T07:00:26.069+0700] {logging_mixin.py:188} INFO - Sleeping for 1.52 seconds...
[2024-09-01T07:00:26.913+0700] {logging_mixin.py:188} INFO - Fetching page 1 of 5 for price category: dibawah 80 Juta
[2024-09-01T07:00:26.988+0700] {logging_mixin.py:188} INFO - Fetching page 1 of 4 for price category: dibawah 70 Juta
[2024-09-01T07:00:27.598+0700] {logging_mixin.py:188} INFO - Data for price category dibawah 60 Juta written to /home/miracle/mobil/scrape/output/carmudi/2024-09-01/carmudi_dibawah 60 Juta_2024-09-01.csv
[2024-09-01T07:00:29.370+0700] {logging_mixin.py:188} INFO - Fetching page 1 of 9 for price category: dibawah 90 Juta
[2024-09-01T07:00:30.133+0700] {logging_mixin.py:188} INFO - Sleeping for 1.81 seconds...
[2024-09-01T07:00:30.177+0700] {logging_mixin.py:188} INFO - Sleeping for 2.02 seconds...
[2024-09-01T07:00:31.955+0700] {logging_mixin.py:188} INFO - Fetching page 2 of 4 for price category: dibawah 70 Juta
[2024-09-01T07:00:32.200+0700] {logging_mixin.py:188} INFO - Fetching page 2 of 5 for price category: dibawah 80 Juta
[2024-09-01T07:00:32.986+0700] {logging_mixin.py:188} INFO - Sleeping for 2.06 seconds...
[2024-09-01T07:00:35.044+0700] {logging_mixin.py:188} INFO - Fetching page 2 of 9 for price category: dibawah 90 Juta
[2024-09-01T07:00:36.878+0700] {logging_mixin.py:188} INFO - Sleeping for 2.54 seconds...
[2024-09-01T07:00:37.654+0700] {logging_mixin.py:188} INFO - Sleeping for 2.85 seconds...
[2024-09-01T07:00:39.423+0700] {logging_mixin.py:188} INFO - Fetching page 3 of 5 for price category: dibawah 80 Juta
[2024-09-01T07:00:40.195+0700] {logging_mixin.py:188} INFO - Sleeping for 1.52 seconds...
[2024-09-01T07:00:40.505+0700] {logging_mixin.py:188} INFO - Fetching page 3 of 9 for price category: dibawah 90 Juta
[2024-09-01T07:00:41.726+0700] {logging_mixin.py:188} INFO - Fetching page 3 of 4 for price category: dibawah 70 Juta
[2024-09-01T07:00:42.056+0700] {logging_mixin.py:188} INFO - Sleeping for 2.04 seconds...
[2024-09-01T07:00:43.214+0700] {logging_mixin.py:188} INFO - Sleeping for 1.51 seconds...
[2024-09-01T07:00:44.102+0700] {logging_mixin.py:188} INFO - Fetching page 4 of 5 for price category: dibawah 80 Juta
[2024-09-01T07:00:44.773+0700] {logging_mixin.py:188} INFO - Fetching page 4 of 9 for price category: dibawah 90 Juta
[2024-09-01T07:00:44.852+0700] {logging_mixin.py:188} INFO - Sleeping for 2.38 seconds...
[2024-09-01T07:00:46.516+0700] {logging_mixin.py:188} INFO - Sleeping for 2.58 seconds...
[2024-09-01T07:00:47.167+0700] {logging_mixin.py:188} INFO - Sleeping for 2.61 seconds...
[2024-09-01T07:00:47.232+0700] {logging_mixin.py:188} INFO - Fetching page 4 of 4 for price category: dibawah 70 Juta
[2024-09-01T07:00:49.100+0700] {logging_mixin.py:188} INFO - Fetching page 5 of 5 for price category: dibawah 80 Juta
[2024-09-01T07:00:49.618+0700] {logging_mixin.py:188} INFO - Sleeping for 2.04 seconds...
[2024-09-01T07:00:49.778+0700] {logging_mixin.py:188} INFO - Fetching page 5 of 9 for price category: dibawah 90 Juta
[2024-09-01T07:00:50.920+0700] {logging_mixin.py:188} INFO - Sleeping for 2.15 seconds...
[2024-09-01T07:00:51.667+0700] {logging_mixin.py:188} INFO - Data for price category dibawah 70 Juta written to /home/miracle/mobil/scrape/output/carmudi/2024-09-01/carmudi_dibawah 70 Juta_2024-09-01.csv
[2024-09-01T07:00:52.152+0700] {logging_mixin.py:188} INFO - Sleeping for 2.60 seconds...
[2024-09-01T07:00:53.081+0700] {logging_mixin.py:188} INFO - Data for price category dibawah 80 Juta written to /home/miracle/mobil/scrape/output/carmudi/2024-09-01/carmudi_dibawah 80 Juta_2024-09-01.csv
[2024-09-01T07:00:54.758+0700] {logging_mixin.py:188} INFO - Fetching page 6 of 9 for price category: dibawah 90 Juta
[2024-09-01T07:00:57.130+0700] {logging_mixin.py:188} INFO - Sleeping for 1.74 seconds...
[2024-09-01T07:00:58.870+0700] {logging_mixin.py:188} INFO - Fetching page 7 of 9 for price category: dibawah 90 Juta
[2024-09-01T07:01:00.530+0700] {logging_mixin.py:188} INFO - Sleeping for 2.22 seconds...
[2024-09-01T07:01:02.747+0700] {logging_mixin.py:188} INFO - Fetching page 8 of 9 for price category: dibawah 90 Juta
[2024-09-01T07:01:04.655+0700] {logging_mixin.py:188} INFO - Sleeping for 2.46 seconds...
[2024-09-01T07:01:07.118+0700] {logging_mixin.py:188} INFO - Fetching page 9 of 9 for price category: dibawah 90 Juta
[2024-09-01T07:01:08.812+0700] {logging_mixin.py:188} INFO - Sleeping for 2.09 seconds...
[2024-09-01T07:01:10.905+0700] {logging_mixin.py:188} INFO - Data for price category dibawah 90 Juta written to /home/miracle/mobil/scrape/output/carmudi/2024-09-01/carmudi_dibawah 90 Juta_2024-09-01.csv
[2024-09-01T07:01:10.909+0700] {python.py:237} INFO - Done. Returned value was: None
[2024-09-01T07:01:10.910+0700] {taskinstance.py:441} INFO - ::group::Post task execution logs
[2024-09-01T07:01:10.933+0700] {taskinstance.py:1206} INFO - Marking task as SUCCESS. dag_id=scrap_carmudi, task_id=scrape_carmudi, run_id=scheduled__2024-08-31T00:00:00+00:00, execution_date=20240831T000000, start_date=20240901T000001, end_date=20240901T000110
[2024-09-01T07:01:10.992+0700] {local_task_job_runner.py:243} INFO - Task exited with return code 0
[2024-09-01T07:01:11.037+0700] {taskinstance.py:3503} INFO - 1 downstream tasks scheduled from follow-on schedule check
[2024-09-01T07:01:11.042+0700] {local_task_job_runner.py:222} INFO - ::endgroup::
