[2024-08-31T20:25:51.807+0700] {local_task_job_runner.py:120} INFO - ::group::Pre task execution logs
[2024-08-31T20:25:52.007+0700] {taskinstance.py:2076} INFO - Dependencies all met for dep_context=non-requeueable deps ti=<TaskInstance: scrap_carmudi.modify_data scheduled__2024-08-25T00:00:00+00:00 [queued]>
[2024-08-31T20:25:52.017+0700] {taskinstance.py:2076} INFO - Dependencies all met for dep_context=requeueable deps ti=<TaskInstance: scrap_carmudi.modify_data scheduled__2024-08-25T00:00:00+00:00 [queued]>
[2024-08-31T20:25:52.018+0700] {taskinstance.py:2306} INFO - Starting attempt 1 of 2
[2024-08-31T20:25:52.034+0700] {taskinstance.py:2330} INFO - Executing <Task(SparkSubmitOperator): modify_data> on 2024-08-25 00:00:00+00:00
[2024-08-31T20:25:52.038+0700] {standard_task_runner.py:64} INFO - Started process 31539 to run task
[2024-08-31T20:25:52.041+0700] {standard_task_runner.py:90} INFO - Running: ['***', 'tasks', 'run', 'scrap_carmudi', 'modify_data', 'scheduled__2024-08-25T00:00:00+00:00', '--job-id', '159', '--raw', '--subdir', 'DAGS_FOLDER/carmudi/scrape_carmudi.py', '--cfg-path', '/tmp/tmpp5eaanpt']
[2024-08-31T20:25:52.043+0700] {standard_task_runner.py:91} INFO - Job 159: Subtask modify_data
[2024-08-31T20:25:52.112+0700] {task_command.py:426} INFO - Running <TaskInstance: scrap_carmudi.modify_data scheduled__2024-08-25T00:00:00+00:00 [running]> on host BrightHorizons.
[2024-08-31T20:25:52.206+0700] {taskinstance.py:2648} INFO - Exporting env vars: AIRFLOW_CTX_DAG_OWNER='***' AIRFLOW_CTX_DAG_ID='scrap_carmudi' AIRFLOW_CTX_TASK_ID='modify_data' AIRFLOW_CTX_EXECUTION_DATE='2024-08-25T00:00:00+00:00' AIRFLOW_CTX_TRY_NUMBER='1' AIRFLOW_CTX_DAG_RUN_ID='scheduled__2024-08-25T00:00:00+00:00'
[2024-08-31T20:25:52.207+0700] {taskinstance.py:430} INFO - ::endgroup::
[2024-08-31T20:25:52.227+0700] {base.py:84} INFO - Using connection ID 'spark_local' for task execution.
[2024-08-31T20:25:52.228+0700] {spark_submit.py:403} INFO - Spark-Submit cmd: spark-submit --master local[*] --name arrow-spark --deploy-mode client /home/miracle/mobil/spark/carmudi.py
[2024-08-31T20:25:54.002+0700] {spark_submit.py:579} INFO - 24/08/31 20:25:54 WARN Utils: Your hostname, BrightHorizons resolves to a loopback address: 127.0.1.1; using 10.255.255.254 instead (on interface lo)
[2024-08-31T20:25:54.006+0700] {spark_submit.py:579} INFO - 24/08/31 20:25:54 WARN Utils: Set SPARK_LOCAL_IP if you need to bind to another address
[2024-08-31T20:25:54.916+0700] {spark_submit.py:579} INFO - python3: can't open file '/home/miracle/mobil/spark/carmudi.py': [Errno 2] No such file or directory
[2024-08-31T20:25:54.931+0700] {spark_submit.py:579} INFO - 24/08/31 20:25:54 INFO ShutdownHookManager: Shutdown hook called
[2024-08-31T20:25:54.932+0700] {spark_submit.py:579} INFO - 24/08/31 20:25:54 INFO ShutdownHookManager: Deleting directory /tmp/spark-e4389ec3-7771-4d06-ac2d-a5264c224213
[2024-08-31T20:25:54.969+0700] {taskinstance.py:441} INFO - ::group::Post task execution logs
[2024-08-31T20:25:54.982+0700] {taskinstance.py:2905} ERROR - Task failed with exception
Traceback (most recent call last):
  File "/usr/local/lib/python3.10/dist-packages/airflow/models/taskinstance.py", line 465, in _execute_task
    result = _execute_callable(context=context, **execute_callable_kwargs)
  File "/usr/local/lib/python3.10/dist-packages/airflow/models/taskinstance.py", line 432, in _execute_callable
    return execute_callable(context=context, **execute_callable_kwargs)
  File "/usr/local/lib/python3.10/dist-packages/airflow/models/baseoperator.py", line 401, in wrapper
    return func(self, *args, **kwargs)
  File "/usr/local/lib/python3.10/dist-packages/airflow/providers/apache/spark/operators/spark_submit.py", line 174, in execute
    self._hook.submit(self.application)
  File "/usr/local/lib/python3.10/dist-packages/airflow/providers/apache/spark/hooks/spark_submit.py", line 505, in submit
    raise AirflowException(
airflow.exceptions.AirflowException: Cannot execute: spark-submit --master local[*] --name arrow-spark --deploy-mode client /home/miracle/mobil/spark/carmudi.py. Error code is: 2.
[2024-08-31T20:25:54.987+0700] {taskinstance.py:1206} INFO - Marking task as UP_FOR_RETRY. dag_id=scrap_carmudi, task_id=modify_data, run_id=scheduled__2024-08-25T00:00:00+00:00, execution_date=20240825T000000, start_date=20240831T132552, end_date=20240831T132554
[2024-08-31T20:25:55.001+0700] {standard_task_runner.py:110} ERROR - Failed to execute job 159 for task modify_data (Cannot execute: spark-submit --master local[*] --name arrow-spark --deploy-mode client /home/miracle/mobil/spark/carmudi.py. Error code is: 2.; 31539)
[2024-08-31T20:25:55.026+0700] {local_task_job_runner.py:243} INFO - Task exited with return code 1
[2024-08-31T20:25:55.045+0700] {taskinstance.py:3503} INFO - 0 downstream tasks scheduled from follow-on schedule check
[2024-08-31T20:25:55.047+0700] {local_task_job_runner.py:222} INFO - ::endgroup::
