[2024-09-22T15:10:40.282+0700] {local_task_job_runner.py:120} INFO - ::group::Pre task execution logs
[2024-09-22T15:10:40.518+0700] {taskinstance.py:2076} INFO - Dependencies all met for dep_context=non-requeueable deps ti=<TaskInstance: scrap_carmudi.scrape_carmudi scheduled__2024-09-06T00:00:00+00:00 [queued]>
[2024-09-22T15:10:40.528+0700] {taskinstance.py:2076} INFO - Dependencies all met for dep_context=requeueable deps ti=<TaskInstance: scrap_carmudi.scrape_carmudi scheduled__2024-09-06T00:00:00+00:00 [queued]>
[2024-09-22T15:10:40.529+0700] {taskinstance.py:2306} INFO - Starting attempt 1 of 2
[2024-09-22T15:10:40.545+0700] {taskinstance.py:2330} INFO - Executing <Task(PythonOperator): scrape_carmudi> on 2024-09-06 00:00:00+00:00
[2024-09-22T15:10:40.549+0700] {standard_task_runner.py:64} INFO - Started process 242170 to run task
[2024-09-22T15:10:40.552+0700] {standard_task_runner.py:90} INFO - Running: ['***', 'tasks', 'run', 'scrap_carmudi', 'scrape_carmudi', 'scheduled__2024-09-06T00:00:00+00:00', '--job-id', '245', '--raw', '--subdir', 'DAGS_FOLDER/carmudi/scrape_carmudi.py', '--cfg-path', '/tmp/tmpjzqcn_2i']
[2024-09-22T15:10:40.554+0700] {standard_task_runner.py:91} INFO - Job 245: Subtask scrape_carmudi
[2024-09-22T15:10:40.617+0700] {task_command.py:426} INFO - Running <TaskInstance: scrap_carmudi.scrape_carmudi scheduled__2024-09-06T00:00:00+00:00 [running]> on host BrightHorizons.
[2024-09-22T15:10:40.740+0700] {taskinstance.py:2648} INFO - Exporting env vars: AIRFLOW_CTX_DAG_OWNER='***' AIRFLOW_CTX_DAG_ID='scrap_carmudi' AIRFLOW_CTX_TASK_ID='scrape_carmudi' AIRFLOW_CTX_EXECUTION_DATE='2024-09-06T00:00:00+00:00' AIRFLOW_CTX_TRY_NUMBER='1' AIRFLOW_CTX_DAG_RUN_ID='scheduled__2024-09-06T00:00:00+00:00'
[2024-09-22T15:10:40.742+0700] {taskinstance.py:430} INFO - ::endgroup::
[2024-09-22T15:10:43.073+0700] {logging_mixin.py:188} INFO - Fetching page 1 of 1 for price category: dibawah 30 Juta
[2024-09-22T15:10:44.402+0700] {logging_mixin.py:188} INFO - Fetching page 1 of 3 for price category: dibawah 60 Juta
[2024-09-22T15:10:44.542+0700] {logging_mixin.py:188} INFO - Fetching page 1 of 2 for price category: dibawah 50 Juta
[2024-09-22T15:10:44.676+0700] {logging_mixin.py:188} INFO - Fetching page 1 of 2 for price category: dibawah 40 Juta
[2024-09-22T15:10:44.920+0700] {logging_mixin.py:188} INFO - Sleeping for 2.39 seconds...
[2024-09-22T15:10:45.917+0700] {logging_mixin.py:188} INFO - Sleeping for 1.54 seconds...
[2024-09-22T15:10:46.593+0700] {logging_mixin.py:188} INFO - Sleeping for 1.70 seconds...
[2024-09-22T15:10:46.852+0700] {logging_mixin.py:188} INFO - Sleeping for 1.90 seconds...
[2024-09-22T15:10:47.314+0700] {logging_mixin.py:188} INFO - Data for price category dibawah 30 Juta written to /home/miracle/mobil/scrape/output/carmudi/2024-09-22/carmudi_dibawah 30 Juta_2024-09-22.csv
[2024-09-22T15:10:47.457+0700] {logging_mixin.py:188} INFO - Fetching page 2 of 2 for price category: dibawah 40 Juta
[2024-09-22T15:10:48.416+0700] {logging_mixin.py:188} INFO - Fetching page 2 of 2 for price category: dibawah 50 Juta
[2024-09-22T15:10:48.514+0700] {logging_mixin.py:188} INFO - Sleeping for 2.35 seconds...
[2024-09-22T15:10:48.750+0700] {logging_mixin.py:188} INFO - Fetching page 2 of 3 for price category: dibawah 60 Juta
[2024-09-22T15:10:49.566+0700] {logging_mixin.py:188} INFO - Sleeping for 2.76 seconds...
[2024-09-22T15:10:49.827+0700] {logging_mixin.py:188} INFO - Fetching page 1 of 4 for price category: dibawah 70 Juta
[2024-09-22T15:10:50.178+0700] {logging_mixin.py:188} INFO - Sleeping for 1.53 seconds...
[2024-09-22T15:10:50.866+0700] {logging_mixin.py:188} INFO - Data for price category dibawah 40 Juta written to /home/miracle/mobil/scrape/output/carmudi/2024-09-22/carmudi_dibawah 40 Juta_2024-09-22.csv
[2024-09-22T15:10:51.708+0700] {logging_mixin.py:188} INFO - Fetching page 3 of 3 for price category: dibawah 60 Juta
[2024-09-22T15:10:52.332+0700] {logging_mixin.py:188} INFO - Data for price category dibawah 50 Juta written to /home/miracle/mobil/scrape/output/carmudi/2024-09-22/carmudi_dibawah 50 Juta_2024-09-22.csv
[2024-09-22T15:10:53.426+0700] {logging_mixin.py:188} INFO - Sleeping for 1.99 seconds...
[2024-09-22T15:10:53.891+0700] {logging_mixin.py:188} INFO - Fetching page 1 of 6 for price category: dibawah 80 Juta
[2024-09-22T15:10:54.473+0700] {logging_mixin.py:188} INFO - Sleeping for 2.98 seconds...
[2024-09-22T15:10:55.423+0700] {logging_mixin.py:188} INFO - Fetching page 2 of 4 for price category: dibawah 70 Juta
[2024-09-22T15:10:55.970+0700] {logging_mixin.py:188} INFO - Fetching page 1 of 9 for price category: dibawah 90 Juta
[2024-09-22T15:10:56.449+0700] {logging_mixin.py:188} INFO - Sleeping for 2.67 seconds...
[2024-09-22T15:10:57.208+0700] {logging_mixin.py:188} INFO - Sleeping for 1.66 seconds...
[2024-09-22T15:10:57.424+0700] {logging_mixin.py:188} INFO - Sleeping for 2.89 seconds...
[2024-09-22T15:10:57.461+0700] {logging_mixin.py:188} INFO - Data for price category dibawah 60 Juta written to /home/miracle/mobil/scrape/output/carmudi/2024-09-22/carmudi_dibawah 60 Juta_2024-09-22.csv
[2024-09-22T15:10:58.871+0700] {logging_mixin.py:188} INFO - Fetching page 2 of 9 for price category: dibawah 90 Juta
[2024-09-22T15:10:59.122+0700] {logging_mixin.py:188} INFO - Fetching page 2 of 6 for price category: dibawah 80 Juta
[2024-09-22T15:11:00.380+0700] {logging_mixin.py:188} INFO - Fetching page 3 of 4 for price category: dibawah 70 Juta
[2024-09-22T15:11:00.400+0700] {logging_mixin.py:188} INFO - Sleeping for 1.63 seconds...
[2024-09-22T15:11:01.253+0700] {logging_mixin.py:188} INFO - Sleeping for 1.89 seconds...
[2024-09-22T15:11:02.032+0700] {logging_mixin.py:188} INFO - Fetching page 3 of 9 for price category: dibawah 90 Juta
[2024-09-22T15:11:02.626+0700] {logging_mixin.py:188} INFO - Sleeping for 1.73 seconds...
[2024-09-22T15:11:03.293+0700] {logging_mixin.py:188} INFO - Fetching page 3 of 6 for price category: dibawah 80 Juta
[2024-09-22T15:11:03.318+0700] {logging_mixin.py:188} INFO - Sleeping for 2.23 seconds...
[2024-09-22T15:11:04.365+0700] {logging_mixin.py:188} INFO - Fetching page 4 of 4 for price category: dibawah 70 Juta
[2024-09-22T15:11:04.426+0700] {logging_mixin.py:188} INFO - Sleeping for 2.83 seconds...
[2024-09-22T15:11:05.370+0700] {logging_mixin.py:188} INFO - Sleeping for 2.08 seconds...
[2024-09-22T15:11:05.548+0700] {logging_mixin.py:188} INFO - Fetching page 4 of 9 for price category: dibawah 90 Juta
[2024-09-22T15:11:06.872+0700] {logging_mixin.py:188} INFO - Sleeping for 2.46 seconds...
[2024-09-22T15:11:07.264+0700] {logging_mixin.py:188} INFO - Fetching page 4 of 6 for price category: dibawah 80 Juta
[2024-09-22T15:11:07.458+0700] {logging_mixin.py:188} INFO - Data for price category dibawah 70 Juta written to /home/miracle/mobil/scrape/output/carmudi/2024-09-22/carmudi_dibawah 70 Juta_2024-09-22.csv
[2024-09-22T15:11:08.353+0700] {logging_mixin.py:188} INFO - Sleeping for 2.50 seconds...
[2024-09-22T15:11:09.335+0700] {logging_mixin.py:188} INFO - Fetching page 5 of 9 for price category: dibawah 90 Juta
[2024-09-22T15:11:10.851+0700] {logging_mixin.py:188} INFO - Fetching page 5 of 6 for price category: dibawah 80 Juta
[2024-09-22T15:11:11.852+0700] {logging_mixin.py:188} INFO - Sleeping for 2.23 seconds...
[2024-09-22T15:11:13.215+0700] {logging_mixin.py:188} INFO - Sleeping for 1.90 seconds...
[2024-09-22T15:11:14.086+0700] {logging_mixin.py:188} INFO - Fetching page 6 of 9 for price category: dibawah 90 Juta
[2024-09-22T15:11:15.121+0700] {logging_mixin.py:188} INFO - Fetching page 6 of 6 for price category: dibawah 80 Juta
[2024-09-22T15:11:16.111+0700] {logging_mixin.py:188} INFO - Sleeping for 2.10 seconds...
[2024-09-22T15:11:17.059+0700] {logging_mixin.py:188} INFO - Sleeping for 1.66 seconds...
[2024-09-22T15:11:18.209+0700] {logging_mixin.py:188} INFO - Fetching page 7 of 9 for price category: dibawah 90 Juta
[2024-09-22T15:11:18.722+0700] {logging_mixin.py:188} INFO - Data for price category dibawah 80 Juta written to /home/miracle/mobil/scrape/output/carmudi/2024-09-22/carmudi_dibawah 80 Juta_2024-09-22.csv
[2024-09-22T15:11:19.644+0700] {logging_mixin.py:188} INFO - Sleeping for 2.70 seconds...
[2024-09-22T15:11:22.351+0700] {logging_mixin.py:188} INFO - Fetching page 8 of 9 for price category: dibawah 90 Juta
[2024-09-22T15:11:25.476+0700] {logging_mixin.py:188} INFO - Sleeping for 2.36 seconds...
[2024-09-22T15:11:27.836+0700] {logging_mixin.py:188} INFO - Fetching page 9 of 9 for price category: dibawah 90 Juta
[2024-09-22T15:11:29.351+0700] {logging_mixin.py:188} INFO - Sleeping for 2.78 seconds...
[2024-09-22T15:11:32.141+0700] {logging_mixin.py:188} INFO - Data for price category dibawah 90 Juta written to /home/miracle/mobil/scrape/output/carmudi/2024-09-22/carmudi_dibawah 90 Juta_2024-09-22.csv
[2024-09-22T15:11:32.143+0700] {python.py:237} INFO - Done. Returned value was: None
[2024-09-22T15:11:32.143+0700] {taskinstance.py:441} INFO - ::group::Post task execution logs
[2024-09-22T15:11:32.156+0700] {taskinstance.py:1206} INFO - Marking task as SUCCESS. dag_id=scrap_carmudi, task_id=scrape_carmudi, run_id=scheduled__2024-09-06T00:00:00+00:00, execution_date=20240906T000000, start_date=20240922T081040, end_date=20240922T081132
[2024-09-22T15:11:32.220+0700] {local_task_job_runner.py:243} INFO - Task exited with return code 0
[2024-09-22T15:11:32.245+0700] {taskinstance.py:3503} INFO - 1 downstream tasks scheduled from follow-on schedule check
[2024-09-22T15:11:32.248+0700] {local_task_job_runner.py:222} INFO - ::endgroup::
