[2024-08-31T19:17:53.434+0700] {local_task_job_runner.py:120} INFO - ::group::Pre task execution logs
[2024-08-31T19:17:53.661+0700] {taskinstance.py:2076} INFO - Dependencies all met for dep_context=non-requeueable deps ti=<TaskInstance: scrap_mobil123.scrape_mobil123 scheduled__2024-08-27T00:00:00+00:00 [queued]>
[2024-08-31T19:17:53.676+0700] {taskinstance.py:2076} INFO - Dependencies all met for dep_context=requeueable deps ti=<TaskInstance: scrap_mobil123.scrape_mobil123 scheduled__2024-08-27T00:00:00+00:00 [queued]>
[2024-08-31T19:17:53.677+0700] {taskinstance.py:2306} INFO - Starting attempt 1 of 2
[2024-08-31T19:17:53.702+0700] {taskinstance.py:2330} INFO - Executing <Task(PythonOperator): scrape_mobil123> on 2024-08-27 00:00:00+00:00
[2024-08-31T19:17:53.711+0700] {standard_task_runner.py:64} INFO - Started process 8879 to run task
[2024-08-31T19:17:53.719+0700] {standard_task_runner.py:90} INFO - Running: ['***', 'tasks', 'run', 'scrap_mobil123', 'scrape_mobil123', 'scheduled__2024-08-27T00:00:00+00:00', '--job-id', '133', '--raw', '--subdir', 'DAGS_FOLDER/mobil123/scrap_mobil123.py', '--cfg-path', '/tmp/tmpy70r637m']
[2024-08-31T19:17:53.723+0700] {standard_task_runner.py:91} INFO - Job 133: Subtask scrape_mobil123
[2024-08-31T19:17:53.830+0700] {task_command.py:426} INFO - Running <TaskInstance: scrap_mobil123.scrape_mobil123 scheduled__2024-08-27T00:00:00+00:00 [running]> on host BrightHorizons.
[2024-08-31T19:17:53.970+0700] {taskinstance.py:2648} INFO - Exporting env vars: AIRFLOW_CTX_DAG_OWNER='***' AIRFLOW_CTX_DAG_ID='scrap_mobil123' AIRFLOW_CTX_TASK_ID='scrape_mobil123' AIRFLOW_CTX_EXECUTION_DATE='2024-08-27T00:00:00+00:00' AIRFLOW_CTX_TRY_NUMBER='1' AIRFLOW_CTX_DAG_RUN_ID='scheduled__2024-08-27T00:00:00+00:00'
[2024-08-31T19:17:53.971+0700] {taskinstance.py:430} INFO - ::endgroup::
[2024-08-31T19:17:55.188+0700] {logging_mixin.py:188} INFO - Fetching page 1 of 2 for price category: dibawah 30 Juta
[2024-08-31T19:17:56.453+0700] {logging_mixin.py:188} INFO - Sleeping for 2.23 seconds...
[2024-08-31T19:17:58.682+0700] {logging_mixin.py:188} INFO - Fetching page 2 of 2 for price category: dibawah 30 Juta
[2024-08-31T19:17:59.684+0700] {logging_mixin.py:188} INFO - Sleeping for 2.88 seconds...
[2024-08-31T19:18:02.571+0700] {logging_mixin.py:188} INFO - Data for price category dibawah 30 Juta written to /home/miracle/mobil/scrape/output/mobil123/2024-08-31/mobil123_dibawah 30 Juta_2024-08-31.csv
[2024-08-31T19:18:03.633+0700] {logging_mixin.py:188} INFO - Fetching page 1 of 4 for price category: dibawah 40 Juta
[2024-08-31T19:18:05.110+0700] {logging_mixin.py:188} INFO - Sleeping for 1.74 seconds...
[2024-08-31T19:18:06.856+0700] {logging_mixin.py:188} INFO - Fetching page 2 of 4 for price category: dibawah 40 Juta
[2024-08-31T19:18:08.328+0700] {logging_mixin.py:188} INFO - Sleeping for 2.01 seconds...
[2024-08-31T19:18:10.346+0700] {logging_mixin.py:188} INFO - Fetching page 3 of 4 for price category: dibawah 40 Juta
[2024-08-31T19:18:11.561+0700] {logging_mixin.py:188} INFO - Sleeping for 2.26 seconds...
[2024-08-31T19:18:13.827+0700] {logging_mixin.py:188} INFO - Fetching page 4 of 4 for price category: dibawah 40 Juta
[2024-08-31T19:18:14.891+0700] {logging_mixin.py:188} INFO - Sleeping for 1.97 seconds...
[2024-08-31T19:18:16.861+0700] {logging_mixin.py:188} INFO - Data for price category dibawah 40 Juta written to /home/miracle/mobil/scrape/output/mobil123/2024-08-31/mobil123_dibawah 40 Juta_2024-08-31.csv
[2024-08-31T19:18:18.219+0700] {logging_mixin.py:188} INFO - Fetching page 1 of 5 for price category: dibawah 50 Juta
[2024-08-31T19:18:19.246+0700] {logging_mixin.py:188} INFO - Sleeping for 2.52 seconds...
[2024-08-31T19:18:21.765+0700] {logging_mixin.py:188} INFO - Fetching page 2 of 5 for price category: dibawah 50 Juta
[2024-08-31T19:18:23.012+0700] {logging_mixin.py:188} INFO - Sleeping for 1.66 seconds...
[2024-08-31T19:18:24.680+0700] {logging_mixin.py:188} INFO - Fetching page 3 of 5 for price category: dibawah 50 Juta
[2024-08-31T19:18:25.730+0700] {logging_mixin.py:188} INFO - Sleeping for 2.85 seconds...
[2024-08-31T19:18:28.586+0700] {logging_mixin.py:188} INFO - Fetching page 4 of 5 for price category: dibawah 50 Juta
[2024-08-31T19:18:29.796+0700] {logging_mixin.py:188} INFO - Sleeping for 2.40 seconds...
[2024-08-31T19:18:32.194+0700] {logging_mixin.py:188} INFO - Fetching page 5 of 5 for price category: dibawah 50 Juta
[2024-08-31T19:18:34.134+0700] {logging_mixin.py:188} INFO - Sleeping for 1.89 seconds...
[2024-08-31T19:18:36.028+0700] {logging_mixin.py:188} INFO - Data for price category dibawah 50 Juta written to /home/miracle/mobil/scrape/output/mobil123/2024-08-31/mobil123_dibawah 50 Juta_2024-08-31.csv
[2024-08-31T19:18:37.307+0700] {logging_mixin.py:188} INFO - Fetching page 1 of 5 for price category: dibawah 60 Juta
[2024-08-31T19:18:38.571+0700] {logging_mixin.py:188} INFO - Sleeping for 3.00 seconds...
[2024-08-31T19:18:41.574+0700] {logging_mixin.py:188} INFO - Fetching page 2 of 5 for price category: dibawah 60 Juta
[2024-08-31T19:18:42.515+0700] {logging_mixin.py:188} INFO - Sleeping for 2.38 seconds...
[2024-08-31T19:18:44.894+0700] {logging_mixin.py:188} INFO - Fetching page 3 of 5 for price category: dibawah 60 Juta
[2024-08-31T19:18:45.994+0700] {logging_mixin.py:188} INFO - Sleeping for 2.60 seconds...
[2024-08-31T19:18:48.593+0700] {logging_mixin.py:188} INFO - Fetching page 4 of 5 for price category: dibawah 60 Juta
[2024-08-31T19:18:49.761+0700] {logging_mixin.py:188} INFO - Sleeping for 2.81 seconds...
[2024-08-31T19:18:52.577+0700] {logging_mixin.py:188} INFO - Fetching page 5 of 5 for price category: dibawah 60 Juta
[2024-08-31T19:18:53.910+0700] {logging_mixin.py:188} INFO - Sleeping for 2.04 seconds...
[2024-08-31T19:18:55.949+0700] {logging_mixin.py:188} INFO - Data for price category dibawah 60 Juta written to /home/miracle/mobil/scrape/output/mobil123/2024-08-31/mobil123_dibawah 60 Juta_2024-08-31.csv
[2024-08-31T19:18:57.190+0700] {logging_mixin.py:188} INFO - Fetching page 1 of 9 for price category: dibawah 70 Juta
[2024-08-31T19:18:59.125+0700] {logging_mixin.py:188} INFO - Sleeping for 2.43 seconds...
[2024-08-31T19:19:01.560+0700] {logging_mixin.py:188} INFO - Fetching page 2 of 9 for price category: dibawah 70 Juta
[2024-08-31T19:19:03.677+0700] {logging_mixin.py:188} INFO - Sleeping for 1.93 seconds...
[2024-08-31T19:19:05.609+0700] {logging_mixin.py:188} INFO - Fetching page 3 of 9 for price category: dibawah 70 Juta
[2024-08-31T19:19:07.133+0700] {logging_mixin.py:188} INFO - Sleeping for 2.93 seconds...
[2024-08-31T19:19:10.066+0700] {logging_mixin.py:188} INFO - Fetching page 4 of 9 for price category: dibawah 70 Juta
[2024-08-31T19:19:11.284+0700] {logging_mixin.py:188} INFO - Sleeping for 2.86 seconds...
[2024-08-31T19:19:14.149+0700] {logging_mixin.py:188} INFO - Fetching page 5 of 9 for price category: dibawah 70 Juta
[2024-08-31T19:19:15.349+0700] {logging_mixin.py:188} INFO - Sleeping for 1.92 seconds...
[2024-08-31T19:19:17.267+0700] {logging_mixin.py:188} INFO - Fetching page 6 of 9 for price category: dibawah 70 Juta
[2024-08-31T19:19:18.897+0700] {logging_mixin.py:188} INFO - Sleeping for 2.72 seconds...
[2024-08-31T19:19:21.617+0700] {logging_mixin.py:188} INFO - Fetching page 7 of 9 for price category: dibawah 70 Juta
[2024-08-31T19:19:22.755+0700] {logging_mixin.py:188} INFO - Sleeping for 1.92 seconds...
[2024-08-31T19:19:24.677+0700] {logging_mixin.py:188} INFO - Fetching page 8 of 9 for price category: dibawah 70 Juta
[2024-08-31T19:19:26.276+0700] {logging_mixin.py:188} INFO - Sleeping for 2.90 seconds...
[2024-08-31T19:19:29.178+0700] {logging_mixin.py:188} INFO - Fetching page 9 of 9 for price category: dibawah 70 Juta
[2024-08-31T19:19:30.153+0700] {logging_mixin.py:188} INFO - Sleeping for 2.12 seconds...
[2024-08-31T19:19:32.272+0700] {logging_mixin.py:188} INFO - Data for price category dibawah 70 Juta written to /home/miracle/mobil/scrape/output/mobil123/2024-08-31/mobil123_dibawah 70 Juta_2024-08-31.csv
[2024-08-31T19:19:33.423+0700] {logging_mixin.py:188} INFO - Fetching page 1 of 18 for price category: dibawah 80 Juta
[2024-08-31T19:19:34.527+0700] {logging_mixin.py:188} INFO - Sleeping for 2.23 seconds...
[2024-08-31T19:19:36.761+0700] {logging_mixin.py:188} INFO - Fetching page 2 of 18 for price category: dibawah 80 Juta
[2024-08-31T19:19:37.926+0700] {logging_mixin.py:188} INFO - Sleeping for 2.72 seconds...
[2024-08-31T19:19:40.653+0700] {logging_mixin.py:188} INFO - Fetching page 3 of 18 for price category: dibawah 80 Juta
[2024-08-31T19:19:42.161+0700] {logging_mixin.py:188} INFO - Sleeping for 2.71 seconds...
[2024-08-31T19:19:44.877+0700] {logging_mixin.py:188} INFO - Fetching page 4 of 18 for price category: dibawah 80 Juta
[2024-08-31T19:19:46.135+0700] {logging_mixin.py:188} INFO - Sleeping for 2.63 seconds...
[2024-08-31T19:19:48.768+0700] {logging_mixin.py:188} INFO - Fetching page 5 of 18 for price category: dibawah 80 Juta
[2024-08-31T19:19:49.905+0700] {logging_mixin.py:188} INFO - Sleeping for 1.64 seconds...
[2024-08-31T19:19:51.552+0700] {logging_mixin.py:188} INFO - Fetching page 6 of 18 for price category: dibawah 80 Juta
[2024-08-31T19:19:52.680+0700] {logging_mixin.py:188} INFO - Sleeping for 2.67 seconds...
[2024-08-31T19:19:55.352+0700] {logging_mixin.py:188} INFO - Fetching page 7 of 18 for price category: dibawah 80 Juta
[2024-08-31T19:19:56.441+0700] {logging_mixin.py:188} INFO - Sleeping for 1.64 seconds...
[2024-08-31T19:19:58.087+0700] {logging_mixin.py:188} INFO - Fetching page 8 of 18 for price category: dibawah 80 Juta
[2024-08-31T19:19:59.230+0700] {logging_mixin.py:188} INFO - Sleeping for 2.26 seconds...
[2024-08-31T19:20:01.489+0700] {logging_mixin.py:188} INFO - Fetching page 9 of 18 for price category: dibawah 80 Juta
[2024-08-31T19:20:02.577+0700] {logging_mixin.py:188} INFO - Sleeping for 2.90 seconds...
[2024-08-31T19:20:05.484+0700] {logging_mixin.py:188} INFO - Fetching page 10 of 18 for price category: dibawah 80 Juta
[2024-08-31T19:20:06.694+0700] {logging_mixin.py:188} INFO - Sleeping for 2.98 seconds...
[2024-08-31T19:20:09.681+0700] {logging_mixin.py:188} INFO - Fetching page 11 of 18 for price category: dibawah 80 Juta
[2024-08-31T19:20:11.347+0700] {logging_mixin.py:188} INFO - Sleeping for 2.69 seconds...
[2024-08-31T19:20:14.040+0700] {logging_mixin.py:188} INFO - Fetching page 12 of 18 for price category: dibawah 80 Juta
[2024-08-31T19:20:15.065+0700] {logging_mixin.py:188} INFO - Sleeping for 2.58 seconds...
[2024-08-31T19:20:17.645+0700] {logging_mixin.py:188} INFO - Fetching page 13 of 18 for price category: dibawah 80 Juta
[2024-08-31T19:20:18.812+0700] {logging_mixin.py:188} INFO - Sleeping for 2.04 seconds...
[2024-08-31T19:20:20.851+0700] {logging_mixin.py:188} INFO - Fetching page 14 of 18 for price category: dibawah 80 Juta
[2024-08-31T19:20:21.863+0700] {logging_mixin.py:188} INFO - Sleeping for 1.77 seconds...
[2024-08-31T19:20:23.633+0700] {logging_mixin.py:188} INFO - Fetching page 15 of 18 for price category: dibawah 80 Juta
[2024-08-31T19:20:24.938+0700] {logging_mixin.py:188} INFO - Sleeping for 2.54 seconds...
[2024-08-31T19:20:27.485+0700] {logging_mixin.py:188} INFO - Fetching page 16 of 18 for price category: dibawah 80 Juta
[2024-08-31T19:20:29.086+0700] {logging_mixin.py:188} INFO - Sleeping for 2.97 seconds...
[2024-08-31T19:20:32.056+0700] {logging_mixin.py:188} INFO - Fetching page 17 of 18 for price category: dibawah 80 Juta
[2024-08-31T19:20:33.322+0700] {logging_mixin.py:188} INFO - Sleeping for 2.47 seconds...
[2024-08-31T19:20:35.791+0700] {logging_mixin.py:188} INFO - Fetching page 18 of 18 for price category: dibawah 80 Juta
[2024-08-31T19:20:37.021+0700] {logging_mixin.py:188} INFO - Sleeping for 2.79 seconds...
[2024-08-31T19:20:39.820+0700] {logging_mixin.py:188} INFO - Data for price category dibawah 80 Juta written to /home/miracle/mobil/scrape/output/mobil123/2024-08-31/mobil123_dibawah 80 Juta_2024-08-31.csv
[2024-08-31T19:20:40.891+0700] {logging_mixin.py:188} INFO - Fetching page 1 of 32 for price category: dibawah 90 Juta
[2024-08-31T19:20:42.186+0700] {logging_mixin.py:188} INFO - Sleeping for 2.66 seconds...
[2024-08-31T19:20:44.846+0700] {logging_mixin.py:188} INFO - Fetching page 2 of 32 for price category: dibawah 90 Juta
[2024-08-31T19:20:46.330+0700] {logging_mixin.py:188} INFO - Sleeping for 2.87 seconds...
[2024-08-31T19:20:49.199+0700] {logging_mixin.py:188} INFO - Fetching page 3 of 32 for price category: dibawah 90 Juta
[2024-08-31T19:20:50.294+0700] {logging_mixin.py:188} INFO - Sleeping for 2.09 seconds...
[2024-08-31T19:20:52.389+0700] {logging_mixin.py:188} INFO - Fetching page 4 of 32 for price category: dibawah 90 Juta
[2024-08-31T19:20:53.519+0700] {logging_mixin.py:188} INFO - Sleeping for 1.81 seconds...
[2024-08-31T19:20:55.331+0700] {logging_mixin.py:188} INFO - Fetching page 5 of 32 for price category: dibawah 90 Juta
[2024-08-31T19:20:56.610+0700] {logging_mixin.py:188} INFO - Sleeping for 1.92 seconds...
[2024-08-31T19:20:58.536+0700] {logging_mixin.py:188} INFO - Fetching page 6 of 32 for price category: dibawah 90 Juta
[2024-08-31T19:20:59.715+0700] {logging_mixin.py:188} INFO - Sleeping for 2.72 seconds...
[2024-08-31T19:21:02.444+0700] {logging_mixin.py:188} INFO - Fetching page 7 of 32 for price category: dibawah 90 Juta
[2024-08-31T19:21:03.793+0700] {logging_mixin.py:188} INFO - Sleeping for 1.88 seconds...
[2024-08-31T19:21:05.674+0700] {logging_mixin.py:188} INFO - Fetching page 8 of 32 for price category: dibawah 90 Juta
[2024-08-31T19:21:06.831+0700] {logging_mixin.py:188} INFO - Sleeping for 2.57 seconds...
[2024-08-31T19:21:09.402+0700] {logging_mixin.py:188} INFO - Fetching page 9 of 32 for price category: dibawah 90 Juta
[2024-08-31T19:21:10.511+0700] {logging_mixin.py:188} INFO - Sleeping for 2.35 seconds...
[2024-08-31T19:21:12.860+0700] {logging_mixin.py:188} INFO - Fetching page 10 of 32 for price category: dibawah 90 Juta
[2024-08-31T19:21:14.272+0700] {logging_mixin.py:188} INFO - Sleeping for 2.35 seconds...
[2024-08-31T19:21:16.620+0700] {logging_mixin.py:188} INFO - Fetching page 11 of 32 for price category: dibawah 90 Juta
[2024-08-31T19:21:17.820+0700] {logging_mixin.py:188} INFO - Sleeping for 1.91 seconds...
[2024-08-31T19:21:19.730+0700] {logging_mixin.py:188} INFO - Fetching page 12 of 32 for price category: dibawah 90 Juta
[2024-08-31T19:21:20.742+0700] {logging_mixin.py:188} INFO - Sleeping for 1.57 seconds...
[2024-08-31T19:21:22.312+0700] {logging_mixin.py:188} INFO - Fetching page 13 of 32 for price category: dibawah 90 Juta
[2024-08-31T19:21:23.396+0700] {logging_mixin.py:188} INFO - Sleeping for 2.93 seconds...
[2024-08-31T19:21:26.328+0700] {logging_mixin.py:188} INFO - Fetching page 14 of 32 for price category: dibawah 90 Juta
[2024-08-31T19:21:27.505+0700] {logging_mixin.py:188} INFO - Sleeping for 2.91 seconds...
[2024-08-31T19:21:30.418+0700] {logging_mixin.py:188} INFO - Fetching page 15 of 32 for price category: dibawah 90 Juta
[2024-08-31T19:21:31.400+0700] {logging_mixin.py:188} INFO - Sleeping for 1.79 seconds...
[2024-08-31T19:21:33.192+0700] {logging_mixin.py:188} INFO - Fetching page 16 of 32 for price category: dibawah 90 Juta
[2024-08-31T19:21:34.395+0700] {logging_mixin.py:188} INFO - Sleeping for 1.69 seconds...
[2024-08-31T19:21:36.087+0700] {logging_mixin.py:188} INFO - Fetching page 17 of 32 for price category: dibawah 90 Juta
[2024-08-31T19:21:37.196+0700] {logging_mixin.py:188} INFO - Sleeping for 2.78 seconds...
[2024-08-31T19:21:39.978+0700] {logging_mixin.py:188} INFO - Fetching page 18 of 32 for price category: dibawah 90 Juta
[2024-08-31T19:21:41.097+0700] {logging_mixin.py:188} INFO - Sleeping for 2.94 seconds...
[2024-08-31T19:21:44.038+0700] {logging_mixin.py:188} INFO - Fetching page 19 of 32 for price category: dibawah 90 Juta
[2024-08-31T19:21:45.186+0700] {logging_mixin.py:188} INFO - Sleeping for 2.35 seconds...
[2024-08-31T19:21:47.539+0700] {logging_mixin.py:188} INFO - Fetching page 20 of 32 for price category: dibawah 90 Juta
[2024-08-31T19:21:48.530+0700] {logging_mixin.py:188} INFO - Sleeping for 2.60 seconds...
[2024-08-31T19:21:51.132+0700] {logging_mixin.py:188} INFO - Fetching page 21 of 32 for price category: dibawah 90 Juta
[2024-08-31T19:21:52.174+0700] {logging_mixin.py:188} INFO - Sleeping for 2.01 seconds...
[2024-08-31T19:21:54.186+0700] {logging_mixin.py:188} INFO - Fetching page 22 of 32 for price category: dibawah 90 Juta
[2024-08-31T19:21:55.170+0700] {logging_mixin.py:188} INFO - Sleeping for 2.36 seconds...
[2024-08-31T19:21:57.533+0700] {logging_mixin.py:188} INFO - Fetching page 23 of 32 for price category: dibawah 90 Juta
[2024-08-31T19:21:58.560+0700] {logging_mixin.py:188} INFO - Sleeping for 1.61 seconds...
[2024-08-31T19:22:00.173+0700] {logging_mixin.py:188} INFO - Fetching page 24 of 32 for price category: dibawah 90 Juta
[2024-08-31T19:22:01.303+0700] {logging_mixin.py:188} INFO - Sleeping for 1.50 seconds...
[2024-08-31T19:22:02.807+0700] {logging_mixin.py:188} INFO - Fetching page 25 of 32 for price category: dibawah 90 Juta
[2024-08-31T19:22:03.993+0700] {logging_mixin.py:188} INFO - Sleeping for 2.28 seconds...
[2024-08-31T19:22:06.277+0700] {logging_mixin.py:188} INFO - Fetching page 26 of 32 for price category: dibawah 90 Juta
[2024-08-31T19:22:08.168+0700] {logging_mixin.py:188} INFO - Sleeping for 2.74 seconds...
[2024-08-31T19:22:10.916+0700] {logging_mixin.py:188} INFO - Fetching page 27 of 32 for price category: dibawah 90 Juta
[2024-08-31T19:22:12.287+0700] {logging_mixin.py:188} INFO - Sleeping for 1.95 seconds...
[2024-08-31T19:22:14.237+0700] {logging_mixin.py:188} INFO - Fetching page 28 of 32 for price category: dibawah 90 Juta
[2024-08-31T19:22:15.456+0700] {logging_mixin.py:188} INFO - Sleeping for 1.64 seconds...
[2024-08-31T19:22:17.101+0700] {logging_mixin.py:188} INFO - Fetching page 29 of 32 for price category: dibawah 90 Juta
[2024-08-31T19:22:18.284+0700] {logging_mixin.py:188} INFO - Sleeping for 2.39 seconds...
[2024-08-31T19:22:20.681+0700] {logging_mixin.py:188} INFO - Fetching page 30 of 32 for price category: dibawah 90 Juta
[2024-08-31T19:22:22.380+0700] {logging_mixin.py:188} INFO - Sleeping for 1.63 seconds...
[2024-08-31T19:22:24.014+0700] {logging_mixin.py:188} INFO - Fetching page 31 of 32 for price category: dibawah 90 Juta
[2024-08-31T19:22:25.041+0700] {logging_mixin.py:188} INFO - Sleeping for 1.98 seconds...
[2024-08-31T19:22:27.022+0700] {logging_mixin.py:188} INFO - Fetching page 32 of 32 for price category: dibawah 90 Juta
[2024-08-31T19:22:28.125+0700] {logging_mixin.py:188} INFO - Sleeping for 2.25 seconds...
[2024-08-31T19:22:30.388+0700] {logging_mixin.py:188} INFO - Data for price category dibawah 90 Juta written to /home/miracle/mobil/scrape/output/mobil123/2024-08-31/mobil123_dibawah 90 Juta_2024-08-31.csv
[2024-08-31T19:22:30.392+0700] {python.py:237} INFO - Done. Returned value was: None
[2024-08-31T19:22:30.393+0700] {taskinstance.py:441} INFO - ::group::Post task execution logs
[2024-08-31T19:22:30.410+0700] {taskinstance.py:1206} INFO - Marking task as SUCCESS. dag_id=scrap_mobil123, task_id=scrape_mobil123, run_id=scheduled__2024-08-27T00:00:00+00:00, execution_date=20240827T000000, start_date=20240831T121753, end_date=20240831T122230
[2024-08-31T19:22:30.458+0700] {local_task_job_runner.py:243} INFO - Task exited with return code 0
[2024-08-31T19:22:30.488+0700] {taskinstance.py:3503} INFO - 1 downstream tasks scheduled from follow-on schedule check
[2024-08-31T19:22:30.492+0700] {local_task_job_runner.py:222} INFO - ::endgroup::
