[2024-08-19T22:28:23.875+0700] {local_task_job_runner.py:120} INFO - ::group::Pre task execution logs
[2024-08-19T22:28:24.015+0700] {taskinstance.py:2076} INFO - Dependencies all met for dep_context=non-requeueable deps ti=<TaskInstance: scrap_to_dag.scrape_oto scheduled__2024-08-16T00:00:00+00:00 [queued]>
[2024-08-19T22:28:24.026+0700] {taskinstance.py:2076} INFO - Dependencies all met for dep_context=requeueable deps ti=<TaskInstance: scrap_to_dag.scrape_oto scheduled__2024-08-16T00:00:00+00:00 [queued]>
[2024-08-19T22:28:24.027+0700] {taskinstance.py:2306} INFO - Starting attempt 1 of 2
[2024-08-19T22:28:24.045+0700] {taskinstance.py:2330} INFO - Executing <Task(PythonOperator): scrape_oto> on 2024-08-16 00:00:00+00:00
[2024-08-19T22:28:24.050+0700] {standard_task_runner.py:64} INFO - Started process 22254 to run task
[2024-08-19T22:28:24.054+0700] {standard_task_runner.py:90} INFO - Running: ['***', 'tasks', 'run', 'scrap_to_dag', 'scrape_oto', 'scheduled__2024-08-16T00:00:00+00:00', '--job-id', '37', '--raw', '--subdir', 'DAGS_FOLDER/oto/scrap_oto.py', '--cfg-path', '/tmp/tmp29vlwz4s']
[2024-08-19T22:28:24.056+0700] {standard_task_runner.py:91} INFO - Job 37: Subtask scrape_oto
[2024-08-19T22:28:24.132+0700] {task_command.py:426} INFO - Running <TaskInstance: scrap_to_dag.scrape_oto scheduled__2024-08-16T00:00:00+00:00 [running]> on host BrightHorizons.
[2024-08-19T22:28:24.266+0700] {taskinstance.py:2648} INFO - Exporting env vars: AIRFLOW_CTX_DAG_OWNER='***' AIRFLOW_CTX_DAG_ID='scrap_to_dag' AIRFLOW_CTX_TASK_ID='scrape_oto' AIRFLOW_CTX_EXECUTION_DATE='2024-08-16T00:00:00+00:00' AIRFLOW_CTX_TRY_NUMBER='1' AIRFLOW_CTX_DAG_RUN_ID='scheduled__2024-08-16T00:00:00+00:00'
[2024-08-19T22:28:24.267+0700] {taskinstance.py:430} INFO - ::endgroup::
[2024-08-19T22:28:24.280+0700] {logging_mixin.py:188} INFO - Fetching data for price category: dibawah-30-juta on date: 2024-08-19
[2024-08-19T22:28:24.713+0700] {logging_mixin.py:188} INFO - Fetching page 1 of 5 for price category: dibawah-30-juta
[2024-08-19T22:28:28.541+0700] {logging_mixin.py:188} INFO - Fetching page 2 of 5 for price category: dibawah-30-juta
[2024-08-19T22:28:30.584+0700] {logging_mixin.py:188} INFO - Fetching page 3 of 5 for price category: dibawah-30-juta
[2024-08-19T22:28:33.922+0700] {logging_mixin.py:188} INFO - Fetching page 4 of 5 for price category: dibawah-30-juta
[2024-08-19T22:28:35.434+0700] {logging_mixin.py:188} INFO - Fetching page 5 of 5 for price category: dibawah-30-juta
[2024-08-19T22:28:38.581+0700] {logging_mixin.py:188} INFO - Data for price category dibawah-30-juta written to /home/miracle/mobil/scrape/output/oto/2024-08-19/oto_car_dibawah_30_juta_2024-08-19.csv
[2024-08-19T22:28:38.582+0700] {logging_mixin.py:188} INFO - Fetching data for price category: dibawah-40-juta on date: 2024-08-19
[2024-08-19T22:28:38.860+0700] {logging_mixin.py:188} INFO - Fetching page 1 of 17 for price category: dibawah-40-juta
[2024-08-19T22:28:42.755+0700] {logging_mixin.py:188} INFO - Fetching page 2 of 17 for price category: dibawah-40-juta
[2024-08-19T22:28:44.845+0700] {logging_mixin.py:188} INFO - Fetching page 3 of 17 for price category: dibawah-40-juta
[2024-08-19T22:28:47.592+0700] {logging_mixin.py:188} INFO - Fetching page 4 of 17 for price category: dibawah-40-juta
[2024-08-19T22:28:49.946+0700] {logging_mixin.py:188} INFO - Fetching page 5 of 17 for price category: dibawah-40-juta
[2024-08-19T22:28:54.673+0700] {logging_mixin.py:188} INFO - Fetching page 6 of 17 for price category: dibawah-40-juta
[2024-08-19T22:28:56.289+0700] {logging_mixin.py:188} INFO - Fetching page 7 of 17 for price category: dibawah-40-juta
[2024-08-19T22:29:01.076+0700] {logging_mixin.py:188} INFO - Fetching page 8 of 17 for price category: dibawah-40-juta
[2024-08-19T22:29:04.728+0700] {logging_mixin.py:188} INFO - Fetching page 9 of 17 for price category: dibawah-40-juta
[2024-08-19T22:29:09.399+0700] {logging_mixin.py:188} INFO - Fetching page 10 of 17 for price category: dibawah-40-juta
[2024-08-19T22:29:14.426+0700] {logging_mixin.py:188} INFO - Fetching page 11 of 17 for price category: dibawah-40-juta
[2024-08-19T22:29:17.188+0700] {logging_mixin.py:188} INFO - Fetching page 12 of 17 for price category: dibawah-40-juta
[2024-08-19T22:29:22.196+0700] {logging_mixin.py:188} INFO - Fetching page 13 of 17 for price category: dibawah-40-juta
[2024-08-19T22:29:24.485+0700] {logging_mixin.py:188} INFO - Fetching page 14 of 17 for price category: dibawah-40-juta
[2024-08-19T22:29:24.619+0700] {local_task_job_runner.py:313} WARNING - State of this instance has been externally set to success. Terminating instance.
[2024-08-19T22:29:24.620+0700] {local_task_job_runner.py:222} INFO - ::endgroup::
[2024-08-19T22:29:24.626+0700] {process_utils.py:132} INFO - Sending 15 to group 22254. PIDs of all processes in the group: [22254]
[2024-08-19T22:29:24.627+0700] {process_utils.py:87} INFO - Sending the signal 15 to group 22254
[2024-08-19T22:29:24.627+0700] {taskinstance.py:2611} ERROR - Received SIGTERM. Terminating subprocesses.
[2024-08-19T22:29:24.628+0700] {taskinstance.py:441} INFO - ::group::Post task execution logs
[2024-08-19T22:29:24.721+0700] {process_utils.py:80} INFO - Process psutil.Process(pid=22254, status='terminated', exitcode=0, started='22:28:23') (22254) terminated with exit code 0
