[2024-08-26T00:19:46.686+0700] {local_task_job_runner.py:120} INFO - ::group::Pre task execution logs
[2024-08-26T00:19:46.879+0700] {taskinstance.py:2076} INFO - Dependencies all met for dep_context=non-requeueable deps ti=<TaskInstance: scrap_mobil123.scrape_mobil123 scheduled__2024-08-22T00:00:00+00:00 [queued]>
[2024-08-26T00:19:46.892+0700] {taskinstance.py:2076} INFO - Dependencies all met for dep_context=requeueable deps ti=<TaskInstance: scrap_mobil123.scrape_mobil123 scheduled__2024-08-22T00:00:00+00:00 [queued]>
[2024-08-26T00:19:46.893+0700] {taskinstance.py:2306} INFO - Starting attempt 1 of 2
[2024-08-26T00:19:46.910+0700] {taskinstance.py:2330} INFO - Executing <Task(PythonOperator): scrape_mobil123> on 2024-08-22 00:00:00+00:00
[2024-08-26T00:19:46.915+0700] {standard_task_runner.py:64} INFO - Started process 16667 to run task
[2024-08-26T00:19:46.919+0700] {standard_task_runner.py:90} INFO - Running: ['***', 'tasks', 'run', 'scrap_mobil123', 'scrape_mobil123', 'scheduled__2024-08-22T00:00:00+00:00', '--job-id', '119', '--raw', '--subdir', 'DAGS_FOLDER/mobil123/scrap_mobil123.py', '--cfg-path', '/tmp/tmpp84ij6_y']
[2024-08-26T00:19:46.922+0700] {standard_task_runner.py:91} INFO - Job 119: Subtask scrape_mobil123
[2024-08-26T00:19:46.981+0700] {task_command.py:426} INFO - Running <TaskInstance: scrap_mobil123.scrape_mobil123 scheduled__2024-08-22T00:00:00+00:00 [running]> on host BrightHorizons.
[2024-08-26T00:19:47.085+0700] {taskinstance.py:2648} INFO - Exporting env vars: AIRFLOW_CTX_DAG_OWNER='***' AIRFLOW_CTX_DAG_ID='scrap_mobil123' AIRFLOW_CTX_TASK_ID='scrape_mobil123' AIRFLOW_CTX_EXECUTION_DATE='2024-08-22T00:00:00+00:00' AIRFLOW_CTX_TRY_NUMBER='1' AIRFLOW_CTX_DAG_RUN_ID='scheduled__2024-08-22T00:00:00+00:00'
[2024-08-26T00:19:47.086+0700] {taskinstance.py:430} INFO - ::endgroup::
[2024-08-26T00:19:48.010+0700] {logging_mixin.py:188} INFO - Fetching page 1 of 2 for price category: dibawah 30 Juta
[2024-08-26T00:19:48.983+0700] {logging_mixin.py:188} INFO - Sleeping for 1.70 seconds...
[2024-08-26T00:19:50.687+0700] {logging_mixin.py:188} INFO - Fetching page 2 of 2 for price category: dibawah 30 Juta
[2024-08-26T00:19:51.500+0700] {logging_mixin.py:188} INFO - Sleeping for 2.89 seconds...
[2024-08-26T00:19:54.397+0700] {logging_mixin.py:188} INFO - Data for price category dibawah 30 Juta written to /home/miracle/mobil/scrape/output/mobil123/2024-08-26/mobil123_dibawah 30 Juta_2024-08-26.csv
[2024-08-26T00:19:55.472+0700] {logging_mixin.py:188} INFO - Fetching page 1 of 3 for price category: dibawah 40 Juta
[2024-08-26T00:19:56.619+0700] {logging_mixin.py:188} INFO - Sleeping for 1.97 seconds...
[2024-08-26T00:19:58.596+0700] {logging_mixin.py:188} INFO - Fetching page 2 of 3 for price category: dibawah 40 Juta
[2024-08-26T00:19:59.568+0700] {logging_mixin.py:188} INFO - Sleeping for 2.04 seconds...
[2024-08-26T00:20:01.611+0700] {logging_mixin.py:188} INFO - Fetching page 3 of 3 for price category: dibawah 40 Juta
[2024-08-26T00:20:02.475+0700] {logging_mixin.py:188} INFO - Sleeping for 2.86 seconds...
[2024-08-26T00:20:05.336+0700] {logging_mixin.py:188} INFO - Data for price category dibawah 40 Juta written to /home/miracle/mobil/scrape/output/mobil123/2024-08-26/mobil123_dibawah 40 Juta_2024-08-26.csv
[2024-08-26T00:20:06.385+0700] {logging_mixin.py:188} INFO - Fetching page 1 of 5 for price category: dibawah 50 Juta
[2024-08-26T00:20:07.438+0700] {logging_mixin.py:188} INFO - Sleeping for 2.00 seconds...
[2024-08-26T00:20:09.445+0700] {logging_mixin.py:188} INFO - Fetching page 2 of 5 for price category: dibawah 50 Juta
[2024-08-26T00:20:10.379+0700] {logging_mixin.py:188} INFO - Sleeping for 1.84 seconds...
[2024-08-26T00:20:12.218+0700] {logging_mixin.py:188} INFO - Fetching page 3 of 5 for price category: dibawah 50 Juta
[2024-08-26T00:20:13.145+0700] {logging_mixin.py:188} INFO - Sleeping for 2.88 seconds...
[2024-08-26T00:20:16.027+0700] {logging_mixin.py:188} INFO - Fetching page 4 of 5 for price category: dibawah 50 Juta
[2024-08-26T00:20:16.907+0700] {logging_mixin.py:188} INFO - Sleeping for 2.98 seconds...
[2024-08-26T00:20:19.888+0700] {logging_mixin.py:188} INFO - Fetching page 5 of 5 for price category: dibawah 50 Juta
[2024-08-26T00:20:20.464+0700] {logging_mixin.py:188} INFO - Sleeping for 2.16 seconds...
[2024-08-26T00:20:22.628+0700] {taskinstance.py:441} INFO - ::group::Post task execution logs
[2024-08-26T00:20:22.628+0700] {taskinstance.py:2905} ERROR - Task failed with exception
Traceback (most recent call last):
  File "/usr/local/lib/python3.10/dist-packages/airflow/models/taskinstance.py", line 465, in _execute_task
    result = _execute_callable(context=context, **execute_callable_kwargs)
  File "/usr/local/lib/python3.10/dist-packages/airflow/models/taskinstance.py", line 432, in _execute_callable
    return execute_callable(context=context, **execute_callable_kwargs)
  File "/usr/local/lib/python3.10/dist-packages/airflow/models/baseoperator.py", line 401, in wrapper
    return func(self, *args, **kwargs)
  File "/usr/local/lib/python3.10/dist-packages/airflow/operators/python.py", line 235, in execute
    return_value = self.execute_callable()
  File "/usr/local/lib/python3.10/dist-packages/airflow/operators/python.py", line 252, in execute_callable
    return self.python_callable(*self.op_args, **self.op_kwargs)
  File "/home/miracle/mobil/scrape/script/mobil123/mobil123_scrape.py", line 191, in mobil123_scrape
    with open(
FileNotFoundError: [Errno 2] No such file or directory: '/home/miracle/mobil/scrape/output/mobil123/2024-08-26/mobil123_dibawah 50 Juta_2024-08-26.csv'
[2024-08-26T00:20:22.640+0700] {taskinstance.py:1206} INFO - Marking task as UP_FOR_RETRY. dag_id=scrap_mobil123, task_id=scrape_mobil123, run_id=scheduled__2024-08-22T00:00:00+00:00, execution_date=20240822T000000, start_date=20240825T171946, end_date=20240825T172022
[2024-08-26T00:20:22.653+0700] {standard_task_runner.py:110} ERROR - Failed to execute job 119 for task scrape_mobil123 ([Errno 2] No such file or directory: '/home/miracle/mobil/scrape/output/mobil123/2024-08-26/mobil123_dibawah 50 Juta_2024-08-26.csv'; 16667)
[2024-08-26T00:20:22.682+0700] {local_task_job_runner.py:243} INFO - Task exited with return code 1
[2024-08-26T00:20:22.703+0700] {taskinstance.py:3503} INFO - 0 downstream tasks scheduled from follow-on schedule check
[2024-08-26T00:20:22.705+0700] {local_task_job_runner.py:222} INFO - ::endgroup::
