[2024-08-26T00:17:53.188+0700] {local_task_job_runner.py:120} INFO - ::group::Pre task execution logs
[2024-08-26T00:17:53.355+0700] {taskinstance.py:2076} INFO - Dependencies all met for dep_context=non-requeueable deps ti=<TaskInstance: scrap_mobil123.scrape_mobil123 scheduled__2024-08-11T00:00:00+00:00 [queued]>
[2024-08-26T00:17:53.366+0700] {taskinstance.py:2076} INFO - Dependencies all met for dep_context=requeueable deps ti=<TaskInstance: scrap_mobil123.scrape_mobil123 scheduled__2024-08-11T00:00:00+00:00 [queued]>
[2024-08-26T00:17:53.367+0700] {taskinstance.py:2306} INFO - Starting attempt 1 of 2
[2024-08-26T00:17:53.490+0700] {taskinstance.py:2330} INFO - Executing <Task(PythonOperator): scrape_mobil123> on 2024-08-11 00:00:00+00:00
[2024-08-26T00:17:53.495+0700] {standard_task_runner.py:64} INFO - Started process 15471 to run task
[2024-08-26T00:17:53.499+0700] {standard_task_runner.py:90} INFO - Running: ['***', 'tasks', 'run', 'scrap_mobil123', 'scrape_mobil123', 'scheduled__2024-08-11T00:00:00+00:00', '--job-id', '108', '--raw', '--subdir', 'DAGS_FOLDER/mobil123/scrap_mobil123.py', '--cfg-path', '/tmp/tmp97bpuvs0']
[2024-08-26T00:17:53.502+0700] {standard_task_runner.py:91} INFO - Job 108: Subtask scrape_mobil123
[2024-08-26T00:17:53.587+0700] {task_command.py:426} INFO - Running <TaskInstance: scrap_mobil123.scrape_mobil123 scheduled__2024-08-11T00:00:00+00:00 [running]> on host BrightHorizons.
[2024-08-26T00:17:53.710+0700] {taskinstance.py:2648} INFO - Exporting env vars: AIRFLOW_CTX_DAG_OWNER='***' AIRFLOW_CTX_DAG_ID='scrap_mobil123' AIRFLOW_CTX_TASK_ID='scrape_mobil123' AIRFLOW_CTX_EXECUTION_DATE='2024-08-11T00:00:00+00:00' AIRFLOW_CTX_TRY_NUMBER='1' AIRFLOW_CTX_DAG_RUN_ID='scheduled__2024-08-11T00:00:00+00:00'
[2024-08-26T00:17:53.711+0700] {taskinstance.py:430} INFO - ::endgroup::
[2024-08-26T00:17:54.832+0700] {logging_mixin.py:188} INFO - Fetching page 1 of 2 for price category: dibawah 30 Juta
[2024-08-26T00:17:56.109+0700] {logging_mixin.py:188} INFO - Sleeping for 2.60 seconds...
[2024-08-26T00:17:58.711+0700] {logging_mixin.py:188} INFO - Fetching page 2 of 2 for price category: dibawah 30 Juta
[2024-08-26T00:17:59.707+0700] {logging_mixin.py:188} INFO - Sleeping for 2.73 seconds...
[2024-08-26T00:18:02.440+0700] {logging_mixin.py:188} INFO - Data for price category dibawah 30 Juta written to /home/miracle/mobil/scrape/output/mobil123/2024-08-26/mobil123_dibawah 30 Juta_2024-08-26.csv
[2024-08-26T00:18:03.902+0700] {logging_mixin.py:188} INFO - Fetching page 1 of 3 for price category: dibawah 40 Juta
[2024-08-26T00:18:04.985+0700] {logging_mixin.py:188} INFO - Sleeping for 1.71 seconds...
[2024-08-26T00:18:06.702+0700] {logging_mixin.py:188} INFO - Fetching page 2 of 3 for price category: dibawah 40 Juta
[2024-08-26T00:18:08.324+0700] {logging_mixin.py:188} INFO - Sleeping for 2.34 seconds...
[2024-08-26T00:18:10.669+0700] {logging_mixin.py:188} INFO - Fetching page 3 of 3 for price category: dibawah 40 Juta
[2024-08-26T00:18:11.649+0700] {logging_mixin.py:188} INFO - Sleeping for 2.21 seconds...
[2024-08-26T00:18:13.864+0700] {logging_mixin.py:188} INFO - Data for price category dibawah 40 Juta written to /home/miracle/mobil/scrape/output/mobil123/2024-08-26/mobil123_dibawah 40 Juta_2024-08-26.csv
[2024-08-26T00:18:15.036+0700] {logging_mixin.py:188} INFO - Fetching page 1 of 5 for price category: dibawah 50 Juta
[2024-08-26T00:18:16.577+0700] {logging_mixin.py:188} INFO - Sleeping for 2.08 seconds...
[2024-08-26T00:18:18.663+0700] {logging_mixin.py:188} INFO - Fetching page 2 of 5 for price category: dibawah 50 Juta
[2024-08-26T00:18:20.609+0700] {logging_mixin.py:188} INFO - Sleeping for 1.57 seconds...
[2024-08-26T00:18:22.186+0700] {logging_mixin.py:188} INFO - Fetching page 3 of 5 for price category: dibawah 50 Juta
[2024-08-26T00:18:24.994+0700] {logging_mixin.py:188} INFO - Sleeping for 1.64 seconds...
[2024-08-26T00:18:26.640+0700] {logging_mixin.py:188} INFO - Fetching page 4 of 5 for price category: dibawah 50 Juta
[2024-08-26T00:18:28.943+0700] {logging_mixin.py:188} INFO - Sleeping for 2.07 seconds...
[2024-08-26T00:18:31.021+0700] {logging_mixin.py:188} INFO - Fetching page 5 of 5 for price category: dibawah 50 Juta
[2024-08-26T00:18:31.759+0700] {logging_mixin.py:188} INFO - Sleeping for 2.87 seconds...
[2024-08-26T00:18:34.629+0700] {logging_mixin.py:188} INFO - Data for price category dibawah 50 Juta written to /home/miracle/mobil/scrape/output/mobil123/2024-08-26/mobil123_dibawah 50 Juta_2024-08-26.csv
[2024-08-26T00:18:37.126+0700] {logging_mixin.py:188} INFO - Fetching page 1 of 5 for price category: dibawah 60 Juta
[2024-08-26T00:18:38.794+0700] {logging_mixin.py:188} INFO - Sleeping for 2.32 seconds...
[2024-08-26T00:18:41.119+0700] {logging_mixin.py:188} INFO - Fetching page 2 of 5 for price category: dibawah 60 Juta
[2024-08-26T00:18:42.009+0700] {logging_mixin.py:188} INFO - Sleeping for 1.72 seconds...
[2024-08-26T00:18:43.736+0700] {logging_mixin.py:188} INFO - Fetching page 3 of 5 for price category: dibawah 60 Juta
[2024-08-26T00:18:44.969+0700] {logging_mixin.py:188} INFO - Sleeping for 2.87 seconds...
[2024-08-26T00:18:47.838+0700] {logging_mixin.py:188} INFO - Fetching page 4 of 5 for price category: dibawah 60 Juta
[2024-08-26T00:18:48.840+0700] {logging_mixin.py:188} INFO - Sleeping for 1.75 seconds...
[2024-08-26T00:18:50.592+0700] {logging_mixin.py:188} INFO - Fetching page 5 of 5 for price category: dibawah 60 Juta
[2024-08-26T00:18:51.736+0700] {logging_mixin.py:188} INFO - Sleeping for 1.98 seconds...
[2024-08-26T00:18:53.718+0700] {logging_mixin.py:188} INFO - Data for price category dibawah 60 Juta written to /home/miracle/mobil/scrape/output/mobil123/2024-08-26/mobil123_dibawah 60 Juta_2024-08-26.csv
[2024-08-26T00:18:54.610+0700] {logging_mixin.py:188} INFO - Fetching page 1 of 9 for price category: dibawah 70 Juta
[2024-08-26T00:18:55.632+0700] {logging_mixin.py:188} INFO - Sleeping for 1.98 seconds...
[2024-08-26T00:18:57.615+0700] {logging_mixin.py:188} INFO - Fetching page 2 of 9 for price category: dibawah 70 Juta
[2024-08-26T00:18:58.895+0700] {logging_mixin.py:188} INFO - Sleeping for 2.49 seconds...
[2024-08-26T00:19:01.388+0700] {logging_mixin.py:188} INFO - Fetching page 3 of 9 for price category: dibawah 70 Juta
[2024-08-26T00:19:02.848+0700] {logging_mixin.py:188} INFO - Sleeping for 3.00 seconds...
[2024-08-26T00:19:05.851+0700] {logging_mixin.py:188} INFO - Fetching page 4 of 9 for price category: dibawah 70 Juta
[2024-08-26T00:19:06.671+0700] {logging_mixin.py:188} INFO - Sleeping for 1.97 seconds...
[2024-08-26T00:19:08.642+0700] {logging_mixin.py:188} INFO - Fetching page 5 of 9 for price category: dibawah 70 Juta
[2024-08-26T00:19:09.684+0700] {logging_mixin.py:188} INFO - Sleeping for 2.69 seconds...
[2024-08-26T00:19:12.379+0700] {logging_mixin.py:188} INFO - Fetching page 6 of 9 for price category: dibawah 70 Juta
[2024-08-26T00:19:13.362+0700] {logging_mixin.py:188} INFO - Sleeping for 1.78 seconds...
[2024-08-26T00:19:14.384+0700] {local_task_job_runner.py:313} WARNING - State of this instance has been externally set to success. Terminating instance.
[2024-08-26T00:19:14.385+0700] {local_task_job_runner.py:222} INFO - ::endgroup::
[2024-08-26T00:19:14.388+0700] {process_utils.py:132} INFO - Sending 15 to group 15471. PIDs of all processes in the group: [15471]
[2024-08-26T00:19:14.388+0700] {process_utils.py:87} INFO - Sending the signal 15 to group 15471
[2024-08-26T00:19:14.389+0700] {taskinstance.py:2611} ERROR - Received SIGTERM. Terminating subprocesses.
[2024-08-26T00:19:14.389+0700] {taskinstance.py:441} INFO - ::group::Post task execution logs
[2024-08-26T00:19:14.441+0700] {process_utils.py:80} INFO - Process psutil.Process(pid=15471, status='terminated', exitcode=0, started='00:17:53') (15471) terminated with exit code 0
